
================== ASTRAL ===================== 

This is ASTRAL version 5.7.8
Gene trees are treated as unrooted
792 trees read from tmp_quartet_IWkna3u1ZriUD.txt
index0
All output trees will be *arbitrarily* rooted at t4
201 extra trees read from tmp_bipartitions_IWkna3u1ZriUD.bootstrap.trees

======== Running the main analysis
Number of taxa: 10 (10 species)
Taxa: [t4, t6, t1, t2, t7, t9, t5, t3, t8, t10]
Taxon occupancy: {t4=384, t5=242, t6=234, t10=314, t7=235, t8=245, t9=342, t1=492, t2=499, t3=181}
Number of gene trees: 792
792 trees have missing taxa
Calculating quartet distance matrix (for completion of X)
Species tree distances calculated ...
Will attempt to complete bipartitions from X before adding using a distance matrix.
Building set of clusters (X) from gene trees 
------------------------------
gradient0: 47
Number of Clusters after addition by distance: 47
calculating extra bipartitions to be added at level 1 ...
Adding to X using resolutions of greedy consensus ...
Limit for sigma of degrees:300
polytomy size limit : 3
discarded polytomies:  []
Threshold 0.0:
Threshold 0.01:
Threshold 0.02:
Threshold 0.05:
Threshold 0.1:
Threshold 0.2:
Threshold 0.3333333333333333:
max k is :0
Number of Clusters after addition by greedy: 47
gradient0 in heuristiic: 47
calculating extra bipartitions from extra input trees ...
Number of Clusters after additions from extra trees: 79
partitions formed in 0.32 secs
Dynamic Programming starting after 0.321 secs
Using tree-based weight calculation.
Using polytree-based weight calculation.
Polytree max score: 792
Polytree building time: 0.014 seconds.
Number of quartet trees in the gene trees: 792
Size of largest cluster: 10
Greedy score: 785
estimationFactor: 1.0089171974522293
Sub-optimal score: 785
Total Number of elements weighted: 66
Normalized score (portion of input quartet trees satisfied before correcting for multiple individuals): 0.9911616161616161
Optimization score: 785
Optimal tree inferred in 0.434 secs.
(t6,(t9,(t10,((t4,t5),((t7,t8),(t3,(t1,t2)))))));
Final quartet score is: 785
Final normalized quartet score is: 0.9911616161616161
You may want to ignore posterior probabilities and other statistics related to the following branch branch because the effective number of genes impacting it is only 18:
	{t7, t8}
You may want to ignore posterior probabilities and other statistics related to the following branch branch because the effective number of genes impacting it is only 19:
	{t1, t2}
You may want to ignore posterior probabilities and other statistics related to the following branch branch because the effective number of genes impacting it is only 18:
	{t1, t2, t3}
You may want to ignore posterior probabilities and other statistics related to the following branch branch because the effective number of genes impacting it is only 5:
	{t6, t9}
You may want to ignore posterior probabilities and other statistics related to the following branch branch because the effective number of genes impacting it is only 8:
	{t6, t1, t2, t7, t9, t3, t8, t10}
Extended species tree:
(t4,(t5,(((t7,t8)1:2.538973871058275,(t3,(t1,t2)1:2.590267165445826)1:2.538973871058275)1:2.961830721878311,(t10,(t9,t6)0.93:0.6931471805599453)1:1.8281271133989303)0.97:0.6931471805599453));
Weight calculation took 0.0166797 secs
ASTRAL finished in 0.648 secs
