
================== ASTRAL ===================== 

This is ASTRAL version 5.7.8
Gene trees are treated as unrooted
197 trees read from tmp_quartet_IWkna3u1ZriUD.txt
index0
All output trees will be *arbitrarily* rooted at t5
201 extra trees read from tmp_bipartitions_IWkna3u1ZriUD.bootstrap.trees

======== Running the main analysis
Number of taxa: 10 (10 species)
Taxa: [t5, t7, t1, t2, t4, t6, t8, t9, t10, t3]
Taxon occupancy: {t4=111, t5=116, t6=36, t10=107, t7=116, t8=80, t9=79, t1=46, t2=60, t3=37}
Number of gene trees: 197
197 trees have missing taxa
Calculating quartet distance matrix (for completion of X)
Species tree distances calculated ...
Will attempt to complete bipartitions from X before adding using a distance matrix.
Building set of clusters (X) from gene trees 
------------------------------
gradient0: 63
Number of Clusters after addition by distance: 63
calculating extra bipartitions to be added at level 1 ...
Adding to X using resolutions of greedy consensus ...
Limit for sigma of degrees:300
polytomy size limit : 3
discarded polytomies:  []
Threshold 0.0:
Threshold 0.01:
Threshold 0.02:
Threshold 0.05:
Threshold 0.1:
Threshold 0.2:
Threshold 0.3333333333333333:
max k is :0
Number of Clusters after addition by greedy: 63
gradient0 in heuristiic: 63
calculating extra bipartitions from extra input trees ...
Number of Clusters after additions from extra trees: 121
partitions formed in 0.18 secs
Dynamic Programming starting after 0.18 secs
Using tree-based weight calculation.
Using polytree-based weight calculation.
Polytree max score: 197
Polytree building time: 0.014 seconds.
Number of quartet trees in the gene trees: 197
Size of largest cluster: 10
Greedy score: 191
estimationFactor: 1.031413612565445
Sub-optimal score: 191
Total Number of elements weighted: 75
Normalized score (portion of input quartet trees satisfied before correcting for multiple individuals): 0.9695431472081218
Optimization score: 191
Optimal tree inferred in 0.262 secs.
(t7,(t5,((t3,(t4,t10)),((t8,t9),(t6,(t1,t2))))));
Final quartet score is: 191
Final normalized quartet score is: 0.9695431472081218
You may want to ignore posterior probabilities and other statistics related to the following branch branch because the effective number of genes impacting it is only 3:
	{t4, t10}
You may want to ignore posterior probabilities and other statistics related to the following branch branch because the effective number of genes impacting it is only 5:
	{t4, t10, t3}
You may want to ignore posterior probabilities and other statistics related to the following branch branch because the effective number of genes impacting it is only 9:
	{t8, t9}
You may want to ignore posterior probabilities and other statistics related to the following branch branch because the effective number of genes impacting it is only 2:
	{t1, t2}
You may want to ignore posterior probabilities and other statistics related to the following branch branch because the effective number of genes impacting it is only 2:
	{t1, t2, t6}
You may want to ignore posterior probabilities and other statistics related to the following branch branch because the effective number of genes impacting it is only 5:
	{t1, t2, t6, t8, t9}
You may want to ignore posterior probabilities and other statistics related to the following branch branch because the effective number of genes impacting it is only 15:
	{t1, t2, t4, t6, t8, t9, t10, t3}
Extended species tree:
(t5,(((t3,(t4,t10)0.95:0.9808292530117262)0.99:1.3862943611198908,((t8,t9)1:1.8971199848858815,(t6,(t1,t2)0.87:0.6931471805599453)0.87:0.6931471805599453)0.93:0.6931471805599453)1:1.6739764335716716,t7));
Weight calculation took 0.019407941 secs
ASTRAL finished in 0.394 secs
