
================== ASTRAL ===================== 

This is ASTRAL version 5.7.8
Gene trees are treated as unrooted
391 trees read from tmp_quartet_IWkna3u1ZriUD.txt
index0
All output trees will be *arbitrarily* rooted at t6
201 extra trees read from tmp_bipartitions_IWkna3u1ZriUD.bootstrap.trees

======== Running the main analysis
Number of taxa: 10 (10 species)
Taxa: [t6, t7, t3, t4, t8, t9, t2, t1, t5, t10]
Taxon occupancy: {t4=125, t5=206, t6=190, t10=72, t7=183, t8=67, t9=169, t1=206, t2=208, t3=138}
Number of gene trees: 391
391 trees have missing taxa
Calculating quartet distance matrix (for completion of X)
Species tree distances calculated ...
Will attempt to complete bipartitions from X before adding using a distance matrix.
Building set of clusters (X) from gene trees 
------------------------------
gradient0: 69
Number of Clusters after addition by distance: 69
calculating extra bipartitions to be added at level 1 ...
Adding to X using resolutions of greedy consensus ...
Limit for sigma of degrees:300
polytomy size limit : 3
discarded polytomies:  []
Threshold 0.0:
Threshold 0.01:
Threshold 0.02:
Threshold 0.05:
Threshold 0.1:
Threshold 0.2:
Threshold 0.3333333333333333:
max k is :0
Number of Clusters after addition by greedy: 69
gradient0 in heuristiic: 69
calculating extra bipartitions from extra input trees ...
Number of Clusters after additions from extra trees: 105
partitions formed in 0.234 secs
Dynamic Programming starting after 0.234 secs
Using tree-based weight calculation.
Using polytree-based weight calculation.
Polytree max score: 391
Polytree building time: 0.024 seconds.
Number of quartet trees in the gene trees: 391
Size of largest cluster: 10
Greedy score: 370
estimationFactor: 1.0567567567567568
Sub-optimal score: 370
Total Number of elements weighted: 125
Normalized score (portion of input quartet trees satisfied before correcting for multiple individuals): 0.9462915601023018
Optimization score: 370
Optimal tree inferred in 0.336 secs.
(t7,(t6,((t5,(t9,t10)),(t4,((t2,t1),(t3,t8))))));
Final quartet score is: 370
Final normalized quartet score is: 0.9462915601023018
You may want to ignore posterior probabilities and other statistics related to the following branch branch because the effective number of genes impacting it is only 4:
	{t9, t10}
You may want to ignore posterior probabilities and other statistics related to the following branch branch because the effective number of genes impacting it is only 14:
	{t9, t5, t10}
You may want to ignore posterior probabilities and other statistics related to the following branch branch because the effective number of genes impacting it is only 5:
	{t2, t1}
You may want to ignore posterior probabilities and other statistics related to the following branch branch because the effective number of genes impacting it is only 12:
	{t3, t8}
You may want to ignore posterior probabilities and other statistics related to the following branch branch because the effective number of genes impacting it is only 16:
	{t3, t8, t2, t1}
You may want to ignore posterior probabilities and other statistics related to the following branch branch because the effective number of genes impacting it is only 18:
	{t3, t4, t8, t2, t1}
Extended species tree:
(t6,(((t5,(t9,t10)0.98:1.2039728043259361)1:1.6094379124341005,(t4,((t2,t1)0.93:0.6931471805599453,(t3,t8)0.99:0.7731898882334817)1:1.3291359472799418)1:1.845826690498331)1:2.6855773452501523,t7));
Weight calculation took 0.017483182 secs
ASTRAL finished in 0.511 secs
