
================== ASTRAL ===================== 

This is ASTRAL version 5.7.8
Gene trees are treated as unrooted
94 trees read from tmp_quartet_IWkna3u1ZriUD.txt
index0
All output trees will be *arbitrarily* rooted at t5
201 extra trees read from tmp_bipartitions_IWkna3u1ZriUD.bootstrap.trees

======== Running the main analysis
Number of taxa: 10 (10 species)
Taxa: [t5, t7, t3, t4, t6, t8, t2, t9, t10, t1]
Taxon occupancy: {t4=54, t5=46, t6=44, t10=20, t7=39, t8=59, t9=33, t1=28, t2=27, t3=26}
Number of gene trees: 94
94 trees have missing taxa
Calculating quartet distance matrix (for completion of X)
Species tree distances calculated ...
Will attempt to complete bipartitions from X before adding using a distance matrix.
Building set of clusters (X) from gene trees 
------------------------------
gradient0: 83
Number of Clusters after addition by distance: 83
calculating extra bipartitions to be added at level 1 ...
Adding to X using resolutions of greedy consensus ...
Limit for sigma of degrees:300
polytomy size limit : 3
discarded polytomies:  [3]
Threshold 0.0:
Threshold 0.01:
Threshold 0.02:
Threshold 0.05:
Threshold 0.1:
Threshold 0.2:
Threshold 0.3333333333333333:
polytomy of size 3; rounds with additions with at least 5 support: 0; clusters: 83
max k is :0
Number of Clusters after addition by greedy: 83
gradient0 in heuristiic: 83
calculating extra bipartitions from extra input trees ...
Number of Clusters after additions from extra trees: 189
partitions formed in 0.192 secs
Dynamic Programming starting after 0.192 secs
Using tree-based weight calculation.
Using polytree-based weight calculation.
Polytree max score: 94
Polytree building time: 0.02 seconds.
Number of quartet trees in the gene trees: 94
Size of largest cluster: 10
Greedy score: 86
estimationFactor: 1.0930232558139534
Sub-optimal score: 86
Total Number of elements weighted: 240
Normalized score (portion of input quartet trees satisfied before correcting for multiple individuals): 0.9468085106382979
Optimization score: 89
Optimal tree inferred in 0.274 secs.
(t7,(t2,(t1,(t5,((t6,t10),((t3,t9),(t4,t8)))))));
Final quartet score is: 89
Final normalized quartet score is: 0.9468085106382979
You may want to ignore posterior probabilities and other statistics related to the following branch branch because the effective number of genes impacting it is only 2:
	{t6, t10}
You may want to ignore posterior probabilities and other statistics related to the following branch branch because the effective number of genes impacting it is only 4:
	{t3, t9}
You may want to ignore posterior probabilities and other statistics related to the following branch branch because the effective number of genes impacting it is only 17:
	{t4, t8}
You may want to ignore posterior probabilities and other statistics related to the following branch branch because the effective number of genes impacting it is only 0:
	{t3, t4, t8, t9}
You may want to ignore posterior probabilities and other statistics related to the following branch branch because the effective number of genes impacting it is only 8:
	{t3, t4, t6, t8, t9, t10}
You may want to ignore posterior probabilities and other statistics related to the following branch branch because the effective number of genes impacting it is only 2:
	{t7, t2}
You may want to ignore posterior probabilities and other statistics related to the following branch branch because the effective number of genes impacting it is only 7:
	{t7, t2, t1}
Extended species tree:
(t5,(((t6,t10)0.87:0.6931471805599453,((t3,t9)0.98:1.2039728043259361,(t4,t8)1:2.484906649788)0.33:0.0)1:1.7917594692280545,(t1,(t2,t7)0.87:0.6931471805599453)1:1.6739764335716716));
Weight calculation took 0.012104229 secs
ASTRAL finished in 0.416 secs
