
================== ASTRAL ===================== 

This is ASTRAL version 5.7.8
Gene trees are treated as unrooted
220 trees read from tmp_quartet_IWkna3u1ZriUD.txt
index0
All output trees will be *arbitrarily* rooted at t10
201 extra trees read from tmp_bipartitions_IWkna3u1ZriUD.bootstrap.trees

======== Running the main analysis
Number of taxa: 10 (10 species)
Taxa: [t10, t9, t3, t6, t2, t5, t4, t1, t7, t8]
Taxon occupancy: {t4=54, t5=57, t10=127, t6=55, t7=90, t8=102, t9=79, t1=103, t2=70, t3=143}
Number of gene trees: 220
220 trees have missing taxa
Calculating quartet distance matrix (for completion of X)
Species tree distances calculated ...
Will attempt to complete bipartitions from X before adding using a distance matrix.
Building set of clusters (X) from gene trees 
------------------------------
gradient0: 49
Number of Clusters after addition by distance: 49
calculating extra bipartitions to be added at level 1 ...
Adding to X using resolutions of greedy consensus ...
Limit for sigma of degrees:300
polytomy size limit : 3
discarded polytomies:  []
Threshold 0.0:
Threshold 0.01:
Threshold 0.02:
Threshold 0.05:
Threshold 0.1:
Threshold 0.2:
Threshold 0.3333333333333333:
max k is :0
Number of Clusters after addition by greedy: 49
gradient0 in heuristiic: 49
calculating extra bipartitions from extra input trees ...
Number of Clusters after additions from extra trees: 83
partitions formed in 0.203 secs
Dynamic Programming starting after 0.203 secs
Using tree-based weight calculation.
Using polytree-based weight calculation.
Polytree max score: 220
Polytree building time: 0.023 seconds.
Number of quartet trees in the gene trees: 220
Size of largest cluster: 10
Greedy score: 216
estimationFactor: 1.0185185185185186
Sub-optimal score: 217
Total Number of elements weighted: 79
Normalized score (portion of input quartet trees satisfied before correcting for multiple individuals): 0.9863636363636363
Optimization score: 217
Optimal tree inferred in 0.256 secs.
(t9,(t10,(t3,(t1,((t7,t8),(t2,(t5,(t6,t4))))))));
Final quartet score is: 217
Final normalized quartet score is: 0.9863636363636363
You may want to ignore posterior probabilities and other statistics related to the following branch branch because the effective number of genes impacting it is only 1:
	{t7, t8}
You may want to ignore posterior probabilities and other statistics related to the following branch branch because the effective number of genes impacting it is only 0:
	{t6, t4}
You may want to ignore posterior probabilities and other statistics related to the following branch branch because the effective number of genes impacting it is only 4:
	{t6, t5, t4}
You may want to ignore posterior probabilities and other statistics related to the following branch branch because the effective number of genes impacting it is only 1:
	{t6, t2, t5, t4}
You may want to ignore posterior probabilities and other statistics related to the following branch branch because the effective number of genes impacting it is only 14:
	{t6, t2, t5, t4, t1, t7, t8}
You may want to ignore posterior probabilities and other statistics related to the following branch branch because the effective number of genes impacting it is only 10:
	{t3, t6, t2, t5, t4, t1, t7, t8}
Extended species tree:
(t10,((t3,(t1,((t7,t8)0.67:0.2876820724517809,(t2,(t5,(t6,t4)0.33:0.0)0.98:1.2039728043259361)0.67:0.2876820724517809)1:2.961830721878311)1:1.6094379124341005)0.99:0.8938178760220965,t9));
Weight calculation took 0.007249525 secs
ASTRAL finished in 0.421 secs
