
================== ASTRAL ===================== 

This is ASTRAL version 5.7.8
Gene trees are treated as unrooted
109 trees read from tmp_quartet_IWkna3u1ZriUD.txt
index0
All output trees will be *arbitrarily* rooted at t10
201 extra trees read from tmp_bipartitions_IWkna3u1ZriUD.bootstrap.trees

======== Running the main analysis
Number of taxa: 10 (10 species)
Taxa: [t10, t6, t5, t7, t9, t3, t8, t1, t4, t2]
Taxon occupancy: {t4=71, t5=34, t10=54, t6=40, t7=27, t8=31, t9=21, t1=46, t2=45, t3=67}
Number of gene trees: 109
109 trees have missing taxa
Calculating quartet distance matrix (for completion of X)
Species tree distances calculated ...
Will attempt to complete bipartitions from X before adding using a distance matrix.
Building set of clusters (X) from gene trees 
------------------------------
gradient0: 55
Number of Clusters after addition by distance: 55
calculating extra bipartitions to be added at level 1 ...
Adding to X using resolutions of greedy consensus ...
Limit for sigma of degrees:300
polytomy size limit : 3
discarded polytomies:  []
Threshold 0.0:
Threshold 0.01:
Threshold 0.02:
Threshold 0.05:
Threshold 0.1:
Threshold 0.2:
Threshold 0.3333333333333333:
max k is :0
Number of Clusters after addition by greedy: 55
gradient0 in heuristiic: 55
calculating extra bipartitions from extra input trees ...
Number of Clusters after additions from extra trees: 127
partitions formed in 0.166 secs
Dynamic Programming starting after 0.166 secs
Using tree-based weight calculation.
Using polytree-based weight calculation.
Polytree max score: 109
Polytree building time: 0.019 seconds.
Number of quartet trees in the gene trees: 109
Size of largest cluster: 10
Greedy score: 105
estimationFactor: 1.0380952380952382
Sub-optimal score: 108
Total Number of elements weighted: 88
Normalized score (portion of input quartet trees satisfied before correcting for multiple individuals): 0.9908256880733946
Optimization score: 108
Optimal tree inferred in 0.254 secs.
(t6,((t10,t4),(t9,(t7,(t1,(t2,(t8,(t5,t3))))))));
Final quartet score is: 108
Final normalized quartet score is: 0.9908256880733946
You may want to ignore posterior probabilities and other statistics related to the following branch branch because the effective number of genes impacting it is only 3:
	{t5, t3}
You may want to ignore posterior probabilities and other statistics related to the following branch branch because the effective number of genes impacting it is only 2:
	{t5, t3, t8}
You may want to ignore posterior probabilities and other statistics related to the following branch branch because the effective number of genes impacting it is only 3:
	{t5, t3, t8, t2}
You may want to ignore posterior probabilities and other statistics related to the following branch branch because the effective number of genes impacting it is only 8:
	{t5, t3, t8, t1, t2}
You may want to ignore posterior probabilities and other statistics related to the following branch branch because the effective number of genes impacting it is only 0:
	{t5, t7, t3, t8, t1, t2}
You may want to ignore posterior probabilities and other statistics related to the following branch branch because the effective number of genes impacting it is only 2:
	{t5, t7, t9, t3, t8, t1, t2}
You may want to ignore posterior probabilities and other statistics related to the following branch branch because the effective number of genes impacting it is only 5:
	{t6, t5, t7, t9, t3, t8, t1, t2}
Extended species tree:
(t10,(t4,((t9,(t7,(t1,(t2,(t8,(t5,t3)0.95:0.9808292530117262)0.87:0.6931471805599453)0.67:0.2876820724517809)1:1.7917594692280545)0.33:0.0)0.87:0.6931471805599453,t6)0.99:1.3862943611198908));
Weight calculation took 0.005161381 secs
ASTRAL finished in 0.371 secs
