
================== ASTRAL ===================== 

This is ASTRAL version 5.7.8
Gene trees are treated as unrooted
124 trees read from tmp_quartet_IWkna3u1ZriUD.txt
index0
All output trees will be *arbitrarily* rooted at t5
201 extra trees read from tmp_bipartitions_IWkna3u1ZriUD.bootstrap.trees

======== Running the main analysis
Number of taxa: 10 (10 species)
Taxa: [t5, t7, t1, t2, t4, t6, t10, t3, t8, t9]
Taxon occupancy: {t4=87, t5=40, t6=51, t10=30, t7=50, t8=31, t9=34, t1=45, t2=41, t3=87}
Number of gene trees: 124
124 trees have missing taxa
Calculating quartet distance matrix (for completion of X)
Species tree distances calculated ...
Will attempt to complete bipartitions from X before adding using a distance matrix.
Building set of clusters (X) from gene trees 
------------------------------
gradient0: 67
Number of Clusters after addition by distance: 67
calculating extra bipartitions to be added at level 1 ...
Adding to X using resolutions of greedy consensus ...
Limit for sigma of degrees:300
polytomy size limit : 3
discarded polytomies:  []
Threshold 0.0:
Threshold 0.01:
Threshold 0.02:
Threshold 0.05:
Threshold 0.1:
Threshold 0.2:
Threshold 0.3333333333333333:
max k is :0
Number of Clusters after addition by greedy: 67
gradient0 in heuristiic: 67
calculating extra bipartitions from extra input trees ...
Number of Clusters after additions from extra trees: 129
partitions formed in 0.181 secs
Dynamic Programming starting after 0.181 secs
Using tree-based weight calculation.
Using polytree-based weight calculation.
Polytree max score: 124
Polytree building time: 0.008 seconds.
Number of quartet trees in the gene trees: 124
Size of largest cluster: 10
Greedy score: 120
estimationFactor: 1.0333333333333334
Sub-optimal score: 120
Total Number of elements weighted: 108
Normalized score (portion of input quartet trees satisfied before correcting for multiple individuals): 0.9758064516129032
Optimization score: 121
Optimal tree inferred in 0.249 secs.
(t7,(t8,(t5,((t2,(t4,t3)),(t10,(t6,(t1,t9)))))));
Final quartet score is: 121
Final normalized quartet score is: 0.9758064516129032
You may want to ignore posterior probabilities and other statistics related to the following branch branch because the effective number of genes impacting it is only 13:
	{t4, t3}
You may want to ignore posterior probabilities and other statistics related to the following branch branch because the effective number of genes impacting it is only 4:
	{t2, t4, t3}
You may want to ignore posterior probabilities and other statistics related to the following branch branch because the effective number of genes impacting it is only 1:
	{t1, t9}
You may want to ignore posterior probabilities and other statistics related to the following branch branch because the effective number of genes impacting it is only 1:
	{t1, t6, t9}
You may want to ignore posterior probabilities and other statistics related to the following branch branch because the effective number of genes impacting it is only 1:
	{t1, t6, t10, t9}
You may want to ignore posterior probabilities and other statistics related to the following branch branch because the effective number of genes impacting it is only 9:
	{t1, t2, t4, t6, t10, t3, t9}
You may want to ignore posterior probabilities and other statistics related to the following branch branch because the effective number of genes impacting it is only 0:
	{t7, t8}
Extended species tree:
(t5,(((t2,(t4,t3)1:2.2335922215070947)0.98:1.2039728043259361,(t10,(t6,(t1,t9)0.67:0.2876820724517809)0.67:0.2876820724517809)0.67:0.2876820724517809)1:1.8971199848858815,(t8,t7)0.33:0.0));
Weight calculation took 0.020463122 secs
ASTRAL finished in 0.374 secs
