
================== ASTRAL ===================== 

This is ASTRAL version 5.7.8
Gene trees are treated as unrooted
187 trees read from tmp_quartet_IWkna3u1ZriUD.txt
index0
All output trees will be *arbitrarily* rooted at t5
201 extra trees read from tmp_bipartitions_IWkna3u1ZriUD.bootstrap.trees

======== Running the main analysis
Number of taxa: 10 (10 species)
Taxa: [t5, t7, t1, t2, t4, t6, t8, t9, t10, t3]
Taxon occupancy: {t4=127, t5=115, t6=23, t10=119, t7=115, t8=54, t9=64, t1=30, t2=58, t3=43}
Number of gene trees: 187
187 trees have missing taxa
Calculating quartet distance matrix (for completion of X)
Species tree distances calculated ...
Will attempt to complete bipartitions from X before adding using a distance matrix.
Building set of clusters (X) from gene trees 
------------------------------
gradient0: 65
Number of Clusters after addition by distance: 65
calculating extra bipartitions to be added at level 1 ...
Adding to X using resolutions of greedy consensus ...
Limit for sigma of degrees:300
polytomy size limit : 3
discarded polytomies:  [3]
Threshold 0.0:
Threshold 0.01:
Threshold 0.02:
Threshold 0.05:
Threshold 0.1:
Threshold 0.2:
Threshold 0.3333333333333333:
polytomy of size 3; rounds with additions with at least 5 support: 0; clusters: 65
max k is :0
Number of Clusters after addition by greedy: 65
gradient0 in heuristiic: 65
calculating extra bipartitions from extra input trees ...
Number of Clusters after additions from extra trees: 281
partitions formed in 0.218 secs
Dynamic Programming starting after 0.218 secs
Using tree-based weight calculation.
Using polytree-based weight calculation.
Polytree max score: 187
Polytree building time: 0.008 seconds.
Number of quartet trees in the gene trees: 187
Size of largest cluster: 10
Greedy score: 183
estimationFactor: 1.0218579234972678
Sub-optimal score: 183
Total Number of elements weighted: 262
Normalized score (portion of input quartet trees satisfied before correcting for multiple individuals): 0.983957219251337
Optimization score: 184
Optimal tree inferred in 0.317 secs.
(t7,(t5,(t2,(t8,(t9,(t6,(t1,(t3,(t4,t10)))))))));
Final quartet score is: 184
Final normalized quartet score is: 0.983957219251337
You may want to ignore posterior probabilities and other statistics related to the following branch branch because the effective number of genes impacting it is only 5:
	{t4, t10}
You may want to ignore posterior probabilities and other statistics related to the following branch branch because the effective number of genes impacting it is only 1:
	{t4, t10, t3}
You may want to ignore posterior probabilities and other statistics related to the following branch branch because the effective number of genes impacting it is only 0:
	{t1, t4, t10, t3}
You may want to ignore posterior probabilities and other statistics related to the following branch branch because the effective number of genes impacting it is only 2:
	{t1, t4, t6, t10, t3}
You may want to ignore posterior probabilities and other statistics related to the following branch branch because the effective number of genes impacting it is only 2:
	{t1, t4, t6, t9, t10, t3}
You may want to ignore posterior probabilities and other statistics related to the following branch branch because the effective number of genes impacting it is only 6:
	{t1, t4, t6, t8, t9, t10, t3}
You may want to ignore posterior probabilities and other statistics related to the following branch branch because the effective number of genes impacting it is only 19:
	{t1, t2, t4, t6, t8, t9, t10, t3}
Extended species tree:
(t5,((t2,(t8,(t9,(t6,(t1,(t3,(t4,t10)0.99:1.3862943611198908)0.67:0.2876820724517809)0.33:0.0)0.87:0.6931471805599453)0.87:0.6931471805599453)0.97:0.8472978603872037)1:2.590267165445826,t7));
Weight calculation took 0.028442624 secs
ASTRAL finished in 0.451 secs
