
================== ASTRAL ===================== 

This is ASTRAL version 5.7.8
Gene trees are treated as unrooted
142 trees read from tmp_quartet_IWkna3u1ZriUD.txt
index0
All output trees will be *arbitrarily* rooted at t4
201 extra trees read from tmp_bipartitions_IWkna3u1ZriUD.bootstrap.trees

======== Running the main analysis
Number of taxa: 10 (10 species)
Taxa: [t4, t8, t2, t3, t5, t9, t1, t6, t10, t7]
Taxon occupancy: {t4=64, t5=88, t6=80, t10=41, t7=11, t8=90, t9=47, t1=31, t2=79, t3=37}
Number of gene trees: 142
142 trees have missing taxa
Calculating quartet distance matrix (for completion of X)
Species tree distances calculated ...
Will attempt to complete bipartitions from X before adding using a distance matrix.
Building set of clusters (X) from gene trees 
------------------------------
gradient0: 59
Number of Clusters after addition by distance: 59
calculating extra bipartitions to be added at level 1 ...
Adding to X using resolutions of greedy consensus ...
Limit for sigma of degrees:300
polytomy size limit : 3
discarded polytomies:  [3]
Threshold 0.0:
Threshold 0.01:
Threshold 0.02:
Threshold 0.05:
Threshold 0.1:
Threshold 0.2:
Threshold 0.3333333333333333:
polytomy of size 3; rounds with additions with at least 5 support: 0; clusters: 59
max k is :0
Number of Clusters after addition by greedy: 59
gradient0 in heuristiic: 59
calculating extra bipartitions from extra input trees ...
Number of Clusters after additions from extra trees: 315
partitions formed in 0.225 secs
Dynamic Programming starting after 0.225 secs
Using tree-based weight calculation.
Using polytree-based weight calculation.
Polytree max score: 142
Polytree building time: 0.009 seconds.
Number of quartet trees in the gene trees: 142
Size of largest cluster: 10
Greedy score: 124
estimationFactor: 1.1451612903225807
Sub-optimal score: 124
Total Number of elements weighted: 313
Normalized score (portion of input quartet trees satisfied before correcting for multiple individuals): 0.9295774647887324
Optimization score: 132
Optimal tree inferred in 0.316 secs.
(t8,((t4,t9),(t2,(t3,(t7,((t5,t6),(t1,t10)))))));
Final quartet score is: 132
Final normalized quartet score is: 0.9295774647887324
You may want to ignore posterior probabilities and other statistics related to the following branch branch because the effective number of genes impacting it is only 5:
	{t5, t6}
You may want to ignore posterior probabilities and other statistics related to the following branch branch because the effective number of genes impacting it is only 4:
	{t1, t10}
You may want to ignore posterior probabilities and other statistics related to the following branch branch because the effective number of genes impacting it is only 0:
	{t5, t1, t6, t10}
You may want to ignore posterior probabilities and other statistics related to the following branch branch because the effective number of genes impacting it is only 2:
	{t5, t1, t6, t10, t7}
You may want to ignore posterior probabilities and other statistics related to the following branch branch because the effective number of genes impacting it is only 8:
	{t3, t5, t1, t6, t10, t7}
You may want to ignore posterior probabilities and other statistics related to the following branch branch because the effective number of genes impacting it is only 10:
	{t2, t3, t5, t1, t6, t10, t7}
You may want to ignore posterior probabilities and other statistics related to the following branch branch because the effective number of genes impacting it is only 11:
	{t8, t2, t3, t5, t1, t6, t10, t7}
Extended species tree:
(t4,(t9,((t2,(t3,(t7,((t5,t6)0.99:1.3862943611198908,(t1,t10)0.98:1.2039728043259361)0.33:0.0)0.87:0.6931471805599453)1:1.7917594692280545)0.82:0.3829922522561057,t8)0.98:0.6931471805599453));
Weight calculation took 0.017749249 secs
ASTRAL finished in 0.484 secs
