
================== ASTRAL ===================== 

This is ASTRAL version 5.7.8
Gene trees are treated as unrooted
82 trees read from tmp_quartet_IWkna3u1ZriUD.txt
index0
All output trees will be *arbitrarily* rooted at t10
201 extra trees read from tmp_bipartitions_IWkna3u1ZriUD.bootstrap.trees

======== Running the main analysis
Number of taxa: 10 (10 species)
Taxa: [t10, t5, t2, t8, t3, t1, t9, t6, t7, t4]
Taxon occupancy: {t4=39, t5=38, t10=32, t6=19, t7=28, t8=30, t9=47, t1=33, t2=41, t3=21}
Number of gene trees: 82
82 trees have missing taxa
Calculating quartet distance matrix (for completion of X)
Species tree distances calculated ...
Will attempt to complete bipartitions from X before adding using a distance matrix.
Building set of clusters (X) from gene trees 
------------------------------
gradient0: 69
Number of Clusters after addition by distance: 69
calculating extra bipartitions to be added at level 1 ...
Adding to X using resolutions of greedy consensus ...
Limit for sigma of degrees:300
polytomy size limit : 3
discarded polytomies:  []
Threshold 0.0:
Threshold 0.01:
Threshold 0.02:
Threshold 0.05:
Threshold 0.1:
Threshold 0.2:
Threshold 0.3333333333333333:
max k is :0
Number of Clusters after addition by greedy: 69
gradient0 in heuristiic: 69
calculating extra bipartitions from extra input trees ...
Number of Clusters after additions from extra trees: 303
partitions formed in 0.162 secs
Dynamic Programming starting after 0.162 secs
Using tree-based weight calculation.
Using polytree-based weight calculation.
Polytree max score: 82
Polytree building time: 0.013 seconds.
Number of quartet trees in the gene trees: 82
Size of largest cluster: 10
Greedy score: 79
estimationFactor: 1.0379746835443038
Sub-optimal score: 80
Total Number of elements weighted: 358
Normalized score (portion of input quartet trees satisfied before correcting for multiple individuals): 0.975609756097561
Optimization score: 80
Optimal tree inferred in 0.243 secs.
(t5,((t10,t4),(t3,(t6,((t2,t7),(t1,(t8,t9)))))));
Final quartet score is: 80
Final normalized quartet score is: 0.975609756097561
You may want to ignore posterior probabilities and other statistics related to the following branch branch because the effective number of genes impacting it is only 1:
	{t2, t7}
You may want to ignore posterior probabilities and other statistics related to the following branch branch because the effective number of genes impacting it is only 0:
	{t8, t9}
You may want to ignore posterior probabilities and other statistics related to the following branch branch because the effective number of genes impacting it is only 11:
	{t8, t1, t9}
You may want to ignore posterior probabilities and other statistics related to the following branch branch because the effective number of genes impacting it is only 0:
	{t2, t8, t1, t9, t7}
You may want to ignore posterior probabilities and other statistics related to the following branch branch because the effective number of genes impacting it is only 1:
	{t2, t8, t1, t9, t6, t7}
You may want to ignore posterior probabilities and other statistics related to the following branch branch because the effective number of genes impacting it is only 3:
	{t2, t8, t3, t1, t9, t6, t7}
You may want to ignore posterior probabilities and other statistics related to the following branch branch because the effective number of genes impacting it is only 1:
	{t5, t2, t8, t3, t1, t9, t6, t7}
Extended species tree:
(t10,(t4,((t3,(t6,((t2,t7)0.67:0.2876820724517809,(t1,(t8,t9)0.33:0.0)1:0.9808292530117262)0.33:0.0)0.67:0.2876820724517809)0.95:0.9808292530117262,t5)0.67:0.2876820724517809));
Weight calculation took 0.027991688 secs
ASTRAL finished in 0.396 secs
