
================== ASTRAL ===================== 

This is ASTRAL version 5.7.8
Gene trees are treated as unrooted
137 trees read from tmp_quartet_IWkna3u1ZriUD.txt
index0
All output trees will be *arbitrarily* rooted at t5
201 extra trees read from tmp_bipartitions_IWkna3u1ZriUD.bootstrap.trees

======== Running the main analysis
Number of taxa: 10 (10 species)
Taxa: [t5, t7, t1, t2, t4, t6, t10, t3, t8, t9]
Taxon occupancy: {t4=92, t5=34, t6=65, t10=34, t7=63, t8=35, t9=43, t1=44, t2=43, t3=95}
Number of gene trees: 137
137 trees have missing taxa
Calculating quartet distance matrix (for completion of X)
Species tree distances calculated ...
Will attempt to complete bipartitions from X before adding using a distance matrix.
Building set of clusters (X) from gene trees 
------------------------------
gradient0: 71
Number of Clusters after addition by distance: 71
calculating extra bipartitions to be added at level 1 ...
Adding to X using resolutions of greedy consensus ...
Limit for sigma of degrees:300
polytomy size limit : 3
discarded polytomies:  []
Threshold 0.0:
Threshold 0.01:
Threshold 0.02:
Threshold 0.05:
Threshold 0.1:
Threshold 0.2:
Threshold 0.3333333333333333:
max k is :0
Number of Clusters after addition by greedy: 71
gradient0 in heuristiic: 71
calculating extra bipartitions from extra input trees ...
Number of Clusters after additions from extra trees: 181
partitions formed in 0.176 secs
Dynamic Programming starting after 0.176 secs
Using tree-based weight calculation.
Using polytree-based weight calculation.
Polytree max score: 137
Polytree building time: 0.008 seconds.
Number of quartet trees in the gene trees: 137
Size of largest cluster: 10
Greedy score: 132
estimationFactor: 1.0378787878787878
Sub-optimal score: 132
Total Number of elements weighted: 180
Normalized score (portion of input quartet trees satisfied before correcting for multiple individuals): 0.9635036496350365
Optimization score: 132
Optimal tree inferred in 0.267 secs.
(t7,(t8,(t5,(t1,(t6,((t10,t9),(t2,(t4,t3))))))));
Final quartet score is: 132
Final normalized quartet score is: 0.9635036496350365
You may want to ignore posterior probabilities and other statistics related to the following branch branch because the effective number of genes impacting it is only 3:
	{t10, t9}
You may want to ignore posterior probabilities and other statistics related to the following branch branch because the effective number of genes impacting it is only 15:
	{t4, t3}
You may want to ignore posterior probabilities and other statistics related to the following branch branch because the effective number of genes impacting it is only 6:
	{t2, t4, t3}
You may want to ignore posterior probabilities and other statistics related to the following branch branch because the effective number of genes impacting it is only 4:
	{t2, t4, t10, t3, t9}
You may want to ignore posterior probabilities and other statistics related to the following branch branch because the effective number of genes impacting it is only 1:
	{t2, t4, t6, t10, t3, t9}
You may want to ignore posterior probabilities and other statistics related to the following branch branch because the effective number of genes impacting it is only 5:
	{t1, t2, t4, t6, t10, t3, t9}
You may want to ignore posterior probabilities and other statistics related to the following branch branch because the effective number of genes impacting it is only 0:
	{t7, t8}
Extended species tree:
(t5,((t1,(t6,((t10,t9)0.95:0.9808292530117262,(t2,(t4,t3)1:0.9808292530117262)1:1.5404450409471486)0.98:1.2039728043259361)0.17:0.0)0.99:1.3862943611198908,(t8,t7)0.33:0.0));
Weight calculation took 0.028505068 secs
ASTRAL finished in 0.45 secs
