
================== ASTRAL ===================== 

This is ASTRAL version 5.7.8
Gene trees are treated as unrooted
67 trees read from tmp_quartet_IWkna3u1ZriUD.txt
index0
All output trees will be *arbitrarily* rooted at t6
201 extra trees read from tmp_bipartitions_IWkna3u1ZriUD.bootstrap.trees

======== Running the main analysis
Number of taxa: 10 (10 species)
Taxa: [t6, t8, t1, t3, t9, t7, t2, t10, t4, t5]
Taxon occupancy: {t4=22, t5=18, t6=46, t10=25, t7=32, t8=30, t9=27, t1=31, t2=22, t3=15}
Number of gene trees: 67
67 trees have missing taxa
Calculating quartet distance matrix (for completion of X)
Species tree distances calculated ...
Will attempt to complete bipartitions from X before adding using a distance matrix.
Building set of clusters (X) from gene trees 
------------------------------
gradient0: 81
Number of Clusters after addition by distance: 81
calculating extra bipartitions to be added at level 1 ...
Adding to X using resolutions of greedy consensus ...
Limit for sigma of degrees:300
polytomy size limit : 3
discarded polytomies:  []
Threshold 0.0:
Threshold 0.01:
Threshold 0.02:
Threshold 0.05:
Threshold 0.1:
Threshold 0.2:
Threshold 0.3333333333333333:
max k is :0
Number of Clusters after addition by greedy: 81
gradient0 in heuristiic: 81
calculating extra bipartitions from extra input trees ...
Number of Clusters after additions from extra trees: 279
partitions formed in 0.162 secs
Dynamic Programming starting after 0.162 secs
Using tree-based weight calculation.
Using polytree-based weight calculation.
Polytree max score: 67
Polytree building time: 0.007 seconds.
Number of quartet trees in the gene trees: 67
Size of largest cluster: 10
Greedy score: 65
estimationFactor: 1.0307692307692307
Sub-optimal score: 65
Total Number of elements weighted: 184
Normalized score (portion of input quartet trees satisfied before correcting for multiple individuals): 0.9701492537313433
Optimization score: 65
Optimal tree inferred in 0.242 secs.
(t8,(t3,(t1,((t9,t2),((t10,t4),(t7,(t6,t5)))))));
Final quartet score is: 65
Final normalized quartet score is: 0.9701492537313433
You may want to ignore posterior probabilities and other statistics related to the following branch branch because the effective number of genes impacting it is only 3:
	{t10, t4}
You may want to ignore posterior probabilities and other statistics related to the following branch branch because the effective number of genes impacting it is only 4:
	{t9, t2}
You may want to ignore posterior probabilities and other statistics related to the following branch branch because the effective number of genes impacting it is only 3:
	{t8, t3}
You may want to ignore posterior probabilities and other statistics related to the following branch branch because the effective number of genes impacting it is only 5:
	{t8, t1, t3}
You may want to ignore posterior probabilities and other statistics related to the following branch branch because the effective number of genes impacting it is only 0:
	{t8, t1, t3, t9, t2}
You may want to ignore posterior probabilities and other statistics related to the following branch branch because the effective number of genes impacting it is only 5:
	{t8, t1, t3, t9, t2, t10, t4}
You may want to ignore posterior probabilities and other statistics related to the following branch branch because the effective number of genes impacting it is only 4:
	{t8, t1, t3, t9, t7, t2, t10, t4}
Extended species tree:
(t6,(t5,(t7,((t10,t4)0.95:0.9808292530117262,((t9,t2)0.98:1.2039728043259361,(t1,(t3,t8)0.67:0.2876820724517809)0.99:1.3862943611198908)0.33:0.0)0.99:1.3862943611198908)0.98:1.2039728043259361));
Weight calculation took 0.013629428 secs
ASTRAL finished in 0.379 secs
