
================== ASTRAL ===================== 

This is ASTRAL version 5.7.8
Gene trees are treated as unrooted
58 trees read from tmp_quartet_IWkna3u1ZriUD.txt
index0
All output trees will be *arbitrarily* rooted at t5
201 extra trees read from tmp_bipartitions_IWkna3u1ZriUD.bootstrap.trees

======== Running the main analysis
Number of taxa: 10 (10 species)
Taxa: [t5, t9, t1, t2, t10, t6, t7, t4, t8, t3]
Taxon occupancy: {t4=28, t5=27, t10=25, t6=25, t7=10, t8=32, t9=26, t1=16, t2=21, t3=22}
Number of gene trees: 58
58 trees have missing taxa
Calculating quartet distance matrix (for completion of X)
Species tree distances calculated ...
Will attempt to complete bipartitions from X before adding using a distance matrix.
Building set of clusters (X) from gene trees 
------------------------------
gradient0: 59
Number of Clusters after addition by distance: 59
calculating extra bipartitions to be added at level 1 ...
Adding to X using resolutions of greedy consensus ...
Limit for sigma of degrees:300
polytomy size limit : 3
discarded polytomies:  []
Threshold 0.0:
Threshold 0.01:
Threshold 0.02:
Threshold 0.05:
Threshold 0.1:
Threshold 0.2:
Threshold 0.3333333333333333:
max k is :0
Number of Clusters after addition by greedy: 59
gradient0 in heuristiic: 59
calculating extra bipartitions from extra input trees ...
Number of Clusters after additions from extra trees: 319
partitions formed in 0.146 secs
Dynamic Programming starting after 0.146 secs
Using tree-based weight calculation.
Using polytree-based weight calculation.
Polytree max score: 58
Polytree building time: 0.017 seconds.
Number of quartet trees in the gene trees: 58
Size of largest cluster: 10
Greedy score: 58
estimationFactor: 1.0
Sub-optimal score: 58
Total Number of elements weighted: 284
Normalized score (portion of input quartet trees satisfied before correcting for multiple individuals): 1.0
Optimization score: 58
Optimal tree inferred in 0.222 secs.
(t9,(t5,(t1,(t7,((t10,t6),((t4,t8),(t2,t3)))))));
Final quartet score is: 58
Final normalized quartet score is: 1.0
You may want to ignore posterior probabilities and other statistics related to the following branch branch because the effective number of genes impacting it is only 2:
	{t10, t6}
You may want to ignore posterior probabilities and other statistics related to the following branch branch because the effective number of genes impacting it is only 3:
	{t4, t8}
You may want to ignore posterior probabilities and other statistics related to the following branch branch because the effective number of genes impacting it is only 8:
	{t2, t3}
You may want to ignore posterior probabilities and other statistics related to the following branch branch because the effective number of genes impacting it is only 0:
	{t2, t4, t8, t3}
You may want to ignore posterior probabilities and other statistics related to the following branch branch because the effective number of genes impacting it is only 0:
	{t2, t10, t6, t4, t8, t3}
You may want to ignore posterior probabilities and other statistics related to the following branch branch because the effective number of genes impacting it is only 2:
	{t2, t10, t6, t7, t4, t8, t3}
You may want to ignore posterior probabilities and other statistics related to the following branch branch because the effective number of genes impacting it is only 3:
	{t1, t2, t10, t6, t7, t4, t8, t3}
Extended species tree:
(t5,((t1,(t7,((t10,t6)0.87:0.6931471805599453,((t4,t8)0.95:0.9808292530117262,(t2,t3)1:1.7917594692280545)0.33:0.0)0.33:0.0)0.87:0.6931471805599453)0.95:0.9808292530117262,t9));
Weight calculation took 0.013113691 secs
ASTRAL finished in 0.369 secs
