
================== ASTRAL ===================== 

This is ASTRAL version 5.7.8
Gene trees are treated as unrooted
231 trees read from tmp_quartet_IWkna3u1ZriUD.txt
index0
All output trees will be *arbitrarily* rooted at t7
201 extra trees read from tmp_bipartitions_IWkna3u1ZriUD.bootstrap.trees

======== Running the main analysis
Number of taxa: 10 (10 species)
Taxa: [t7, t8, t1, t2, t4, t3, t9, t10, t5, t6]
Taxon occupancy: {t4=96, t5=126, t10=82, t6=82, t7=76, t8=69, t9=68, t1=74, t2=124, t3=127}
Number of gene trees: 231
231 trees have missing taxa
Calculating quartet distance matrix (for completion of X)
Species tree distances calculated ...
Will attempt to complete bipartitions from X before adding using a distance matrix.
Building set of clusters (X) from gene trees 
------------------------------
gradient0: 63
Number of Clusters after addition by distance: 63
calculating extra bipartitions to be added at level 1 ...
Adding to X using resolutions of greedy consensus ...
Limit for sigma of degrees:300
polytomy size limit : 3
discarded polytomies:  []
Threshold 0.0:
Threshold 0.01:
Threshold 0.02:
Threshold 0.05:
Threshold 0.1:
Threshold 0.2:
Threshold 0.3333333333333333:
max k is :0
Number of Clusters after addition by greedy: 63
gradient0 in heuristiic: 63
calculating extra bipartitions from extra input trees ...
Number of Clusters after additions from extra trees: 119
partitions formed in 0.194 secs
Dynamic Programming starting after 0.194 secs
Using tree-based weight calculation.
Using polytree-based weight calculation.
Polytree max score: 231
Polytree building time: 0.009 seconds.
Number of quartet trees in the gene trees: 231
Size of largest cluster: 10
Greedy score: 220
estimationFactor: 1.05
Sub-optimal score: 220
Total Number of elements weighted: 124
Normalized score (portion of input quartet trees satisfied before correcting for multiple individuals): 0.9523809523809523
Optimization score: 220
Optimal tree inferred in 0.268 secs.
(t8,(t7,(t9,((t3,t10),(t1,(t4,(t2,(t5,t6))))))));
Final quartet score is: 220
Final normalized quartet score is: 0.9523809523809523
You may want to ignore posterior probabilities and other statistics related to the following branch branch because the effective number of genes impacting it is only 3:
	{t3, t10}
You may want to ignore posterior probabilities and other statistics related to the following branch branch because the effective number of genes impacting it is only 15:
	{t5, t6}
You may want to ignore posterior probabilities and other statistics related to the following branch branch because the effective number of genes impacting it is only 5:
	{t2, t5, t6}
You may want to ignore posterior probabilities and other statistics related to the following branch branch because the effective number of genes impacting it is only 7:
	{t2, t4, t5, t6}
You may want to ignore posterior probabilities and other statistics related to the following branch branch because the effective number of genes impacting it is only 19:
	{t1, t2, t4, t5, t6}
You may want to ignore posterior probabilities and other statistics related to the following branch branch because the effective number of genes impacting it is only 0:
	{t1, t2, t4, t3, t10, t5, t6}
You may want to ignore posterior probabilities and other statistics related to the following branch branch because the effective number of genes impacting it is only 3:
	{t1, t2, t4, t3, t9, t10, t5, t6}
Extended species tree:
(t7,((t9,((t3,t10)0.95:0.9808292530117262,(t1,(t4,(t2,(t5,t6)1:0.9808292530117262)0.4:0.0)0.93:0.5753641449035618)1:1.8971199848858815)0.33:0.0)0.95:0.9808292530117262,t8));
Weight calculation took 0.017700936 secs
ASTRAL finished in 0.449 secs
