
================== ASTRAL ===================== 

This is ASTRAL version 5.7.8
Gene trees are treated as unrooted
167 trees read from tmp_quartet_IWkna3u1ZriUD.txt
index0
All output trees will be *arbitrarily* rooted at t4
201 extra trees read from tmp_bipartitions_IWkna3u1ZriUD.bootstrap.trees

======== Running the main analysis
Number of taxa: 10 (10 species)
Taxa: [t4, t8, t2, t3, t5, t9, t1, t6, t10, t7]
Taxon occupancy: {t4=71, t5=99, t6=83, t10=40, t7=15, t8=109, t9=71, t1=28, t2=95, t3=57}
Number of gene trees: 167
167 trees have missing taxa
Calculating quartet distance matrix (for completion of X)
Species tree distances calculated ...
Will attempt to complete bipartitions from X before adding using a distance matrix.
Building set of clusters (X) from gene trees 
------------------------------
gradient0: 69
Number of Clusters after addition by distance: 69
calculating extra bipartitions to be added at level 1 ...
Adding to X using resolutions of greedy consensus ...
Limit for sigma of degrees:300
polytomy size limit : 3
discarded polytomies:  []
Threshold 0.0:
Threshold 0.01:
Threshold 0.02:
Threshold 0.05:
Threshold 0.1:
Threshold 0.2:
Threshold 0.3333333333333333:
max k is :0
Number of Clusters after addition by greedy: 69
gradient0 in heuristiic: 69
calculating extra bipartitions from extra input trees ...
Number of Clusters after additions from extra trees: 201
partitions formed in 0.177 secs
Dynamic Programming starting after 0.177 secs
Using tree-based weight calculation.
Using polytree-based weight calculation.
Polytree max score: 167
Polytree building time: 0.008 seconds.
Number of quartet trees in the gene trees: 167
Size of largest cluster: 10
Greedy score: 152
estimationFactor: 1.0986842105263157
Sub-optimal score: 152
Total Number of elements weighted: 232
Normalized score (portion of input quartet trees satisfied before correcting for multiple individuals): 0.9101796407185628
Optimization score: 152
Optimal tree inferred in 0.27 secs.
(t8,(t2,((t4,t9),(t3,(t1,(t10,(t7,(t5,t6))))))));
Final quartet score is: 152
Final normalized quartet score is: 0.9101796407185628
You may want to ignore posterior probabilities and other statistics related to the following branch branch because the effective number of genes impacting it is only 3:
	{t5, t6}
You may want to ignore posterior probabilities and other statistics related to the following branch branch because the effective number of genes impacting it is only 0:
	{t5, t6, t7}
You may want to ignore posterior probabilities and other statistics related to the following branch branch because the effective number of genes impacting it is only 0:
	{t5, t6, t10, t7}
You may want to ignore posterior probabilities and other statistics related to the following branch branch because the effective number of genes impacting it is only 2:
	{t5, t1, t6, t10, t7}
You may want to ignore posterior probabilities and other statistics related to the following branch branch because the effective number of genes impacting it is only 13:
	{t3, t5, t1, t6, t10, t7}
You may want to ignore posterior probabilities and other statistics related to the following branch branch because the effective number of genes impacting it is only 11:
	{t8, t2}
Extended species tree:
(t4,(t9,((t3,(t1,(t10,(t7,(t5,t6)0.95:0.9808292530117262)0.33:0.0)0.33:0.0)0.87:0.6931471805599453)1:0.8472978603872037,(t2,t8)0.76:0.2876820724517809)1:0.826678573184468));
Weight calculation took 0.030061629 secs
ASTRAL finished in 0.415 secs
