
================== ASTRAL ===================== 

This is ASTRAL version 5.7.8
Gene trees are treated as unrooted
515 trees read from tmp_quartet_IWkna3u1ZriUD.txt
index0
All output trees will be *arbitrarily* rooted at t2
201 extra trees read from tmp_bipartitions_IWkna3u1ZriUD.bootstrap.trees

======== Running the main analysis
Number of taxa: 10 (10 species)
Taxa: [t2, t7, t1, t6, t8, t10, t3, t4, t5, t9]
Taxon occupancy: {t4=282, t5=212, t6=220, t10=199, t7=226, t8=231, t9=172, t1=71, t2=158, t3=289}
Number of gene trees: 515
515 trees have missing taxa
Calculating quartet distance matrix (for completion of X)
Species tree distances calculated ...
Will attempt to complete bipartitions from X before adding using a distance matrix.
Building set of clusters (X) from gene trees 
------------------------------
gradient0: 53
Number of Clusters after addition by distance: 53
calculating extra bipartitions to be added at level 1 ...
Adding to X using resolutions of greedy consensus ...
Limit for sigma of degrees:300
polytomy size limit : 3
discarded polytomies:  []
Threshold 0.0:
Threshold 0.01:
Threshold 0.02:
Threshold 0.05:
Threshold 0.1:
Threshold 0.2:
Threshold 0.3333333333333333:
max k is :0
Number of Clusters after addition by greedy: 53
gradient0 in heuristiic: 53
calculating extra bipartitions from extra input trees ...
Number of Clusters after additions from extra trees: 109
partitions formed in 0.265 secs
Dynamic Programming starting after 0.265 secs
Using tree-based weight calculation.
Using polytree-based weight calculation.
Polytree max score: 515
Polytree building time: 0.011 seconds.
Number of quartet trees in the gene trees: 515
Size of largest cluster: 10
Greedy score: 504
estimationFactor: 1.0218253968253967
Sub-optimal score: 507
Total Number of elements weighted: 106
Normalized score (portion of input quartet trees satisfied before correcting for multiple individuals): 0.9844660194174757
Optimization score: 507
Optimal tree inferred in 0.361 secs.
(t7,(t2,((t6,t9),((t8,t10),(t1,(t5,(t3,t4)))))));
Final quartet score is: 507
Final normalized quartet score is: 0.9844660194174757
You may want to ignore posterior probabilities and other statistics related to the following branch branch because the effective number of genes impacting it is only 4:
	{t6, t9}
You may want to ignore posterior probabilities and other statistics related to the following branch branch because the effective number of genes impacting it is only 9:
	{t3, t4}
You may want to ignore posterior probabilities and other statistics related to the following branch branch because the effective number of genes impacting it is only 10:
	{t3, t4, t5}
You may want to ignore posterior probabilities and other statistics related to the following branch branch because the effective number of genes impacting it is only 5:
	{t1, t3, t4, t5}
You may want to ignore posterior probabilities and other statistics related to the following branch branch because the effective number of genes impacting it is only 19:
	{t1, t8, t10, t3, t4, t5}
You may want to ignore posterior probabilities and other statistics related to the following branch branch because the effective number of genes impacting it is only 18:
	{t1, t6, t8, t10, t3, t4, t5, t9}
Extended species tree:
(t2,(((t6,t9)0.84:0.5108256237659905,((t8,t10)1:3.0285220963769826,(t1,(t5,(t3,t4)1:1.8971199848858815)1:1.9924301646902058)0.93:0.6931471805599453)1:1.4916548767777167)1:1.440361582390166,t7));
Weight calculation took 0.029145927 secs
ASTRAL finished in 0.543 secs
