
================== ASTRAL ===================== 

This is ASTRAL version 5.7.8
Gene trees are treated as unrooted
185 trees read from tmp_quartet_IWkna3u1ZriUD.txt
index0
All output trees will be *arbitrarily* rooted at t5
201 extra trees read from tmp_bipartitions_IWkna3u1ZriUD.bootstrap.trees

======== Running the main analysis
Number of taxa: 10 (10 species)
Taxa: [t5, t9, t4, t6, t7, t10, t1, t8, t2, t3]
Taxon occupancy: {t4=101, t5=66, t6=63, t10=70, t7=84, t8=101, t9=75, t1=42, t2=71, t3=67}
Number of gene trees: 185
185 trees have missing taxa
Calculating quartet distance matrix (for completion of X)
Species tree distances calculated ...
Will attempt to complete bipartitions from X before adding using a distance matrix.
Building set of clusters (X) from gene trees 
------------------------------
gradient0: 61
Number of Clusters after addition by distance: 61
calculating extra bipartitions to be added at level 1 ...
Adding to X using resolutions of greedy consensus ...
Limit for sigma of degrees:300
polytomy size limit : 3
discarded polytomies:  [3]
Threshold 0.0:
Threshold 0.01:
Threshold 0.02:
Threshold 0.05:
Threshold 0.1:
Threshold 0.2:
Threshold 0.3333333333333333:
polytomy of size 3; rounds with additions with at least 5 support: 0; clusters: 61
max k is :0
Number of Clusters after addition by greedy: 61
gradient0 in heuristiic: 61
calculating extra bipartitions from extra input trees ...
Number of Clusters after additions from extra trees: 171
partitions formed in 0.232 secs
Dynamic Programming starting after 0.232 secs
Using tree-based weight calculation.
Using polytree-based weight calculation.
Polytree max score: 185
Polytree building time: 0.009 seconds.
Number of quartet trees in the gene trees: 185
Size of largest cluster: 10
Greedy score: 164
estimationFactor: 1.1280487804878048
Sub-optimal score: 168
Total Number of elements weighted: 313
Normalized score (portion of input quartet trees satisfied before correcting for multiple individuals): 0.9081081081081082
Optimization score: 168
Optimal tree inferred in 0.331 secs.
(t9,(t2,((t5,t3),(t4,((t6,t7),(t1,(t10,t8)))))));
Final quartet score is: 168
Final normalized quartet score is: 0.9081081081081082
You may want to ignore posterior probabilities and other statistics related to the following branch branch because the effective number of genes impacting it is only 6:
	{t6, t7}
You may want to ignore posterior probabilities and other statistics related to the following branch branch because the effective number of genes impacting it is only 1:
	{t10, t8}
You may want to ignore posterior probabilities and other statistics related to the following branch branch because the effective number of genes impacting it is only 15:
	{t10, t1, t8}
You may want to ignore posterior probabilities and other statistics related to the following branch branch because the effective number of genes impacting it is only 9:
	{t4, t6, t7, t10, t1, t8}
You may want to ignore posterior probabilities and other statistics related to the following branch branch because the effective number of genes impacting it is only 14:
	{t9, t2}
You may want to ignore posterior probabilities and other statistics related to the following branch branch because the effective number of genes impacting it is only 2:
	{t9, t4, t6, t7, t10, t1, t8, t2}
Extended species tree:
(t5,(t3,((t4,((t6,t7)0.83:0.4418327522790392,(t1,(t10,t8)0.67:0.2876820724517809)0.9:0.42121346507630353)1:1.3862943611198908)0.67:0.2876820724517809,(t2,t9)1:2.302585092994046)0.87:0.6931471805599453));
Weight calculation took 0.029128722 secs
ASTRAL finished in 0.461 secs
