
================== ASTRAL ===================== 

This is ASTRAL version 5.7.8
Gene trees are treated as unrooted
60 trees read from tmp_quartet_IWkna3u1ZriUD.txt
index0
All output trees will be *arbitrarily* rooted at t6
201 extra trees read from tmp_bipartitions_IWkna3u1ZriUD.bootstrap.trees

======== Running the main analysis
Number of taxa: 10 (10 species)
Taxa: [t6, t9, t1, t3, t4, t5, t8, t2, t7, t10]
Taxon occupancy: {t4=9, t5=16, t6=38, t10=28, t7=35, t8=17, t9=37, t1=21, t2=23, t3=16}
Number of gene trees: 60
60 trees have missing taxa
Calculating quartet distance matrix (for completion of X)
Species tree distances calculated ...
Will attempt to complete bipartitions from X before adding using a distance matrix.
Building set of clusters (X) from gene trees 
------------------------------
gradient0: 109
Number of Clusters after addition by distance: 109
calculating extra bipartitions to be added at level 1 ...
Adding to X using resolutions of greedy consensus ...
Limit for sigma of degrees:300
polytomy size limit : 3
discarded polytomies:  []
Threshold 0.0:
Threshold 0.01:
Threshold 0.02:
Threshold 0.05:
Threshold 0.1:
Threshold 0.2:
Threshold 0.3333333333333333:
max k is :0
Number of Clusters after addition by greedy: 109
gradient0 in heuristiic: 109
calculating extra bipartitions from extra input trees ...
Number of Clusters after additions from extra trees: 369
partitions formed in 0.159 secs
Dynamic Programming starting after 0.159 secs
Using tree-based weight calculation.
Using polytree-based weight calculation.
Polytree max score: 60
Polytree building time: 0.005 seconds.
Number of quartet trees in the gene trees: 60
Size of largest cluster: 10
Greedy score: 54
estimationFactor: 1.1111111111111112
Sub-optimal score: 55
Total Number of elements weighted: 367
Normalized score (portion of input quartet trees satisfied before correcting for multiple individuals): 0.9166666666666666
Optimization score: 55
Optimal tree inferred in 0.239 secs.
(t9,(t2,((t1,(t3,t8)),(t7,((t4,t10),(t6,t5))))));
Final quartet score is: 55
Final normalized quartet score is: 0.9166666666666666
You may want to ignore posterior probabilities and other statistics related to the following branch branch because the effective number of genes impacting it is only 3:
	{t4, t10}
You may want to ignore posterior probabilities and other statistics related to the following branch branch because the effective number of genes impacting it is only 1:
	{t3, t8}
You may want to ignore posterior probabilities and other statistics related to the following branch branch because the effective number of genes impacting it is only 3:
	{t1, t3, t8}
You may want to ignore posterior probabilities and other statistics related to the following branch branch because the effective number of genes impacting it is only 0:
	{t9, t2}
You may want to ignore posterior probabilities and other statistics related to the following branch branch because the effective number of genes impacting it is only 13:
	{t9, t1, t3, t8, t2}
You may want to ignore posterior probabilities and other statistics related to the following branch branch because the effective number of genes impacting it is only 0:
	{t9, t1, t3, t8, t2, t7}
You may want to ignore posterior probabilities and other statistics related to the following branch branch because the effective number of genes impacting it is only 3:
	{t9, t1, t3, t4, t8, t2, t7, t10}
Extended species tree:
(t6,(t5,((t4,t10)0.95:0.9808292530117262,(t7,((t1,(t3,t8)0.67:0.2876820724517809)0.95:0.9808292530117262,(t2,t9)0.33:0.0)1:2.2335922215070947)0.33:0.0)0.67:0.2876820724517809));
Weight calculation took 0.01526634 secs
ASTRAL finished in 0.381 secs
