
================== ASTRAL ===================== 

This is ASTRAL version 5.7.8
Gene trees are treated as unrooted
80 trees read from tmp_quartet_IWkna3u1ZriUD.txt
index0
All output trees will be *arbitrarily* rooted at t8
201 extra trees read from tmp_bipartitions_IWkna3u1ZriUD.bootstrap.trees

======== Running the main analysis
Number of taxa: 10 (10 species)
Taxa: [t8, t9, t3, t4, t5, t2, t6, t1, t10, t7]
Taxon occupancy: {t4=41, t5=26, t6=20, t10=28, t7=31, t8=24, t9=46, t1=38, t2=36, t3=30}
Number of gene trees: 80
80 trees have missing taxa
Calculating quartet distance matrix (for completion of X)
Species tree distances calculated ...
Will attempt to complete bipartitions from X before adding using a distance matrix.
Building set of clusters (X) from gene trees 
------------------------------
gradient0: 83
Number of Clusters after addition by distance: 83
calculating extra bipartitions to be added at level 1 ...
Adding to X using resolutions of greedy consensus ...
Limit for sigma of degrees:300
polytomy size limit : 3
discarded polytomies:  [3]
Threshold 0.0:
Threshold 0.01:
Threshold 0.02:
Threshold 0.05:
Threshold 0.1:
Threshold 0.2:
Threshold 0.3333333333333333:
polytomy of size 3; rounds with additions with at least 5 support: 0; clusters: 83
max k is :0
Number of Clusters after addition by greedy: 83
gradient0 in heuristiic: 83
calculating extra bipartitions from extra input trees ...
Number of Clusters after additions from extra trees: 157
partitions formed in 0.175 secs
Dynamic Programming starting after 0.175 secs
Using tree-based weight calculation.
Using polytree-based weight calculation.
Polytree max score: 80
Polytree building time: 0.003 seconds.
Number of quartet trees in the gene trees: 80
Size of largest cluster: 10
Greedy score: 79
estimationFactor: 1.0126582278481013
Sub-optimal score: 79
Total Number of elements weighted: 137
Normalized score (portion of input quartet trees satisfied before correcting for multiple individuals): 0.9875
Optimization score: 79
Optimal tree inferred in 0.265 secs.
(t9,(t8,(t1,(t6,((t2,t7),(t3,(t5,(t4,t10))))))));
Final quartet score is: 79
Final normalized quartet score is: 0.9875
You may want to ignore posterior probabilities and other statistics related to the following branch branch because the effective number of genes impacting it is only 10:
	{t2, t7}
You may want to ignore posterior probabilities and other statistics related to the following branch branch because the effective number of genes impacting it is only 2:
	{t4, t10}
You may want to ignore posterior probabilities and other statistics related to the following branch branch because the effective number of genes impacting it is only 2:
	{t4, t5, t10}
You may want to ignore posterior probabilities and other statistics related to the following branch branch because the effective number of genes impacting it is only 4:
	{t3, t4, t5, t10}
You may want to ignore posterior probabilities and other statistics related to the following branch branch because the effective number of genes impacting it is only 0:
	{t3, t4, t5, t2, t10, t7}
You may want to ignore posterior probabilities and other statistics related to the following branch branch because the effective number of genes impacting it is only 5:
	{t3, t4, t5, t2, t6, t10, t7}
You may want to ignore posterior probabilities and other statistics related to the following branch branch because the effective number of genes impacting it is only 4:
	{t3, t4, t5, t2, t6, t1, t10, t7}
Extended species tree:
(t8,((t1,(t6,((t2,t7)1:1.9924301646902058,(t3,(t5,(t4,t10)0.42:0.0)0.87:0.6931471805599453)0.98:1.2039728043259361)0.33:0.0)0.99:1.3862943611198908)0.98:1.2039728043259361,t9));
Weight calculation took 0.032312308 secs
ASTRAL finished in 0.4 secs
