
================== ASTRAL ===================== 

This is ASTRAL version 5.7.8
Gene trees are treated as unrooted
227 trees read from tmp_quartet_IWkna3u1ZriUD.txt
index0
All output trees will be *arbitrarily* rooted at t10
201 extra trees read from tmp_bipartitions_IWkna3u1ZriUD.bootstrap.trees

======== Running the main analysis
Number of taxa: 10 (10 species)
Taxa: [t10, t4, t3, t8, t5, t7, t2, t6, t1, t9]
Taxon occupancy: {t4=130, t5=138, t10=118, t6=67, t7=137, t8=72, t9=80, t1=45, t2=86, t3=35}
Number of gene trees: 227
227 trees have missing taxa
Calculating quartet distance matrix (for completion of X)
Species tree distances calculated ...
Will attempt to complete bipartitions from X before adding using a distance matrix.
Building set of clusters (X) from gene trees 
------------------------------
gradient0: 87
Number of Clusters after addition by distance: 87
calculating extra bipartitions to be added at level 1 ...
Adding to X using resolutions of greedy consensus ...
Limit for sigma of degrees:300
polytomy size limit : 3
discarded polytomies:  []
Threshold 0.0:
Threshold 0.01:
Threshold 0.02:
Threshold 0.05:
Threshold 0.1:
Threshold 0.2:
Threshold 0.3333333333333333:
max k is :0
Number of Clusters after addition by greedy: 87
gradient0 in heuristiic: 87
calculating extra bipartitions from extra input trees ...
Number of Clusters after additions from extra trees: 201
partitions formed in 0.201 secs
Dynamic Programming starting after 0.201 secs
Using tree-based weight calculation.
Using polytree-based weight calculation.
Polytree max score: 227
Polytree building time: 0.009 seconds.
Number of quartet trees in the gene trees: 227
Size of largest cluster: 10
Greedy score: 224
estimationFactor: 1.0133928571428572
Sub-optimal score: 224
Total Number of elements weighted: 203
Normalized score (portion of input quartet trees satisfied before correcting for multiple individuals): 0.986784140969163
Optimization score: 224
Optimal tree inferred in 0.3 secs.
(t4,(t10,(t3,(t1,(t2,(t6,((t5,t7),(t8,t9))))))));
Final quartet score is: 224
Final normalized quartet score is: 0.986784140969163
You may want to ignore posterior probabilities and other statistics related to the following branch branch because the effective number of genes impacting it is only 2:
	{t8, t9}
You may want to ignore posterior probabilities and other statistics related to the following branch branch because the effective number of genes impacting it is only 7:
	{t8, t5, t7, t9}
You may want to ignore posterior probabilities and other statistics related to the following branch branch because the effective number of genes impacting it is only 0:
	{t8, t5, t7, t6, t9}
You may want to ignore posterior probabilities and other statistics related to the following branch branch because the effective number of genes impacting it is only 8:
	{t8, t5, t7, t2, t6, t9}
You may want to ignore posterior probabilities and other statistics related to the following branch branch because the effective number of genes impacting it is only 1:
	{t8, t5, t7, t2, t6, t1, t9}
You may want to ignore posterior probabilities and other statistics related to the following branch branch because the effective number of genes impacting it is only 5:
	{t3, t8, t5, t7, t2, t6, t1, t9}
Extended species tree:
(t10,((t3,(t1,(t2,(t6,((t5,t7)1:2.0368819272610392,(t8,t9)0.87:0.6931471805599453)0.99:0.9808292530117262)0.33:0.0)1:1.7917594692280545)0.67:0.2876820724517809)0.99:1.3862943611198908,t4));
Weight calculation took 0.016253748 secs
ASTRAL finished in 0.436 secs
