
================== ASTRAL ===================== 

This is ASTRAL version 5.7.8
Gene trees are treated as unrooted
261 trees read from tmp_quartet_IWkna3u1ZriUD.txt
index0
All output trees will be *arbitrarily* rooted at t10
201 extra trees read from tmp_bipartitions_IWkna3u1ZriUD.bootstrap.trees

======== Running the main analysis
Number of taxa: 10 (10 species)
Taxa: [t10, t9, t1, t6, t4, t2, t5, t8, t3, t7]
Taxon occupancy: {t4=148, t5=35, t10=196, t6=101, t7=98, t8=137, t9=195, t1=40, t2=64, t3=30}
Number of gene trees: 261
261 trees have missing taxa
Calculating quartet distance matrix (for completion of X)
Species tree distances calculated ...
Will attempt to complete bipartitions from X before adding using a distance matrix.
Building set of clusters (X) from gene trees 
------------------------------
gradient0: 87
Number of Clusters after addition by distance: 87
calculating extra bipartitions to be added at level 1 ...
Adding to X using resolutions of greedy consensus ...
Limit for sigma of degrees:300
polytomy size limit : 3
discarded polytomies:  [3]
Threshold 0.0:
Threshold 0.01:
Threshold 0.02:
Threshold 0.05:
Threshold 0.1:
Threshold 0.2:
Threshold 0.3333333333333333:
polytomy of size 3; rounds with additions with at least 5 support: 0; clusters: 87
max k is :0
Number of Clusters after addition by greedy: 87
gradient0 in heuristiic: 87
calculating extra bipartitions from extra input trees ...
Number of Clusters after additions from extra trees: 191
partitions formed in 0.269 secs
Dynamic Programming starting after 0.269 secs
Using tree-based weight calculation.
Using polytree-based weight calculation.
Polytree max score: 261
Polytree building time: 0.018 seconds.
Number of quartet trees in the gene trees: 261
Size of largest cluster: 10
Greedy score: 247
estimationFactor: 1.05668016194332
Sub-optimal score: 252
Total Number of elements weighted: 274
Normalized score (portion of input quartet trees satisfied before correcting for multiple individuals): 0.9655172413793104
Optimization score: 252
Optimal tree inferred in 0.37 secs.
(t9,(t10,(t7,(t3,((t4,t8),(t2,(t6,(t1,t5))))))));
Final quartet score is: 252
Final normalized quartet score is: 0.9655172413793104
You may want to ignore posterior probabilities and other statistics related to the following branch branch because the effective number of genes impacting it is only 10:
	{t4, t8}
You may want to ignore posterior probabilities and other statistics related to the following branch branch because the effective number of genes impacting it is only 1:
	{t1, t5}
You may want to ignore posterior probabilities and other statistics related to the following branch branch because the effective number of genes impacting it is only 2:
	{t1, t6, t5}
You may want to ignore posterior probabilities and other statistics related to the following branch branch because the effective number of genes impacting it is only 4:
	{t1, t6, t2, t5}
You may want to ignore posterior probabilities and other statistics related to the following branch branch because the effective number of genes impacting it is only 2:
	{t1, t6, t4, t2, t5, t8}
You may want to ignore posterior probabilities and other statistics related to the following branch branch because the effective number of genes impacting it is only 0:
	{t1, t6, t4, t2, t5, t8, t3}
Extended species tree:
(t10,((t7,(t3,((t4,t8)0.82:0.3829922522561057,(t2,(t6,(t1,t5)0.67:0.2876820724517809)0.87:0.6931471805599453)0.84:0.5108256237659905)0.87:0.6931471805599453)0.33:0.0)1:1.299282984130261,t9));
Weight calculation took 0.018495626 secs
ASTRAL finished in 0.522 secs
