
================== ASTRAL ===================== 

This is ASTRAL version 5.7.8
Gene trees are treated as unrooted
314 trees read from tmp_quartet_IWkna3u1ZriUD.txt
index0
All output trees will be *arbitrarily* rooted at t6
201 extra trees read from tmp_bipartitions_IWkna3u1ZriUD.bootstrap.trees

======== Running the main analysis
Number of taxa: 10 (10 species)
Taxa: [t6, t9, t1, t2, t10, t5, t7, t4, t3, t8]
Taxon occupancy: {t4=71, t5=155, t6=150, t10=62, t7=132, t8=86, t9=107, t1=202, t2=189, t3=102}
Number of gene trees: 314
314 trees have missing taxa
Calculating quartet distance matrix (for completion of X)
Species tree distances calculated ...
Will attempt to complete bipartitions from X before adding using a distance matrix.
Building set of clusters (X) from gene trees 
------------------------------
gradient0: 49
Number of Clusters after addition by distance: 49
calculating extra bipartitions to be added at level 1 ...
Adding to X using resolutions of greedy consensus ...
Limit for sigma of degrees:300
polytomy size limit : 3
discarded polytomies:  []
Threshold 0.0:
Threshold 0.01:
Threshold 0.02:
Threshold 0.05:
Threshold 0.1:
Threshold 0.2:
Threshold 0.3333333333333333:
max k is :0
Number of Clusters after addition by greedy: 49
gradient0 in heuristiic: 49
calculating extra bipartitions from extra input trees ...
Number of Clusters after additions from extra trees: 87
partitions formed in 0.235 secs
Dynamic Programming starting after 0.235 secs
Using tree-based weight calculation.
Using polytree-based weight calculation.
Polytree max score: 314
Polytree building time: 0.023 seconds.
Number of quartet trees in the gene trees: 314
Size of largest cluster: 10
Greedy score: 305
estimationFactor: 1.0295081967213116
Sub-optimal score: 305
Total Number of elements weighted: 70
Normalized score (portion of input quartet trees satisfied before correcting for multiple individuals): 0.9745222929936306
Optimization score: 306
Optimal tree inferred in 0.311 secs.
(t9,(t10,((t5,(t6,t7)),(t4,((t3,t8),(t1,t2))))));
Final quartet score is: 306
Final normalized quartet score is: 0.9745222929936306
You may want to ignore posterior probabilities and other statistics related to the following branch branch because the effective number of genes impacting it is only 6:
	{t3, t8}
You may want to ignore posterior probabilities and other statistics related to the following branch branch because the effective number of genes impacting it is only 2:
	{t1, t2}
You may want to ignore posterior probabilities and other statistics related to the following branch branch because the effective number of genes impacting it is only 12:
	{t1, t2, t3, t8}
You may want to ignore posterior probabilities and other statistics related to the following branch branch because the effective number of genes impacting it is only 3:
	{t1, t2, t4, t3, t8}
You may want to ignore posterior probabilities and other statistics related to the following branch branch because the effective number of genes impacting it is only 3:
	{t9, t10}
You may want to ignore posterior probabilities and other statistics related to the following branch branch because the effective number of genes impacting it is only 10:
	{t9, t1, t2, t10, t4, t3, t8}
You may want to ignore posterior probabilities and other statistics related to the following branch branch because the effective number of genes impacting it is only 18:
	{t9, t1, t2, t10, t5, t4, t3, t8}
Extended species tree:
(t6,(t7,(t5,((t4,((t3,t8)1:1.5404450409471486,(t1,t2)0.87:0.6931471805599453)1:2.159484249353373)0.67:0.2876820724517809,(t10,t9)0.67:0.2876820724517809)0.82:0.3829922522561057)1:1.440361582390166));
Weight calculation took 0.020410122 secs
ASTRAL finished in 0.461 secs
