
================== ASTRAL ===================== 

This is ASTRAL version 5.7.8
Gene trees are treated as unrooted
211 trees read from tmp_quartet_IWkna3u1ZriUD.txt
index0
All output trees will be *arbitrarily* rooted at t3
201 extra trees read from tmp_bipartitions_IWkna3u1ZriUD.bootstrap.trees

======== Running the main analysis
Number of taxa: 10 (10 species)
Taxa: [t3, t8, t2, t6, t10, t9, t1, t5, t4, t7]
Taxon occupancy: {t4=115, t5=68, t6=73, t10=90, t7=80, t8=82, t9=88, t1=121, t2=105, t3=22}
Number of gene trees: 211
211 trees have missing taxa
Calculating quartet distance matrix (for completion of X)
Species tree distances calculated ...
Will attempt to complete bipartitions from X before adding using a distance matrix.
Building set of clusters (X) from gene trees 
------------------------------
gradient0: 67
Number of Clusters after addition by distance: 67
calculating extra bipartitions to be added at level 1 ...
Adding to X using resolutions of greedy consensus ...
Limit for sigma of degrees:300
polytomy size limit : 3
discarded polytomies:  []
Threshold 0.0:
Threshold 0.01:
Threshold 0.02:
Threshold 0.05:
Threshold 0.1:
Threshold 0.2:
Threshold 0.3333333333333333:
max k is :0
Number of Clusters after addition by greedy: 67
gradient0 in heuristiic: 67
calculating extra bipartitions from extra input trees ...
Number of Clusters after additions from extra trees: 105
partitions formed in 0.199 secs
Dynamic Programming starting after 0.199 secs
Using tree-based weight calculation.
Using polytree-based weight calculation.
Polytree max score: 211
Polytree building time: 0.009 seconds.
Number of quartet trees in the gene trees: 211
Size of largest cluster: 10
Greedy score: 204
estimationFactor: 1.0343137254901962
Sub-optimal score: 204
Total Number of elements weighted: 104
Normalized score (portion of input quartet trees satisfied before correcting for multiple individuals): 0.966824644549763
Optimization score: 204
Optimal tree inferred in 0.273 secs.
(t8,((t4,t7),((t10,t9),(t3,(t2,(t6,(t1,t5)))))));
Final quartet score is: 204
Final normalized quartet score is: 0.966824644549763
You may want to ignore posterior probabilities and other statistics related to the following branch branch because the effective number of genes impacting it is only 4:
	{t1, t5}
You may want to ignore posterior probabilities and other statistics related to the following branch branch because the effective number of genes impacting it is only 9:
	{t6, t1, t5}
You may want to ignore posterior probabilities and other statistics related to the following branch branch because the effective number of genes impacting it is only 6:
	{t2, t6, t1, t5}
You may want to ignore posterior probabilities and other statistics related to the following branch branch because the effective number of genes impacting it is only 10:
	{t10, t9}
You may want to ignore posterior probabilities and other statistics related to the following branch branch because the effective number of genes impacting it is only 5:
	{t4, t7}
You may want to ignore posterior probabilities and other statistics related to the following branch branch because the effective number of genes impacting it is only 4:
	{t8, t4, t7}
You may want to ignore posterior probabilities and other statistics related to the following branch branch because the effective number of genes impacting it is only 5:
	{t8, t10, t9, t4, t7}
Extended species tree:
(t3,((t2,(t6,(t1,t5)0.98:1.2039728043259361)0.54:0.1053605156578264)1:1.5404450409471486,((t10,t9)0.99:0.8938178760220965,((t4,t7)0.99:1.3862943611198908,t8)0.98:1.2039728043259361)0.99:1.3862943611198908));
Weight calculation took 0.024928473 secs
ASTRAL finished in 0.414 secs
