
================== ASTRAL ===================== 

This is ASTRAL version 5.7.8
Gene trees are treated as unrooted
95 trees read from tmp_quartet_IWkna3u1ZriUD.txt
index0
All output trees will be *arbitrarily* rooted at t10
201 extra trees read from tmp_bipartitions_IWkna3u1ZriUD.bootstrap.trees

======== Running the main analysis
Number of taxa: 10 (10 species)
Taxa: [t10, t5, t2, t8, t3, t1, t9, t6, t7, t4]
Taxon occupancy: {t4=44, t5=38, t10=42, t6=26, t7=35, t8=31, t9=38, t1=32, t2=51, t3=43}
Number of gene trees: 95
95 trees have missing taxa
Calculating quartet distance matrix (for completion of X)
Species tree distances calculated ...
Will attempt to complete bipartitions from X before adding using a distance matrix.
Building set of clusters (X) from gene trees 
------------------------------
gradient0: 47
Number of Clusters after addition by distance: 47
calculating extra bipartitions to be added at level 1 ...
Adding to X using resolutions of greedy consensus ...
Limit for sigma of degrees:300
polytomy size limit : 3
discarded polytomies:  []
Threshold 0.0:
Threshold 0.01:
Threshold 0.02:
Threshold 0.05:
Threshold 0.1:
Threshold 0.2:
Threshold 0.3333333333333333:
max k is :0
Number of Clusters after addition by greedy: 47
gradient0 in heuristiic: 47
calculating extra bipartitions from extra input trees ...
Number of Clusters after additions from extra trees: 133
partitions formed in 0.144 secs
Dynamic Programming starting after 0.144 secs
Using tree-based weight calculation.
Using polytree-based weight calculation.
Polytree max score: 95
Polytree building time: 0.007 seconds.
Number of quartet trees in the gene trees: 95
Size of largest cluster: 10
Greedy score: 85
estimationFactor: 1.1176470588235294
Sub-optimal score: 85
Total Number of elements weighted: 141
Normalized score (portion of input quartet trees satisfied before correcting for multiple individuals): 0.9473684210526315
Optimization score: 90
Optimal tree inferred in 0.229 secs.
(t5,(t3,((t10,t4),((t6,(t2,t7)),(t9,(t8,t1))))));
Final quartet score is: 90
Final normalized quartet score is: 0.9473684210526315
You may want to ignore posterior probabilities and other statistics related to the following branch branch because the effective number of genes impacting it is only 2:
	{t2, t7}
You may want to ignore posterior probabilities and other statistics related to the following branch branch because the effective number of genes impacting it is only 1:
	{t2, t6, t7}
You may want to ignore posterior probabilities and other statistics related to the following branch branch because the effective number of genes impacting it is only 2:
	{t8, t1}
You may want to ignore posterior probabilities and other statistics related to the following branch branch because the effective number of genes impacting it is only 5:
	{t8, t1, t9}
You may want to ignore posterior probabilities and other statistics related to the following branch branch because the effective number of genes impacting it is only 7:
	{t2, t8, t1, t9, t6, t7}
You may want to ignore posterior probabilities and other statistics related to the following branch branch because the effective number of genes impacting it is only 6:
	{t5, t3}
You may want to ignore posterior probabilities and other statistics related to the following branch branch because the effective number of genes impacting it is only 3:
	{t5, t2, t8, t3, t1, t9, t6, t7}
Extended species tree:
(t10,(t4,(((t6,(t2,t7)0.87:0.6931471805599453)0.67:0.2876820724517809,(t9,(t8,t1)0.87:0.6931471805599453)0.99:1.3862943611198908)1:1.6739764335716716,(t3,t5)0.46:0.15415067982725836)0.95:0.9808292530117262));
Weight calculation took 0.023482759 secs
ASTRAL finished in 0.366 secs
