
================== ASTRAL ===================== 

This is ASTRAL version 5.7.8
Gene trees are treated as unrooted
85 trees read from tmp_quartet_IWkna3u1ZriUD.txt
index0
All output trees will be *arbitrarily* rooted at t8
201 extra trees read from tmp_bipartitions_IWkna3u1ZriUD.bootstrap.trees

======== Running the main analysis
Number of taxa: 10 (10 species)
Taxa: [t8, t9, t3, t4, t5, t2, t6, t1, t10, t7]
Taxon occupancy: {t4=40, t5=30, t6=18, t10=28, t7=33, t8=36, t9=54, t1=34, t2=38, t3=29}
Number of gene trees: 85
85 trees have missing taxa
Calculating quartet distance matrix (for completion of X)
Species tree distances calculated ...
Will attempt to complete bipartitions from X before adding using a distance matrix.
Building set of clusters (X) from gene trees 
------------------------------
gradient0: 73
Number of Clusters after addition by distance: 73
calculating extra bipartitions to be added at level 1 ...
Adding to X using resolutions of greedy consensus ...
Limit for sigma of degrees:300
polytomy size limit : 3
discarded polytomies:  []
Threshold 0.0:
Threshold 0.01:
Threshold 0.02:
Threshold 0.05:
Threshold 0.1:
Threshold 0.2:
Threshold 0.3333333333333333:
max k is :0
Number of Clusters after addition by greedy: 73
gradient0 in heuristiic: 73
calculating extra bipartitions from extra input trees ...
Number of Clusters after additions from extra trees: 151
partitions formed in 0.158 secs
Dynamic Programming starting after 0.158 secs
Using tree-based weight calculation.
Using polytree-based weight calculation.
Polytree max score: 85
Polytree building time: 0.008 seconds.
Number of quartet trees in the gene trees: 85
Size of largest cluster: 10
Greedy score: 85
estimationFactor: 1.0
Sub-optimal score: 85
Total Number of elements weighted: 114
Normalized score (portion of input quartet trees satisfied before correcting for multiple individuals): 1.0
Optimization score: 85
Optimal tree inferred in 0.227 secs.
(t9,(t8,(t1,(t6,(t3,((t2,t7),(t10,(t4,t5))))))));
Final quartet score is: 85
Final normalized quartet score is: 1.0
You may want to ignore posterior probabilities and other statistics related to the following branch branch because the effective number of genes impacting it is only 13:
	{t2, t7}
You may want to ignore posterior probabilities and other statistics related to the following branch branch because the effective number of genes impacting it is only 1:
	{t4, t5}
You may want to ignore posterior probabilities and other statistics related to the following branch branch because the effective number of genes impacting it is only 5:
	{t4, t5, t10}
You may want to ignore posterior probabilities and other statistics related to the following branch branch because the effective number of genes impacting it is only 0:
	{t4, t5, t2, t10, t7}
You may want to ignore posterior probabilities and other statistics related to the following branch branch because the effective number of genes impacting it is only 0:
	{t3, t4, t5, t2, t10, t7}
You may want to ignore posterior probabilities and other statistics related to the following branch branch because the effective number of genes impacting it is only 7:
	{t3, t4, t5, t2, t6, t10, t7}
You may want to ignore posterior probabilities and other statistics related to the following branch branch because the effective number of genes impacting it is only 6:
	{t3, t4, t5, t2, t6, t1, t10, t7}
Extended species tree:
(t8,((t1,(t6,(t3,((t2,t7)1:2.2335922215070947,(t10,(t4,t5)0.67:0.2876820724517809)0.99:1.3862943611198908)0.33:0.0)0.33:0.0)1:1.6739764335716716)1:1.5404450409471486,t9));
Weight calculation took 0.022498706 secs
ASTRAL finished in 0.364 secs
