
================== ASTRAL ===================== 

This is ASTRAL version 5.7.8
Gene trees are treated as unrooted
135 trees read from tmp_quartet_IWkna3u1ZriUD.txt
index0
All output trees will be *arbitrarily* rooted at t5
201 extra trees read from tmp_bipartitions_IWkna3u1ZriUD.bootstrap.trees

======== Running the main analysis
Number of taxa: 10 (10 species)
Taxa: [t5, t6, t2, t8, t10, t7, t9, t3, t4, t1]
Taxon occupancy: {t4=50, t5=89, t6=77, t10=17, t7=28, t8=85, t9=59, t1=34, t2=54, t3=47}
Number of gene trees: 135
135 trees have missing taxa
Calculating quartet distance matrix (for completion of X)
Species tree distances calculated ...
Will attempt to complete bipartitions from X before adding using a distance matrix.
Building set of clusters (X) from gene trees 
------------------------------
gradient0: 95
Number of Clusters after addition by distance: 95
calculating extra bipartitions to be added at level 1 ...
Adding to X using resolutions of greedy consensus ...
Limit for sigma of degrees:300
polytomy size limit : 3
discarded polytomies:  []
Threshold 0.0:
Threshold 0.01:
Threshold 0.02:
Threshold 0.05:
Threshold 0.1:
Threshold 0.2:
Threshold 0.3333333333333333:
max k is :0
Number of Clusters after addition by greedy: 95
gradient0 in heuristiic: 95
calculating extra bipartitions from extra input trees ...
Number of Clusters after additions from extra trees: 169
partitions formed in 0.182 secs
Dynamic Programming starting after 0.182 secs
Using tree-based weight calculation.
Using polytree-based weight calculation.
Polytree max score: 135
Polytree building time: 0.008 seconds.
Number of quartet trees in the gene trees: 135
Size of largest cluster: 10
Greedy score: 132
estimationFactor: 1.0227272727272727
Sub-optimal score: 132
Total Number of elements weighted: 139
Normalized score (portion of input quartet trees satisfied before correcting for multiple individuals): 0.9777777777777777
Optimization score: 132
Optimal tree inferred in 0.251 secs.
(t6,(t5,(t10,(t1,(t7,(t9,(t4,(t3,(t2,t8)))))))));
Final quartet score is: 132
Final normalized quartet score is: 0.9777777777777777
You may want to ignore posterior probabilities and other statistics related to the following branch branch because the effective number of genes impacting it is only 2:
	{t2, t8}
You may want to ignore posterior probabilities and other statistics related to the following branch branch because the effective number of genes impacting it is only 14:
	{t2, t8, t3}
You may want to ignore posterior probabilities and other statistics related to the following branch branch because the effective number of genes impacting it is only 0:
	{t2, t8, t3, t4}
You may want to ignore posterior probabilities and other statistics related to the following branch branch because the effective number of genes impacting it is only 11:
	{t2, t8, t9, t3, t4}
You may want to ignore posterior probabilities and other statistics related to the following branch branch because the effective number of genes impacting it is only 2:
	{t2, t8, t7, t9, t3, t4}
You may want to ignore posterior probabilities and other statistics related to the following branch branch because the effective number of genes impacting it is only 0:
	{t2, t8, t7, t9, t3, t4, t1}
You may want to ignore posterior probabilities and other statistics related to the following branch branch because the effective number of genes impacting it is only 7:
	{t2, t8, t10, t7, t9, t3, t4, t1}
Extended species tree:
(t5,((t10,(t1,(t7,(t9,(t4,(t3,(t2,t8)0.87:0.6931471805599453)1:2.302585092994046)0.33:0.0)0.98:0.6931471805599453)0.87:0.6931471805599453)0.33:0.0)1:1.6739764335716716,t6));
Weight calculation took 0.007975922 secs
ASTRAL finished in 0.381 secs
