
================== ASTRAL ===================== 

This is ASTRAL version 5.7.8
Gene trees are treated as unrooted
72 trees read from tmp_quartet_IWkna3u1ZriUD.txt
index0
All output trees will be *arbitrarily* rooted at t10
201 extra trees read from tmp_bipartitions_IWkna3u1ZriUD.bootstrap.trees

======== Running the main analysis
Number of taxa: 10 (10 species)
Taxa: [t10, t6, t4, t8, t5, t7, t2, t3, t9, t1]
Taxon occupancy: {t4=40, t5=27, t10=47, t6=46, t7=19, t8=51, t9=23, t1=11, t2=9, t3=15}
Number of gene trees: 72
72 trees have missing taxa
Calculating quartet distance matrix (for completion of X)
Species tree distances calculated ...
Will attempt to complete bipartitions from X before adding using a distance matrix.
Building set of clusters (X) from gene trees 
------------------------------
gradient0: 87
Number of Clusters after addition by distance: 87
calculating extra bipartitions to be added at level 1 ...
Adding to X using resolutions of greedy consensus ...
Limit for sigma of degrees:300
polytomy size limit : 3
discarded polytomies:  []
Threshold 0.0:
Threshold 0.01:
Threshold 0.02:
Threshold 0.05:
Threshold 0.1:
Threshold 0.2:
Threshold 0.3333333333333333:
max k is :0
Number of Clusters after addition by greedy: 87
gradient0 in heuristiic: 87
calculating extra bipartitions from extra input trees ...
Number of Clusters after additions from extra trees: 131
partitions formed in 0.156 secs
Dynamic Programming starting after 0.156 secs
Using tree-based weight calculation.
Using polytree-based weight calculation.
Polytree max score: 72
Polytree building time: 0.007 seconds.
Number of quartet trees in the gene trees: 72
Size of largest cluster: 10
Greedy score: 58
estimationFactor: 1.2413793103448276
Sub-optimal score: 63
Total Number of elements weighted: 193
Normalized score (portion of input quartet trees satisfied before correcting for multiple individuals): 0.9027777777777778
Optimization score: 65
Optimal tree inferred in 0.217 secs.
(t6,(t10,(t1,((t4,t8),(t7,(t3,(t2,(t5,t9))))))));
Final quartet score is: 65
Final normalized quartet score is: 0.9027777777777778
You may want to ignore posterior probabilities and other statistics related to the following branch branch because the effective number of genes impacting it is only 10:
	{t4, t8}
You may want to ignore posterior probabilities and other statistics related to the following branch branch because the effective number of genes impacting it is only 1:
	{t5, t9}
You may want to ignore posterior probabilities and other statistics related to the following branch branch because the effective number of genes impacting it is only 0:
	{t5, t2, t9}
You may want to ignore posterior probabilities and other statistics related to the following branch branch because the effective number of genes impacting it is only 2:
	{t5, t2, t3, t9}
You may want to ignore posterior probabilities and other statistics related to the following branch branch because the effective number of genes impacting it is only 4:
	{t5, t7, t2, t3, t9}
You may want to ignore posterior probabilities and other statistics related to the following branch branch because the effective number of genes impacting it is only 2:
	{t4, t8, t5, t7, t2, t3, t9}
You may want to ignore posterior probabilities and other statistics related to the following branch branch because the effective number of genes impacting it is only 3:
	{t4, t8, t5, t7, t2, t3, t9, t1}
Extended species tree:
(t10,((t1,((t4,t8)0.62:0.20067069546215124,(t7,(t3,(t2,(t5,t9)0.67:0.2876820724517809)0.33:0.0)0.87:0.6931471805599453)0.98:1.2039728043259361)0.87:0.6931471805599453)0.95:0.9808292530117262,t6));
Weight calculation took 0.01009047 secs
ASTRAL finished in 0.356 secs
