
================== ASTRAL ===================== 

This is ASTRAL version 5.7.8
Gene trees are treated as unrooted
68 trees read from tmp_quartet_IWkna3u1ZriUD.txt
index0
All output trees will be *arbitrarily* rooted at t5
201 extra trees read from tmp_bipartitions_IWkna3u1ZriUD.bootstrap.trees

======== Running the main analysis
Number of taxa: 10 (10 species)
Taxa: [t5, t8, t2, t3, t4, t10, t1, t9, t7, t6]
Taxon occupancy: {t4=33, t5=39, t10=21, t6=11, t7=27, t8=31, t9=27, t1=17, t2=34, t3=32}
Number of gene trees: 68
68 trees have missing taxa
Calculating quartet distance matrix (for completion of X)
Species tree distances calculated ...
Will attempt to complete bipartitions from X before adding using a distance matrix.
Building set of clusters (X) from gene trees 
------------------------------
gradient0: 53
Number of Clusters after addition by distance: 53
calculating extra bipartitions to be added at level 1 ...
Adding to X using resolutions of greedy consensus ...
Limit for sigma of degrees:300
polytomy size limit : 3
discarded polytomies:  []
Threshold 0.0:
Threshold 0.01:
Threshold 0.02:
Threshold 0.05:
Threshold 0.1:
Threshold 0.2:
Threshold 0.3333333333333333:
max k is :0
Number of Clusters after addition by greedy: 53
gradient0 in heuristiic: 53
calculating extra bipartitions from extra input trees ...
Number of Clusters after additions from extra trees: 125
partitions formed in 0.133 secs
Dynamic Programming starting after 0.133 secs
Using tree-based weight calculation.
Using polytree-based weight calculation.
Polytree max score: 68
Polytree building time: 0.01 seconds.
Number of quartet trees in the gene trees: 68
Size of largest cluster: 10
Greedy score: 62
estimationFactor: 1.096774193548387
Sub-optimal score: 62
Total Number of elements weighted: 157
Normalized score (portion of input quartet trees satisfied before correcting for multiple individuals): 0.9264705882352942
Optimization score: 63
Optimal tree inferred in 0.205 secs.
(t8,(t9,((t5,t4),(t3,(t6,(t2,(t10,(t1,t7))))))));
Final quartet score is: 63
Final normalized quartet score is: 0.9264705882352942
You may want to ignore posterior probabilities and other statistics related to the following branch branch because the effective number of genes impacting it is only 1:
	{t1, t7}
You may want to ignore posterior probabilities and other statistics related to the following branch branch because the effective number of genes impacting it is only 4:
	{t10, t1, t7}
You may want to ignore posterior probabilities and other statistics related to the following branch branch because the effective number of genes impacting it is only 1:
	{t2, t10, t1, t7}
You may want to ignore posterior probabilities and other statistics related to the following branch branch because the effective number of genes impacting it is only 3:
	{t2, t10, t1, t7, t6}
You may want to ignore posterior probabilities and other statistics related to the following branch branch because the effective number of genes impacting it is only 11:
	{t2, t3, t10, t1, t7, t6}
You may want to ignore posterior probabilities and other statistics related to the following branch branch because the effective number of genes impacting it is only 2:
	{t8, t9}
You may want to ignore posterior probabilities and other statistics related to the following branch branch because the effective number of genes impacting it is only 4:
	{t8, t2, t3, t10, t1, t9, t7, t6}
Extended species tree:
(t5,(t4,((t3,(t6,(t2,(t10,(t1,t7)0.67:0.2876820724517809)0.98:1.2039728043259361)0.67:0.2876820724517809)0.67:0.2876820724517809)0.91:0.4700036292457356,(t9,t8)0.87:0.6931471805599453)0.98:1.2039728043259361));
Weight calculation took 0.009397639 secs
ASTRAL finished in 0.344 secs
