
================== ASTRAL ===================== 

This is ASTRAL version 5.7.8
Gene trees are treated as unrooted
482 trees read from tmp_quartet_IWkna3u1ZriUD.txt
index0
All output trees will be *arbitrarily* rooted at t3
201 extra trees read from tmp_bipartitions_IWkna3u1ZriUD.bootstrap.trees

======== Running the main analysis
Number of taxa: 10 (10 species)
Taxa: [t3, t5, t2, t9, t6, t7, t4, t10, t8, t1]
Taxon occupancy: {t4=252, t5=108, t6=257, t10=158, t7=111, t8=180, t9=219, t1=185, t2=281, t3=177}
Number of gene trees: 482
482 trees have missing taxa
Calculating quartet distance matrix (for completion of X)
Species tree distances calculated ...
Will attempt to complete bipartitions from X before adding using a distance matrix.
Building set of clusters (X) from gene trees 
------------------------------
gradient0: 59
Number of Clusters after addition by distance: 59
calculating extra bipartitions to be added at level 1 ...
Adding to X using resolutions of greedy consensus ...
Limit for sigma of degrees:300
polytomy size limit : 3
discarded polytomies:  []
Threshold 0.0:
Threshold 0.01:
Threshold 0.02:
Threshold 0.05:
Threshold 0.1:
Threshold 0.2:
Threshold 0.3333333333333333:
max k is :0
Number of Clusters after addition by greedy: 59
gradient0 in heuristiic: 59
calculating extra bipartitions from extra input trees ...
Number of Clusters after additions from extra trees: 85
partitions formed in 0.237 secs
Dynamic Programming starting after 0.237 secs
Using tree-based weight calculation.
Using polytree-based weight calculation.
Polytree max score: 482
Polytree building time: 0.011 seconds.
Number of quartet trees in the gene trees: 482
Size of largest cluster: 10
Greedy score: 463
estimationFactor: 1.041036717062635
Sub-optimal score: 463
Total Number of elements weighted: 85
Normalized score (portion of input quartet trees satisfied before correcting for multiple individuals): 0.9605809128630706
Optimization score: 463
Optimal tree inferred in 0.33 secs.
(t5,(t3,(t7,((t1,(t2,t4)),(t6,(t8,(t9,t10)))))));
Final quartet score is: 463
Final normalized quartet score is: 0.9605809128630706
You may want to ignore posterior probabilities and other statistics related to the following branch branch because the effective number of genes impacting it is only 17:
	{t2, t4, t1}
You may want to ignore posterior probabilities and other statistics related to the following branch branch because the effective number of genes impacting it is only 1:
	{t9, t10, t8}
You may want to ignore posterior probabilities and other statistics related to the following branch branch because the effective number of genes impacting it is only 7:
	{t2, t9, t6, t4, t10, t8, t1}
You may want to ignore posterior probabilities and other statistics related to the following branch branch because the effective number of genes impacting it is only 8:
	{t2, t9, t6, t7, t4, t10, t8, t1}
Extended species tree:
(t3,((t7,((t1,(t2,t4)1:2.0794415416798353)1:1.3862943611198908,(t6,(t8,(t9,t10)0.99:0.5596157879354228)0.67:0.2876820724517809)1:2.178532444324067)0.99:0.9808292530117262)0.82:0.40546510810816444,t5));
Weight calculation took 0.02595862 secs
ASTRAL finished in 0.521 secs
