
================== ASTRAL ===================== 

This is ASTRAL version 5.7.8
Gene trees are treated as unrooted
626 trees read from tmp_quartet_IWkna3u1ZriUD.txt
index0
All output trees will be *arbitrarily* rooted at t10
201 extra trees read from tmp_bipartitions_IWkna3u1ZriUD.bootstrap.trees

======== Running the main analysis
Number of taxa: 10 (10 species)
Taxa: [t10, t9, t4, t6, t7, t8, t5, t2, t3, t1]
Taxon occupancy: {t4=191, t5=251, t10=352, t6=336, t7=314, t8=195, t9=346, t1=96, t2=215, t3=208}
Number of gene trees: 626
626 trees have missing taxa
Calculating quartet distance matrix (for completion of X)
Species tree distances calculated ...
Will attempt to complete bipartitions from X before adding using a distance matrix.
Building set of clusters (X) from gene trees 
------------------------------
gradient0: 57
Number of Clusters after addition by distance: 57
calculating extra bipartitions to be added at level 1 ...
Adding to X using resolutions of greedy consensus ...
Limit for sigma of degrees:300
polytomy size limit : 3
discarded polytomies:  []
Threshold 0.0:
Threshold 0.01:
Threshold 0.02:
Threshold 0.05:
Threshold 0.1:
Threshold 0.2:
Threshold 0.3333333333333333:
max k is :0
Number of Clusters after addition by greedy: 57
gradient0 in heuristiic: 57
calculating extra bipartitions from extra input trees ...
Number of Clusters after additions from extra trees: 83
partitions formed in 0.267 secs
Dynamic Programming starting after 0.267 secs
Using tree-based weight calculation.
Using polytree-based weight calculation.
Polytree max score: 626
Polytree building time: 0.011 seconds.
Number of quartet trees in the gene trees: 626
Size of largest cluster: 10
Greedy score: 616
estimationFactor: 1.0162337662337662
Sub-optimal score: 616
Total Number of elements weighted: 57
Normalized score (portion of input quartet trees satisfied before correcting for multiple individuals): 0.9840255591054313
Optimization score: 616
Optimal tree inferred in 0.374 secs.
(t9,(t10,((t5,(t6,t7)),((t2,t3),(t1,(t4,t8))))));
Final quartet score is: 616
Final normalized quartet score is: 0.9840255591054313
You may want to ignore posterior probabilities and other statistics related to the following branch branch because the effective number of genes impacting it is only 2:
	{t4, t8}
You may want to ignore posterior probabilities and other statistics related to the following branch branch because the effective number of genes impacting it is only 0:
	{t4, t8, t1}
Extended species tree:
(t10,(((t5,(t6,t7)1:1.6739764335716716)1:1.5404450409471486,((t2,t3)1:3.0602707946915624,(t1,(t4,t8)0.87:0.6931471805599453)0.33:0.0)1:3.091042453358317)1:3.486355190002461,t9));
Weight calculation took 0.01537559 secs
ASTRAL finished in 0.582 secs
