
================== ASTRAL ===================== 

This is ASTRAL version 5.7.8
Gene trees are treated as unrooted
672 trees read from tmp_quartet_IWkna3u1ZriUD.txt
index0
All output trees will be *arbitrarily* rooted at t5
201 extra trees read from tmp_bipartitions_IWkna3u1ZriUD.bootstrap.trees

======== Running the main analysis
Number of taxa: 10 (10 species)
Taxa: [t5, t6, t2, t3, t9, t10, t1, t4, t7, t8]
Taxon occupancy: {t4=189, t5=251, t6=366, t10=396, t7=336, t8=177, t9=384, t1=137, t2=240, t3=212}
Number of gene trees: 672
672 trees have missing taxa
Calculating quartet distance matrix (for completion of X)
Species tree distances calculated ...
Will attempt to complete bipartitions from X before adding using a distance matrix.
Building set of clusters (X) from gene trees 
------------------------------
gradient0: 51
Number of Clusters after addition by distance: 51
calculating extra bipartitions to be added at level 1 ...
Adding to X using resolutions of greedy consensus ...
Limit for sigma of degrees:300
polytomy size limit : 3
discarded polytomies:  []
Threshold 0.0:
Threshold 0.01:
Threshold 0.02:
Threshold 0.05:
Threshold 0.1:
Threshold 0.2:
Threshold 0.3333333333333333:
max k is :0
Number of Clusters after addition by greedy: 51
gradient0 in heuristiic: 51
calculating extra bipartitions from extra input trees ...
Number of Clusters after additions from extra trees: 81
partitions formed in 0.281 secs
Dynamic Programming starting after 0.281 secs
Using tree-based weight calculation.
Using polytree-based weight calculation.
Polytree max score: 672
Polytree building time: 0.024 seconds.
Number of quartet trees in the gene trees: 672
Size of largest cluster: 10
Greedy score: 664
estimationFactor: 1.0120481927710843
Sub-optimal score: 664
Total Number of elements weighted: 63
Normalized score (portion of input quartet trees satisfied before correcting for multiple individuals): 0.9880952380952381
Optimization score: 664
Optimal tree inferred in 0.38 secs.
(t6,(t7,(t5,((t9,t10),(t4,(t1,(t8,(t2,t3))))))));
Final quartet score is: 664
Final normalized quartet score is: 0.9880952380952381
You may want to ignore posterior probabilities and other statistics related to the following branch branch because the effective number of genes impacting it is only 0:
	{t2, t3, t8}
You may want to ignore posterior probabilities and other statistics related to the following branch branch because the effective number of genes impacting it is only 16:
	{t2, t3, t1, t8}
You may want to ignore posterior probabilities and other statistics related to the following branch branch because the effective number of genes impacting it is only 16:
	{t2, t3, t1, t4, t8}
You may want to ignore posterior probabilities and other statistics related to the following branch branch because the effective number of genes impacting it is only 4:
	{t2, t3, t9, t10, t1, t4, t8}
You may want to ignore posterior probabilities and other statistics related to the following branch branch because the effective number of genes impacting it is only 15:
	{t6, t7}
Extended species tree:
(t5,(((t9,t10)1:3.4231762883809314,(t4,(t1,(t8,(t2,t3)1:2.8134107167600355)0.33:0.0)0.77:0.23052365861183224)1:2.4277482359480516)0.98:1.2039728043259361,(t7,t6)1:2.367123614131617));
Weight calculation took 0.015945018 secs
ASTRAL finished in 0.583 secs
