
================== ASTRAL ===================== 

This is ASTRAL version 5.7.8
Gene trees are treated as unrooted
152 trees read from tmp_quartet_IWkna3u1ZriUD.txt
index0
All output trees will be *arbitrarily* rooted at t7
201 extra trees read from tmp_bipartitions_IWkna3u1ZriUD.bootstrap.trees

======== Running the main analysis
Number of taxa: 10 (10 species)
Taxa: [t7, t8, t1, t2, t3, t5, t10, t6, t9, t4]
Taxon occupancy: {t4=21, t5=65, t10=75, t6=56, t7=73, t8=86, t9=40, t1=51, t2=66, t3=75}
Number of gene trees: 152
152 trees have missing taxa
Calculating quartet distance matrix (for completion of X)
Species tree distances calculated ...
Will attempt to complete bipartitions from X before adding using a distance matrix.
Building set of clusters (X) from gene trees 
------------------------------
gradient0: 69
Number of Clusters after addition by distance: 69
calculating extra bipartitions to be added at level 1 ...
Adding to X using resolutions of greedy consensus ...
Limit for sigma of degrees:300
polytomy size limit : 3
discarded polytomies:  []
Threshold 0.0:
Threshold 0.01:
Threshold 0.02:
Threshold 0.05:
Threshold 0.1:
Threshold 0.2:
Threshold 0.3333333333333333:
max k is :0
Number of Clusters after addition by greedy: 69
gradient0 in heuristiic: 69
calculating extra bipartitions from extra input trees ...
Number of Clusters after additions from extra trees: 121
partitions formed in 0.172 secs
Dynamic Programming starting after 0.172 secs
Using tree-based weight calculation.
Using polytree-based weight calculation.
Polytree max score: 152
Polytree building time: 0.009 seconds.
Number of quartet trees in the gene trees: 152
Size of largest cluster: 10
Greedy score: 146
estimationFactor: 1.0410958904109588
Sub-optimal score: 146
Total Number of elements weighted: 111
Normalized score (portion of input quartet trees satisfied before correcting for multiple individuals): 0.9605263157894737
Optimization score: 146
Optimal tree inferred in 0.26 secs.
(t8,(t10,(t7,(t5,(t4,(t9,(t6,(t1,(t2,t3)))))))));
Final quartet score is: 146
Final normalized quartet score is: 0.9605263157894737
You may want to ignore posterior probabilities and other statistics related to the following branch branch because the effective number of genes impacting it is only 9:
	{t2, t3}
You may want to ignore posterior probabilities and other statistics related to the following branch branch because the effective number of genes impacting it is only 2:
	{t1, t2, t3}
You may want to ignore posterior probabilities and other statistics related to the following branch branch because the effective number of genes impacting it is only 0:
	{t1, t2, t3, t6}
You may want to ignore posterior probabilities and other statistics related to the following branch branch because the effective number of genes impacting it is only 0:
	{t1, t2, t3, t6, t9}
You may want to ignore posterior probabilities and other statistics related to the following branch branch because the effective number of genes impacting it is only 3:
	{t1, t2, t3, t6, t9, t4}
You may want to ignore posterior probabilities and other statistics related to the following branch branch because the effective number of genes impacting it is only 10:
	{t1, t2, t3, t5, t6, t9, t4}
You may want to ignore posterior probabilities and other statistics related to the following branch branch because the effective number of genes impacting it is only 5:
	{t8, t10}
Extended species tree:
(t7,((t5,(t4,(t9,(t6,(t1,(t2,t3)1:1.8971199848858815)0.87:0.6931471805599453)0.33:0.0)0.33:0.0)0.95:0.9808292530117262)1:1.9924301646902058,(t10,t8)0.99:1.3862943611198908));
Weight calculation took 0.014863939 secs
ASTRAL finished in 0.413 secs
