
================== ASTRAL ===================== 

This is ASTRAL version 5.7.8
Gene trees are treated as unrooted
190 trees read from tmp_quartet_IWkna3u1ZriUD.txt
index0
All output trees will be *arbitrarily* rooted at t5
201 extra trees read from tmp_bipartitions_IWkna3u1ZriUD.bootstrap.trees

======== Running the main analysis
Number of taxa: 10 (10 species)
Taxa: [t5, t8, t4, t6, t9, t10, t2, t7, t1, t3]
Taxon occupancy: {t4=111, t5=72, t6=91, t10=72, t7=56, t8=71, t9=23, t1=93, t2=126, t3=45}
Number of gene trees: 190
190 trees have missing taxa
Calculating quartet distance matrix (for completion of X)
Species tree distances calculated ...
Will attempt to complete bipartitions from X before adding using a distance matrix.
Building set of clusters (X) from gene trees 
------------------------------
gradient0: 57
Number of Clusters after addition by distance: 57
calculating extra bipartitions to be added at level 1 ...
Adding to X using resolutions of greedy consensus ...
Limit for sigma of degrees:300
polytomy size limit : 3
discarded polytomies:  [3]
Threshold 0.0:
Threshold 0.01:
Threshold 0.02:
Threshold 0.05:
Threshold 0.1:
Threshold 0.2:
Threshold 0.3333333333333333:
polytomy of size 3; rounds with additions with at least 5 support: 0; clusters: 57
max k is :0
Number of Clusters after addition by greedy: 57
gradient0 in heuristiic: 57
calculating extra bipartitions from extra input trees ...
Number of Clusters after additions from extra trees: 97
partitions formed in 0.22 secs
Dynamic Programming starting after 0.22 secs
Using tree-based weight calculation.
Using polytree-based weight calculation.
Polytree max score: 190
Polytree building time: 0.009 seconds.
Number of quartet trees in the gene trees: 190
Size of largest cluster: 10
Greedy score: 178
estimationFactor: 1.0674157303370786
Sub-optimal score: 179
Total Number of elements weighted: 118
Normalized score (portion of input quartet trees satisfied before correcting for multiple individuals): 0.9421052631578948
Optimization score: 179
Optimal tree inferred in 0.305 secs.
(t8,(t5,((t10,(t4,t6)),(t3,((t9,t7),(t2,t1))))));
Final quartet score is: 179
Final normalized quartet score is: 0.9421052631578948
You may want to ignore posterior probabilities and other statistics related to the following branch branch because the effective number of genes impacting it is only 4:
	{t4, t6}
You may want to ignore posterior probabilities and other statistics related to the following branch branch because the effective number of genes impacting it is only 14:
	{t4, t6, t10}
You may want to ignore posterior probabilities and other statistics related to the following branch branch because the effective number of genes impacting it is only 3:
	{t9, t7}
You may want to ignore posterior probabilities and other statistics related to the following branch branch because the effective number of genes impacting it is only 7:
	{t2, t1}
You may want to ignore posterior probabilities and other statistics related to the following branch branch because the effective number of genes impacting it is only 8:
	{t9, t2, t7, t1}
You may want to ignore posterior probabilities and other statistics related to the following branch branch because the effective number of genes impacting it is only 0:
	{t9, t2, t7, t1, t3}
You may want to ignore posterior probabilities and other statistics related to the following branch branch because the effective number of genes impacting it is only 8:
	{t4, t6, t9, t10, t2, t7, t1, t3}
Extended species tree:
(t5,(((t10,(t4,t6)0.84:0.5108256237659905)1:2.302585092994046,(t3,((t9,t7)0.67:0.2876820724517809,(t2,t1)0.92:0.5753641449035618)0.47:0.1823215567939546)0.33:0.0)1:1.7917594692280545,t8));
Weight calculation took 0.032107071 secs
ASTRAL finished in 0.43 secs
