
================== ASTRAL ===================== 

This is ASTRAL version 5.7.8
Gene trees are treated as unrooted
219 trees read from tmp_quartet_IWkna3u1ZriUD.txt
index0
All output trees will be *arbitrarily* rooted at t3
201 extra trees read from tmp_bipartitions_IWkna3u1ZriUD.bootstrap.trees

======== Running the main analysis
Number of taxa: 10 (10 species)
Taxa: [t3, t4, t1, t2, t5, t8, t6, t10, t7, t9]
Taxon occupancy: {t4=114, t5=103, t6=101, t10=79, t7=40, t8=64, t9=37, t1=130, t2=147, t3=61}
Number of gene trees: 219
219 trees have missing taxa
Calculating quartet distance matrix (for completion of X)
Species tree distances calculated ...
Will attempt to complete bipartitions from X before adding using a distance matrix.
Building set of clusters (X) from gene trees 
------------------------------
gradient0: 53
Number of Clusters after addition by distance: 53
calculating extra bipartitions to be added at level 1 ...
Adding to X using resolutions of greedy consensus ...
Limit for sigma of degrees:300
polytomy size limit : 3
discarded polytomies:  []
Threshold 0.0:
Threshold 0.01:
Threshold 0.02:
Threshold 0.05:
Threshold 0.1:
Threshold 0.2:
Threshold 0.3333333333333333:
max k is :0
Number of Clusters after addition by greedy: 53
gradient0 in heuristiic: 53
calculating extra bipartitions from extra input trees ...
Number of Clusters after additions from extra trees: 89
partitions formed in 0.18 secs
Dynamic Programming starting after 0.18 secs
Using tree-based weight calculation.
Using polytree-based weight calculation.
Polytree max score: 219
Polytree building time: 0.009 seconds.
Number of quartet trees in the gene trees: 219
Size of largest cluster: 10
Greedy score: 210
estimationFactor: 1.042857142857143
Sub-optimal score: 210
Total Number of elements weighted: 80
Normalized score (portion of input quartet trees satisfied before correcting for multiple individuals): 0.958904109589041
Optimization score: 210
Optimal tree inferred in 0.265 secs.
(t4,((t6,t10),(t3,(t7,((t1,t2),(t9,(t5,t8)))))));
Final quartet score is: 210
Final normalized quartet score is: 0.958904109589041
You may want to ignore posterior probabilities and other statistics related to the following branch branch because the effective number of genes impacting it is only 9:
	{t1, t2}
You may want to ignore posterior probabilities and other statistics related to the following branch branch because the effective number of genes impacting it is only 1:
	{t5, t8}
You may want to ignore posterior probabilities and other statistics related to the following branch branch because the effective number of genes impacting it is only 4:
	{t5, t8, t9}
You may want to ignore posterior probabilities and other statistics related to the following branch branch because the effective number of genes impacting it is only 4:
	{t1, t2, t5, t8, t9}
You may want to ignore posterior probabilities and other statistics related to the following branch branch because the effective number of genes impacting it is only 4:
	{t1, t2, t5, t8, t7, t9}
You may want to ignore posterior probabilities and other statistics related to the following branch branch because the effective number of genes impacting it is only 5:
	{t6, t10}
You may want to ignore posterior probabilities and other statistics related to the following branch branch because the effective number of genes impacting it is only 7:
	{t4, t6, t10}
Extended species tree:
(t3,((t7,((t1,t2)1:1.8971199848858815,(t9,(t5,t8)0.67:0.2876820724517809)0.98:1.2039728043259361)0.98:1.2039728043259361)0.98:1.2039728043259361,((t6,t10)0.93:0.6931471805599453,t4)0.99:0.9808292530117262));
Weight calculation took 0.007757283 secs
ASTRAL finished in 0.41 secs
