
================== ASTRAL ===================== 

This is ASTRAL version 5.7.8
Gene trees are treated as unrooted
606 trees read from quartet_temp.txt
index0
All output trees will be *arbitrarily* rooted at t3

======== Running the main analysis
Number of taxa: 10 (10 species)
Taxa: [t3, t5, t1, t8, t10, t4, t2, t6, t7, t9]
Taxon occupancy: {t4=287, t5=281, t10=294, t6=211, t7=140, t8=217, t9=189, t1=240, t2=215, t3=350}
Number of gene trees: 606
606 trees have missing taxa
Calculating quartet distance matrix (for completion of X)
Species tree distances calculated ...
Will attempt to complete bipartitions from X before adding using a distance matrix.
Building set of clusters (X) from gene trees 
------------------------------
gradient0: 57
Number of Clusters after addition by distance: 57
calculating extra bipartitions to be added at level 1 ...
Adding to X using resolutions of greedy consensus ...
Limit for sigma of degrees:300
polytomy size limit : 3
discarded polytomies:  []
Threshold 0.0:
Threshold 0.01:
Threshold 0.02:
Threshold 0.05:
Threshold 0.1:
Threshold 0.2:
Threshold 0.3333333333333333:
max k is :0
Number of Clusters after addition by greedy: 57
gradient0 in heuristiic: 57
calculating all possible bipartitions ...
Number of Clusters After Adding All possible clusters: 1023
partitions formed in 0.073 secs
Dynamic Programming starting after 0.073 secs
Using tree-based weight calculation.
Using polytree-based weight calculation.
Polytree max score: 606
Polytree building time: 0.005 seconds.
Number of quartet trees in the gene trees: 606
Size of largest cluster: 10
Greedy score: 596
estimationFactor: 1.016778523489933
Sub-optimal score: 596
Total Number of elements weighted: 1051
Normalized score (portion of input quartet trees satisfied before correcting for multiple individuals): 0.9834983498349835
Optimization score: 596
Optimal tree inferred in 0.133 secs.
(t5,(t3,(t8,(t2,((t10,t4),(t1,(t7,(t6,t9))))))));
Final quartet score is: 596
Final normalized quartet score is: 0.9834983498349835
You may want to ignore posterior probabilities and other statistics related to the following branch branch because the effective number of genes impacting it is only 0:
	{t6, t9}
You may want to ignore posterior probabilities and other statistics related to the following branch branch because the effective number of genes impacting it is only 6:
	{t1, t6, t7, t9}
You may want to ignore posterior probabilities and other statistics related to the following branch branch because the effective number of genes impacting it is only 12:
	{t1, t10, t4, t6, t7, t9}
You may want to ignore posterior probabilities and other statistics related to the following branch branch because the effective number of genes impacting it is only 13:
	{t1, t10, t4, t2, t6, t7, t9}
Extended species tree:
(t3,((t8,(t2,((t10,t4)1:4.001254139156088,(t1,(t7,(t6,t9)0.33:0.0)1:3.0602707946915624)0.83:0.4418327522790392)1:1.0608719606852628)1:1.5404450409471486)1:1.5755363607584187,t5));
Weight calculation took 0.029904476 secs
ASTRAL finished in 0.183 secs
