
================== ASTRAL ===================== 

This is ASTRAL version 5.7.8
Gene trees are treated as unrooted
544 trees read from quartet_temp.txt
index0
All output trees will be *arbitrarily* rooted at t4

======== Running the main analysis
Number of taxa: 10 (10 species)
Taxa: [t4, t9, t2, t6, t10, t1, t5, t7, t8, t3]
Taxon occupancy: {t4=250, t5=200, t6=162, t10=283, t7=171, t8=233, t9=230, t1=297, t2=258, t3=92}
Number of gene trees: 544
544 trees have missing taxa
Calculating quartet distance matrix (for completion of X)
Species tree distances calculated ...
Will attempt to complete bipartitions from X before adding using a distance matrix.
Building set of clusters (X) from gene trees 
------------------------------
gradient0: 57
Number of Clusters after addition by distance: 57
calculating extra bipartitions to be added at level 1 ...
Adding to X using resolutions of greedy consensus ...
Limit for sigma of degrees:300
polytomy size limit : 3
discarded polytomies:  []
Threshold 0.0:
Threshold 0.01:
Threshold 0.02:
Threshold 0.05:
Threshold 0.1:
Threshold 0.2:
Threshold 0.3333333333333333:
max k is :0
Number of Clusters after addition by greedy: 57
gradient0 in heuristiic: 57
calculating all possible bipartitions ...
Number of Clusters After Adding All possible clusters: 1023
partitions formed in 0.06 secs
Dynamic Programming starting after 0.06 secs
Using tree-based weight calculation.
Using polytree-based weight calculation.
Polytree max score: 544
Polytree building time: 0.005 seconds.
Number of quartet trees in the gene trees: 544
Size of largest cluster: 10
Greedy score: 526
estimationFactor: 1.0342205323193916
Sub-optimal score: 528
Total Number of elements weighted: 1106
Normalized score (portion of input quartet trees satisfied before correcting for multiple individuals): 0.9705882352941176
Optimization score: 528
Optimal tree inferred in 0.122 secs.
(t9,(t10,(t8,((t4,t7),(t3,((t1,t5),(t2,t6)))))));
Final quartet score is: 528
Final normalized quartet score is: 0.9705882352941176
You may want to ignore posterior probabilities and other statistics related to the following branch branch because the effective number of genes impacting it is only 6:
	{t1, t5}
You may want to ignore posterior probabilities and other statistics related to the following branch branch because the effective number of genes impacting it is only 12:
	{t2, t6}
You may want to ignore posterior probabilities and other statistics related to the following branch branch because the effective number of genes impacting it is only 8:
	{t2, t6, t1, t5}
You may want to ignore posterior probabilities and other statistics related to the following branch branch because the effective number of genes impacting it is only 16:
	{t2, t6, t1, t5, t3}
You may want to ignore posterior probabilities and other statistics related to the following branch branch because the effective number of genes impacting it is only 19:
	{t9, t10}
You may want to ignore posterior probabilities and other statistics related to the following branch branch because the effective number of genes impacting it is only 2:
	{t9, t2, t6, t10, t1, t5, t8, t3}
Extended species tree:
(t4,(t7,((t3,((t1,t5)0.97:0.8472978603872037,(t2,t6)0.99:0.7731898882334817)1:1.7917594692280545)1:2.4277482359480516,(t8,(t10,t9)1:0.9808292530117262)1:1.6094379124341005)0.87:0.6931471805599453));
Weight calculation took 0.032876044 secs
ASTRAL finished in 0.167 secs
