
================== ASTRAL ===================== 

This is ASTRAL version 5.7.8
Gene trees are treated as unrooted
491 trees read from quartet_temp.txt
index0
All output trees will be *arbitrarily* rooted at t4

======== Running the main analysis
Number of taxa: 10 (10 species)
Taxa: [t4, t9, t2, t3, t8, t5, t6, t7, t1, t10]
Taxon occupancy: {t4=190, t5=317, t6=292, t10=127, t7=123, t8=262, t9=181, t1=122, t2=167, t3=183}
Number of gene trees: 491
491 trees have missing taxa
Calculating quartet distance matrix (for completion of X)
Species tree distances calculated ...
Will attempt to complete bipartitions from X before adding using a distance matrix.
Building set of clusters (X) from gene trees 
------------------------------
gradient0: 47
Number of Clusters after addition by distance: 47
calculating extra bipartitions to be added at level 1 ...
Adding to X using resolutions of greedy consensus ...
Limit for sigma of degrees:300
polytomy size limit : 3
discarded polytomies:  []
Threshold 0.0:
Threshold 0.01:
Threshold 0.02:
Threshold 0.05:
Threshold 0.1:
Threshold 0.2:
Threshold 0.3333333333333333:
max k is :0
Number of Clusters after addition by greedy: 47
gradient0 in heuristiic: 47
calculating all possible bipartitions ...
Number of Clusters After Adding All possible clusters: 1023
partitions formed in 0.058 secs
Dynamic Programming starting after 0.058 secs
Using tree-based weight calculation.
Using polytree-based weight calculation.
Polytree max score: 491
Polytree building time: 0.005 seconds.
Number of quartet trees in the gene trees: 491
Size of largest cluster: 10
Greedy score: 487
estimationFactor: 1.0082135523613962
Sub-optimal score: 487
Total Number of elements weighted: 964
Normalized score (portion of input quartet trees satisfied before correcting for multiple individuals): 0.9918533604887984
Optimization score: 487
Optimal tree inferred in 0.111 secs.
(t9,(t4,((t2,(t3,t8)),(t7,((t1,t10),(t5,t6))))));
Final quartet score is: 487
Final normalized quartet score is: 0.9918533604887984
You may want to ignore posterior probabilities and other statistics related to the following branch branch because the effective number of genes impacting it is only 5:
	{t3, t8}
You may want to ignore posterior probabilities and other statistics related to the following branch branch because the effective number of genes impacting it is only 9:
	{t2, t3, t8}
You may want to ignore posterior probabilities and other statistics related to the following branch branch because the effective number of genes impacting it is only 18:
	{t1, t10}
You may want to ignore posterior probabilities and other statistics related to the following branch branch because the effective number of genes impacting it is only 13:
	{t5, t6}
You may want to ignore posterior probabilities and other statistics related to the following branch branch because the effective number of genes impacting it is only 13:
	{t5, t6, t1, t10}
You may want to ignore posterior probabilities and other statistics related to the following branch branch because the effective number of genes impacting it is only 16:
	{t5, t6, t7, t1, t10}
You may want to ignore posterior probabilities and other statistics related to the following branch branch because the effective number of genes impacting it is only 2:
	{t2, t3, t8, t5, t6, t7, t1, t10}
Extended species tree:
(t4,(((t2,(t3,t8)0.99:1.3862943611198908)1:1.8971199848858815,(t7,((t1,t10)1:2.538973871058275,(t5,t6)1:2.2335922215070947)1:1.1349799328389845)1:2.4277482359480516)0.87:0.6931471805599453,t9));
Weight calculation took 0.024097823 secs
ASTRAL finished in 0.153 secs
