
================== ASTRAL ===================== 

This is ASTRAL version 5.7.8
Gene trees are treated as unrooted
759 trees read from quartet_temp.txt
index0
All output trees will be *arbitrarily* rooted at t10

======== Running the main analysis
Number of taxa: 10 (10 species)
Taxa: [t10, t8, t1, t7, t5, t2, t6, t9, t3, t4]
Taxon occupancy: {t4=198, t5=320, t10=340, t6=276, t7=397, t8=354, t9=155, t1=240, t2=396, t3=360}
Number of gene trees: 759
759 trees have missing taxa
Calculating quartet distance matrix (for completion of X)
Species tree distances calculated ...
Will attempt to complete bipartitions from X before adding using a distance matrix.
Building set of clusters (X) from gene trees 
------------------------------
gradient0: 45
Number of Clusters after addition by distance: 45
calculating extra bipartitions to be added at level 1 ...
Adding to X using resolutions of greedy consensus ...
Limit for sigma of degrees:300
polytomy size limit : 3
discarded polytomies:  []
Threshold 0.0:
Threshold 0.01:
Threshold 0.02:
Threshold 0.05:
Threshold 0.1:
Threshold 0.2:
Threshold 0.3333333333333333:
max k is :0
Number of Clusters after addition by greedy: 45
gradient0 in heuristiic: 45
calculating all possible bipartitions ...
Number of Clusters After Adding All possible clusters: 1023
partitions formed in 0.075 secs
Dynamic Programming starting after 0.075 secs
Using tree-based weight calculation.
Using polytree-based weight calculation.
Polytree max score: 759
Polytree building time: 0.006 seconds.
Number of quartet trees in the gene trees: 759
Size of largest cluster: 10
Greedy score: 745
estimationFactor: 1.018791946308725
Sub-optimal score: 745
Total Number of elements weighted: 1079
Normalized score (portion of input quartet trees satisfied before correcting for multiple individuals): 0.9815546772068511
Optimization score: 745
Optimal tree inferred in 0.147 secs.
(t8,(t10,(t7,(t5,(t6,(t9,(t4,(t1,(t2,t3)))))))));
Final quartet score is: 745
Final normalized quartet score is: 0.9815546772068511
You may want to ignore posterior probabilities and other statistics related to the following branch branch because the effective number of genes impacting it is only 14:
	{t2, t3}
You may want to ignore posterior probabilities and other statistics related to the following branch branch because the effective number of genes impacting it is only 19:
	{t1, t2, t3}
You may want to ignore posterior probabilities and other statistics related to the following branch branch because the effective number of genes impacting it is only 1:
	{t1, t2, t9, t3, t4}
You may want to ignore posterior probabilities and other statistics related to the following branch branch because the effective number of genes impacting it is only 18:
	{t1, t7, t5, t2, t6, t9, t3, t4}
Extended species tree:
(t10,((t7,(t5,(t6,(t9,(t4,(t1,(t2,t3)1:2.302585092994046)0.67:0.2876820724517809)1:2.6390573296152575)0.67:0.2876820724517809)1:1.8632184332102)1:3.205452804536062)1:1.8458266904983307,t8));
Weight calculation took 0.038818186 secs
ASTRAL finished in 0.199 secs
