
================== ASTRAL ===================== 

This is ASTRAL version 5.7.8
Gene trees are treated as unrooted
303 trees read from quartet_temp.txt
index0
All output trees will be *arbitrarily* rooted at t7

======== Running the main analysis
Number of taxa: 10 (10 species)
Taxa: [t7, t8, t1, t2, t3, t4, t9, t5, t6, t10]
Taxon occupancy: {t4=115, t5=114, t6=128, t10=93, t7=137, t8=80, t9=85, t1=162, t2=170, t3=128}
Number of gene trees: 303
303 trees have missing taxa
Calculating quartet distance matrix (for completion of X)
Species tree distances calculated ...
Will attempt to complete bipartitions from X before adding using a distance matrix.
Building set of clusters (X) from gene trees 
------------------------------
gradient0: 71
Number of Clusters after addition by distance: 71
calculating extra bipartitions to be added at level 1 ...
Adding to X using resolutions of greedy consensus ...
Limit for sigma of degrees:300
polytomy size limit : 3
discarded polytomies:  []
Threshold 0.0:
Threshold 0.01:
Threshold 0.02:
Threshold 0.05:
Threshold 0.1:
Threshold 0.2:
Threshold 0.3333333333333333:
max k is :0
Number of Clusters after addition by greedy: 71
gradient0 in heuristiic: 71
calculating all possible bipartitions ...
Number of Clusters After Adding All possible clusters: 1023
partitions formed in 0.052 secs
Dynamic Programming starting after 0.052 secs
Using tree-based weight calculation.
Using polytree-based weight calculation.
Polytree max score: 303
Polytree building time: 0.004 seconds.
Number of quartet trees in the gene trees: 303
Size of largest cluster: 10
Greedy score: 264
estimationFactor: 1.1477272727272727
Sub-optimal score: 280
Total Number of elements weighted: 1596
Normalized score (portion of input quartet trees satisfied before correcting for multiple individuals): 0.9537953795379538
Optimization score: 289
Optimal tree inferred in 0.114 secs.
(t8,(((t1,t4),(t2,t5)),(t3,((t9,t10),(t7,t6)))));
Final quartet score is: 289
Final normalized quartet score is: 0.9537953795379538
You may want to ignore posterior probabilities and other statistics related to the following branch branch because the effective number of genes impacting it is only 1:
	{t9, t10}
You may want to ignore posterior probabilities and other statistics related to the following branch branch because the effective number of genes impacting it is only 7:
	{t1, t4}
You may want to ignore posterior probabilities and other statistics related to the following branch branch because the effective number of genes impacting it is only 5:
	{t1, t2, t4, t5}
You may want to ignore posterior probabilities and other statistics related to the following branch branch because the effective number of genes impacting it is only 13:
	{t8, t1, t2, t3, t4, t5}
You may want to ignore posterior probabilities and other statistics related to the following branch branch because the effective number of genes impacting it is only 17:
	{t8, t1, t2, t3, t4, t9, t5, t10}
Extended species tree:
(t7,(t6,((t9,t10)0.67:0.2876820724517809,(t3,(((t1,t4)1:1.6739764335716716,(t2,t5)1:2.772588722239782)0.99:1.3862943611198908,t8)1:0.784118958765672)1:1.1349799328389845)1:2.484906649788));
Weight calculation took 0.034006445 secs
ASTRAL finished in 0.153 secs
