
================== ASTRAL ===================== 

This is ASTRAL version 5.7.8
Gene trees are treated as unrooted
438 trees read from quartet_temp.txt
index0
All output trees will be *arbitrarily* rooted at t2

======== Running the main analysis
Number of taxa: 10 (10 species)
Taxa: [t2, t7, t1, t6, t8, t9, t10, t4, t3, t5]
Taxon occupancy: {t4=187, t5=159, t6=95, t10=169, t7=136, t8=236, t9=277, t1=156, t2=161, t3=176}
Number of gene trees: 438
438 trees have missing taxa
Calculating quartet distance matrix (for completion of X)
Species tree distances calculated ...
Will attempt to complete bipartitions from X before adding using a distance matrix.
Building set of clusters (X) from gene trees 
------------------------------
gradient0: 53
Number of Clusters after addition by distance: 53
calculating extra bipartitions to be added at level 1 ...
Adding to X using resolutions of greedy consensus ...
Limit for sigma of degrees:300
polytomy size limit : 3
discarded polytomies:  []
Threshold 0.0:
Threshold 0.01:
Threshold 0.02:
Threshold 0.05:
Threshold 0.1:
Threshold 0.2:
Threshold 0.3333333333333333:
max k is :0
Number of Clusters after addition by greedy: 53
gradient0 in heuristiic: 53
calculating all possible bipartitions ...
Number of Clusters After Adding All possible clusters: 1023
partitions formed in 0.057 secs
Dynamic Programming starting after 0.057 secs
Using tree-based weight calculation.
Using polytree-based weight calculation.
Polytree max score: 438
Polytree building time: 0.004 seconds.
Number of quartet trees in the gene trees: 438
Size of largest cluster: 10
Greedy score: 434
estimationFactor: 1.0092165898617511
Sub-optimal score: 434
Total Number of elements weighted: 1101
Normalized score (portion of input quartet trees satisfied before correcting for multiple individuals): 0.9908675799086758
Optimization score: 434
Optimal tree inferred in 0.108 secs.
(t7,(t2,((t1,(t8,t9)),(t6,(t3,(t5,(t10,t4)))))));
Final quartet score is: 434
Final normalized quartet score is: 0.9908675799086758
You may want to ignore posterior probabilities and other statistics related to the following branch branch because the effective number of genes impacting it is only 17:
	{t8, t9}
You may want to ignore posterior probabilities and other statistics related to the following branch branch because the effective number of genes impacting it is only 11:
	{t10, t4}
You may want to ignore posterior probabilities and other statistics related to the following branch branch because the effective number of genes impacting it is only 9:
	{t10, t4, t5}
You may want to ignore posterior probabilities and other statistics related to the following branch branch because the effective number of genes impacting it is only 5:
	{t10, t4, t3, t5}
You may want to ignore posterior probabilities and other statistics related to the following branch branch because the effective number of genes impacting it is only 0:
	{t6, t10, t4, t3, t5}
You may want to ignore posterior probabilities and other statistics related to the following branch branch because the effective number of genes impacting it is only 11:
	{t1, t6, t8, t9, t10, t4, t3, t5}
Extended species tree:
(t2,(((t1,(t8,t9)1:2.484906649788)1:3.149882953381249,(t6,(t3,(t5,(t10,t4)1:2.0794415416798353)0.93:0.5108256237659905)0.93:0.6931471805599453)0.33:0.0)1:2.0794415416798353,t7));
Weight calculation took 0.024076422 secs
ASTRAL finished in 0.15 secs
