
================== ASTRAL ===================== 

This is ASTRAL version 5.7.8
Gene trees are treated as unrooted
705 trees read from quartet_temp.txt
index0
All output trees will be *arbitrarily* rooted at t6

======== Running the main analysis
Number of taxa: 10 (10 species)
Taxa: [t6, t7, t1, t2, t9, t3, t5, t8, t4, t10]
Taxon occupancy: {t4=337, t5=325, t6=245, t10=268, t7=183, t8=283, t9=217, t1=309, t2=266, t3=387}
Number of gene trees: 705
705 trees have missing taxa
Calculating quartet distance matrix (for completion of X)
Species tree distances calculated ...
Will attempt to complete bipartitions from X before adding using a distance matrix.
Building set of clusters (X) from gene trees 
------------------------------
gradient0: 79
Number of Clusters after addition by distance: 79
calculating extra bipartitions to be added at level 1 ...
Adding to X using resolutions of greedy consensus ...
Limit for sigma of degrees:300
polytomy size limit : 3
discarded polytomies:  []
Threshold 0.0:
Threshold 0.01:
Threshold 0.02:
Threshold 0.05:
Threshold 0.1:
Threshold 0.2:
Threshold 0.3333333333333333:
max k is :0
Number of Clusters after addition by greedy: 79
gradient0 in heuristiic: 79
calculating all possible bipartitions ...
Number of Clusters After Adding All possible clusters: 1023
partitions formed in 0.082 secs
Dynamic Programming starting after 0.082 secs
Using tree-based weight calculation.
Using polytree-based weight calculation.
Polytree max score: 705
Polytree building time: 0.006 seconds.
Number of quartet trees in the gene trees: 705
Size of largest cluster: 10
Greedy score: 629
estimationFactor: 1.1208267090620032
Sub-optimal score: 642
Total Number of elements weighted: 3485
Normalized score (portion of input quartet trees satisfied before correcting for multiple individuals): 0.9163120567375886
Optimization score: 646
Optimal tree inferred in 0.193 secs.
(t7,((t6,t9),((t4,t10),(t1,(t2,(t8,(t3,t5)))))));
Final quartet score is: 646
Final normalized quartet score is: 0.9163120567375886
You may want to ignore posterior probabilities and other statistics related to the following branch branch because the effective number of genes impacting it is only 15:
	{t3, t5}
You may want to ignore posterior probabilities and other statistics related to the following branch branch because the effective number of genes impacting it is only 4:
	{t7, t1, t2, t3, t5, t8, t4, t10}
Extended species tree:
(t6,(t9,(((t4,t10)1:0.8472978603872037,(t1,(t2,(t8,(t3,t5)1:2.367123614131617)1:1.6486586255873816)1:0.6306268235786113)1:0.7205461547480597)1:1.1631508098056806,t7)0.98:1.2039728043259361));
Weight calculation took 0.073073625 secs
ASTRAL finished in 0.249 secs
