
================== ASTRAL ===================== 

This is ASTRAL version 5.7.8
Gene trees are treated as unrooted
5571 trees read from tmp_quartet_aTyZQkB122NsO.txt
index0
All output trees will be *arbitrarily* rooted at t4

======== Running the main analysis
Number of taxa: 10 (10 species)
Taxa: [t4, t5, t2, t3, t6, t7, t8, t9, t10, t1]
Taxon occupancy: {t4=1913, t5=1805, t6=2048, t10=2525, t7=2005, t8=1675, t9=2515, t1=1963, t2=2903, t3=2932}
Number of gene trees: 5571
5571 trees have missing taxa
Calculating quartet distance matrix (for completion of X)
Species tree distances calculated ...
Will attempt to complete bipartitions from X before adding using a distance matrix.
Building set of clusters (X) from gene trees 
------------------------------
gradient0: 83
Number of Clusters after addition by distance: 83
calculating extra bipartitions to be added at level 1 ...
Adding to X using resolutions of greedy consensus ...
Limit for sigma of degrees:300
polytomy size limit : 3
discarded polytomies:  []
Threshold 0.0:
Threshold 0.01:
Threshold 0.02:
Threshold 0.05:
Threshold 0.1:
Threshold 0.2:
Threshold 0.3333333333333333:
max k is :0
Number of Clusters after addition by greedy: 83
gradient0 in heuristiic: 83
calculating all possible bipartitions ...
Number of Clusters After Adding All possible clusters: 1023
partitions formed in 1.751 secs
Dynamic Programming starting after 1.751 secs
Using tree-based weight calculation.
Using polytree-based weight calculation.
Polytree max score: 5571
Polytree building time: 0.098 seconds.
Number of quartet trees in the gene trees: 5571
Size of largest cluster: 10
Greedy score: 5503
estimationFactor: 1.0123568962384155
Sub-optimal score: 5503
Total Number of elements weighted: 1019
Normalized score (portion of input quartet trees satisfied before correcting for multiple individuals): 0.9877939328666308
Optimization score: 5503
Optimal tree inferred in 2.674 secs.
(t5,((t6,t7),((t9,t10),((t4,t8),(t1,(t2,t3))))));
Final quartet score is: 5503
Final normalized quartet score is: 0.9877939328666308
Extended species tree:
(t4,(t8,((t1,(t2,t3)1:5.590986980510839)1:5.301645156640705,((t9,t10)1:3.4539479470476864,((t6,t7)1:1.6094379124341005,t5)1:1.2685113254635072)1:4.969813299575996)1:1.1651329710096723));
Weight calculation took 0.616698904 secs
ASTRAL finished in 3.146 secs
