
================== ASTRAL ===================== 

This is ASTRAL version 5.7.8
Gene trees are treated as unrooted
6754 trees read from tmp_quartet_aTyZQkB122NsO.txt
index0
All output trees will be *arbitrarily* rooted at t7

======== Running the main analysis
Number of taxa: 10 (10 species)
Taxa: [t7, t8, t1, t2, t3, t4, t5, t9, t10, t6]
Taxon occupancy: {t4=3332, t5=3145, t10=2633, t6=2414, t7=2431, t8=2202, t9=2585, t1=2337, t2=3119, t3=2818}
Number of gene trees: 6754
6754 trees have missing taxa
Calculating quartet distance matrix (for completion of X)
Species tree distances calculated ...
Will attempt to complete bipartitions from X before adding using a distance matrix.
Building set of clusters (X) from gene trees 
------------------------------
gradient0: 55
Number of Clusters after addition by distance: 55
calculating extra bipartitions to be added at level 1 ...
Adding to X using resolutions of greedy consensus ...
Limit for sigma of degrees:300
polytomy size limit : 3
discarded polytomies:  []
Threshold 0.0:
Threshold 0.01:
Threshold 0.02:
Threshold 0.05:
Threshold 0.1:
Threshold 0.2:
Threshold 0.3333333333333333:
max k is :0
Number of Clusters after addition by greedy: 55
gradient0 in heuristiic: 55
calculating all possible bipartitions ...
Number of Clusters After Adding All possible clusters: 1023
partitions formed in 1.792 secs
Dynamic Programming starting after 1.792 secs
Using tree-based weight calculation.
Using polytree-based weight calculation.
Polytree max score: 6754
Polytree building time: 0.114 seconds.
Number of quartet trees in the gene trees: 6754
Size of largest cluster: 10
Greedy score: 6666
estimationFactor: 1.0132013201320131
Sub-optimal score: 6686
Total Number of elements weighted: 1655
Normalized score (portion of input quartet trees satisfied before correcting for multiple individuals): 0.9899318922120225
Optimization score: 6686
Optimal tree inferred in 3.152 secs.
(t8,((t7,t6),(t9,(t10,(t1,((t4,t5),(t2,t3)))))));
Final quartet score is: 6686
Final normalized quartet score is: 0.9899318922120225
Extended species tree:
(t7,(t6,((t9,(t10,(t1,((t4,t5)1:5.062595033026979,(t2,t3)1:4.605170185988085)1:5.56834450376111)1:5.8692969131337644)0.93:0.3321338350226147)1:1.5755363607584187,t8)1:0.5690945318899663));
Weight calculation took 1.031548826 secs
ASTRAL finished in 3.648 secs
