
================== ASTRAL ===================== 

This is ASTRAL version 5.7.8
Gene trees are treated as unrooted
6181 trees read from tmp_quartet_aTyZQkB122NsO.txt
index0
All output trees will be *arbitrarily* rooted at t3

======== Running the main analysis
Number of taxa: 10 (10 species)
Taxa: [t3, t5, t1, t2, t4, t6, t7, t8, t10, t9]
Taxon occupancy: {t4=2909, t5=2051, t6=2613, t10=2138, t7=1976, t8=2350, t9=2546, t1=2789, t2=3162, t3=2190}
Number of gene trees: 6181
6181 trees have missing taxa
Calculating quartet distance matrix (for completion of X)
Species tree distances calculated ...
Will attempt to complete bipartitions from X before adding using a distance matrix.
Building set of clusters (X) from gene trees 
------------------------------
gradient0: 79
Number of Clusters after addition by distance: 79
calculating extra bipartitions to be added at level 1 ...
Adding to X using resolutions of greedy consensus ...
Limit for sigma of degrees:300
polytomy size limit : 3
discarded polytomies:  []
Threshold 0.0:
Threshold 0.01:
Threshold 0.02:
Threshold 0.05:
Threshold 0.1:
Threshold 0.2:
Threshold 0.3333333333333333:
max k is :0
Number of Clusters after addition by greedy: 79
gradient0 in heuristiic: 79
calculating all possible bipartitions ...
Number of Clusters After Adding All possible clusters: 1023
partitions formed in 1.686 secs
Dynamic Programming starting after 1.686 secs
Using tree-based weight calculation.
Using polytree-based weight calculation.
Polytree max score: 6181
Polytree building time: 0.1 seconds.
Number of quartet trees in the gene trees: 6181
Size of largest cluster: 10
Greedy score: 6109
estimationFactor: 1.0117858896709773
Sub-optimal score: 6109
Total Number of elements weighted: 844
Normalized score (portion of input quartet trees satisfied before correcting for multiple individuals): 0.9883513994499272
Optimization score: 6109
Optimal tree inferred in 2.524 secs.
(t5,((t1,(t2,t4)),(t3,(t7,(t6,(t8,(t10,t9)))))));
Final quartet score is: 6109
Final normalized quartet score is: 0.9883513994499272
Extended species tree:
(t3,((t7,(t6,(t8,(t10,t9)1:1.4916548767777167)1:0.9202046311952914)1:3.4897507790035998)1:3.742946675384209,((t1,(t2,t4)1:3.8213686371600164)1:4.079418912005427,t5)1:3.53934772014297));
Weight calculation took 0.510519693 secs
ASTRAL finished in 3.002 secs
