
================== ASTRAL ===================== 

This is ASTRAL version 5.7.8
Gene trees are treated as unrooted
4660 trees read from tmp_quartet_aTyZQkB122NsO.txt
index0
All output trees will be *arbitrarily* rooted at t2

======== Running the main analysis
Number of taxa: 10 (10 species)
Taxa: [t2, t3, t1, t4, t5, t6, t7, t8, t9, t10]
Taxon occupancy: {t4=1839, t5=1765, t6=1488, t10=1901, t7=2051, t8=2058, t9=1315, t1=1904, t2=2167, t3=2152}
Number of gene trees: 4660
4660 trees have missing taxa
Calculating quartet distance matrix (for completion of X)
Species tree distances calculated ...
Will attempt to complete bipartitions from X before adding using a distance matrix.
Building set of clusters (X) from gene trees 
------------------------------
gradient0: 57
Number of Clusters after addition by distance: 57
calculating extra bipartitions to be added at level 1 ...
Adding to X using resolutions of greedy consensus ...
Limit for sigma of degrees:300
polytomy size limit : 3
discarded polytomies:  []
Threshold 0.0:
Threshold 0.01:
Threshold 0.02:
Threshold 0.05:
Threshold 0.1:
Threshold 0.2:
Threshold 0.3333333333333333:
max k is :0
Number of Clusters after addition by greedy: 57
gradient0 in heuristiic: 57
calculating all possible bipartitions ...
Number of Clusters After Adding All possible clusters: 1023
partitions formed in 1.608 secs
Dynamic Programming starting after 1.608 secs
Using tree-based weight calculation.
Using polytree-based weight calculation.
Polytree max score: 4660
Polytree building time: 0.1 seconds.
Number of quartet trees in the gene trees: 4660
Size of largest cluster: 10
Greedy score: 4602
estimationFactor: 1.0126032159930465
Sub-optimal score: 4611
Total Number of elements weighted: 1020
Normalized score (portion of input quartet trees satisfied before correcting for multiple individuals): 0.9894849785407726
Optimization score: 4611
Optimal tree inferred in 2.265 secs.
(t3,(t2,((t1,t4),((t6,t9),(t5,(t7,(t8,t10)))))));
Final quartet score is: 4611
Final normalized quartet score is: 0.9894849785407726
Extended species tree:
(t2,(((t1,t4)1:4.127134385045093,((t6,t9)1:0.5753641449035618,(t5,(t7,(t8,t10)1:1.5404450409471486)1:3.688879454113933)1:1.916168179856576)1:6.006353159601733)1:3.5328752056373576,t3));
Weight calculation took 0.371202914 secs
ASTRAL finished in 2.711 secs
