
================== ASTRAL ===================== 

This is ASTRAL version 5.7.8
Gene trees are treated as unrooted
3905 trees read from tmp_quartet_aTyZQkB122NsO.txt
index0
All output trees will be *arbitrarily* rooted at t2

======== Running the main analysis
Number of taxa: 10 (10 species)
Taxa: [t2, t9, t1, t3, t4, t5, t6, t7, t8, t10]
Taxon occupancy: {t4=1408, t5=1547, t6=1427, t10=1371, t7=1402, t8=1587, t9=2134, t1=1242, t2=1959, t3=1543}
Number of gene trees: 3905
3905 trees have missing taxa
Calculating quartet distance matrix (for completion of X)
Species tree distances calculated ...
Will attempt to complete bipartitions from X before adding using a distance matrix.
Building set of clusters (X) from gene trees 
------------------------------
gradient0: 89
Number of Clusters after addition by distance: 89
calculating extra bipartitions to be added at level 1 ...
Adding to X using resolutions of greedy consensus ...
Limit for sigma of degrees:300
polytomy size limit : 3
discarded polytomies:  []
Threshold 0.0:
Threshold 0.01:
Threshold 0.02:
Threshold 0.05:
Threshold 0.1:
Threshold 0.2:
Threshold 0.3333333333333333:
max k is :0
Number of Clusters after addition by greedy: 89
gradient0 in heuristiic: 89
calculating all possible bipartitions ...
Number of Clusters After Adding All possible clusters: 1023
partitions formed in 1.198 secs
Dynamic Programming starting after 1.198 secs
Using tree-based weight calculation.
Using polytree-based weight calculation.
Polytree max score: 3905
Polytree building time: 0.072 seconds.
Number of quartet trees in the gene trees: 3905
Size of largest cluster: 10
Greedy score: 3786
estimationFactor: 1.0314315900686741
Sub-optimal score: 3786
Total Number of elements weighted: 1127
Normalized score (portion of input quartet trees satisfied before correcting for multiple individuals): 0.9695262483994879
Optimization score: 3786
Optimal tree inferred in 1.754 secs.
(t9,(t2,(t5,(t3,(t4,(t6,(t7,(t1,(t8,t10)))))))));
Final quartet score is: 3786
Final normalized quartet score is: 0.9695262483994879
You may want to ignore posterior probabilities and other statistics related to the following branch branch because the effective number of genes impacting it is only 15:
	{t8, t10}
Extended species tree:
(t2,((t5,(t3,(t4,(t6,(t7,(t1,(t8,t10)1:0.7576857016975165)1:0.4663738611951568)1:1.9136492868370918)1:3.117622091163029)1:2.3136349291806306)1:2.100060828882572)1:3.6198865826269824,t9));
Weight calculation took 0.305035523 secs
ASTRAL finished in 2.206 secs
