
================== ASTRAL ===================== 

This is ASTRAL version 5.7.8
Gene trees are treated as unrooted
4901 trees read from tmp_quartet_aTyZQkB122NsO.txt
index0
All output trees will be *arbitrarily* rooted at t3

======== Running the main analysis
Number of taxa: 10 (10 species)
Taxa: [t3, t8, t1, t2, t5, t6, t7, t9, t10, t4]
Taxon occupancy: {t4=1633, t5=1930, t6=1944, t10=1595, t7=1918, t8=1741, t9=1854, t1=2301, t2=2300, t3=2388}
Number of gene trees: 4901
4901 trees have missing taxa
Calculating quartet distance matrix (for completion of X)
Species tree distances calculated ...
Will attempt to complete bipartitions from X before adding using a distance matrix.
Building set of clusters (X) from gene trees 
------------------------------
gradient0: 67
Number of Clusters after addition by distance: 67
calculating extra bipartitions to be added at level 1 ...
Adding to X using resolutions of greedy consensus ...
Limit for sigma of degrees:300
polytomy size limit : 3
discarded polytomies:  []
Threshold 0.0:
Threshold 0.01:
Threshold 0.02:
Threshold 0.05:
Threshold 0.1:
Threshold 0.2:
Threshold 0.3333333333333333:
max k is :0
Number of Clusters after addition by greedy: 67
gradient0 in heuristiic: 67
calculating all possible bipartitions ...
Number of Clusters After Adding All possible clusters: 1023
partitions formed in 1.518 secs
Dynamic Programming starting after 1.518 secs
Using tree-based weight calculation.
Using polytree-based weight calculation.
Polytree max score: 4901
Polytree building time: 0.093 seconds.
Number of quartet trees in the gene trees: 4901
Size of largest cluster: 10
Greedy score: 4774
estimationFactor: 1.0266024298282364
Sub-optimal score: 4774
Total Number of elements weighted: 1144
Normalized score (portion of input quartet trees satisfied before correcting for multiple individuals): 0.9740869210365232
Optimization score: 4774
Optimal tree inferred in 2.223 secs.
(t8,(t3,((t1,t2),(t4,(t5,((t9,t10),(t6,t7)))))));
Final quartet score is: 4774
Final normalized quartet score is: 0.9740869210365232
Extended species tree:
(t3,(((t1,t2)1:4.330733340286328,(t4,(t5,((t9,t10)1:0.9363774904408925,(t6,t7)1:2.171249090932958)0.82:0.0993724738132036)1:4.6821312271242155)1:4.291980353989095)1:5.049856007249541,t8));
Weight calculation took 0.41551042 secs
ASTRAL finished in 2.685 secs
