
================== ASTRAL ===================== 

This is ASTRAL version 5.7.8
Gene trees are treated as unrooted
2968 trees read from tmp_quartet_RUV1FWWYrhu4K.txt
index0
All output trees will be *arbitrarily* rooted at t6
201 extra trees read from tmp_bipartitions_RUV1FWWYrhu4K.bootstrap.trees

======== Running the main analysis
Number of taxa: 10 (10 species)
Taxa: [t6, t7, t1, t2, t8, t9, t10, t3, t4, t5]
Taxon occupancy: {t4=1438, t5=1331, t6=1114, t10=1151, t7=962, t8=938, t9=1308, t1=1020, t2=1391, t3=1219}
Number of gene trees: 2968
2968 trees have missing taxa
Calculating quartet distance matrix (for completion of X)
Species tree distances calculated ...
Will attempt to complete bipartitions from X before adding using a distance matrix.
Building set of clusters (X) from gene trees 
------------------------------
gradient0: 63
Number of Clusters after addition by distance: 63
calculating extra bipartitions to be added at level 1 ...
Adding to X using resolutions of greedy consensus ...
Limit for sigma of degrees:300
polytomy size limit : 3
discarded polytomies:  []
Threshold 0.0:
Threshold 0.01:
Threshold 0.02:
Threshold 0.05:
Threshold 0.1:
Threshold 0.2:
Threshold 0.3333333333333333:
max k is :0
Number of Clusters after addition by greedy: 63
gradient0 in heuristiic: 63
calculating extra bipartitions from extra input trees ...
Number of Clusters after additions from extra trees: 79
partitions formed in 1.1 secs
Dynamic Programming starting after 1.113 secs
Using tree-based weight calculation.
Using polytree-based weight calculation.
Polytree max score: 2968
Polytree building time: 0.072 seconds.
Number of quartet trees in the gene trees: 2968
Size of largest cluster: 10
Greedy score: 2899
estimationFactor: 1.0238013107968265
Sub-optimal score: 2899
Total Number of elements weighted: 75
Normalized score (portion of input quartet trees satisfied before correcting for multiple individuals): 0.9767520215633423
Optimization score: 2899
Optimal tree inferred in 1.368 secs.
(t7,(t6,((t9,t10),(t8,(t1,((t4,t5),(t2,t3)))))));
Final quartet score is: 2899
Final normalized quartet score is: 0.9767520215633423
Extended species tree:
(t6,(((t9,t10)1:3.091042453358317,(t8,(t1,((t4,t5)1:3.433987204485147,(t2,t3)1:3.205452804536062)1:3.7135720667043093)1:2.342791513472086)0.6:0.08701137698962969)0.99:0.39304258810960735,t7));
Weight calculation took 0.064852884 secs
ASTRAL finished in 1.844 secs
