
================== ASTRAL ===================== 

This is ASTRAL version 5.7.8
Gene trees are treated as unrooted
2388 trees read from tmp_quartet_RUV1FWWYrhu4K.txt
index0
All output trees will be *arbitrarily* rooted at t3
201 extra trees read from tmp_bipartitions_RUV1FWWYrhu4K.bootstrap.trees

======== Running the main analysis
Number of taxa: 10 (10 species)
Taxa: [t3, t9, t2, t4, t6, t7, t10, t5, t1, t8]
Taxon occupancy: {t4=759, t5=813, t6=705, t10=1182, t7=1001, t8=980, t9=990, t1=933, t2=895, t3=1294}
Number of gene trees: 2388
2388 trees have missing taxa
Calculating quartet distance matrix (for completion of X)
Species tree distances calculated ...
Will attempt to complete bipartitions from X before adding using a distance matrix.
Building set of clusters (X) from gene trees 
------------------------------
gradient0: 71
Number of Clusters after addition by distance: 71
calculating extra bipartitions to be added at level 1 ...
Adding to X using resolutions of greedy consensus ...
Limit for sigma of degrees:300
polytomy size limit : 3
discarded polytomies:  []
Threshold 0.0:
Threshold 0.01:
Threshold 0.02:
Threshold 0.05:
Threshold 0.1:
Threshold 0.2:
Threshold 0.3333333333333333:
max k is :0
Number of Clusters after addition by greedy: 71
gradient0 in heuristiic: 71
calculating extra bipartitions from extra input trees ...
Number of Clusters after additions from extra trees: 87
partitions formed in 0.885 secs
Dynamic Programming starting after 0.885 secs
Using tree-based weight calculation.
Using polytree-based weight calculation.
Polytree max score: 2388
Polytree building time: 0.058 seconds.
Number of quartet trees in the gene trees: 2388
Size of largest cluster: 10
Greedy score: 2326
estimationFactor: 1.0266552020636286
Sub-optimal score: 2326
Total Number of elements weighted: 71
Normalized score (portion of input quartet trees satisfied before correcting for multiple individuals): 0.974036850921273
Optimization score: 2326
Optimal tree inferred in 1.111 secs.
(t9,(t10,(t3,(t1,((t7,t8),(t2,(t4,(t6,t5))))))));
Final quartet score is: 2326
Final normalized quartet score is: 0.974036850921273
You may want to ignore posterior probabilities and other statistics related to the following branch branch because the effective number of genes impacting it is only 13:
	{t6, t5}
Extended species tree:
(t3,((t1,((t7,t8)1:4.330733340286328,(t2,(t4,(t6,t5)0.77:0.2876820724517809)1:1.2039728043259361)1:0.6931471805599453)1:3.3369551129338006)1:1.7540191412452077,(t10,t9)1:1.4271163556401456));
Weight calculation took 0.04851582 secs
ASTRAL finished in 1.55 secs
