
================== ASTRAL ===================== 

This is ASTRAL version 5.7.8
Gene trees are treated as unrooted
2980 trees read from tmp_quartet_RUV1FWWYrhu4K.txt
index0
All output trees will be *arbitrarily* rooted at t3
201 extra trees read from tmp_bipartitions_RUV1FWWYrhu4K.bootstrap.trees

======== Running the main analysis
Number of taxa: 10 (10 species)
Taxa: [t3, t8, t1, t2, t4, t5, t6, t7, t9, t10]
Taxon occupancy: {t4=956, t5=1310, t6=1222, t10=730, t7=1187, t8=1011, t9=1119, t1=1511, t2=1429, t3=1445}
Number of gene trees: 2980
2980 trees have missing taxa
Calculating quartet distance matrix (for completion of X)
Species tree distances calculated ...
Will attempt to complete bipartitions from X before adding using a distance matrix.
Building set of clusters (X) from gene trees 
------------------------------
gradient0: 99
Number of Clusters after addition by distance: 99
calculating extra bipartitions to be added at level 1 ...
Adding to X using resolutions of greedy consensus ...
Limit for sigma of degrees:300
polytomy size limit : 3
discarded polytomies:  []
Threshold 0.0:
Threshold 0.01:
Threshold 0.02:
Threshold 0.05:
Threshold 0.1:
Threshold 0.2:
Threshold 0.3333333333333333:
max k is :0
Number of Clusters after addition by greedy: 99
gradient0 in heuristiic: 99
calculating extra bipartitions from extra input trees ...
Number of Clusters after additions from extra trees: 113
partitions formed in 1.157 secs
Dynamic Programming starting after 1.17 secs
Using tree-based weight calculation.
Using polytree-based weight calculation.
Polytree max score: 2980
Polytree building time: 0.057 seconds.
Number of quartet trees in the gene trees: 2980
Size of largest cluster: 10
Greedy score: 2872
estimationFactor: 1.0376044568245126
Sub-optimal score: 2872
Total Number of elements weighted: 93
Normalized score (portion of input quartet trees satisfied before correcting for multiple individuals): 0.963758389261745
Optimization score: 2872
Optimal tree inferred in 1.434 secs.
(t8,(t3,((t1,t2),(t4,((t6,t7),(t5,(t9,t10)))))));
Final quartet score is: 2872
Final normalized quartet score is: 0.963758389261745
Extended species tree:
(t3,(((t1,t2)1:1.5081841787289272,(t4,((t6,t7)1:2.224623551524333,(t5,(t9,t10)1:2.0794415416798353)1:1.1631508098056806)1:2.5672776472211285)1:1.3493898041844394)1:2.9901612285045367,t8));
Weight calculation took 0.06602934 secs
ASTRAL finished in 1.879 secs
