
================== ASTRAL ===================== 

This is ASTRAL version 5.7.8
Gene trees are treated as unrooted
3549 trees read from tmp_quartet_RUV1FWWYrhu4K.txt
index0
All output trees will be *arbitrarily* rooted at t3
201 extra trees read from tmp_bipartitions_RUV1FWWYrhu4K.bootstrap.trees

======== Running the main analysis
Number of taxa: 10 (10 species)
Taxa: [t3, t5, t1, t6, t7, t8, t9, t10, t4, t2]
Taxon occupancy: {t4=2043, t5=1807, t6=1249, t10=1402, t7=1450, t8=1540, t9=1217, t1=529, t2=878, t3=2081}
Number of gene trees: 3549
3549 trees have missing taxa
Calculating quartet distance matrix (for completion of X)
Species tree distances calculated ...
Will attempt to complete bipartitions from X before adding using a distance matrix.
Building set of clusters (X) from gene trees 
------------------------------
gradient0: 93
Number of Clusters after addition by distance: 93
calculating extra bipartitions to be added at level 1 ...
Adding to X using resolutions of greedy consensus ...
Limit for sigma of degrees:300
polytomy size limit : 3
discarded polytomies:  []
Threshold 0.0:
Threshold 0.01:
Threshold 0.02:
Threshold 0.05:
Threshold 0.1:
Threshold 0.2:
Threshold 0.3333333333333333:
max k is :0
Number of Clusters after addition by greedy: 93
gradient0 in heuristiic: 93
calculating extra bipartitions from extra input trees ...
Number of Clusters after additions from extra trees: 111
partitions formed in 1.195 secs
Dynamic Programming starting after 1.195 secs
Using tree-based weight calculation.
Using polytree-based weight calculation.
Polytree max score: 3549
Polytree building time: 0.09 seconds.
Number of quartet trees in the gene trees: 3549
Size of largest cluster: 10
Greedy score: 3402
estimationFactor: 1.0432098765432098
Sub-optimal score: 3402
Total Number of elements weighted: 115
Normalized score (portion of input quartet trees satisfied before correcting for multiple individuals): 0.9602704987320372
Optimization score: 3408
Optimal tree inferred in 1.524 secs.
(t5,((t3,t4),(t1,(t9,(t6,((t8,t10),(t7,t2)))))));
Final quartet score is: 3408
Final normalized quartet score is: 0.9602704987320372
You may want to ignore posterior probabilities and other statistics related to the following branch branch because the effective number of genes impacting it is only 18:
	{t6, t7, t8, t9, t10, t2}
Extended species tree:
(t3,(t4,((t1,(t9,(t6,((t8,t10)1:4.618415412738117,(t7,t2)1:1.4534336639575187)1:1.0414538748281608)0.92:0.21357410029805904)1:2.538973871058275)1:4.765018886929979,t5)1:1.59986846141795));
Weight calculation took 0.068049438 secs
ASTRAL finished in 2.02 secs
