
================== ASTRAL ===================== 

This is ASTRAL version 5.7.8
Gene trees are treated as unrooted
2162 trees read from tmp_quartet_RUV1FWWYrhu4K.txt
index0
All output trees will be *arbitrarily* rooted at t2
201 extra trees read from tmp_bipartitions_RUV1FWWYrhu4K.bootstrap.trees

======== Running the main analysis
Number of taxa: 10 (10 species)
Taxa: [t2, t3, t1, t4, t6, t10, t8, t9, t5, t7]
Taxon occupancy: {t4=943, t5=742, t6=833, t10=821, t7=849, t8=964, t9=992, t1=618, t2=902, t3=984}
Number of gene trees: 2162
2162 trees have missing taxa
Calculating quartet distance matrix (for completion of X)
Species tree distances calculated ...
Will attempt to complete bipartitions from X before adding using a distance matrix.
Building set of clusters (X) from gene trees 
------------------------------
gradient0: 83
Number of Clusters after addition by distance: 83
calculating extra bipartitions to be added at level 1 ...
Adding to X using resolutions of greedy consensus ...
Limit for sigma of degrees:300
polytomy size limit : 3
discarded polytomies:  []
Threshold 0.0:
Threshold 0.01:
Threshold 0.02:
Threshold 0.05:
Threshold 0.1:
Threshold 0.2:
Threshold 0.3333333333333333:
max k is :0
Number of Clusters after addition by greedy: 83
gradient0 in heuristiic: 83
calculating extra bipartitions from extra input trees ...
Number of Clusters after additions from extra trees: 99
partitions formed in 0.853 secs
Dynamic Programming starting after 0.853 secs
Using tree-based weight calculation.
Using polytree-based weight calculation.
Polytree max score: 2162
Polytree building time: 0.052 seconds.
Number of quartet trees in the gene trees: 2162
Size of largest cluster: 10
Greedy score: 2119
estimationFactor: 1.020292590844738
Sub-optimal score: 2119
Total Number of elements weighted: 87
Normalized score (portion of input quartet trees satisfied before correcting for multiple individuals): 0.9801110083256244
Optimization score: 2119
Optimal tree inferred in 1.066 secs.
(t3,((t5,(t2,t9)),(t4,(t6,(t7,(t8,(t1,t10)))))));
Final quartet score is: 2119
Final normalized quartet score is: 0.9801110083256244
You may want to ignore posterior probabilities and other statistics related to the following branch branch because the effective number of genes impacting it is only 17:
	{t1, t10}
You may want to ignore posterior probabilities and other statistics related to the following branch branch because the effective number of genes impacting it is only 19:
	{t3, t1, t4, t6, t10, t8, t7}
Extended species tree:
(t2,(t9,(t5,((t4,(t6,(t7,(t8,(t1,t10)0.77:0.2876820724517809)1:2.2192034840549946)1:2.302585092994046)1:3.0960802473882723)1:2.6548056865833978,t3)1:0.7985076962177715)1:4.238925791033211));
Weight calculation took 0.061912767 secs
ASTRAL finished in 1.482 secs
