
================== ASTRAL ===================== 

This is ASTRAL version 5.7.8
Gene trees are treated as unrooted
2122 trees read from tmp_quartet_RUV1FWWYrhu4K.txt
index0
All output trees will be *arbitrarily* rooted at t10
201 extra trees read from tmp_bipartitions_RUV1FWWYrhu4K.bootstrap.trees

======== Running the main analysis
Number of taxa: 10 (10 species)
Taxa: [t10, t4, t2, t6, t8, t9, t1, t5, t7, t3]
Taxon occupancy: {t4=1126, t5=997, t10=1039, t6=532, t7=957, t8=707, t9=840, t1=766, t2=766, t3=758}
Number of gene trees: 2122
2122 trees have missing taxa
Calculating quartet distance matrix (for completion of X)
Species tree distances calculated ...
Will attempt to complete bipartitions from X before adding using a distance matrix.
Building set of clusters (X) from gene trees 
------------------------------
gradient0: 59
Number of Clusters after addition by distance: 59
calculating extra bipartitions to be added at level 1 ...
Adding to X using resolutions of greedy consensus ...
Limit for sigma of degrees:300
polytomy size limit : 3
discarded polytomies:  []
Threshold 0.0:
Threshold 0.01:
Threshold 0.02:
Threshold 0.05:
Threshold 0.1:
Threshold 0.2:
Threshold 0.3333333333333333:
max k is :0
Number of Clusters after addition by greedy: 59
gradient0 in heuristiic: 59
calculating extra bipartitions from extra input trees ...
Number of Clusters after additions from extra trees: 73
partitions formed in 0.8 secs
Dynamic Programming starting after 0.8 secs
Using tree-based weight calculation.
Using polytree-based weight calculation.
Polytree max score: 2122
Polytree building time: 0.041 seconds.
Number of quartet trees in the gene trees: 2122
Size of largest cluster: 10
Greedy score: 2092
estimationFactor: 1.0143403441682601
Sub-optimal score: 2092
Total Number of elements weighted: 58
Normalized score (portion of input quartet trees satisfied before correcting for multiple individuals): 0.9858623939679547
Optimization score: 2092
Optimal tree inferred in 1.001 secs.
(t4,(t10,(t3,(t1,(t2,(t6,((t5,t7),(t8,t9))))))));
Final quartet score is: 2092
Final normalized quartet score is: 0.9858623939679547
Extended species tree:
(t10,((t3,(t1,(t2,(t6,((t5,t7)1:3.601868077124306,(t8,t9)1:0.8602012652231115)1:3.799227511282799)1:1.252762968495368)1:2.9177707320842803)1:2.3460702049337847)1:3.091042453358317,t4));
Weight calculation took 0.058822832 secs
ASTRAL finished in 1.41 secs
