
================== ASTRAL ===================== 

This is ASTRAL version 5.7.8
Gene trees are treated as unrooted
3508 trees read from tmp_quartet_RUV1FWWYrhu4K.txt
index0
All output trees will be *arbitrarily* rooted at t8
201 extra trees read from tmp_bipartitions_RUV1FWWYrhu4K.bootstrap.trees

======== Running the main analysis
Number of taxa: 10 (10 species)
Taxa: [t8, t9, t2, t4, t5, t10, t1, t3, t6, t7]
Taxon occupancy: {t4=1520, t5=1327, t10=1454, t6=1305, t7=1051, t8=1803, t9=1608, t1=1049, t2=1557, t3=1358}
Number of gene trees: 3508
3508 trees have missing taxa
Calculating quartet distance matrix (for completion of X)
Species tree distances calculated ...
Will attempt to complete bipartitions from X before adding using a distance matrix.
Building set of clusters (X) from gene trees 
------------------------------
gradient0: 107
Number of Clusters after addition by distance: 107
calculating extra bipartitions to be added at level 1 ...
Adding to X using resolutions of greedy consensus ...
Limit for sigma of degrees:300
polytomy size limit : 3
discarded polytomies:  []
Threshold 0.0:
Threshold 0.01:
Threshold 0.02:
Threshold 0.05:
Threshold 0.1:
Threshold 0.2:
Threshold 0.3333333333333333:
max k is :0
Number of Clusters after addition by greedy: 107
gradient0 in heuristiic: 107
calculating extra bipartitions from extra input trees ...
Number of Clusters after additions from extra trees: 121
partitions formed in 1.357 secs
Dynamic Programming starting after 1.357 secs
Using tree-based weight calculation.
Using polytree-based weight calculation.
Polytree max score: 3508
Polytree building time: 0.075 seconds.
Number of quartet trees in the gene trees: 3508
Size of largest cluster: 10
Greedy score: 3352
estimationFactor: 1.0465393794749402
Sub-optimal score: 3352
Total Number of elements weighted: 120
Normalized score (portion of input quartet trees satisfied before correcting for multiple individuals): 0.9566704675028507
Optimization score: 3356
Optimal tree inferred in 1.656 secs.
(t9,(t8,(t10,(t7,((t4,t5),(t6,(t2,(t1,t3))))))));
Final quartet score is: 3356
Final normalized quartet score is: 0.9566704675028507
Extended species tree:
(t8,((t10,(t7,((t4,t5)0.83:0.1823215567939546,(t6,(t2,(t1,t3)1:2.010448670192884)1:1.8912202627586934)1:0.7559480817989758)1:2.790288299339181)1:1.7047480922384253)1:3.654977902438253,t9));
Weight calculation took 0.081955347 secs
ASTRAL finished in 2.129 secs
