
================== ASTRAL ===================== 

This is ASTRAL version 5.7.8
Gene trees are treated as unrooted
3597 trees read from tmp_quartet_RUV1FWWYrhu4K.txt
index0
All output trees will be *arbitrarily* rooted at t6
201 extra trees read from tmp_bipartitions_RUV1FWWYrhu4K.bootstrap.trees

======== Running the main analysis
Number of taxa: 10 (10 species)
Taxa: [t6, t8, t1, t2, t4, t9, t10, t3, t7, t5]
Taxon occupancy: {t4=1778, t5=1088, t6=1648, t10=1154, t7=1049, t8=1317, t9=1411, t1=1685, t2=1968, t3=1290}
Number of gene trees: 3597
3597 trees have missing taxa
Calculating quartet distance matrix (for completion of X)
Species tree distances calculated ...
Will attempt to complete bipartitions from X before adding using a distance matrix.
Building set of clusters (X) from gene trees 
------------------------------
gradient0: 89
Number of Clusters after addition by distance: 89
calculating extra bipartitions to be added at level 1 ...
Adding to X using resolutions of greedy consensus ...
Limit for sigma of degrees:300
polytomy size limit : 3
discarded polytomies:  []
Threshold 0.0:
Threshold 0.01:
Threshold 0.02:
Threshold 0.05:
Threshold 0.1:
Threshold 0.2:
Threshold 0.3333333333333333:
max k is :0
Number of Clusters after addition by greedy: 89
gradient0 in heuristiic: 89
calculating extra bipartitions from extra input trees ...
Number of Clusters after additions from extra trees: 111
partitions formed in 1.186 secs
Dynamic Programming starting after 1.186 secs
Using tree-based weight calculation.
Using polytree-based weight calculation.
Polytree max score: 3597
Polytree building time: 0.086 seconds.
Number of quartet trees in the gene trees: 3597
Size of largest cluster: 10
Greedy score: 3482
estimationFactor: 1.0330269959793221
Sub-optimal score: 3482
Total Number of elements weighted: 106
Normalized score (portion of input quartet trees satisfied before correcting for multiple individuals): 0.969140950792327
Optimization score: 3486
Optimal tree inferred in 1.477 secs.
(t8,((t9,t10),(t6,(t7,(t3,(t5,(t1,(t2,t4))))))));
Final quartet score is: 3486
Final normalized quartet score is: 0.969140950792327
Extended species tree:
(t6,((t7,(t3,(t5,(t1,(t2,t4)1:3.4303965363544187)1:3.3262343431887014)1:1.5926307941177194)1:1.126011262856224)1:2.9113149317414075,((t9,t10)1:0.9808292530117262,t8)0.74:0.14107859825990549));
Weight calculation took 0.065578095 secs
ASTRAL finished in 1.96 secs
