
================== ASTRAL ===================== 

This is ASTRAL version 5.7.8
Gene trees are treated as unrooted
1871 trees read from tmp_quartet_RUV1FWWYrhu4K.txt
index0
All output trees will be *arbitrarily* rooted at t5
201 extra trees read from tmp_bipartitions_RUV1FWWYrhu4K.bootstrap.trees

======== Running the main analysis
Number of taxa: 10 (10 species)
Taxa: [t5, t9, t1, t6, t10, t2, t3, t4, t7, t8]
Taxon occupancy: {t4=628, t5=764, t6=1168, t10=1079, t7=630, t8=603, t9=679, t1=632, t2=636, t3=665}
Number of gene trees: 1871
1871 trees have missing taxa
Calculating quartet distance matrix (for completion of X)
Species tree distances calculated ...
Will attempt to complete bipartitions from X before adding using a distance matrix.
Building set of clusters (X) from gene trees 
------------------------------
gradient0: 49
Number of Clusters after addition by distance: 49
calculating extra bipartitions to be added at level 1 ...
Adding to X using resolutions of greedy consensus ...
Limit for sigma of degrees:300
polytomy size limit : 3
discarded polytomies:  []
Threshold 0.0:
Threshold 0.01:
Threshold 0.02:
Threshold 0.05:
Threshold 0.1:
Threshold 0.2:
Threshold 0.3333333333333333:
max k is :0
Number of Clusters after addition by greedy: 49
gradient0 in heuristiic: 49
calculating extra bipartitions from extra input trees ...
Number of Clusters after additions from extra trees: 105
partitions formed in 0.758 secs
Dynamic Programming starting after 0.771 secs
Using tree-based weight calculation.
Using polytree-based weight calculation.
Polytree max score: 1871
Polytree building time: 0.043 seconds.
Number of quartet trees in the gene trees: 1871
Size of largest cluster: 10
Greedy score: 1857
estimationFactor: 1.007539041464728
Sub-optimal score: 1857
Total Number of elements weighted: 95
Normalized score (portion of input quartet trees satisfied before correcting for multiple individuals): 0.9925173703901656
Optimization score: 1857
Optimal tree inferred in 0.961 secs.
(t9,(t8,((t2,t7),((t3,t4),(t5,(t1,(t6,t10)))))));
Final quartet score is: 1857
Final normalized quartet score is: 0.9925173703901656
You may want to ignore posterior probabilities and other statistics related to the following branch branch because the effective number of genes impacting it is only 15:
	{t9, t8}
You may want to ignore posterior probabilities and other statistics related to the following branch branch because the effective number of genes impacting it is only 1:
	{t9, t2, t3, t4, t7, t8}
Extended species tree:
(t5,((t1,(t6,t10)1:2.772588722239782)1:4.820281565605038,((t3,t4)1:3.486355190002461,((t2,t7)1:2.268683541318364,(t8,t9)1:1.6739764335716716)1:3.49313487698784)0.67:0.2876820724517809));
Weight calculation took 0.064306818 secs
ASTRAL finished in 1.366 secs
