
================== ASTRAL ===================== 

This is ASTRAL version 5.7.8
Gene trees are treated as unrooted
1869 trees read from tmp_quartet_RUV1FWWYrhu4K.txt
index0
All output trees will be *arbitrarily* rooted at t3
201 extra trees read from tmp_bipartitions_RUV1FWWYrhu4K.bootstrap.trees

======== Running the main analysis
Number of taxa: 10 (10 species)
Taxa: [t3, t4, t1, t6, t7, t8, t5, t2, t9, t10]
Taxon occupancy: {t4=763, t5=609, t6=726, t10=681, t7=673, t8=843, t9=967, t1=582, t2=938, t3=694}
Number of gene trees: 1869
1869 trees have missing taxa
Calculating quartet distance matrix (for completion of X)
Species tree distances calculated ...
Will attempt to complete bipartitions from X before adding using a distance matrix.
Building set of clusters (X) from gene trees 
------------------------------
gradient0: 75
Number of Clusters after addition by distance: 75
calculating extra bipartitions to be added at level 1 ...
Adding to X using resolutions of greedy consensus ...
Limit for sigma of degrees:300
polytomy size limit : 3
discarded polytomies:  []
Threshold 0.0:
Threshold 0.01:
Threshold 0.02:
Threshold 0.05:
Threshold 0.1:
Threshold 0.2:
Threshold 0.3333333333333333:
max k is :0
Number of Clusters after addition by greedy: 75
gradient0 in heuristiic: 75
calculating extra bipartitions from extra input trees ...
Number of Clusters after additions from extra trees: 115
partitions formed in 0.895 secs
Dynamic Programming starting after 0.902 secs
Using tree-based weight calculation.
Using polytree-based weight calculation.
Polytree max score: 1869
Polytree building time: 0.038 seconds.
Number of quartet trees in the gene trees: 1869
Size of largest cluster: 10
Greedy score: 1828
estimationFactor: 1.0224288840262583
Sub-optimal score: 1828
Total Number of elements weighted: 89
Normalized score (portion of input quartet trees satisfied before correcting for multiple individuals): 0.9780631353665061
Optimization score: 1828
Optimal tree inferred in 1.111 secs.
(t4,((t3,(t5,(t2,t9))),(t6,(t7,(t1,(t8,t10))))));
Final quartet score is: 1828
Final normalized quartet score is: 0.9780631353665061
You may want to ignore posterior probabilities and other statistics related to the following branch branch because the effective number of genes impacting it is only 14:
	{t5, t2, t9}
You may want to ignore posterior probabilities and other statistics related to the following branch branch because the effective number of genes impacting it is only 9:
	{t8, t10}
Extended species tree:
(t3,((t5,(t2,t9)1:3.98898404656427)0.97:0.5108256237659905,((t6,(t7,(t1,(t8,t10)1:1.8971199848858815)1:1.9924301646902058)1:0.9067212808580042)1:2.836010548677277,t4)1:2.367123614131617));
Weight calculation took 0.056244984 secs
ASTRAL finished in 1.503 secs
