
================== ASTRAL ===================== 

This is ASTRAL version 5.7.8
Gene trees are treated as unrooted
1492 trees read from tmp_quartet_RUV1FWWYrhu4K.txt
index0
All output trees will be *arbitrarily* rooted at t5
201 extra trees read from tmp_bipartitions_RUV1FWWYrhu4K.bootstrap.trees

======== Running the main analysis
Number of taxa: 10 (10 species)
Taxa: [t5, t6, t3, t4, t10, t7, t1, t2, t8, t9]
Taxon occupancy: {t4=757, t5=673, t6=731, t10=492, t7=638, t8=493, t9=444, t1=447, t2=582, t3=711}
Number of gene trees: 1492
1492 trees have missing taxa
Calculating quartet distance matrix (for completion of X)
Species tree distances calculated ...
Will attempt to complete bipartitions from X before adding using a distance matrix.
Building set of clusters (X) from gene trees 
------------------------------
gradient0: 65
Number of Clusters after addition by distance: 65
calculating extra bipartitions to be added at level 1 ...
Adding to X using resolutions of greedy consensus ...
Limit for sigma of degrees:300
polytomy size limit : 3
discarded polytomies:  []
Threshold 0.0:
Threshold 0.01:
Threshold 0.02:
Threshold 0.05:
Threshold 0.1:
Threshold 0.2:
Threshold 0.3333333333333333:
max k is :0
Number of Clusters after addition by greedy: 65
gradient0 in heuristiic: 65
calculating extra bipartitions from extra input trees ...
Number of Clusters after additions from extra trees: 115
partitions formed in 0.648 secs
Dynamic Programming starting after 0.661 secs
Using tree-based weight calculation.
Using polytree-based weight calculation.
Polytree max score: 1492
Polytree building time: 0.035 seconds.
Number of quartet trees in the gene trees: 1492
Size of largest cluster: 10
Greedy score: 1462
estimationFactor: 1.0205198358413132
Sub-optimal score: 1462
Total Number of elements weighted: 93
Normalized score (portion of input quartet trees satisfied before correcting for multiple individuals): 0.9798927613941019
Optimization score: 1462
Optimal tree inferred in 0.869 secs.
(t6,(t5,((t3,t4),((t8,t9),(t1,(t7,(t10,t2)))))));
Final quartet score is: 1462
Final normalized quartet score is: 0.9798927613941019
You may want to ignore posterior probabilities and other statistics related to the following branch branch because the effective number of genes impacting it is only 15:
	{t8, t9}
You may want to ignore posterior probabilities and other statistics related to the following branch branch because the effective number of genes impacting it is only 3:
	{t10, t2}
You may want to ignore posterior probabilities and other statistics related to the following branch branch because the effective number of genes impacting it is only 15:
	{t10, t7, t2}
You may want to ignore posterior probabilities and other statistics related to the following branch branch because the effective number of genes impacting it is only 13:
	{t10, t7, t1, t2}
Extended species tree:
(t5,(((t3,t4)1:0.7230001437096266,((t8,t9)1:0.9808292530117262,(t1,(t7,(t10,t2)0.67:0.2876820724517809)1:0.9808292530117262)1:1.5404450409471486)1:5.343927877800089)1:0.739667196194838,t6));
Weight calculation took 0.05329452 secs
ASTRAL finished in 1.22 secs
