
================== ASTRAL ===================== 

This is ASTRAL version 5.7.8
Gene trees are treated as unrooted
2049 trees read from tmp_quartet_RUV1FWWYrhu4K.txt
index0
All output trees will be *arbitrarily* rooted at t3
201 extra trees read from tmp_bipartitions_RUV1FWWYrhu4K.bootstrap.trees

======== Running the main analysis
Number of taxa: 10 (10 species)
Taxa: [t3, t4, t1, t2, t5, t7, t9, t10, t6, t8]
Taxon occupancy: {t4=949, t5=990, t10=1101, t6=985, t7=433, t8=689, t9=850, t1=706, t2=784, t3=709}
Number of gene trees: 2049
2049 trees have missing taxa
Calculating quartet distance matrix (for completion of X)
Species tree distances calculated ...
Will attempt to complete bipartitions from X before adding using a distance matrix.
Building set of clusters (X) from gene trees 
------------------------------
gradient0: 51
Number of Clusters after addition by distance: 51
calculating extra bipartitions to be added at level 1 ...
Adding to X using resolutions of greedy consensus ...
Limit for sigma of degrees:300
polytomy size limit : 3
discarded polytomies:  []
Threshold 0.0:
Threshold 0.01:
Threshold 0.02:
Threshold 0.05:
Threshold 0.1:
Threshold 0.2:
Threshold 0.3333333333333333:
max k is :0
Number of Clusters after addition by greedy: 51
gradient0 in heuristiic: 51
calculating extra bipartitions from extra input trees ...
Number of Clusters after additions from extra trees: 77
partitions formed in 0.797 secs
Dynamic Programming starting after 0.797 secs
Using tree-based weight calculation.
Using polytree-based weight calculation.
Polytree max score: 2049
Polytree building time: 0.051 seconds.
Number of quartet trees in the gene trees: 2049
Size of largest cluster: 10
Greedy score: 2020
estimationFactor: 1.0143564356435644
Sub-optimal score: 2020
Total Number of elements weighted: 65
Normalized score (portion of input quartet trees satisfied before correcting for multiple individuals): 0.9858467545143973
Optimization score: 2020
Optimal tree inferred in 0.992 secs.
(t4,(t5,(t9,(t3,(t7,(t8,(t1,(t2,(t10,t6)))))))));
Final quartet score is: 2020
Final normalized quartet score is: 0.9858467545143973
You may want to ignore posterior probabilities and other statistics related to the following branch branch because the effective number of genes impacting it is only 14:
	{t4, t5}
You may want to ignore posterior probabilities and other statistics related to the following branch branch because the effective number of genes impacting it is only 15:
	{t4, t5, t9}
Extended species tree:
(t3,((t7,(t8,(t1,(t2,(t10,t6)1:3.444682493601893)1:1.067840630001356)1:2.0626344233634546)1:1.2039728043259361)1:3.814042597067946,(t9,(t5,t4)1:2.302585092994046)1:0.7576857016975165));
Weight calculation took 0.062310505 secs
ASTRAL finished in 1.391 secs
