
================== ASTRAL ===================== 

This is ASTRAL version 5.7.8
Gene trees are treated as unrooted
1776 trees read from tmp_quartet_RUV1FWWYrhu4K.txt
index0
All output trees will be *arbitrarily* rooted at t10
201 extra trees read from tmp_bipartitions_RUV1FWWYrhu4K.bootstrap.trees

======== Running the main analysis
Number of taxa: 10 (10 species)
Taxa: [t10, t8, t5, t7, t2, t3, t1, t4, t6, t9]
Taxon occupancy: {t4=560, t5=759, t10=785, t6=593, t7=867, t8=818, t9=451, t1=617, t2=876, t3=778}
Number of gene trees: 1776
1776 trees have missing taxa
Calculating quartet distance matrix (for completion of X)
Species tree distances calculated ...
Will attempt to complete bipartitions from X before adding using a distance matrix.
Building set of clusters (X) from gene trees 
------------------------------
gradient0: 69
Number of Clusters after addition by distance: 69
calculating extra bipartitions to be added at level 1 ...
Adding to X using resolutions of greedy consensus ...
Limit for sigma of degrees:300
polytomy size limit : 3
discarded polytomies:  []
Threshold 0.0:
Threshold 0.01:
Threshold 0.02:
Threshold 0.05:
Threshold 0.1:
Threshold 0.2:
Threshold 0.3333333333333333:
max k is :0
Number of Clusters after addition by greedy: 69
gradient0 in heuristiic: 69
calculating extra bipartitions from extra input trees ...
Number of Clusters after additions from extra trees: 85
partitions formed in 0.73 secs
Dynamic Programming starting after 0.73 secs
Using tree-based weight calculation.
Using polytree-based weight calculation.
Polytree max score: 1776
Polytree building time: 0.045 seconds.
Number of quartet trees in the gene trees: 1776
Size of largest cluster: 10
Greedy score: 1744
estimationFactor: 1.018348623853211
Sub-optimal score: 1744
Total Number of elements weighted: 75
Normalized score (portion of input quartet trees satisfied before correcting for multiple individuals): 0.9819819819819819
Optimization score: 1744
Optimal tree inferred in 0.938 secs.
(t8,(t10,(t7,(t5,((t6,t9),((t2,t3),(t1,t4)))))));
Final quartet score is: 1744
Final normalized quartet score is: 0.9819819819819819
You may want to ignore posterior probabilities and other statistics related to the following branch branch because the effective number of genes impacting it is only 19:
	{t6, t9}
Extended species tree:
(t10,((t7,(t5,((t6,t9)0.99:0.5108256237659905,((t2,t3)1:2.590267165445826,(t1,t4)1:1.586965056582042)1:3.938340313745519)1:2.6741486494265274)1:3.332204510175203)1:1.0986122886681098,t8));
Weight calculation took 0.07416655 secs
ASTRAL finished in 1.332 secs
