
================== ASTRAL ===================== 

This is ASTRAL version 5.7.8
Gene trees are treated as unrooted
1462 trees read from tmp_quartet_RUV1FWWYrhu4K.txt
index0
All output trees will be *arbitrarily* rooted at t2
201 extra trees read from tmp_bipartitions_RUV1FWWYrhu4K.bootstrap.trees

======== Running the main analysis
Number of taxa: 10 (10 species)
Taxa: [t2, t4, t1, t10, t8, t9, t5, t6, t3, t7]
Taxon occupancy: {t4=446, t5=902, t10=402, t6=827, t7=454, t8=767, t9=510, t1=344, t2=604, t3=592}
Number of gene trees: 1462
1462 trees have missing taxa
Calculating quartet distance matrix (for completion of X)
Species tree distances calculated ...
Will attempt to complete bipartitions from X before adding using a distance matrix.
Building set of clusters (X) from gene trees 
------------------------------
gradient0: 51
Number of Clusters after addition by distance: 51
calculating extra bipartitions to be added at level 1 ...
Adding to X using resolutions of greedy consensus ...
Limit for sigma of degrees:300
polytomy size limit : 3
discarded polytomies:  []
Threshold 0.0:
Threshold 0.01:
Threshold 0.02:
Threshold 0.05:
Threshold 0.1:
Threshold 0.2:
Threshold 0.3333333333333333:
max k is :0
Number of Clusters after addition by greedy: 51
gradient0 in heuristiic: 51
calculating extra bipartitions from extra input trees ...
Number of Clusters after additions from extra trees: 73
partitions formed in 0.663 secs
Dynamic Programming starting after 0.663 secs
Using tree-based weight calculation.
Using polytree-based weight calculation.
Polytree max score: 1462
Polytree building time: 0.034 seconds.
Number of quartet trees in the gene trees: 1462
Size of largest cluster: 10
Greedy score: 1454
estimationFactor: 1.0055020632737277
Sub-optimal score: 1454
Total Number of elements weighted: 59
Normalized score (portion of input quartet trees satisfied before correcting for multiple individuals): 0.9945280437756497
Optimization score: 1454
Optimal tree inferred in 0.844 secs.
(t4,(t9,((t8,(t2,t3)),(t7,((t5,t6),(t1,t10))))));
Final quartet score is: 1454
Final normalized quartet score is: 0.9945280437756497
You may want to ignore posterior probabilities and other statistics related to the following branch branch because the effective number of genes impacting it is only 5:
	{t4, t1, t10, t8, t9, t5, t6, t7}
Extended species tree:
(t2,(t3,(t8,((t7,((t5,t6)1:2.3978952727983716,(t1,t10)1:2.8134107167600355)1:2.8526314299133184)1:4.116323468940871,(t9,t4)1:1.2039728043259361)1:3.828641396489098)0.72:0.2876820724517809));
Weight calculation took 0.047644147 secs
ASTRAL finished in 1.213 secs
