
================== ASTRAL ===================== 

This is ASTRAL version 5.7.8
Gene trees are treated as unrooted
2034 trees read from tmp_quartet_RUV1FWWYrhu4K.txt
index0
All output trees will be *arbitrarily* rooted at t3
201 extra trees read from tmp_bipartitions_RUV1FWWYrhu4K.bootstrap.trees

======== Running the main analysis
Number of taxa: 10 (10 species)
Taxa: [t3, t4, t1, t6, t7, t8, t5, t2, t9, t10]
Taxon occupancy: {t4=841, t5=689, t6=753, t10=770, t7=701, t8=890, t9=1019, t1=655, t2=1018, t3=800}
Number of gene trees: 2034
2034 trees have missing taxa
Calculating quartet distance matrix (for completion of X)
Species tree distances calculated ...
Will attempt to complete bipartitions from X before adding using a distance matrix.
Building set of clusters (X) from gene trees 
------------------------------
gradient0: 81
Number of Clusters after addition by distance: 81
calculating extra bipartitions to be added at level 1 ...
Adding to X using resolutions of greedy consensus ...
Limit for sigma of degrees:300
polytomy size limit : 3
discarded polytomies:  []
Threshold 0.0:
Threshold 0.01:
Threshold 0.02:
Threshold 0.05:
Threshold 0.1:
Threshold 0.2:
Threshold 0.3333333333333333:
max k is :0
Number of Clusters after addition by greedy: 81
gradient0 in heuristiic: 81
calculating extra bipartitions from extra input trees ...
Number of Clusters after additions from extra trees: 103
partitions formed in 0.807 secs
Dynamic Programming starting after 0.807 secs
Using tree-based weight calculation.
Using polytree-based weight calculation.
Polytree max score: 2034
Polytree building time: 0.039 seconds.
Number of quartet trees in the gene trees: 2034
Size of largest cluster: 10
Greedy score: 1985
estimationFactor: 1.0246851385390428
Sub-optimal score: 1985
Total Number of elements weighted: 84
Normalized score (portion of input quartet trees satisfied before correcting for multiple individuals): 0.9759095378564405
Optimization score: 1985
Optimal tree inferred in 1.005 secs.
(t4,((t3,(t5,(t2,t9))),(t6,(t7,(t1,(t8,t10))))));
Final quartet score is: 1985
Final normalized quartet score is: 0.9759095378564405
You may want to ignore posterior probabilities and other statistics related to the following branch branch because the effective number of genes impacting it is only 6:
	{t5, t2, t9}
You may want to ignore posterior probabilities and other statistics related to the following branch branch because the effective number of genes impacting it is only 9:
	{t8, t10}
Extended species tree:
(t3,((t5,(t2,t9)1:3.506557897319981)1:1.5404450409471486,((t6,(t7,(t1,(t8,t10)1:1.8971199848858815)1:1.0185695809945734)1:1.4508328822574619)1:2.754570216737102,t4)1:2.302585092994046));
Weight calculation took 0.059683445 secs
ASTRAL finished in 1.408 secs
