
================== ASTRAL ===================== 

This is ASTRAL version 5.7.8
Gene trees are treated as unrooted
2488 trees read from tmp_quartet_RUV1FWWYrhu4K.txt
index0
All output trees will be *arbitrarily* rooted at t2
201 extra trees read from tmp_bipartitions_RUV1FWWYrhu4K.bootstrap.trees

======== Running the main analysis
Number of taxa: 10 (10 species)
Taxa: [t2, t6, t1, t3, t5, t7, t10, t4, t8, t9]
Taxon occupancy: {t4=1284, t5=1109, t6=674, t10=1267, t7=1096, t8=845, t9=967, t1=905, t2=994, t3=811}
Number of gene trees: 2488
2488 trees have missing taxa
Calculating quartet distance matrix (for completion of X)
Species tree distances calculated ...
Will attempt to complete bipartitions from X before adding using a distance matrix.
Building set of clusters (X) from gene trees 
------------------------------
gradient0: 59
Number of Clusters after addition by distance: 59
calculating extra bipartitions to be added at level 1 ...
Adding to X using resolutions of greedy consensus ...
Limit for sigma of degrees:300
polytomy size limit : 3
discarded polytomies:  []
Threshold 0.0:
Threshold 0.01:
Threshold 0.02:
Threshold 0.05:
Threshold 0.1:
Threshold 0.2:
Threshold 0.3333333333333333:
max k is :0
Number of Clusters after addition by greedy: 59
gradient0 in heuristiic: 59
calculating extra bipartitions from extra input trees ...
Number of Clusters after additions from extra trees: 75
partitions formed in 0.913 secs
Dynamic Programming starting after 0.913 secs
Using tree-based weight calculation.
Using polytree-based weight calculation.
Polytree max score: 2488
Polytree building time: 0.062 seconds.
Number of quartet trees in the gene trees: 2488
Size of largest cluster: 10
Greedy score: 2446
estimationFactor: 1.017170891251022
Sub-optimal score: 2446
Total Number of elements weighted: 59
Normalized score (portion of input quartet trees satisfied before correcting for multiple individuals): 0.9831189710610932
Optimization score: 2446
Optimal tree inferred in 1.147 secs.
(t6,(((t5,t7),(t8,t9)),(t2,(t1,(t3,(t10,t4))))));
Final quartet score is: 2446
Final normalized quartet score is: 0.9831189710610932
Extended species tree:
(t2,((t1,(t3,(t10,t4)1:2.1897895988487015)1:1.3676022281077382)1:1.9113046198778378,(((t5,t7)1:3.784189633918262,(t8,t9)1:1.9169226121820613)1:2.92673940206704,t6)1:2.412933150162912));
Weight calculation took 0.062432414 secs
ASTRAL finished in 1.57 secs
