
================== ASTRAL ===================== 

This is ASTRAL version 5.7.8
Gene trees are treated as unrooted
2191 trees read from tmp_quartet_RUV1FWWYrhu4K.txt
index0
All output trees will be *arbitrarily* rooted at t2
201 extra trees read from tmp_bipartitions_RUV1FWWYrhu4K.bootstrap.trees

======== Running the main analysis
Number of taxa: 10 (10 species)
Taxa: [t2, t3, t1, t7, t10, t8, t5, t9, t4, t6]
Taxon occupancy: {t4=633, t5=920, t10=886, t6=838, t7=694, t8=882, t9=907, t1=775, t2=1005, t3=1224}
Number of gene trees: 2191
2191 trees have missing taxa
Calculating quartet distance matrix (for completion of X)
Species tree distances calculated ...
Will attempt to complete bipartitions from X before adding using a distance matrix.
Building set of clusters (X) from gene trees 
------------------------------
gradient0: 59
Number of Clusters after addition by distance: 59
calculating extra bipartitions to be added at level 1 ...
Adding to X using resolutions of greedy consensus ...
Limit for sigma of degrees:300
polytomy size limit : 3
discarded polytomies:  []
Threshold 0.0:
Threshold 0.01:
Threshold 0.02:
Threshold 0.05:
Threshold 0.1:
Threshold 0.2:
Threshold 0.3333333333333333:
max k is :0
Number of Clusters after addition by greedy: 59
gradient0 in heuristiic: 59
calculating extra bipartitions from extra input trees ...
Number of Clusters after additions from extra trees: 83
partitions formed in 0.883 secs
Dynamic Programming starting after 0.883 secs
Using tree-based weight calculation.
Using polytree-based weight calculation.
Polytree max score: 2191
Polytree building time: 0.053 seconds.
Number of quartet trees in the gene trees: 2191
Size of largest cluster: 10
Greedy score: 2179
estimationFactor: 1.00550711335475
Sub-optimal score: 2179
Total Number of elements weighted: 67
Normalized score (portion of input quartet trees satisfied before correcting for multiple individuals): 0.9945230488361478
Optimization score: 2179
Optimal tree inferred in 1.082 secs.
(t3,(t8,(t2,(t4,((t1,t10),(t7,(t5,(t9,t6))))))));
Final quartet score is: 2179
Final normalized quartet score is: 0.9945230488361478
You may want to ignore posterior probabilities and other statistics related to the following branch branch because the effective number of genes impacting it is only 7:
	{t9, t6}
Extended species tree:
(t2,((t4,((t1,t10)1:4.01337549968843,(t7,(t5,(t9,t6)0.99:0.9808292530117262)1:2.065455299705096)1:3.2580965380214812)1:3.3557350075853964)1:1.9459101490553135,(t8,t3)1:3.5835189384561117));
Weight calculation took 0.054695954 secs
ASTRAL finished in 1.514 secs
