
================== ASTRAL ===================== 

This is ASTRAL version 5.7.8
Gene trees are treated as unrooted
3647 trees read from tmp_quartet_RUV1FWWYrhu4K.txt
index0
All output trees will be *arbitrarily* rooted at t6
201 extra trees read from tmp_bipartitions_RUV1FWWYrhu4K.bootstrap.trees

======== Running the main analysis
Number of taxa: 10 (10 species)
Taxa: [t6, t8, t1, t2, t4, t9, t10, t3, t7, t5]
Taxon occupancy: {t4=1736, t5=1038, t6=1707, t10=996, t7=1128, t8=1440, t9=1528, t1=1811, t2=1956, t3=1248}
Number of gene trees: 3647
3647 trees have missing taxa
Calculating quartet distance matrix (for completion of X)
Species tree distances calculated ...
Will attempt to complete bipartitions from X before adding using a distance matrix.
Building set of clusters (X) from gene trees 
------------------------------
gradient0: 69
Number of Clusters after addition by distance: 69
calculating extra bipartitions to be added at level 1 ...
Adding to X using resolutions of greedy consensus ...
Limit for sigma of degrees:300
polytomy size limit : 3
discarded polytomies:  []
Threshold 0.0:
Threshold 0.01:
Threshold 0.02:
Threshold 0.05:
Threshold 0.1:
Threshold 0.2:
Threshold 0.3333333333333333:
max k is :0
Number of Clusters after addition by greedy: 69
gradient0 in heuristiic: 69
calculating extra bipartitions from extra input trees ...
Number of Clusters after additions from extra trees: 89
partitions formed in 1.41 secs
Dynamic Programming starting after 1.423 secs
Using tree-based weight calculation.
Using polytree-based weight calculation.
Polytree max score: 3647
Polytree building time: 0.074 seconds.
Number of quartet trees in the gene trees: 3647
Size of largest cluster: 10
Greedy score: 3586
estimationFactor: 1.017010596765198
Sub-optimal score: 3586
Total Number of elements weighted: 78
Normalized score (portion of input quartet trees satisfied before correcting for multiple individuals): 0.9832739237729641
Optimization score: 3586
Optimal tree inferred in 1.711 secs.
(t8,((t9,t10),(t6,(t7,(t3,(t5,(t1,(t2,t4))))))));
Final quartet score is: 3586
Final normalized quartet score is: 0.9832739237729641
You may want to ignore posterior probabilities and other statistics related to the following branch branch because the effective number of genes impacting it is only 16:
	{t9, t10}
Extended species tree:
(t6,((t7,(t3,(t5,(t1,(t2,t4)1:3.5263605246161593)1:2.722756348491907)1:2.8397280250774095)1:1.4790760945708565)1:3.84778073669979,((t9,t10)1:2.4277482359480516,t8)1:0.9382696385929301));
Weight calculation took 0.061428684 secs
ASTRAL finished in 2.16 secs
