
================== ASTRAL ===================== 

This is ASTRAL version 5.7.8
Gene trees are treated as unrooted
2456 trees read from tmp_quartet_RUV1FWWYrhu4K.txt
index0
All output trees will be *arbitrarily* rooted at t3
201 extra trees read from tmp_bipartitions_RUV1FWWYrhu4K.bootstrap.trees

======== Running the main analysis
Number of taxa: 10 (10 species)
Taxa: [t3, t9, t2, t4, t6, t7, t10, t5, t1, t8]
Taxon occupancy: {t4=796, t5=807, t6=599, t10=1241, t7=1106, t8=1027, t9=1093, t1=974, t2=889, t3=1292}
Number of gene trees: 2456
2456 trees have missing taxa
Calculating quartet distance matrix (for completion of X)
Species tree distances calculated ...
Will attempt to complete bipartitions from X before adding using a distance matrix.
Building set of clusters (X) from gene trees 
------------------------------
gradient0: 59
Number of Clusters after addition by distance: 59
calculating extra bipartitions to be added at level 1 ...
Adding to X using resolutions of greedy consensus ...
Limit for sigma of degrees:300
polytomy size limit : 3
discarded polytomies:  []
Threshold 0.0:
Threshold 0.01:
Threshold 0.02:
Threshold 0.05:
Threshold 0.1:
Threshold 0.2:
Threshold 0.3333333333333333:
max k is :0
Number of Clusters after addition by greedy: 59
gradient0 in heuristiic: 59
calculating extra bipartitions from extra input trees ...
Number of Clusters after additions from extra trees: 95
partitions formed in 0.916 secs
Dynamic Programming starting after 0.917 secs
Using tree-based weight calculation.
Using polytree-based weight calculation.
Polytree max score: 2456
Polytree building time: 0.062 seconds.
Number of quartet trees in the gene trees: 2456
Size of largest cluster: 10
Greedy score: 2437
estimationFactor: 1.007796471070989
Sub-optimal score: 2437
Total Number of elements weighted: 76
Normalized score (portion of input quartet trees satisfied before correcting for multiple individuals): 0.9922638436482085
Optimization score: 2437
Optimal tree inferred in 1.157 secs.
(t9,(t10,(t3,(t1,((t7,t8),(t2,(t4,(t6,t5))))))));
Final quartet score is: 2437
Final normalized quartet score is: 0.9922638436482085
You may want to ignore posterior probabilities and other statistics related to the following branch branch because the effective number of genes impacting it is only 11:
	{t6, t5}
You may want to ignore posterior probabilities and other statistics related to the following branch branch because the effective number of genes impacting it is only 15:
	{t2, t4, t6, t5}
Extended species tree:
(t3,((t1,((t7,t8)1:3.020424886144364,(t2,(t4,(t6,t5)1:0.9808292530117262)1:1.7917594692280545)1:1.6739764335716716)1:5.350277105478742)1:2.4567357728213035,(t10,t9)1:2.484906649788));
Weight calculation took 0.066141672 secs
ASTRAL finished in 1.579 secs
