
================== ASTRAL ===================== 

This is ASTRAL version 5.7.8
Gene trees are treated as unrooted
3429 trees read from tmp_quartet_RUV1FWWYrhu4K.txt
index0
All output trees will be *arbitrarily* rooted at t7
201 extra trees read from tmp_bipartitions_RUV1FWWYrhu4K.bootstrap.trees

======== Running the main analysis
Number of taxa: 10 (10 species)
Taxa: [t7, t8, t1, t2, t3, t4, t6, t9, t10, t5]
Taxon occupancy: {t4=1479, t5=1347, t6=1181, t10=1425, t7=1009, t8=1648, t9=1539, t1=1191, t2=1558, t3=1339}
Number of gene trees: 3429
3429 trees have missing taxa
Calculating quartet distance matrix (for completion of X)
Species tree distances calculated ...
Will attempt to complete bipartitions from X before adding using a distance matrix.
Building set of clusters (X) from gene trees 
------------------------------
gradient0: 59
Number of Clusters after addition by distance: 59
calculating extra bipartitions to be added at level 1 ...
Adding to X using resolutions of greedy consensus ...
Limit for sigma of degrees:300
polytomy size limit : 3
discarded polytomies:  []
Threshold 0.0:
Threshold 0.01:
Threshold 0.02:
Threshold 0.05:
Threshold 0.1:
Threshold 0.2:
Threshold 0.3333333333333333:
max k is :0
Number of Clusters after addition by greedy: 59
gradient0 in heuristiic: 59
calculating extra bipartitions from extra input trees ...
Number of Clusters after additions from extra trees: 75
partitions formed in 1.183 secs
Dynamic Programming starting after 1.183 secs
Using tree-based weight calculation.
Using polytree-based weight calculation.
Polytree max score: 3429
Polytree building time: 0.08 seconds.
Number of quartet trees in the gene trees: 3429
Size of largest cluster: 10
Greedy score: 3389
estimationFactor: 1.0118028917084685
Sub-optimal score: 3389
Total Number of elements weighted: 64
Normalized score (portion of input quartet trees satisfied before correcting for multiple individuals): 0.9883347914843977
Optimization score: 3389
Optimal tree inferred in 1.457 secs.
(t8,(t9,(t10,(t7,((t4,t5),(t6,(t2,(t1,t3))))))));
Final quartet score is: 3389
Final normalized quartet score is: 0.9883347914843977
Extended species tree:
(t7,(((t4,t5)1:2.407945608651871,(t6,(t2,(t1,t3)1:1.9924301646902058)1:2.9479416097176414)1:1.765783982824794)1:4.257973986003903,(t10,(t9,t8)1:1.3862943611198908)1:1.3862943611198908));
Weight calculation took 0.071396938 secs
ASTRAL finished in 1.937 secs
