
================== ASTRAL ===================== 

This is ASTRAL version 5.7.8
Gene trees are treated as unrooted
2718 trees read from tmp_quartet_RUV1FWWYrhu4K.txt
index0
All output trees will be *arbitrarily* rooted at t4
201 extra trees read from tmp_bipartitions_RUV1FWWYrhu4K.bootstrap.trees

======== Running the main analysis
Number of taxa: 10 (10 species)
Taxa: [t4, t5, t1, t2, t6, t7, t9, t3, t8, t10]
Taxon occupancy: {t4=866, t5=1183, t6=1188, t10=678, t7=1049, t8=707, t9=1038, t1=1485, t2=1433, t3=1245}
Number of gene trees: 2718
2718 trees have missing taxa
Calculating quartet distance matrix (for completion of X)
Species tree distances calculated ...
Will attempt to complete bipartitions from X before adding using a distance matrix.
Building set of clusters (X) from gene trees 
------------------------------
gradient0: 75
Number of Clusters after addition by distance: 75
calculating extra bipartitions to be added at level 1 ...
Adding to X using resolutions of greedy consensus ...
Limit for sigma of degrees:300
polytomy size limit : 3
discarded polytomies:  []
Threshold 0.0:
Threshold 0.01:
Threshold 0.02:
Threshold 0.05:
Threshold 0.1:
Threshold 0.2:
Threshold 0.3333333333333333:
max k is :0
Number of Clusters after addition by greedy: 75
gradient0 in heuristiic: 75
calculating extra bipartitions from extra input trees ...
Number of Clusters after additions from extra trees: 97
partitions formed in 0.951 secs
Dynamic Programming starting after 0.964 secs
Using tree-based weight calculation.
Using polytree-based weight calculation.
Polytree max score: 2718
Polytree building time: 0.068 seconds.
Number of quartet trees in the gene trees: 2718
Size of largest cluster: 10
Greedy score: 2665
estimationFactor: 1.0198874296435272
Sub-optimal score: 2665
Total Number of elements weighted: 70
Normalized score (portion of input quartet trees satisfied before correcting for multiple individuals): 0.9805003679175864
Optimization score: 2665
Optimal tree inferred in 1.205 secs.
(t5,((t9,t10),((t6,t7),(t4,((t3,t8),(t1,t2))))));
Final quartet score is: 2665
Final normalized quartet score is: 0.9805003679175864
Extended species tree:
(t4,(((t3,t8)1:3.0285220963769826,(t1,t2)1:3.705408756065146)1:3.6777061535158087,((t6,t7)1:1.3328056761689042,((t9,t10)1:1.8632184332102002,t5)1:1.4772661393256172)1:2.8743714165497245));
Weight calculation took 0.050553551 secs
ASTRAL finished in 1.647 secs
