
================== ASTRAL ===================== 

This is ASTRAL version 5.7.8
Gene trees are treated as unrooted
2597 trees read from tmp_quartet_RUV1FWWYrhu4K.txt
index0
All output trees will be *arbitrarily* rooted at t3
201 extra trees read from tmp_bipartitions_RUV1FWWYrhu4K.bootstrap.trees

======== Running the main analysis
Number of taxa: 10 (10 species)
Taxa: [t3, t9, t2, t4, t6, t7, t10, t5, t1, t8]
Taxon occupancy: {t4=809, t5=786, t6=767, t10=1346, t7=1148, t8=1056, t9=1226, t1=942, t2=920, t3=1388}
Number of gene trees: 2597
2597 trees have missing taxa
Calculating quartet distance matrix (for completion of X)
Species tree distances calculated ...
Will attempt to complete bipartitions from X before adding using a distance matrix.
Building set of clusters (X) from gene trees 
------------------------------
gradient0: 59
Number of Clusters after addition by distance: 59
calculating extra bipartitions to be added at level 1 ...
Adding to X using resolutions of greedy consensus ...
Limit for sigma of degrees:300
polytomy size limit : 3
discarded polytomies:  [3]
Threshold 0.0:
Threshold 0.01:
Threshold 0.02:
Threshold 0.05:
Threshold 0.1:
Threshold 0.2:
Threshold 0.3333333333333333:
polytomy of size 3; rounds with additions with at least 5 support: 0; clusters: 59
max k is :0
Number of Clusters after addition by greedy: 59
gradient0 in heuristiic: 59
calculating extra bipartitions from extra input trees ...
Number of Clusters after additions from extra trees: 93
partitions formed in 1.216 secs
Dynamic Programming starting after 1.216 secs
Using tree-based weight calculation.
Using polytree-based weight calculation.
Polytree max score: 2597
Polytree building time: 0.06 seconds.
Number of quartet trees in the gene trees: 2597
Size of largest cluster: 10
Greedy score: 2561
estimationFactor: 1.014057008980867
Sub-optimal score: 2563
Total Number of elements weighted: 107
Normalized score (portion of input quartet trees satisfied before correcting for multiple individuals): 0.9896033885252215
Optimization score: 2570
Optimal tree inferred in 1.474 secs.
(t9,(t10,(t3,(t1,((t6,t5),(t2,(t4,(t7,t8))))))));
Final quartet score is: 2570
Final normalized quartet score is: 0.9896033885252215
You may want to ignore posterior probabilities and other statistics related to the following branch branch because the effective number of genes impacting it is only 4:
	{t4, t7, t8}
You may want to ignore posterior probabilities and other statistics related to the following branch branch because the effective number of genes impacting it is only 14:
	{t2, t4, t7, t8}
Extended species tree:
(t3,((t1,((t6,t5)0.99:0.45198512374305744,(t2,(t4,(t7,t8)1:4.39032543748858)0.53:0.1053605156578264)0.95:0.5108256237659905)1:5.381432273258549)1:2.730029107820986,(t10,t9)1:2.261763098473791));
Weight calculation took 0.062986761 secs
ASTRAL finished in 1.914 secs
