
================== ASTRAL ===================== 

This is ASTRAL version 5.7.8
Gene trees are treated as unrooted
2651 trees read from tmp_quartet_RUV1FWWYrhu4K.txt
index0
All output trees will be *arbitrarily* rooted at t3
201 extra trees read from tmp_bipartitions_RUV1FWWYrhu4K.bootstrap.trees

======== Running the main analysis
Number of taxa: 10 (10 species)
Taxa: [t3, t7, t2, t5, t8, t10, t1, t4, t9, t6]
Taxon occupancy: {t4=1007, t5=1263, t10=792, t6=893, t7=1035, t8=1190, t9=894, t1=993, t2=1296, t3=1241}
Number of gene trees: 2651
2651 trees have missing taxa
Calculating quartet distance matrix (for completion of X)
Species tree distances calculated ...
Will attempt to complete bipartitions from X before adding using a distance matrix.
Building set of clusters (X) from gene trees 
------------------------------
gradient0: 49
Number of Clusters after addition by distance: 49
calculating extra bipartitions to be added at level 1 ...
Adding to X using resolutions of greedy consensus ...
Limit for sigma of degrees:300
polytomy size limit : 3
discarded polytomies:  []
Threshold 0.0:
Threshold 0.01:
Threshold 0.02:
Threshold 0.05:
Threshold 0.1:
Threshold 0.2:
Threshold 0.3333333333333333:
max k is :0
Number of Clusters after addition by greedy: 49
gradient0 in heuristiic: 49
calculating extra bipartitions from extra input trees ...
Number of Clusters after additions from extra trees: 65
partitions formed in 0.921 secs
Dynamic Programming starting after 0.934 secs
Using tree-based weight calculation.
Using polytree-based weight calculation.
Polytree max score: 2651
Polytree building time: 0.068 seconds.
Number of quartet trees in the gene trees: 2651
Size of largest cluster: 10
Greedy score: 2627
estimationFactor: 1.00913589645984
Sub-optimal score: 2627
Total Number of elements weighted: 54
Normalized score (portion of input quartet trees satisfied before correcting for multiple individuals): 0.990946812523576
Optimization score: 2627
Optimal tree inferred in 1.163 secs.
(t7,(t8,(t9,((t3,t10),(t1,(t4,(t2,(t5,t6))))))));
Final quartet score is: 2627
Final normalized quartet score is: 0.990946812523576
You may want to ignore posterior probabilities and other statistics related to the following branch branch because the effective number of genes impacting it is only 11:
	{t7, t8, t9}
Extended species tree:
(t3,(t10,((t1,(t4,(t2,(t5,t6)1:2.1282317058492675)1:1.1349799328389845)1:2.590267165445826)1:5.327876168789593,(t9,(t8,t7)1:3.0602707946915624)0.98:0.6931471805599453)1:2.8134107167600355));
Weight calculation took 0.057025626 secs
ASTRAL finished in 1.606 secs
