
================== ASTRAL ===================== 

This is ASTRAL version 5.7.8
Gene trees are treated as unrooted
1247 trees read from tmp_quartet_RUV1FWWYrhu4K.txt
index0
All output trees will be *arbitrarily* rooted at t4
201 extra trees read from tmp_bipartitions_RUV1FWWYrhu4K.bootstrap.trees

======== Running the main analysis
Number of taxa: 10 (10 species)
Taxa: [t4, t5, t2, t6, t10, t3, t7, t8, t9, t1]
Taxon occupancy: {t4=543, t5=433, t6=356, t10=507, t7=495, t8=523, t9=606, t1=519, t2=577, t3=429}
Number of gene trees: 1247
1247 trees have missing taxa
Calculating quartet distance matrix (for completion of X)
Species tree distances calculated ...
Will attempt to complete bipartitions from X before adding using a distance matrix.
Building set of clusters (X) from gene trees 
------------------------------
gradient0: 73
Number of Clusters after addition by distance: 73
calculating extra bipartitions to be added at level 1 ...
Adding to X using resolutions of greedy consensus ...
Limit for sigma of degrees:300
polytomy size limit : 3
discarded polytomies:  []
Threshold 0.0:
Threshold 0.01:
Threshold 0.02:
Threshold 0.05:
Threshold 0.1:
Threshold 0.2:
Threshold 0.3333333333333333:
max k is :0
Number of Clusters after addition by greedy: 73
gradient0 in heuristiic: 73
calculating extra bipartitions from extra input trees ...
Number of Clusters after additions from extra trees: 87
partitions formed in 0.59 secs
Dynamic Programming starting after 0.597 secs
Using tree-based weight calculation.
Using polytree-based weight calculation.
Polytree max score: 1247
Polytree building time: 0.032 seconds.
Number of quartet trees in the gene trees: 1247
Size of largest cluster: 10
Greedy score: 1213
estimationFactor: 1.0280296784830998
Sub-optimal score: 1213
Total Number of elements weighted: 80
Normalized score (portion of input quartet trees satisfied before correcting for multiple individuals): 0.9727345629510826
Optimization score: 1213
Optimal tree inferred in 0.761 secs.
(t5,((t4,t10),(t3,((t1,(t8,t9)),(t6,(t2,t7))))));
Final quartet score is: 1213
Final normalized quartet score is: 0.9727345629510826
Extended species tree:
(t4,(t10,((t3,((t1,(t8,t9)1:3.3787245258100977)1:4.39032543748858,(t6,(t2,t7)1:2.100060828882572)0.81:0.33647223662121306)1:2.772588722239782)1:1.2039728043259361,t5)1:1.6226831391841212));
Weight calculation took 0.059142474 secs
ASTRAL finished in 1.112 secs
