
================== ASTRAL ===================== 

This is ASTRAL version 5.7.8
Gene trees are treated as unrooted
3136 trees read from tmp_quartet_RUV1FWWYrhu4K.txt
index0
All output trees will be *arbitrarily* rooted at t3
201 extra trees read from tmp_bipartitions_RUV1FWWYrhu4K.bootstrap.trees

======== Running the main analysis
Number of taxa: 10 (10 species)
Taxa: [t3, t5, t1, t6, t7, t8, t9, t10, t4, t2]
Taxon occupancy: {t4=1763, t5=1512, t6=1176, t10=1229, t7=1337, t8=1338, t9=1028, t1=505, t2=895, t3=1761}
Number of gene trees: 3136
3136 trees have missing taxa
Calculating quartet distance matrix (for completion of X)
Species tree distances calculated ...
Will attempt to complete bipartitions from X before adding using a distance matrix.
Building set of clusters (X) from gene trees 
------------------------------
gradient0: 83
Number of Clusters after addition by distance: 83
calculating extra bipartitions to be added at level 1 ...
Adding to X using resolutions of greedy consensus ...
Limit for sigma of degrees:300
polytomy size limit : 3
discarded polytomies:  []
Threshold 0.0:
Threshold 0.01:
Threshold 0.02:
Threshold 0.05:
Threshold 0.1:
Threshold 0.2:
Threshold 0.3333333333333333:
max k is :0
Number of Clusters after addition by greedy: 83
gradient0 in heuristiic: 83
calculating extra bipartitions from extra input trees ...
Number of Clusters after additions from extra trees: 97
partitions formed in 1.102 secs
Dynamic Programming starting after 1.102 secs
Using tree-based weight calculation.
Using polytree-based weight calculation.
Polytree max score: 3136
Polytree building time: 0.067 seconds.
Number of quartet trees in the gene trees: 3136
Size of largest cluster: 10
Greedy score: 3042
estimationFactor: 1.0309007232084155
Sub-optimal score: 3042
Total Number of elements weighted: 101
Normalized score (portion of input quartet trees satisfied before correcting for multiple individuals): 0.9700255102040817
Optimization score: 3042
Optimal tree inferred in 1.405 secs.
(t5,((t3,t4),(t1,(t6,(t9,((t8,t10),(t7,t2)))))));
Final quartet score is: 3042
Final normalized quartet score is: 0.9700255102040817
Extended species tree:
(t3,(t4,((t1,(t6,(t9,((t8,t10)1:3.1849742731925175,(t7,t2)1:1.858898772065683)1:1.280933845462064)0.88:0.17848278048678892)1:2.178532444324067)1:4.578141513600168,t5)1:3.1780538303479453));
Weight calculation took 0.07351387 secs
ASTRAL finished in 1.861 secs
