
================== ASTRAL ===================== 

This is ASTRAL version 5.7.8
Gene trees are treated as unrooted
1019 trees read from tmp_quartet_RUV1FWWYrhu4K.txt
index0
All output trees will be *arbitrarily* rooted at t10
201 extra trees read from tmp_bipartitions_RUV1FWWYrhu4K.bootstrap.trees

======== Running the main analysis
Number of taxa: 10 (10 species)
Taxa: [t10, t8, t1, t2, t5, t7, t9, t4, t6, t3]
Taxon occupancy: {t4=442, t5=400, t10=444, t6=408, t7=374, t8=516, t9=441, t1=310, t2=397, t3=344}
Number of gene trees: 1019
1019 trees have missing taxa
Calculating quartet distance matrix (for completion of X)
Species tree distances calculated ...
Will attempt to complete bipartitions from X before adding using a distance matrix.
Building set of clusters (X) from gene trees 
------------------------------
gradient0: 89
Number of Clusters after addition by distance: 89
calculating extra bipartitions to be added at level 1 ...
Adding to X using resolutions of greedy consensus ...
Limit for sigma of degrees:300
polytomy size limit : 3
discarded polytomies:  []
Threshold 0.0:
Threshold 0.01:
Threshold 0.02:
Threshold 0.05:
Threshold 0.1:
Threshold 0.2:
Threshold 0.3333333333333333:
max k is :0
Number of Clusters after addition by greedy: 89
gradient0 in heuristiic: 89
calculating extra bipartitions from extra input trees ...
Number of Clusters after additions from extra trees: 105
partitions formed in 0.536 secs
Dynamic Programming starting after 0.536 secs
Using tree-based weight calculation.
Using polytree-based weight calculation.
Polytree max score: 1019
Polytree building time: 0.03 seconds.
Number of quartet trees in the gene trees: 1019
Size of largest cluster: 10
Greedy score: 959
estimationFactor: 1.062565172054223
Sub-optimal score: 959
Total Number of elements weighted: 101
Normalized score (portion of input quartet trees satisfied before correcting for multiple individuals): 0.9411187438665358
Optimization score: 959
Optimal tree inferred in 0.697 secs.
(t8,(t4,((t7,(t2,t3)),((t10,t6),(t1,(t5,t9))))));
Final quartet score is: 959
Final normalized quartet score is: 0.9411187438665358
You may want to ignore posterior probabilities and other statistics related to the following branch branch because the effective number of genes impacting it is only 19:
	{t5, t9}
Extended species tree:
(t10,(t6,((t1,(t5,t9)1:2.590267165445826)1:2.0583881324820035,((t7,(t2,t3)1:1.4190841839428816)1:1.9661128563728323,(t4,t8)1:1.3143208614948017)1:0.4418327522790392)1:2.212972934304359));
Weight calculation took 0.046065919 secs
ASTRAL finished in 1.028 secs
