
================== ASTRAL ===================== 

This is ASTRAL version 5.7.8
Gene trees are treated as unrooted
1462 trees read from tmp_quartet_RUV1FWWYrhu4K.txt
index0
All output trees will be *arbitrarily* rooted at t4
201 extra trees read from tmp_bipartitions_RUV1FWWYrhu4K.bootstrap.trees

======== Running the main analysis
Number of taxa: 10 (10 species)
Taxa: [t4, t7, t2, t3, t8, t9, t5, t6, t10, t1]
Taxon occupancy: {t4=629, t5=561, t6=389, t10=476, t7=509, t8=650, t9=790, t1=652, t2=669, t3=523}
Number of gene trees: 1462
1462 trees have missing taxa
Calculating quartet distance matrix (for completion of X)
Species tree distances calculated ...
Will attempt to complete bipartitions from X before adding using a distance matrix.
Building set of clusters (X) from gene trees 
------------------------------
gradient0: 55
Number of Clusters after addition by distance: 55
calculating extra bipartitions to be added at level 1 ...
Adding to X using resolutions of greedy consensus ...
Limit for sigma of degrees:300
polytomy size limit : 3
discarded polytomies:  []
Threshold 0.0:
Threshold 0.01:
Threshold 0.02:
Threshold 0.05:
Threshold 0.1:
Threshold 0.2:
Threshold 0.3333333333333333:
max k is :0
Number of Clusters after addition by greedy: 55
gradient0 in heuristiic: 55
calculating extra bipartitions from extra input trees ...
Number of Clusters after additions from extra trees: 71
partitions formed in 0.768 secs
Dynamic Programming starting after 0.768 secs
Using tree-based weight calculation.
Using polytree-based weight calculation.
Polytree max score: 1462
Polytree building time: 0.035 seconds.
Number of quartet trees in the gene trees: 1462
Size of largest cluster: 10
Greedy score: 1444
estimationFactor: 1.0124653739612188
Sub-optimal score: 1444
Total Number of elements weighted: 57
Normalized score (portion of input quartet trees satisfied before correcting for multiple individuals): 0.987688098495212
Optimization score: 1444
Optimal tree inferred in 0.928 secs.
(t7,(t2,(t6,((t1,(t8,t9)),(t3,(t5,(t4,t10)))))));
Final quartet score is: 1444
Final normalized quartet score is: 0.987688098495212
Extended species tree:
(t4,(t10,(t5,(t3,((t1,(t8,t9)1:1.280933845462064)1:4.132496328186473,(t6,(t2,t7)1:3.2580965380214812)1:1.2039728043259361)1:3.4231762883809314)1:1.299282984130261)1:1.1631508098056806));
Weight calculation took 0.050098701 secs
ASTRAL finished in 1.309 secs
