
================== ASTRAL ===================== 

This is ASTRAL version 5.7.8
Gene trees are treated as unrooted
3082 trees read from tmp_quartet_RUV1FWWYrhu4K.txt
index0
All output trees will be *arbitrarily* rooted at t4
201 extra trees read from tmp_bipartitions_RUV1FWWYrhu4K.bootstrap.trees

======== Running the main analysis
Number of taxa: 10 (10 species)
Taxa: [t4, t5, t1, t2, t6, t7, t9, t3, t8, t10]
Taxon occupancy: {t4=1037, t5=1342, t6=1218, t10=677, t7=1275, t8=859, t9=1144, t1=1644, t2=1615, t3=1517}
Number of gene trees: 3082
3082 trees have missing taxa
Calculating quartet distance matrix (for completion of X)
Species tree distances calculated ...
Will attempt to complete bipartitions from X before adding using a distance matrix.
Building set of clusters (X) from gene trees 
------------------------------
gradient0: 67
Number of Clusters after addition by distance: 67
calculating extra bipartitions to be added at level 1 ...
Adding to X using resolutions of greedy consensus ...
Limit for sigma of degrees:300
polytomy size limit : 3
discarded polytomies:  []
Threshold 0.0:
Threshold 0.01:
Threshold 0.02:
Threshold 0.05:
Threshold 0.1:
Threshold 0.2:
Threshold 0.3333333333333333:
max k is :0
Number of Clusters after addition by greedy: 67
gradient0 in heuristiic: 67
calculating extra bipartitions from extra input trees ...
Number of Clusters after additions from extra trees: 83
partitions formed in 1.077 secs
Dynamic Programming starting after 1.09 secs
Using tree-based weight calculation.
Using polytree-based weight calculation.
Polytree max score: 3082
Polytree building time: 0.082 seconds.
Number of quartet trees in the gene trees: 3082
Size of largest cluster: 10
Greedy score: 3027
estimationFactor: 1.0181698050875454
Sub-optimal score: 3027
Total Number of elements weighted: 60
Normalized score (portion of input quartet trees satisfied before correcting for multiple individuals): 0.982154445165477
Optimization score: 3027
Optimal tree inferred in 1.361 secs.
(t5,((t9,t10),((t6,t7),(t4,((t3,t8),(t1,t2))))));
Final quartet score is: 3027
Final normalized quartet score is: 0.982154445165477
Extended species tree:
(t4,(((t3,t8)1:4.330733340286328,(t1,t2)1:3.938340313745519)1:3.194583132299155,((t6,t7)1:2.5068855565067754,((t9,t10)1:0.7731898882334817,t5)0.63:0.12260232209233239)1:2.781805377344706));
Weight calculation took 0.063200382 secs
ASTRAL finished in 1.839 secs
