
================== ASTRAL ===================== 

This is ASTRAL version 5.7.8
Gene trees are treated as unrooted
3735 trees read from tmp_quartet_RUV1FWWYrhu4K.txt
index0
All output trees will be *arbitrarily* rooted at t3
201 extra trees read from tmp_bipartitions_RUV1FWWYrhu4K.bootstrap.trees

======== Running the main analysis
Number of taxa: 10 (10 species)
Taxa: [t3, t4, t1, t2, t6, t7, t8, t10, t5, t9]
Taxon occupancy: {t4=2150, t5=1851, t6=1340, t10=1389, t7=1561, t8=1476, t9=1160, t1=746, t2=1009, t3=2258}
Number of gene trees: 3735
3735 trees have missing taxa
Calculating quartet distance matrix (for completion of X)
Species tree distances calculated ...
Will attempt to complete bipartitions from X before adding using a distance matrix.
Building set of clusters (X) from gene trees 
------------------------------
gradient0: 97
Number of Clusters after addition by distance: 97
calculating extra bipartitions to be added at level 1 ...
Adding to X using resolutions of greedy consensus ...
Limit for sigma of degrees:300
polytomy size limit : 3
discarded polytomies:  []
Threshold 0.0:
Threshold 0.01:
Threshold 0.02:
Threshold 0.05:
Threshold 0.1:
Threshold 0.2:
Threshold 0.3333333333333333:
max k is :0
Number of Clusters after addition by greedy: 97
gradient0 in heuristiic: 97
calculating extra bipartitions from extra input trees ...
Number of Clusters after additions from extra trees: 109
partitions formed in 1.414 secs
Dynamic Programming starting after 1.427 secs
Using tree-based weight calculation.
Using polytree-based weight calculation.
Polytree max score: 3735
Polytree building time: 0.072 seconds.
Number of quartet trees in the gene trees: 3735
Size of largest cluster: 10
Greedy score: 3667
estimationFactor: 1.0185437687482957
Sub-optimal score: 3667
Total Number of elements weighted: 99
Normalized score (portion of input quartet trees satisfied before correcting for multiple individuals): 0.9817938420348059
Optimization score: 3667
Optimal tree inferred in 1.726 secs.
(t4,(t3,(t5,(t1,(t9,(t6,((t8,t10),(t2,t7))))))));
Final quartet score is: 3667
Final normalized quartet score is: 0.9817938420348059
Extended species tree:
(t3,((t5,(t1,(t9,(t6,((t8,t10)1:4.094344562222104,(t2,t7)1:2.1302138670532598)1:0.4795730802618862)0.8:0.20763936477824438)1:3.5835189384561117)1:5.174264717878058)1:1.1749852674526835,t4));
Weight calculation took 0.065231121 secs
ASTRAL finished in 2.203 secs
