
================== ASTRAL ===================== 

This is ASTRAL version 5.7.8
Gene trees are treated as unrooted
2426 trees read from tmp_quartet_RUV1FWWYrhu4K.txt
index0
All output trees will be *arbitrarily* rooted at t10
201 extra trees read from tmp_bipartitions_RUV1FWWYrhu4K.bootstrap.trees

======== Running the main analysis
Number of taxa: 10 (10 species)
Taxa: [t10, t8, t2, t3, t4, t6, t5, t7, t9, t1]
Taxon occupancy: {t4=885, t5=1154, t10=1370, t6=1355, t7=825, t8=603, t9=876, t1=903, t2=885, t3=848}
Number of gene trees: 2426
2426 trees have missing taxa
Calculating quartet distance matrix (for completion of X)
Species tree distances calculated ...
Will attempt to complete bipartitions from X before adding using a distance matrix.
Building set of clusters (X) from gene trees 
------------------------------
gradient0: 61
Number of Clusters after addition by distance: 61
calculating extra bipartitions to be added at level 1 ...
Adding to X using resolutions of greedy consensus ...
Limit for sigma of degrees:300
polytomy size limit : 3
discarded polytomies:  []
Threshold 0.0:
Threshold 0.01:
Threshold 0.02:
Threshold 0.05:
Threshold 0.1:
Threshold 0.2:
Threshold 0.3333333333333333:
max k is :0
Number of Clusters after addition by greedy: 61
gradient0 in heuristiic: 61
calculating extra bipartitions from extra input trees ...
Number of Clusters after additions from extra trees: 75
partitions formed in 0.901 secs
Dynamic Programming starting after 0.914 secs
Using tree-based weight calculation.
Using polytree-based weight calculation.
Polytree max score: 2426
Polytree building time: 0.088 seconds.
Number of quartet trees in the gene trees: 2426
Size of largest cluster: 10
Greedy score: 2385
estimationFactor: 1.0171907756813416
Sub-optimal score: 2385
Total Number of elements weighted: 63
Normalized score (portion of input quartet trees satisfied before correcting for multiple individuals): 0.9830997526793075
Optimization score: 2385
Optimal tree inferred in 1.159 secs.
(t8,((t10,t6),(t1,((t2,t3),(t4,(t7,(t5,t9)))))));
Final quartet score is: 2385
Final normalized quartet score is: 0.9830997526793075
Extended species tree:
(t10,(t6,((t1,((t2,t3)1:3.091042453358317,(t4,(t7,(t5,t9)1:1.4190841839428816)1:0.6649763035932491)1:3.6258213181468006)0.95:0.41551544396166595)1:4.116323468940871,t8)1:1.7730673362159026));
Weight calculation took 0.046594925 secs
ASTRAL finished in 1.617 secs
