
================== ASTRAL ===================== 

This is ASTRAL version 5.7.8
Gene trees are treated as unrooted
2354 trees read from tmp_quartet_RUV1FWWYrhu4K.txt
index0
All output trees will be *arbitrarily* rooted at t5
201 extra trees read from tmp_bipartitions_RUV1FWWYrhu4K.bootstrap.trees

======== Running the main analysis
Number of taxa: 10 (10 species)
Taxa: [t5, t6, t1, t2, t3, t4, t7, t9, t8, t10]
Taxon occupancy: {t4=974, t5=1528, t6=1481, t10=545, t7=1095, t8=689, t9=818, t1=732, t2=699, t3=855}
Number of gene trees: 2354
2354 trees have missing taxa
Calculating quartet distance matrix (for completion of X)
Species tree distances calculated ...
Will attempt to complete bipartitions from X before adding using a distance matrix.
Building set of clusters (X) from gene trees 
------------------------------
gradient0: 85
Number of Clusters after addition by distance: 85
calculating extra bipartitions to be added at level 1 ...
Adding to X using resolutions of greedy consensus ...
Limit for sigma of degrees:300
polytomy size limit : 3
discarded polytomies:  []
Threshold 0.0:
Threshold 0.01:
Threshold 0.02:
Threshold 0.05:
Threshold 0.1:
Threshold 0.2:
Threshold 0.3333333333333333:
max k is :0
Number of Clusters after addition by greedy: 85
gradient0 in heuristiic: 85
calculating extra bipartitions from extra input trees ...
Number of Clusters after additions from extra trees: 103
partitions formed in 0.907 secs
Dynamic Programming starting after 0.907 secs
Using tree-based weight calculation.
Using polytree-based weight calculation.
Polytree max score: 2354
Polytree building time: 0.049 seconds.
Number of quartet trees in the gene trees: 2354
Size of largest cluster: 10
Greedy score: 2307
estimationFactor: 1.0203727785002168
Sub-optimal score: 2307
Total Number of elements weighted: 74
Normalized score (portion of input quartet trees satisfied before correcting for multiple individuals): 0.9800339847068819
Optimization score: 2307
Optimal tree inferred in 1.154 secs.
(t6,(t5,(t10,((t3,(t4,t7)),((t1,t9),(t2,t8))))));
Final quartet score is: 2307
Final normalized quartet score is: 0.9800339847068819
Extended species tree:
(t5,((t10,((t3,(t4,t7)1:1.7917594692280545)1:1.942730496137934,((t1,t9)1:0.6931471805599453,(t2,t8)1:3.091042453358317)1:2.005333569526114)1:3.0602707946915624)1:4.747826486389606,t6));
Weight calculation took 0.064827759 secs
ASTRAL finished in 1.563 secs
