
================== ASTRAL ===================== 

This is ASTRAL version 5.7.8
Gene trees are treated as unrooted
824 trees read from quartet_temp.txt
index0
All output trees will be *arbitrarily* rooted at t7

======== Running the main analysis
Number of taxa: 10 (10 species)
Taxa: [t7, t9, t1, t2, t4, t8, t3, t6, t10, t5]
Taxon occupancy: {t4=407, t5=300, t6=416, t10=285, t7=458, t8=202, t9=219, t1=366, t2=398, t3=245}
Number of gene trees: 824
824 trees have missing taxa
Calculating quartet distance matrix (for completion of X)
Species tree distances calculated ...
Will attempt to complete bipartitions from X before adding using a distance matrix.
Building set of clusters (X) from gene trees 
------------------------------
gradient0: 121
Number of Clusters after addition by distance: 121
calculating extra bipartitions to be added at level 1 ...
Adding to X using resolutions of greedy consensus ...
Limit for sigma of degrees:300
polytomy size limit : 3
discarded polytomies:  []
Threshold 0.0:
Threshold 0.01:
Threshold 0.02:
Threshold 0.05:
Threshold 0.1:
Threshold 0.2:
Threshold 0.3333333333333333:
max k is :0
Number of Clusters after addition by greedy: 121
gradient0 in heuristiic: 121
calculating all possible bipartitions ...
Number of Clusters After Adding All possible clusters: 1023
partitions formed in 0.099 secs
Dynamic Programming starting after 0.099 secs
Using tree-based weight calculation.
Using polytree-based weight calculation.
Polytree max score: 824
Polytree building time: 0.006 seconds.
Number of quartet trees in the gene trees: 824
Size of largest cluster: 10
Greedy score: 708
estimationFactor: 1.1638418079096045
Sub-optimal score: 708
Total Number of elements weighted: 6586
Normalized score (portion of input quartet trees satisfied before correcting for multiple individuals): 0.8822815533980582
Optimization score: 727
Optimal tree inferred in 0.277 secs.
(t9,((t10,(t7,t6)),(t3,(t8,((t1,t4),(t2,t5))))));
Final quartet score is: 727
Final normalized quartet score is: 0.8822815533980582
You may want to ignore posterior probabilities and other statistics related to the following branch branch because the effective number of genes impacting it is only 10:
	{t9, t1, t2, t4, t8, t3, t5}
Extended species tree:
(t7,(t6,(t10,((t3,(t8,((t1,t4)1:1.286210902562908,(t2,t5)1:1.2039728043259361)1:0.8472978603872037)0.98:0.3968813644167729)1:0.8472978603872037,t9)0.68:0.20067069546215124)1:1.9616585060234524));
Weight calculation took 0.136943656 secs
ASTRAL finished in 0.33 secs
