
================== ASTRAL ===================== 

This is ASTRAL version 5.7.8
Gene trees are treated as unrooted
1871 trees read from quartet_temp.txt
index0
All output trees will be *arbitrarily* rooted at t8

======== Running the main analysis
Number of taxa: 10 (10 species)
Taxa: [t8, t9, t1, t5, t6, t2, t3, t4, t7, t10]
Taxon occupancy: {t4=600, t5=1024, t6=981, t10=605, t7=594, t8=918, t9=665, t1=614, t2=745, t3=738}
Number of gene trees: 1871
1871 trees have missing taxa
Calculating quartet distance matrix (for completion of X)
Species tree distances calculated ...
Will attempt to complete bipartitions from X before adding using a distance matrix.
Building set of clusters (X) from gene trees 
------------------------------
gradient0: 51
Number of Clusters after addition by distance: 51
calculating extra bipartitions to be added at level 1 ...
Adding to X using resolutions of greedy consensus ...
Limit for sigma of degrees:300
polytomy size limit : 3
discarded polytomies:  []
Threshold 0.0:
Threshold 0.01:
Threshold 0.02:
Threshold 0.05:
Threshold 0.1:
Threshold 0.2:
Threshold 0.3333333333333333:
max k is :0
Number of Clusters after addition by greedy: 51
gradient0 in heuristiic: 51
calculating all possible bipartitions ...
Number of Clusters After Adding All possible clusters: 1023
partitions formed in 0.134 secs
Dynamic Programming starting after 0.134 secs
Using tree-based weight calculation.
Using polytree-based weight calculation.
Polytree max score: 1871
Polytree building time: 0.009 seconds.
Number of quartet trees in the gene trees: 1871
Size of largest cluster: 10
Greedy score: 1856
estimationFactor: 1.0080818965517242
Sub-optimal score: 1856
Total Number of elements weighted: 964
Normalized score (portion of input quartet trees satisfied before correcting for multiple individuals): 0.9919828968466061
Optimization score: 1856
Optimal tree inferred in 0.227 secs.
(t9,(t4,((t2,(t8,t3)),(t7,((t1,t10),(t5,t6))))));
Final quartet score is: 1856
Final normalized quartet score is: 0.9919828968466061
You may want to ignore posterior probabilities and other statistics related to the following branch branch because the effective number of genes impacting it is only 10:
	{t9, t1, t5, t6, t2, t4, t7, t10}
Extended species tree:
(t8,(t3,(t2,((t7,((t1,t10)1:3.2321210516182224,(t5,t6)1:0.6623755218931916)1:3.564826805443958)1:4.550361949493098,(t4,t9)1:2.8526314299133184)1:2.9444389791664407)0.99:0.8938178760220965));
Weight calculation took 0.056373019 secs
ASTRAL finished in 0.298 secs
