
================== ASTRAL ===================== 

This is ASTRAL version 5.7.8
Gene trees are treated as unrooted
1768 trees read from quartet_temp.txt
index0
All output trees will be *arbitrarily* rooted at t2

======== Running the main analysis
Number of taxa: 10 (10 species)
Taxa: [t2, t6, t1, t8, t10, t4, t5, t3, t7, t9]
Taxon occupancy: {t4=876, t5=832, t6=890, t10=919, t7=424, t8=548, t9=834, t1=514, t2=596, t3=639}
Number of gene trees: 1768
1768 trees have missing taxa
Calculating quartet distance matrix (for completion of X)
Species tree distances calculated ...
Will attempt to complete bipartitions from X before adding using a distance matrix.
Building set of clusters (X) from gene trees 
------------------------------
gradient0: 49
Number of Clusters after addition by distance: 49
calculating extra bipartitions to be added at level 1 ...
Adding to X using resolutions of greedy consensus ...
Limit for sigma of degrees:300
polytomy size limit : 3
discarded polytomies:  []
Threshold 0.0:
Threshold 0.01:
Threshold 0.02:
Threshold 0.05:
Threshold 0.1:
Threshold 0.2:
Threshold 0.3333333333333333:
max k is :0
Number of Clusters after addition by greedy: 49
gradient0 in heuristiic: 49
calculating all possible bipartitions ...
Number of Clusters After Adding All possible clusters: 1023
partitions formed in 0.167 secs
Dynamic Programming starting after 0.167 secs
Using tree-based weight calculation.
Using polytree-based weight calculation.
Polytree max score: 1768
Polytree building time: 0.008 seconds.
Number of quartet trees in the gene trees: 1768
Size of largest cluster: 10
Greedy score: 1765
estimationFactor: 1.001699716713881
Sub-optimal score: 1765
Total Number of elements weighted: 1064
Normalized score (portion of input quartet trees satisfied before correcting for multiple individuals): 0.9983031674208145
Optimization score: 1765
Optimal tree inferred in 0.279 secs.
(t6,(t10,(t2,(t1,(t8,(t7,(t3,(t9,(t4,t5)))))))));
Final quartet score is: 1765
Final normalized quartet score is: 0.9983031674208145
You may want to ignore posterior probabilities and other statistics related to the following branch branch because the effective number of genes impacting it is only 14:
	{t4, t5}
You may want to ignore posterior probabilities and other statistics related to the following branch branch because the effective number of genes impacting it is only 9:
	{t8, t4, t5, t3, t7, t9}
Extended species tree:
(t2,((t1,(t8,(t7,(t3,(t9,(t4,t5)1:2.302585092994046)1:3.486355190002461)1:3.486355190002461)1:3.3081069585961425)1:1.2039728043259361)1:2.92673940206704,(t10,t6)1:3.149882953381249));
Weight calculation took 0.072129423 secs
ASTRAL finished in 0.357 secs
