
================== ASTRAL ===================== 

This is ASTRAL version 5.7.8
Gene trees are treated as unrooted
2716 trees read from quartet_temp.txt
index0
All output trees will be *arbitrarily* rooted at t5

======== Running the main analysis
Number of taxa: 10 (10 species)
Taxa: [t5, t7, t1, t2, t4, t6, t8, t9, t10, t3]
Taxon occupancy: {t4=1237, t5=732, t6=1207, t10=1539, t7=1236, t8=1247, t9=1458, t1=683, t2=712, t3=813}
Number of gene trees: 2716
2716 trees have missing taxa
Calculating quartet distance matrix (for completion of X)
Species tree distances calculated ...
Will attempt to complete bipartitions from X before adding using a distance matrix.
Building set of clusters (X) from gene trees 
------------------------------
gradient0: 49
Number of Clusters after addition by distance: 49
calculating extra bipartitions to be added at level 1 ...
Adding to X using resolutions of greedy consensus ...
Limit for sigma of degrees:300
polytomy size limit : 3
discarded polytomies:  []
Threshold 0.0:
Threshold 0.01:
Threshold 0.02:
Threshold 0.05:
Threshold 0.1:
Threshold 0.2:
Threshold 0.3333333333333333:
max k is :0
Number of Clusters after addition by greedy: 49
gradient0 in heuristiic: 49
calculating all possible bipartitions ...
Number of Clusters After Adding All possible clusters: 1023
partitions formed in 0.195 secs
Dynamic Programming starting after 0.195 secs
Using tree-based weight calculation.
Using polytree-based weight calculation.
Polytree max score: 2716
Polytree building time: 0.011 seconds.
Number of quartet trees in the gene trees: 2716
Size of largest cluster: 10
Greedy score: 2689
estimationFactor: 1.0100409074005205
Sub-optimal score: 2689
Total Number of elements weighted: 903
Normalized score (portion of input quartet trees satisfied before correcting for multiple individuals): 0.990058910162003
Optimization score: 2689
Optimal tree inferred in 0.304 secs.
(t7,((t9,t10),(t3,(t5,(t1,((t4,t8),(t2,t6)))))));
Final quartet score is: 2689
Final normalized quartet score is: 0.990058910162003
You may want to ignore posterior probabilities and other statistics related to the following branch branch because the effective number of genes impacting it is only 12:
	{t2, t6}
Extended species tree:
(t5,((t1,((t4,t8)1:2.9444389791664407,(t2,t6)1:2.159484249353373)0.94:0.35667494393873245)1:3.0602707946915624,(t3,((t9,t10)1:3.7534179752515073,t7)1:2.1282317058492675)1:4.477336814478208));
Weight calculation took 0.066139118 secs
ASTRAL finished in 0.386 secs
