
================== ASTRAL ===================== 

This is ASTRAL version 5.7.8
Gene trees are treated as unrooted
935 trees read from quartet_temp.txt
index0
All output trees will be *arbitrarily* rooted at t7

======== Running the main analysis
Number of taxa: 10 (10 species)
Taxa: [t7, t8, t3, t9, t2, t4, t1, t5, t6, t10]
Taxon occupancy: {t4=429, t5=448, t6=397, t10=286, t7=366, t8=503, t9=306, t1=363, t2=355, t3=287}
Number of gene trees: 935
935 trees have missing taxa
Calculating quartet distance matrix (for completion of X)
Species tree distances calculated ...
Will attempt to complete bipartitions from X before adding using a distance matrix.
Building set of clusters (X) from gene trees 
------------------------------
gradient0: 91
Number of Clusters after addition by distance: 91
calculating extra bipartitions to be added at level 1 ...
Adding to X using resolutions of greedy consensus ...
Limit for sigma of degrees:300
polytomy size limit : 3
discarded polytomies:  []
Threshold 0.0:
Threshold 0.01:
Threshold 0.02:
Threshold 0.05:
Threshold 0.1:
Threshold 0.2:
Threshold 0.3333333333333333:
max k is :0
Number of Clusters after addition by greedy: 91
gradient0 in heuristiic: 91
calculating all possible bipartitions ...
Number of Clusters After Adding All possible clusters: 1023
partitions formed in 0.091 secs
Dynamic Programming starting after 0.091 secs
Using tree-based weight calculation.
Using polytree-based weight calculation.
Polytree max score: 935
Polytree building time: 0.006 seconds.
Number of quartet trees in the gene trees: 935
Size of largest cluster: 10
Greedy score: 888
estimationFactor: 1.052927927927928
Sub-optimal score: 888
Total Number of elements weighted: 1134
Normalized score (portion of input quartet trees satisfied before correcting for multiple individuals): 0.9497326203208556
Optimization score: 888
Optimal tree inferred in 0.166 secs.
(t8,(t4,(t10,((t3,t9),(t6,((t2,t5),(t7,t1)))))));
Final quartet score is: 888
Final normalized quartet score is: 0.9497326203208556
You may want to ignore posterior probabilities and other statistics related to the following branch branch because the effective number of genes impacting it is only 14:
	{t2, t5}
You may want to ignore posterior probabilities and other statistics related to the following branch branch because the effective number of genes impacting it is only 18:
	{t8, t4, t10}
Extended species tree:
(t7,(t1,((t2,t5)0.99:0.6931471805599453,(t6,((t3,t9)1:2.0368819272610392,(t10,(t4,t8)1:2.022283127839887)1:0.7472144018302211)1:1.0986122886681098)1:1.0498221244986778)1:4.248495242049363));
Weight calculation took 0.043196923 secs
ASTRAL finished in 0.223 secs
