
================== ASTRAL ===================== 

This is ASTRAL version 5.7.8
Gene trees are treated as unrooted
2980 trees read from quartet_temp.txt
index0
All output trees will be *arbitrarily* rooted at t6

======== Running the main analysis
Number of taxa: 10 (10 species)
Taxa: [t6, t7, t2, t3, t4, t5, t8, t9, t1, t10]
Taxon occupancy: {t4=1546, t5=1302, t6=1144, t10=1131, t7=1063, t8=854, t9=1238, t1=950, t2=1451, t3=1241}
Number of gene trees: 2980
2980 trees have missing taxa
Calculating quartet distance matrix (for completion of X)
Species tree distances calculated ...
Will attempt to complete bipartitions from X before adding using a distance matrix.
Building set of clusters (X) from gene trees 
------------------------------
gradient0: 63
Number of Clusters after addition by distance: 63
calculating extra bipartitions to be added at level 1 ...
Adding to X using resolutions of greedy consensus ...
Limit for sigma of degrees:300
polytomy size limit : 3
discarded polytomies:  []
Threshold 0.0:
Threshold 0.01:
Threshold 0.02:
Threshold 0.05:
Threshold 0.1:
Threshold 0.2:
Threshold 0.3333333333333333:
max k is :0
Number of Clusters after addition by greedy: 63
gradient0 in heuristiic: 63
calculating all possible bipartitions ...
Number of Clusters After Adding All possible clusters: 1023
partitions formed in 0.203 secs
Dynamic Programming starting after 0.203 secs
Using tree-based weight calculation.
Using polytree-based weight calculation.
Polytree max score: 2980
Polytree building time: 0.011 seconds.
Number of quartet trees in the gene trees: 2980
Size of largest cluster: 10
Greedy score: 2897
estimationFactor: 1.0286503279254402
Sub-optimal score: 2897
Total Number of elements weighted: 1227
Normalized score (portion of input quartet trees satisfied before correcting for multiple individuals): 0.9721476510067114
Optimization score: 2897
Optimal tree inferred in 0.314 secs.
(t7,(t6,(t8,((t9,t10),(t1,((t4,t5),(t2,t3)))))));
Final quartet score is: 2897
Final normalized quartet score is: 0.9721476510067114
You may want to ignore posterior probabilities and other statistics related to the following branch branch because the effective number of genes impacting it is only 18:
	{t2, t3, t4, t5, t8, t9, t1, t10}
Extended species tree:
(t6,((t8,((t9,t10)1:1.0330150061822962,(t1,((t4,t5)1:4.373658385003369,(t2,t3)1:1.8971199848858815)1:2.2400647360127124)1:3.242592351485518)1:0.6443570163905135)1:1.440361582390166,t7));
Weight calculation took 0.070221907 secs
ASTRAL finished in 0.406 secs
