
================== ASTRAL ===================== 

This is ASTRAL version 5.7.8
Gene trees are treated as unrooted
2204 trees read from tmp_quartet_n3pChO3AwisGK.txt
index0
All output trees will be *arbitrarily* rooted at t5
201 extra trees read from tmp_bipartitions_n3pChO3AwisGK.bootstrap.trees

======== Running the main analysis
Number of taxa: 10 (10 species)
Taxa: [t5, t6, t1, t3, t4, t7, t8, t9, t10, t2]
Taxon occupancy: {t4=824, t5=1093, t6=643, t10=746, t7=927, t8=925, t9=671, t1=850, t2=1094, t3=1043}
Number of gene trees: 2204
2204 trees have missing taxa
Calculating quartet distance matrix (for completion of X)
Species tree distances calculated ...
Will attempt to complete bipartitions from X before adding using a distance matrix.
Building set of clusters (X) from gene trees 
------------------------------
gradient0: 59
Number of Clusters after addition by distance: 59
calculating extra bipartitions to be added at level 1 ...
Adding to X using resolutions of greedy consensus ...
Limit for sigma of degrees:300
polytomy size limit : 3
discarded polytomies:  []
Threshold 0.0:
Threshold 0.01:
Threshold 0.02:
Threshold 0.05:
Threshold 0.1:
Threshold 0.2:
Threshold 0.3333333333333333:
max k is :0
Number of Clusters after addition by greedy: 59
gradient0 in heuristiic: 59
calculating extra bipartitions from extra input trees ...
Number of Clusters after additions from extra trees: 83
partitions formed in 0.632 secs
Dynamic Programming starting after 0.632 secs
Using tree-based weight calculation.
Using polytree-based weight calculation.
Polytree max score: 2204
Polytree building time: 0.023 seconds.
Number of quartet trees in the gene trees: 2204
Size of largest cluster: 10
Greedy score: 2166
estimationFactor: 1.0175438596491229
Sub-optimal score: 2166
Total Number of elements weighted: 65
Normalized score (portion of input quartet trees satisfied before correcting for multiple individuals): 0.9827586206896551
Optimization score: 2166
Optimal tree inferred in 0.769 secs.
(t6,(t5,(t2,(t4,(t1,((t3,t10),(t9,(t7,t8))))))));
Final quartet score is: 2166
Final normalized quartet score is: 0.9827586206896551
You may want to ignore posterior probabilities and other statistics related to the following branch branch because the effective number of genes impacting it is only 18:
	{t7, t8, t9}
Extended species tree:
(t5,((t2,(t4,(t1,((t3,t10)1:0.8075575317376896,(t9,(t7,t8)1:2.6625878270254533)1:1.440361582390166)1:5.390592642657216)1:1.2039728043259361)1:0.9808292530117262)1:2.1282317058492675,t6));
Weight calculation took 0.043609746 secs
ASTRAL finished in 1.075 secs
