
================== ASTRAL ===================== 

This is ASTRAL version 5.7.8
Gene trees are treated as unrooted
2335 trees read from tmp_quartet_n3pChO3AwisGK.txt
index0
All output trees will be *arbitrarily* rooted at t2
201 extra trees read from tmp_bipartitions_n3pChO3AwisGK.bootstrap.trees

======== Running the main analysis
Number of taxa: 10 (10 species)
Taxa: [t2, t4, t1, t3, t6, t7, t9, t10, t8, t5]
Taxon occupancy: {t4=1187, t5=1058, t6=869, t10=973, t7=698, t8=594, t9=1039, t1=782, t2=1142, t3=998}
Number of gene trees: 2335
2335 trees have missing taxa
Calculating quartet distance matrix (for completion of X)
Species tree distances calculated ...
Will attempt to complete bipartitions from X before adding using a distance matrix.
Building set of clusters (X) from gene trees 
------------------------------
gradient0: 91
Number of Clusters after addition by distance: 91
calculating extra bipartitions to be added at level 1 ...
Adding to X using resolutions of greedy consensus ...
Limit for sigma of degrees:300
polytomy size limit : 3
discarded polytomies:  []
Threshold 0.0:
Threshold 0.01:
Threshold 0.02:
Threshold 0.05:
Threshold 0.1:
Threshold 0.2:
Threshold 0.3333333333333333:
max k is :0
Number of Clusters after addition by greedy: 91
gradient0 in heuristiic: 91
calculating extra bipartitions from extra input trees ...
Number of Clusters after additions from extra trees: 115
partitions formed in 0.667 secs
Dynamic Programming starting after 0.667 secs
Using tree-based weight calculation.
Using polytree-based weight calculation.
Polytree max score: 2335
Polytree building time: 0.033 seconds.
Number of quartet trees in the gene trees: 2335
Size of largest cluster: 10
Greedy score: 2253
estimationFactor: 1.0363959165557035
Sub-optimal score: 2265
Total Number of elements weighted: 113
Normalized score (portion of input quartet trees satisfied before correcting for multiple individuals): 0.9713062098501071
Optimization score: 2268
Optimal tree inferred in 0.823 secs.
(t4,(t5,((t2,t3),(t1,((t6,t7),(t8,(t9,t10)))))));
Final quartet score is: 2268
Final normalized quartet score is: 0.9713062098501071
You may want to ignore posterior probabilities and other statistics related to the following branch branch because the effective number of genes impacting it is only 17:
	{t9, t10}
Extended species tree:
(t2,(t3,((t1,((t6,t7)1:1.299282984130261,(t8,(t9,t10)1:1.7917594692280545)0.87:0.32047189527477177)1:2.466214516775848)1:2.159484249353373,(t5,t4)1:3.9120230054281477)1:1.5163474893680884));
Weight calculation took 0.03894718 secs
ASTRAL finished in 1.117 secs
