
================== ASTRAL ===================== 

This is ASTRAL version 5.7.8
Gene trees are treated as unrooted
3233 trees read from tmp_quartet_n3pChO3AwisGK.txt
index0
All output trees will be *arbitrarily* rooted at t3
201 extra trees read from tmp_bipartitions_n3pChO3AwisGK.bootstrap.trees

======== Running the main analysis
Number of taxa: 10 (10 species)
Taxa: [t3, t4, t2, t6, t7, t8, t9, t10, t5, t1]
Taxon occupancy: {t4=1572, t5=1562, t6=1192, t10=1304, t7=1338, t8=1410, t9=1025, t1=737, t2=981, t3=1811}
Number of gene trees: 3233
3233 trees have missing taxa
Calculating quartet distance matrix (for completion of X)
Species tree distances calculated ...
Will attempt to complete bipartitions from X before adding using a distance matrix.
Building set of clusters (X) from gene trees 
------------------------------
gradient0: 87
Number of Clusters after addition by distance: 87
calculating extra bipartitions to be added at level 1 ...
Adding to X using resolutions of greedy consensus ...
Limit for sigma of degrees:300
polytomy size limit : 3
discarded polytomies:  []
Threshold 0.0:
Threshold 0.01:
Threshold 0.02:
Threshold 0.05:
Threshold 0.1:
Threshold 0.2:
Threshold 0.3333333333333333:
max k is :0
Number of Clusters after addition by greedy: 87
gradient0 in heuristiic: 87
calculating extra bipartitions from extra input trees ...
Number of Clusters after additions from extra trees: 113
partitions formed in 0.809 secs
Dynamic Programming starting after 0.822 secs
Using tree-based weight calculation.
Using polytree-based weight calculation.
Polytree max score: 3233
Polytree building time: 0.049 seconds.
Number of quartet trees in the gene trees: 3233
Size of largest cluster: 10
Greedy score: 3204
estimationFactor: 1.0090511860174782
Sub-optimal score: 3204
Total Number of elements weighted: 100
Normalized score (portion of input quartet trees satisfied before correcting for multiple individuals): 0.9910300030931024
Optimization score: 3204
Optimal tree inferred in 1.018 secs.
(t4,(t3,(t5,(t1,((t6,t9),((t8,t10),(t2,t7)))))));
Final quartet score is: 3204
Final normalized quartet score is: 0.9910300030931024
Extended species tree:
(t3,((t5,(t1,((t6,t9)1:0.5500463369192721,((t8,t10)1:3.218875824868203,(t2,t7)1:3.6198865826269824)1:2.1259615573147284)1:4.001254139156088)1:4.872649551122363)1:3.3787245258100977,t4));
Weight calculation took 0.038267318 secs
ASTRAL finished in 1.331 secs
