
================== ASTRAL ===================== 

This is ASTRAL version 5.7.8
Gene trees are treated as unrooted
1362 trees read from tmp_quartet_n3pChO3AwisGK.txt
index0
All output trees will be *arbitrarily* rooted at t10
201 extra trees read from tmp_bipartitions_n3pChO3AwisGK.bootstrap.trees

======== Running the main analysis
Number of taxa: 10 (10 species)
Taxa: [t10, t4, t2, t7, t8, t9, t1, t3, t5, t6]
Taxon occupancy: {t4=573, t5=534, t10=428, t6=323, t7=442, t8=637, t9=721, t1=607, t2=614, t3=569}
Number of gene trees: 1362
1362 trees have missing taxa
Calculating quartet distance matrix (for completion of X)
Species tree distances calculated ...
Will attempt to complete bipartitions from X before adding using a distance matrix.
Building set of clusters (X) from gene trees 
------------------------------
gradient0: 47
Number of Clusters after addition by distance: 47
calculating extra bipartitions to be added at level 1 ...
Adding to X using resolutions of greedy consensus ...
Limit for sigma of degrees:300
polytomy size limit : 3
discarded polytomies:  []
Threshold 0.0:
Threshold 0.01:
Threshold 0.02:
Threshold 0.05:
Threshold 0.1:
Threshold 0.2:
Threshold 0.3333333333333333:
max k is :0
Number of Clusters after addition by greedy: 47
gradient0 in heuristiic: 47
calculating extra bipartitions from extra input trees ...
Number of Clusters after additions from extra trees: 69
partitions formed in 0.467 secs
Dynamic Programming starting after 0.467 secs
Using tree-based weight calculation.
Using polytree-based weight calculation.
Polytree max score: 1362
Polytree building time: 0.025 seconds.
Number of quartet trees in the gene trees: 1362
Size of largest cluster: 10
Greedy score: 1353
estimationFactor: 1.0066518847006651
Sub-optimal score: 1353
Total Number of elements weighted: 61
Normalized score (portion of input quartet trees satisfied before correcting for multiple individuals): 0.9933920704845814
Optimization score: 1353
Optimal tree inferred in 0.579 secs.
(t4,(t10,(t5,(t3,((t1,(t8,t9)),(t6,(t2,t7)))))));
Final quartet score is: 1353
Final normalized quartet score is: 0.9933920704845814
You may want to ignore posterior probabilities and other statistics related to the following branch branch because the effective number of genes impacting it is only 2:
	{t2, t7, t6}
You may want to ignore posterior probabilities and other statistics related to the following branch branch because the effective number of genes impacting it is only 17:
	{t2, t7, t8, t9, t1, t3, t5, t6}
Extended species tree:
(t10,((t5,(t3,((t1,(t8,t9)1:1.3862943611198908)1:4.557379522151745,(t6,(t2,t7)1:3.2321210516182224)0.87:0.6931471805599453)1:3.0122615755052005)1:2.772588722239782)1:1.7917594692280545,t4));
Weight calculation took 0.029472573 secs
ASTRAL finished in 0.818 secs
