
================== ASTRAL ===================== 

This is ASTRAL version 5.7.8
Gene trees are treated as unrooted
1934 trees read from tmp_quartet_n3pChO3AwisGK.txt
index0
All output trees will be *arbitrarily* rooted at t2
201 extra trees read from tmp_bipartitions_n3pChO3AwisGK.bootstrap.trees

======== Running the main analysis
Number of taxa: 10 (10 species)
Taxa: [t2, t6, t1, t5, t3, t4, t8, t9, t10, t7]
Taxon occupancy: {t4=750, t5=668, t6=734, t10=926, t7=646, t8=760, t9=898, t1=961, t2=902, t3=491}
Number of gene trees: 1934
1934 trees have missing taxa
Calculating quartet distance matrix (for completion of X)
Species tree distances calculated ...
Will attempt to complete bipartitions from X before adding using a distance matrix.
Building set of clusters (X) from gene trees 
------------------------------
gradient0: 45
Number of Clusters after addition by distance: 45
calculating extra bipartitions to be added at level 1 ...
Adding to X using resolutions of greedy consensus ...
Limit for sigma of degrees:300
polytomy size limit : 3
discarded polytomies:  []
Threshold 0.0:
Threshold 0.01:
Threshold 0.02:
Threshold 0.05:
Threshold 0.1:
Threshold 0.2:
Threshold 0.3333333333333333:
max k is :0
Number of Clusters after addition by greedy: 45
gradient0 in heuristiic: 45
calculating extra bipartitions from extra input trees ...
Number of Clusters after additions from extra trees: 69
partitions formed in 0.55 secs
Dynamic Programming starting after 0.55 secs
Using tree-based weight calculation.
Using polytree-based weight calculation.
Polytree max score: 1934
Polytree building time: 0.027 seconds.
Number of quartet trees in the gene trees: 1934
Size of largest cluster: 10
Greedy score: 1925
estimationFactor: 1.0046753246753246
Sub-optimal score: 1925
Total Number of elements weighted: 57
Normalized score (portion of input quartet trees satisfied before correcting for multiple individuals): 0.9953464322647363
Optimization score: 1925
Optimal tree inferred in 0.693 secs.
(t6,(t2,((t1,t5),(t3,((t4,t7),(t8,(t9,t10)))))));
Final quartet score is: 1925
Final normalized quartet score is: 0.9953464322647363
You may want to ignore posterior probabilities and other statistics related to the following branch branch because the effective number of genes impacting it is only 12:
	{t1, t5}
You may want to ignore posterior probabilities and other statistics related to the following branch branch because the effective number of genes impacting it is only 10:
	{t4, t7}
You may want to ignore posterior probabilities and other statistics related to the following branch branch because the effective number of genes impacting it is only 19:
	{t1, t5, t3, t4, t8, t9, t10, t7}
Extended species tree:
(t2,(((t1,t5)1:2.159484249353373,(t3,((t4,t7)1:1.9924301646902058,(t8,(t9,t10)1:1.4916548767777167)1:2.439444275711243)1:3.9120230054281477)1:4.313033763186934)1:2.590267165445826,t6));
Weight calculation took 0.049998814 secs
ASTRAL finished in 0.961 secs
