
================== ASTRAL ===================== 

This is ASTRAL version 5.7.8
Gene trees are treated as unrooted
3068 trees read from tmp_quartet_n3pChO3AwisGK.txt
index0
All output trees will be *arbitrarily* rooted at t2
201 extra trees read from tmp_bipartitions_n3pChO3AwisGK.bootstrap.trees

======== Running the main analysis
Number of taxa: 10 (10 species)
Taxa: [t2, t3, t1, t4, t5, t6, t7, t9, t10, t8]
Taxon occupancy: {t4=1064, t5=1172, t6=1318, t10=1473, t7=1186, t8=845, t9=1483, t1=965, t2=1406, t3=1360}
Number of gene trees: 3068
3068 trees have missing taxa
Calculating quartet distance matrix (for completion of X)
Species tree distances calculated ...
Will attempt to complete bipartitions from X before adding using a distance matrix.
Building set of clusters (X) from gene trees 
------------------------------
gradient0: 51
Number of Clusters after addition by distance: 51
calculating extra bipartitions to be added at level 1 ...
Adding to X using resolutions of greedy consensus ...
Limit for sigma of degrees:300
polytomy size limit : 3
discarded polytomies:  []
Threshold 0.0:
Threshold 0.01:
Threshold 0.02:
Threshold 0.05:
Threshold 0.1:
Threshold 0.2:
Threshold 0.3333333333333333:
max k is :0
Number of Clusters after addition by greedy: 51
gradient0 in heuristiic: 51
calculating extra bipartitions from extra input trees ...
Number of Clusters after additions from extra trees: 67
partitions formed in 0.731 secs
Dynamic Programming starting after 0.743 secs
Using tree-based weight calculation.
Using polytree-based weight calculation.
Polytree max score: 3068
Polytree building time: 0.048 seconds.
Number of quartet trees in the gene trees: 3068
Size of largest cluster: 10
Greedy score: 2959
estimationFactor: 1.0368367691787765
Sub-optimal score: 2959
Total Number of elements weighted: 54
Normalized score (portion of input quartet trees satisfied before correcting for multiple individuals): 0.9644719687092569
Optimization score: 2959
Optimal tree inferred in 0.898 secs.
(t3,(t2,(t1,((t4,t8),((t9,t10),(t5,(t6,t7)))))));
Final quartet score is: 2959
Final normalized quartet score is: 0.9644719687092569
Extended species tree:
(t2,((t1,((t4,t8)1:3.444682493601893,((t9,t10)1:5.3049619092667,(t5,(t6,t7)1:2.2891620726619055)1:1.0555527992076628)1:0.8690378470236096)1:2.867898902044107)1:4.430816798843317,t3));
Weight calculation took 0.060210658 secs
ASTRAL finished in 1.225 secs
