
================== ASTRAL ===================== 

This is ASTRAL version 5.7.8
Gene trees are treated as unrooted
1515 trees read from tmp_quartet_n3pChO3AwisGK.txt
index0
All output trees will be *arbitrarily* rooted at t3
201 extra trees read from tmp_bipartitions_n3pChO3AwisGK.bootstrap.trees

======== Running the main analysis
Number of taxa: 10 (10 species)
Taxa: [t3, t6, t2, t9, t1, t7, t8, t10, t4, t5]
Taxon occupancy: {t4=665, t5=483, t6=567, t10=483, t7=574, t8=637, t9=799, t1=463, t2=716, t3=673}
Number of gene trees: 1515
1515 trees have missing taxa
Calculating quartet distance matrix (for completion of X)
Species tree distances calculated ...
Will attempt to complete bipartitions from X before adding using a distance matrix.
Building set of clusters (X) from gene trees 
------------------------------
gradient0: 87
Number of Clusters after addition by distance: 87
calculating extra bipartitions to be added at level 1 ...
Adding to X using resolutions of greedy consensus ...
Limit for sigma of degrees:300
polytomy size limit : 3
discarded polytomies:  []
Threshold 0.0:
Threshold 0.01:
Threshold 0.02:
Threshold 0.05:
Threshold 0.1:
Threshold 0.2:
Threshold 0.3333333333333333:
max k is :0
Number of Clusters after addition by greedy: 87
gradient0 in heuristiic: 87
calculating extra bipartitions from extra input trees ...
Number of Clusters after additions from extra trees: 105
partitions formed in 0.46 secs
Dynamic Programming starting after 0.472 secs
Using tree-based weight calculation.
Using polytree-based weight calculation.
Polytree max score: 1515
Polytree building time: 0.041 seconds.
Number of quartet trees in the gene trees: 1515
Size of largest cluster: 10
Greedy score: 1453
estimationFactor: 1.0426703372333104
Sub-optimal score: 1471
Total Number of elements weighted: 80
Normalized score (portion of input quartet trees satisfied before correcting for multiple individuals): 0.970957095709571
Optimization score: 1471
Optimal tree inferred in 0.616 secs.
(t6,((t7,(t8,(t1,t10))),(t4,(t3,(t5,(t2,t9))))));
Final quartet score is: 1471
Final normalized quartet score is: 0.970957095709571
You may want to ignore posterior probabilities and other statistics related to the following branch branch because the effective number of genes impacting it is only 8:
	{t2, t9, t5}
You may want to ignore posterior probabilities and other statistics related to the following branch branch because the effective number of genes impacting it is only 10:
	{t1, t10}
Extended species tree:
(t3,((t5,(t2,t9)1:4.083171261623973)1:1.7917594692280545,(t4,((t7,(t8,(t1,t10)0.99:0.8938178760220965)1:1.114360645636249)1:1.280933845462064,t6)1:2.7891180241909908)1:2.606796467397036));
Weight calculation took 0.043323086 secs
ASTRAL finished in 0.859 secs
