
================== ASTRAL ===================== 

This is ASTRAL version 5.7.8
Gene trees are treated as unrooted
982 trees read from tmp_quartet_n3pChO3AwisGK.txt
index0
All output trees will be *arbitrarily* rooted at t5
201 extra trees read from tmp_bipartitions_n3pChO3AwisGK.bootstrap.trees

======== Running the main analysis
Number of taxa: 10 (10 species)
Taxa: [t5, t9, t2, t3, t6, t7, t8, t10, t4, t1]
Taxon occupancy: {t4=432, t5=350, t6=455, t10=473, t7=277, t8=496, t9=395, t1=279, t2=392, t3=379}
Number of gene trees: 982
982 trees have missing taxa
Calculating quartet distance matrix (for completion of X)
Species tree distances calculated ...
Will attempt to complete bipartitions from X before adding using a distance matrix.
Building set of clusters (X) from gene trees 
------------------------------
gradient0: 93
Number of Clusters after addition by distance: 93
calculating extra bipartitions to be added at level 1 ...
Adding to X using resolutions of greedy consensus ...
Limit for sigma of degrees:300
polytomy size limit : 3
discarded polytomies:  []
Threshold 0.0:
Threshold 0.01:
Threshold 0.02:
Threshold 0.05:
Threshold 0.1:
Threshold 0.2:
Threshold 0.3333333333333333:
max k is :0
Number of Clusters after addition by greedy: 93
gradient0 in heuristiic: 93
calculating extra bipartitions from extra input trees ...
Number of Clusters after additions from extra trees: 135
partitions formed in 0.403 secs
Dynamic Programming starting after 0.403 secs
Using tree-based weight calculation.
Using polytree-based weight calculation.
Polytree max score: 982
Polytree building time: 0.026 seconds.
Number of quartet trees in the gene trees: 982
Size of largest cluster: 10
Greedy score: 944
estimationFactor: 1.0402542372881356
Sub-optimal score: 944
Total Number of elements weighted: 187
Normalized score (portion of input quartet trees satisfied before correcting for multiple individuals): 0.9623217922606925
Optimization score: 945
Optimal tree inferred in 0.535 secs.
(t9,(t5,((t1,(t6,t10)),((t8,t4),(t7,(t2,t3))))));
Final quartet score is: 945
Final normalized quartet score is: 0.9623217922606925
You may want to ignore posterior probabilities and other statistics related to the following branch branch because the effective number of genes impacting it is only 1:
	{t6, t10, t1}
Extended species tree:
(t5,(((t1,(t6,t10)1:3.218875824868203)0.67:0.2876820724517809,((t8,t4)1:4.158883083359675,(t7,(t2,t3)1:1.698669046162043)1:1.5755363607584187)0.84:0.2876820724517809)1:2.627081138568542,t9));
Weight calculation took 0.034969871 secs
ASTRAL finished in 0.755 secs
