
================== ASTRAL ===================== 

This is ASTRAL version 5.7.8
Gene trees are treated as unrooted
1879 trees read from tmp_quartet_n3pChO3AwisGK.txt
index0
All output trees will be *arbitrarily* rooted at t2
201 extra trees read from tmp_bipartitions_n3pChO3AwisGK.bootstrap.trees

======== Running the main analysis
Number of taxa: 10 (10 species)
Taxa: [t2, t6, t1, t5, t3, t4, t8, t9, t10, t7]
Taxon occupancy: {t4=828, t5=669, t6=628, t10=924, t7=545, t8=778, t9=830, t1=958, t2=899, t3=457}
Number of gene trees: 1879
1879 trees have missing taxa
Calculating quartet distance matrix (for completion of X)
Species tree distances calculated ...
Will attempt to complete bipartitions from X before adding using a distance matrix.
Building set of clusters (X) from gene trees 
------------------------------
gradient0: 41
Number of Clusters after addition by distance: 41
calculating extra bipartitions to be added at level 1 ...
Adding to X using resolutions of greedy consensus ...
Limit for sigma of degrees:300
polytomy size limit : 3
discarded polytomies:  []
Threshold 0.0:
Threshold 0.01:
Threshold 0.02:
Threshold 0.05:
Threshold 0.1:
Threshold 0.2:
Threshold 0.3333333333333333:
max k is :0
Number of Clusters after addition by greedy: 41
gradient0 in heuristiic: 41
calculating extra bipartitions from extra input trees ...
Number of Clusters after additions from extra trees: 71
partitions formed in 0.588 secs
Dynamic Programming starting after 0.601 secs
Using tree-based weight calculation.
Using polytree-based weight calculation.
Polytree max score: 1879
Polytree building time: 0.031 seconds.
Number of quartet trees in the gene trees: 1879
Size of largest cluster: 10
Greedy score: 1875
estimationFactor: 1.0021333333333333
Sub-optimal score: 1875
Total Number of elements weighted: 56
Normalized score (portion of input quartet trees satisfied before correcting for multiple individuals): 0.9978712080894092
Optimization score: 1875
Optimal tree inferred in 0.74 secs.
(t6,(t2,((t1,t5),(t3,((t4,t7),(t8,(t9,t10)))))));
Final quartet score is: 1875
Final normalized quartet score is: 0.9978712080894092
You may want to ignore posterior probabilities and other statistics related to the following branch branch because the effective number of genes impacting it is only 4:
	{t1, t5}
You may want to ignore posterior probabilities and other statistics related to the following branch branch because the effective number of genes impacting it is only 14:
	{t4, t7}
You may want to ignore posterior probabilities and other statistics related to the following branch branch because the effective number of genes impacting it is only 6:
	{t1, t5, t3, t4, t8, t9, t10, t7}
Extended species tree:
(t2,(((t1,t5)0.98:1.2039728043259361,(t3,((t4,t7)1:2.302585092994046,(t8,(t9,t10)1:3.3081069585961425)1:2.538973871058275)1:4.1896547420264305)1:3.9639827443588604)1:1.5404450409471486,t6));
Weight calculation took 0.046378727 secs
ASTRAL finished in 1.0 secs
