
================== ASTRAL ===================== 

This is ASTRAL version 5.7.8
Gene trees are treated as unrooted
2169 trees read from tmp_quartet_n3pChO3AwisGK.txt
index0
All output trees will be *arbitrarily* rooted at t5
201 extra trees read from tmp_bipartitions_n3pChO3AwisGK.bootstrap.trees

======== Running the main analysis
Number of taxa: 10 (10 species)
Taxa: [t5, t7, t2, t3, t4, t9, t10, t6, t8, t1]
Taxon occupancy: {t4=804, t5=1024, t10=1245, t6=1193, t7=740, t8=590, t9=800, t1=762, t2=718, t3=800}
Number of gene trees: 2169
2169 trees have missing taxa
Calculating quartet distance matrix (for completion of X)
Species tree distances calculated ...
Will attempt to complete bipartitions from X before adding using a distance matrix.
Building set of clusters (X) from gene trees 
------------------------------
gradient0: 81
Number of Clusters after addition by distance: 81
calculating extra bipartitions to be added at level 1 ...
Adding to X using resolutions of greedy consensus ...
Limit for sigma of degrees:300
polytomy size limit : 3
discarded polytomies:  []
Threshold 0.0:
Threshold 0.01:
Threshold 0.02:
Threshold 0.05:
Threshold 0.1:
Threshold 0.2:
Threshold 0.3333333333333333:
max k is :0
Number of Clusters after addition by greedy: 81
gradient0 in heuristiic: 81
calculating extra bipartitions from extra input trees ...
Number of Clusters after additions from extra trees: 111
partitions formed in 0.587 secs
Dynamic Programming starting after 0.587 secs
Using tree-based weight calculation.
Using polytree-based weight calculation.
Polytree max score: 2169
Polytree building time: 0.035 seconds.
Number of quartet trees in the gene trees: 2169
Size of largest cluster: 10
Greedy score: 2143
estimationFactor: 1.0121325244983668
Sub-optimal score: 2143
Total Number of elements weighted: 104
Normalized score (portion of input quartet trees satisfied before correcting for multiple individuals): 0.9880129091747349
Optimization score: 2143
Optimal tree inferred in 0.731 secs.
(t7,((t5,t9),(t4,((t8,(t10,t6)),(t1,(t2,t3))))));
Final quartet score is: 2143
Final normalized quartet score is: 0.9880129091747349
You may want to ignore posterior probabilities and other statistics related to the following branch branch because the effective number of genes impacting it is only 8:
	{t2, t3}
You may want to ignore posterior probabilities and other statistics related to the following branch branch because the effective number of genes impacting it is only 4:
	{t2, t3, t1}
You may want to ignore posterior probabilities and other statistics related to the following branch branch because the effective number of genes impacting it is only 13:
	{t2, t3, t4, t10, t6, t8, t1}
Extended species tree:
(t5,(t9,((t4,((t8,(t10,t6)1:3.0602707946915624)1:2.807680042051051,(t1,(t2,t3)0.97:0.6931471805599453)0.98:1.2039728043259361)1:4.557379522151745)0.98:0.6241543090729941,t7)1:0.8938178760220965));
Weight calculation took 0.02684359 secs
ASTRAL finished in 1.038 secs
