
================== ASTRAL ===================== 

This is ASTRAL version 5.7.8
Gene trees are treated as unrooted
2476 trees read from tmp_quartet_n3pChO3AwisGK.txt
index0
All output trees will be *arbitrarily* rooted at t3
201 extra trees read from tmp_bipartitions_n3pChO3AwisGK.bootstrap.trees

======== Running the main analysis
Number of taxa: 10 (10 species)
Taxa: [t3, t8, t1, t2, t5, t6, t7, t9, t10, t4]
Taxon occupancy: {t4=864, t5=1084, t6=1004, t10=639, t7=959, t8=637, t9=990, t1=1307, t2=1246, t3=1174}
Number of gene trees: 2476
2476 trees have missing taxa
Calculating quartet distance matrix (for completion of X)
Species tree distances calculated ...
Will attempt to complete bipartitions from X before adding using a distance matrix.
Building set of clusters (X) from gene trees 
------------------------------
gradient0: 71
Number of Clusters after addition by distance: 71
calculating extra bipartitions to be added at level 1 ...
Adding to X using resolutions of greedy consensus ...
Limit for sigma of degrees:300
polytomy size limit : 3
discarded polytomies:  []
Threshold 0.0:
Threshold 0.01:
Threshold 0.02:
Threshold 0.05:
Threshold 0.1:
Threshold 0.2:
Threshold 0.3333333333333333:
max k is :0
Number of Clusters after addition by greedy: 71
gradient0 in heuristiic: 71
calculating extra bipartitions from extra input trees ...
Number of Clusters after additions from extra trees: 93
partitions formed in 0.626 secs
Dynamic Programming starting after 0.626 secs
Using tree-based weight calculation.
Using polytree-based weight calculation.
Polytree max score: 2476
Polytree building time: 0.034 seconds.
Number of quartet trees in the gene trees: 2476
Size of largest cluster: 10
Greedy score: 2424
estimationFactor: 1.0214521452145215
Sub-optimal score: 2424
Total Number of elements weighted: 94
Normalized score (portion of input quartet trees satisfied before correcting for multiple individuals): 0.9789983844911146
Optimization score: 2424
Optimal tree inferred in 0.807 secs.
(t8,(t3,((t1,t2),(t4,((t6,t7),(t5,(t9,t10)))))));
Final quartet score is: 2424
Final normalized quartet score is: 0.9789983844911146
Extended species tree:
(t3,(((t1,t2)1:3.120895416507997,(t4,((t6,t7)1:2.0626344233634546,(t5,(t9,t10)1:1.4772661393256172)0.98:0.34830669426821587)1:3.828641396489098)1:2.6855773452501523)1:2.935628349484284,t8));
Weight calculation took 0.047076764 secs
ASTRAL finished in 1.092 secs
