
================== ASTRAL ===================== 

This is ASTRAL version 5.7.8
Gene trees are treated as unrooted
3083 trees read from tmp_quartet_n3pChO3AwisGK.txt
index0
All output trees will be *arbitrarily* rooted at t4
201 extra trees read from tmp_bipartitions_n3pChO3AwisGK.bootstrap.trees

======== Running the main analysis
Number of taxa: 10 (10 species)
Taxa: [t4, t6, t1, t2, t9, t10, t7, t8, t3, t5]
Taxon occupancy: {t4=1174, t5=934, t6=1044, t10=1142, t7=910, t8=1014, t9=1243, t1=2007, t2=1991, t3=873}
Number of gene trees: 3083
3083 trees have missing taxa
Calculating quartet distance matrix (for completion of X)
Species tree distances calculated ...
Will attempt to complete bipartitions from X before adding using a distance matrix.
Building set of clusters (X) from gene trees 
------------------------------
gradient0: 39
Number of Clusters after addition by distance: 39
calculating extra bipartitions to be added at level 1 ...
Adding to X using resolutions of greedy consensus ...
Limit for sigma of degrees:300
polytomy size limit : 3
discarded polytomies:  []
Threshold 0.0:
Threshold 0.01:
Threshold 0.02:
Threshold 0.05:
Threshold 0.1:
Threshold 0.2:
Threshold 0.3333333333333333:
max k is :0
Number of Clusters after addition by greedy: 39
gradient0 in heuristiic: 39
calculating extra bipartitions from extra input trees ...
Number of Clusters after additions from extra trees: 67
partitions formed in 0.76 secs
Dynamic Programming starting after 0.761 secs
Using tree-based weight calculation.
Using polytree-based weight calculation.
Polytree max score: 3083
Polytree building time: 0.051 seconds.
Number of quartet trees in the gene trees: 3083
Size of largest cluster: 10
Greedy score: 3078
estimationFactor: 1.0016244314489928
Sub-optimal score: 3078
Total Number of elements weighted: 52
Normalized score (portion of input quartet trees satisfied before correcting for multiple individuals): 0.9983782030489783
Optimization score: 3078
Optimal tree inferred in 0.92 secs.
(t6,(t9,(t10,((t4,t5),((t7,t8),(t3,(t1,t2)))))));
Final quartet score is: 3078
Final normalized quartet score is: 0.9983782030489783
You may want to ignore posterior probabilities and other statistics related to the following branch branch because the effective number of genes impacting it is only 13:
	{t6, t9}
You may want to ignore posterior probabilities and other statistics related to the following branch branch because the effective number of genes impacting it is only 10:
	{t6, t1, t2, t9, t10, t7, t8, t3}
Extended species tree:
(t4,(t5,(((t7,t8)1:3.3787245258100977,(t3,(t1,t2)1:4.932072971593157)1:4.094344562222104)1:4.578141513600168,(t10,(t9,t6)0.9:0.4418327522790392)1:4.7535901911063565)1:1.9924301646902058));
Weight calculation took 0.022977236 secs
ASTRAL finished in 1.258 secs
