
================== ASTRAL ===================== 

This is ASTRAL version 5.7.8
Gene trees are treated as unrooted
2507 trees read from tmp_quartet_n3pChO3AwisGK.txt
index0
All output trees will be *arbitrarily* rooted at t4
201 extra trees read from tmp_bipartitions_n3pChO3AwisGK.bootstrap.trees

======== Running the main analysis
Number of taxa: 10 (10 species)
Taxa: [t4, t5, t1, t2, t3, t6, t8, t9, t10, t7]
Taxon occupancy: {t4=1249, t5=1149, t6=888, t10=991, t7=784, t8=725, t9=1108, t1=845, t2=1177, t3=1112}
Number of gene trees: 2507
2507 trees have missing taxa
Calculating quartet distance matrix (for completion of X)
Species tree distances calculated ...
Will attempt to complete bipartitions from X before adding using a distance matrix.
Building set of clusters (X) from gene trees 
------------------------------
gradient0: 61
Number of Clusters after addition by distance: 61
calculating extra bipartitions to be added at level 1 ...
Adding to X using resolutions of greedy consensus ...
Limit for sigma of degrees:300
polytomy size limit : 3
discarded polytomies:  []
Threshold 0.0:
Threshold 0.01:
Threshold 0.02:
Threshold 0.05:
Threshold 0.1:
Threshold 0.2:
Threshold 0.3333333333333333:
max k is :0
Number of Clusters after addition by greedy: 61
gradient0 in heuristiic: 61
calculating extra bipartitions from extra input trees ...
Number of Clusters after additions from extra trees: 111
partitions formed in 0.638 secs
Dynamic Programming starting after 0.638 secs
Using tree-based weight calculation.
Using polytree-based weight calculation.
Polytree max score: 2507
Polytree building time: 0.042 seconds.
Number of quartet trees in the gene trees: 2507
Size of largest cluster: 10
Greedy score: 2493
estimationFactor: 1.0056157240272763
Sub-optimal score: 2493
Total Number of elements weighted: 97
Normalized score (portion of input quartet trees satisfied before correcting for multiple individuals): 0.994415636218588
Optimization score: 2493
Optimal tree inferred in 0.801 secs.
(t5,(t4,((t2,t3),(t1,((t9,t10),(t8,(t6,t7)))))));
Final quartet score is: 2493
Final normalized quartet score is: 0.994415636218588
You may want to ignore posterior probabilities and other statistics related to the following branch branch because the effective number of genes impacting it is only 19:
	{t9, t10}
You may want to ignore posterior probabilities and other statistics related to the following branch branch because the effective number of genes impacting it is only 5:
	{t6, t7}
Extended species tree:
(t4,(((t2,t3)1:2.92673940206704,(t1,((t9,t10)1:1.2039728043259361,(t8,(t6,t7)0.93:0.6931471805599453)1:1.0296194171811581)1:3.5457786104732607)1:4.356708826689595)1:4.137829674161844,t5));
Weight calculation took 0.026568383 secs
ASTRAL finished in 1.118 secs
