
================== ASTRAL ===================== 

This is ASTRAL version 5.7.8
Gene trees are treated as unrooted
2890 trees read from tmp_quartet_n3pChO3AwisGK.txt
index0
All output trees will be *arbitrarily* rooted at t6
201 extra trees read from tmp_bipartitions_n3pChO3AwisGK.bootstrap.trees

======== Running the main analysis
Number of taxa: 10 (10 species)
Taxa: [t6, t7, t1, t2, t3, t4, t5, t8, t9, t10]
Taxon occupancy: {t4=1379, t5=845, t6=1380, t10=876, t7=863, t8=1004, t9=1150, t1=1349, t2=1625, t3=1089}
Number of gene trees: 2890
2890 trees have missing taxa
Calculating quartet distance matrix (for completion of X)
Species tree distances calculated ...
Will attempt to complete bipartitions from X before adding using a distance matrix.
Building set of clusters (X) from gene trees 
------------------------------
gradient0: 55
Number of Clusters after addition by distance: 55
calculating extra bipartitions to be added at level 1 ...
Adding to X using resolutions of greedy consensus ...
Limit for sigma of degrees:300
polytomy size limit : 3
discarded polytomies:  []
Threshold 0.0:
Threshold 0.01:
Threshold 0.02:
Threshold 0.05:
Threshold 0.1:
Threshold 0.2:
Threshold 0.3333333333333333:
max k is :0
Number of Clusters after addition by greedy: 55
gradient0 in heuristiic: 55
calculating extra bipartitions from extra input trees ...
Number of Clusters after additions from extra trees: 69
partitions formed in 0.784 secs
Dynamic Programming starting after 0.784 secs
Using tree-based weight calculation.
Using polytree-based weight calculation.
Polytree max score: 2890
Polytree building time: 0.046 seconds.
Number of quartet trees in the gene trees: 2890
Size of largest cluster: 10
Greedy score: 2865
estimationFactor: 1.0087260034904013
Sub-optimal score: 2865
Total Number of elements weighted: 46
Normalized score (portion of input quartet trees satisfied before correcting for multiple individuals): 0.9913494809688581
Optimization score: 2865
Optimal tree inferred in 0.952 secs.
(t7,((t8,(t6,(t9,t10))),(t3,(t5,(t1,(t2,t4))))));
Final quartet score is: 2865
Final normalized quartet score is: 0.9913494809688581
Extended species tree:
(t6,((t9,t10)1:3.0122615755052005,(t8,((t3,(t5,(t1,(t2,t4)1:4.238925791033211)1:4.257973986003903)1:2.7154303083998337)1:3.1780538303479453,t7)1:2.703595850752831)0.65:0.2484613592984996));
Weight calculation took 0.036736578 secs
ASTRAL finished in 1.29 secs
