
================== ASTRAL ===================== 

This is ASTRAL version 5.7.8
Gene trees are treated as unrooted
2176 trees read from tmp_quartet_n3pChO3AwisGK.txt
index0
All output trees will be *arbitrarily* rooted at t5
201 extra trees read from tmp_bipartitions_n3pChO3AwisGK.bootstrap.trees

======== Running the main analysis
Number of taxa: 10 (10 species)
Taxa: [t5, t9, t1, t2, t3, t8, t10, t4, t6, t7]
Taxon occupancy: {t4=741, t5=1031, t10=474, t6=902, t7=902, t8=601, t9=854, t1=1180, t2=1109, t3=910}
Number of gene trees: 2176
2176 trees have missing taxa
Calculating quartet distance matrix (for completion of X)
Species tree distances calculated ...
Will attempt to complete bipartitions from X before adding using a distance matrix.
Building set of clusters (X) from gene trees 
------------------------------
gradient0: 91
Number of Clusters after addition by distance: 91
calculating extra bipartitions to be added at level 1 ...
Adding to X using resolutions of greedy consensus ...
Limit for sigma of degrees:300
polytomy size limit : 3
discarded polytomies:  []
Threshold 0.0:
Threshold 0.01:
Threshold 0.02:
Threshold 0.05:
Threshold 0.1:
Threshold 0.2:
Threshold 0.3333333333333333:
max k is :0
Number of Clusters after addition by greedy: 91
gradient0 in heuristiic: 91
calculating extra bipartitions from extra input trees ...
Number of Clusters after additions from extra trees: 117
partitions formed in 0.584 secs
Dynamic Programming starting after 0.584 secs
Using tree-based weight calculation.
Using polytree-based weight calculation.
Polytree max score: 2176
Polytree building time: 0.032 seconds.
Number of quartet trees in the gene trees: 2176
Size of largest cluster: 10
Greedy score: 2129
estimationFactor: 1.022076092062001
Sub-optimal score: 2129
Total Number of elements weighted: 117
Normalized score (portion of input quartet trees satisfied before correcting for multiple individuals): 0.9788602941176471
Optimization score: 2130
Optimal tree inferred in 0.754 secs.
(t9,(t10,((t5,(t6,t7)),(t4,((t3,t8),(t1,t2))))));
Final quartet score is: 2130
Final normalized quartet score is: 0.9788602941176471
You may want to ignore posterior probabilities and other statistics related to the following branch branch because the effective number of genes impacting it is only 5:
	{t9, t1, t2, t3, t8, t10, t4}
Extended species tree:
(t5,((t6,t7)1:3.1918471524802814,((t4,((t3,t8)1:3.367295829986475,(t1,t2)1:2.6390573296152575)1:0.7646061445420904)1:3.5457786104732607,(t10,t9)1:2.302585092994046)0.67:0.2876820724517809));
Weight calculation took 0.041378868 secs
ASTRAL finished in 1.18 secs
