
================== ASTRAL ===================== 

This is ASTRAL version 5.7.8
Gene trees are treated as unrooted
3272 trees read from tmp_quartet_n3pChO3AwisGK.txt
index0
All output trees will be *arbitrarily* rooted at t10
201 extra trees read from tmp_bipartitions_n3pChO3AwisGK.bootstrap.trees

======== Running the main analysis
Number of taxa: 10 (10 species)
Taxa: [t10, t4, t2, t3, t6, t8, t9, t7, t1, t5]
Taxon occupancy: {t4=1422, t5=1248, t10=1390, t6=1130, t7=1218, t8=1588, t9=1446, t1=1079, t2=1456, t3=1111}
Number of gene trees: 3272
3272 trees have missing taxa
Calculating quartet distance matrix (for completion of X)
Species tree distances calculated ...
Will attempt to complete bipartitions from X before adding using a distance matrix.
Building set of clusters (X) from gene trees 
------------------------------
gradient0: 65
Number of Clusters after addition by distance: 65
calculating extra bipartitions to be added at level 1 ...
Adding to X using resolutions of greedy consensus ...
Limit for sigma of degrees:300
polytomy size limit : 3
discarded polytomies:  []
Threshold 0.0:
Threshold 0.01:
Threshold 0.02:
Threshold 0.05:
Threshold 0.1:
Threshold 0.2:
Threshold 0.3333333333333333:
max k is :0
Number of Clusters after addition by greedy: 65
gradient0 in heuristiic: 65
calculating extra bipartitions from extra input trees ...
Number of Clusters after additions from extra trees: 91
partitions formed in 0.846 secs
Dynamic Programming starting after 0.859 secs
Using tree-based weight calculation.
Using polytree-based weight calculation.
Polytree max score: 3272
Polytree building time: 0.057 seconds.
Number of quartet trees in the gene trees: 3272
Size of largest cluster: 10
Greedy score: 3213
estimationFactor: 1.018362900715842
Sub-optimal score: 3213
Total Number of elements weighted: 77
Normalized score (portion of input quartet trees satisfied before correcting for multiple individuals): 0.9819682151589242
Optimization score: 3213
Optimal tree inferred in 1.06 secs.
(t4,(t5,((t7,(t10,(t8,t9))),(t6,(t2,(t3,t1))))));
Final quartet score is: 3213
Final normalized quartet score is: 0.9819682151589242
Extended species tree:
(t10,((t8,t9)1:3.120895416507997,(t7,((t6,(t2,(t3,t1)1:1.9459101490553135)1:3.5361166995615267)1:1.7917594692280545,(t5,t4)1:0.5639354490799392)1:2.750414864745459)1:1.6739764335716716));
Weight calculation took 0.037948657 secs
ASTRAL finished in 1.378 secs
