
================== ASTRAL ===================== 

This is ASTRAL version 5.7.8
Gene trees are treated as unrooted
2946 trees read from tmp_quartet_n3pChO3AwisGK.txt
index0
All output trees will be *arbitrarily* rooted at t4
201 extra trees read from tmp_bipartitions_n3pChO3AwisGK.bootstrap.trees

======== Running the main analysis
Number of taxa: 10 (10 species)
Taxa: [t4, t5, t1, t2, t3, t7, t8, t9, t10, t6]
Taxon occupancy: {t4=1291, t5=1215, t10=1246, t6=974, t7=1015, t8=1527, t9=1348, t1=866, t2=1242, t3=1060}
Number of gene trees: 2946
2946 trees have missing taxa
Calculating quartet distance matrix (for completion of X)
Species tree distances calculated ...
Will attempt to complete bipartitions from X before adding using a distance matrix.
Building set of clusters (X) from gene trees 
------------------------------
gradient0: 67
Number of Clusters after addition by distance: 67
calculating extra bipartitions to be added at level 1 ...
Adding to X using resolutions of greedy consensus ...
Limit for sigma of degrees:300
polytomy size limit : 3
discarded polytomies:  []
Threshold 0.0:
Threshold 0.01:
Threshold 0.02:
Threshold 0.05:
Threshold 0.1:
Threshold 0.2:
Threshold 0.3333333333333333:
max k is :0
Number of Clusters after addition by greedy: 67
gradient0 in heuristiic: 67
calculating extra bipartitions from extra input trees ...
Number of Clusters after additions from extra trees: 85
partitions formed in 0.756 secs
Dynamic Programming starting after 0.768 secs
Using tree-based weight calculation.
Using polytree-based weight calculation.
Polytree max score: 2946
Polytree building time: 0.059 seconds.
Number of quartet trees in the gene trees: 2946
Size of largest cluster: 10
Greedy score: 2922
estimationFactor: 1.0082135523613962
Sub-optimal score: 2922
Total Number of elements weighted: 70
Normalized score (portion of input quartet trees satisfied before correcting for multiple individuals): 0.9918533604887984
Optimization score: 2922
Optimal tree inferred in 0.936 secs.
(t5,(t4,((t7,(t10,(t8,t9))),(t6,(t2,(t1,t3))))));
Final quartet score is: 2922
Final normalized quartet score is: 0.9918533604887984
You may want to ignore posterior probabilities and other statistics related to the following branch branch because the effective number of genes impacting it is only 12:
	{t1, t3}
Extended species tree:
(t4,(((t7,(t10,(t8,t9)1:2.8332133440562166)1:2.324563999712822)1:2.9103724246028344,(t6,(t2,(t1,t3)1:2.159484249353373)1:3.433987204485147)1:3.814042597067946)1:1.7346010553881062,t5));
Weight calculation took 0.038258382 secs
ASTRAL finished in 1.247 secs
