
================== ASTRAL ===================== 

This is ASTRAL version 5.7.8
Gene trees are treated as unrooted
746 trees read from tmp_quartet_n3pChO3AwisGK.txt
index0
All output trees will be *arbitrarily* rooted at t2
201 extra trees read from tmp_bipartitions_n3pChO3AwisGK.bootstrap.trees

======== Running the main analysis
Number of taxa: 10 (10 species)
Taxa: [t2, t3, t1, t4, t8, t5, t9, t10, t6, t7]
Taxon occupancy: {t4=314, t5=324, t10=387, t6=354, t7=268, t8=382, t9=327, t1=125, t2=245, t3=258}
Number of gene trees: 746
746 trees have missing taxa
Calculating quartet distance matrix (for completion of X)
Species tree distances calculated ...
Will attempt to complete bipartitions from X before adding using a distance matrix.
Building set of clusters (X) from gene trees 
------------------------------
gradient0: 79
Number of Clusters after addition by distance: 79
calculating extra bipartitions to be added at level 1 ...
Adding to X using resolutions of greedy consensus ...
Limit for sigma of degrees:300
polytomy size limit : 3
discarded polytomies:  []
Threshold 0.0:
Threshold 0.01:
Threshold 0.02:
Threshold 0.05:
Threshold 0.1:
Threshold 0.2:
Threshold 0.3333333333333333:
max k is :0
Number of Clusters after addition by greedy: 79
gradient0 in heuristiic: 79
calculating extra bipartitions from extra input trees ...
Number of Clusters after additions from extra trees: 103
partitions formed in 0.298 secs
Dynamic Programming starting after 0.298 secs
Using tree-based weight calculation.
Using polytree-based weight calculation.
Polytree max score: 746
Polytree building time: 0.012 seconds.
Number of quartet trees in the gene trees: 746
Size of largest cluster: 10
Greedy score: 711
estimationFactor: 1.049226441631505
Sub-optimal score: 711
Total Number of elements weighted: 109
Normalized score (portion of input quartet trees satisfied before correcting for multiple individuals): 0.9597855227882037
Optimization score: 716
Optimal tree inferred in 0.41 secs.
(t3,(t2,(t7,((t4,t8),(t1,((t10,t6),(t5,t9)))))));
Final quartet score is: 716
Final normalized quartet score is: 0.9597855227882037
You may want to ignore posterior probabilities and other statistics related to the following branch branch because the effective number of genes impacting it is only 0:
	{t5, t9, t10, t6}
You may want to ignore posterior probabilities and other statistics related to the following branch branch because the effective number of genes impacting it is only 6:
	{t1, t5, t9, t10, t6}
You may want to ignore posterior probabilities and other statistics related to the following branch branch because the effective number of genes impacting it is only 9:
	{t1, t4, t8, t5, t9, t10, t6, t7}
Extended species tree:
(t2,((t7,((t4,t8)1:3.4231762883809314,(t1,((t10,t6)1:3.98898404656427,(t5,t9)1:1.2039728043259361)0.33:0.0)0.97:0.8472978603872037)1:1.3375041969504584)1:1.8971199848858815,t3));
Weight calculation took 0.03169616 secs
ASTRAL finished in 0.623 secs
