
================== ASTRAL ===================== 

This is ASTRAL version 5.7.8
Gene trees are treated as unrooted
960 trees read from tmp_quartet_n3pChO3AwisGK.txt
index0
All output trees will be *arbitrarily* rooted at t5
201 extra trees read from tmp_bipartitions_n3pChO3AwisGK.bootstrap.trees

======== Running the main analysis
Number of taxa: 10 (10 species)
Taxa: [t5, t6, t3, t4, t7, t8, t9, t10, t1, t2]
Taxon occupancy: {t4=461, t5=434, t6=545, t10=372, t7=447, t8=315, t9=273, t1=267, t2=319, t3=407}
Number of gene trees: 960
960 trees have missing taxa
Calculating quartet distance matrix (for completion of X)
Species tree distances calculated ...
Will attempt to complete bipartitions from X before adding using a distance matrix.
Building set of clusters (X) from gene trees 
------------------------------
gradient0: 55
Number of Clusters after addition by distance: 55
calculating extra bipartitions to be added at level 1 ...
Adding to X using resolutions of greedy consensus ...
Limit for sigma of degrees:300
polytomy size limit : 3
discarded polytomies:  []
Threshold 0.0:
Threshold 0.01:
Threshold 0.02:
Threshold 0.05:
Threshold 0.1:
Threshold 0.2:
Threshold 0.3333333333333333:
max k is :0
Number of Clusters after addition by greedy: 55
gradient0 in heuristiic: 55
calculating extra bipartitions from extra input trees ...
Number of Clusters after additions from extra trees: 99
partitions formed in 0.364 secs
Dynamic Programming starting after 0.365 secs
Using tree-based weight calculation.
Using polytree-based weight calculation.
Polytree max score: 960
Polytree building time: 0.014 seconds.
Number of quartet trees in the gene trees: 960
Size of largest cluster: 10
Greedy score: 938
estimationFactor: 1.023454157782516
Sub-optimal score: 942
Total Number of elements weighted: 120
Normalized score (portion of input quartet trees satisfied before correcting for multiple individuals): 0.9833333333333333
Optimization score: 944
Optimal tree inferred in 0.479 secs.
(t6,(t5,((t3,t4),((t7,(t10,t2)),(t1,(t8,t9))))));
Final quartet score is: 944
Final normalized quartet score is: 0.9833333333333333
You may want to ignore posterior probabilities and other statistics related to the following branch branch because the effective number of genes impacting it is only 10:
	{t3, t4}
You may want to ignore posterior probabilities and other statistics related to the following branch branch because the effective number of genes impacting it is only 3:
	{t10, t2}
You may want to ignore posterior probabilities and other statistics related to the following branch branch because the effective number of genes impacting it is only 19:
	{t7, t10, t2}
You may want to ignore posterior probabilities and other statistics related to the following branch branch because the effective number of genes impacting it is only 11:
	{t8, t9}
You may want to ignore posterior probabilities and other statistics related to the following branch branch because the effective number of genes impacting it is only 6:
	{t8, t9, t1}
You may want to ignore posterior probabilities and other statistics related to the following branch branch because the effective number of genes impacting it is only 10:
	{t3, t4, t7, t8, t9, t10, t1, t2}
Extended species tree:
(t5,(((t3,t4)0.99:0.8938178760220965,((t7,(t10,t2)0.67:0.2876820724517809)1:0.6443570163905135,(t1,(t8,t9)1:2.0794415416798353)0.83:0.4418327522790392)1:4.85203026391961)0.96:0.6061358035703156,t6));
Weight calculation took 0.033147499 secs
ASTRAL finished in 0.719 secs
