
================== ASTRAL ===================== 

This is ASTRAL version 5.7.8
Gene trees are treated as unrooted
1347 trees read from tmp_quartet_n3pChO3AwisGK.txt
index0
All output trees will be *arbitrarily* rooted at t2
201 extra trees read from tmp_bipartitions_n3pChO3AwisGK.bootstrap.trees

======== Running the main analysis
Number of taxa: 10 (10 species)
Taxa: [t2, t3, t1, t6, t9, t10, t4, t7, t8, t5]
Taxon occupancy: {t4=659, t5=482, t6=563, t10=395, t7=537, t8=539, t9=517, t1=534, t2=499, t3=663}
Number of gene trees: 1347
1347 trees have missing taxa
Calculating quartet distance matrix (for completion of X)
Species tree distances calculated ...
Will attempt to complete bipartitions from X before adding using a distance matrix.
Building set of clusters (X) from gene trees 
------------------------------
gradient0: 53
Number of Clusters after addition by distance: 53
calculating extra bipartitions to be added at level 1 ...
Adding to X using resolutions of greedy consensus ...
Limit for sigma of degrees:300
polytomy size limit : 3
discarded polytomies:  []
Threshold 0.0:
Threshold 0.01:
Threshold 0.02:
Threshold 0.05:
Threshold 0.1:
Threshold 0.2:
Threshold 0.3333333333333333:
max k is :0
Number of Clusters after addition by greedy: 53
gradient0 in heuristiic: 53
calculating extra bipartitions from extra input trees ...
Number of Clusters after additions from extra trees: 77
partitions formed in 0.441 secs
Dynamic Programming starting after 0.446 secs
Using tree-based weight calculation.
Using polytree-based weight calculation.
Polytree max score: 1347
Polytree building time: 0.029 seconds.
Number of quartet trees in the gene trees: 1347
Size of largest cluster: 10
Greedy score: 1337
estimationFactor: 1.0074794315632012
Sub-optimal score: 1337
Total Number of elements weighted: 64
Normalized score (portion of input quartet trees satisfied before correcting for multiple individuals): 0.9925760950259837
Optimization score: 1337
Optimal tree inferred in 0.571 secs.
(t3,(t4,((t2,(t5,(t7,t8))),(t10,(t9,(t1,t6))))));
Final quartet score is: 1337
Final normalized quartet score is: 0.9925760950259837
You may want to ignore posterior probabilities and other statistics related to the following branch branch because the effective number of genes impacting it is only 6:
	{t7, t8}
You may want to ignore posterior probabilities and other statistics related to the following branch branch because the effective number of genes impacting it is only 1:
	{t1, t6}
You may want to ignore posterior probabilities and other statistics related to the following branch branch because the effective number of genes impacting it is only 19:
	{t1, t6, t9}
Extended species tree:
(t2,((t5,(t7,t8)1:1.5404450409471486)1:3.654977902438253,((t10,(t9,(t1,t6)0.67:0.2876820724517809)1:2.590267165445826)1:2.5563656137701454,(t4,t3)1:2.159484249353373)1:3.091042453358317));
Weight calculation took 0.023229992 secs
ASTRAL finished in 0.808 secs
