
================== ASTRAL ===================== 

This is ASTRAL version 5.7.8
Gene trees are treated as unrooted
1465 trees read from tmp_quartet_n3pChO3AwisGK.txt
index0
All output trees will be *arbitrarily* rooted at t5
201 extra trees read from tmp_bipartitions_n3pChO3AwisGK.bootstrap.trees

======== Running the main analysis
Number of taxa: 10 (10 species)
Taxa: [t5, t6, t2, t3, t4, t8, t7, t10, t9, t1]
Taxon occupancy: {t4=561, t5=794, t6=740, t10=352, t7=548, t8=763, t9=545, t1=392, t2=564, t3=601}
Number of gene trees: 1465
1465 trees have missing taxa
Calculating quartet distance matrix (for completion of X)
Species tree distances calculated ...
Will attempt to complete bipartitions from X before adding using a distance matrix.
Building set of clusters (X) from gene trees 
------------------------------
gradient0: 67
Number of Clusters after addition by distance: 67
calculating extra bipartitions to be added at level 1 ...
Adding to X using resolutions of greedy consensus ...
Limit for sigma of degrees:300
polytomy size limit : 3
discarded polytomies:  []
Threshold 0.0:
Threshold 0.01:
Threshold 0.02:
Threshold 0.05:
Threshold 0.1:
Threshold 0.2:
Threshold 0.3333333333333333:
max k is :0
Number of Clusters after addition by greedy: 67
gradient0 in heuristiic: 67
calculating extra bipartitions from extra input trees ...
Number of Clusters after additions from extra trees: 99
partitions formed in 0.466 secs
Dynamic Programming starting after 0.467 secs
Using tree-based weight calculation.
Using polytree-based weight calculation.
Polytree max score: 1465
Polytree building time: 0.016 seconds.
Number of quartet trees in the gene trees: 1465
Size of largest cluster: 10
Greedy score: 1420
estimationFactor: 1.0316901408450705
Sub-optimal score: 1420
Total Number of elements weighted: 104
Normalized score (portion of input quartet trees satisfied before correcting for multiple individuals): 0.9692832764505119
Optimization score: 1420
Optimal tree inferred in 0.581 secs.
(t6,(t5,((t10,t1),(t7,((t4,t9),(t2,(t3,t8)))))));
Final quartet score is: 1420
Final normalized quartet score is: 0.9692832764505119
You may want to ignore posterior probabilities and other statistics related to the following branch branch because the effective number of genes impacting it is only 15:
	{t10, t1}
You may want to ignore posterior probabilities and other statistics related to the following branch branch because the effective number of genes impacting it is only 14:
	{t3, t8}
Extended species tree:
(t5,(((t10,t1)1:2.367123614131617,(t7,((t4,t9)1:2.407945608651871,(t2,(t3,t8)0.99:0.6931471805599453)1:1.0266387890430204)1:3.437565025833029)1:1.0498221244986778)1:2.8134107167600355,t6));
Weight calculation took 0.03235727 secs
ASTRAL finished in 0.825 secs
