
================== ASTRAL ===================== 

This is ASTRAL version 5.7.8
Gene trees are treated as unrooted
2400 trees read from tmp_quartet_n3pChO3AwisGK.txt
index0
All output trees will be *arbitrarily* rooted at t3
201 extra trees read from tmp_bipartitions_n3pChO3AwisGK.bootstrap.trees

======== Running the main analysis
Number of taxa: 10 (10 species)
Taxa: [t3, t7, t1, t2, t4, t6, t8, t10, t9, t5]
Taxon occupancy: {t4=876, t5=1107, t6=887, t10=863, t7=792, t8=940, t9=802, t1=875, t2=1178, t3=1280}
Number of gene trees: 2400
2400 trees have missing taxa
Calculating quartet distance matrix (for completion of X)
Species tree distances calculated ...
Will attempt to complete bipartitions from X before adding using a distance matrix.
Building set of clusters (X) from gene trees 
------------------------------
gradient0: 55
Number of Clusters after addition by distance: 55
calculating extra bipartitions to be added at level 1 ...
Adding to X using resolutions of greedy consensus ...
Limit for sigma of degrees:300
polytomy size limit : 3
discarded polytomies:  []
Threshold 0.0:
Threshold 0.01:
Threshold 0.02:
Threshold 0.05:
Threshold 0.1:
Threshold 0.2:
Threshold 0.3333333333333333:
max k is :0
Number of Clusters after addition by greedy: 55
gradient0 in heuristiic: 55
calculating extra bipartitions from extra input trees ...
Number of Clusters after additions from extra trees: 79
partitions formed in 0.677 secs
Dynamic Programming starting after 0.677 secs
Using tree-based weight calculation.
Using polytree-based weight calculation.
Polytree max score: 2400
Polytree building time: 0.049 seconds.
Number of quartet trees in the gene trees: 2400
Size of largest cluster: 10
Greedy score: 2388
estimationFactor: 1.0050251256281406
Sub-optimal score: 2388
Total Number of elements weighted: 65
Normalized score (portion of input quartet trees satisfied before correcting for multiple individuals): 0.995
Optimization score: 2388
Optimal tree inferred in 0.838 secs.
(t7,(t8,(t9,((t3,t10),(t1,(t4,(t2,(t6,t5))))))));
Final quartet score is: 2388
Final normalized quartet score is: 0.995
You may want to ignore posterior probabilities and other statistics related to the following branch branch because the effective number of genes impacting it is only 11:
	{t7, t8, t9}
Extended species tree:
(t3,(t10,((t1,(t4,(t2,(t6,t5)1:2.387742901334353)1:2.268683541318364)1:2.6855773452501523)1:5.331107189371042,(t9,(t8,t7)1:1.586965056582042)1:0.9808292530117262)1:3.0285220963769826));
Weight calculation took 0.033911732 secs
ASTRAL finished in 1.132 secs
