
================== ASTRAL ===================== 

This is ASTRAL version 5.7.8
Gene trees are treated as unrooted
3138 trees read from tmp_quartet_n3pChO3AwisGK.txt
index0
All output trees will be *arbitrarily* rooted at t3
201 extra trees read from tmp_bipartitions_n3pChO3AwisGK.bootstrap.trees

======== Running the main analysis
Number of taxa: 10 (10 species)
Taxa: [t3, t4, t2, t7, t8, t9, t5, t6, t10, t1]
Taxon occupancy: {t4=1826, t5=1505, t6=1129, t10=1155, t7=1246, t8=1253, t9=959, t1=685, t2=894, t3=1900}
Number of gene trees: 3138
3138 trees have missing taxa
Calculating quartet distance matrix (for completion of X)
Species tree distances calculated ...
Will attempt to complete bipartitions from X before adding using a distance matrix.
Building set of clusters (X) from gene trees 
------------------------------
gradient0: 75
Number of Clusters after addition by distance: 75
calculating extra bipartitions to be added at level 1 ...
Adding to X using resolutions of greedy consensus ...
Limit for sigma of degrees:300
polytomy size limit : 3
discarded polytomies:  []
Threshold 0.0:
Threshold 0.01:
Threshold 0.02:
Threshold 0.05:
Threshold 0.1:
Threshold 0.2:
Threshold 0.3333333333333333:
max k is :0
Number of Clusters after addition by greedy: 75
gradient0 in heuristiic: 75
calculating extra bipartitions from extra input trees ...
Number of Clusters after additions from extra trees: 93
partitions formed in 0.819 secs
Dynamic Programming starting after 0.819 secs
Using tree-based weight calculation.
Using polytree-based weight calculation.
Polytree max score: 3138
Polytree building time: 0.065 seconds.
Number of quartet trees in the gene trees: 3138
Size of largest cluster: 10
Greedy score: 3060
estimationFactor: 1.0254901960784313
Sub-optimal score: 3060
Total Number of elements weighted: 80
Normalized score (portion of input quartet trees satisfied before correcting for multiple individuals): 0.9751434034416826
Optimization score: 3060
Optimal tree inferred in 1.022 secs.
(t4,(t3,(t5,(t1,(t6,(t9,((t8,t10),(t2,t7))))))));
Final quartet score is: 3060
Final normalized quartet score is: 0.9751434034416826
Extended species tree:
(t3,((t5,(t1,(t6,(t9,((t8,t10)1:2.114532861491106,(t2,t7)1:1.519825753744413)1:2.8397280250774095)0.98:0.31237468504215243)1:1.0560526742493137)1:4.90280258929304)1:3.5263605246161593,t4));
Weight calculation took 0.027740881 secs
ASTRAL finished in 1.336 secs
