
================== ASTRAL ===================== 

This is ASTRAL version 5.7.8
Gene trees are treated as unrooted
1409 trees read from tmp_quartet_n3pChO3AwisGK.txt
index0
All output trees will be *arbitrarily* rooted at t10
201 extra trees read from tmp_bipartitions_n3pChO3AwisGK.bootstrap.trees

======== Running the main analysis
Number of taxa: 10 (10 species)
Taxa: [t10, t6, t2, t3, t4, t5, t8, t9, t7, t1]
Taxon occupancy: {t4=563, t5=627, t10=846, t6=857, t7=488, t8=470, t9=442, t1=401, t2=468, t3=474}
Number of gene trees: 1409
1409 trees have missing taxa
Calculating quartet distance matrix (for completion of X)
Species tree distances calculated ...
Will attempt to complete bipartitions from X before adding using a distance matrix.
Building set of clusters (X) from gene trees 
------------------------------
gradient0: 79
Number of Clusters after addition by distance: 79
calculating extra bipartitions to be added at level 1 ...
Adding to X using resolutions of greedy consensus ...
Limit for sigma of degrees:300
polytomy size limit : 3
discarded polytomies:  []
Threshold 0.0:
Threshold 0.01:
Threshold 0.02:
Threshold 0.05:
Threshold 0.1:
Threshold 0.2:
Threshold 0.3333333333333333:
max k is :0
Number of Clusters after addition by greedy: 79
gradient0 in heuristiic: 79
calculating extra bipartitions from extra input trees ...
Number of Clusters after additions from extra trees: 95
partitions formed in 0.482 secs
Dynamic Programming starting after 0.482 secs
Using tree-based weight calculation.
Using polytree-based weight calculation.
Polytree max score: 1409
Polytree building time: 0.028 seconds.
Number of quartet trees in the gene trees: 1409
Size of largest cluster: 10
Greedy score: 1382
estimationFactor: 1.0195369030390737
Sub-optimal score: 1382
Total Number of elements weighted: 87
Normalized score (portion of input quartet trees satisfied before correcting for multiple individuals): 0.9808374733853797
Optimization score: 1382
Optimal tree inferred in 0.598 secs.
(t6,(t10,(t1,((t5,(t3,t4)),(t9,(t8,(t2,t7)))))));
Final quartet score is: 1382
Final normalized quartet score is: 0.9808374733853797
You may want to ignore posterior probabilities and other statistics related to the following branch branch because the effective number of genes impacting it is only 10:
	{t2, t8, t7}
You may want to ignore posterior probabilities and other statistics related to the following branch branch because the effective number of genes impacting it is only 16:
	{t2, t3, t4, t5, t8, t9, t7, t1}
Extended species tree:
(t10,((t1,((t5,(t3,t4)1:2.5212742939588746)1:1.586965056582042,(t9,(t8,(t2,t7)1:1.5404450409471486)0.86:0.3829922522561057)1:2.0368819272610392)1:3.8430301339411983)1:2.4277482359480516,t6));
Weight calculation took 0.031328355 secs
ASTRAL finished in 0.848 secs
