
================== ASTRAL ===================== 

This is ASTRAL version 5.7.8
Gene trees are treated as unrooted
3544 trees read from tmp_quartet_n3pChO3AwisGK.txt
index0
All output trees will be *arbitrarily* rooted at t3
201 extra trees read from tmp_bipartitions_n3pChO3AwisGK.bootstrap.trees

======== Running the main analysis
Number of taxa: 10 (10 species)
Taxa: [t3, t4, t1, t2, t8, t9, t10, t5, t6, t7]
Taxon occupancy: {t4=1417, t5=1079, t10=1403, t6=1225, t7=1056, t8=1243, t9=1474, t1=2060, t2=2084, t3=1135}
Number of gene trees: 3544
3544 trees have missing taxa
Calculating quartet distance matrix (for completion of X)
Species tree distances calculated ...
Will attempt to complete bipartitions from X before adding using a distance matrix.
Building set of clusters (X) from gene trees 
------------------------------
gradient0: 63
Number of Clusters after addition by distance: 63
calculating extra bipartitions to be added at level 1 ...
Adding to X using resolutions of greedy consensus ...
Limit for sigma of degrees:300
polytomy size limit : 3
discarded polytomies:  []
Threshold 0.0:
Threshold 0.01:
Threshold 0.02:
Threshold 0.05:
Threshold 0.1:
Threshold 0.2:
Threshold 0.3333333333333333:
max k is :0
Number of Clusters after addition by greedy: 63
gradient0 in heuristiic: 63
calculating extra bipartitions from extra input trees ...
Number of Clusters after additions from extra trees: 77
partitions formed in 0.861 secs
Dynamic Programming starting after 0.861 secs
Using tree-based weight calculation.
Using polytree-based weight calculation.
Polytree max score: 3544
Polytree building time: 0.062 seconds.
Number of quartet trees in the gene trees: 3544
Size of largest cluster: 10
Greedy score: 3456
estimationFactor: 1.025462962962963
Sub-optimal score: 3456
Total Number of elements weighted: 58
Normalized score (portion of input quartet trees satisfied before correcting for multiple individuals): 0.9751693002257337
Optimization score: 3456
Optimal tree inferred in 1.062 secs.
(t4,(t5,((t10,(t9,t6)),((t8,t7),(t3,(t1,t2))))));
Final quartet score is: 3456
Final normalized quartet score is: 0.9751693002257337
Extended species tree:
(t3,((t1,t2)1:4.951121166563836,((t8,t7)1:4.199705077879926,((t10,(t9,t6)1:0.9555114450274365)1:1.4538525121311816,(t5,t4)1:0.5355182363563621)1:2.657206648120935)1:4.422848629194136));
Weight calculation took 0.035401039 secs
ASTRAL finished in 1.387 secs
