
================== ASTRAL ===================== 

This is ASTRAL version 5.7.8
Gene trees are treated as unrooted
2018 trees read from tmp_quartet_n3pChO3AwisGK.txt
index0
All output trees will be *arbitrarily* rooted at t2
201 extra trees read from tmp_bipartitions_n3pChO3AwisGK.bootstrap.trees

======== Running the main analysis
Number of taxa: 10 (10 species)
Taxa: [t2, t3, t1, t4, t5, t7, t8, t10, t6, t9]
Taxon occupancy: {t4=614, t5=795, t10=931, t6=670, t7=905, t8=990, t9=574, t1=804, t2=907, t3=882}
Number of gene trees: 2018
2018 trees have missing taxa
Calculating quartet distance matrix (for completion of X)
Species tree distances calculated ...
Will attempt to complete bipartitions from X before adding using a distance matrix.
Building set of clusters (X) from gene trees 
------------------------------
gradient0: 81
Number of Clusters after addition by distance: 81
calculating extra bipartitions to be added at level 1 ...
Adding to X using resolutions of greedy consensus ...
Limit for sigma of degrees:300
polytomy size limit : 3
discarded polytomies:  []
Threshold 0.0:
Threshold 0.01:
Threshold 0.02:
Threshold 0.05:
Threshold 0.1:
Threshold 0.2:
Threshold 0.3333333333333333:
max k is :0
Number of Clusters after addition by greedy: 81
gradient0 in heuristiic: 81
calculating extra bipartitions from extra input trees ...
Number of Clusters after additions from extra trees: 93
partitions formed in 0.594 secs
Dynamic Programming starting after 0.607 secs
Using tree-based weight calculation.
Using polytree-based weight calculation.
Polytree max score: 2018
Polytree building time: 0.054 seconds.
Number of quartet trees in the gene trees: 2018
Size of largest cluster: 10
Greedy score: 1949
estimationFactor: 1.0354027706516162
Sub-optimal score: 1949
Total Number of elements weighted: 88
Normalized score (portion of input quartet trees satisfied before correcting for multiple individuals): 0.9658077304261645
Optimization score: 1949
Optimal tree inferred in 0.779 secs.
(t3,(t2,((t1,t4),(t9,(t6,(t5,(t7,(t8,t10))))))));
Final quartet score is: 1949
Final normalized quartet score is: 0.9658077304261645
Extended species tree:
(t2,(((t1,t4)1:1.0467872208035236,(t9,(t6,(t5,(t7,(t8,t10)1:1.0296194171811581)1:1.8064656166177506)1:2.730029107820986)1:0.6931471805599453)1:2.9823092532218505)1:1.6486586255873819,t3));
Weight calculation took 0.056136083 secs
ASTRAL finished in 1.056 secs
