
================== ASTRAL ===================== 

This is ASTRAL version 5.7.8
Gene trees are treated as unrooted
2334 trees read from tmp_quartet_n3pChO3AwisGK.txt
index0
All output trees will be *arbitrarily* rooted at t2
201 extra trees read from tmp_bipartitions_n3pChO3AwisGK.bootstrap.trees

======== Running the main analysis
Number of taxa: 10 (10 species)
Taxa: [t2, t4, t1, t3, t6, t7, t9, t10, t8, t5]
Taxon occupancy: {t4=1254, t5=1144, t6=924, t10=822, t7=762, t8=562, t9=965, t1=772, t2=1147, t3=984}
Number of gene trees: 2334
2334 trees have missing taxa
Calculating quartet distance matrix (for completion of X)
Species tree distances calculated ...
Will attempt to complete bipartitions from X before adding using a distance matrix.
Building set of clusters (X) from gene trees 
------------------------------
gradient0: 77
Number of Clusters after addition by distance: 77
calculating extra bipartitions to be added at level 1 ...
Adding to X using resolutions of greedy consensus ...
Limit for sigma of degrees:300
polytomy size limit : 3
discarded polytomies:  []
Threshold 0.0:
Threshold 0.01:
Threshold 0.02:
Threshold 0.05:
Threshold 0.1:
Threshold 0.2:
Threshold 0.3333333333333333:
max k is :0
Number of Clusters after addition by greedy: 77
gradient0 in heuristiic: 77
calculating extra bipartitions from extra input trees ...
Number of Clusters after additions from extra trees: 95
partitions formed in 0.635 secs
Dynamic Programming starting after 0.647 secs
Using tree-based weight calculation.
Using polytree-based weight calculation.
Polytree max score: 2334
Polytree building time: 0.047 seconds.
Number of quartet trees in the gene trees: 2334
Size of largest cluster: 10
Greedy score: 2262
estimationFactor: 1.0318302387267904
Sub-optimal score: 2262
Total Number of elements weighted: 80
Normalized score (portion of input quartet trees satisfied before correcting for multiple individuals): 0.9691516709511568
Optimization score: 2262
Optimal tree inferred in 0.807 secs.
(t4,(t5,((t2,t3),(t1,((t6,t7),(t8,(t9,t10)))))));
Final quartet score is: 2262
Final normalized quartet score is: 0.9691516709511568
You may want to ignore posterior probabilities and other statistics related to the following branch branch because the effective number of genes impacting it is only 10:
	{t9, t10}
Extended species tree:
(t2,(t3,((t1,((t6,t7)1:1.1700712526502548,(t8,(t9,t10)0.46:0.04652001563489282)1:1.0608719606852628)1:2.332438056143727)1:1.9459101490553135,(t5,t4)1:4.521788577049036)1:1.0348964742820022));
Weight calculation took 0.058759566 secs
ASTRAL finished in 1.112 secs
