
================== ASTRAL ===================== 

This is ASTRAL version 5.7.8
Gene trees are treated as unrooted
570 trees read from tmp_quartet_n3pChO3AwisGK.txt
index0
All output trees will be *arbitrarily* rooted at t2
201 extra trees read from tmp_bipartitions_n3pChO3AwisGK.bootstrap.trees

======== Running the main analysis
Number of taxa: 10 (10 species)
Taxa: [t2, t5, t1, t8, t6, t7, t10, t3, t4, t9]
Taxon occupancy: {t4=220, t5=270, t6=350, t10=204, t7=241, t8=216, t9=225, t1=195, t2=188, t3=171}
Number of gene trees: 570
570 trees have missing taxa
Calculating quartet distance matrix (for completion of X)
Species tree distances calculated ...
Will attempt to complete bipartitions from X before adding using a distance matrix.
Building set of clusters (X) from gene trees 
------------------------------
gradient0: 119
Number of Clusters after addition by distance: 119
calculating extra bipartitions to be added at level 1 ...
Adding to X using resolutions of greedy consensus ...
Limit for sigma of degrees:300
polytomy size limit : 3
discarded polytomies:  []
Threshold 0.0:
Threshold 0.01:
Threshold 0.02:
Threshold 0.05:
Threshold 0.1:
Threshold 0.2:
Threshold 0.3333333333333333:
max k is :0
Number of Clusters after addition by greedy: 119
gradient0 in heuristiic: 119
calculating extra bipartitions from extra input trees ...
Number of Clusters after additions from extra trees: 147
partitions formed in 0.294 secs
Dynamic Programming starting after 0.294 secs
Using tree-based weight calculation.
Using polytree-based weight calculation.
Polytree max score: 570
Polytree building time: 0.024 seconds.
Number of quartet trees in the gene trees: 570
Size of largest cluster: 10
Greedy score: 515
estimationFactor: 1.1067961165048543
Sub-optimal score: 515
Total Number of elements weighted: 178
Normalized score (portion of input quartet trees satisfied before correcting for multiple individuals): 0.9052631578947369
Optimization score: 516
Optimal tree inferred in 0.4 secs.
(t5,(t6,(t7,((t10,t4),((t2,t9),(t1,(t8,t3)))))));
Final quartet score is: 516
Final normalized quartet score is: 0.9052631578947369
You may want to ignore posterior probabilities and other statistics related to the following branch branch because the effective number of genes impacting it is only 7:
	{t8, t3}
You may want to ignore posterior probabilities and other statistics related to the following branch branch because the effective number of genes impacting it is only 19:
	{t1, t8, t3}
You may want to ignore posterior probabilities and other statistics related to the following branch branch because the effective number of genes impacting it is only 16:
	{t5, t6, t7}
You may want to ignore posterior probabilities and other statistics related to the following branch branch because the effective number of genes impacting it is only 10:
	{t5, t1, t8, t6, t7, t10, t3, t4}
Extended species tree:
(t2,(t9,((t1,(t8,t3)0.67:0.2876820724517809)1:0.9808292530117262,((t10,t4)1:2.159484249353373,(t7,(t6,t5)1:2.022283127839887)1:1.0414538748281608)1:1.9661128563728323)0.62:0.20067069546215124));
Weight calculation took 0.035738235 secs
ASTRAL finished in 0.605 secs
