
================== ASTRAL ===================== 

This is ASTRAL version 5.7.8
Gene trees are treated as unrooted
2031 trees read from tmp_quartet_n3pChO3AwisGK.txt
index0
All output trees will be *arbitrarily* rooted at t8
201 extra trees read from tmp_bipartitions_n3pChO3AwisGK.bootstrap.trees

======== Running the main analysis
Number of taxa: 10 (10 species)
Taxa: [t8, t9, t1, t2, t5, t10, t3, t4, t7, t6]
Taxon occupancy: {t4=838, t5=827, t10=906, t6=763, t7=735, t8=785, t9=777, t1=1130, t2=950, t3=413}
Number of gene trees: 2031
2031 trees have missing taxa
Calculating quartet distance matrix (for completion of X)
Species tree distances calculated ...
Will attempt to complete bipartitions from X before adding using a distance matrix.
Building set of clusters (X) from gene trees 
------------------------------
gradient0: 53
Number of Clusters after addition by distance: 53
calculating extra bipartitions to be added at level 1 ...
Adding to X using resolutions of greedy consensus ...
Limit for sigma of degrees:300
polytomy size limit : 3
discarded polytomies:  []
Threshold 0.0:
Threshold 0.01:
Threshold 0.02:
Threshold 0.05:
Threshold 0.1:
Threshold 0.2:
Threshold 0.3333333333333333:
max k is :0
Number of Clusters after addition by greedy: 53
gradient0 in heuristiic: 53
calculating extra bipartitions from extra input trees ...
Number of Clusters after additions from extra trees: 73
partitions formed in 0.562 secs
Dynamic Programming starting after 0.575 secs
Using tree-based weight calculation.
Using polytree-based weight calculation.
Polytree max score: 2031
Polytree building time: 0.024 seconds.
Number of quartet trees in the gene trees: 2031
Size of largest cluster: 10
Greedy score: 2019
estimationFactor: 1.0059435364041605
Sub-optimal score: 2019
Total Number of elements weighted: 57
Normalized score (portion of input quartet trees satisfied before correcting for multiple individuals): 0.9940915805022157
Optimization score: 2019
Optimal tree inferred in 0.708 secs.
(t9,(t10,(t8,((t4,t7),(t3,((t1,t5),(t2,t6)))))));
Final quartet score is: 2019
Final normalized quartet score is: 0.9940915805022157
You may want to ignore posterior probabilities and other statistics related to the following branch branch because the effective number of genes impacting it is only 10:
	{t4, t7}
You may want to ignore posterior probabilities and other statistics related to the following branch branch because the effective number of genes impacting it is only 9:
	{t1, t5}
Extended species tree:
(t8,(((t4,t7)1:1.9924301646902058,(t3,((t1,t5)1:1.2039728043259361,(t2,t6)1:0.867500567704723)1:4.048882188145342)1:3.4657359027997248)1:2.961830721878311,(t10,t9)1:1.4508328822574619));
Weight calculation took 0.045804424 secs
ASTRAL finished in 0.982 secs
