
================== ASTRAL ===================== 

This is ASTRAL version 5.7.8
Gene trees are treated as unrooted
4661 trees read from tmp_quartet_n3pChO3AwisGK.txt
index0
All output trees will be *arbitrarily* rooted at t2
201 extra trees read from tmp_bipartitions_n3pChO3AwisGK.bootstrap.trees

======== Running the main analysis
Number of taxa: 10 (10 species)
Taxa: [t2, t8, t1, t3, t4, t5, t6, t7, t9, t10]
Taxon occupancy: {t4=1218, t5=1594, t6=1996, t10=2204, t7=1943, t8=1911, t9=2011, t1=1602, t2=2172, t3=1993}
Number of gene trees: 4661
4661 trees have missing taxa
Calculating quartet distance matrix (for completion of X)
Species tree distances calculated ...
Will attempt to complete bipartitions from X before adding using a distance matrix.
Building set of clusters (X) from gene trees 
------------------------------
gradient0: 77
Number of Clusters after addition by distance: 77
calculating extra bipartitions to be added at level 1 ...
Adding to X using resolutions of greedy consensus ...
Limit for sigma of degrees:300
polytomy size limit : 3
discarded polytomies:  []
Threshold 0.0:
Threshold 0.01:
Threshold 0.02:
Threshold 0.05:
Threshold 0.1:
Threshold 0.2:
Threshold 0.3333333333333333:
max k is :0
Number of Clusters after addition by greedy: 77
gradient0 in heuristiic: 77
calculating extra bipartitions from extra input trees ...
Number of Clusters after additions from extra trees: 89
partitions formed in 1.242 secs
Dynamic Programming starting after 1.26 secs
Using tree-based weight calculation.
Using polytree-based weight calculation.
Polytree max score: 4661
Polytree building time: 0.066 seconds.
Number of quartet trees in the gene trees: 4661
Size of largest cluster: 10
Greedy score: 4595
estimationFactor: 1.0143634385201306
Sub-optimal score: 4595
Total Number of elements weighted: 81
Normalized score (portion of input quartet trees satisfied before correcting for multiple individuals): 0.9858399485089037
Optimization score: 4595
Optimal tree inferred in 1.48 secs.
(t8,((t3,t9),(t1,((t4,t5),((t6,t7),(t2,t10))))));
Final quartet score is: 4595
Final normalized quartet score is: 0.9858399485089037
Extended species tree:
(t2,(t10,((t6,t7)1:1.9081698210724665,((t4,t5)1:5.200336958187837,(t1,((t3,t9)1:2.498699971920336,t8)1:0.6931471805599453)1:3.205452804536062)1:1.2039728043259361)1:4.555045798805526));
Weight calculation took 0.044402667 secs
ASTRAL finished in 1.848 secs
