
================== ASTRAL ===================== 

This is ASTRAL version 5.7.8
Gene trees are treated as unrooted
1360 trees read from tmp_quartet_n3pChO3AwisGK.txt
index0
All output trees will be *arbitrarily* rooted at t5
201 extra trees read from tmp_bipartitions_n3pChO3AwisGK.bootstrap.trees

======== Running the main analysis
Number of taxa: 10 (10 species)
Taxa: [t5, t8, t1, t2, t3, t4, t6, t10, t7, t9]
Taxon occupancy: {t4=661, t5=544, t6=522, t10=459, t7=528, t8=479, t9=467, t1=498, t2=554, t3=728}
Number of gene trees: 1360
1360 trees have missing taxa
Calculating quartet distance matrix (for completion of X)
Species tree distances calculated ...
Will attempt to complete bipartitions from X before adding using a distance matrix.
Building set of clusters (X) from gene trees 
------------------------------
gradient0: 71
Number of Clusters after addition by distance: 71
calculating extra bipartitions to be added at level 1 ...
Adding to X using resolutions of greedy consensus ...
Limit for sigma of degrees:300
polytomy size limit : 3
discarded polytomies:  []
Threshold 0.0:
Threshold 0.01:
Threshold 0.02:
Threshold 0.05:
Threshold 0.1:
Threshold 0.2:
Threshold 0.3333333333333333:
max k is :0
Number of Clusters after addition by greedy: 71
gradient0 in heuristiic: 71
calculating extra bipartitions from extra input trees ...
Number of Clusters after additions from extra trees: 89
partitions formed in 0.445 secs
Dynamic Programming starting after 0.458 secs
Using tree-based weight calculation.
Using polytree-based weight calculation.
Polytree max score: 1360
Polytree building time: 0.016 seconds.
Number of quartet trees in the gene trees: 1360
Size of largest cluster: 10
Greedy score: 1298
estimationFactor: 1.0477657935285054
Sub-optimal score: 1298
Total Number of elements weighted: 76
Normalized score (portion of input quartet trees satisfied before correcting for multiple individuals): 0.9544117647058824
Optimization score: 1298
Optimal tree inferred in 0.578 secs.
(t8,(t7,(t5,(t2,((t3,t4),(t10,(t9,(t1,t6))))))));
Final quartet score is: 1298
Final normalized quartet score is: 0.9544117647058824
You may want to ignore posterior probabilities and other statistics related to the following branch branch because the effective number of genes impacting it is only 19:
	{t1, t6}
You may want to ignore posterior probabilities and other statistics related to the following branch branch because the effective number of genes impacting it is only 16:
	{t1, t6, t9}
You may want to ignore posterior probabilities and other statistics related to the following branch branch because the effective number of genes impacting it is only 12:
	{t8, t7}
Extended species tree:
(t5,((t2,((t3,t4)1:4.199705077879926,(t10,(t9,(t1,t6)1:0.6443570163905135)1:1.3291359472799418)1:4.048882188145342)1:0.9127757897667107)1:2.1372611125686625,(t7,t8)0.99:0.7731898882334817));
Weight calculation took 0.019385328 secs
ASTRAL finished in 0.807 secs
