
================== ASTRAL ===================== 

This is ASTRAL version 5.7.8
Gene trees are treated as unrooted
3635 trees read from tmp_quartet_n3pChO3AwisGK.txt
index0
All output trees will be *arbitrarily* rooted at t3
201 extra trees read from tmp_bipartitions_n3pChO3AwisGK.bootstrap.trees

======== Running the main analysis
Number of taxa: 10 (10 species)
Taxa: [t3, t5, t1, t2, t4, t6, t7, t8, t9, t10]
Taxon occupancy: {t4=1940, t5=1040, t6=1673, t10=958, t7=1126, t8=1287, t9=1374, t1=1736, t2=2105, t3=1301}
Number of gene trees: 3635
3635 trees have missing taxa
Calculating quartet distance matrix (for completion of X)
Species tree distances calculated ...
Will attempt to complete bipartitions from X before adding using a distance matrix.
Building set of clusters (X) from gene trees 
------------------------------
gradient0: 67
Number of Clusters after addition by distance: 67
calculating extra bipartitions to be added at level 1 ...
Adding to X using resolutions of greedy consensus ...
Limit for sigma of degrees:300
polytomy size limit : 3
discarded polytomies:  []
Threshold 0.0:
Threshold 0.01:
Threshold 0.02:
Threshold 0.05:
Threshold 0.1:
Threshold 0.2:
Threshold 0.3333333333333333:
max k is :0
Number of Clusters after addition by greedy: 67
gradient0 in heuristiic: 67
calculating extra bipartitions from extra input trees ...
Number of Clusters after additions from extra trees: 79
partitions formed in 0.959 secs
Dynamic Programming starting after 0.972 secs
Using tree-based weight calculation.
Using polytree-based weight calculation.
Polytree max score: 3635
Polytree building time: 0.05 seconds.
Number of quartet trees in the gene trees: 3635
Size of largest cluster: 10
Greedy score: 3586
estimationFactor: 1.0136642498605688
Sub-optimal score: 3586
Total Number of elements weighted: 62
Normalized score (portion of input quartet trees satisfied before correcting for multiple individuals): 0.9865199449793672
Optimization score: 3586
Optimal tree inferred in 1.159 secs.
(t5,((t1,(t2,t4)),(t3,(t7,(t6,(t8,(t9,t10)))))));
Final quartet score is: 3586
Final normalized quartet score is: 0.9865199449793672
Extended species tree:
(t3,((t7,(t6,(t8,(t9,t10)1:1.4328143767547836)1:0.5690945318899663)1:3.295836866004329)1:1.8971199848858815,((t1,(t2,t4)1:3.367295829986475)1:4.759320865815357,t5)1:1.9553888930098573));
Weight calculation took 0.026466797 secs
ASTRAL finished in 1.498 secs
