
================== ASTRAL ===================== 

This is ASTRAL version 5.7.8
Gene trees are treated as unrooted
1306 trees read from tmp_quartet_n3pChO3AwisGK.txt
index0
All output trees will be *arbitrarily* rooted at t2
201 extra trees read from tmp_bipartitions_n3pChO3AwisGK.bootstrap.trees

======== Running the main analysis
Number of taxa: 10 (10 species)
Taxa: [t2, t3, t1, t5, t9, t7, t8, t10, t6, t4]
Taxon occupancy: {t4=411, t5=472, t10=658, t6=629, t7=510, t8=575, t9=506, t1=371, t2=521, t3=571}
Number of gene trees: 1306
1306 trees have missing taxa
Calculating quartet distance matrix (for completion of X)
Species tree distances calculated ...
Will attempt to complete bipartitions from X before adding using a distance matrix.
Building set of clusters (X) from gene trees 
------------------------------
gradient0: 71
Number of Clusters after addition by distance: 71
calculating extra bipartitions to be added at level 1 ...
Adding to X using resolutions of greedy consensus ...
Limit for sigma of degrees:300
polytomy size limit : 3
discarded polytomies:  []
Threshold 0.0:
Threshold 0.01:
Threshold 0.02:
Threshold 0.05:
Threshold 0.1:
Threshold 0.2:
Threshold 0.3333333333333333:
max k is :0
Number of Clusters after addition by greedy: 71
gradient0 in heuristiic: 71
calculating extra bipartitions from extra input trees ...
Number of Clusters after additions from extra trees: 91
partitions formed in 0.42 secs
Dynamic Programming starting after 0.42 secs
Using tree-based weight calculation.
Using polytree-based weight calculation.
Polytree max score: 1306
Polytree building time: 0.031 seconds.
Number of quartet trees in the gene trees: 1306
Size of largest cluster: 10
Greedy score: 1252
estimationFactor: 1.0431309904153354
Sub-optimal score: 1252
Total Number of elements weighted: 90
Normalized score (portion of input quartet trees satisfied before correcting for multiple individuals): 0.9663093415007658
Optimization score: 1262
Optimal tree inferred in 0.527 secs.
(t3,(t2,(t7,((t1,(t5,t9)),((t10,t6),(t8,t4))))));
Final quartet score is: 1262
Final normalized quartet score is: 0.9663093415007658
Extended species tree:
(t2,((t7,((t1,(t5,t9)1:3.205452804536062)1:0.9808292530117262,((t10,t6)1:4.8148907169701705,(t8,t4)1:2.8716796248840124)0.94:0.32542240043462783)1:2.8449093838194086)1:2.564949357461536,t3));
Weight calculation took 0.018896292 secs
ASTRAL finished in 0.773 secs
