
================== ASTRAL ===================== 

This is ASTRAL version 5.7.8
Gene trees are treated as unrooted
2603 trees read from tmp_quartet_n3pChO3AwisGK.txt
index0
All output trees will be *arbitrarily* rooted at t3
201 extra trees read from tmp_bipartitions_n3pChO3AwisGK.bootstrap.trees

======== Running the main analysis
Number of taxa: 10 (10 species)
Taxa: [t3, t8, t2, t4, t5, t6, t7, t1, t9, t10]
Taxon occupancy: {t4=953, t5=1207, t6=1092, t10=652, t7=1085, t8=567, t9=1129, t1=1295, t2=1335, t3=1097}
Number of gene trees: 2603
2603 trees have missing taxa
Calculating quartet distance matrix (for completion of X)
Species tree distances calculated ...
Will attempt to complete bipartitions from X before adding using a distance matrix.
Building set of clusters (X) from gene trees 
------------------------------
gradient0: 63
Number of Clusters after addition by distance: 63
calculating extra bipartitions to be added at level 1 ...
Adding to X using resolutions of greedy consensus ...
Limit for sigma of degrees:300
polytomy size limit : 3
discarded polytomies:  []
Threshold 0.0:
Threshold 0.01:
Threshold 0.02:
Threshold 0.05:
Threshold 0.1:
Threshold 0.2:
Threshold 0.3333333333333333:
max k is :0
Number of Clusters after addition by greedy: 63
gradient0 in heuristiic: 63
calculating extra bipartitions from extra input trees ...
Number of Clusters after additions from extra trees: 75
partitions formed in 0.689 secs
Dynamic Programming starting after 0.689 secs
Using tree-based weight calculation.
Using polytree-based weight calculation.
Polytree max score: 2603
Polytree building time: 0.05 seconds.
Number of quartet trees in the gene trees: 2603
Size of largest cluster: 10
Greedy score: 2531
estimationFactor: 1.0284472540497827
Sub-optimal score: 2531
Total Number of elements weighted: 71
Normalized score (portion of input quartet trees satisfied before correcting for multiple individuals): 0.9723396081444488
Optimization score: 2531
Optimal tree inferred in 0.868 secs.
(t8,(t3,((t2,t1),(t4,((t9,t10),(t5,(t6,t7)))))));
Final quartet score is: 2531
Final normalized quartet score is: 0.9723396081444488
Extended species tree:
(t3,(((t2,t1)1:3.120895416507997,(t4,((t9,t10)1:0.826678573184468,(t5,(t6,t7)1:4.248495242049363)1:0.8137751683485602)1:1.5496194172231899)1:3.1724827852984894)1:3.3557350075853964,t8));
Weight calculation took 0.023882764 secs
ASTRAL finished in 1.158 secs
