
================== ASTRAL ===================== 

This is ASTRAL version 5.7.8
Gene trees are treated as unrooted
1702 trees read from tmp_quartet_n3pChO3AwisGK.txt
index0
All output trees will be *arbitrarily* rooted at t5
201 extra trees read from tmp_bipartitions_n3pChO3AwisGK.bootstrap.trees

======== Running the main analysis
Number of taxa: 10 (10 species)
Taxa: [t5, t6, t2, t3, t4, t8, t7, t10, t9, t1]
Taxon occupancy: {t4=639, t5=918, t6=876, t10=541, t7=545, t8=828, t9=618, t1=482, t2=690, t3=671}
Number of gene trees: 1702
1702 trees have missing taxa
Calculating quartet distance matrix (for completion of X)
Species tree distances calculated ...
Will attempt to complete bipartitions from X before adding using a distance matrix.
Building set of clusters (X) from gene trees 
------------------------------
gradient0: 71
Number of Clusters after addition by distance: 71
calculating extra bipartitions to be added at level 1 ...
Adding to X using resolutions of greedy consensus ...
Limit for sigma of degrees:300
polytomy size limit : 3
discarded polytomies:  []
Threshold 0.0:
Threshold 0.01:
Threshold 0.02:
Threshold 0.05:
Threshold 0.1:
Threshold 0.2:
Threshold 0.3333333333333333:
max k is :0
Number of Clusters after addition by greedy: 71
gradient0 in heuristiic: 71
calculating extra bipartitions from extra input trees ...
Number of Clusters after additions from extra trees: 97
partitions formed in 0.521 secs
Dynamic Programming starting after 0.521 secs
Using tree-based weight calculation.
Using polytree-based weight calculation.
Polytree max score: 1702
Polytree building time: 0.03 seconds.
Number of quartet trees in the gene trees: 1702
Size of largest cluster: 10
Greedy score: 1653
estimationFactor: 1.029643073200242
Sub-optimal score: 1653
Total Number of elements weighted: 102
Normalized score (portion of input quartet trees satisfied before correcting for multiple individuals): 0.9712103407755581
Optimization score: 1653
Optimal tree inferred in 0.652 secs.
(t6,(t5,((t10,t1),(t7,((t4,t9),(t2,(t3,t8)))))));
Final quartet score is: 1653
Final normalized quartet score is: 0.9712103407755581
You may want to ignore posterior probabilities and other statistics related to the following branch branch because the effective number of genes impacting it is only 15:
	{t2, t3, t4, t8, t7, t10, t9, t1}
Extended species tree:
(t5,(((t10,t1)1:3.0285220963769826,(t7,((t4,t9)1:3.5457786104732607,(t2,(t3,t8)0.61:0.1823215567939546)1:1.0467872208035236)1:2.8200552594787056)1:1.7692866133759964)1:2.367123614131617,t6));
Weight calculation took 0.034417056 secs
ASTRAL finished in 0.911 secs
