
================== ASTRAL ===================== 

This is ASTRAL version 5.7.8
Gene trees are treated as unrooted
2112 trees read from tmp_quartet_n3pChO3AwisGK.txt
index0
All output trees will be *arbitrarily* rooted at t3
201 extra trees read from tmp_bipartitions_n3pChO3AwisGK.bootstrap.trees

======== Running the main analysis
Number of taxa: 10 (10 species)
Taxa: [t3, t4, t1, t2, t6, t7, t10, t5, t9, t8]
Taxon occupancy: {t4=902, t5=803, t6=698, t10=938, t7=619, t8=850, t9=955, t1=1141, t2=986, t3=556}
Number of gene trees: 2112
2112 trees have missing taxa
Calculating quartet distance matrix (for completion of X)
Species tree distances calculated ...
Will attempt to complete bipartitions from X before adding using a distance matrix.
Building set of clusters (X) from gene trees 
------------------------------
gradient0: 59
Number of Clusters after addition by distance: 59
calculating extra bipartitions to be added at level 1 ...
Adding to X using resolutions of greedy consensus ...
Limit for sigma of degrees:300
polytomy size limit : 3
discarded polytomies:  []
Threshold 0.0:
Threshold 0.01:
Threshold 0.02:
Threshold 0.05:
Threshold 0.1:
Threshold 0.2:
Threshold 0.3333333333333333:
max k is :0
Number of Clusters after addition by greedy: 59
gradient0 in heuristiic: 59
calculating extra bipartitions from extra input trees ...
Number of Clusters after additions from extra trees: 79
partitions formed in 0.581 secs
Dynamic Programming starting after 0.581 secs
Using tree-based weight calculation.
Using polytree-based weight calculation.
Polytree max score: 2112
Polytree building time: 0.036 seconds.
Number of quartet trees in the gene trees: 2112
Size of largest cluster: 10
Greedy score: 2080
estimationFactor: 1.0153846153846153
Sub-optimal score: 2080
Total Number of elements weighted: 64
Normalized score (portion of input quartet trees satisfied before correcting for multiple individuals): 0.9848484848484849
Optimization score: 2080
Optimal tree inferred in 0.743 secs.
(t4,(t7,((t8,(t10,t9)),(t3,((t1,t5),(t2,t6))))));
Final quartet score is: 2080
Final normalized quartet score is: 0.9848484848484849
You may want to ignore posterior probabilities and other statistics related to the following branch branch because the effective number of genes impacting it is only 13:
	{t2, t6}
Extended species tree:
(t3,(((t1,t5)0.99:0.4635727389154453,(t2,t6)1:1.1349799328389845)1:4.438721978350428,((t8,(t10,t9)1:1.6529230243738395)1:1.4116121691041805,(t7,t4)1:2.6390573296152575)1:4.339467020255092));
Weight calculation took 0.042714387 secs
ASTRAL finished in 1.012 secs
