
================== ASTRAL ===================== 

This is ASTRAL version 5.7.8
Gene trees are treated as unrooted
1161 trees read from tmp_quartet_n3pChO3AwisGK.txt
index0
All output trees will be *arbitrarily* rooted at t10
201 extra trees read from tmp_bipartitions_n3pChO3AwisGK.bootstrap.trees

======== Running the main analysis
Number of taxa: 10 (10 species)
Taxa: [t10, t6, t1, t2, t3, t4, t5, t8, t9, t7]
Taxon occupancy: {t4=410, t5=522, t10=589, t6=538, t7=400, t8=361, t9=322, t1=363, t2=536, t3=603}
Number of gene trees: 1161
1161 trees have missing taxa
Calculating quartet distance matrix (for completion of X)
Species tree distances calculated ...
Will attempt to complete bipartitions from X before adding using a distance matrix.
Building set of clusters (X) from gene trees 
------------------------------
gradient0: 59
Number of Clusters after addition by distance: 59
calculating extra bipartitions to be added at level 1 ...
Adding to X using resolutions of greedy consensus ...
Limit for sigma of degrees:300
polytomy size limit : 3
discarded polytomies:  []
Threshold 0.0:
Threshold 0.01:
Threshold 0.02:
Threshold 0.05:
Threshold 0.1:
Threshold 0.2:
Threshold 0.3333333333333333:
max k is :0
Number of Clusters after addition by greedy: 59
gradient0 in heuristiic: 59
calculating extra bipartitions from extra input trees ...
Number of Clusters after additions from extra trees: 75
partitions formed in 0.406 secs
Dynamic Programming starting after 0.406 secs
Using tree-based weight calculation.
Using polytree-based weight calculation.
Polytree max score: 1161
Polytree building time: 0.026 seconds.
Number of quartet trees in the gene trees: 1161
Size of largest cluster: 10
Greedy score: 1136
estimationFactor: 1.0220070422535212
Sub-optimal score: 1136
Total Number of elements weighted: 54
Normalized score (portion of input quartet trees satisfied before correcting for multiple individuals): 0.9784668389319552
Optimization score: 1136
Optimal tree inferred in 0.517 secs.
(t6,(t10,((t8,(t1,t9)),((t5,t7),(t4,(t2,t3))))));
Final quartet score is: 1136
Final normalized quartet score is: 0.9784668389319552
You may want to ignore posterior probabilities and other statistics related to the following branch branch because the effective number of genes impacting it is only 12:
	{t1, t9}
You may want to ignore posterior probabilities and other statistics related to the following branch branch because the effective number of genes impacting it is only 13:
	{t2, t3}
Extended species tree:
(t10,(((t8,(t1,t9)1:2.159484249353373)1:1.7147984280919266,((t5,t7)1:3.8985999850960074,(t4,(t2,t3)0.58:0.15415067982725836)1:3.1403135023650983)1:2.2094946699280342)1:3.3081069585961425,t6));
Weight calculation took 0.0293758 secs
ASTRAL finished in 0.759 secs
