
================== ASTRAL ===================== 

This is ASTRAL version 5.7.8
Gene trees are treated as unrooted
2405 trees read from tmp_quartet_n3pChO3AwisGK.txt
index0
All output trees will be *arbitrarily* rooted at t5
201 extra trees read from tmp_bipartitions_n3pChO3AwisGK.bootstrap.trees

======== Running the main analysis
Number of taxa: 10 (10 species)
Taxa: [t5, t9, t1, t4, t8, t10, t2, t3, t6, t7]
Taxon occupancy: {t4=807, t5=982, t10=1024, t6=864, t7=1151, t8=1064, t9=693, t1=938, t2=1132, t3=965}
Number of gene trees: 2405
2405 trees have missing taxa
Calculating quartet distance matrix (for completion of X)
Species tree distances calculated ...
Will attempt to complete bipartitions from X before adding using a distance matrix.
Building set of clusters (X) from gene trees 
------------------------------
gradient0: 69
Number of Clusters after addition by distance: 69
calculating extra bipartitions to be added at level 1 ...
Adding to X using resolutions of greedy consensus ...
Limit for sigma of degrees:300
polytomy size limit : 3
discarded polytomies:  []
Threshold 0.0:
Threshold 0.01:
Threshold 0.02:
Threshold 0.05:
Threshold 0.1:
Threshold 0.2:
Threshold 0.3333333333333333:
max k is :0
Number of Clusters after addition by greedy: 69
gradient0 in heuristiic: 69
calculating extra bipartitions from extra input trees ...
Number of Clusters after additions from extra trees: 87
partitions formed in 0.654 secs
Dynamic Programming starting after 0.654 secs
Using tree-based weight calculation.
Using polytree-based weight calculation.
Polytree max score: 2405
Polytree building time: 0.051 seconds.
Number of quartet trees in the gene trees: 2405
Size of largest cluster: 10
Greedy score: 2340
estimationFactor: 1.0277777777777777
Sub-optimal score: 2340
Total Number of elements weighted: 78
Normalized score (portion of input quartet trees satisfied before correcting for multiple individuals): 0.972972972972973
Optimization score: 2340
Optimal tree inferred in 0.809 secs.
(t9,(t6,((t5,(t7,(t8,t10))),((t2,t3),(t1,t4)))));
Final quartet score is: 2340
Final normalized quartet score is: 0.972972972972973
You may want to ignore posterior probabilities and other statistics related to the following branch branch because the effective number of genes impacting it is only 13:
	{t9, t6}
Extended species tree:
(t5,((t7,(t8,t10)1:0.5500463369192721)1:2.882936779408647,(((t2,t3)1:3.506557897319981,(t1,t4)1:0.5978370007556204)1:2.4589311633847406,(t6,t9)1:2.2335922215070947)1:2.1238933042506694));
Weight calculation took 0.039472692 secs
ASTRAL finished in 1.114 secs
