
================== ASTRAL ===================== 

This is ASTRAL version 5.7.8
Gene trees are treated as unrooted
1776 trees read from tmp_quartet_n3pChO3AwisGK.txt
index0
All output trees will be *arbitrarily* rooted at t10
201 extra trees read from tmp_bipartitions_n3pChO3AwisGK.bootstrap.trees

======== Running the main analysis
Number of taxa: 10 (10 species)
Taxa: [t10, t6, t3, t4, t5, t8, t9, t1, t7, t2]
Taxon occupancy: {t4=827, t5=819, t10=965, t6=860, t7=492, t8=584, t9=795, t1=516, t2=642, t3=604}
Number of gene trees: 1776
1776 trees have missing taxa
Calculating quartet distance matrix (for completion of X)
Species tree distances calculated ...
Will attempt to complete bipartitions from X before adding using a distance matrix.
Building set of clusters (X) from gene trees 
------------------------------
gradient0: 49
Number of Clusters after addition by distance: 49
calculating extra bipartitions to be added at level 1 ...
Adding to X using resolutions of greedy consensus ...
Limit for sigma of degrees:300
polytomy size limit : 3
discarded polytomies:  []
Threshold 0.0:
Threshold 0.01:
Threshold 0.02:
Threshold 0.05:
Threshold 0.1:
Threshold 0.2:
Threshold 0.3333333333333333:
max k is :0
Number of Clusters after addition by greedy: 49
gradient0 in heuristiic: 49
calculating extra bipartitions from extra input trees ...
Number of Clusters after additions from extra trees: 65
partitions formed in 0.515 secs
Dynamic Programming starting after 0.515 secs
Using tree-based weight calculation.
Using polytree-based weight calculation.
Polytree max score: 1776
Polytree building time: 0.03 seconds.
Number of quartet trees in the gene trees: 1776
Size of largest cluster: 10
Greedy score: 1755
estimationFactor: 1.011965811965812
Sub-optimal score: 1755
Total Number of elements weighted: 50
Normalized score (portion of input quartet trees satisfied before correcting for multiple individuals): 0.9881756756756757
Optimization score: 1755
Optimal tree inferred in 0.657 secs.
(t6,(t10,(t2,(t1,(t8,(t7,(t3,(t9,(t4,t5)))))))));
Final quartet score is: 1755
Final normalized quartet score is: 0.9881756756756757
You may want to ignore posterior probabilities and other statistics related to the following branch branch because the effective number of genes impacting it is only 16:
	{t4, t5}
You may want to ignore posterior probabilities and other statistics related to the following branch branch because the effective number of genes impacting it is only 11:
	{t3, t4, t5, t8, t9, t1, t7}
Extended species tree:
(t10,((t2,(t1,(t8,(t7,(t3,(t9,(t4,t5)1:2.4277482359480516)1:0.7907856501238614)1:3.784189633918262)1:1.5960148921019601)1:3.5263605246161593)1:1.3862943611198908)1:3.120895416507997,t6));
Weight calculation took 0.030887406 secs
ASTRAL finished in 0.913 secs
