
================== ASTRAL ===================== 

This is ASTRAL version 5.7.8
Gene trees are treated as unrooted
1955 trees read from tmp_quartet_n3pChO3AwisGK.txt
index0
All output trees will be *arbitrarily* rooted at t3
201 extra trees read from tmp_bipartitions_n3pChO3AwisGK.bootstrap.trees

======== Running the main analysis
Number of taxa: 10 (10 species)
Taxa: [t3, t4, t1, t2, t8, t5, t7, t9, t10, t6]
Taxon occupancy: {t4=951, t5=1019, t10=1023, t6=933, t7=518, t8=538, t9=928, t1=557, t2=690, t3=663}
Number of gene trees: 1955
1955 trees have missing taxa
Calculating quartet distance matrix (for completion of X)
Species tree distances calculated ...
Will attempt to complete bipartitions from X before adding using a distance matrix.
Building set of clusters (X) from gene trees 
------------------------------
gradient0: 65
Number of Clusters after addition by distance: 65
calculating extra bipartitions to be added at level 1 ...
Adding to X using resolutions of greedy consensus ...
Limit for sigma of degrees:300
polytomy size limit : 3
discarded polytomies:  []
Threshold 0.0:
Threshold 0.01:
Threshold 0.02:
Threshold 0.05:
Threshold 0.1:
Threshold 0.2:
Threshold 0.3333333333333333:
max k is :0
Number of Clusters after addition by greedy: 65
gradient0 in heuristiic: 65
calculating extra bipartitions from extra input trees ...
Number of Clusters after additions from extra trees: 83
partitions formed in 0.58 secs
Dynamic Programming starting after 0.58 secs
Using tree-based weight calculation.
Using polytree-based weight calculation.
Polytree max score: 1955
Polytree building time: 0.031 seconds.
Number of quartet trees in the gene trees: 1955
Size of largest cluster: 10
Greedy score: 1921
estimationFactor: 1.0176991150442478
Sub-optimal score: 1921
Total Number of elements weighted: 70
Normalized score (portion of input quartet trees satisfied before correcting for multiple individuals): 0.9826086956521739
Optimization score: 1921
Optimal tree inferred in 0.72 secs.
(t4,(t5,(t9,(t3,(t7,(t8,(t1,(t2,(t10,t6)))))))));
Final quartet score is: 1921
Final normalized quartet score is: 0.9826086956521739
You may want to ignore posterior probabilities and other statistics related to the following branch branch because the effective number of genes impacting it is only 7:
	{t2, t10, t6}
Extended species tree:
(t3,((t7,(t8,(t1,(t2,(t10,t6)1:3.3787245258100977)1:1.6739764335716716)1:2.772588722239782)1:0.5849335959197125)1:3.4760986898352715,(t9,(t5,t4)1:1.9924301646902058)1:1.120591195386885));
Weight calculation took 0.043302887 secs
ASTRAL finished in 0.986 secs
