
================== ASTRAL ===================== 

This is ASTRAL version 5.7.8
Gene trees are treated as unrooted
1592 trees read from tmp_quartet_n3pChO3AwisGK.txt
index0
All output trees will be *arbitrarily* rooted at t3
201 extra trees read from tmp_bipartitions_n3pChO3AwisGK.bootstrap.trees

======== Running the main analysis
Number of taxa: 10 (10 species)
Taxa: [t3, t4, t2, t5, t6, t7, t9, t10, t1, t8]
Taxon occupancy: {t4=642, t5=669, t6=979, t10=968, t7=504, t8=541, t9=528, t1=443, t2=468, t3=626}
Number of gene trees: 1592
1592 trees have missing taxa
Calculating quartet distance matrix (for completion of X)
Species tree distances calculated ...
Will attempt to complete bipartitions from X before adding using a distance matrix.
Building set of clusters (X) from gene trees 
------------------------------
gradient0: 77
Number of Clusters after addition by distance: 77
calculating extra bipartitions to be added at level 1 ...
Adding to X using resolutions of greedy consensus ...
Limit for sigma of degrees:300
polytomy size limit : 3
discarded polytomies:  []
Threshold 0.0:
Threshold 0.01:
Threshold 0.02:
Threshold 0.05:
Threshold 0.1:
Threshold 0.2:
Threshold 0.3333333333333333:
max k is :0
Number of Clusters after addition by greedy: 77
gradient0 in heuristiic: 77
calculating extra bipartitions from extra input trees ...
Number of Clusters after additions from extra trees: 91
partitions formed in 0.463 secs
Dynamic Programming starting after 0.476 secs
Using tree-based weight calculation.
Using polytree-based weight calculation.
Polytree max score: 1592
Polytree building time: 0.016 seconds.
Number of quartet trees in the gene trees: 1592
Size of largest cluster: 10
Greedy score: 1539
estimationFactor: 1.0344379467186484
Sub-optimal score: 1539
Total Number of elements weighted: 82
Normalized score (portion of input quartet trees satisfied before correcting for multiple individuals): 0.9667085427135679
Optimization score: 1539
Optimal tree inferred in 0.591 secs.
(t4,(t3,(t5,((t1,(t6,t10)),((t9,t8),(t2,t7))))));
Final quartet score is: 1539
Final normalized quartet score is: 0.9667085427135679
You may want to ignore posterior probabilities and other statistics related to the following branch branch because the effective number of genes impacting it is only 9:
	{t9, t8}
You may want to ignore posterior probabilities and other statistics related to the following branch branch because the effective number of genes impacting it is only 11:
	{t2, t7}
Extended species tree:
(t3,((t5,((t1,(t6,t10)1:1.7540191412452077)1:2.575878427993727,((t9,t8)0.91:0.5108256237659905,(t2,t7)1:0.9808292530117262)1:1.252762968495368)1:2.159484249353373)1:2.890371757896163,t4));
Weight calculation took 0.028204763 secs
ASTRAL finished in 0.846 secs
