
================== ASTRAL ===================== 

This is ASTRAL version 5.7.8
Gene trees are treated as unrooted
4972 trees read from quartet_temp.txt
index0
All output trees will be *arbitrarily* rooted at t2

======== Running the main analysis
Number of taxa: 10 (10 species)
Taxa: [t2, t6, t1, t3, t8, t9, t7, t10, t4, t5]
Taxon occupancy: {t4=1085, t5=1510, t6=2197, t10=2297, t7=2086, t8=2058, t9=2325, t1=1893, t2=2281, t3=2156}
Number of gene trees: 4972
4972 trees have missing taxa
Calculating quartet distance matrix (for completion of X)
Species tree distances calculated ...
Will attempt to complete bipartitions from X before adding using a distance matrix.
Building set of clusters (X) from gene trees 
------------------------------
gradient0: 89
Number of Clusters after addition by distance: 89
calculating extra bipartitions to be added at level 1 ...
Adding to X using resolutions of greedy consensus ...
Limit for sigma of degrees:300
polytomy size limit : 3
discarded polytomies:  []
Threshold 0.0:
Threshold 0.01:
Threshold 0.02:
Threshold 0.05:
Threshold 0.1:
Threshold 0.2:
Threshold 0.3333333333333333:
max k is :0
Number of Clusters after addition by greedy: 89
gradient0 in heuristiic: 89
calculating all possible bipartitions ...
Number of Clusters After Adding All possible clusters: 1023
partitions formed in 1.508 secs
Dynamic Programming starting after 1.508 secs
Using tree-based weight calculation.
Using polytree-based weight calculation.
Polytree max score: 4972
Polytree building time: 0.083 seconds.
Number of quartet trees in the gene trees: 4972
Size of largest cluster: 10
Greedy score: 4822
estimationFactor: 1.0311074243052676
Sub-optimal score: 4822
Total Number of elements weighted: 1172
Normalized score (portion of input quartet trees satisfied before correcting for multiple individuals): 0.9698310539018503
Optimization score: 4822
Optimal tree inferred in 2.26 secs.
(t6,(t7,((t2,t10),((t4,t5),(t1,(t8,(t3,t9)))))));
Final quartet score is: 4822
Final normalized quartet score is: 0.9698310539018503
Extended species tree:
(t2,(t10,(((t4,t5)1:2.8526314299133184,(t1,(t8,(t3,t9)1:1.1526795099383855)1:1.466337068793427)1:2.1629746542931403)1:0.5156918134171635,(t7,t6)1:1.8245492920510458)1:3.195576181040147));
Weight calculation took 0.419329011 secs
ASTRAL finished in 4.052 secs
