
================== ASTRAL ===================== 

This is ASTRAL version 5.7.8
Gene trees are treated as unrooted
2781 trees read from quartet_temp.txt
index0
All output trees will be *arbitrarily* rooted at t6

======== Running the main analysis
Number of taxa: 10 (10 species)
Taxa: [t6, t7, t2, t4, t8, t10, t9, t1, t5, t3]
Taxon occupancy: {t4=1341, t5=1114, t6=1010, t10=1168, t7=959, t8=779, t9=1224, t1=855, t2=1464, t3=1210}
Number of gene trees: 2781
2781 trees have missing taxa
Calculating quartet distance matrix (for completion of X)
Species tree distances calculated ...
Will attempt to complete bipartitions from X before adding using a distance matrix.
Building set of clusters (X) from gene trees 
------------------------------
gradient0: 55
Number of Clusters after addition by distance: 55
calculating extra bipartitions to be added at level 1 ...
Adding to X using resolutions of greedy consensus ...
Limit for sigma of degrees:300
polytomy size limit : 3
discarded polytomies:  []
Threshold 0.0:
Threshold 0.01:
Threshold 0.02:
Threshold 0.05:
Threshold 0.1:
Threshold 0.2:
Threshold 0.3333333333333333:
max k is :0
Number of Clusters after addition by greedy: 55
gradient0 in heuristiic: 55
calculating all possible bipartitions ...
Number of Clusters After Adding All possible clusters: 1023
partitions formed in 0.906 secs
Dynamic Programming starting after 0.906 secs
Using tree-based weight calculation.
Using polytree-based weight calculation.
Polytree max score: 2781
Polytree building time: 0.052 seconds.
Number of quartet trees in the gene trees: 2781
Size of largest cluster: 10
Greedy score: 2758
estimationFactor: 1.0083393763596809
Sub-optimal score: 2758
Total Number of elements weighted: 1186
Normalized score (portion of input quartet trees satisfied before correcting for multiple individuals): 0.9917295936713413
Optimization score: 2758
Optimal tree inferred in 1.439 secs.
(t7,(t6,(t8,((t10,t9),(t1,((t2,t3),(t4,t5)))))));
Final quartet score is: 2758
Final normalized quartet score is: 0.9917295936713413
You may want to ignore posterior probabilities and other statistics related to the following branch branch because the effective number of genes impacting it is only 18:
	{t2, t4, t8, t10, t9, t1, t5, t3}
Extended species tree:
(t6,((t8,((t10,t9)1:1.6739764335716716,(t1,((t2,t3)1:4.248495242049363,(t4,t5)1:3.8430301339411983)1:4.199705077879926)1:2.8630663072058966)1:1.5404450409471486)1:1.1526795099383855,t7));
Weight calculation took 0.281091873 secs
ASTRAL finished in 2.356 secs
