
================== ASTRAL ===================== 

This is ASTRAL version 5.7.8
Gene trees are treated as unrooted
2258 trees read from quartet_temp.txt
index0
All output trees will be *arbitrarily* rooted at t4

======== Running the main analysis
Number of taxa: 10 (10 species)
Taxa: [t4, t5, t1, t2, t3, t9, t6, t8, t10, t7]
Taxon occupancy: {t4=1043, t5=1048, t6=766, t10=929, t7=894, t8=1010, t9=745, t1=652, t2=942, t3=1003}
Number of gene trees: 2258
2258 trees have missing taxa
Calculating quartet distance matrix (for completion of X)
Species tree distances calculated ...
Will attempt to complete bipartitions from X before adding using a distance matrix.
Building set of clusters (X) from gene trees 
------------------------------
gradient0: 73
Number of Clusters after addition by distance: 73
calculating extra bipartitions to be added at level 1 ...
Adding to X using resolutions of greedy consensus ...
Limit for sigma of degrees:300
polytomy size limit : 3
discarded polytomies:  []
Threshold 0.0:
Threshold 0.01:
Threshold 0.02:
Threshold 0.05:
Threshold 0.1:
Threshold 0.2:
Threshold 0.3333333333333333:
max k is :0
Number of Clusters after addition by greedy: 73
gradient0 in heuristiic: 73
calculating all possible bipartitions ...
Number of Clusters After Adding All possible clusters: 1023
partitions formed in 0.723 secs
Dynamic Programming starting after 0.723 secs
Using tree-based weight calculation.
Using polytree-based weight calculation.
Polytree max score: 2258
Polytree building time: 0.034 seconds.
Number of quartet trees in the gene trees: 2258
Size of largest cluster: 10
Greedy score: 2215
estimationFactor: 1.01941309255079
Sub-optimal score: 2215
Total Number of elements weighted: 1127
Normalized score (portion of input quartet trees satisfied before correcting for multiple individuals): 0.9809565987599645
Optimization score: 2215
Optimal tree inferred in 1.138 secs.
(t5,(t4,(t9,(t8,(t6,(t7,(t1,(t10,(t2,t3)))))))));
Final quartet score is: 2215
Final normalized quartet score is: 0.9809565987599645
You may want to ignore posterior probabilities and other statistics related to the following branch branch because the effective number of genes impacting it is only 19:
	{t2, t3}
Extended species tree:
(t4,((t9,(t8,(t6,(t7,(t1,(t10,(t2,t3)1:0.6443570163905135)1:1.9924301646902058)1:2.354544831924757)1:1.96732424355913)1:2.498699971920336)1:1.2039728043259361)1:1.7197859696029656,t5));
Weight calculation took 0.195691205 secs
ASTRAL finished in 2.061 secs
