
================== ASTRAL ===================== 

This is ASTRAL version 5.7.8
Gene trees are treated as unrooted
1472 trees read from quartet_temp.txt
index0
All output trees will be *arbitrarily* rooted at t3

======== Running the main analysis
Number of taxa: 10 (10 species)
Taxa: [t3, t5, t1, t2, t8, t10, t4, t6, t9, t7]
Taxon occupancy: {t4=702, t5=668, t10=648, t6=532, t7=461, t8=549, t9=472, t1=601, t2=459, t3=796}
Number of gene trees: 1472
1472 trees have missing taxa
Calculating quartet distance matrix (for completion of X)
Species tree distances calculated ...
Will attempt to complete bipartitions from X before adding using a distance matrix.
Building set of clusters (X) from gene trees 
------------------------------
gradient0: 69
Number of Clusters after addition by distance: 69
calculating extra bipartitions to be added at level 1 ...
Adding to X using resolutions of greedy consensus ...
Limit for sigma of degrees:300
polytomy size limit : 3
discarded polytomies:  []
Threshold 0.0:
Threshold 0.01:
Threshold 0.02:
Threshold 0.05:
Threshold 0.1:
Threshold 0.2:
Threshold 0.3333333333333333:
max k is :0
Number of Clusters after addition by greedy: 69
gradient0 in heuristiic: 69
calculating all possible bipartitions ...
Number of Clusters After Adding All possible clusters: 1023
partitions formed in 0.569 secs
Dynamic Programming starting after 0.569 secs
Using tree-based weight calculation.
Using polytree-based weight calculation.
Polytree max score: 1472
Polytree building time: 0.032 seconds.
Number of quartet trees in the gene trees: 1472
Size of largest cluster: 10
Greedy score: 1453
estimationFactor: 1.0130763936682725
Sub-optimal score: 1453
Total Number of elements weighted: 1056
Normalized score (portion of input quartet trees satisfied before correcting for multiple individuals): 0.9870923913043478
Optimization score: 1453
Optimal tree inferred in 0.966 secs.
(t5,(t3,(t8,(t2,(t1,((t10,t4),(t7,(t6,t9))))))));
Final quartet score is: 1453
Final normalized quartet score is: 0.9870923913043478
You may want to ignore posterior probabilities and other statistics related to the following branch branch because the effective number of genes impacting it is only 3:
	{t6, t9}
Extended species tree:
(t3,((t8,(t2,(t1,((t10,t4)1:3.7765850345330403,(t7,(t6,t9)0.95:0.9808292530117262)1:3.4657359027997248)1:2.4567357728213035)1:0.8938178760220965)1:2.7154303083998337)1:1.5404450409471486,t5));
Weight calculation took 0.181586593 secs
ASTRAL finished in 1.81 secs
