
================== ASTRAL ===================== 

This is ASTRAL version 5.7.8
Gene trees are treated as unrooted
945 trees read from quartet_temp.txt
index0
All output trees will be *arbitrarily* rooted at t10

======== Running the main analysis
Number of taxa: 10 (10 species)
Taxa: [t10, t8, t1, t2, t5, t7, t9, t4, t6, t3]
Taxon occupancy: {t4=376, t5=420, t10=487, t6=476, t7=301, t8=454, t9=477, t1=257, t2=281, t3=251}
Number of gene trees: 945
945 trees have missing taxa
Calculating quartet distance matrix (for completion of X)
Species tree distances calculated ...
Will attempt to complete bipartitions from X before adding using a distance matrix.
Building set of clusters (X) from gene trees 
------------------------------
gradient0: 61
Number of Clusters after addition by distance: 61
calculating extra bipartitions to be added at level 1 ...
Adding to X using resolutions of greedy consensus ...
Limit for sigma of degrees:300
polytomy size limit : 3
discarded polytomies:  []
Threshold 0.0:
Threshold 0.01:
Threshold 0.02:
Threshold 0.05:
Threshold 0.1:
Threshold 0.2:
Threshold 0.3333333333333333:
max k is :0
Number of Clusters after addition by greedy: 61
gradient0 in heuristiic: 61
calculating all possible bipartitions ...
Number of Clusters After Adding All possible clusters: 1023
partitions formed in 0.413 secs
Dynamic Programming starting after 0.413 secs
Using tree-based weight calculation.
Using polytree-based weight calculation.
Polytree max score: 945
Polytree building time: 0.015 seconds.
Number of quartet trees in the gene trees: 945
Size of largest cluster: 10
Greedy score: 915
estimationFactor: 1.0327868852459017
Sub-optimal score: 915
Total Number of elements weighted: 1039
Normalized score (portion of input quartet trees satisfied before correcting for multiple individuals): 0.9682539682539683
Optimization score: 915
Optimal tree inferred in 0.805 secs.
(t8,(t4,((t10,t6),((t1,(t5,t9)),(t7,(t2,t3))))));
Final quartet score is: 915
Final normalized quartet score is: 0.9682539682539683
You may want to ignore posterior probabilities and other statistics related to the following branch branch because the effective number of genes impacting it is only 16:
	{t2, t3}
Extended species tree:
(t10,(t6,(((t1,(t5,t9)1:3.3081069585961425)1:1.3862943611198908,(t7,(t2,t3)1:2.4277482359480516)1:0.8472978603872037)0.99:0.5328045304847661,(t4,t8)1:4.116323468940871)1:2.9177707320842803));
Weight calculation took 0.192731242 secs
ASTRAL finished in 2.563 secs
