
================== ASTRAL ===================== 

This is ASTRAL version 5.7.8
Gene trees are treated as unrooted
3123 trees read from quartet_temp.txt
index0
All output trees will be *arbitrarily* rooted at t10

======== Running the main analysis
Number of taxa: 10 (10 species)
Taxa: [t10, t9, t1, t4, t5, t6, t7, t8, t2, t3]
Taxon occupancy: {t4=1135, t5=1178, t10=1401, t6=1310, t7=1235, t8=913, t9=1400, t1=962, t2=1534, t3=1424}
Number of gene trees: 3123
3123 trees have missing taxa
Calculating quartet distance matrix (for completion of X)
Species tree distances calculated ...
Will attempt to complete bipartitions from X before adding using a distance matrix.
Building set of clusters (X) from gene trees 
------------------------------
gradient0: 43
Number of Clusters after addition by distance: 43
calculating extra bipartitions to be added at level 1 ...
Adding to X using resolutions of greedy consensus ...
Limit for sigma of degrees:300
polytomy size limit : 3
discarded polytomies:  []
Threshold 0.0:
Threshold 0.01:
Threshold 0.02:
Threshold 0.05:
Threshold 0.1:
Threshold 0.2:
Threshold 0.3333333333333333:
max k is :0
Number of Clusters after addition by greedy: 43
gradient0 in heuristiic: 43
calculating all possible bipartitions ...
Number of Clusters After Adding All possible clusters: 1023
partitions formed in 0.875 secs
Dynamic Programming starting after 0.875 secs
Using tree-based weight calculation.
Using polytree-based weight calculation.
Polytree max score: 3123
Polytree building time: 0.046 seconds.
Number of quartet trees in the gene trees: 3123
Size of largest cluster: 10
Greedy score: 3103
estimationFactor: 1.0064453754431195
Sub-optimal score: 3103
Total Number of elements weighted: 957
Normalized score (portion of input quartet trees satisfied before correcting for multiple individuals): 0.9935959013768813
Optimization score: 3103
Optimal tree inferred in 1.375 secs.
(t9,(t10,((t5,(t6,t7)),((t4,t8),(t1,(t2,t3))))));
Final quartet score is: 3103
Final normalized quartet score is: 0.9935959013768813
Extended species tree:
(t10,(((t5,(t6,t7)1:3.721669276936928)1:3.486355190002461,((t4,t8)1:2.0553439901007757,(t1,(t2,t3)1:4.406719247264248)1:3.3711199264248757)1:1.8694684535553712)1:5.135798437050266,t9));
Weight calculation took 0.264738694 secs
ASTRAL finished in 1.767 secs
