
================== ASTRAL ===================== 

This is ASTRAL version 5.7.8
Gene trees are treated as unrooted
2709 trees read from quartet_temp.txt
index0
All output trees will be *arbitrarily* rooted at t4

======== Running the main analysis
Number of taxa: 10 (10 species)
Taxa: [t4, t5, t1, t2, t6, t7, t9, t3, t8, t10]
Taxon occupancy: {t4=952, t5=1173, t6=1103, t10=679, t7=1056, t8=695, t9=1063, t1=1439, t2=1378, t3=1298}
Number of gene trees: 2709
2709 trees have missing taxa
Calculating quartet distance matrix (for completion of X)
Species tree distances calculated ...
Will attempt to complete bipartitions from X before adding using a distance matrix.
Building set of clusters (X) from gene trees 
------------------------------
gradient0: 71
Number of Clusters after addition by distance: 71
calculating extra bipartitions to be added at level 1 ...
Adding to X using resolutions of greedy consensus ...
Limit for sigma of degrees:300
polytomy size limit : 3
discarded polytomies:  []
Threshold 0.0:
Threshold 0.01:
Threshold 0.02:
Threshold 0.05:
Threshold 0.1:
Threshold 0.2:
Threshold 0.3333333333333333:
max k is :0
Number of Clusters after addition by greedy: 71
gradient0 in heuristiic: 71
calculating all possible bipartitions ...
Number of Clusters After Adding All possible clusters: 1023
partitions formed in 0.773 secs
Dynamic Programming starting after 0.773 secs
Using tree-based weight calculation.
Using polytree-based weight calculation.
Polytree max score: 2709
Polytree building time: 0.059 seconds.
Number of quartet trees in the gene trees: 2709
Size of largest cluster: 10
Greedy score: 2657
estimationFactor: 1.0195709446744448
Sub-optimal score: 2657
Total Number of elements weighted: 1140
Normalized score (portion of input quartet trees satisfied before correcting for multiple individuals): 0.9808047249907715
Optimization score: 2657
Optimal tree inferred in 1.188 secs.
(t5,((t9,t10),((t6,t7),(t4,((t3,t8),(t1,t2))))));
Final quartet score is: 2657
Final normalized quartet score is: 0.9808047249907715
Extended species tree:
(t4,(((t3,t8)1:3.068052935133615,(t1,t2)1:3.332204510175203)1:2.7606125311930665,((t6,t7)1:2.1439800628174073,((t9,t10)1:1.4772661393256172,t5)0.98:0.34830669426821587)1:3.9120230054281477));
Weight calculation took 0.208685238 secs
ASTRAL finished in 1.624 secs
