
================== ASTRAL ===================== 

This is ASTRAL version 5.7.8
Gene trees are treated as unrooted
1828 trees read from quartet_temp.txt
index0
All output trees will be *arbitrarily* rooted at t2

======== Running the main analysis
Number of taxa: 10 (10 species)
Taxa: [t2, t3, t1, t5, t4, t6, t7, t8, t10, t9]
Taxon occupancy: {t4=821, t5=725, t6=593, t10=781, t7=641, t8=605, t9=751, t1=1018, t2=861, t3=516}
Number of gene trees: 1828
1828 trees have missing taxa
Calculating quartet distance matrix (for completion of X)
Species tree distances calculated ...
Will attempt to complete bipartitions from X before adding using a distance matrix.
Building set of clusters (X) from gene trees 
------------------------------
gradient0: 73
Number of Clusters after addition by distance: 73
calculating extra bipartitions to be added at level 1 ...
Adding to X using resolutions of greedy consensus ...
Limit for sigma of degrees:300
polytomy size limit : 3
discarded polytomies:  []
Threshold 0.0:
Threshold 0.01:
Threshold 0.02:
Threshold 0.05:
Threshold 0.1:
Threshold 0.2:
Threshold 0.3333333333333333:
max k is :0
Number of Clusters after addition by greedy: 73
gradient0 in heuristiic: 73
calculating all possible bipartitions ...
Number of Clusters After Adding All possible clusters: 1023
partitions formed in 0.597 secs
Dynamic Programming starting after 0.597 secs
Using tree-based weight calculation.
Using polytree-based weight calculation.
Polytree max score: 1828
Polytree building time: 0.032 seconds.
Number of quartet trees in the gene trees: 1828
Size of largest cluster: 10
Greedy score: 1801
estimationFactor: 1.0149916712937257
Sub-optimal score: 1801
Total Number of elements weighted: 804
Normalized score (portion of input quartet trees satisfied before correcting for multiple individuals): 0.9852297592997812
Optimization score: 1801
Optimal tree inferred in 0.946 secs.
(t3,(((t2,t6),(t1,t5)),((t4,t7),(t8,(t10,t9)))));
Final quartet score is: 1801
Final normalized quartet score is: 0.9852297592997812
You may want to ignore posterior probabilities and other statistics related to the following branch branch because the effective number of genes impacting it is only 16:
	{t4, t7}
Extended species tree:
(t2,(t6,((t1,t5)1:3.283414346005771,(((t4,t7)1:1.0414538748281608,(t8,(t10,t9)1:1.9924301646902058)1:2.484906649788)1:3.451749660824988,t3)1:2.730029107820986)1:2.6855773452501523));
Weight calculation took 0.197138517 secs
ASTRAL finished in 1.267 secs
