
================== ASTRAL ===================== 

This is ASTRAL version 5.7.8
Gene trees are treated as unrooted
2082 trees read from quartet_temp.txt
index0
All output trees will be *arbitrarily* rooted at t2

======== Running the main analysis
Number of taxa: 10 (10 species)
Taxa: [t2, t3, t1, t7, t10, t8, t5, t9, t4, t6]
Taxon occupancy: {t4=525, t5=791, t10=938, t6=735, t7=743, t8=851, t9=749, t1=826, t2=957, t3=1213}
Number of gene trees: 2082
2082 trees have missing taxa
Calculating quartet distance matrix (for completion of X)
Species tree distances calculated ...
Will attempt to complete bipartitions from X before adding using a distance matrix.
Building set of clusters (X) from gene trees 
------------------------------
gradient0: 67
Number of Clusters after addition by distance: 67
calculating extra bipartitions to be added at level 1 ...
Adding to X using resolutions of greedy consensus ...
Limit for sigma of degrees:300
polytomy size limit : 3
discarded polytomies:  []
Threshold 0.0:
Threshold 0.01:
Threshold 0.02:
Threshold 0.05:
Threshold 0.1:
Threshold 0.2:
Threshold 0.3333333333333333:
max k is :0
Number of Clusters after addition by greedy: 67
gradient0 in heuristiic: 67
calculating all possible bipartitions ...
Number of Clusters After Adding All possible clusters: 1023
partitions formed in 0.681 secs
Dynamic Programming starting after 0.681 secs
Using tree-based weight calculation.
Using polytree-based weight calculation.
Polytree max score: 2082
Polytree building time: 0.033 seconds.
Number of quartet trees in the gene trees: 2082
Size of largest cluster: 10
Greedy score: 2049
estimationFactor: 1.0161054172767203
Sub-optimal score: 2049
Total Number of elements weighted: 1114
Normalized score (portion of input quartet trees satisfied before correcting for multiple individuals): 0.984149855907781
Optimization score: 2049
Optimal tree inferred in 1.17 secs.
(t3,(t8,(t2,(t4,((t1,t10),(t7,(t5,(t9,t6))))))));
Final quartet score is: 2049
Final normalized quartet score is: 0.984149855907781
You may want to ignore posterior probabilities and other statistics related to the following branch branch because the effective number of genes impacting it is only 8:
	{t9, t6}
Extended species tree:
(t2,((t4,((t1,t10)1:4.238925791033211,(t7,(t5,(t9,t6)0.97:0.6931471805599453)1:2.387742901334353)1:1.6189166563886443)1:3.601868077124306)1:1.0826119473216684,(t8,t3)1:2.9957322735539913));
Weight calculation took 0.324272617 secs
ASTRAL finished in 1.505 secs
