
================== ASTRAL ===================== 

This is ASTRAL version 5.7.8
Gene trees are treated as unrooted
1119 trees read from quartet_temp.txt
index0
All output trees will be *arbitrarily* rooted at t5

======== Running the main analysis
Number of taxa: 10 (10 species)
Taxa: [t5, t6, t1, t7, t10, t3, t4, t2, t9, t8]
Taxon occupancy: {t4=477, t5=541, t6=533, t10=429, t7=454, t8=390, t9=387, t1=385, t2=355, t3=525}
Number of gene trees: 1119
1119 trees have missing taxa
Calculating quartet distance matrix (for completion of X)
Species tree distances calculated ...
Will attempt to complete bipartitions from X before adding using a distance matrix.
Building set of clusters (X) from gene trees 
------------------------------
gradient0: 63
Number of Clusters after addition by distance: 63
calculating extra bipartitions to be added at level 1 ...
Adding to X using resolutions of greedy consensus ...
Limit for sigma of degrees:300
polytomy size limit : 3
discarded polytomies:  []
Threshold 0.0:
Threshold 0.01:
Threshold 0.02:
Threshold 0.05:
Threshold 0.1:
Threshold 0.2:
Threshold 0.3333333333333333:
max k is :0
Number of Clusters after addition by greedy: 63
gradient0 in heuristiic: 63
calculating all possible bipartitions ...
Number of Clusters After Adding All possible clusters: 1023
partitions formed in 0.427 secs
Dynamic Programming starting after 0.427 secs
Using tree-based weight calculation.
Using polytree-based weight calculation.
Polytree max score: 1119
Polytree building time: 0.028 seconds.
Number of quartet trees in the gene trees: 1119
Size of largest cluster: 10
Greedy score: 1088
estimationFactor: 1.0284926470588236
Sub-optimal score: 1088
Total Number of elements weighted: 1209
Normalized score (portion of input quartet trees satisfied before correcting for multiple individuals): 0.9722966934763181
Optimization score: 1088
Optimal tree inferred in 0.78 secs.
(t6,(t5,((t3,t4),((t9,t8),(t1,(t2,(t7,t10)))))));
Final quartet score is: 1088
Final normalized quartet score is: 0.9722966934763181
You may want to ignore posterior probabilities and other statistics related to the following branch branch because the effective number of genes impacting it is only 14:
	{t3, t4}
You may want to ignore posterior probabilities and other statistics related to the following branch branch because the effective number of genes impacting it is only 9:
	{t9, t8}
You may want to ignore posterior probabilities and other statistics related to the following branch branch because the effective number of genes impacting it is only 5:
	{t7, t10}
You may want to ignore posterior probabilities and other statistics related to the following branch branch because the effective number of genes impacting it is only 11:
	{t7, t10, t2}
You may want to ignore posterior probabilities and other statistics related to the following branch branch because the effective number of genes impacting it is only 15:
	{t1, t7, t10, t2}
Extended species tree:
(t5,(((t3,t4)1:1.2039728043259361,((t9,t8)1:1.8971199848858815,(t1,(t2,(t7,t10)0.93:0.6931471805599453)1:0.9808292530117262)0.98:0.5753641449035618)1:3.401197381662154)1:0.616186139423817,t6));
Weight calculation took 0.197297171 secs
ASTRAL finished in 1.038 secs
