
================== ASTRAL ===================== 

This is ASTRAL version 5.7.8
Gene trees are treated as unrooted
1699 trees read from quartet_temp.txt
index0
All output trees will be *arbitrarily* rooted at t4

======== Running the main analysis
Number of taxa: 10 (10 species)
Taxa: [t4, t7, t1, t5, t6, t9, t10, t3, t2, t8]
Taxon occupancy: {t4=701, t5=1047, t6=1042, t10=525, t7=806, t8=473, t9=581, t1=537, t2=561, t3=523}
Number of gene trees: 1699
1699 trees have missing taxa
Calculating quartet distance matrix (for completion of X)
Species tree distances calculated ...
Will attempt to complete bipartitions from X before adding using a distance matrix.
Building set of clusters (X) from gene trees 
------------------------------
gradient0: 73
Number of Clusters after addition by distance: 73
calculating extra bipartitions to be added at level 1 ...
Adding to X using resolutions of greedy consensus ...
Limit for sigma of degrees:300
polytomy size limit : 3
discarded polytomies:  []
Threshold 0.0:
Threshold 0.01:
Threshold 0.02:
Threshold 0.05:
Threshold 0.1:
Threshold 0.2:
Threshold 0.3333333333333333:
max k is :0
Number of Clusters after addition by greedy: 73
gradient0 in heuristiic: 73
calculating all possible bipartitions ...
Number of Clusters After Adding All possible clusters: 1023
partitions formed in 0.597 secs
Dynamic Programming starting after 0.597 secs
Using tree-based weight calculation.
Using polytree-based weight calculation.
Polytree max score: 1699
Polytree building time: 0.053 seconds.
Number of quartet trees in the gene trees: 1699
Size of largest cluster: 10
Greedy score: 1578
estimationFactor: 1.076679340937896
Sub-optimal score: 1631
Total Number of elements weighted: 1327
Normalized score (portion of input quartet trees satisfied before correcting for multiple individuals): 0.9599764567392584
Optimization score: 1631
Optimal tree inferred in 1.163 secs.
(t7,(t4,(t3,((t10,(t5,t6)),((t2,t8),(t1,t9))))));
Final quartet score is: 1631
Final normalized quartet score is: 0.9599764567392584
Extended species tree:
(t4,((t3,((t10,(t5,t6)1:2.575878427993727)1:1.5163474893680884,((t2,t8)1:1.2685113254635072,(t1,t9)1:1.252762968495368)1:0.5365781198684054)1:4.179502370562407)1:3.149882953381249,t7));
Weight calculation took 0.33012214 secs
ASTRAL finished in 1.478 secs
