
================== ASTRAL ===================== 

This is ASTRAL version 5.7.8
Gene trees are treated as unrooted
2639 trees read from quartet_temp.txt
index0
All output trees will be *arbitrarily* rooted at t3

======== Running the main analysis
Number of taxa: 10 (10 species)
Taxa: [t3, t7, t2, t5, t8, t10, t1, t4, t9, t6]
Taxon occupancy: {t4=1032, t5=1258, t10=1040, t6=795, t7=999, t8=951, t9=928, t1=980, t2=1228, t3=1345}
Number of gene trees: 2639
2639 trees have missing taxa
Calculating quartet distance matrix (for completion of X)
Species tree distances calculated ...
Will attempt to complete bipartitions from X before adding using a distance matrix.
Building set of clusters (X) from gene trees 
------------------------------
gradient0: 53
Number of Clusters after addition by distance: 53
calculating extra bipartitions to be added at level 1 ...
Adding to X using resolutions of greedy consensus ...
Limit for sigma of degrees:300
polytomy size limit : 3
discarded polytomies:  []
Threshold 0.0:
Threshold 0.01:
Threshold 0.02:
Threshold 0.05:
Threshold 0.1:
Threshold 0.2:
Threshold 0.3333333333333333:
max k is :0
Number of Clusters after addition by greedy: 53
gradient0 in heuristiic: 53
calculating all possible bipartitions ...
Number of Clusters After Adding All possible clusters: 1023
partitions formed in 0.835 secs
Dynamic Programming starting after 0.835 secs
Using tree-based weight calculation.
Using polytree-based weight calculation.
Polytree max score: 2639
Polytree building time: 0.046 seconds.
Number of quartet trees in the gene trees: 2639
Size of largest cluster: 10
Greedy score: 2630
estimationFactor: 1.0034220532319391
Sub-optimal score: 2630
Total Number of elements weighted: 1066
Normalized score (portion of input quartet trees satisfied before correcting for multiple individuals): 0.9969685486926866
Optimization score: 2631
Optimal tree inferred in 1.254 secs.
(t7,(t8,((t3,t10),(t9,(t1,(t4,(t2,(t5,t6))))))));
Final quartet score is: 2631
Final normalized quartet score is: 0.9969685486926866
You may want to ignore posterior probabilities and other statistics related to the following branch branch because the effective number of genes impacting it is only 6:
	{t2, t5, t6}
You may want to ignore posterior probabilities and other statistics related to the following branch branch because the effective number of genes impacting it is only 2:
	{t2, t5, t1, t4, t9, t6}
Extended species tree:
(t3,(t10,((t9,(t1,(t4,(t2,(t5,t6)1:3.506557897319981)1:1.5404450409471486)1:3.283414346005771)1:5.278114659230516)0.42:0.0,(t8,t7)1:2.590267165445826)1:2.1335087629501115));
Weight calculation took 0.203275439 secs
ASTRAL finished in 1.601 secs
