
================== ASTRAL ===================== 

This is ASTRAL version 5.7.8
Gene trees are treated as unrooted
4720 trees read from quartet_temp.txt
index0
All output trees will be *arbitrarily* rooted at t3

======== Running the main analysis
Number of taxa: 10 (10 species)
Taxa: [t3, t5, t10, t2, t6, t8, t9, t1, t4, t7]
Taxon occupancy: {t4=1055, t5=1529, t10=2237, t6=2014, t7=1975, t8=1970, t9=2103, t1=1732, t2=2154, t3=2111}
Number of gene trees: 4720
4720 trees have missing taxa
Calculating quartet distance matrix (for completion of X)
Species tree distances calculated ...
Will attempt to complete bipartitions from X before adding using a distance matrix.
Building set of clusters (X) from gene trees 
------------------------------
gradient0: 83
Number of Clusters after addition by distance: 83
calculating extra bipartitions to be added at level 1 ...
Adding to X using resolutions of greedy consensus ...
Limit for sigma of degrees:300
polytomy size limit : 3
discarded polytomies:  []
Threshold 0.0:
Threshold 0.01:
Threshold 0.02:
Threshold 0.05:
Threshold 0.1:
Threshold 0.2:
Threshold 0.3333333333333333:
max k is :0
Number of Clusters after addition by greedy: 83
gradient0 in heuristiic: 83
calculating all possible bipartitions ...
Number of Clusters After Adding All possible clusters: 1023
partitions formed in 1.462 secs
Dynamic Programming starting after 1.463 secs
Using tree-based weight calculation.
Using polytree-based weight calculation.
Polytree max score: 4720
Polytree building time: 0.078 seconds.
Number of quartet trees in the gene trees: 4720
Size of largest cluster: 10
Greedy score: 4606
estimationFactor: 1.0247503256621797
Sub-optimal score: 4606
Total Number of elements weighted: 1000
Normalized score (portion of input quartet trees satisfied before correcting for multiple individuals): 0.9758474576271187
Optimization score: 4606
Optimal tree inferred in 1.995 secs.
(t5,(t4,((t1,(t8,(t3,t9))),((t6,t7),(t10,t2)))));
Final quartet score is: 4606
Final normalized quartet score is: 0.9758474576271187
Extended species tree:
(t3,(t9,(t8,(t1,(((t6,t7)1:2.261763098473791,(t10,t2)1:4.327805080507243)1:0.8019500404087443,(t4,t5)1:2.4750543533449885)1:3.201584327758138)1:0.6061358035703156)1:2.178532444324067));
Weight calculation took 0.278352622 secs
ASTRAL finished in 2.432 secs
