
================== ASTRAL ===================== 

This is ASTRAL version 5.7.8
Gene trees are treated as unrooted
1089 trees read from quartet_temp.txt
index0
All output trees will be *arbitrarily* rooted at t3

======== Running the main analysis
Number of taxa: 10 (10 species)
Taxa: [t3, t4, t1, t5, t9, t10, t2, t8, t6, t7]
Taxon occupancy: {t4=384, t5=453, t10=471, t6=467, t7=402, t8=348, t9=436, t1=325, t2=532, t3=538}
Number of gene trees: 1089
1089 trees have missing taxa
Calculating quartet distance matrix (for completion of X)
Species tree distances calculated ...
Will attempt to complete bipartitions from X before adding using a distance matrix.
Building set of clusters (X) from gene trees 
------------------------------
gradient0: 69
Number of Clusters after addition by distance: 69
calculating extra bipartitions to be added at level 1 ...
Adding to X using resolutions of greedy consensus ...
Limit for sigma of degrees:300
polytomy size limit : 3
discarded polytomies:  []
Threshold 0.0:
Threshold 0.01:
Threshold 0.02:
Threshold 0.05:
Threshold 0.1:
Threshold 0.2:
Threshold 0.3333333333333333:
max k is :0
Number of Clusters after addition by greedy: 69
gradient0 in heuristiic: 69
calculating all possible bipartitions ...
Number of Clusters After Adding All possible clusters: 1023
partitions formed in 0.429 secs
Dynamic Programming starting after 0.429 secs
Using tree-based weight calculation.
Using polytree-based weight calculation.
Polytree max score: 1089
Polytree building time: 0.016 seconds.
Number of quartet trees in the gene trees: 1089
Size of largest cluster: 10
Greedy score: 1029
estimationFactor: 1.0583090379008746
Sub-optimal score: 1029
Total Number of elements weighted: 1181
Normalized score (portion of input quartet trees satisfied before correcting for multiple individuals): 0.9504132231404959
Optimization score: 1035
Optimal tree inferred in 0.831 secs.
(t4,((t3,t2),((t5,t7),((t10,t6),(t8,(t1,t9))))));
Final quartet score is: 1035
Final normalized quartet score is: 0.9504132231404959
You may want to ignore posterior probabilities and other statistics related to the following branch branch because the effective number of genes impacting it is only 10:
	{t4, t1, t5, t9, t10, t8, t6, t7}
Extended species tree:
(t3,(t2,(((t5,t7)1:2.2046046846338423,((t10,t6)1:3.7534179752515073,(t8,(t1,t9)1:2.2335922215070947)1:2.9957322735539913)1:1.487099060241856)1:0.9808292530117262,t4)0.99:0.8938178760220965));
Weight calculation took 0.215491238 secs
ASTRAL finished in 1.097 secs
