
================== ASTRAL ===================== 

This is ASTRAL version 5.7.8
Gene trees are treated as unrooted
1756 trees read from quartet_temp.txt
index0
All output trees will be *arbitrarily* rooted at t3

======== Running the main analysis
Number of taxa: 10 (10 species)
Taxa: [t3, t4, t1, t6, t10, t7, t8, t5, t9, t2]
Taxon occupancy: {t4=682, t5=754, t6=1007, t10=996, t7=664, t8=574, t9=541, t1=505, t2=609, t3=692}
Number of gene trees: 1756
1756 trees have missing taxa
Calculating quartet distance matrix (for completion of X)
Species tree distances calculated ...
Will attempt to complete bipartitions from X before adding using a distance matrix.
Building set of clusters (X) from gene trees 
------------------------------
gradient0: 43
Number of Clusters after addition by distance: 43
calculating extra bipartitions to be added at level 1 ...
Adding to X using resolutions of greedy consensus ...
Limit for sigma of degrees:300
polytomy size limit : 3
discarded polytomies:  []
Threshold 0.0:
Threshold 0.01:
Threshold 0.02:
Threshold 0.05:
Threshold 0.1:
Threshold 0.2:
Threshold 0.3333333333333333:
max k is :0
Number of Clusters after addition by greedy: 43
gradient0 in heuristiic: 43
calculating all possible bipartitions ...
Number of Clusters After Adding All possible clusters: 1023
partitions formed in 0.579 secs
Dynamic Programming starting after 0.58 secs
Using tree-based weight calculation.
Using polytree-based weight calculation.
Polytree max score: 1756
Polytree building time: 0.03 seconds.
Number of quartet trees in the gene trees: 1756
Size of largest cluster: 10
Greedy score: 1748
estimationFactor: 1.0045766590389016
Sub-optimal score: 1748
Total Number of elements weighted: 1012
Normalized score (portion of input quartet trees satisfied before correcting for multiple individuals): 0.9954441913439636
Optimization score: 1748
Optimal tree inferred in 0.939 secs.
(t4,(t3,(t5,((t1,(t6,t10)),((t8,t9),(t7,t2))))));
Final quartet score is: 1748
Final normalized quartet score is: 0.9954441913439636
You may want to ignore posterior probabilities and other statistics related to the following branch branch because the effective number of genes impacting it is only 18:
	{t8, t9}
You may want to ignore posterior probabilities and other statistics related to the following branch branch because the effective number of genes impacting it is only 13:
	{t1, t6, t10, t7, t8, t9, t2}
Extended species tree:
(t3,((t5,((t1,(t6,t10)1:2.92673940206704)1:4.631487494305473,((t8,t9)0.96:0.4595323293784402,(t7,t2)1:3.444682493601893)1:3.721669276936928)1:2.2335922215070947)1:2.4567357728213035,t4));
Weight calculation took 0.177980849 secs
ASTRAL finished in 1.262 secs
