
================== ASTRAL ===================== 

This is ASTRAL version 5.7.8
Gene trees are treated as unrooted
1292 trees read from quartet_temp.txt
index0
All output trees will be *arbitrarily* rooted at t10

======== Running the main analysis
Number of taxa: 10 (10 species)
Taxa: [t10, t6, t2, t3, t8, t9, t4, t1, t5, t7]
Taxon occupancy: {t4=434, t5=542, t10=641, t6=681, t7=450, t8=364, t9=394, t1=348, t2=654, t3=660}
Number of gene trees: 1292
1292 trees have missing taxa
Calculating quartet distance matrix (for completion of X)
Species tree distances calculated ...
Will attempt to complete bipartitions from X before adding using a distance matrix.
Building set of clusters (X) from gene trees 
------------------------------
gradient0: 83
Number of Clusters after addition by distance: 83
calculating extra bipartitions to be added at level 1 ...
Adding to X using resolutions of greedy consensus ...
Limit for sigma of degrees:300
polytomy size limit : 3
discarded polytomies:  []
Threshold 0.0:
Threshold 0.01:
Threshold 0.02:
Threshold 0.05:
Threshold 0.1:
Threshold 0.2:
Threshold 0.3333333333333333:
max k is :0
Number of Clusters after addition by greedy: 83
gradient0 in heuristiic: 83
calculating all possible bipartitions ...
Number of Clusters After Adding All possible clusters: 1023
partitions formed in 0.502 secs
Dynamic Programming starting after 0.502 secs
Using tree-based weight calculation.
Using polytree-based weight calculation.
Polytree max score: 1292
Polytree building time: 0.029 seconds.
Number of quartet trees in the gene trees: 1292
Size of largest cluster: 10
Greedy score: 1174
estimationFactor: 1.100511073253833
Sub-optimal score: 1204
Total Number of elements weighted: 1827
Normalized score (portion of input quartet trees satisfied before correcting for multiple individuals): 0.9318885448916409
Optimization score: 1204
Optimal tree inferred in 1.05 secs.
(t6,(t10,((t8,(t9,t1)),((t5,t7),(t4,(t2,t3))))));
Final quartet score is: 1204
Final normalized quartet score is: 0.9318885448916409
You may want to ignore posterior probabilities and other statistics related to the following branch branch because the effective number of genes impacting it is only 7:
	{t9, t1}
You may want to ignore posterior probabilities and other statistics related to the following branch branch because the effective number of genes impacting it is only 18:
	{t2, t3}
Extended species tree:
(t10,(((t8,(t9,t1)1:1.6739764335716716)1:1.6486586255873819,((t5,t7)1:1.047968555849355,(t4,(t2,t3)1:1.440361582390166)1:1.440361582390166)1:1.0517809889840104)1:2.772588722239782,t6));
Weight calculation took 0.400216116 secs
ASTRAL finished in 1.329 secs
