
================== ASTRAL ===================== 

This is ASTRAL version 5.7.8
Gene trees are treated as unrooted
2477 trees read from quartet_temp.txt
index0
All output trees will be *arbitrarily* rooted at t10

======== Running the main analysis
Number of taxa: 10 (10 species)
Taxa: [t10, t6, t1, t4, t8, t5, t7, t9, t2, t3]
Taxon occupancy: {t4=874, t5=1230, t10=1324, t6=1293, t7=1007, t8=515, t9=943, t1=985, t2=853, t3=884}
Number of gene trees: 2477
2477 trees have missing taxa
Calculating quartet distance matrix (for completion of X)
Species tree distances calculated ...
Will attempt to complete bipartitions from X before adding using a distance matrix.
Building set of clusters (X) from gene trees 
------------------------------
gradient0: 63
Number of Clusters after addition by distance: 63
calculating extra bipartitions to be added at level 1 ...
Adding to X using resolutions of greedy consensus ...
Limit for sigma of degrees:300
polytomy size limit : 3
discarded polytomies:  []
Threshold 0.0:
Threshold 0.01:
Threshold 0.02:
Threshold 0.05:
Threshold 0.1:
Threshold 0.2:
Threshold 0.3333333333333333:
max k is :0
Number of Clusters after addition by greedy: 63
gradient0 in heuristiic: 63
calculating all possible bipartitions ...
Number of Clusters After Adding All possible clusters: 1023
partitions formed in 0.739 secs
Dynamic Programming starting after 0.74 secs
Using tree-based weight calculation.
Using polytree-based weight calculation.
Polytree max score: 2477
Polytree building time: 0.045 seconds.
Number of quartet trees in the gene trees: 2477
Size of largest cluster: 10
Greedy score: 2437
estimationFactor: 1.016413623307345
Sub-optimal score: 2445
Total Number of elements weighted: 1081
Normalized score (portion of input quartet trees satisfied before correcting for multiple individuals): 0.9870811465482439
Optimization score: 2445
Optimal tree inferred in 1.201 secs.
(t6,(t10,(t8,(t1,((t2,t3),(t4,(t7,(t5,t9))))))));
Final quartet score is: 2445
Final normalized quartet score is: 0.9870811465482439
You may want to ignore posterior probabilities and other statistics related to the following branch branch because the effective number of genes impacting it is only 16:
	{t2, t3}
Extended species tree:
(t10,((t8,(t1,((t2,t3)0.99:0.6359887667199969,(t4,(t7,(t5,t9)1:1.5404450409471486)1:1.0826119473216684)1:3.494485316085714)1:1.6739764335716716)1:3.8712010109078947)1:3.2321210516182224,t6));
Weight calculation took 0.211360015 secs
ASTRAL finished in 1.546 secs
