
================== ASTRAL ===================== 

This is ASTRAL version 5.7.8
Gene trees are treated as unrooted
2763 trees read from quartet_temp.txt
index0
All output trees will be *arbitrarily* rooted at t6

======== Running the main analysis
Number of taxa: 10 (10 species)
Taxa: [t6, t7, t2, t4, t8, t10, t9, t1, t5, t3]
Taxon occupancy: {t4=1398, t5=1219, t6=1084, t10=1058, t7=908, t8=897, t9=1150, t1=879, t2=1266, t3=1193}
Number of gene trees: 2763
2763 trees have missing taxa
Calculating quartet distance matrix (for completion of X)
Species tree distances calculated ...
Will attempt to complete bipartitions from X before adding using a distance matrix.
Building set of clusters (X) from gene trees 
------------------------------
gradient0: 63
Number of Clusters after addition by distance: 63
calculating extra bipartitions to be added at level 1 ...
Adding to X using resolutions of greedy consensus ...
Limit for sigma of degrees:300
polytomy size limit : 3
discarded polytomies:  []
Threshold 0.0:
Threshold 0.01:
Threshold 0.02:
Threshold 0.05:
Threshold 0.1:
Threshold 0.2:
Threshold 0.3333333333333333:
max k is :0
Number of Clusters after addition by greedy: 63
gradient0 in heuristiic: 63
calculating all possible bipartitions ...
Number of Clusters After Adding All possible clusters: 1023
partitions formed in 0.895 secs
Dynamic Programming starting after 0.895 secs
Using tree-based weight calculation.
Using polytree-based weight calculation.
Polytree max score: 2763
Polytree building time: 0.062 seconds.
Number of quartet trees in the gene trees: 2763
Size of largest cluster: 10
Greedy score: 2721
estimationFactor: 1.0154355016538037
Sub-optimal score: 2721
Total Number of elements weighted: 1186
Normalized score (portion of input quartet trees satisfied before correcting for multiple individuals): 0.9847991313789359
Optimization score: 2721
Optimal tree inferred in 1.424 secs.
(t7,(t6,(t8,((t10,t9),(t1,((t2,t3),(t4,t5)))))));
Final quartet score is: 2721
Final normalized quartet score is: 0.9847991313789359
You may want to ignore posterior probabilities and other statistics related to the following branch branch because the effective number of genes impacting it is only 15:
	{t2, t4, t8, t10, t9, t1, t5, t3}
Extended species tree:
(t6,((t8,((t10,t9)1:0.9808292530117262,(t1,((t2,t3)1:1.0549372251654483,(t4,t5)1:3.574216545793796)1:4.060443010546421)1:3.99718081376845)1:1.4028236630711015)1:1.2685113254635072,t7));
Weight calculation took 0.264812 secs
ASTRAL finished in 1.776 secs
