
================== ASTRAL ===================== 

This is ASTRAL version 5.7.8
Gene trees are treated as unrooted
1073 trees read from quartet_temp.txt
index0
All output trees will be *arbitrarily* rooted at t10

======== Running the main analysis
Number of taxa: 10 (10 species)
Taxa: [t10, t8, t2, t3, t4, t5, t6, t7, t9, t1]
Taxon occupancy: {t4=436, t5=389, t10=520, t6=552, t7=411, t8=423, t9=427, t1=374, t2=386, t3=374}
Number of gene trees: 1073
1073 trees have missing taxa
Calculating quartet distance matrix (for completion of X)
Species tree distances calculated ...
Will attempt to complete bipartitions from X before adding using a distance matrix.
Building set of clusters (X) from gene trees 
------------------------------
gradient0: 103
Number of Clusters after addition by distance: 103
calculating extra bipartitions to be added at level 1 ...
Adding to X using resolutions of greedy consensus ...
Limit for sigma of degrees:300
polytomy size limit : 3
discarded polytomies:  []
Threshold 0.0:
Threshold 0.01:
Threshold 0.02:
Threshold 0.05:
Threshold 0.1:
Threshold 0.2:
Threshold 0.3333333333333333:
max k is :0
Number of Clusters after addition by greedy: 103
gradient0 in heuristiic: 103
calculating all possible bipartitions ...
Number of Clusters After Adding All possible clusters: 1023
partitions formed in 0.467 secs
Dynamic Programming starting after 0.467 secs
Using tree-based weight calculation.
Using polytree-based weight calculation.
Polytree max score: 1073
Polytree building time: 0.016 seconds.
Number of quartet trees in the gene trees: 1073
Size of largest cluster: 10
Greedy score: 954
estimationFactor: 1.1247379454926625
Sub-optimal score: 954
Total Number of elements weighted: 3136
Normalized score (portion of input quartet trees satisfied before correcting for multiple individuals): 0.8890959925442684
Optimization score: 954
Optimal tree inferred in 1.217 secs.
(t8,(t1,(t3,((t2,t9),((t10,t4),(t7,(t5,t6)))))));
Final quartet score is: 954
Final normalized quartet score is: 0.8890959925442684
You may want to ignore posterior probabilities and other statistics related to the following branch branch because the effective number of genes impacting it is only 7:
	{t8, t1}
Extended species tree:
(t10,(t4,((t7,(t5,t6)1:2.0512706647131393)1:1.4772661393256172,((t2,t9)1:1.445134861142824,(t3,(t1,t8)0.43:0.06453852113757118)1:0.941608539858445)1:0.6733445532637656)1:2.72129542785223));
Weight calculation took 0.549920157 secs
ASTRAL finished in 1.467 secs
