
================== ASTRAL ===================== 

This is ASTRAL version 5.7.8
Gene trees are treated as unrooted
2054 trees read from quartet_temp.txt
index0
All output trees will be *arbitrarily* rooted at t7

======== Running the main analysis
Number of taxa: 10 (10 species)
Taxa: [t7, t8, t1, t2, t3, t4, t5, t6, t10, t9]
Taxon occupancy: {t4=779, t5=810, t6=720, t10=894, t7=894, t8=893, t9=596, t1=769, t2=960, t3=901}
Number of gene trees: 2054
2054 trees have missing taxa
Calculating quartet distance matrix (for completion of X)
Species tree distances calculated ...
Will attempt to complete bipartitions from X before adding using a distance matrix.
Building set of clusters (X) from gene trees 
------------------------------
gradient0: 67
Number of Clusters after addition by distance: 67
calculating extra bipartitions to be added at level 1 ...
Adding to X using resolutions of greedy consensus ...
Limit for sigma of degrees:300
polytomy size limit : 3
discarded polytomies:  []
Threshold 0.0:
Threshold 0.01:
Threshold 0.02:
Threshold 0.05:
Threshold 0.1:
Threshold 0.2:
Threshold 0.3333333333333333:
max k is :0
Number of Clusters after addition by greedy: 67
gradient0 in heuristiic: 67
calculating all possible bipartitions ...
Number of Clusters After Adding All possible clusters: 1023
partitions formed in 0.654 secs
Dynamic Programming starting after 0.654 secs
Using tree-based weight calculation.
Using polytree-based weight calculation.
Polytree max score: 2054
Polytree building time: 0.03 seconds.
Number of quartet trees in the gene trees: 2054
Size of largest cluster: 10
Greedy score: 1997
estimationFactor: 1.028542814221332
Sub-optimal score: 2001
Total Number of elements weighted: 1242
Normalized score (portion of input quartet trees satisfied before correcting for multiple individuals): 0.9741966893865628
Optimization score: 2001
Optimal tree inferred in 1.103 secs.
(t8,(t10,(t7,(t5,((t6,t9),((t1,t4),(t2,t3)))))));
Final quartet score is: 2001
Final normalized quartet score is: 0.9741966893865628
Extended species tree:
(t7,((t5,((t6,t9)0.75:0.17435338714477766,((t1,t4)1:0.6306268235786113,(t2,t3)1:2.7006152226146916)1:2.054123733695546)1:3.1780538303479453)1:4.048882188145342,(t10,t8)1:1.3437347467010947));
Weight calculation took 0.235686758 secs
ASTRAL finished in 1.419 secs
