
================== ASTRAL ===================== 

This is ASTRAL version 5.7.8
Gene trees are treated as unrooted
1038 trees read from quartet_temp.txt
index0
All output trees will be *arbitrarily* rooted at t4

======== Running the main analysis
Number of taxa: 10 (10 species)
Taxa: [t4, t8, t2, t3, t7, t10, t6, t1, t9, t5]
Taxon occupancy: {t4=430, t5=406, t10=536, t6=507, t7=324, t8=510, t9=422, t1=307, t2=354, t3=356}
Number of gene trees: 1038
1038 trees have missing taxa
Calculating quartet distance matrix (for completion of X)
Species tree distances calculated ...
Will attempt to complete bipartitions from X before adding using a distance matrix.
Building set of clusters (X) from gene trees 
------------------------------
gradient0: 85
Number of Clusters after addition by distance: 85
calculating extra bipartitions to be added at level 1 ...
Adding to X using resolutions of greedy consensus ...
Limit for sigma of degrees:300
polytomy size limit : 3
discarded polytomies:  []
Threshold 0.0:
Threshold 0.01:
Threshold 0.02:
Threshold 0.05:
Threshold 0.1:
Threshold 0.2:
Threshold 0.3333333333333333:
max k is :0
Number of Clusters after addition by greedy: 85
gradient0 in heuristiic: 85
calculating all possible bipartitions ...
Number of Clusters After Adding All possible clusters: 1023
partitions formed in 0.422 secs
Dynamic Programming starting after 0.422 secs
Using tree-based weight calculation.
Using polytree-based weight calculation.
Polytree max score: 1038
Polytree building time: 0.031 seconds.
Number of quartet trees in the gene trees: 1038
Size of largest cluster: 10
Greedy score: 972
estimationFactor: 1.0679012345679013
Sub-optimal score: 981
Total Number of elements weighted: 1190
Normalized score (portion of input quartet trees satisfied before correcting for multiple individuals): 0.9489402697495183
Optimization score: 985
Optimal tree inferred in 0.759 secs.
(t8,(t4,((t7,(t2,t3)),((t10,t6),(t1,(t9,t5))))));
Final quartet score is: 985
Final normalized quartet score is: 0.9489402697495183
You may want to ignore posterior probabilities and other statistics related to the following branch branch because the effective number of genes impacting it is only 18:
	{t1, t9, t5}
Extended species tree:
(t4,(((t7,(t2,t3)1:2.6855773452501523)1:1.8281271133989303,((t10,t6)1:3.23867845216438,(t1,(t9,t5)1:2.0368819272610392)0.64:0.14107859825990549)1:0.9808292530117262)1:2.549445170925571,t8));
Weight calculation took 0.189248068 secs
ASTRAL finished in 1.018 secs
