
================== ASTRAL ===================== 

This is ASTRAL version 5.7.8
Gene trees are treated as unrooted
2625 trees read from quartet_temp.txt
index0
All output trees will be *arbitrarily* rooted at t3

======== Running the main analysis
Number of taxa: 10 (10 species)
Taxa: [t3, t9, t2, t4, t6, t7, t10, t5, t1, t8]
Taxon occupancy: {t4=894, t5=819, t6=737, t10=1391, t7=1132, t8=1080, t9=1127, t1=1044, t2=911, t3=1365}
Number of gene trees: 2625
2625 trees have missing taxa
Calculating quartet distance matrix (for completion of X)
Species tree distances calculated ...
Will attempt to complete bipartitions from X before adding using a distance matrix.
Building set of clusters (X) from gene trees 
------------------------------
gradient0: 63
Number of Clusters after addition by distance: 63
calculating extra bipartitions to be added at level 1 ...
Adding to X using resolutions of greedy consensus ...
Limit for sigma of degrees:300
polytomy size limit : 3
discarded polytomies:  []
Threshold 0.0:
Threshold 0.01:
Threshold 0.02:
Threshold 0.05:
Threshold 0.1:
Threshold 0.2:
Threshold 0.3333333333333333:
max k is :0
Number of Clusters after addition by greedy: 63
gradient0 in heuristiic: 63
calculating all possible bipartitions ...
Number of Clusters After Adding All possible clusters: 1023
partitions formed in 0.813 secs
Dynamic Programming starting after 0.813 secs
Using tree-based weight calculation.
Using polytree-based weight calculation.
Polytree max score: 2625
Polytree building time: 0.046 seconds.
Number of quartet trees in the gene trees: 2625
Size of largest cluster: 10
Greedy score: 2591
estimationFactor: 1.0131223465843304
Sub-optimal score: 2591
Total Number of elements weighted: 1066
Normalized score (portion of input quartet trees satisfied before correcting for multiple individuals): 0.9870476190476191
Optimization score: 2591
Optimal tree inferred in 1.277 secs.
(t9,(t10,(t3,(t1,(t2,((t7,t8),(t4,(t6,t5))))))));
Final quartet score is: 2591
Final normalized quartet score is: 0.9870476190476191
You may want to ignore posterior probabilities and other statistics related to the following branch branch because the effective number of genes impacting it is only 17:
	{t6, t5}
Extended species tree:
(t3,((t1,(t2,((t7,t8)1:4.6821312271242155,(t4,(t6,t5)0.98:0.5389965007326871)1:1.8632184332102002)0.57:0.08408311721054132)1:5.099866427824207)1:2.7408400239252018,(t10,t9)1:3.7534179752515073));
Weight calculation took 0.213249846 secs
ASTRAL finished in 3.193 secs
