
================== ASTRAL ===================== 

This is ASTRAL version 5.7.8
Gene trees are treated as unrooted
4000 trees read from quartet_temp.txt
index0
All output trees will be *arbitrarily* rooted at t4

======== Running the main analysis
Number of taxa: 10 (10 species)
Taxa: [t4, t5, t1, t2, t6, t7, t9, t10, t3, t8]
Taxon occupancy: {t4=1641, t5=1366, t6=1351, t10=1562, t7=1271, t8=1376, t9=1611, t1=2321, t2=2326, t3=1175}
Number of gene trees: 4000
4000 trees have missing taxa
Calculating quartet distance matrix (for completion of X)
Species tree distances calculated ...
Will attempt to complete bipartitions from X before adding using a distance matrix.
Building set of clusters (X) from gene trees 
------------------------------
gradient0: 93
Number of Clusters after addition by distance: 93
calculating extra bipartitions to be added at level 1 ...
Adding to X using resolutions of greedy consensus ...
Limit for sigma of degrees:300
polytomy size limit : 3
discarded polytomies:  []
Threshold 0.0:
Threshold 0.01:
Threshold 0.02:
Threshold 0.05:
Threshold 0.1:
Threshold 0.2:
Threshold 0.3333333333333333:
max k is :0
Number of Clusters after addition by greedy: 93
gradient0 in heuristiic: 93
calculating all possible bipartitions ...
Number of Clusters After Adding All possible clusters: 1023
partitions formed in 1.297 secs
Dynamic Programming starting after 1.297 secs
Using tree-based weight calculation.
Using polytree-based weight calculation.
Polytree max score: 4000
Polytree building time: 0.069 seconds.
Number of quartet trees in the gene trees: 4000
Size of largest cluster: 10
Greedy score: 3842
estimationFactor: 1.041124414367517
Sub-optimal score: 3842
Total Number of elements weighted: 967
Normalized score (portion of input quartet trees satisfied before correcting for multiple individuals): 0.9605
Optimization score: 3842
Optimal tree inferred in 1.873 secs.
(t5,(t4,((t10,(t6,t9)),((t7,t8),(t3,(t1,t2))))));
Final quartet score is: 3842
Final normalized quartet score is: 0.9605
Extended species tree:
(t4,(((t10,(t6,t9)1:0.4595323293784402)1:1.4626673399044645,((t7,t8)1:3.9120230054281477,(t3,(t1,t2)1:5.099866427824207)1:2.302585092994046)1:2.444901315174302)1:0.2876820724517809,t5));
Weight calculation took 0.299160956 secs
ASTRAL finished in 2.823 secs
