
================== ASTRAL ===================== 

This is ASTRAL version 5.7.8
Gene trees are treated as unrooted
2825 trees read from quartet_temp.txt
index0
All output trees will be *arbitrarily* rooted at t5

======== Running the main analysis
Number of taxa: 10 (10 species)
Taxa: [t5, t7, t1, t2, t4, t6, t8, t9, t10, t3]
Taxon occupancy: {t4=1228, t5=583, t6=1352, t10=1663, t7=1284, t8=1315, t9=1601, t1=637, t2=907, t3=730}
Number of gene trees: 2825
2825 trees have missing taxa
Calculating quartet distance matrix (for completion of X)
Species tree distances calculated ...
Will attempt to complete bipartitions from X before adding using a distance matrix.
Building set of clusters (X) from gene trees 
------------------------------
gradient0: 51
Number of Clusters after addition by distance: 51
calculating extra bipartitions to be added at level 1 ...
Adding to X using resolutions of greedy consensus ...
Limit for sigma of degrees:300
polytomy size limit : 3
discarded polytomies:  []
Threshold 0.0:
Threshold 0.01:
Threshold 0.02:
Threshold 0.05:
Threshold 0.1:
Threshold 0.2:
Threshold 0.3333333333333333:
max k is :0
Number of Clusters after addition by greedy: 51
gradient0 in heuristiic: 51
calculating all possible bipartitions ...
Number of Clusters After Adding All possible clusters: 1023
partitions formed in 0.889 secs
Dynamic Programming starting after 0.89 secs
Using tree-based weight calculation.
Using polytree-based weight calculation.
Polytree max score: 2825
Polytree building time: 0.061 seconds.
Number of quartet trees in the gene trees: 2825
Size of largest cluster: 10
Greedy score: 2821
estimationFactor: 1.001417936901808
Sub-optimal score: 2821
Total Number of elements weighted: 904
Normalized score (portion of input quartet trees satisfied before correcting for multiple individuals): 0.9985840707964602
Optimization score: 2821
Optimal tree inferred in 1.335 secs.
(t7,((t9,t10),(t3,(t5,(t1,(t6,(t2,(t4,t8))))))));
Final quartet score is: 2821
Final normalized quartet score is: 0.9985840707964602
You may want to ignore posterior probabilities and other statistics related to the following branch branch because the effective number of genes impacting it is only 17:
	{t2, t4, t8}
You may want to ignore posterior probabilities and other statistics related to the following branch branch because the effective number of genes impacting it is only 18:
	{t7, t9, t10}
Extended species tree:
(t5,((t1,(t6,(t2,(t4,t8)1:3.5457786104732607)1:2.484906649788)1:2.2335922215070947)1:3.149882953381249,(t3,((t9,t10)1:4.071871706370043,t7)1:1.440361582390166)1:3.4231762883809314));
Weight calculation took 0.207917974 secs
ASTRAL finished in 2.909 secs
