
================== ASTRAL ===================== 

This is ASTRAL version 5.7.8
Gene trees are treated as unrooted
1220 trees read from quartet_temp.txt
index0
All output trees will be *arbitrarily* rooted at t3

======== Running the main analysis
Number of taxa: 10 (10 species)
Taxa: [t3, t9, t1, t2, t5, t6, t7, t4, t8, t10]
Taxon occupancy: {t4=613, t5=592, t6=457, t10=402, t7=504, t8=653, t9=413, t1=409, t2=449, t3=388}
Number of gene trees: 1220
1220 trees have missing taxa
Calculating quartet distance matrix (for completion of X)
Species tree distances calculated ...
Will attempt to complete bipartitions from X before adding using a distance matrix.
Building set of clusters (X) from gene trees 
------------------------------
gradient0: 101
Number of Clusters after addition by distance: 101
calculating extra bipartitions to be added at level 1 ...
Adding to X using resolutions of greedy consensus ...
Limit for sigma of degrees:300
polytomy size limit : 3
discarded polytomies:  [3]
Threshold 0.0:
Threshold 0.01:
Threshold 0.02:
Threshold 0.05:
Threshold 0.1:
Threshold 0.2:
Threshold 0.3333333333333333:
polytomy of size 3; rounds with additions with at least 5 support: 0; clusters: 101
max k is :0
Number of Clusters after addition by greedy: 101
gradient0 in heuristiic: 101
calculating all possible bipartitions ...
Number of Clusters After Adding All possible clusters: 1023
partitions formed in 0.667 secs
Dynamic Programming starting after 0.667 secs
Using tree-based weight calculation.
Using polytree-based weight calculation.
Polytree max score: 1220
Polytree building time: 0.029 seconds.
Number of quartet trees in the gene trees: 1220
Size of largest cluster: 10
Greedy score: 1094
estimationFactor: 1.1151736745886653
Sub-optimal score: 1094
Total Number of elements weighted: 3778
Normalized score (portion of input quartet trees satisfied before correcting for multiple individuals): 0.9065573770491804
Optimization score: 1106
Optimal tree inferred in 1.259 secs.
(t9,(t3,((t10,(t4,t8)),(t6,((t1,t7),(t2,t5))))));
Final quartet score is: 1106
Final normalized quartet score is: 0.9065573770491804
Extended species tree:
(t3,(((t10,(t4,t8)1:4.060443010546421)1:0.5930637220029626,(t6,((t1,t7)1:3.98898404656427,(t2,t5)1:1.0055218656020977)1:0.6931471805599453)1:0.4940185054496094)1:3.2580965380214812,t9));
Weight calculation took 0.342848027 secs
ASTRAL finished in 3.0 secs
