
================== ASTRAL ===================== 

This is ASTRAL version 5.7.8
Gene trees are treated as unrooted
2756 trees read from quartet_temp.txt
index0
All output trees will be *arbitrarily* rooted at t2

======== Running the main analysis
Number of taxa: 10 (10 species)
Taxa: [t2, t4, t1, t3, t6, t9, t5, t7, t8, t10]
Taxon occupancy: {t4=928, t5=800, t6=828, t10=1433, t7=1122, t8=1099, t9=1137, t1=1123, t2=1072, t3=1482}
Number of gene trees: 2756
2756 trees have missing taxa
Calculating quartet distance matrix (for completion of X)
Species tree distances calculated ...
Will attempt to complete bipartitions from X before adding using a distance matrix.
Building set of clusters (X) from gene trees 
------------------------------
gradient0: 103
Number of Clusters after addition by distance: 103
calculating extra bipartitions to be added at level 1 ...
Adding to X using resolutions of greedy consensus ...
Limit for sigma of degrees:300
polytomy size limit : 3
discarded polytomies:  []
Threshold 0.0:
Threshold 0.01:
Threshold 0.02:
Threshold 0.05:
Threshold 0.1:
Threshold 0.2:
Threshold 0.3333333333333333:
max k is :0
Number of Clusters after addition by greedy: 103
gradient0 in heuristiic: 103
calculating all possible bipartitions ...
Number of Clusters After Adding All possible clusters: 1023
partitions formed in 0.811 secs
Dynamic Programming starting after 0.811 secs
Using tree-based weight calculation.
Using polytree-based weight calculation.
Polytree max score: 2756
Polytree building time: 0.048 seconds.
Number of quartet trees in the gene trees: 2756
Size of largest cluster: 10
Greedy score: 2674
estimationFactor: 1.030665669409125
Sub-optimal score: 2674
Total Number of elements weighted: 1741
Normalized score (portion of input quartet trees satisfied before correcting for multiple individuals): 0.9713352685050798
Optimization score: 2677
Optimal tree inferred in 1.35 secs.
(t4,(t5,(t6,((t2,(t7,t8)),(t1,(t3,(t9,t10)))))));
Final quartet score is: 2677
Final normalized quartet score is: 0.9713352685050798
You may want to ignore posterior probabilities and other statistics related to the following branch branch because the effective number of genes impacting it is only 4:
	{t4, t5}
You may want to ignore posterior probabilities and other statistics related to the following branch branch because the effective number of genes impacting it is only 15:
	{t4, t1, t3, t6, t9, t5, t10}
Extended species tree:
(t2,((t7,t8)1:3.0757749812275272,((t1,(t3,(t9,t10)1:1.6582280766035324)1:1.9810014688665833)1:3.149882953381249,(t6,(t5,t4)0.44:0.1053605156578264)1:1.2039728043259361)0.69:0.16989903679539747));
Weight calculation took 0.277243977 secs
ASTRAL finished in 3.309 secs
