
================== ASTRAL ===================== 

This is ASTRAL version 5.7.8
Gene trees are treated as unrooted
1659 trees read from quartet_temp.txt
index0
All output trees will be *arbitrarily* rooted at t4

======== Running the main analysis
Number of taxa: 10 (10 species)
Taxa: [t4, t7, t1, t2, t8, t9, t5, t6, t3, t10]
Taxon occupancy: {t4=684, t5=1017, t6=978, t10=493, t7=783, t8=542, t9=596, t1=564, t2=520, t3=459}
Number of gene trees: 1659
1659 trees have missing taxa
Calculating quartet distance matrix (for completion of X)
Species tree distances calculated ...
Will attempt to complete bipartitions from X before adding using a distance matrix.
Building set of clusters (X) from gene trees 
------------------------------
gradient0: 75
Number of Clusters after addition by distance: 75
calculating extra bipartitions to be added at level 1 ...
Adding to X using resolutions of greedy consensus ...
Limit for sigma of degrees:300
polytomy size limit : 3
discarded polytomies:  []
Threshold 0.0:
Threshold 0.01:
Threshold 0.02:
Threshold 0.05:
Threshold 0.1:
Threshold 0.2:
Threshold 0.3333333333333333:
max k is :0
Number of Clusters after addition by greedy: 75
gradient0 in heuristiic: 75
calculating all possible bipartitions ...
Number of Clusters After Adding All possible clusters: 1023
partitions formed in 0.592 secs
Dynamic Programming starting after 0.592 secs
Using tree-based weight calculation.
Using polytree-based weight calculation.
Polytree max score: 1659
Polytree building time: 0.038 seconds.
Number of quartet trees in the gene trees: 1659
Size of largest cluster: 10
Greedy score: 1602
estimationFactor: 1.0355805243445693
Sub-optimal score: 1602
Total Number of elements weighted: 1174
Normalized score (portion of input quartet trees satisfied before correcting for multiple individuals): 0.9656419529837251
Optimization score: 1602
Optimal tree inferred in 0.973 secs.
(t7,(t4,(t3,((t10,(t5,t6)),((t1,t9),(t2,t8))))));
Final quartet score is: 1602
Final normalized quartet score is: 0.9656419529837251
You may want to ignore posterior probabilities and other statistics related to the following branch branch because the effective number of genes impacting it is only 13:
	{t1, t9}
Extended species tree:
(t4,((t3,((t10,(t5,t6)1:4.631487494305473)1:3.1354942159291492,((t1,t9)0.58:0.15415067982725836,(t2,t8)1:3.0285220963769826)1:1.5404450409471486)1:0.6706743247078866)1:2.961830721878311,t7));
Weight calculation took 0.174833283 secs
ASTRAL finished in 1.873 secs
