
================== ASTRAL ===================== 

This is ASTRAL version 5.7.8
Gene trees are treated as unrooted
628 trees read from quartet_temp.txt
index0
All output trees will be *arbitrarily* rooted at t4

======== Running the main analysis
Number of taxa: 10 (10 species)
Taxa: [t4, t5, t2, t9, t6, t10, t3, t8, t1, t7]
Taxon occupancy: {t4=279, t5=256, t6=373, t10=270, t7=210, t8=285, t9=217, t1=208, t2=218, t3=196}
Number of gene trees: 628
628 trees have missing taxa
Calculating quartet distance matrix (for completion of X)
Species tree distances calculated ...
Will attempt to complete bipartitions from X before adding using a distance matrix.
Building set of clusters (X) from gene trees 
------------------------------
gradient0: 51
Number of Clusters after addition by distance: 51
calculating extra bipartitions to be added at level 1 ...
Adding to X using resolutions of greedy consensus ...
Limit for sigma of degrees:300
polytomy size limit : 3
discarded polytomies:  []
Threshold 0.0:
Threshold 0.01:
Threshold 0.02:
Threshold 0.05:
Threshold 0.1:
Threshold 0.2:
Threshold 0.3333333333333333:
max k is :0
Number of Clusters after addition by greedy: 51
gradient0 in heuristiic: 51
calculating all possible bipartitions ...
Number of Clusters After Adding All possible clusters: 1023
partitions formed in 0.349 secs
Dynamic Programming starting after 0.349 secs
Using tree-based weight calculation.
Using polytree-based weight calculation.
Polytree max score: 628
Polytree building time: 0.014 seconds.
Number of quartet trees in the gene trees: 628
Size of largest cluster: 10
Greedy score: 622
estimationFactor: 1.0096463022508038
Sub-optimal score: 622
Total Number of elements weighted: 1017
Normalized score (portion of input quartet trees satisfied before correcting for multiple individuals): 0.9904458598726115
Optimization score: 622
Optimal tree inferred in 0.594 secs.
(t5,(t6,(t7,((t4,t10),((t2,t9),(t1,(t3,t8)))))));
Final quartet score is: 622
Final normalized quartet score is: 0.9904458598726115
You may want to ignore posterior probabilities and other statistics related to the following branch branch because the effective number of genes impacting it is only 13:
	{t2, t9}
You may want to ignore posterior probabilities and other statistics related to the following branch branch because the effective number of genes impacting it is only 13:
	{t3, t8}
You may want to ignore posterior probabilities and other statistics related to the following branch branch because the effective number of genes impacting it is only 13:
	{t5, t6, t7}
Extended species tree:
(t4,(t10,(((t2,t9)1:2.2335922215070947,(t1,(t3,t8)1:2.2335922215070947)1:2.335374915817036)1:2.1972245773362196,(t7,(t6,t5)1:2.3978952727983716)1:1.5404450409471486)1:3.951243718581431));
Weight calculation took 0.089122718 secs
ASTRAL finished in 1.691 secs
