
================== ASTRAL ===================== 

This is ASTRAL version 5.7.8
Gene trees are treated as unrooted
2564 trees read from quartet_temp.txt
index0
All output trees will be *arbitrarily* rooted at t10

======== Running the main analysis
Number of taxa: 10 (10 species)
Taxa: [t10, t6, t1, t4, t8, t5, t7, t9, t2, t3]
Taxon occupancy: {t4=876, t5=1225, t10=1391, t6=1344, t7=989, t8=646, t9=1016, t1=907, t2=893, t3=969}
Number of gene trees: 2564
2564 trees have missing taxa
Calculating quartet distance matrix (for completion of X)
Species tree distances calculated ...
Will attempt to complete bipartitions from X before adding using a distance matrix.
Building set of clusters (X) from gene trees 
------------------------------
gradient0: 69
Number of Clusters after addition by distance: 69
calculating extra bipartitions to be added at level 1 ...
Adding to X using resolutions of greedy consensus ...
Limit for sigma of degrees:300
polytomy size limit : 3
discarded polytomies:  []
Threshold 0.0:
Threshold 0.01:
Threshold 0.02:
Threshold 0.05:
Threshold 0.1:
Threshold 0.2:
Threshold 0.3333333333333333:
max k is :0
Number of Clusters after addition by greedy: 69
gradient0 in heuristiic: 69
calculating all possible bipartitions ...
Number of Clusters After Adding All possible clusters: 1023
partitions formed in 0.761 secs
Dynamic Programming starting after 0.761 secs
Using tree-based weight calculation.
Using polytree-based weight calculation.
Polytree max score: 2564
Polytree building time: 0.054 seconds.
Number of quartet trees in the gene trees: 2564
Size of largest cluster: 10
Greedy score: 2507
estimationFactor: 1.022736338252892
Sub-optimal score: 2507
Total Number of elements weighted: 1267
Normalized score (portion of input quartet trees satisfied before correcting for multiple individuals): 0.9777691107644306
Optimization score: 2507
Optimal tree inferred in 1.256 secs.
(t6,(t10,(t8,(t1,(t3,(t2,(t4,(t7,(t5,t9)))))))));
Final quartet score is: 2507
Final normalized quartet score is: 0.9777691107644306
You may want to ignore posterior probabilities and other statistics related to the following branch branch because the effective number of genes impacting it is only 12:
	{t5, t9}
Extended species tree:
(t10,((t8,(t1,(t3,(t2,(t4,(t7,(t5,t9)1:1.0608719606852628)1:1.466337068793427)1:2.1546649629174235)0.93:0.33024168687057687)1:1.015920572822996)1:4.10539439840869)1:3.149882953381249,t6));
Weight calculation took 0.227268248 secs
ASTRAL finished in 3.03 secs
