
================== ASTRAL ===================== 

This is ASTRAL version 5.7.8
Gene trees are treated as unrooted
8026 trees read from quartet_temp.txt
index0
All output trees will be *arbitrarily* rooted at t4

======== Running the main analysis
Number of taxa: 10 (10 species)
Taxa: [t4, t5, t1, t2, t3, t6, t7, t9, t10, t8]
Taxon occupancy: {t4=2698, t5=3129, t6=3143, t10=3523, t7=3049, t8=3259, t9=3348, t1=3062, t2=3546, t3=3347}
Number of gene trees: 8026
8026 trees have missing taxa
Calculating quartet distance matrix (for completion of X)
Species tree distances calculated ...
Will attempt to complete bipartitions from X before adding using a distance matrix.
Building set of clusters (X) from gene trees 
------------------------------
gradient0: 71
Number of Clusters after addition by distance: 71
calculating extra bipartitions to be added at level 1 ...
Adding to X using resolutions of greedy consensus ...
Limit for sigma of degrees:300
polytomy size limit : 3
discarded polytomies:  []
Threshold 0.0:
Threshold 0.01:
Threshold 0.02:
Threshold 0.05:
Threshold 0.1:
Threshold 0.2:
Threshold 0.3333333333333333:
max k is :0
Number of Clusters after addition by greedy: 71
gradient0 in heuristiic: 71
calculating all possible bipartitions ...
Number of Clusters After Adding All possible clusters: 1023
partitions formed in 1.635 secs
Dynamic Programming starting after 1.635 secs
Using tree-based weight calculation.
Using polytree-based weight calculation.
Polytree max score: 8026
Polytree building time: 0.113 seconds.
Number of quartet trees in the gene trees: 8026
Size of largest cluster: 10
Greedy score: 7792
estimationFactor: 1.0300308008213552
Sub-optimal score: 7792
Total Number of elements weighted: 959
Normalized score (portion of input quartet trees satisfied before correcting for multiple individuals): 0.9708447545477199
Optimization score: 7792
Optimal tree inferred in 2.601 secs.
(t5,(t4,(((t6,t7),(t2,t10)),(t1,(t8,(t3,t9))))));
Final quartet score is: 7792
Final normalized quartet score is: 0.9708447545477199
Extended species tree:
(t4,((((t6,t7)1:1.7007876910223279,(t2,t10)1:5.94367388327162)1:0.775472125815948,(t1,(t8,(t3,t9)1:1.5069223489085055)1:0.7705338441753656)1:2.98954030330607)1:2.808179667342484,t5));
Weight calculation took 0.620214947 secs
ASTRAL finished in 3.292 secs
