
================== ASTRAL ===================== 

This is ASTRAL version 5.7.8
Gene trees are treated as unrooted
2654 trees read from quartet_temp.txt
index0
All output trees will be *arbitrarily* rooted at t6

======== Running the main analysis
Number of taxa: 10 (10 species)
Taxa: [t6, t7, t1, t2, t3, t8, t10, t4, t5, t9]
Taxon occupancy: {t4=1141, t5=989, t6=1359, t10=940, t7=1312, t8=803, t9=776, t1=1237, t2=1174, t3=885}
Number of gene trees: 2654
2654 trees have missing taxa
Calculating quartet distance matrix (for completion of X)
Species tree distances calculated ...
Will attempt to complete bipartitions from X before adding using a distance matrix.
Building set of clusters (X) from gene trees 
------------------------------
gradient0: 81
Number of Clusters after addition by distance: 81
calculating extra bipartitions to be added at level 1 ...
Adding to X using resolutions of greedy consensus ...
Limit for sigma of degrees:300
polytomy size limit : 3
discarded polytomies:  []
Threshold 0.0:
Threshold 0.01:
Threshold 0.02:
Threshold 0.05:
Threshold 0.1:
Threshold 0.2:
Threshold 0.3333333333333333:
max k is :0
Number of Clusters after addition by greedy: 81
gradient0 in heuristiic: 81
calculating all possible bipartitions ...
Number of Clusters After Adding All possible clusters: 1023
partitions formed in 0.658 secs
Dynamic Programming starting after 0.658 secs
Using tree-based weight calculation.
Using polytree-based weight calculation.
Polytree max score: 2654
Polytree building time: 0.032 seconds.
Number of quartet trees in the gene trees: 2654
Size of largest cluster: 10
Greedy score: 2515
estimationFactor: 1.0552683896620279
Sub-optimal score: 2517
Total Number of elements weighted: 1277
Normalized score (portion of input quartet trees satisfied before correcting for multiple individuals): 0.9483798040693293
Optimization score: 2517
Optimal tree inferred in 1.081 secs.
(t7,(t6,(t9,(t10,(t3,(t8,((t1,t4),(t2,t5))))))));
Final quartet score is: 2517
Final normalized quartet score is: 0.9483798040693293
You may want to ignore posterior probabilities and other statistics related to the following branch branch because the effective number of genes impacting it is only 16:
	{t1, t2, t3, t8, t10, t4, t5}
Extended species tree:
(t6,((t9,(t10,(t3,(t8,((t1,t4)1:1.0230296075021028,(t2,t5)1:4.462069342347422)1:0.4780358009429998)1:1.9802348915963877)1:1.3862943611198908)0.73:0.23052365861183224)1:3.3862717314454773,t7));
Weight calculation took 0.200844486 secs
ASTRAL finished in 1.395 secs
