
================== ASTRAL ===================== 

This is ASTRAL version 5.7.8
Gene trees are treated as unrooted
4614 trees read from quartet_temp.txt
index0
All output trees will be *arbitrarily* rooted at t5

======== Running the main analysis
Number of taxa: 10 (10 species)
Taxa: [t5, t8, t1, t2, t3, t4, t9, t10, t6, t7]
Taxon occupancy: {t4=1714, t5=2017, t10=1474, t6=1787, t7=2210, t8=2316, t9=1780, t1=1664, t2=1747, t3=1747}
Number of gene trees: 4614
4614 trees have missing taxa
Calculating quartet distance matrix (for completion of X)
Species tree distances calculated ...
Will attempt to complete bipartitions from X before adding using a distance matrix.
Building set of clusters (X) from gene trees 
------------------------------
gradient0: 85
Number of Clusters after addition by distance: 85
calculating extra bipartitions to be added at level 1 ...
Adding to X using resolutions of greedy consensus ...
Limit for sigma of degrees:300
polytomy size limit : 3
discarded polytomies:  []
Threshold 0.0:
Threshold 0.01:
Threshold 0.02:
Threshold 0.05:
Threshold 0.1:
Threshold 0.2:
Threshold 0.3333333333333333:
max k is :0
Number of Clusters after addition by greedy: 85
gradient0 in heuristiic: 85
calculating all possible bipartitions ...
Number of Clusters After Adding All possible clusters: 1023
partitions formed in 1.267 secs
Dynamic Programming starting after 1.267 secs
Using tree-based weight calculation.
Using polytree-based weight calculation.
Polytree max score: 4614
Polytree building time: 0.082 seconds.
Number of quartet trees in the gene trees: 4614
Size of largest cluster: 10
Greedy score: 4525
estimationFactor: 1.0196685082872927
Sub-optimal score: 4525
Total Number of elements weighted: 1051
Normalized score (portion of input quartet trees satisfied before correcting for multiple individuals): 0.9807108799306459
Optimization score: 4525
Optimal tree inferred in 2.05 secs.
(t8,(t7,(t5,(t2,((t3,t4),(t10,(t9,(t1,t6))))))));
Final quartet score is: 4525
Final normalized quartet score is: 0.9807108799306459
Extended species tree:
(t5,((t2,((t3,t4)1:4.373658385003369,(t10,(t9,(t1,t6)1:0.9808292530117262)1:0.8362480242006187)1:2.8134107167600355)1:3.9120230054281477)1:3.2798365246578873,(t7,t8)1:1.2788741124990537));
Weight calculation took 0.552460171 secs
ASTRAL finished in 2.389 secs
