
================== ASTRAL ===================== 

This is ASTRAL version 5.7.8
Gene trees are treated as unrooted
5771 trees read from quartet_temp.txt
index0
All output trees will be *arbitrarily* rooted at t4

======== Running the main analysis
Number of taxa: 10 (10 species)
Taxa: [t4, t7, t1, t2, t3, t6, t8, t9, t10, t5]
Taxon occupancy: {t4=2381, t5=2309, t6=2208, t10=2580, t7=1864, t8=2213, t9=2448, t1=2799, t2=2588, t3=1694}
Number of gene trees: 5771
5771 trees have missing taxa
Calculating quartet distance matrix (for completion of X)
Species tree distances calculated ...
Will attempt to complete bipartitions from X before adding using a distance matrix.
Building set of clusters (X) from gene trees 
------------------------------
gradient0: 85
Number of Clusters after addition by distance: 85
calculating extra bipartitions to be added at level 1 ...
Adding to X using resolutions of greedy consensus ...
Limit for sigma of degrees:300
polytomy size limit : 3
discarded polytomies:  []
Threshold 0.0:
Threshold 0.01:
Threshold 0.02:
Threshold 0.05:
Threshold 0.1:
Threshold 0.2:
Threshold 0.3333333333333333:
max k is :0
Number of Clusters after addition by greedy: 85
gradient0 in heuristiic: 85
calculating all possible bipartitions ...
Number of Clusters After Adding All possible clusters: 1023
partitions formed in 1.328 secs
Dynamic Programming starting after 1.328 secs
Using tree-based weight calculation.
Using polytree-based weight calculation.
Polytree max score: 5771
Polytree building time: 0.091 seconds.
Number of quartet trees in the gene trees: 5771
Size of largest cluster: 10
Greedy score: 5650
estimationFactor: 1.0214159292035399
Sub-optimal score: 5650
Total Number of elements weighted: 1005
Normalized score (portion of input quartet trees satisfied before correcting for multiple individuals): 0.979033096517068
Optimization score: 5650
Optimal tree inferred in 1.844 secs.
(t7,(t4,((t8,(t9,t10)),(t3,((t1,t5),(t2,t6))))));
Final quartet score is: 5650
Final normalized quartet score is: 0.979033096517068
Extended species tree:
(t4,(((t8,(t9,t10)1:1.7184281961425056)1:2.92673940206704,(t3,((t1,t5)1:1.8423117483908866,(t2,t6)1:2.002480500543708)1:2.287986293572893)1:4.573564846572758)1:0.4803664162812821,t7));
Weight calculation took 0.245431643 secs
ASTRAL finished in 2.269 secs
