
================== ASTRAL ===================== 

This is ASTRAL version 5.7.8
Gene trees are treated as unrooted
6744 trees read from quartet_temp.txt
index0
All output trees will be *arbitrarily* rooted at t7

======== Running the main analysis
Number of taxa: 10 (10 species)
Taxa: [t7, t8, t1, t2, t3, t4, t5, t6, t10, t9]
Taxon occupancy: {t4=2607, t5=2438, t6=2385, t10=2641, t7=2534, t8=2992, t9=2940, t1=2656, t2=3031, t3=2752}
Number of gene trees: 6744
6744 trees have missing taxa
Calculating quartet distance matrix (for completion of X)
Species tree distances calculated ...
Will attempt to complete bipartitions from X before adding using a distance matrix.
Building set of clusters (X) from gene trees 
------------------------------
gradient0: 77
Number of Clusters after addition by distance: 77
calculating extra bipartitions to be added at level 1 ...
Adding to X using resolutions of greedy consensus ...
Limit for sigma of degrees:300
polytomy size limit : 3
discarded polytomies:  []
Threshold 0.0:
Threshold 0.01:
Threshold 0.02:
Threshold 0.05:
Threshold 0.1:
Threshold 0.2:
Threshold 0.3333333333333333:
max k is :0
Number of Clusters after addition by greedy: 77
gradient0 in heuristiic: 77
calculating all possible bipartitions ...
Number of Clusters After Adding All possible clusters: 1023
partitions formed in 1.553 secs
Dynamic Programming starting after 1.553 secs
Using tree-based weight calculation.
Using polytree-based weight calculation.
Polytree max score: 6744
Polytree building time: 0.099 seconds.
Number of quartet trees in the gene trees: 6744
Size of largest cluster: 10
Greedy score: 6523
estimationFactor: 1.0338801165108078
Sub-optimal score: 6523
Total Number of elements weighted: 1516
Normalized score (portion of input quartet trees satisfied before correcting for multiple individuals): 0.9672301304863582
Optimization score: 6523
Optimal tree inferred in 2.189 secs.
(t8,(t9,(t10,(t7,((t4,t5),(t6,(t2,(t1,t3))))))));
Final quartet score is: 6523
Final normalized quartet score is: 0.9672301304863582
Extended species tree:
(t7,(((t4,t5)1:0.9469277013360451,(t6,(t2,(t1,t3)1:1.416147324269572)1:2.1220011560986314)1:2.1419618986611697)1:2.236010602371376,(t10,(t9,t8)1:3.8430301339411983)1:1.1108823812599242));
Weight calculation took 0.320430018 secs
ASTRAL finished in 2.613 secs
