
================== ASTRAL ===================== 

This is ASTRAL version 5.7.8
Gene trees are treated as unrooted
2724 trees read from quartet_temp.txt
index0
All output trees will be *arbitrarily* rooted at t2

======== Running the main analysis
Number of taxa: 10 (10 species)
Taxa: [t2, t3, t1, t6, t7, t8, t10, t5, t9, t4]
Taxon occupancy: {t4=1142, t5=987, t6=1334, t10=1352, t7=944, t8=1249, t9=1068, t1=760, t2=1014, t3=1046}
Number of gene trees: 2724
2724 trees have missing taxa
Calculating quartet distance matrix (for completion of X)
Species tree distances calculated ...
Will attempt to complete bipartitions from X before adding using a distance matrix.
Building set of clusters (X) from gene trees 
------------------------------
gradient0: 45
Number of Clusters after addition by distance: 45
calculating extra bipartitions to be added at level 1 ...
Adding to X using resolutions of greedy consensus ...
Limit for sigma of degrees:300
polytomy size limit : 3
discarded polytomies:  []
Threshold 0.0:
Threshold 0.01:
Threshold 0.02:
Threshold 0.05:
Threshold 0.1:
Threshold 0.2:
Threshold 0.3333333333333333:
max k is :0
Number of Clusters after addition by greedy: 45
gradient0 in heuristiic: 45
calculating all possible bipartitions ...
Number of Clusters After Adding All possible clusters: 1023
partitions formed in 0.68 secs
Dynamic Programming starting after 0.68 secs
Using tree-based weight calculation.
Using polytree-based weight calculation.
Polytree max score: 2724
Polytree building time: 0.05 seconds.
Number of quartet trees in the gene trees: 2724
Size of largest cluster: 10
Greedy score: 2707
estimationFactor: 1.0062800147765054
Sub-optimal score: 2707
Total Number of elements weighted: 1017
Normalized score (portion of input quartet trees satisfied before correcting for multiple individuals): 0.9937591776798825
Optimization score: 2707
Optimal tree inferred in 1.076 secs.
(t3,(t2,(t7,((t8,t4),((t6,t10),(t1,(t5,t9)))))));
Final quartet score is: 2707
Final normalized quartet score is: 0.9937591776798825
Extended species tree:
(t2,((t7,((t8,t4)1:4.5849674786705705,((t6,t10)1:5.613128106388071,(t1,(t5,t9)1:4.267363726353742)1:1.2039728043259361)1:0.8938178760220965)1:4.882801922586364)1:3.705408756065146,t3));
Weight calculation took 0.205120626 secs
ASTRAL finished in 1.368 secs
