
================== ASTRAL ===================== 

This is ASTRAL version 5.7.8
Gene trees are treated as unrooted
5513 trees read from quartet_temp.txt
index0
All output trees will be *arbitrarily* rooted at t3

======== Running the main analysis
Number of taxa: 10 (10 species)
Taxa: [t3, t8, t1, t2, t4, t5, t6, t7, t9, t10]
Taxon occupancy: {t4=1983, t5=2170, t6=2244, t10=1660, t7=2246, t8=1849, t9=2178, t1=2558, t2=2568, t3=2596}
Number of gene trees: 5513
5513 trees have missing taxa
Calculating quartet distance matrix (for completion of X)
Species tree distances calculated ...
Will attempt to complete bipartitions from X before adding using a distance matrix.
Building set of clusters (X) from gene trees 
------------------------------
gradient0: 91
Number of Clusters after addition by distance: 91
calculating extra bipartitions to be added at level 1 ...
Adding to X using resolutions of greedy consensus ...
Limit for sigma of degrees:300
polytomy size limit : 3
discarded polytomies:  []
Threshold 0.0:
Threshold 0.01:
Threshold 0.02:
Threshold 0.05:
Threshold 0.1:
Threshold 0.2:
Threshold 0.3333333333333333:
max k is :0
Number of Clusters after addition by greedy: 91
gradient0 in heuristiic: 91
calculating all possible bipartitions ...
Number of Clusters After Adding All possible clusters: 1023
partitions formed in 1.348 secs
Dynamic Programming starting after 1.348 secs
Using tree-based weight calculation.
Using polytree-based weight calculation.
Polytree max score: 5513
Polytree building time: 0.088 seconds.
Number of quartet trees in the gene trees: 5513
Size of largest cluster: 10
Greedy score: 5334
estimationFactor: 1.0335583052118484
Sub-optimal score: 5358
Total Number of elements weighted: 1131
Normalized score (portion of input quartet trees satisfied before correcting for multiple individuals): 0.9718846363141666
Optimization score: 5358
Optimal tree inferred in 2.277 secs.
(t8,(t3,((t1,t2),(t4,((t6,t7),(t5,(t9,t10)))))));
Final quartet score is: 5358
Final normalized quartet score is: 0.9718846363141666
Extended species tree:
(t3,(((t1,t2)1:3.1403135023650983,(t4,((t6,t7)1:1.8650316703343806,(t5,(t9,t10)1:1.5660874715604869)1:0.6931471805599453)1:2.4277482359480516)1:3.3081069585961425)1:3.705408756065146,t8));
Weight calculation took 0.648090745 secs
ASTRAL finished in 2.666 secs
