
================== ASTRAL ===================== 

This is ASTRAL version 5.7.8
Gene trees are treated as unrooted
5630 trees read from quartet_temp.txt
index0
All output trees will be *arbitrarily* rooted at t8

======== Running the main analysis
Number of taxa: 10 (10 species)
Taxa: [t8, t9, t1, t2, t3, t4, t6, t7, t10, t5]
Taxon occupancy: {t4=2191, t5=2179, t6=2112, t10=2633, t7=1850, t8=2355, t9=2455, t1=2618, t2=2466, t3=1661}
Number of gene trees: 5630
5630 trees have missing taxa
Calculating quartet distance matrix (for completion of X)
Species tree distances calculated ...
Will attempt to complete bipartitions from X before adding using a distance matrix.
Building set of clusters (X) from gene trees 
------------------------------
gradient0: 61
Number of Clusters after addition by distance: 61
calculating extra bipartitions to be added at level 1 ...
Adding to X using resolutions of greedy consensus ...
Limit for sigma of degrees:300
polytomy size limit : 3
discarded polytomies:  []
Threshold 0.0:
Threshold 0.01:
Threshold 0.02:
Threshold 0.05:
Threshold 0.1:
Threshold 0.2:
Threshold 0.3333333333333333:
max k is :0
Number of Clusters after addition by greedy: 61
gradient0 in heuristiic: 61
calculating all possible bipartitions ...
Number of Clusters After Adding All possible clusters: 1023
partitions formed in 1.407 secs
Dynamic Programming starting after 1.407 secs
Using tree-based weight calculation.
Using polytree-based weight calculation.
Polytree max score: 5630
Polytree building time: 0.072 seconds.
Number of quartet trees in the gene trees: 5630
Size of largest cluster: 10
Greedy score: 5567
estimationFactor: 1.0113166876234956
Sub-optimal score: 5567
Total Number of elements weighted: 1024
Normalized score (portion of input quartet trees satisfied before correcting for multiple individuals): 0.988809946714032
Optimization score: 5567
Optimal tree inferred in 1.852 secs.
(t9,(t10,(t8,((t4,t7),(t3,((t1,t5),(t2,t6)))))));
Final quartet score is: 5567
Final normalized quartet score is: 0.988809946714032
Extended species tree:
(t8,(((t4,t7)1:1.2039728043259361,(t3,((t1,t5)1:2.7829515092753287,(t2,t6)1:3.9765615265657206)1:3.8430301339411983)1:3.5728805402510564)1:3.0602707946915624,(t10,t9)1:1.3336506276344688));
Weight calculation took 0.219248868 secs
ASTRAL finished in 2.263 secs
