
================== ASTRAL ===================== 

This is ASTRAL version 5.7.8
Gene trees are treated as unrooted
5141 trees read from quartet_temp.txt
index0
All output trees will be *arbitrarily* rooted at t10

======== Running the main analysis
Number of taxa: 10 (10 species)
Taxa: [t10, t6, t2, t3, t4, t5, t7, t9, t1, t8]
Taxon occupancy: {t4=1915, t5=1872, t10=2951, t6=3038, t7=1783, t8=1674, t9=1617, t1=2146, t2=1714, t3=1854}
Number of gene trees: 5141
5141 trees have missing taxa
Calculating quartet distance matrix (for completion of X)
Species tree distances calculated ...
Will attempt to complete bipartitions from X before adding using a distance matrix.
Building set of clusters (X) from gene trees 
------------------------------
gradient0: 59
Number of Clusters after addition by distance: 59
calculating extra bipartitions to be added at level 1 ...
Adding to X using resolutions of greedy consensus ...
Limit for sigma of degrees:300
polytomy size limit : 3
discarded polytomies:  []
Threshold 0.0:
Threshold 0.01:
Threshold 0.02:
Threshold 0.05:
Threshold 0.1:
Threshold 0.2:
Threshold 0.3333333333333333:
max k is :0
Number of Clusters after addition by greedy: 59
gradient0 in heuristiic: 59
calculating all possible bipartitions ...
Number of Clusters After Adding All possible clusters: 1023
partitions formed in 1.256 secs
Dynamic Programming starting after 1.256 secs
Using tree-based weight calculation.
Using polytree-based weight calculation.
Polytree max score: 5141
Polytree building time: 0.079 seconds.
Number of quartet trees in the gene trees: 5141
Size of largest cluster: 10
Greedy score: 5058
estimationFactor: 1.016409648082246
Sub-optimal score: 5058
Total Number of elements weighted: 1012
Normalized score (portion of input quartet trees satisfied before correcting for multiple individuals): 0.9838552810737211
Optimization score: 5058
Optimal tree inferred in 1.827 secs.
(t6,(t10,(t1,((t5,(t3,t4)),((t9,t8),(t2,t7))))));
Final quartet score is: 5058
Final normalized quartet score is: 0.9838552810737211
Extended species tree:
(t10,((t1,((t5,(t3,t4)1:3.884994333040223)1:2.8526314299133184,((t9,t8)1:1.3862943611198908,(t2,t7)1:1.845826690498331)1:1.6422277352570913)1:6.327936783729198)1:4.406719247264248,t6));
Weight calculation took 0.298920276 secs
ASTRAL finished in 2.197 secs
