
================== ASTRAL ===================== 

This is ASTRAL version 5.7.8
Gene trees are treated as unrooted
5402 trees read from quartet_temp.txt
index0
All output trees will be *arbitrarily* rooted at t2

======== Running the main analysis
Number of taxa: 10 (10 species)
Taxa: [t2, t6, t1, t3, t4, t7, t8, t10, t5, t9]
Taxon occupancy: {t4=2103, t5=2368, t6=2035, t10=2356, t7=1851, t8=1999, t9=2160, t1=2720, t2=2481, t3=1535}
Number of gene trees: 5402
5402 trees have missing taxa
Calculating quartet distance matrix (for completion of X)
Species tree distances calculated ...
Will attempt to complete bipartitions from X before adding using a distance matrix.
Building set of clusters (X) from gene trees 
------------------------------
gradient0: 43
Number of Clusters after addition by distance: 43
calculating extra bipartitions to be added at level 1 ...
Adding to X using resolutions of greedy consensus ...
Limit for sigma of degrees:300
polytomy size limit : 3
discarded polytomies:  []
Threshold 0.0:
Threshold 0.01:
Threshold 0.02:
Threshold 0.05:
Threshold 0.1:
Threshold 0.2:
Threshold 0.3333333333333333:
max k is :0
Number of Clusters after addition by greedy: 43
gradient0 in heuristiic: 43
calculating all possible bipartitions ...
Number of Clusters After Adding All possible clusters: 1023
partitions formed in 1.42 secs
Dynamic Programming starting after 1.42 secs
Using tree-based weight calculation.
Using polytree-based weight calculation.
Polytree max score: 5402
Polytree building time: 0.079 seconds.
Number of quartet trees in the gene trees: 5402
Size of largest cluster: 10
Greedy score: 5391
estimationFactor: 1.002040437766648
Sub-optimal score: 5391
Total Number of elements weighted: 995
Normalized score (portion of input quartet trees satisfied before correcting for multiple individuals): 0.9979637171417993
Optimization score: 5391
Optimal tree inferred in 1.94 secs.
(t6,(t2,((t1,t5),(t3,((t4,t7),(t8,(t10,t9)))))));
Final quartet score is: 5391
Final normalized quartet score is: 0.9979637171417993
Extended species tree:
(t2,(((t1,t5)1:4.514515817719961,(t3,((t4,t7)1:2.730029107820986,(t8,(t10,t9)1:2.0180725953035434)1:4.7244336068149035)1:5.4146178222442005)1:3.7481960312703584)1:3.925268232178164,t6));
Weight calculation took 0.251947226 secs
ASTRAL finished in 2.309 secs
