
================== ASTRAL ===================== 

This is ASTRAL version 5.7.8
Gene trees are treated as unrooted
2824 trees read from quartet_temp.txt
index0
All output trees will be *arbitrarily* rooted at t4

======== Running the main analysis
Number of taxa: 10 (10 species)
Taxa: [t4, t8, t3, t5, t7, t9, t10, t1, t2, t6]
Taxon occupancy: {t4=1420, t5=1163, t10=872, t6=879, t7=1302, t8=1430, t9=1010, t1=1217, t2=977, t3=1026}
Number of gene trees: 2824
2824 trees have missing taxa
Calculating quartet distance matrix (for completion of X)
Species tree distances calculated ...
Will attempt to complete bipartitions from X before adding using a distance matrix.
Building set of clusters (X) from gene trees 
------------------------------
gradient0: 83
Number of Clusters after addition by distance: 83
calculating extra bipartitions to be added at level 1 ...
Adding to X using resolutions of greedy consensus ...
Limit for sigma of degrees:300
polytomy size limit : 3
discarded polytomies:  []
Threshold 0.0:
Threshold 0.01:
Threshold 0.02:
Threshold 0.05:
Threshold 0.1:
Threshold 0.2:
Threshold 0.3333333333333333:
max k is :0
Number of Clusters after addition by greedy: 83
gradient0 in heuristiic: 83
calculating all possible bipartitions ...
Number of Clusters After Adding All possible clusters: 1023
partitions formed in 0.725 secs
Dynamic Programming starting after 0.726 secs
Using tree-based weight calculation.
Using polytree-based weight calculation.
Polytree max score: 2824
Polytree building time: 0.056 seconds.
Number of quartet trees in the gene trees: 2824
Size of largest cluster: 10
Greedy score: 2790
estimationFactor: 1.0121863799283155
Sub-optimal score: 2790
Total Number of elements weighted: 1024
Normalized score (portion of input quartet trees satisfied before correcting for multiple individuals): 0.9879603399433428
Optimization score: 2790
Optimal tree inferred in 1.098 secs.
(t8,(t4,(t10,((t3,t9),(t6,((t7,t1),(t5,t2)))))));
Final quartet score is: 2790
Final normalized quartet score is: 0.9879603399433428
Extended species tree:
(t4,((t10,((t3,t9)1:4.917544871030243,(t6,((t7,t1)1:4.264243599017496,(t5,t2)1:3.688879454113933)1:1.628306396738483)1:1.4816045409242156)1:3.401197381662154)1:5.001706663351952,t8));
Weight calculation took 0.208857828 secs
ASTRAL finished in 1.398 secs
