
================== ASTRAL ===================== 

This is ASTRAL version 5.7.8
Gene trees are treated as unrooted
3612 trees read from quartet_temp.txt
index0
All output trees will be *arbitrarily* rooted at t5

======== Running the main analysis
Number of taxa: 10 (10 species)
Taxa: [t5, t6, t1, t2, t3, t4, t7, t8, t9, t10]
Taxon occupancy: {t4=1452, t5=2285, t6=2234, t10=1174, t7=1562, t8=1205, t9=1084, t1=1073, t2=1201, t3=1178}
Number of gene trees: 3612
3612 trees have missing taxa
Calculating quartet distance matrix (for completion of X)
Species tree distances calculated ...
Will attempt to complete bipartitions from X before adding using a distance matrix.
Building set of clusters (X) from gene trees 
------------------------------
gradient0: 91
Number of Clusters after addition by distance: 91
calculating extra bipartitions to be added at level 1 ...
Adding to X using resolutions of greedy consensus ...
Limit for sigma of degrees:300
polytomy size limit : 3
discarded polytomies:  []
Threshold 0.0:
Threshold 0.01:
Threshold 0.02:
Threshold 0.05:
Threshold 0.1:
Threshold 0.2:
Threshold 0.3333333333333333:
max k is :0
Number of Clusters after addition by greedy: 91
gradient0 in heuristiic: 91
calculating all possible bipartitions ...
Number of Clusters After Adding All possible clusters: 1023
partitions formed in 0.869 secs
Dynamic Programming starting after 0.87 secs
Using tree-based weight calculation.
Using polytree-based weight calculation.
Polytree max score: 3612
Polytree building time: 0.055 seconds.
Number of quartet trees in the gene trees: 3612
Size of largest cluster: 10
Greedy score: 3462
estimationFactor: 1.0433275563258233
Sub-optimal score: 3462
Total Number of elements weighted: 1012
Normalized score (portion of input quartet trees satisfied before correcting for multiple individuals): 0.9584717607973422
Optimization score: 3462
Optimal tree inferred in 1.537 secs.
(t6,(t5,(t10,((t3,(t4,t7)),((t1,t9),(t2,t8))))));
Final quartet score is: 3462
Final normalized quartet score is: 0.9584717607973422
Extended species tree:
(t5,((t10,((t3,(t4,t7)1:2.0149030205422647)1:1.9023693407720246,((t1,t9)1:1.2431935174792175,(t2,t8)1:0.8842024173226546)1:1.2367626271489267)1:2.0014800002101243)1:5.452468046375283,t6));
Weight calculation took 0.460356912 secs
ASTRAL finished in 1.875 secs
