
================== ASTRAL ===================== 

This is ASTRAL version 5.7.8
Gene trees are treated as unrooted
2924 trees read from quartet_temp.txt
index0
All output trees will be *arbitrarily* rooted at t5

======== Running the main analysis
Number of taxa: 10 (10 species)
Taxa: [t5, t9, t1, t2, t3, t4, t6, t7, t8, t10]
Taxon occupancy: {t4=983, t5=1148, t6=1379, t10=1400, t7=1149, t8=1167, t9=1239, t1=803, t2=1253, t3=1175}
Number of gene trees: 2924
2924 trees have missing taxa
Calculating quartet distance matrix (for completion of X)
Species tree distances calculated ...
Will attempt to complete bipartitions from X before adding using a distance matrix.
Building set of clusters (X) from gene trees 
------------------------------
gradient0: 69
Number of Clusters after addition by distance: 69
calculating extra bipartitions to be added at level 1 ...
Adding to X using resolutions of greedy consensus ...
Limit for sigma of degrees:300
polytomy size limit : 3
discarded polytomies:  []
Threshold 0.0:
Threshold 0.01:
Threshold 0.02:
Threshold 0.05:
Threshold 0.1:
Threshold 0.2:
Threshold 0.3333333333333333:
max k is :0
Number of Clusters after addition by greedy: 69
gradient0 in heuristiic: 69
calculating all possible bipartitions ...
Number of Clusters After Adding All possible clusters: 1023
partitions formed in 0.738 secs
Dynamic Programming starting after 0.738 secs
Using tree-based weight calculation.
Using polytree-based weight calculation.
Polytree max score: 2924
Polytree building time: 0.056 seconds.
Number of quartet trees in the gene trees: 2924
Size of largest cluster: 10
Greedy score: 2867
estimationFactor: 1.0198814091384723
Sub-optimal score: 2867
Total Number of elements weighted: 1017
Normalized score (portion of input quartet trees satisfied before correcting for multiple individuals): 0.9805061559507524
Optimization score: 2867
Optimal tree inferred in 1.132 secs.
(t9,(t5,(t1,((t6,t10),((t4,t8),(t7,(t2,t3)))))));
Final quartet score is: 2867
Final normalized quartet score is: 0.9805061559507524
Extended species tree:
(t5,((t1,((t6,t10)1:3.265759410767051,((t4,t8)1:2.1428633681173315,(t7,(t2,t3)1:4.169245870395222)1:3.440418094815435)1:0.9490805546971459)1:2.2192034840549946)1:4.1484117834923735,t9));
Weight calculation took 0.194911006 secs
ASTRAL finished in 1.424 secs
