
================== ASTRAL ===================== 

This is ASTRAL version 5.7.8
Gene trees are treated as unrooted
5528 trees read from quartet_temp.txt
index0
All output trees will be *arbitrarily* rooted at t3

======== Running the main analysis
Number of taxa: 10 (10 species)
Taxa: [t3, t4, t1, t2, t7, t8, t9, t10, t5, t6]
Taxon occupancy: {t4=2551, t5=2670, t10=2046, t6=2547, t7=2271, t8=1897, t9=1812, t1=1796, t2=1991, t3=2531}
Number of gene trees: 5528
5528 trees have missing taxa
Calculating quartet distance matrix (for completion of X)
Species tree distances calculated ...
Will attempt to complete bipartitions from X before adding using a distance matrix.
Building set of clusters (X) from gene trees 
------------------------------
gradient0: 63
Number of Clusters after addition by distance: 63
calculating extra bipartitions to be added at level 1 ...
Adding to X using resolutions of greedy consensus ...
Limit for sigma of degrees:300
polytomy size limit : 3
discarded polytomies:  []
Threshold 0.0:
Threshold 0.01:
Threshold 0.02:
Threshold 0.05:
Threshold 0.1:
Threshold 0.2:
Threshold 0.3333333333333333:
max k is :0
Number of Clusters after addition by greedy: 63
gradient0 in heuristiic: 63
calculating all possible bipartitions ...
Number of Clusters After Adding All possible clusters: 1023
partitions formed in 1.375 secs
Dynamic Programming starting after 1.375 secs
Using tree-based weight calculation.
Using polytree-based weight calculation.
Polytree max score: 5528
Polytree building time: 0.079 seconds.
Number of quartet trees in the gene trees: 5528
Size of largest cluster: 10
Greedy score: 5498
estimationFactor: 1.0054565296471445
Sub-optimal score: 5498
Total Number of elements weighted: 990
Normalized score (portion of input quartet trees satisfied before correcting for multiple individuals): 0.9945730824891461
Optimization score: 5498
Optimal tree inferred in 1.981 secs.
(t4,(t3,((t5,t6),((t8,t9),(t1,(t7,(t2,t10)))))));
Final quartet score is: 5498
Final normalized quartet score is: 0.9945730824891461
You may want to ignore posterior probabilities and other statistics related to the following branch branch because the effective number of genes impacting it is only 14:
	{t2, t10}
Extended species tree:
(t3,(((t5,t6)1:4.127134385045093,((t8,t9)1:3.486355190002461,(t1,(t7,(t2,t10)0.99:0.6931471805599453)1:1.3375041969504584)1:4.6379600088110795)1:6.692083742506619)1:3.401197381662154,t4));
Weight calculation took 0.312818668 secs
ASTRAL finished in 2.356 secs
