
================== ASTRAL ===================== 

This is ASTRAL version 5.7.8
Gene trees are treated as unrooted
7073 trees read from quartet_temp.txt
index0
All output trees will be *arbitrarily* rooted at t2

======== Running the main analysis
Number of taxa: 10 (10 species)
Taxa: [t2, t4, t1, t3, t5, t6, t8, t9, t10, t7]
Taxon occupancy: {t4=2549, t5=2465, t6=2337, t10=3158, t7=2808, t8=3424, t9=3297, t1=2674, t2=2831, t3=2749}
Number of gene trees: 7073
7073 trees have missing taxa
Calculating quartet distance matrix (for completion of X)
Species tree distances calculated ...
Will attempt to complete bipartitions from X before adding using a distance matrix.
Building set of clusters (X) from gene trees 
------------------------------
gradient0: 71
Number of Clusters after addition by distance: 71
calculating extra bipartitions to be added at level 1 ...
Adding to X using resolutions of greedy consensus ...
Limit for sigma of degrees:300
polytomy size limit : 3
discarded polytomies:  []
Threshold 0.0:
Threshold 0.01:
Threshold 0.02:
Threshold 0.05:
Threshold 0.1:
Threshold 0.2:
Threshold 0.3333333333333333:
max k is :0
Number of Clusters after addition by greedy: 71
gradient0 in heuristiic: 71
calculating all possible bipartitions ...
Number of Clusters After Adding All possible clusters: 1023
partitions formed in 1.519 secs
Dynamic Programming starting after 1.519 secs
Using tree-based weight calculation.
Using polytree-based weight calculation.
Polytree max score: 7073
Polytree building time: 0.12 seconds.
Number of quartet trees in the gene trees: 7073
Size of largest cluster: 10
Greedy score: 6935
estimationFactor: 1.0198990627253064
Sub-optimal score: 6935
Total Number of elements weighted: 960
Normalized score (portion of input quartet trees satisfied before correcting for multiple individuals): 0.9804891842216881
Optimization score: 6935
Optimal tree inferred in 2.39 secs.
(t4,(t5,((t7,(t10,(t8,t9))),(t6,(t2,(t1,t3))))));
Final quartet score is: 6935
Final normalized quartet score is: 0.9804891842216881
Extended species tree:
(t2,((t1,t3)1:1.8281271133989303,(t6,((t7,(t10,(t8,t9)1:1.498772344546581)1:1.6094379124341005)1:5.472270673671479,(t5,t4)1:0.995428052432879)1:1.2517906786764288)1:4.578141513600168));
Weight calculation took 0.506520114 secs
ASTRAL finished in 2.798 secs
