
================== ASTRAL ===================== 

This is ASTRAL version 5.7.8
Gene trees are treated as unrooted
7201 trees read from quartet_temp.txt
index0
All output trees will be *arbitrarily* rooted at t3

======== Running the main analysis
Number of taxa: 10 (10 species)
Taxa: [t3, t5, t1, t2, t4, t6, t8, t7, t10, t9]
Taxon occupancy: {t4=2999, t5=2225, t6=3017, t10=3616, t7=3268, t8=3010, t9=3516, t1=2011, t2=2571, t3=2571}
Number of gene trees: 7201
7201 trees have missing taxa
Calculating quartet distance matrix (for completion of X)
Species tree distances calculated ...
Will attempt to complete bipartitions from X before adding using a distance matrix.
Building set of clusters (X) from gene trees 
------------------------------
gradient0: 91
Number of Clusters after addition by distance: 91
calculating extra bipartitions to be added at level 1 ...
Adding to X using resolutions of greedy consensus ...
Limit for sigma of degrees:300
polytomy size limit : 3
discarded polytomies:  []
Threshold 0.0:
Threshold 0.01:
Threshold 0.02:
Threshold 0.05:
Threshold 0.1:
Threshold 0.2:
Threshold 0.3333333333333333:
max k is :0
Number of Clusters after addition by greedy: 91
gradient0 in heuristiic: 91
calculating all possible bipartitions ...
Number of Clusters After Adding All possible clusters: 1023
partitions formed in 1.559 secs
Dynamic Programming starting after 1.56 secs
Using tree-based weight calculation.
Using polytree-based weight calculation.
Polytree max score: 7201
Polytree building time: 0.113 seconds.
Number of quartet trees in the gene trees: 7201
Size of largest cluster: 10
Greedy score: 7144
estimationFactor: 1.0079787234042554
Sub-optimal score: 7144
Total Number of elements weighted: 816
Normalized score (portion of input quartet trees satisfied before correcting for multiple individuals): 0.9920844327176781
Optimization score: 7144
Optimal tree inferred in 2.402 secs.
(t5,((t3,(t7,(t10,t9))),(t1,(t6,(t2,(t4,t8))))));
Final quartet score is: 7144
Final normalized quartet score is: 0.9920844327176781
Extended species tree:
(t3,((t7,(t10,t9)1:3.19867311755068)1:4.01337549968843,((t1,(t6,(t2,(t4,t8)1:1.8382794848629478)0.76:0.25378052077609975)1:2.466214516775848)1:3.721669276936928,t5)1:5.435176549265233));
Weight calculation took 0.529273466 secs
ASTRAL finished in 2.826 secs
