
================== ASTRAL ===================== 

This is ASTRAL version 5.7.8
Gene trees are treated as unrooted
2642 trees read from quartet_temp.txt
index0
All output trees will be *arbitrarily* rooted at t2

======== Running the main analysis
Number of taxa: 10 (10 species)
Taxa: [t2, t3, t1, t6, t7, t8, t10, t5, t9, t4]
Taxon occupancy: {t4=872, t5=1093, t6=1307, t10=1302, t7=1028, t8=1045, t9=1087, t1=710, t2=1035, t3=1089}
Number of gene trees: 2642
2642 trees have missing taxa
Calculating quartet distance matrix (for completion of X)
Species tree distances calculated ...
Will attempt to complete bipartitions from X before adding using a distance matrix.
Building set of clusters (X) from gene trees 
------------------------------
gradient0: 57
Number of Clusters after addition by distance: 57
calculating extra bipartitions to be added at level 1 ...
Adding to X using resolutions of greedy consensus ...
Limit for sigma of degrees:300
polytomy size limit : 3
discarded polytomies:  []
Threshold 0.0:
Threshold 0.01:
Threshold 0.02:
Threshold 0.05:
Threshold 0.1:
Threshold 0.2:
Threshold 0.3333333333333333:
max k is :0
Number of Clusters after addition by greedy: 57
gradient0 in heuristiic: 57
calculating all possible bipartitions ...
Number of Clusters After Adding All possible clusters: 1023
partitions formed in 0.689 secs
Dynamic Programming starting after 0.689 secs
Using tree-based weight calculation.
Using polytree-based weight calculation.
Polytree max score: 2642
Polytree building time: 0.068 seconds.
Number of quartet trees in the gene trees: 2642
Size of largest cluster: 10
Greedy score: 2608
estimationFactor: 1.013036809815951
Sub-optimal score: 2608
Total Number of elements weighted: 1017
Normalized score (portion of input quartet trees satisfied before correcting for multiple individuals): 0.9871309613928841
Optimization score: 2608
Optimal tree inferred in 1.184 secs.
(t3,(t2,(t7,((t8,t4),((t6,t10),(t1,(t5,t9)))))));
Final quartet score is: 2608
Final normalized quartet score is: 0.9871309613928841
Extended species tree:
(t2,((t7,((t8,t4)1:1.3397743454849975,((t6,t10)1:5.542569881072477,(t1,(t5,t9)1:2.4756042571256867)1:3.444682493601893)1:1.4748477584613355)1:5.066805565563314)1:3.705408756065146,t3));
Weight calculation took 0.301757759 secs
ASTRAL finished in 1.475 secs
