
================== ASTRAL ===================== 

This is ASTRAL version 5.7.8
Gene trees are treated as unrooted
5634 trees read from quartet_temp.txt
index0
All output trees will be *arbitrarily* rooted at t3

======== Running the main analysis
Number of taxa: 10 (10 species)
Taxa: [t3, t8, t1, t5, t6, t7, t9, t10, t2, t4]
Taxon occupancy: {t4=1860, t5=1945, t6=1860, t10=2474, t7=1726, t8=2570, t9=1954, t1=2360, t2=2621, t3=3166}
Number of gene trees: 5634
5634 trees have missing taxa
Calculating quartet distance matrix (for completion of X)
Species tree distances calculated ...
Will attempt to complete bipartitions from X before adding using a distance matrix.
Building set of clusters (X) from gene trees 
------------------------------
gradient0: 63
Number of Clusters after addition by distance: 63
calculating extra bipartitions to be added at level 1 ...
Adding to X using resolutions of greedy consensus ...
Limit for sigma of degrees:300
polytomy size limit : 3
discarded polytomies:  []
Threshold 0.0:
Threshold 0.01:
Threshold 0.02:
Threshold 0.05:
Threshold 0.1:
Threshold 0.2:
Threshold 0.3333333333333333:
max k is :0
Number of Clusters after addition by greedy: 63
gradient0 in heuristiic: 63
calculating all possible bipartitions ...
Number of Clusters After Adding All possible clusters: 1023
partitions formed in 1.515 secs
Dynamic Programming starting after 1.515 secs
Using tree-based weight calculation.
Using polytree-based weight calculation.
Polytree max score: 5634
Polytree building time: 0.079 seconds.
Number of quartet trees in the gene trees: 5634
Size of largest cluster: 10
Greedy score: 5566
estimationFactor: 1.0122170319798778
Sub-optimal score: 5566
Total Number of elements weighted: 1066
Normalized score (portion of input quartet trees satisfied before correcting for multiple individuals): 0.9879304224352148
Optimization score: 5566
Optimal tree inferred in 2.027 secs.
(t8,(t3,(t2,(t4,((t1,t10),(t7,(t6,(t5,t9))))))));
Final quartet score is: 5566
Final normalized quartet score is: 0.9879304224352148
You may want to ignore posterior probabilities and other statistics related to the following branch branch because the effective number of genes impacting it is only 19:
	{t5, t9}
Extended species tree:
(t3,((t2,(t4,((t1,t10)1:3.915825291377883,(t7,(t6,(t5,t9)1:0.7985076962177715)1:1.1884686177899708)1:0.45319651092935437)1:5.840641657373396)1:4.663439094112068)1:2.92673940206704,t8));
Weight calculation took 0.242168274 secs
ASTRAL finished in 2.409 secs
