
================== ASTRAL ===================== 

This is ASTRAL version 5.7.8
Gene trees are treated as unrooted
6565 trees read from quartet_temp.txt
index0
All output trees will be *arbitrarily* rooted at t4

======== Running the main analysis
Number of taxa: 10 (10 species)
Taxa: [t4, t5, t2, t3, t6, t7, t8, t9, t10, t1]
Taxon occupancy: {t4=2300, t5=2295, t6=2552, t10=2633, t7=2428, t8=1897, t9=2655, t1=2502, t2=3458, t3=3540}
Number of gene trees: 6565
6565 trees have missing taxa
Calculating quartet distance matrix (for completion of X)
Species tree distances calculated ...
Will attempt to complete bipartitions from X before adding using a distance matrix.
Building set of clusters (X) from gene trees 
------------------------------
gradient0: 77
Number of Clusters after addition by distance: 77
calculating extra bipartitions to be added at level 1 ...
Adding to X using resolutions of greedy consensus ...
Limit for sigma of degrees:300
polytomy size limit : 3
discarded polytomies:  []
Threshold 0.0:
Threshold 0.01:
Threshold 0.02:
Threshold 0.05:
Threshold 0.1:
Threshold 0.2:
Threshold 0.3333333333333333:
max k is :0
Number of Clusters after addition by greedy: 77
gradient0 in heuristiic: 77
calculating all possible bipartitions ...
Number of Clusters After Adding All possible clusters: 1023
partitions formed in 1.483 secs
Dynamic Programming starting after 1.483 secs
Using tree-based weight calculation.
Using polytree-based weight calculation.
Polytree max score: 6565
Polytree building time: 0.097 seconds.
Number of quartet trees in the gene trees: 6565
Size of largest cluster: 10
Greedy score: 6421
estimationFactor: 1.0224264133312568
Sub-optimal score: 6421
Total Number of elements weighted: 857
Normalized score (portion of input quartet trees satisfied before correcting for multiple individuals): 0.9780654988575781
Optimization score: 6421
Optimal tree inferred in 2.264 secs.
(t5,((t6,t7),((t9,t10),((t4,t8),(t1,(t2,t3))))));
Final quartet score is: 6421
Final normalized quartet score is: 0.9780654988575781
Extended species tree:
(t4,(t8,((t1,(t2,t3)1:5.508037897530116)1:5.613128106388071,((t9,t10)1:4.706522680248385,((t6,t7)1:2.159484249353373,t5)1:0.7122865207706426)1:3.133075835064869)1:1.0650213442320742));
Weight calculation took 0.521553964 secs
ASTRAL finished in 2.679 secs
