
================== ASTRAL ===================== 

This is ASTRAL version 5.7.8
Gene trees are treated as unrooted
2501 trees read from quartet_temp.txt
index0
All output trees will be *arbitrarily* rooted at t5

======== Running the main analysis
Number of taxa: 10 (10 species)
Taxa: [t5, t6, t1, t2, t3, t4, t8, t9, t10, t7]
Taxon occupancy: {t4=1085, t5=1097, t6=1198, t10=1130, t7=973, t8=887, t9=985, t1=928, t2=811, t3=910}
Number of gene trees: 2501
2501 trees have missing taxa
Calculating quartet distance matrix (for completion of X)
Species tree distances calculated ...
Will attempt to complete bipartitions from X before adding using a distance matrix.
Building set of clusters (X) from gene trees 
------------------------------
gradient0: 113
Number of Clusters after addition by distance: 113
calculating extra bipartitions to be added at level 1 ...
Adding to X using resolutions of greedy consensus ...
Limit for sigma of degrees:300
polytomy size limit : 3
discarded polytomies:  []
Threshold 0.0:
Threshold 0.01:
Threshold 0.02:
Threshold 0.05:
Threshold 0.1:
Threshold 0.2:
Threshold 0.3333333333333333:
max k is :0
Number of Clusters after addition by greedy: 113
gradient0 in heuristiic: 113
calculating all possible bipartitions ...
Number of Clusters After Adding All possible clusters: 1023
partitions formed in 0.653 secs
Dynamic Programming starting after 0.653 secs
Using tree-based weight calculation.
Using polytree-based weight calculation.
Polytree max score: 2501
Polytree building time: 0.045 seconds.
Number of quartet trees in the gene trees: 2501
Size of largest cluster: 10
Greedy score: 2323
estimationFactor: 1.0766250538097288
Sub-optimal score: 2323
Total Number of elements weighted: 1220
Normalized score (portion of input quartet trees satisfied before correcting for multiple individuals): 0.928828468612555
Optimization score: 2323
Optimal tree inferred in 1.048 secs.
(t6,(t5,(t7,((t4,t10),((t2,t9),(t1,(t3,t8)))))));
Final quartet score is: 2323
Final normalized quartet score is: 0.928828468612555
You may want to ignore posterior probabilities and other statistics related to the following branch branch because the effective number of genes impacting it is only 18:
	{t3, t8}
Extended species tree:
(t5,((t7,((t4,t10)1:4.430816798843317,((t2,t9)1:1.939084183984913,(t1,(t3,t8)0.97:0.4595323293784402)1:1.3040562628829184)1:1.9979246840078473)1:0.7985076962177715)1:1.8562979903656265,t6));
Weight calculation took 0.189996628 secs
ASTRAL finished in 1.348 secs
