
================== ASTRAL ===================== 

This is ASTRAL version 5.7.8
Gene trees are treated as unrooted
3622 trees read from quartet_temp.txt
index0
All output trees will be *arbitrarily* rooted at t6

======== Running the main analysis
Number of taxa: 10 (10 species)
Taxa: [t6, t7, t1, t2, t3, t4, t5, t9, t10, t8]
Taxon occupancy: {t4=1481, t5=1283, t6=1065, t10=1302, t7=1277, t8=1798, t9=1942, t1=1588, t2=1506, t3=1246}
Number of gene trees: 3622
3622 trees have missing taxa
Calculating quartet distance matrix (for completion of X)
Species tree distances calculated ...
Will attempt to complete bipartitions from X before adding using a distance matrix.
Building set of clusters (X) from gene trees 
------------------------------
gradient0: 63
Number of Clusters after addition by distance: 63
calculating extra bipartitions to be added at level 1 ...
Adding to X using resolutions of greedy consensus ...
Limit for sigma of degrees:300
polytomy size limit : 3
discarded polytomies:  []
Threshold 0.0:
Threshold 0.01:
Threshold 0.02:
Threshold 0.05:
Threshold 0.1:
Threshold 0.2:
Threshold 0.3333333333333333:
max k is :0
Number of Clusters after addition by greedy: 63
gradient0 in heuristiic: 63
calculating all possible bipartitions ...
Number of Clusters After Adding All possible clusters: 1023
partitions formed in 0.858 secs
Dynamic Programming starting after 0.858 secs
Using tree-based weight calculation.
Using polytree-based weight calculation.
Polytree max score: 3622
Polytree building time: 0.055 seconds.
Number of quartet trees in the gene trees: 3622
Size of largest cluster: 10
Greedy score: 3575
estimationFactor: 1.013146853146853
Sub-optimal score: 3575
Total Number of elements weighted: 1013
Normalized score (portion of input quartet trees satisfied before correcting for multiple individuals): 0.9870237437879624
Optimization score: 3575
Optimal tree inferred in 1.297 secs.
(t7,(t2,(t6,((t1,(t9,t8)),(t3,(t5,(t4,t10)))))));
Final quartet score is: 3575
Final normalized quartet score is: 0.9870237437879624
Extended species tree:
(t6,(((t1,(t9,t8)1:4.759320865815357)1:5.6300163244166095,(t3,(t5,(t4,t10)1:1.6739764335716716)1:1.440361582390166)1:1.8865378755553444)1:2.799987696427895,(t2,t7)1:2.178532444324067));
Weight calculation took 0.22794804 secs
ASTRAL finished in 1.637 secs
