
================== ASTRAL ===================== 

This is ASTRAL version 5.7.8
Gene trees are treated as unrooted
3638 trees read from quartet_temp.txt
index0
All output trees will be *arbitrarily* rooted at t2

======== Running the main analysis
Number of taxa: 10 (10 species)
Taxa: [t2, t3, t1, t9, t4, t5, t6, t7, t8, t10]
Taxon occupancy: {t4=1214, t5=1615, t6=1794, t10=1800, t7=1344, t8=1254, t9=1288, t1=1283, t2=1472, t3=1488}
Number of gene trees: 3638
3638 trees have missing taxa
Calculating quartet distance matrix (for completion of X)
Species tree distances calculated ...
Will attempt to complete bipartitions from X before adding using a distance matrix.
Building set of clusters (X) from gene trees 
------------------------------
gradient0: 107
Number of Clusters after addition by distance: 107
calculating extra bipartitions to be added at level 1 ...
Adding to X using resolutions of greedy consensus ...
Limit for sigma of degrees:300
polytomy size limit : 3
discarded polytomies:  []
Threshold 0.0:
Threshold 0.01:
Threshold 0.02:
Threshold 0.05:
Threshold 0.1:
Threshold 0.2:
Threshold 0.3333333333333333:
max k is :0
Number of Clusters after addition by greedy: 107
gradient0 in heuristiic: 107
calculating all possible bipartitions ...
Number of Clusters After Adding All possible clusters: 1023
partitions formed in 0.871 secs
Dynamic Programming starting after 0.871 secs
Using tree-based weight calculation.
Using polytree-based weight calculation.
Polytree max score: 3638
Polytree building time: 0.062 seconds.
Number of quartet trees in the gene trees: 3638
Size of largest cluster: 10
Greedy score: 3309
estimationFactor: 1.0994258084013298
Sub-optimal score: 3309
Total Number of elements weighted: 1655
Normalized score (portion of input quartet trees satisfied before correcting for multiple individuals): 0.9095656954370533
Optimization score: 3309
Optimal tree inferred in 1.363 secs.
(t3,(t2,(t4,((t5,t7),((t6,t10),(t8,(t1,t9)))))));
Final quartet score is: 3309
Final normalized quartet score is: 0.9095656954370533
Extended species tree:
(t2,((t4,((t5,t7)1:1.3313532430885893,((t6,t10)1:1.8609169362219202,(t8,(t1,t9)1:2.4709204078132596)1:1.1114494354287905)1:1.0337516544660685)1:1.8971199848858815)1:1.0826119473216684,t3));
Weight calculation took 0.266928048 secs
ASTRAL finished in 1.695 secs
