
================== ASTRAL ===================== 

This is ASTRAL version 5.7.8
Gene trees are treated as unrooted
5933 trees read from quartet_temp.txt
index0
All output trees will be *arbitrarily* rooted at t4

======== Running the main analysis
Number of taxa: 10 (10 species)
Taxa: [t4, t5, t1, t2, t3, t6, t7, t8, t9, t10]
Taxon occupancy: {t4=2227, t5=1875, t6=1951, t10=2078, t7=2062, t8=2202, t9=2225, t1=3409, t2=3413, t3=2290}
Number of gene trees: 5933
5933 trees have missing taxa
Calculating quartet distance matrix (for completion of X)
Species tree distances calculated ...
Will attempt to complete bipartitions from X before adding using a distance matrix.
Building set of clusters (X) from gene trees 
------------------------------
gradient0: 77
Number of Clusters after addition by distance: 77
calculating extra bipartitions to be added at level 1 ...
Adding to X using resolutions of greedy consensus ...
Limit for sigma of degrees:300
polytomy size limit : 3
discarded polytomies:  []
Threshold 0.0:
Threshold 0.01:
Threshold 0.02:
Threshold 0.05:
Threshold 0.1:
Threshold 0.2:
Threshold 0.3333333333333333:
max k is :0
Number of Clusters after addition by greedy: 77
gradient0 in heuristiic: 77
calculating all possible bipartitions ...
Number of Clusters After Adding All possible clusters: 1023
partitions formed in 1.383 secs
Dynamic Programming starting after 1.383 secs
Using tree-based weight calculation.
Using polytree-based weight calculation.
Polytree max score: 5933
Polytree building time: 0.078 seconds.
Number of quartet trees in the gene trees: 5933
Size of largest cluster: 10
Greedy score: 5710
estimationFactor: 1.0390542907180385
Sub-optimal score: 5710
Total Number of elements weighted: 1649
Normalized score (portion of input quartet trees satisfied before correcting for multiple individuals): 0.962413618742626
Optimization score: 5710
Optimal tree inferred in 2.44 secs.
(t5,(t4,((t10,(t6,t9)),((t7,t8),(t3,(t1,t2))))));
Final quartet score is: 5710
Final normalized quartet score is: 0.962413618742626
Extended species tree:
(t4,(((t10,(t6,t9)0.93:0.3227733922630512)1:1.662188477819629,((t7,t8)1:1.8893979387919715,(t3,(t1,t2)1:5.458166067489944)1:2.2586219695729293)1:2.922763253687401)0.98:0.22476824704121154,t5));
Weight calculation took 0.726540895 secs
ASTRAL finished in 2.838 secs
