
================== ASTRAL ===================== 

This is ASTRAL version 5.7.8
Gene trees are treated as unrooted
6916 trees read from quartet_temp.txt
index0
All output trees will be *arbitrarily* rooted at t2

======== Running the main analysis
Number of taxa: 10 (10 species)
Taxa: [t2, t3, t1, t10, t5, t6, t8, t9, t4, t7]
Taxon occupancy: {t4=2431, t5=2613, t10=2756, t6=2514, t7=2027, t8=3285, t9=2616, t1=2547, t2=3091, t3=3784}
Number of gene trees: 6916
6916 trees have missing taxa
Calculating quartet distance matrix (for completion of X)
Species tree distances calculated ...
Will attempt to complete bipartitions from X before adding using a distance matrix.
Building set of clusters (X) from gene trees 
------------------------------
gradient0: 117
Number of Clusters after addition by distance: 117
calculating extra bipartitions to be added at level 1 ...
Adding to X using resolutions of greedy consensus ...
Limit for sigma of degrees:300
polytomy size limit : 3
discarded polytomies:  []
Threshold 0.0:
Threshold 0.01:
Threshold 0.02:
Threshold 0.05:
Threshold 0.1:
Threshold 0.2:
Threshold 0.3333333333333333:
max k is :0
Number of Clusters after addition by greedy: 117
gradient0 in heuristiic: 117
calculating all possible bipartitions ...
Number of Clusters After Adding All possible clusters: 1023
partitions formed in 1.669 secs
Dynamic Programming starting after 1.669 secs
Using tree-based weight calculation.
Using polytree-based weight calculation.
Polytree max score: 6916
Polytree building time: 0.11 seconds.
Number of quartet trees in the gene trees: 6916
Size of largest cluster: 10
Greedy score: 6660
estimationFactor: 1.0384384384384384
Sub-optimal score: 6660
Total Number of elements weighted: 1228
Normalized score (portion of input quartet trees satisfied before correcting for multiple individuals): 0.9629843840370156
Optimization score: 6660
Optimal tree inferred in 2.925 secs.
(t3,(t8,(t2,(t4,((t1,t10),(t7,(t9,(t5,t6))))))));
Final quartet score is: 6660
Final normalized quartet score is: 0.9629843840370156
Extended species tree:
(t2,((t4,((t1,t10)1:2.877055981920392,(t7,(t9,(t5,t6)0.62:0.08183001824763213)1:1.6680062665851678)1:0.40319495957362517)1:2.6263721700879437)1:5.028256895446073,(t8,t3)1:1.5697726560416687));
Weight calculation took 0.905597456 secs
ASTRAL finished in 3.34 secs
