
================== ASTRAL ===================== 

This is ASTRAL version 5.7.8
Gene trees are treated as unrooted
1290 trees read from tmp_quartet_ChG7vp5TCqHZb.txt
index0
All output trees will be *arbitrarily* rooted at t2
201 extra trees read from tmp_bipartitions_ChG7vp5TCqHZb.bootstrap.trees

======== Running the main analysis
Number of taxa: 10 (10 species)
Taxa: [t2, t3, t1, t6, t7, t5, t8, t9, t10, t4]
Taxon occupancy: {t4=484, t5=472, t6=656, t10=463, t7=654, t8=374, t9=430, t1=579, t2=619, t3=429}
Number of gene trees: 1290
1290 trees have missing taxa
Calculating quartet distance matrix (for completion of X)
Species tree distances calculated ...
Will attempt to complete bipartitions from X before adding using a distance matrix.
Building set of clusters (X) from gene trees 
------------------------------
gradient0: 91
Number of Clusters after addition by distance: 91
calculating extra bipartitions to be added at level 1 ...
Adding to X using resolutions of greedy consensus ...
Limit for sigma of degrees:300
polytomy size limit : 3
discarded polytomies:  []
Threshold 0.0:
Threshold 0.01:
Threshold 0.02:
Threshold 0.05:
Threshold 0.1:
Threshold 0.2:
Threshold 0.3333333333333333:
max k is :0
Number of Clusters after addition by greedy: 91
gradient0 in heuristiic: 91
calculating extra bipartitions from extra input trees ...
Number of Clusters after additions from extra trees: 107
partitions formed in 0.422 secs
Dynamic Programming starting after 0.422 secs
Using tree-based weight calculation.
Using polytree-based weight calculation.
Polytree max score: 1290
Polytree building time: 0.022 seconds.
Number of quartet trees in the gene trees: 1290
Size of largest cluster: 10
Greedy score: 1190
estimationFactor: 1.084033613445378
Sub-optimal score: 1229
Total Number of elements weighted: 112
Normalized score (portion of input quartet trees satisfied before correcting for multiple individuals): 0.9527131782945737
Optimization score: 1229
Optimal tree inferred in 0.544 secs.
(t3,((t9,(t10,(t6,t7))),(t8,((t2,t5),(t1,t4)))));
Final quartet score is: 1229
Final normalized quartet score is: 0.9527131782945737
You may want to ignore posterior probabilities and other statistics related to the following branch branch because the effective number of genes impacting it is only 10:
	{t6, t7, t10}
You may want to ignore posterior probabilities and other statistics related to the following branch branch because the effective number of genes impacting it is only 10:
	{t3, t6, t7, t8, t9, t10}
Extended species tree:
(t2,(t5,((t1,t4)1:1.7346010553881062,(t8,((t9,(t10,(t6,t7)1:3.3557350075853964)0.97:0.6061358035703156)1:1.4046434997880868,t3)1:1.5404450409471486)0.82:0.3829922522561057)1:4.2195077051761105));
Weight calculation took 0.036063778 secs
ASTRAL finished in 0.785 secs
