
================== ASTRAL ===================== 

This is ASTRAL version 5.7.8
Gene trees are treated as unrooted
5329 trees read from tmp_quartet_ChG7vp5TCqHZb.txt
index0
All output trees will be *arbitrarily* rooted at t2
201 extra trees read from tmp_bipartitions_ChG7vp5TCqHZb.bootstrap.trees

======== Running the main analysis
Number of taxa: 10 (10 species)
Taxa: [t2, t4, t1, t10, t3, t5, t6, t7, t8, t9]
Taxon occupancy: {t4=2386, t5=1817, t10=1637, t6=2435, t7=1602, t8=2097, t9=2272, t1=2459, t2=2694, t3=1917}
Number of gene trees: 5329
5329 trees have missing taxa
Calculating quartet distance matrix (for completion of X)
Species tree distances calculated ...
Will attempt to complete bipartitions from X before adding using a distance matrix.
Building set of clusters (X) from gene trees 
------------------------------
gradient0: 91
Number of Clusters after addition by distance: 91
calculating extra bipartitions to be added at level 1 ...
Adding to X using resolutions of greedy consensus ...
Limit for sigma of degrees:300
polytomy size limit : 3
discarded polytomies:  []
Threshold 0.0:
Threshold 0.01:
Threshold 0.02:
Threshold 0.05:
Threshold 0.1:
Threshold 0.2:
Threshold 0.3333333333333333:
max k is :0
Number of Clusters after addition by greedy: 91
gradient0 in heuristiic: 91
calculating extra bipartitions from extra input trees ...
Number of Clusters after additions from extra trees: 105
partitions formed in 1.338 secs
Dynamic Programming starting after 1.338 secs
Using tree-based weight calculation.
Using polytree-based weight calculation.
Polytree max score: 5329
Polytree building time: 0.091 seconds.
Number of quartet trees in the gene trees: 5329
Size of largest cluster: 10
Greedy score: 5202
estimationFactor: 1.0244136870434448
Sub-optimal score: 5202
Total Number of elements weighted: 96
Normalized score (portion of input quartet trees satisfied before correcting for multiple individuals): 0.9761681366109964
Optimization score: 5202
Optimal tree inferred in 1.6 secs.
(t4,(t2,(t1,(t5,(t3,(t7,(t6,(t8,(t10,t9)))))))));
Final quartet score is: 5202
Final normalized quartet score is: 0.9761681366109964
Extended species tree:
(t2,((t1,(t5,(t3,(t7,(t6,(t8,(t10,t9)1:0.7519876805828788)1:0.4803664162812821)1:3.692207244206611)1:2.0564520234551367)1:1.7757591278816138)1:4.907740870933624)1:4.048882188145342,t4));
Weight calculation took 0.046549518 secs
ASTRAL finished in 1.989 secs
