
================== ASTRAL ===================== 

This is ASTRAL version 5.7.8
Gene trees are treated as unrooted
3219 trees read from tmp_quartet_ChG7vp5TCqHZb.txt
index0
All output trees will be *arbitrarily* rooted at t3
201 extra trees read from tmp_bipartitions_ChG7vp5TCqHZb.bootstrap.trees

======== Running the main analysis
Number of taxa: 10 (10 species)
Taxa: [t3, t4, t2, t5, t7, t8, t10, t6, t9, t1]
Taxon occupancy: {t4=1220, t5=1321, t10=1862, t6=1932, t7=1115, t8=972, t9=988, t1=1109, t2=1132, t3=1225}
Number of gene trees: 3219
3219 trees have missing taxa
Calculating quartet distance matrix (for completion of X)
Species tree distances calculated ...
Will attempt to complete bipartitions from X before adding using a distance matrix.
Building set of clusters (X) from gene trees 
------------------------------
gradient0: 55
Number of Clusters after addition by distance: 55
calculating extra bipartitions to be added at level 1 ...
Adding to X using resolutions of greedy consensus ...
Limit for sigma of degrees:300
polytomy size limit : 3
discarded polytomies:  []
Threshold 0.0:
Threshold 0.01:
Threshold 0.02:
Threshold 0.05:
Threshold 0.1:
Threshold 0.2:
Threshold 0.3333333333333333:
max k is :0
Number of Clusters after addition by greedy: 55
gradient0 in heuristiic: 55
calculating extra bipartitions from extra input trees ...
Number of Clusters after additions from extra trees: 75
partitions formed in 0.753 secs
Dynamic Programming starting after 0.753 secs
Using tree-based weight calculation.
Using polytree-based weight calculation.
Polytree max score: 3219
Polytree building time: 0.053 seconds.
Number of quartet trees in the gene trees: 3219
Size of largest cluster: 10
Greedy score: 3144
estimationFactor: 1.0238549618320612
Sub-optimal score: 3147
Total Number of elements weighted: 62
Normalized score (portion of input quartet trees satisfied before correcting for multiple individuals): 0.9776328052190121
Optimization score: 3147
Optimal tree inferred in 0.942 secs.
(t4,(t3,(t5,((t1,(t10,t6)),((t8,t9),(t2,t7))))));
Final quartet score is: 3147
Final normalized quartet score is: 0.9776328052190121
You may want to ignore posterior probabilities and other statistics related to the following branch branch because the effective number of genes impacting it is only 18:
	{t8, t9}
Extended species tree:
(t3,((t5,((t1,(t10,t6)1:3.814042597067946)1:5.547778226179619,((t8,t9)0.79:0.23638877806423023,(t2,t7)1:1.8681324480126293)1:1.3318061758358206)1:0.6523251860396904)1:4.330733340286328,t4));
Weight calculation took 0.025797098 secs
ASTRAL finished in 1.273 secs
