
================== ASTRAL ===================== 

This is ASTRAL version 5.7.8
Gene trees are treated as unrooted
4347 trees read from tmp_quartet_ChG7vp5TCqHZb.txt
index0
All output trees will be *arbitrarily* rooted at t3
201 extra trees read from tmp_bipartitions_ChG7vp5TCqHZb.bootstrap.trees

======== Running the main analysis
Number of taxa: 10 (10 species)
Taxa: [t3, t4, t1, t2, t6, t10, t5, t7, t8, t9]
Taxon occupancy: {t4=2059, t5=2021, t6=1917, t10=2141, t7=1089, t8=1573, t9=1967, t1=1396, t2=1559, t3=1666}
Number of gene trees: 4347
4347 trees have missing taxa
Calculating quartet distance matrix (for completion of X)
Species tree distances calculated ...
Will attempt to complete bipartitions from X before adding using a distance matrix.
Building set of clusters (X) from gene trees 
------------------------------
gradient0: 65
Number of Clusters after addition by distance: 65
calculating extra bipartitions to be added at level 1 ...
Adding to X using resolutions of greedy consensus ...
Limit for sigma of degrees:300
polytomy size limit : 3
discarded polytomies:  []
Threshold 0.0:
Threshold 0.01:
Threshold 0.02:
Threshold 0.05:
Threshold 0.1:
Threshold 0.2:
Threshold 0.3333333333333333:
max k is :0
Number of Clusters after addition by greedy: 65
gradient0 in heuristiic: 65
calculating extra bipartitions from extra input trees ...
Number of Clusters after additions from extra trees: 83
partitions formed in 0.979 secs
Dynamic Programming starting after 0.979 secs
Using tree-based weight calculation.
Using polytree-based weight calculation.
Polytree max score: 4347
Polytree building time: 0.065 seconds.
Number of quartet trees in the gene trees: 4347
Size of largest cluster: 10
Greedy score: 4317
estimationFactor: 1.0069492703266156
Sub-optimal score: 4317
Total Number of elements weighted: 66
Normalized score (portion of input quartet trees satisfied before correcting for multiple individuals): 0.9930986887508627
Optimization score: 4317
Optimal tree inferred in 1.2 secs.
(t4,(t5,(t9,(t3,(t7,(t8,(t1,(t2,(t6,t10)))))))));
Final quartet score is: 4317
Final normalized quartet score is: 0.9930986887508627
Extended species tree:
(t3,((t7,(t8,(t1,(t2,(t6,t10)1:2.75153531304195)1:2.354544831924757)1:2.6548056865833978)1:2.317291240383741)1:5.01506989116412,(t9,(t5,t4)1:1.4816045409242156)1:1.9363406980391626));
Weight calculation took 0.036273794 secs
ASTRAL finished in 1.543 secs
