
================== ASTRAL ===================== 

This is ASTRAL version 5.7.8
Gene trees are treated as unrooted
6853 trees read from tmp_quartet_ChG7vp5TCqHZb.txt
index0
All output trees will be *arbitrarily* rooted at t4
201 extra trees read from tmp_bipartitions_ChG7vp5TCqHZb.bootstrap.trees

======== Running the main analysis
Number of taxa: 10 (10 species)
Taxa: [t4, t5, t1, t2, t3, t6, t7, t8, t9, t10]
Taxon occupancy: {t4=2031, t5=2490, t6=2812, t10=3119, t7=2723, t8=2774, t9=2940, t1=2630, t2=3004, t3=2889}
Number of gene trees: 6853
6853 trees have missing taxa
Calculating quartet distance matrix (for completion of X)
Species tree distances calculated ...
Will attempt to complete bipartitions from X before adding using a distance matrix.
Building set of clusters (X) from gene trees 
------------------------------
gradient0: 63
Number of Clusters after addition by distance: 63
calculating extra bipartitions to be added at level 1 ...
Adding to X using resolutions of greedy consensus ...
Limit for sigma of degrees:300
polytomy size limit : 3
discarded polytomies:  []
Threshold 0.0:
Threshold 0.01:
Threshold 0.02:
Threshold 0.05:
Threshold 0.1:
Threshold 0.2:
Threshold 0.3333333333333333:
max k is :0
Number of Clusters after addition by greedy: 63
gradient0 in heuristiic: 63
calculating extra bipartitions from extra input trees ...
Number of Clusters after additions from extra trees: 79
partitions formed in 1.526 secs
Dynamic Programming starting after 1.526 secs
Using tree-based weight calculation.
Using polytree-based weight calculation.
Polytree max score: 6853
Polytree building time: 0.104 seconds.
Number of quartet trees in the gene trees: 6853
Size of largest cluster: 10
Greedy score: 6746
estimationFactor: 1.01586125111177
Sub-optimal score: 6746
Total Number of elements weighted: 68
Normalized score (portion of input quartet trees satisfied before correcting for multiple individuals): 0.9843864001167372
Optimization score: 6746
Optimal tree inferred in 1.814 secs.
(t5,(t4,((t1,(t8,(t3,t9))),((t6,t7),(t2,t10)))));
Final quartet score is: 6746
Final normalized quartet score is: 0.9843864001167372
Extended species tree:
(t4,(((t1,(t8,(t3,t9)1:1.4733057381095203)1:1.2039728043259361)1:2.9708642069759774,((t6,t7)1:3.3787245258100977,(t2,t10)1:5.844510134151321)1:0.9859183225191976)1:4.240847021211097,t5));
Weight calculation took 0.04348997 secs
ASTRAL finished in 2.239 secs
