
================== ASTRAL ===================== 

This is ASTRAL version 5.7.8
Gene trees are treated as unrooted
5108 trees read from tmp_quartet_ChG7vp5TCqHZb.txt
index0
All output trees will be *arbitrarily* rooted at t4
201 extra trees read from tmp_bipartitions_ChG7vp5TCqHZb.bootstrap.trees

======== Running the main analysis
Number of taxa: 10 (10 species)
Taxa: [t4, t5, t1, t2, t3, t6, t7, t9, t10, t8]
Taxon occupancy: {t4=1927, t5=1713, t6=2022, t10=2114, t7=1895, t8=1673, t9=2113, t1=1527, t2=2725, t3=2723}
Number of gene trees: 5108
5108 trees have missing taxa
Calculating quartet distance matrix (for completion of X)
Species tree distances calculated ...
Will attempt to complete bipartitions from X before adding using a distance matrix.
Building set of clusters (X) from gene trees 
------------------------------
gradient0: 65
Number of Clusters after addition by distance: 65
calculating extra bipartitions to be added at level 1 ...
Adding to X using resolutions of greedy consensus ...
Limit for sigma of degrees:300
polytomy size limit : 3
discarded polytomies:  []
Threshold 0.0:
Threshold 0.01:
Threshold 0.02:
Threshold 0.05:
Threshold 0.1:
Threshold 0.2:
Threshold 0.3333333333333333:
max k is :0
Number of Clusters after addition by greedy: 65
gradient0 in heuristiic: 65
calculating extra bipartitions from extra input trees ...
Number of Clusters after additions from extra trees: 81
partitions formed in 1.298 secs
Dynamic Programming starting after 1.298 secs
Using tree-based weight calculation.
Using polytree-based weight calculation.
Polytree max score: 5108
Polytree building time: 0.074 seconds.
Number of quartet trees in the gene trees: 5108
Size of largest cluster: 10
Greedy score: 5070
estimationFactor: 1.0074950690335305
Sub-optimal score: 5070
Total Number of elements weighted: 61
Normalized score (portion of input quartet trees satisfied before correcting for multiple individuals): 0.9925606891151135
Optimization score: 5070
Optimal tree inferred in 1.536 secs.
(t5,((t6,t7),((t9,t10),((t4,t8),(t1,(t2,t3))))));
Final quartet score is: 5070
Final normalized quartet score is: 0.9925606891151135
Extended species tree:
(t4,(t8,((t1,(t2,t3)1:3.516508228173149)1:4.688285092698604,((t9,t10)1:2.913902255306359,((t6,t7)1:2.6672282065819553,t5)1:3.601868077124306)1:4.310053135048794)1:2.0329215260449427));
Weight calculation took 0.03965053 secs
ASTRAL finished in 1.934 secs
