
================== ASTRAL ===================== 

This is ASTRAL version 5.7.8
Gene trees are treated as unrooted
4026 trees read from tmp_quartet_ChG7vp5TCqHZb.txt
index0
All output trees will be *arbitrarily* rooted at t3
201 extra trees read from tmp_bipartitions_ChG7vp5TCqHZb.bootstrap.trees

======== Running the main analysis
Number of taxa: 10 (10 species)
Taxa: [t3, t8, t1, t2, t4, t5, t6, t7, t9, t10]
Taxon occupancy: {t4=1350, t5=1664, t6=1684, t10=1168, t7=1612, t8=1169, t9=1643, t1=2002, t2=1971, t3=1841}
Number of gene trees: 4026
4026 trees have missing taxa
Calculating quartet distance matrix (for completion of X)
Species tree distances calculated ...
Will attempt to complete bipartitions from X before adding using a distance matrix.
Building set of clusters (X) from gene trees 
------------------------------
gradient0: 107
Number of Clusters after addition by distance: 107
calculating extra bipartitions to be added at level 1 ...
Adding to X using resolutions of greedy consensus ...
Limit for sigma of degrees:300
polytomy size limit : 3
discarded polytomies:  []
Threshold 0.0:
Threshold 0.01:
Threshold 0.02:
Threshold 0.05:
Threshold 0.1:
Threshold 0.2:
Threshold 0.3333333333333333:
max k is :0
Number of Clusters after addition by greedy: 107
gradient0 in heuristiic: 107
calculating extra bipartitions from extra input trees ...
Number of Clusters after additions from extra trees: 121
partitions formed in 0.933 secs
Dynamic Programming starting after 0.933 secs
Using tree-based weight calculation.
Using polytree-based weight calculation.
Polytree max score: 4026
Polytree building time: 0.064 seconds.
Number of quartet trees in the gene trees: 4026
Size of largest cluster: 10
Greedy score: 3925
estimationFactor: 1.025732484076433
Sub-optimal score: 3925
Total Number of elements weighted: 109
Normalized score (portion of input quartet trees satisfied before correcting for multiple individuals): 0.9749130650769995
Optimization score: 3925
Optimal tree inferred in 1.166 secs.
(t8,(t3,((t1,t2),(t4,(t5,((t6,t7),(t9,t10)))))));
Final quartet score is: 3925
Final normalized quartet score is: 0.9749130650769995
Extended species tree:
(t3,(((t1,t2)1:2.335374915817036,(t4,(t5,((t6,t7)1:1.9318055428737717,(t9,t10)1:2.719100037288796)0.81:0.21622310846963608)1:2.842086516736701)1:4.037186148382156)1:2.590267165445826,t8));
Weight calculation took 0.051090034 secs
ASTRAL finished in 1.54 secs
