
================== ASTRAL ===================== 

This is ASTRAL version 5.7.8
Gene trees are treated as unrooted
4345 trees read from tmp_quartet_ChG7vp5TCqHZb.txt
index0
All output trees will be *arbitrarily* rooted at t4
201 extra trees read from tmp_bipartitions_ChG7vp5TCqHZb.bootstrap.trees

======== Running the main analysis
Number of taxa: 10 (10 species)
Taxa: [t4, t5, t1, t2, t3, t6, t7, t9, t10, t8]
Taxon occupancy: {t4=1529, t5=1976, t6=1803, t10=1168, t7=1757, t8=1482, t9=1731, t1=2029, t2=1944, t3=1961}
Number of gene trees: 4345
4345 trees have missing taxa
Calculating quartet distance matrix (for completion of X)
Species tree distances calculated ...
Will attempt to complete bipartitions from X before adding using a distance matrix.
Building set of clusters (X) from gene trees 
------------------------------
gradient0: 91
Number of Clusters after addition by distance: 91
calculating extra bipartitions to be added at level 1 ...
Adding to X using resolutions of greedy consensus ...
Limit for sigma of degrees:300
polytomy size limit : 3
discarded polytomies:  []
Threshold 0.0:
Threshold 0.01:
Threshold 0.02:
Threshold 0.05:
Threshold 0.1:
Threshold 0.2:
Threshold 0.3333333333333333:
max k is :0
Number of Clusters after addition by greedy: 91
gradient0 in heuristiic: 91
calculating extra bipartitions from extra input trees ...
Number of Clusters after additions from extra trees: 105
partitions formed in 1.198 secs
Dynamic Programming starting after 1.208 secs
Using tree-based weight calculation.
Using polytree-based weight calculation.
Polytree max score: 4345
Polytree building time: 0.083 seconds.
Number of quartet trees in the gene trees: 4345
Size of largest cluster: 10
Greedy score: 4084
estimationFactor: 1.0639079333986288
Sub-optimal score: 4126
Total Number of elements weighted: 101
Normalized score (portion of input quartet trees satisfied before correcting for multiple individuals): 0.9495972382048331
Optimization score: 4126
Optimal tree inferred in 1.445 secs.
(t5,((t9,t10),((t6,t7),(t4,((t3,t8),(t1,t2))))));
Final quartet score is: 4126
Final normalized quartet score is: 0.9495972382048331
Extended species tree:
(t4,(((t3,t8)1:4.7535901911063565,(t1,t2)1:2.093234863812172)1:2.7661578319094895,((t6,t7)1:1.2721810543524696,((t9,t10)1:0.9688530619650104,t5)1:0.52821736647786)1:2.183076431370192));
Weight calculation took 0.065416096 secs
ASTRAL finished in 1.816 secs
