
================== ASTRAL ===================== 

This is ASTRAL version 5.7.8
Gene trees are treated as unrooted
2942 trees read from tmp_quartet_ChG7vp5TCqHZb.txt
index0
All output trees will be *arbitrarily* rooted at t3
201 extra trees read from tmp_bipartitions_ChG7vp5TCqHZb.bootstrap.trees

======== Running the main analysis
Number of taxa: 10 (10 species)
Taxa: [t3, t4, t1, t9, t5, t6, t7, t8, t2, t10]
Taxon occupancy: {t4=1239, t5=1854, t6=1756, t10=899, t7=1358, t8=966, t9=967, t1=798, t2=925, t3=1006}
Number of gene trees: 2942
2942 trees have missing taxa
Calculating quartet distance matrix (for completion of X)
Species tree distances calculated ...
Will attempt to complete bipartitions from X before adding using a distance matrix.
Building set of clusters (X) from gene trees 
------------------------------
gradient0: 69
Number of Clusters after addition by distance: 69
calculating extra bipartitions to be added at level 1 ...
Adding to X using resolutions of greedy consensus ...
Limit for sigma of degrees:300
polytomy size limit : 3
discarded polytomies:  []
Threshold 0.0:
Threshold 0.01:
Threshold 0.02:
Threshold 0.05:
Threshold 0.1:
Threshold 0.2:
Threshold 0.3333333333333333:
max k is :0
Number of Clusters after addition by greedy: 69
gradient0 in heuristiic: 69
calculating extra bipartitions from extra input trees ...
Number of Clusters after additions from extra trees: 91
partitions formed in 0.747 secs
Dynamic Programming starting after 0.747 secs
Using tree-based weight calculation.
Using polytree-based weight calculation.
Polytree max score: 2942
Polytree building time: 0.045 seconds.
Number of quartet trees in the gene trees: 2942
Size of largest cluster: 10
Greedy score: 2845
estimationFactor: 1.0340949033391915
Sub-optimal score: 2845
Total Number of elements weighted: 76
Normalized score (portion of input quartet trees satisfied before correcting for multiple individuals): 0.9670292318150918
Optimization score: 2845
Optimal tree inferred in 0.908 secs.
(t4,(t7,(t3,((t10,(t5,t6)),((t8,t2),(t1,t9))))));
Final quartet score is: 2845
Final normalized quartet score is: 0.9670292318150918
Extended species tree:
(t3,(((t10,(t5,t6)1:5.111987788356531)1:1.9708077006770406,((t8,t2)1:1.4190841839428816,(t1,t9)1:1.3375041969504584)1:1.2163953243244932)1:2.3127892631682876,(t7,t4)1:1.8055527913603908));
Weight calculation took 0.044704678 secs
ASTRAL finished in 1.252 secs
