
================== ASTRAL ===================== 

This is ASTRAL version 5.7.8
Gene trees are treated as unrooted
2363 trees read from tmp_quartet_ChG7vp5TCqHZb.txt
index0
All output trees will be *arbitrarily* rooted at t5
201 extra trees read from tmp_bipartitions_ChG7vp5TCqHZb.bootstrap.trees

======== Running the main analysis
Number of taxa: 10 (10 species)
Taxa: [t5, t7, t2, t3, t4, t6, t9, t8, t10, t1]
Taxon occupancy: {t4=996, t5=781, t6=948, t10=795, t7=1099, t8=1049, t9=829, t1=884, t2=1025, t3=1046}
Number of gene trees: 2363
2363 trees have missing taxa
Calculating quartet distance matrix (for completion of X)
Species tree distances calculated ...
Will attempt to complete bipartitions from X before adding using a distance matrix.
Building set of clusters (X) from gene trees 
------------------------------
gradient0: 61
Number of Clusters after addition by distance: 61
calculating extra bipartitions to be added at level 1 ...
Adding to X using resolutions of greedy consensus ...
Limit for sigma of degrees:300
polytomy size limit : 3
discarded polytomies:  []
Threshold 0.0:
Threshold 0.01:
Threshold 0.02:
Threshold 0.05:
Threshold 0.1:
Threshold 0.2:
Threshold 0.3333333333333333:
max k is :0
Number of Clusters after addition by greedy: 61
gradient0 in heuristiic: 61
calculating extra bipartitions from extra input trees ...
Number of Clusters after additions from extra trees: 81
partitions formed in 0.608 secs
Dynamic Programming starting after 0.62 secs
Using tree-based weight calculation.
Using polytree-based weight calculation.
Polytree max score: 2363
Polytree building time: 0.04 seconds.
Number of quartet trees in the gene trees: 2363
Size of largest cluster: 10
Greedy score: 2294
estimationFactor: 1.0300784655623365
Sub-optimal score: 2294
Total Number of elements weighted: 71
Normalized score (portion of input quartet trees satisfied before correcting for multiple individuals): 0.9707998307236564
Optimization score: 2294
Optimal tree inferred in 0.758 secs.
(t7,(t8,(t5,(t2,((t3,t4),(t9,(t10,(t6,t1))))))));
Final quartet score is: 2294
Final normalized quartet score is: 0.9707998307236564
Extended species tree:
(t5,((t2,((t3,t4)1:1.8216124323777365,(t9,(t10,(t6,t1)1:0.49740260343385)0.58:0.13685918271719744)1:2.9957322735539913)1:4.6821312271242155)1:4.356708826689595,(t8,t7)1:3.444682493601893));
Weight calculation took 0.026330926 secs
ASTRAL finished in 1.069 secs
