
================== ASTRAL ===================== 

This is ASTRAL version 5.7.8
Gene trees are treated as unrooted
4791 trees read from tmp_quartet_ChG7vp5TCqHZb.txt
index0
All output trees will be *arbitrarily* rooted at t2
201 extra trees read from tmp_bipartitions_ChG7vp5TCqHZb.bootstrap.trees

======== Running the main analysis
Number of taxa: 10 (10 species)
Taxa: [t2, t4, t1, t3, t9, t10, t5, t6, t7, t8]
Taxon occupancy: {t4=1534, t5=1666, t10=2362, t6=1482, t7=1971, t8=1964, t9=2098, t1=1868, t2=1824, t3=2395}
Number of gene trees: 4791
4791 trees have missing taxa
Calculating quartet distance matrix (for completion of X)
Species tree distances calculated ...
Will attempt to complete bipartitions from X before adding using a distance matrix.
Building set of clusters (X) from gene trees 
------------------------------
gradient0: 87
Number of Clusters after addition by distance: 87
calculating extra bipartitions to be added at level 1 ...
Adding to X using resolutions of greedy consensus ...
Limit for sigma of degrees:300
polytomy size limit : 3
discarded polytomies:  []
Threshold 0.0:
Threshold 0.01:
Threshold 0.02:
Threshold 0.05:
Threshold 0.1:
Threshold 0.2:
Threshold 0.3333333333333333:
max k is :0
Number of Clusters after addition by greedy: 87
gradient0 in heuristiic: 87
calculating extra bipartitions from extra input trees ...
Number of Clusters after additions from extra trees: 99
partitions formed in 1.083 secs
Dynamic Programming starting after 1.083 secs
Using tree-based weight calculation.
Using polytree-based weight calculation.
Polytree max score: 4791
Polytree building time: 0.093 seconds.
Number of quartet trees in the gene trees: 4791
Size of largest cluster: 10
Greedy score: 4707
estimationFactor: 1.0178457616316126
Sub-optimal score: 4707
Total Number of elements weighted: 88
Normalized score (portion of input quartet trees satisfied before correcting for multiple individuals): 0.9830932999373826
Optimization score: 4710
Optimal tree inferred in 1.339 secs.
(t4,(t6,(t5,(t2,((t7,t8),(t1,(t3,(t9,t10))))))));
Final quartet score is: 4710
Final normalized quartet score is: 0.9830932999373826
You may want to ignore posterior probabilities and other statistics related to the following branch branch because the effective number of genes impacting it is only 12:
	{t4, t6}
Extended species tree:
(t2,(((t7,t8)1:4.386184644822549,(t1,(t3,(t9,t10)1:2.268683541318364)1:2.5520459526256287)1:5.832859516931343)1:0.7939518796819109,(t5,(t6,t4)0.87:0.3677247801253174)1:1.2636920390275586));
Weight calculation took 0.036672138 secs
ASTRAL finished in 1.727 secs
