
================== ASTRAL ===================== 

This is ASTRAL version 5.7.8
Gene trees are treated as unrooted
2491 trees read from tmp_quartet_ChG7vp5TCqHZb.txt
index0
All output trees will be *arbitrarily* rooted at t2
201 extra trees read from tmp_bipartitions_ChG7vp5TCqHZb.bootstrap.trees

======== Running the main analysis
Number of taxa: 10 (10 species)
Taxa: [t2, t3, t1, t8, t4, t5, t7, t10, t6, t9]
Taxon occupancy: {t4=891, t5=992, t10=1025, t6=1044, t7=810, t8=800, t9=1131, t1=975, t2=1134, t3=1162}
Number of gene trees: 2491
2491 trees have missing taxa
Calculating quartet distance matrix (for completion of X)
Species tree distances calculated ...
Will attempt to complete bipartitions from X before adding using a distance matrix.
Building set of clusters (X) from gene trees 
------------------------------
gradient0: 81
Number of Clusters after addition by distance: 81
calculating extra bipartitions to be added at level 1 ...
Adding to X using resolutions of greedy consensus ...
Limit for sigma of degrees:300
polytomy size limit : 3
discarded polytomies:  [3]
Threshold 0.0:
Threshold 0.01:
Threshold 0.02:
Threshold 0.05:
Threshold 0.1:
Threshold 0.2:
Threshold 0.3333333333333333:
polytomy of size 3; rounds with additions with at least 5 support: 0; clusters: 81
max k is :0
Number of Clusters after addition by greedy: 81
gradient0 in heuristiic: 81
calculating extra bipartitions from extra input trees ...
Number of Clusters after additions from extra trees: 93
partitions formed in 0.905 secs
Dynamic Programming starting after 0.905 secs
Using tree-based weight calculation.
Using polytree-based weight calculation.
Polytree max score: 2491
Polytree building time: 0.043 seconds.
Number of quartet trees in the gene trees: 2491
Size of largest cluster: 10
Greedy score: 2348
estimationFactor: 1.0609028960817717
Sub-optimal score: 2348
Total Number of elements weighted: 84
Normalized score (portion of input quartet trees satisfied before correcting for multiple individuals): 0.9425933360096347
Optimization score: 2348
Optimal tree inferred in 1.057 secs.
(t3,(t2,(t4,((t5,t7),((t10,t6),(t8,(t1,t9)))))));
Final quartet score is: 2348
Final normalized quartet score is: 0.9425933360096347
Extended species tree:
(t2,((t4,((t5,t7)1:1.1034315751040586,((t10,t6)1:1.6468254445057207,(t8,(t1,t9)1:3.0177111802727654)1:3.0602707946915624)1:2.089197716625201)1:1.1511746187589653)1:0.6931471805599453,t3));
Weight calculation took 0.034607007 secs
ASTRAL finished in 1.347 secs
