
================== ASTRAL ===================== 

This is ASTRAL version 5.7.8
Gene trees are treated as unrooted
5117 trees read from tmp_quartet_ChG7vp5TCqHZb.txt
index0
All output trees will be *arbitrarily* rooted at t4
201 extra trees read from tmp_bipartitions_ChG7vp5TCqHZb.bootstrap.trees

======== Running the main analysis
Number of taxa: 10 (10 species)
Taxa: [t4, t5, t1, t2, t3, t6, t7, t8, t9, t10]
Taxon occupancy: {t4=1441, t5=1787, t6=2052, t10=2341, t7=1999, t8=2090, t9=2296, t1=1868, t2=2310, t3=2284}
Number of gene trees: 5117
5117 trees have missing taxa
Calculating quartet distance matrix (for completion of X)
Species tree distances calculated ...
Will attempt to complete bipartitions from X before adding using a distance matrix.
Building set of clusters (X) from gene trees 
------------------------------
gradient0: 43
Number of Clusters after addition by distance: 43
calculating extra bipartitions to be added at level 1 ...
Adding to X using resolutions of greedy consensus ...
Limit for sigma of degrees:300
polytomy size limit : 3
discarded polytomies:  []
Threshold 0.0:
Threshold 0.01:
Threshold 0.02:
Threshold 0.05:
Threshold 0.1:
Threshold 0.2:
Threshold 0.3333333333333333:
max k is :0
Number of Clusters after addition by greedy: 43
gradient0 in heuristiic: 43
calculating extra bipartitions from extra input trees ...
Number of Clusters after additions from extra trees: 65
partitions formed in 1.298 secs
Dynamic Programming starting after 1.311 secs
Using tree-based weight calculation.
Using polytree-based weight calculation.
Polytree max score: 5117
Polytree building time: 0.091 seconds.
Number of quartet trees in the gene trees: 5117
Size of largest cluster: 10
Greedy score: 5115
estimationFactor: 1.0003910068426198
Sub-optimal score: 5115
Total Number of elements weighted: 51
Normalized score (portion of input quartet trees satisfied before correcting for multiple individuals): 0.999609145983975
Optimization score: 5115
Optimal tree inferred in 1.556 secs.
(t5,(t4,((t1,(t8,(t3,t9))),((t6,t7),(t2,t10)))));
Final quartet score is: 5115
Final normalized quartet score is: 0.999609145983975
Extended species tree:
(t4,(((t1,(t8,(t3,t9)1:3.857214768933152)1:2.8526314299133184)1:5.461002948825115,((t6,t7)1:2.786382044372116,(t2,t10)1:5.542569881072477)1:2.6390573296152575)1:5.440973666949551,t5));
Weight calculation took 0.044974603 secs
ASTRAL finished in 1.934 secs
