
================== ASTRAL ===================== 

This is ASTRAL version 5.7.8
Gene trees are treated as unrooted
3433 trees read from tmp_quartet_ChG7vp5TCqHZb.txt
index0
All output trees will be *arbitrarily* rooted at t5
201 extra trees read from tmp_bipartitions_ChG7vp5TCqHZb.bootstrap.trees

======== Running the main analysis
Number of taxa: 10 (10 species)
Taxa: [t5, t7, t1, t2, t3, t4, t6, t8, t10, t9]
Taxon occupancy: {t4=1098, t5=1415, t6=1186, t10=1648, t7=1625, t8=1553, t9=917, t1=1238, t2=1588, t3=1464}
Number of gene trees: 3433
3433 trees have missing taxa
Calculating quartet distance matrix (for completion of X)
Species tree distances calculated ...
Will attempt to complete bipartitions from X before adding using a distance matrix.
Building set of clusters (X) from gene trees 
------------------------------
gradient0: 45
Number of Clusters after addition by distance: 45
calculating extra bipartitions to be added at level 1 ...
Adding to X using resolutions of greedy consensus ...
Limit for sigma of degrees:300
polytomy size limit : 3
discarded polytomies:  []
Threshold 0.0:
Threshold 0.01:
Threshold 0.02:
Threshold 0.05:
Threshold 0.1:
Threshold 0.2:
Threshold 0.3333333333333333:
max k is :0
Number of Clusters after addition by greedy: 45
gradient0 in heuristiic: 45
calculating extra bipartitions from extra input trees ...
Number of Clusters after additions from extra trees: 73
partitions formed in 0.801 secs
Dynamic Programming starting after 0.801 secs
Using tree-based weight calculation.
Using polytree-based weight calculation.
Polytree max score: 3433
Polytree building time: 0.048 seconds.
Number of quartet trees in the gene trees: 3433
Size of largest cluster: 10
Greedy score: 3426
estimationFactor: 1.0020431990659662
Sub-optimal score: 3426
Total Number of elements weighted: 57
Normalized score (portion of input quartet trees satisfied before correcting for multiple individuals): 0.9979609670841829
Optimization score: 3426
Optimal tree inferred in 0.998 secs.
(t7,((t8,t10),(t5,(t6,(t9,((t1,t4),(t2,t3)))))));
Final quartet score is: 3426
Final normalized quartet score is: 0.9979609670841829
You may want to ignore posterior probabilities and other statistics related to the following branch branch because the effective number of genes impacting it is only 18:
	{t1, t4}
Extended species tree:
(t5,((t6,(t9,((t1,t4)1:2.538973871058275,(t2,t3)1:4.116323468940871)1:3.3557350075853964)1:3.0285220963769826)1:4.2195077051761105,((t8,t10)1:2.730029107820986,t7)1:4.857225080796717));
Weight calculation took 0.024644226 secs
ASTRAL finished in 1.327 secs
