
================== ASTRAL ===================== 

This is ASTRAL version 5.7.8
Gene trees are treated as unrooted
2156 trees read from tmp_quartet_ChG7vp5TCqHZb.txt
index0
All output trees will be *arbitrarily* rooted at t2
201 extra trees read from tmp_bipartitions_ChG7vp5TCqHZb.bootstrap.trees

======== Running the main analysis
Number of taxa: 10 (10 species)
Taxa: [t2, t7, t1, t3, t4, t5, t6, t8, t9, t10]
Taxon occupancy: {t4=916, t5=806, t6=499, t10=808, t7=802, t8=1020, t9=1179, t1=924, t2=901, t3=769}
Number of gene trees: 2156
2156 trees have missing taxa
Calculating quartet distance matrix (for completion of X)
Species tree distances calculated ...
Will attempt to complete bipartitions from X before adding using a distance matrix.
Building set of clusters (X) from gene trees 
------------------------------
gradient0: 47
Number of Clusters after addition by distance: 47
calculating extra bipartitions to be added at level 1 ...
Adding to X using resolutions of greedy consensus ...
Limit for sigma of degrees:300
polytomy size limit : 3
discarded polytomies:  []
Threshold 0.0:
Threshold 0.01:
Threshold 0.02:
Threshold 0.05:
Threshold 0.1:
Threshold 0.2:
Threshold 0.3333333333333333:
max k is :0
Number of Clusters after addition by greedy: 47
gradient0 in heuristiic: 47
calculating extra bipartitions from extra input trees ...
Number of Clusters after additions from extra trees: 69
partitions formed in 0.581 secs
Dynamic Programming starting after 0.588 secs
Using tree-based weight calculation.
Using polytree-based weight calculation.
Polytree max score: 2156
Polytree building time: 0.048 seconds.
Number of quartet trees in the gene trees: 2156
Size of largest cluster: 10
Greedy score: 2150
estimationFactor: 1.0027906976744185
Sub-optimal score: 2150
Total Number of elements weighted: 55
Normalized score (portion of input quartet trees satisfied before correcting for multiple individuals): 0.9972170686456401
Optimization score: 2150
Optimal tree inferred in 0.73 secs.
(t7,(t2,((t6,(t1,(t8,t9))),(t3,(t5,(t4,t10))))));
Final quartet score is: 2150
Final normalized quartet score is: 0.9972170686456401
You may want to ignore posterior probabilities and other statistics related to the following branch branch because the effective number of genes impacting it is only 10:
	{t1, t6, t8, t9}
Extended species tree:
(t2,(((t6,(t1,(t8,t9)1:3.737669618283365)1:4.422848629194136)1:1.9924301646902058,(t3,(t5,(t4,t10)1:3.205452804536062)1:3.8430301339411983)1:1.7261621867422416)1:4.446565155811453,t7));
Weight calculation took 0.041041709 secs
ASTRAL finished in 1.028 secs
