
================== ASTRAL ===================== 

This is ASTRAL version 5.7.8
Gene trees are treated as unrooted
4715 trees read from tmp_quartet_ChG7vp5TCqHZb.txt
index0
All output trees will be *arbitrarily* rooted at t5
201 extra trees read from tmp_bipartitions_ChG7vp5TCqHZb.bootstrap.trees

======== Running the main analysis
Number of taxa: 10 (10 species)
Taxa: [t5, t7, t1, t4, t10, t9, t2, t3, t6, t8]
Taxon occupancy: {t4=2513, t5=2044, t10=2481, t6=1292, t7=1977, t8=1622, t9=1708, t1=1848, t2=1711, t3=1664}
Number of gene trees: 4715
4715 trees have missing taxa
Calculating quartet distance matrix (for completion of X)
Species tree distances calculated ...
Will attempt to complete bipartitions from X before adding using a distance matrix.
Building set of clusters (X) from gene trees 
------------------------------
gradient0: 53
Number of Clusters after addition by distance: 53
calculating extra bipartitions to be added at level 1 ...
Adding to X using resolutions of greedy consensus ...
Limit for sigma of degrees:300
polytomy size limit : 3
discarded polytomies:  []
Threshold 0.0:
Threshold 0.01:
Threshold 0.02:
Threshold 0.05:
Threshold 0.1:
Threshold 0.2:
Threshold 0.3333333333333333:
max k is :0
Number of Clusters after addition by greedy: 53
gradient0 in heuristiic: 53
calculating extra bipartitions from extra input trees ...
Number of Clusters after additions from extra trees: 69
partitions formed in 1.052 secs
Dynamic Programming starting after 1.052 secs
Using tree-based weight calculation.
Using polytree-based weight calculation.
Polytree max score: 4715
Polytree building time: 0.061 seconds.
Number of quartet trees in the gene trees: 4715
Size of largest cluster: 10
Greedy score: 4695
estimationFactor: 1.0042598509052183
Sub-optimal score: 4695
Total Number of elements weighted: 55
Normalized score (portion of input quartet trees satisfied before correcting for multiple individuals): 0.9957582184517497
Optimization score: 4695
Optimal tree inferred in 1.291 secs.
(t7,(t5,((t9,t8),(t6,(t2,(t1,(t3,(t4,t10))))))));
Final quartet score is: 4695
Final normalized quartet score is: 0.9957582184517497
Extended species tree:
(t5,(((t9,t8)1:3.0285220963769826,(t6,(t2,(t1,(t3,(t4,t10)1:2.590267165445826)1:4.507189777627891)1:5.185521872402704)1:1.5755363607584187)1:3.7942399697717617)1:3.0285220963769826,t7));
Weight calculation took 0.038090593 secs
ASTRAL finished in 1.669 secs
