
================== ASTRAL ===================== 

This is ASTRAL version 5.7.8
Gene trees are treated as unrooted
4377 trees read from tmp_quartet_ChG7vp5TCqHZb.txt
index0
All output trees will be *arbitrarily* rooted at t2
201 extra trees read from tmp_bipartitions_ChG7vp5TCqHZb.bootstrap.trees

======== Running the main analysis
Number of taxa: 10 (10 species)
Taxa: [t2, t3, t1, t4, t8, t5, t6, t7, t9, t10]
Taxon occupancy: {t4=1593, t5=1565, t6=1770, t10=1834, t7=1619, t8=1229, t9=1840, t1=1564, t2=2229, t3=2265}
Number of gene trees: 4377
4377 trees have missing taxa
Calculating quartet distance matrix (for completion of X)
Species tree distances calculated ...
Will attempt to complete bipartitions from X before adding using a distance matrix.
Building set of clusters (X) from gene trees 
------------------------------
gradient0: 57
Number of Clusters after addition by distance: 57
calculating extra bipartitions to be added at level 1 ...
Adding to X using resolutions of greedy consensus ...
Limit for sigma of degrees:300
polytomy size limit : 3
discarded polytomies:  []
Threshold 0.0:
Threshold 0.01:
Threshold 0.02:
Threshold 0.05:
Threshold 0.1:
Threshold 0.2:
Threshold 0.3333333333333333:
max k is :0
Number of Clusters after addition by greedy: 57
gradient0 in heuristiic: 57
calculating extra bipartitions from extra input trees ...
Number of Clusters after additions from extra trees: 73
partitions formed in 1.184 secs
Dynamic Programming starting after 1.196 secs
Using tree-based weight calculation.
Using polytree-based weight calculation.
Polytree max score: 4377
Polytree building time: 0.074 seconds.
Number of quartet trees in the gene trees: 4377
Size of largest cluster: 10
Greedy score: 4334
estimationFactor: 1.0099215505306876
Sub-optimal score: 4334
Total Number of elements weighted: 58
Normalized score (portion of input quartet trees satisfied before correcting for multiple individuals): 0.9901759195796207
Optimization score: 4334
Optimal tree inferred in 1.429 secs.
(t3,(t2,(t1,((t4,t8),((t9,t10),(t5,(t6,t7)))))));
Final quartet score is: 4334
Final normalized quartet score is: 0.9901759195796207
Extended species tree:
(t2,((t1,((t4,t8)1:1.373390956283983,((t9,t10)1:5.417580787374849,(t5,(t6,t7)1:1.4748477584613355)1:4.248495242049363)1:4.644390899141376)1:1.9258693981718669)1:5.0369526024136375,t3));
Weight calculation took 0.053842186 secs
ASTRAL finished in 1.774 secs
