
================== ASTRAL ===================== 

This is ASTRAL version 5.7.8
Gene trees are treated as unrooted
5748 trees read from tmp_quartet_ChG7vp5TCqHZb.txt
index0
All output trees will be *arbitrarily* rooted at t2
201 extra trees read from tmp_bipartitions_ChG7vp5TCqHZb.bootstrap.trees

======== Running the main analysis
Number of taxa: 10 (10 species)
Taxa: [t2, t4, t1, t10, t3, t5, t6, t7, t8, t9]
Taxon occupancy: {t4=2707, t5=1783, t10=2028, t6=2511, t7=1668, t8=2190, t9=2451, t1=2636, t2=2996, t3=2022}
Number of gene trees: 5748
5748 trees have missing taxa
Calculating quartet distance matrix (for completion of X)
Species tree distances calculated ...
Will attempt to complete bipartitions from X before adding using a distance matrix.
Building set of clusters (X) from gene trees 
------------------------------
gradient0: 71
Number of Clusters after addition by distance: 71
calculating extra bipartitions to be added at level 1 ...
Adding to X using resolutions of greedy consensus ...
Limit for sigma of degrees:300
polytomy size limit : 3
discarded polytomies:  []
Threshold 0.0:
Threshold 0.01:
Threshold 0.02:
Threshold 0.05:
Threshold 0.1:
Threshold 0.2:
Threshold 0.3333333333333333:
max k is :0
Number of Clusters after addition by greedy: 71
gradient0 in heuristiic: 71
calculating extra bipartitions from extra input trees ...
Number of Clusters after additions from extra trees: 91
partitions formed in 1.458 secs
Dynamic Programming starting after 1.458 secs
Using tree-based weight calculation.
Using polytree-based weight calculation.
Polytree max score: 5748
Polytree building time: 0.09 seconds.
Number of quartet trees in the gene trees: 5748
Size of largest cluster: 10
Greedy score: 5618
estimationFactor: 1.0231399074403702
Sub-optimal score: 5618
Total Number of elements weighted: 81
Normalized score (portion of input quartet trees satisfied before correcting for multiple individuals): 0.9773834377174669
Optimization score: 5618
Optimal tree inferred in 1.729 secs.
(t4,(t2,(t1,(t5,(t3,(t7,(t6,(t8,(t10,t9)))))))));
Final quartet score is: 5618
Final normalized quartet score is: 0.9773834377174669
Extended species tree:
(t2,((t1,(t5,(t3,(t7,(t6,(t8,(t10,t9)1:1.6739764335716716)1:0.6931471805599453)1:2.618003920417426)1:1.1823113075447567)1:1.015920572822996)1:5.139712336371398)1:4.5849674786705705,t4));
Weight calculation took 0.077990097 secs
ASTRAL finished in 2.129 secs
