
================== ASTRAL ===================== 

This is ASTRAL version 5.7.8
Gene trees are treated as unrooted
4427 trees read from tmp_quartet_ChG7vp5TCqHZb.txt
index0
All output trees will be *arbitrarily* rooted at t10
201 extra trees read from tmp_bipartitions_ChG7vp5TCqHZb.bootstrap.trees

======== Running the main analysis
Number of taxa: 10 (10 species)
Taxa: [t10, t4, t1, t2, t3, t5, t6, t7, t8, t9]
Taxon occupancy: {t4=2404, t5=1927, t10=2378, t6=1236, t7=1867, t8=1471, t9=1636, t1=1608, t2=1674, t3=1507}
Number of gene trees: 4427
4427 trees have missing taxa
Calculating quartet distance matrix (for completion of X)
Species tree distances calculated ...
Will attempt to complete bipartitions from X before adding using a distance matrix.
Building set of clusters (X) from gene trees 
------------------------------
gradient0: 87
Number of Clusters after addition by distance: 87
calculating extra bipartitions to be added at level 1 ...
Adding to X using resolutions of greedy consensus ...
Limit for sigma of degrees:300
polytomy size limit : 3
discarded polytomies:  []
Threshold 0.0:
Threshold 0.01:
Threshold 0.02:
Threshold 0.05:
Threshold 0.1:
Threshold 0.2:
Threshold 0.3333333333333333:
max k is :0
Number of Clusters after addition by greedy: 87
gradient0 in heuristiic: 87
calculating extra bipartitions from extra input trees ...
Number of Clusters after additions from extra trees: 101
partitions formed in 1.228 secs
Dynamic Programming starting after 1.228 secs
Using tree-based weight calculation.
Using polytree-based weight calculation.
Polytree max score: 4427
Polytree building time: 0.083 seconds.
Number of quartet trees in the gene trees: 4427
Size of largest cluster: 10
Greedy score: 4359
estimationFactor: 1.015599908235834
Sub-optimal score: 4359
Total Number of elements weighted: 79
Normalized score (portion of input quartet trees satisfied before correcting for multiple individuals): 0.9846397108651457
Optimization score: 4359
Optimal tree inferred in 1.47 secs.
(t4,(t10,(t3,(t1,(t2,(t6,((t5,t7),(t8,t9))))))));
Final quartet score is: 4359
Final normalized quartet score is: 0.9846397108651457
Extended species tree:
(t10,((t3,(t1,(t2,(t6,((t5,t7)1:3.878121453752463,(t8,t9)1:2.730029107820986)1:3.889550149576085)1:1.1856236656577395)1:2.498699971920336)1:2.0037297199441397)1:2.9704144655697013,t4));
Weight calculation took 0.049313684 secs
ASTRAL finished in 1.843 secs
