
================== ASTRAL ===================== 

This is ASTRAL version 5.7.8
Gene trees are treated as unrooted
5271 trees read from tmp_quartet_ChG7vp5TCqHZb.txt
index0
All output trees will be *arbitrarily* rooted at t10
201 extra trees read from tmp_bipartitions_ChG7vp5TCqHZb.bootstrap.trees

======== Running the main analysis
Number of taxa: 10 (10 species)
Taxa: [t10, t9, t1, t2, t3, t4, t5, t6, t7, t8]
Taxon occupancy: {t4=2616, t5=1903, t10=1453, t6=2278, t7=1655, t8=1920, t9=2147, t1=2406, t2=2783, t3=1923}
Number of gene trees: 5271
5271 trees have missing taxa
Calculating quartet distance matrix (for completion of X)
Species tree distances calculated ...
Will attempt to complete bipartitions from X before adding using a distance matrix.
Building set of clusters (X) from gene trees 
------------------------------
gradient0: 59
Number of Clusters after addition by distance: 59
calculating extra bipartitions to be added at level 1 ...
Adding to X using resolutions of greedy consensus ...
Limit for sigma of degrees:300
polytomy size limit : 3
discarded polytomies:  []
Threshold 0.0:
Threshold 0.01:
Threshold 0.02:
Threshold 0.05:
Threshold 0.1:
Threshold 0.2:
Threshold 0.3333333333333333:
max k is :0
Number of Clusters after addition by greedy: 59
gradient0 in heuristiic: 59
calculating extra bipartitions from extra input trees ...
Number of Clusters after additions from extra trees: 73
partitions formed in 1.295 secs
Dynamic Programming starting after 1.295 secs
Using tree-based weight calculation.
Using polytree-based weight calculation.
Polytree max score: 5271
Polytree building time: 0.072 seconds.
Number of quartet trees in the gene trees: 5271
Size of largest cluster: 10
Greedy score: 5217
estimationFactor: 1.0103507763082231
Sub-optimal score: 5217
Total Number of elements weighted: 59
Normalized score (portion of input quartet trees satisfied before correcting for multiple individuals): 0.9897552646556631
Optimization score: 5217
Optimal tree inferred in 1.533 secs.
(t9,(t10,(t8,(t6,(t7,(t3,(t5,(t1,(t2,t4)))))))));
Final quartet score is: 5217
Final normalized quartet score is: 0.9897552646556631
Extended species tree:
(t10,((t8,(t6,(t7,(t3,(t5,(t1,(t2,t4)1:4.798541578968634)1:4.965172920019501)1:4.787491742782049)1:2.3951366503592917)1:2.7408400239252018)0.59:0.1479201300766223)1:2.9957322735539913,t9));
Weight calculation took 0.048500396 secs
ASTRAL finished in 1.917 secs
