
================== ASTRAL ===================== 

This is ASTRAL version 5.7.8
Gene trees are treated as unrooted
1856 trees read from tmp_quartet_ChG7vp5TCqHZb.txt
index0
All output trees will be *arbitrarily* rooted at t3
201 extra trees read from tmp_bipartitions_ChG7vp5TCqHZb.bootstrap.trees

======== Running the main analysis
Number of taxa: 10 (10 species)
Taxa: [t3, t4, t1, t2, t7, t8, t9, t5, t6, t10]
Taxon occupancy: {t4=562, t5=748, t6=898, t10=923, t7=613, t8=585, t9=730, t1=663, t2=826, t3=876}
Number of gene trees: 1856
1856 trees have missing taxa
Calculating quartet distance matrix (for completion of X)
Species tree distances calculated ...
Will attempt to complete bipartitions from X before adding using a distance matrix.
Building set of clusters (X) from gene trees 
------------------------------
gradient0: 75
Number of Clusters after addition by distance: 75
calculating extra bipartitions to be added at level 1 ...
Adding to X using resolutions of greedy consensus ...
Limit for sigma of degrees:300
polytomy size limit : 3
discarded polytomies:  []
Threshold 0.0:
Threshold 0.01:
Threshold 0.02:
Threshold 0.05:
Threshold 0.1:
Threshold 0.2:
Threshold 0.3333333333333333:
max k is :0
Number of Clusters after addition by greedy: 75
gradient0 in heuristiic: 75
calculating extra bipartitions from extra input trees ...
Number of Clusters after additions from extra trees: 95
partitions formed in 0.524 secs
Dynamic Programming starting after 0.536 secs
Using tree-based weight calculation.
Using polytree-based weight calculation.
Polytree max score: 1856
Polytree building time: 0.028 seconds.
Number of quartet trees in the gene trees: 1856
Size of largest cluster: 10
Greedy score: 1739
estimationFactor: 1.0672800460034502
Sub-optimal score: 1739
Total Number of elements weighted: 81
Normalized score (portion of input quartet trees satisfied before correcting for multiple individuals): 0.9423491379310345
Optimization score: 1749
Optimal tree inferred in 0.666 secs.
(t4,((t3,t2),((t7,t5),((t6,t10),(t8,(t1,t9))))));
Final quartet score is: 1749
Final normalized quartet score is: 0.9423491379310345
You may want to ignore posterior probabilities and other statistics related to the following branch branch because the effective number of genes impacting it is only 18:
	{t4, t1, t7, t8, t9, t5, t6, t10}
Extended species tree:
(t3,(t2,(((t7,t5)1:1.8313686073231012,((t6,t10)1:2.9909589948013346,(t8,(t1,t9)1:3.0602707946915624)1:2.17475172148416)1:1.148622709242771)1:0.7897740162490169,t4)1:0.9295359586241756));
Weight calculation took 0.040254939 secs
ASTRAL finished in 0.984 secs
