
================== ASTRAL ===================== 

This is ASTRAL version 5.7.8
Gene trees are treated as unrooted
4893 trees read from tmp_quartet_ChG7vp5TCqHZb.txt
index0
All output trees will be *arbitrarily* rooted at t1
201 extra trees read from tmp_bipartitions_ChG7vp5TCqHZb.bootstrap.trees

======== Running the main analysis
Number of taxa: 10 (10 species)
Taxa: [t1, t3, t2, t5, t6, t7, t9, t4, t10, t8]
Taxon occupancy: {t4=2604, t5=2016, t6=1416, t10=2608, t7=2022, t8=1569, t9=1761, t1=1847, t2=1807, t3=1922}
Number of gene trees: 4893
4893 trees have missing taxa
Calculating quartet distance matrix (for completion of X)
Species tree distances calculated ...
Will attempt to complete bipartitions from X before adding using a distance matrix.
Building set of clusters (X) from gene trees 
------------------------------
gradient0: 75
Number of Clusters after addition by distance: 75
calculating extra bipartitions to be added at level 1 ...
Adding to X using resolutions of greedy consensus ...
Limit for sigma of degrees:300
polytomy size limit : 3
discarded polytomies:  []
Threshold 0.0:
Threshold 0.01:
Threshold 0.02:
Threshold 0.05:
Threshold 0.1:
Threshold 0.2:
Threshold 0.3333333333333333:
max k is :0
Number of Clusters after addition by greedy: 75
gradient0 in heuristiic: 75
calculating extra bipartitions from extra input trees ...
Number of Clusters after additions from extra trees: 89
partitions formed in 1.32 secs
Dynamic Programming starting after 1.32 secs
Using tree-based weight calculation.
Using polytree-based weight calculation.
Polytree max score: 4893
Polytree building time: 0.075 seconds.
Number of quartet trees in the gene trees: 4893
Size of largest cluster: 10
Greedy score: 4816
estimationFactor: 1.0159883720930232
Sub-optimal score: 4816
Total Number of elements weighted: 75
Normalized score (portion of input quartet trees satisfied before correcting for multiple individuals): 0.9842632331902719
Optimization score: 4816
Optimal tree inferred in 1.582 secs.
(t3,((t4,t10),(t1,(t2,(t6,((t9,t8),(t5,t7)))))));
Final quartet score is: 4816
Final normalized quartet score is: 0.9842632331902719
Extended species tree:
(t1,((t2,(t6,((t9,t8)1:0.7765287894989964,(t5,t7)1:3.1010927892118163)1:2.033979167603078)1:2.538973871058275)1:3.993090828516931,((t4,t10)1:4.158883083359675,t3)1:3.564826805443958));
Weight calculation took 0.05931071 secs
ASTRAL finished in 1.944 secs
