
================== ASTRAL ===================== 

This is ASTRAL version 5.7.8
Gene trees are treated as unrooted
4964 trees read from tmp_quartet_ChG7vp5TCqHZb.txt
index0
All output trees will be *arbitrarily* rooted at t4
201 extra trees read from tmp_bipartitions_ChG7vp5TCqHZb.bootstrap.trees

======== Running the main analysis
Number of taxa: 10 (10 species)
Taxa: [t4, t5, t1, t2, t3, t7, t8, t9, t10, t6]
Taxon occupancy: {t4=1921, t5=1808, t10=2068, t6=1603, t7=1685, t8=2466, t9=2459, t1=1871, t2=2219, t3=1756}
Number of gene trees: 4964
4964 trees have missing taxa
Calculating quartet distance matrix (for completion of X)
Species tree distances calculated ...
Will attempt to complete bipartitions from X before adding using a distance matrix.
Building set of clusters (X) from gene trees 
------------------------------
gradient0: 85
Number of Clusters after addition by distance: 85
calculating extra bipartitions to be added at level 1 ...
Adding to X using resolutions of greedy consensus ...
Limit for sigma of degrees:300
polytomy size limit : 3
discarded polytomies:  []
Threshold 0.0:
Threshold 0.01:
Threshold 0.02:
Threshold 0.05:
Threshold 0.1:
Threshold 0.2:
Threshold 0.3333333333333333:
max k is :0
Number of Clusters after addition by greedy: 85
gradient0 in heuristiic: 85
calculating extra bipartitions from extra input trees ...
Number of Clusters after additions from extra trees: 99
partitions formed in 1.209 secs
Dynamic Programming starting after 1.209 secs
Using tree-based weight calculation.
Using polytree-based weight calculation.
Polytree max score: 4964
Polytree building time: 0.072 seconds.
Number of quartet trees in the gene trees: 4964
Size of largest cluster: 10
Greedy score: 4854
estimationFactor: 1.022661722290894
Sub-optimal score: 4854
Total Number of elements weighted: 99
Normalized score (portion of input quartet trees satisfied before correcting for multiple individuals): 0.9778404512489928
Optimization score: 4854
Optimal tree inferred in 1.461 secs.
(t5,(t4,((t7,(t10,(t8,t9))),(t6,(t2,(t1,t3))))));
Final quartet score is: 4854
Final normalized quartet score is: 0.9778404512489928
Extended species tree:
(t4,(((t7,(t10,(t8,t9)1:1.2181574393178927)1:1.6529230243738395)1:3.7072285927821333,(t6,(t2,(t1,t3)1:2.730029107820986)1:2.717528945056754)1:2.390877700139724)0.87:0.1823215567939546,t5));
Weight calculation took 0.057567855 secs
ASTRAL finished in 1.837 secs
