
================== ASTRAL ===================== 

This is ASTRAL version 5.7.8
Gene trees are treated as unrooted
4070 trees read from tmp_quartet_ChG7vp5TCqHZb.txt
index0
All output trees will be *arbitrarily* rooted at t3
201 extra trees read from tmp_bipartitions_ChG7vp5TCqHZb.bootstrap.trees

======== Running the main analysis
Number of taxa: 10 (10 species)
Taxa: [t3, t8, t1, t2, t4, t5, t6, t7, t9, t10]
Taxon occupancy: {t4=1410, t5=1702, t6=1670, t10=1184, t7=1699, t8=1154, t9=1576, t1=2043, t2=2019, t3=1823}
Number of gene trees: 4070
4070 trees have missing taxa
Calculating quartet distance matrix (for completion of X)
Species tree distances calculated ...
Will attempt to complete bipartitions from X before adding using a distance matrix.
Building set of clusters (X) from gene trees 
------------------------------
gradient0: 77
Number of Clusters after addition by distance: 77
calculating extra bipartitions to be added at level 1 ...
Adding to X using resolutions of greedy consensus ...
Limit for sigma of degrees:300
polytomy size limit : 3
discarded polytomies:  []
Threshold 0.0:
Threshold 0.01:
Threshold 0.02:
Threshold 0.05:
Threshold 0.1:
Threshold 0.2:
Threshold 0.3333333333333333:
max k is :0
Number of Clusters after addition by greedy: 77
gradient0 in heuristiic: 77
calculating extra bipartitions from extra input trees ...
Number of Clusters after additions from extra trees: 91
partitions formed in 0.977 secs
Dynamic Programming starting after 0.978 secs
Using tree-based weight calculation.
Using polytree-based weight calculation.
Polytree max score: 4070
Polytree building time: 0.064 seconds.
Number of quartet trees in the gene trees: 4070
Size of largest cluster: 10
Greedy score: 3956
estimationFactor: 1.0288169868554096
Sub-optimal score: 3956
Total Number of elements weighted: 81
Normalized score (portion of input quartet trees satisfied before correcting for multiple individuals): 0.971990171990172
Optimization score: 3956
Optimal tree inferred in 1.2 secs.
(t8,(t3,((t1,t2),(t4,(t5,((t6,t7),(t9,t10)))))));
Final quartet score is: 3956
Final normalized quartet score is: 0.971990171990172
Extended species tree:
(t3,(((t1,t2)1:3.951243718581431,(t4,(t5,((t6,t7)1:2.3158303197440664,(t9,t10)1:1.0414538748281608)0.84:0.19753097545748352)1:3.120895416507997)1:3.391627930646003)1:3.0177111802727654,t8));
Weight calculation took 0.047799659 secs
ASTRAL finished in 1.57 secs
