
================== ASTRAL ===================== 

This is ASTRAL version 5.7.8
Gene trees are treated as unrooted
2547 trees read from tmp_quartet_ChG7vp5TCqHZb.txt
index0
All output trees will be *arbitrarily* rooted at t10
201 extra trees read from tmp_bipartitions_ChG7vp5TCqHZb.bootstrap.trees

======== Running the main analysis
Number of taxa: 10 (10 species)
Taxa: [t10, t4, t1, t2, t3, t5, t8, t6, t9, t7]
Taxon occupancy: {t4=1160, t5=1168, t10=1138, t6=1037, t7=617, t8=919, t9=945, t1=954, t2=946, t3=1304}
Number of gene trees: 2547
2547 trees have missing taxa
Calculating quartet distance matrix (for completion of X)
Species tree distances calculated ...
Will attempt to complete bipartitions from X before adding using a distance matrix.
Building set of clusters (X) from gene trees 
------------------------------
gradient0: 61
Number of Clusters after addition by distance: 61
calculating extra bipartitions to be added at level 1 ...
Adding to X using resolutions of greedy consensus ...
Limit for sigma of degrees:300
polytomy size limit : 3
discarded polytomies:  []
Threshold 0.0:
Threshold 0.01:
Threshold 0.02:
Threshold 0.05:
Threshold 0.1:
Threshold 0.2:
Threshold 0.3333333333333333:
max k is :0
Number of Clusters after addition by greedy: 61
gradient0 in heuristiic: 61
calculating extra bipartitions from extra input trees ...
Number of Clusters after additions from extra trees: 83
partitions formed in 0.786 secs
Dynamic Programming starting after 0.787 secs
Using tree-based weight calculation.
Using polytree-based weight calculation.
Polytree max score: 2547
Polytree building time: 0.043 seconds.
Number of quartet trees in the gene trees: 2547
Size of largest cluster: 10
Greedy score: 2455
estimationFactor: 1.0374745417515274
Sub-optimal score: 2455
Total Number of elements weighted: 71
Normalized score (portion of input quartet trees satisfied before correcting for multiple individuals): 0.9638790734197095
Optimization score: 2455
Optimal tree inferred in 0.963 secs.
(t4,(t10,((t7,(t6,t9)),(t1,(t2,(t8,(t3,t5)))))));
Final quartet score is: 2455
Final normalized quartet score is: 0.9638790734197095
Extended species tree:
(t10,(((t7,(t6,t9)1:1.3437347467010947)1:3.8712010109078947,(t1,(t2,(t8,(t3,t5)1:0.8754687373538999)1:1.2181574393178927)1:1.0369187196627698)1:4.454347296253506)1:4.9744322454323,t4));
Weight calculation took 0.052294809 secs
ASTRAL finished in 1.274 secs
