
================== ASTRAL ===================== 

This is ASTRAL version 5.7.8
Gene trees are treated as unrooted
4516 trees read from tmp_quartet_ChG7vp5TCqHZb.txt
index0
All output trees will be *arbitrarily* rooted at t10
201 extra trees read from tmp_bipartitions_ChG7vp5TCqHZb.bootstrap.trees

======== Running the main analysis
Number of taxa: 10 (10 species)
Taxa: [t10, t6, t1, t3, t4, t5, t8, t9, t2, t7]
Taxon occupancy: {t4=1729, t5=2100, t10=2304, t6=2223, t7=1718, t8=1289, t9=1825, t1=1650, t2=1681, t3=1545}
Number of gene trees: 4516
4516 trees have missing taxa
Calculating quartet distance matrix (for completion of X)
Species tree distances calculated ...
Will attempt to complete bipartitions from X before adding using a distance matrix.
Building set of clusters (X) from gene trees 
------------------------------
gradient0: 49
Number of Clusters after addition by distance: 49
calculating extra bipartitions to be added at level 1 ...
Adding to X using resolutions of greedy consensus ...
Limit for sigma of degrees:300
polytomy size limit : 3
discarded polytomies:  []
Threshold 0.0:
Threshold 0.01:
Threshold 0.02:
Threshold 0.05:
Threshold 0.1:
Threshold 0.2:
Threshold 0.3333333333333333:
max k is :0
Number of Clusters after addition by greedy: 49
gradient0 in heuristiic: 49
calculating extra bipartitions from extra input trees ...
Number of Clusters after additions from extra trees: 73
partitions formed in 1.177 secs
Dynamic Programming starting after 1.189 secs
Using tree-based weight calculation.
Using polytree-based weight calculation.
Polytree max score: 4516
Polytree building time: 0.063 seconds.
Number of quartet trees in the gene trees: 4516
Size of largest cluster: 10
Greedy score: 4500
estimationFactor: 1.0035555555555555
Sub-optimal score: 4500
Total Number of elements weighted: 54
Normalized score (portion of input quartet trees satisfied before correcting for multiple individuals): 0.9964570416297609
Optimization score: 4500
Optimal tree inferred in 1.39 secs.
(t6,(t10,(t8,((t1,(t3,t2)),(t4,(t7,(t5,t9)))))));
Final quartet score is: 4500
Final normalized quartet score is: 0.9964570416297609
Extended species tree:
(t10,((t8,((t1,(t3,t2)1:3.0602707946915624)1:1.9459101490553135,(t4,(t7,(t5,t9)1:1.6314168191528755)1:3.1640675883732072)1:4.452407431435678)1:5.087596335232389)1:4.083171261623973,t6));
Weight calculation took 0.033416987 secs
ASTRAL finished in 1.753 secs
