
================== ASTRAL ===================== 

This is ASTRAL version 5.7.8
Gene trees are treated as unrooted
1593 trees read from tmp_quartet_ChG7vp5TCqHZb.txt
index0
All output trees will be *arbitrarily* rooted at t5
201 extra trees read from tmp_bipartitions_ChG7vp5TCqHZb.bootstrap.trees

======== Running the main analysis
Number of taxa: 10 (10 species)
Taxa: [t5, t9, t1, t2, t3, t4, t6, t7, t8, t10]
Taxon occupancy: {t4=595, t5=629, t6=751, t10=757, t7=555, t8=691, t9=711, t1=372, t2=677, t3=634}
Number of gene trees: 1593
1593 trees have missing taxa
Calculating quartet distance matrix (for completion of X)
Species tree distances calculated ...
Will attempt to complete bipartitions from X before adding using a distance matrix.
Building set of clusters (X) from gene trees 
------------------------------
gradient0: 67
Number of Clusters after addition by distance: 67
calculating extra bipartitions to be added at level 1 ...
Adding to X using resolutions of greedy consensus ...
Limit for sigma of degrees:300
polytomy size limit : 3
discarded polytomies:  []
Threshold 0.0:
Threshold 0.01:
Threshold 0.02:
Threshold 0.05:
Threshold 0.1:
Threshold 0.2:
Threshold 0.3333333333333333:
max k is :0
Number of Clusters after addition by greedy: 67
gradient0 in heuristiic: 67
calculating extra bipartitions from extra input trees ...
Number of Clusters after additions from extra trees: 85
partitions formed in 0.496 secs
Dynamic Programming starting after 0.496 secs
Using tree-based weight calculation.
Using polytree-based weight calculation.
Polytree max score: 1593
Polytree building time: 0.028 seconds.
Number of quartet trees in the gene trees: 1593
Size of largest cluster: 10
Greedy score: 1553
estimationFactor: 1.025756600128783
Sub-optimal score: 1553
Total Number of elements weighted: 83
Normalized score (portion of input quartet trees satisfied before correcting for multiple individuals): 0.9774011299435028
Optimization score: 1557
Optimal tree inferred in 0.626 secs.
(t9,(t5,(t1,((t7,(t2,t3)),((t6,t10),(t4,t8))))));
Final quartet score is: 1557
Final normalized quartet score is: 0.9774011299435028
You may want to ignore posterior probabilities and other statistics related to the following branch branch because the effective number of genes impacting it is only 16:
	{t4, t6, t8, t10}
Extended species tree:
(t5,((t1,((t7,(t2,t3)1:2.4277482359480516)1:1.97408102602201,((t6,t10)1:4.836281906951467,(t4,t8)1:4.238925791033211)0.95:0.4818380868927383)0.4:0.02197890671877523)1:3.654977902438253,t9));
Weight calculation took 0.021264492 secs
ASTRAL finished in 0.878 secs
