
================== ASTRAL ===================== 

This is ASTRAL version 5.7.8
Gene trees are treated as unrooted
2628 trees read from tmp_quartet_ChG7vp5TCqHZb.txt
index0
All output trees will be *arbitrarily* rooted at t2
201 extra trees read from tmp_bipartitions_ChG7vp5TCqHZb.bootstrap.trees

======== Running the main analysis
Number of taxa: 10 (10 species)
Taxa: [t2, t8, t1, t3, t5, t6, t7, t9, t4, t10]
Taxon occupancy: {t4=1117, t5=1587, t6=1555, t10=712, t7=1194, t8=915, t9=820, t1=834, t2=855, t3=923}
Number of gene trees: 2628
2628 trees have missing taxa
Calculating quartet distance matrix (for completion of X)
Species tree distances calculated ...
Will attempt to complete bipartitions from X before adding using a distance matrix.
Building set of clusters (X) from gene trees 
------------------------------
gradient0: 49
Number of Clusters after addition by distance: 49
calculating extra bipartitions to be added at level 1 ...
Adding to X using resolutions of greedy consensus ...
Limit for sigma of degrees:300
polytomy size limit : 3
discarded polytomies:  []
Threshold 0.0:
Threshold 0.01:
Threshold 0.02:
Threshold 0.05:
Threshold 0.1:
Threshold 0.2:
Threshold 0.3333333333333333:
max k is :0
Number of Clusters after addition by greedy: 49
gradient0 in heuristiic: 49
calculating extra bipartitions from extra input trees ...
Number of Clusters after additions from extra trees: 89
partitions formed in 0.727 secs
Dynamic Programming starting after 0.728 secs
Using tree-based weight calculation.
Using polytree-based weight calculation.
Polytree max score: 2628
Polytree building time: 0.043 seconds.
Number of quartet trees in the gene trees: 2628
Size of largest cluster: 10
Greedy score: 2610
estimationFactor: 1.006896551724138
Sub-optimal score: 2610
Total Number of elements weighted: 70
Normalized score (portion of input quartet trees satisfied before correcting for multiple individuals): 0.9931506849315068
Optimization score: 2610
Optimal tree inferred in 0.894 secs.
(t8,(t2,((t1,t9),((t10,(t5,t6)),(t3,(t7,t4))))));
Final quartet score is: 2610
Final normalized quartet score is: 0.9931506849315068
Extended species tree:
(t2,(((t1,t9)1:3.401197381662154,((t10,(t5,t6)1:4.882801922586364)1:4.406719247264248,(t3,(t7,t4)1:1.0185695809945734)1:4.830976854721778)1:4.10539439840869)1:1.939084183984913,t8));
Weight calculation took 0.037447794 secs
ASTRAL finished in 1.207 secs
