
================== ASTRAL ===================== 

This is ASTRAL version 5.7.8
Gene trees are treated as unrooted
4283 trees read from tmp_quartet_ChG7vp5TCqHZb.txt
index0
All output trees will be *arbitrarily* rooted at t5
201 extra trees read from tmp_bipartitions_ChG7vp5TCqHZb.bootstrap.trees

======== Running the main analysis
Number of taxa: 10 (10 species)
Taxa: [t5, t9, t1, t2, t3, t4, t8, t10, t6, t7]
Taxon occupancy: {t4=1466, t5=1808, t10=1349, t6=1780, t7=1759, t8=1349, t9=1535, t1=2079, t2=2067, t3=1940}
Number of gene trees: 4283
4283 trees have missing taxa
Calculating quartet distance matrix (for completion of X)
Species tree distances calculated ...
Will attempt to complete bipartitions from X before adding using a distance matrix.
Building set of clusters (X) from gene trees 
------------------------------
gradient0: 125
Number of Clusters after addition by distance: 125
calculating extra bipartitions to be added at level 1 ...
Adding to X using resolutions of greedy consensus ...
Limit for sigma of degrees:300
polytomy size limit : 3
discarded polytomies:  []
Threshold 0.0:
Threshold 0.01:
Threshold 0.02:
Threshold 0.05:
Threshold 0.1:
Threshold 0.2:
Threshold 0.3333333333333333:
max k is :0
Number of Clusters after addition by greedy: 125
gradient0 in heuristiic: 125
calculating extra bipartitions from extra input trees ...
Number of Clusters after additions from extra trees: 139
partitions formed in 1.025 secs
Dynamic Programming starting after 1.025 secs
Using tree-based weight calculation.
Using polytree-based weight calculation.
Polytree max score: 4283
Polytree building time: 0.081 seconds.
Number of quartet trees in the gene trees: 4283
Size of largest cluster: 10
Greedy score: 4171
estimationFactor: 1.026852073843203
Sub-optimal score: 4171
Total Number of elements weighted: 125
Normalized score (portion of input quartet trees satisfied before correcting for multiple individuals): 0.9738501050665421
Optimization score: 4171
Optimal tree inferred in 1.272 secs.
(t9,(t10,(t5,((t6,t7),(t4,((t3,t8),(t1,t2)))))));
Final quartet score is: 4171
Final normalized quartet score is: 0.9738501050665421
Extended species tree:
(t5,(((t6,t7)1:1.926107521759133,(t4,((t3,t8)1:2.6390573296152575,(t1,t2)1:2.1361368853563816)1:3.741630019499464)1:2.406945108318289)1:1.1749852674526835,(t10,t9)1:1.662547737748049));
Weight calculation took 0.070553114 secs
ASTRAL finished in 1.661 secs
