
================== ASTRAL ===================== 

This is ASTRAL version 5.7.8
Gene trees are treated as unrooted
4539 trees read from tmp_quartet_ChG7vp5TCqHZb.txt
index0
All output trees will be *arbitrarily* rooted at t4
201 extra trees read from tmp_bipartitions_ChG7vp5TCqHZb.bootstrap.trees

======== Running the main analysis
Number of taxa: 10 (10 species)
Taxa: [t4, t8, t2, t3, t5, t6, t7, t9, t10, t1]
Taxon occupancy: {t4=2109, t5=1217, t6=1945, t10=2421, t7=2099, t8=2047, t9=2397, t1=1253, t2=1300, t3=1368}
Number of gene trees: 4539
4539 trees have missing taxa
Calculating quartet distance matrix (for completion of X)
Species tree distances calculated ...
Will attempt to complete bipartitions from X before adding using a distance matrix.
Building set of clusters (X) from gene trees 
------------------------------
gradient0: 53
Number of Clusters after addition by distance: 53
calculating extra bipartitions to be added at level 1 ...
Adding to X using resolutions of greedy consensus ...
Limit for sigma of degrees:300
polytomy size limit : 3
discarded polytomies:  []
Threshold 0.0:
Threshold 0.01:
Threshold 0.02:
Threshold 0.05:
Threshold 0.1:
Threshold 0.2:
Threshold 0.3333333333333333:
max k is :0
Number of Clusters after addition by greedy: 53
gradient0 in heuristiic: 53
calculating extra bipartitions from extra input trees ...
Number of Clusters after additions from extra trees: 71
partitions formed in 1.256 secs
Dynamic Programming starting after 1.256 secs
Using tree-based weight calculation.
Using polytree-based weight calculation.
Polytree max score: 4539
Polytree building time: 0.073 seconds.
Number of quartet trees in the gene trees: 4539
Size of largest cluster: 10
Greedy score: 4524
estimationFactor: 1.003315649867374
Sub-optimal score: 4524
Total Number of elements weighted: 60
Normalized score (portion of input quartet trees satisfied before correcting for multiple individuals): 0.9966953073364178
Optimization score: 4524
Optimal tree inferred in 1.497 secs.
(t8,(t4,(t2,(t6,(t1,(t5,(t3,(t7,(t9,t10)))))))));
Final quartet score is: 4524
Final normalized quartet score is: 0.9966953073364178
You may want to ignore posterior probabilities and other statistics related to the following branch branch because the effective number of genes impacting it is only 16:
	{t3, t5, t6, t7, t9, t10, t1}
Extended species tree:
(t4,((t2,(t6,(t1,(t5,(t3,(t7,(t9,t10)1:3.6375861597263826)1:3.2580965380214812)1:4.077537443905719)1:2.4567357728213035)1:2.9531726591351943)1:2.4277482359480516)1:4.238925791033211,t8));
Weight calculation took 0.057452267 secs
ASTRAL finished in 1.903 secs
