
================== ASTRAL ===================== 

This is ASTRAL version 5.7.8
Gene trees are treated as unrooted
1246 trees read from tmp_quartet_ChG7vp5TCqHZb.txt
index0
All output trees will be *arbitrarily* rooted at t6
201 extra trees read from tmp_bipartitions_ChG7vp5TCqHZb.bootstrap.trees

======== Running the main analysis
Number of taxa: 10 (10 species)
Taxa: [t6, t7, t1, t2, t3, t4, t5, t8, t10, t9]
Taxon occupancy: {t4=503, t5=530, t6=602, t10=465, t7=600, t8=257, t9=329, t1=618, t2=622, t3=458}
Number of gene trees: 1246
1246 trees have missing taxa
Calculating quartet distance matrix (for completion of X)
Species tree distances calculated ...
Will attempt to complete bipartitions from X before adding using a distance matrix.
Building set of clusters (X) from gene trees 
------------------------------
gradient0: 75
Number of Clusters after addition by distance: 75
calculating extra bipartitions to be added at level 1 ...
Adding to X using resolutions of greedy consensus ...
Limit for sigma of degrees:300
polytomy size limit : 3
discarded polytomies:  []
Threshold 0.0:
Threshold 0.01:
Threshold 0.02:
Threshold 0.05:
Threshold 0.1:
Threshold 0.2:
Threshold 0.3333333333333333:
max k is :0
Number of Clusters after addition by greedy: 75
gradient0 in heuristiic: 75
calculating extra bipartitions from extra input trees ...
Number of Clusters after additions from extra trees: 99
partitions formed in 0.427 secs
Dynamic Programming starting after 0.427 secs
Using tree-based weight calculation.
Using polytree-based weight calculation.
Polytree max score: 1246
Polytree building time: 0.027 seconds.
Number of quartet trees in the gene trees: 1246
Size of largest cluster: 10
Greedy score: 1228
estimationFactor: 1.014657980456026
Sub-optimal score: 1228
Total Number of elements weighted: 89
Normalized score (portion of input quartet trees satisfied before correcting for multiple individuals): 0.985553772070626
Optimization score: 1228
Optimal tree inferred in 0.542 secs.
(t7,(t6,(t10,(t9,(t3,(t8,((t1,t4),(t2,t5))))))));
Final quartet score is: 1228
Final normalized quartet score is: 0.985553772070626
You may want to ignore posterior probabilities and other statistics related to the following branch branch because the effective number of genes impacting it is only 5:
	{t1, t2, t4, t5}
You may want to ignore posterior probabilities and other statistics related to the following branch branch because the effective number of genes impacting it is only 0:
	{t1, t2, t3, t4, t5, t8, t9}
Extended species tree:
(t6,((t10,(t9,(t3,(t8,((t1,t4)1:3.938340313745519,(t2,t5)1:3.3202283191284896)0.93:0.6931471805599453)1:2.6625878270254533)1:1.9459101490553135)0.33:0.0)1:2.8526314299133184,t7));
Weight calculation took 0.021158024 secs
ASTRAL finished in 0.785 secs
