
================== ASTRAL ===================== 

This is ASTRAL version 5.7.8
Gene trees are treated as unrooted
1445 trees read from tmp_quartet_ChG7vp5TCqHZb.txt
index0
All output trees will be *arbitrarily* rooted at t4
201 extra trees read from tmp_bipartitions_ChG7vp5TCqHZb.bootstrap.trees

======== Running the main analysis
Number of taxa: 10 (10 species)
Taxa: [t4, t5, t1, t2, t3, t6, t8, t10, t7, t9]
Taxon occupancy: {t4=584, t5=615, t6=735, t10=636, t7=511, t8=623, t9=533, t1=517, t2=433, t3=593}
Number of gene trees: 1445
1445 trees have missing taxa
Calculating quartet distance matrix (for completion of X)
Species tree distances calculated ...
Will attempt to complete bipartitions from X before adding using a distance matrix.
Building set of clusters (X) from gene trees 
------------------------------
gradient0: 99
Number of Clusters after addition by distance: 99
calculating extra bipartitions to be added at level 1 ...
Adding to X using resolutions of greedy consensus ...
Limit for sigma of degrees:300
polytomy size limit : 3
discarded polytomies:  []
Threshold 0.0:
Threshold 0.01:
Threshold 0.02:
Threshold 0.05:
Threshold 0.1:
Threshold 0.2:
Threshold 0.3333333333333333:
max k is :0
Number of Clusters after addition by greedy: 99
gradient0 in heuristiic: 99
calculating extra bipartitions from extra input trees ...
Number of Clusters after additions from extra trees: 121
partitions formed in 0.472 secs
Dynamic Programming starting after 0.472 secs
Using tree-based weight calculation.
Using polytree-based weight calculation.
Polytree max score: 1445
Polytree building time: 0.016 seconds.
Number of quartet trees in the gene trees: 1445
Size of largest cluster: 10
Greedy score: 1346
estimationFactor: 1.0735512630014858
Sub-optimal score: 1346
Total Number of elements weighted: 101
Normalized score (portion of input quartet trees satisfied before correcting for multiple individuals): 0.9314878892733564
Optimization score: 1346
Optimal tree inferred in 0.598 secs.
(t5,(t6,(t7,((t4,t10),((t2,t9),(t1,(t3,t8)))))));
Final quartet score is: 1346
Final normalized quartet score is: 0.9314878892733564
Extended species tree:
(t4,(t10,(((t2,t9)1:2.2335922215070947,(t1,(t3,t8)0.9:0.33647223662121306)1:1.7667581670226373)1:1.7035352358132163,(t7,(t6,t5)1:2.1972245773362196)1:0.6931471805599453)1:3.291713148820466));
Weight calculation took 0.036587849 secs
ASTRAL finished in 0.837 secs
