
================== ASTRAL ===================== 

This is ASTRAL version 5.7.8
Gene trees are treated as unrooted
4990 trees read from tmp_quartet_ChG7vp5TCqHZb.txt
index0
All output trees will be *arbitrarily* rooted at t2
201 extra trees read from tmp_bipartitions_ChG7vp5TCqHZb.bootstrap.trees

======== Running the main analysis
Number of taxa: 10 (10 species)
Taxa: [t2, t4, t1, t3, t6, t7, t8, t9, t5, t10]
Taxon occupancy: {t4=2569, t5=1473, t6=2116, t10=1615, t7=1526, t8=1788, t9=1913, t1=2455, t2=2717, t3=1788}
Number of gene trees: 4990
4990 trees have missing taxa
Calculating quartet distance matrix (for completion of X)
Species tree distances calculated ...
Will attempt to complete bipartitions from X before adding using a distance matrix.
Building set of clusters (X) from gene trees 
------------------------------
gradient0: 73
Number of Clusters after addition by distance: 73
calculating extra bipartitions to be added at level 1 ...
Adding to X using resolutions of greedy consensus ...
Limit for sigma of degrees:300
polytomy size limit : 3
discarded polytomies:  []
Threshold 0.0:
Threshold 0.01:
Threshold 0.02:
Threshold 0.05:
Threshold 0.1:
Threshold 0.2:
Threshold 0.3333333333333333:
max k is :0
Number of Clusters after addition by greedy: 73
gradient0 in heuristiic: 73
calculating extra bipartitions from extra input trees ...
Number of Clusters after additions from extra trees: 87
partitions formed in 1.272 secs
Dynamic Programming starting after 1.272 secs
Using tree-based weight calculation.
Using polytree-based weight calculation.
Polytree max score: 4990
Polytree building time: 0.079 seconds.
Number of quartet trees in the gene trees: 4990
Size of largest cluster: 10
Greedy score: 4914
estimationFactor: 1.0154660154660156
Sub-optimal score: 4914
Total Number of elements weighted: 72
Normalized score (portion of input quartet trees satisfied before correcting for multiple individuals): 0.9847695390781563
Optimization score: 4914
Optimal tree inferred in 1.509 secs.
(t4,(t2,(t1,(t5,(t3,(t7,(t6,(t8,(t9,t10)))))))));
Final quartet score is: 4914
Final normalized quartet score is: 0.9847695390781563
Extended species tree:
(t2,((t1,(t5,(t3,(t7,(t6,(t8,(t9,t10)1:3.486355190002461)1:0.8630462173553428)1:2.451005098112318)1:2.8977518651937877)1:1.1944033533097855)1:5.178031200673527)1:3.349904087274605,t4));
Weight calculation took 0.057207398 secs
ASTRAL finished in 1.919 secs
