
================== ASTRAL ===================== 

This is ASTRAL version 5.7.8
Gene trees are treated as unrooted
3015 trees read from tmp_quartet_ChG7vp5TCqHZb.txt
index0
All output trees will be *arbitrarily* rooted at t2
201 extra trees read from tmp_bipartitions_ChG7vp5TCqHZb.bootstrap.trees

======== Running the main analysis
Number of taxa: 10 (10 species)
Taxa: [t2, t3, t1, t6, t10, t5, t8, t9, t4, t7]
Taxon occupancy: {t4=1154, t5=1192, t6=1758, t10=1794, t7=972, t8=991, t9=934, t1=1165, t2=1006, t3=1094}
Number of gene trees: 3015
3015 trees have missing taxa
Calculating quartet distance matrix (for completion of X)
Species tree distances calculated ...
Will attempt to complete bipartitions from X before adding using a distance matrix.
Building set of clusters (X) from gene trees 
------------------------------
gradient0: 63
Number of Clusters after addition by distance: 63
calculating extra bipartitions to be added at level 1 ...
Adding to X using resolutions of greedy consensus ...
Limit for sigma of degrees:300
polytomy size limit : 3
discarded polytomies:  []
Threshold 0.0:
Threshold 0.01:
Threshold 0.02:
Threshold 0.05:
Threshold 0.1:
Threshold 0.2:
Threshold 0.3333333333333333:
max k is :0
Number of Clusters after addition by greedy: 63
gradient0 in heuristiic: 63
calculating extra bipartitions from extra input trees ...
Number of Clusters after additions from extra trees: 91
partitions formed in 0.754 secs
Dynamic Programming starting after 0.766 secs
Using tree-based weight calculation.
Using polytree-based weight calculation.
Polytree max score: 3015
Polytree building time: 0.056 seconds.
Number of quartet trees in the gene trees: 3015
Size of largest cluster: 10
Greedy score: 3002
estimationFactor: 1.0043304463690872
Sub-optimal score: 3002
Total Number of elements weighted: 78
Normalized score (portion of input quartet trees satisfied before correcting for multiple individuals): 0.9956882255389718
Optimization score: 3002
Optimal tree inferred in 0.942 secs.
(t3,(t4,(t5,((t1,(t6,t10)),((t8,t9),(t2,t7))))));
Final quartet score is: 3002
Final normalized quartet score is: 0.9956882255389718
You may want to ignore posterior probabilities and other statistics related to the following branch branch because the effective number of genes impacting it is only 19:
	{t3, t1, t6, t10, t5, t8, t9, t4}
Extended species tree:
(t2,(t7,((t8,t9)1:2.5032557884561966,((t1,(t6,t10)1:3.332204510175203)1:5.694853843911897,(t5,(t4,t3)1:2.890371757896163)1:2.730029107820986)1:3.149882953381249)1:2.590267165445826));
Weight calculation took 0.040326301 secs
ASTRAL finished in 1.261 secs
