
================== ASTRAL ===================== 

This is ASTRAL version 5.7.8
Gene trees are treated as unrooted
5166 trees read from tmp_quartet_ChG7vp5TCqHZb.txt
index0
All output trees will be *arbitrarily* rooted at t3
201 extra trees read from tmp_bipartitions_ChG7vp5TCqHZb.bootstrap.trees

======== Running the main analysis
Number of taxa: 10 (10 species)
Taxa: [t3, t4, t1, t5, t9, t10, t2, t7, t8, t6]
Taxon occupancy: {t4=2012, t5=1592, t10=1903, t6=1819, t7=1724, t8=1905, t9=2101, t1=2887, t2=2871, t3=1850}
Number of gene trees: 5166
5166 trees have missing taxa
Calculating quartet distance matrix (for completion of X)
Species tree distances calculated ...
Will attempt to complete bipartitions from X before adding using a distance matrix.
Building set of clusters (X) from gene trees 
------------------------------
gradient0: 93
Number of Clusters after addition by distance: 93
calculating extra bipartitions to be added at level 1 ...
Adding to X using resolutions of greedy consensus ...
Limit for sigma of degrees:300
polytomy size limit : 3
discarded polytomies:  []
Threshold 0.0:
Threshold 0.01:
Threshold 0.02:
Threshold 0.05:
Threshold 0.1:
Threshold 0.2:
Threshold 0.3333333333333333:
max k is :0
Number of Clusters after addition by greedy: 93
gradient0 in heuristiic: 93
calculating extra bipartitions from extra input trees ...
Number of Clusters after additions from extra trees: 107
partitions formed in 1.321 secs
Dynamic Programming starting after 1.321 secs
Using tree-based weight calculation.
Using polytree-based weight calculation.
Polytree max score: 5166
Polytree building time: 0.083 seconds.
Number of quartet trees in the gene trees: 5166
Size of largest cluster: 10
Greedy score: 5016
estimationFactor: 1.0299043062200957
Sub-optimal score: 5016
Total Number of elements weighted: 99
Normalized score (portion of input quartet trees satisfied before correcting for multiple individuals): 0.9709639953542393
Optimization score: 5016
Optimal tree inferred in 1.6 secs.
(t4,(t5,((t10,(t9,t6)),((t7,t8),(t3,(t1,t2))))));
Final quartet score is: 5016
Final normalized quartet score is: 0.9709639953542393
Extended species tree:
(t3,((t1,t2)1:5.232889561225584,((t7,t8)1:1.0094845087721025,((t10,(t9,t6)1:0.7184649885442354)1:1.6328183610781641,(t5,t4)1:1.013619075834717)1:3.44255256734407)1:4.809470649500817));
Weight calculation took 0.061717403 secs
ASTRAL finished in 1.987 secs
