
================== ASTRAL ===================== 

This is ASTRAL version 5.7.8
Gene trees are treated as unrooted
4593 trees read from tmp_quartet_ChG7vp5TCqHZb.txt
index0
All output trees will be *arbitrarily* rooted at t4
201 extra trees read from tmp_bipartitions_ChG7vp5TCqHZb.bootstrap.trees

======== Running the main analysis
Number of taxa: 10 (10 species)
Taxa: [t4, t8, t1, t2, t3, t5, t6, t7, t10, t9]
Taxon occupancy: {t4=1602, t5=1664, t6=1817, t10=2160, t7=1667, t8=1352, t9=2183, t1=1488, t2=2214, t3=2225}
Number of gene trees: 4593
4593 trees have missing taxa
Calculating quartet distance matrix (for completion of X)
Species tree distances calculated ...
Will attempt to complete bipartitions from X before adding using a distance matrix.
Building set of clusters (X) from gene trees 
------------------------------
gradient0: 57
Number of Clusters after addition by distance: 57
calculating extra bipartitions to be added at level 1 ...
Adding to X using resolutions of greedy consensus ...
Limit for sigma of degrees:300
polytomy size limit : 3
discarded polytomies:  []
Threshold 0.0:
Threshold 0.01:
Threshold 0.02:
Threshold 0.05:
Threshold 0.1:
Threshold 0.2:
Threshold 0.3333333333333333:
max k is :0
Number of Clusters after addition by greedy: 57
gradient0 in heuristiic: 57
calculating extra bipartitions from extra input trees ...
Number of Clusters after additions from extra trees: 73
partitions formed in 1.257 secs
Dynamic Programming starting after 1.269 secs
Using tree-based weight calculation.
Using polytree-based weight calculation.
Polytree max score: 4593
Polytree building time: 0.062 seconds.
Number of quartet trees in the gene trees: 4593
Size of largest cluster: 10
Greedy score: 4556
estimationFactor: 1.0081211589113257
Sub-optimal score: 4556
Total Number of elements weighted: 53
Normalized score (portion of input quartet trees satisfied before correcting for multiple individuals): 0.9919442630089266
Optimization score: 4556
Optimal tree inferred in 1.501 secs.
(t8,(t4,((t1,(t2,t3)),((t10,t9),(t5,(t6,t7))))));
Final quartet score is: 4556
Final normalized quartet score is: 0.9919442630089266
Extended species tree:
(t4,(((t1,(t2,t3)1:2.605155777939576)1:4.598481197837296,((t10,t9)1:5.938415326018173,(t5,(t6,t7)1:1.4577533251020358)1:0.867500567704723)1:4.9744322454323)1:3.7534179752515073,t8));
Weight calculation took 0.055491759 secs
ASTRAL finished in 1.876 secs
