
================== ASTRAL ===================== 

This is ASTRAL version 5.7.8
Gene trees are treated as unrooted
3739 trees read from tmp_quartet_ChG7vp5TCqHZb.txt
index0
All output trees will be *arbitrarily* rooted at t5
201 extra trees read from tmp_bipartitions_ChG7vp5TCqHZb.bootstrap.trees

======== Running the main analysis
Number of taxa: 10 (10 species)
Taxa: [t5, t6, t1, t10, t7, t9, t2, t3, t4, t8]
Taxon occupancy: {t4=1245, t5=1508, t6=1395, t10=1449, t7=1195, t8=1705, t9=1382, t1=1369, t2=1664, t3=2044}
Number of gene trees: 3739
3739 trees have missing taxa
Calculating quartet distance matrix (for completion of X)
Species tree distances calculated ...
Will attempt to complete bipartitions from X before adding using a distance matrix.
Building set of clusters (X) from gene trees 
------------------------------
gradient0: 65
Number of Clusters after addition by distance: 65
calculating extra bipartitions to be added at level 1 ...
Adding to X using resolutions of greedy consensus ...
Limit for sigma of degrees:300
polytomy size limit : 3
discarded polytomies:  []
Threshold 0.0:
Threshold 0.01:
Threshold 0.02:
Threshold 0.05:
Threshold 0.1:
Threshold 0.2:
Threshold 0.3333333333333333:
max k is :0
Number of Clusters after addition by greedy: 65
gradient0 in heuristiic: 65
calculating extra bipartitions from extra input trees ...
Number of Clusters after additions from extra trees: 81
partitions formed in 0.889 secs
Dynamic Programming starting after 0.889 secs
Using tree-based weight calculation.
Using polytree-based weight calculation.
Polytree max score: 3739
Polytree building time: 0.065 seconds.
Number of quartet trees in the gene trees: 3739
Size of largest cluster: 10
Greedy score: 3713
estimationFactor: 1.007002423915971
Sub-optimal score: 3713
Total Number of elements weighted: 67
Normalized score (portion of input quartet trees satisfied before correcting for multiple individuals): 0.9930462690558973
Optimization score: 3713
Optimal tree inferred in 1.08 secs.
(t6,(t5,(t9,(t7,((t1,t10),(t4,(t2,(t3,t8))))))));
Final quartet score is: 3713
Final normalized quartet score is: 0.9930462690558973
You may want to ignore posterior probabilities and other statistics related to the following branch branch because the effective number of genes impacting it is only 15:
	{t2, t3, t8}
You may want to ignore posterior probabilities and other statistics related to the following branch branch because the effective number of genes impacting it is only 17:
	{t1, t10, t7, t9, t2, t3, t4, t8}
Extended species tree:
(t5,((t9,(t7,((t1,t10)1:2.6855773452501523,(t4,(t2,(t3,t8)1:4.127134385045093)1:2.367123614131617)1:3.938340313745519)1:0.8938178760220965)1:4.048882188145342)0.86:0.2876820724517809,t6));
Weight calculation took 0.02739751 secs
ASTRAL finished in 1.492 secs
