
================== ASTRAL ===================== 

This is ASTRAL version 5.7.8
Gene trees are treated as unrooted
1366 trees read from tmp_quartet_ChG7vp5TCqHZb.txt
index0
All output trees will be *arbitrarily* rooted at t5
201 extra trees read from tmp_bipartitions_ChG7vp5TCqHZb.bootstrap.trees

======== Running the main analysis
Number of taxa: 10 (10 species)
Taxa: [t5, t6, t1, t2, t3, t4, t8, t9, t7, t10]
Taxon occupancy: {t4=674, t5=620, t6=753, t10=637, t7=541, t8=471, t9=461, t1=414, t2=480, t3=413}
Number of gene trees: 1366
1366 trees have missing taxa
Calculating quartet distance matrix (for completion of X)
Species tree distances calculated ...
Will attempt to complete bipartitions from X before adding using a distance matrix.
Building set of clusters (X) from gene trees 
------------------------------
gradient0: 79
Number of Clusters after addition by distance: 79
calculating extra bipartitions to be added at level 1 ...
Adding to X using resolutions of greedy consensus ...
Limit for sigma of degrees:300
polytomy size limit : 3
discarded polytomies:  []
Threshold 0.0:
Threshold 0.01:
Threshold 0.02:
Threshold 0.05:
Threshold 0.1:
Threshold 0.2:
Threshold 0.3333333333333333:
max k is :0
Number of Clusters after addition by greedy: 79
gradient0 in heuristiic: 79
calculating extra bipartitions from extra input trees ...
Number of Clusters after additions from extra trees: 107
partitions formed in 0.465 secs
Dynamic Programming starting after 0.465 secs
Using tree-based weight calculation.
Using polytree-based weight calculation.
Polytree max score: 1366
Polytree building time: 0.028 seconds.
Number of quartet trees in the gene trees: 1366
Size of largest cluster: 10
Greedy score: 1295
estimationFactor: 1.0548262548262548
Sub-optimal score: 1295
Total Number of elements weighted: 96
Normalized score (portion of input quartet trees satisfied before correcting for multiple individuals): 0.9480234260614934
Optimization score: 1295
Optimal tree inferred in 0.598 secs.
(t6,(t5,(t7,((t4,t10),((t2,t9),(t1,(t3,t8)))))));
Final quartet score is: 1295
Final normalized quartet score is: 0.9480234260614934
You may want to ignore posterior probabilities and other statistics related to the following branch branch because the effective number of genes impacting it is only 10:
	{t3, t8}
You may want to ignore posterior probabilities and other statistics related to the following branch branch because the effective number of genes impacting it is only 18:
	{t1, t3, t8}
Extended species tree:
(t5,((t7,((t4,t10)1:4.897839799950916,((t2,t9)1:0.9343092373768336,(t1,(t3,t8)0.86:0.3829922522561057)0.99:0.5930637220029626)1:1.5081841787289272)1:0.6931471805599453)1:2.730029107820986,t6));
Weight calculation took 0.022522263 secs
ASTRAL finished in 0.848 secs
