
================== ASTRAL ===================== 

This is ASTRAL version 5.7.8
Gene trees are treated as unrooted
1773 trees read from tmp_quartet_ChG7vp5TCqHZb.txt
index0
All output trees will be *arbitrarily* rooted at t2
201 extra trees read from tmp_bipartitions_ChG7vp5TCqHZb.bootstrap.trees

======== Running the main analysis
Number of taxa: 10 (10 species)
Taxa: [t2, t7, t1, t3, t5, t6, t8, t10, t4, t9]
Taxon occupancy: {t4=615, t5=748, t6=861, t10=825, t7=594, t8=495, t9=734, t1=657, t2=766, t3=797}
Number of gene trees: 1773
1773 trees have missing taxa
Calculating quartet distance matrix (for completion of X)
Species tree distances calculated ...
Will attempt to complete bipartitions from X before adding using a distance matrix.
Building set of clusters (X) from gene trees 
------------------------------
gradient0: 99
Number of Clusters after addition by distance: 99
calculating extra bipartitions to be added at level 1 ...
Adding to X using resolutions of greedy consensus ...
Limit for sigma of degrees:300
polytomy size limit : 3
discarded polytomies:  []
Threshold 0.0:
Threshold 0.01:
Threshold 0.02:
Threshold 0.05:
Threshold 0.1:
Threshold 0.2:
Threshold 0.3333333333333333:
max k is :0
Number of Clusters after addition by greedy: 99
gradient0 in heuristiic: 99
calculating extra bipartitions from extra input trees ...
Number of Clusters after additions from extra trees: 115
partitions formed in 0.533 secs
Dynamic Programming starting after 0.534 secs
Using tree-based weight calculation.
Using polytree-based weight calculation.
Polytree max score: 1773
Polytree building time: 0.03 seconds.
Number of quartet trees in the gene trees: 1773
Size of largest cluster: 10
Greedy score: 1634
estimationFactor: 1.0850673194614444
Sub-optimal score: 1634
Total Number of elements weighted: 126
Normalized score (portion of input quartet trees satisfied before correcting for multiple individuals): 0.9216018048505358
Optimization score: 1634
Optimal tree inferred in 0.68 secs.
(t7,(t5,((t2,(t3,t4)),((t6,t10),(t8,(t1,t9))))));
Final quartet score is: 1634
Final normalized quartet score is: 0.9216018048505358
You may want to ignore posterior probabilities and other statistics related to the following branch branch because the effective number of genes impacting it is only 17:
	{t3, t4}
Extended species tree:
(t2,((t3,t4)0.61:0.1823215567939546,(((t6,t10)1:2.213919455908389,(t8,(t1,t9)1:1.289130612666243)1:3.130651591453362)1:0.8165262017204501,(t5,t7)1:1.36219680954083)1:1.5058395117696732));
Weight calculation took 0.024727366 secs
ASTRAL finished in 0.927 secs
