
================== ASTRAL ===================== 

This is ASTRAL version 5.7.8
Gene trees are treated as unrooted
2951 trees read from tmp_quartet_ChG7vp5TCqHZb.txt
index0
All output trees will be *arbitrarily* rooted at t3
201 extra trees read from tmp_bipartitions_ChG7vp5TCqHZb.bootstrap.trees

======== Running the main analysis
Number of taxa: 10 (10 species)
Taxa: [t3, t7, t1, t2, t4, t5, t6, t8, t10, t9]
Taxon occupancy: {t4=1094, t5=1523, t6=1489, t10=1016, t7=974, t8=1341, t9=1217, t1=996, t2=1139, t3=1015}
Number of gene trees: 2951
2951 trees have missing taxa
Calculating quartet distance matrix (for completion of X)
Species tree distances calculated ...
Will attempt to complete bipartitions from X before adding using a distance matrix.
Building set of clusters (X) from gene trees 
------------------------------
gradient0: 71
Number of Clusters after addition by distance: 71
calculating extra bipartitions to be added at level 1 ...
Adding to X using resolutions of greedy consensus ...
Limit for sigma of degrees:300
polytomy size limit : 3
discarded polytomies:  []
Threshold 0.0:
Threshold 0.01:
Threshold 0.02:
Threshold 0.05:
Threshold 0.1:
Threshold 0.2:
Threshold 0.3333333333333333:
max k is :0
Number of Clusters after addition by greedy: 71
gradient0 in heuristiic: 71
calculating extra bipartitions from extra input trees ...
Number of Clusters after additions from extra trees: 89
partitions formed in 0.768 secs
Dynamic Programming starting after 0.768 secs
Using tree-based weight calculation.
Using polytree-based weight calculation.
Polytree max score: 2951
Polytree building time: 0.057 seconds.
Number of quartet trees in the gene trees: 2951
Size of largest cluster: 10
Greedy score: 2857
estimationFactor: 1.0329016450822541
Sub-optimal score: 2857
Total Number of elements weighted: 66
Normalized score (portion of input quartet trees satisfied before correcting for multiple individuals): 0.96814639105388
Optimization score: 2857
Optimal tree inferred in 0.954 secs.
(t7,(((t5,t6),(t1,t10)),((t4,t9),(t2,(t3,t8)))));
Final quartet score is: 2857
Final normalized quartet score is: 0.96814639105388
Extended species tree:
(t3,(t8,(t2,((t4,t9)1:2.722756348491907,(((t5,t6)1:4.295015257684257,(t1,t10)1:4.137829674161844)1:2.4959564859745846,t7)1:2.2284771208403242)1:1.3068301897656438)1:0.49740260343385));
Weight calculation took 0.038726975 secs
ASTRAL finished in 1.282 secs
