
================== ASTRAL ===================== 

This is ASTRAL version 5.7.8
Gene trees are treated as unrooted
3788 trees read from tmp_quartet_ChG7vp5TCqHZb.txt
index0
All output trees will be *arbitrarily* rooted at t4
201 extra trees read from tmp_bipartitions_ChG7vp5TCqHZb.bootstrap.trees

======== Running the main analysis
Number of taxa: 10 (10 species)
Taxa: [t4, t5, t1, t2, t3, t6, t7, t9, t10, t8]
Taxon occupancy: {t4=1271, t5=1574, t6=1529, t10=1184, t7=1476, t8=1248, t9=1429, t1=1872, t2=1824, t3=1745}
Number of gene trees: 3788
3788 trees have missing taxa
Calculating quartet distance matrix (for completion of X)
Species tree distances calculated ...
Will attempt to complete bipartitions from X before adding using a distance matrix.
Building set of clusters (X) from gene trees 
------------------------------
gradient0: 79
Number of Clusters after addition by distance: 79
calculating extra bipartitions to be added at level 1 ...
Adding to X using resolutions of greedy consensus ...
Limit for sigma of degrees:300
polytomy size limit : 3
discarded polytomies:  []
Threshold 0.0:
Threshold 0.01:
Threshold 0.02:
Threshold 0.05:
Threshold 0.1:
Threshold 0.2:
Threshold 0.3333333333333333:
max k is :0
Number of Clusters after addition by greedy: 79
gradient0 in heuristiic: 79
calculating extra bipartitions from extra input trees ...
Number of Clusters after additions from extra trees: 97
partitions formed in 0.981 secs
Dynamic Programming starting after 0.981 secs
Using tree-based weight calculation.
Using polytree-based weight calculation.
Polytree max score: 3788
Polytree building time: 0.067 seconds.
Number of quartet trees in the gene trees: 3788
Size of largest cluster: 10
Greedy score: 3677
estimationFactor: 1.0301876529779712
Sub-optimal score: 3684
Total Number of elements weighted: 99
Normalized score (portion of input quartet trees satisfied before correcting for multiple individuals): 0.9725448785638859
Optimization score: 3684
Optimal tree inferred in 1.186 secs.
(t5,(((t6,t7),(t9,t10)),(t4,((t3,t8),(t1,t2)))));
Final quartet score is: 3684
Final normalized quartet score is: 0.9725448785638859
Extended species tree:
(t4,(((t3,t8)1:4.276666119016051,(t1,t2)1:0.5753641449035618)1:4.313033763186934,(((t6,t7)1:2.5973846332146913,(t9,t10)1:0.9597758438138938)0.74:0.11122563511022425,t5)1:4.164077900236772));
Weight calculation took 0.05409642 secs
ASTRAL finished in 1.537 secs
