
================== ASTRAL ===================== 

This is ASTRAL version 5.7.8
Gene trees are treated as unrooted
5328 trees read from tmp_quartet_ChG7vp5TCqHZb.txt
index0
All output trees will be *arbitrarily* rooted at t4
201 extra trees read from tmp_bipartitions_ChG7vp5TCqHZb.bootstrap.trees

======== Running the main analysis
Number of taxa: 10 (10 species)
Taxa: [t4, t5, t1, t2, t3, t6, t7, t9, t10, t8]
Taxon occupancy: {t4=1986, t5=1915, t6=2115, t10=2189, t7=1970, t8=1680, t9=2199, t1=1783, t2=2756, t3=2719}
Number of gene trees: 5328
5328 trees have missing taxa
Calculating quartet distance matrix (for completion of X)
Species tree distances calculated ...
Will attempt to complete bipartitions from X before adding using a distance matrix.
Building set of clusters (X) from gene trees 
------------------------------
gradient0: 61
Number of Clusters after addition by distance: 61
calculating extra bipartitions to be added at level 1 ...
Adding to X using resolutions of greedy consensus ...
Limit for sigma of degrees:300
polytomy size limit : 3
discarded polytomies:  []
Threshold 0.0:
Threshold 0.01:
Threshold 0.02:
Threshold 0.05:
Threshold 0.1:
Threshold 0.2:
Threshold 0.3333333333333333:
max k is :0
Number of Clusters after addition by greedy: 61
gradient0 in heuristiic: 61
calculating extra bipartitions from extra input trees ...
Number of Clusters after additions from extra trees: 71
partitions formed in 1.329 secs
Dynamic Programming starting after 1.329 secs
Using tree-based weight calculation.
Using polytree-based weight calculation.
Polytree max score: 5328
Polytree building time: 0.066 seconds.
Number of quartet trees in the gene trees: 5328
Size of largest cluster: 10
Greedy score: 5181
estimationFactor: 1.0283729009843658
Sub-optimal score: 5181
Total Number of elements weighted: 59
Normalized score (portion of input quartet trees satisfied before correcting for multiple individuals): 0.9724099099099099
Optimization score: 5181
Optimal tree inferred in 1.573 secs.
(t5,((t6,t7),((t9,t10),((t4,t8),(t1,(t2,t3))))));
Final quartet score is: 5181
Final normalized quartet score is: 0.9724099099099099
Extended species tree:
(t4,(t8,((t1,(t2,t3)1:5.049856007249541)1:2.3993372341152726,((t9,t10)1:3.4423156285916257,((t6,t7)1:4.229263880121472,t5)1:0.49373119040669056)1:1.5031272779399534)1:4.39032543748858));
Weight calculation took 0.058505871 secs
ASTRAL finished in 1.965 secs
