
================== ASTRAL ===================== 

This is ASTRAL version 5.7.8
Gene trees are treated as unrooted
2588 trees read from tmp_quartet_ChG7vp5TCqHZb.txt
index0
All output trees will be *arbitrarily* rooted at t2
201 extra trees read from tmp_bipartitions_ChG7vp5TCqHZb.bootstrap.trees

======== Running the main analysis
Number of taxa: 10 (10 species)
Taxa: [t2, t3, t1, t4, t6, t7, t9, t10, t5, t8]
Taxon occupancy: {t4=1262, t5=917, t6=1049, t10=1230, t7=703, t8=924, t9=1100, t1=965, t2=967, t3=1235}
Number of gene trees: 2588
2588 trees have missing taxa
Calculating quartet distance matrix (for completion of X)
Species tree distances calculated ...
Will attempt to complete bipartitions from X before adding using a distance matrix.
Building set of clusters (X) from gene trees 
------------------------------
gradient0: 65
Number of Clusters after addition by distance: 65
calculating extra bipartitions to be added at level 1 ...
Adding to X using resolutions of greedy consensus ...
Limit for sigma of degrees:300
polytomy size limit : 3
discarded polytomies:  []
Threshold 0.0:
Threshold 0.01:
Threshold 0.02:
Threshold 0.05:
Threshold 0.1:
Threshold 0.2:
Threshold 0.3333333333333333:
max k is :0
Number of Clusters after addition by greedy: 65
gradient0 in heuristiic: 65
calculating extra bipartitions from extra input trees ...
Number of Clusters after additions from extra trees: 85
partitions formed in 0.718 secs
Dynamic Programming starting after 0.718 secs
Using tree-based weight calculation.
Using polytree-based weight calculation.
Polytree max score: 2588
Polytree building time: 0.052 seconds.
Number of quartet trees in the gene trees: 2588
Size of largest cluster: 10
Greedy score: 2561
estimationFactor: 1.0105427567356502
Sub-optimal score: 2561
Total Number of elements weighted: 66
Normalized score (portion of input quartet trees satisfied before correcting for multiple individuals): 0.9895672333848532
Optimization score: 2561
Optimal tree inferred in 0.887 secs.
(t3,(t5,(t8,(t2,(t1,((t4,t10),(t7,(t6,t9))))))));
Final quartet score is: 2561
Final normalized quartet score is: 0.9895672333848532
Extended species tree:
(t2,((t1,((t4,t10)1:3.482265204750939,(t7,(t6,t9)1:1.2431935174792175)1:4.356708826689595)1:4.7244336068149035)1:2.2477768564990503,(t8,(t5,t3)1:1.178654996341646)1:3.3202283191284896));
Weight calculation took 0.033849152 secs
ASTRAL finished in 1.2 secs
