
================== ASTRAL ===================== 

This is ASTRAL version 5.7.8
Gene trees are treated as unrooted
2480 trees read from tmp_quartet_ChG7vp5TCqHZb.txt
index0
All output trees will be *arbitrarily* rooted at t2
201 extra trees read from tmp_bipartitions_ChG7vp5TCqHZb.bootstrap.trees

======== Running the main analysis
Number of taxa: 10 (10 species)
Taxa: [t2, t3, t1, t9, t10, t4, t7, t8, t5, t6]
Taxon occupancy: {t4=929, t5=1258, t10=801, t6=1204, t7=789, t8=1245, t9=962, t1=830, t2=905, t3=997}
Number of gene trees: 2480
2480 trees have missing taxa
Calculating quartet distance matrix (for completion of X)
Species tree distances calculated ...
Will attempt to complete bipartitions from X before adding using a distance matrix.
Building set of clusters (X) from gene trees 
------------------------------
gradient0: 61
Number of Clusters after addition by distance: 61
calculating extra bipartitions to be added at level 1 ...
Adding to X using resolutions of greedy consensus ...
Limit for sigma of degrees:300
polytomy size limit : 3
discarded polytomies:  []
Threshold 0.0:
Threshold 0.01:
Threshold 0.02:
Threshold 0.05:
Threshold 0.1:
Threshold 0.2:
Threshold 0.3333333333333333:
max k is :0
Number of Clusters after addition by greedy: 61
gradient0 in heuristiic: 61
calculating extra bipartitions from extra input trees ...
Number of Clusters after additions from extra trees: 79
partitions formed in 0.651 secs
Dynamic Programming starting after 0.651 secs
Using tree-based weight calculation.
Using polytree-based weight calculation.
Polytree max score: 2480
Polytree building time: 0.042 seconds.
Number of quartet trees in the gene trees: 2480
Size of largest cluster: 10
Greedy score: 2428
estimationFactor: 1.0214168039538716
Sub-optimal score: 2428
Total Number of elements weighted: 68
Normalized score (portion of input quartet trees satisfied before correcting for multiple individuals): 0.9790322580645161
Optimization score: 2428
Optimal tree inferred in 0.804 secs.
(t3,(t8,(t2,((t9,t4),(t7,((t5,t6),(t1,t10)))))));
Final quartet score is: 2428
Final normalized quartet score is: 0.9790322580645161
Extended species tree:
(t2,(((t9,t4)1:1.299282984130261,(t7,((t5,t6)1:3.828641396489098,(t1,t10)1:4.1484117834923735)1:1.9924301646902058)1:2.367123614131617)1:3.1780538303479453,(t8,t3)1:0.9444616088408512));
Weight calculation took 0.037044489 secs
ASTRAL finished in 1.116 secs
