
================== ASTRAL ===================== 

This is ASTRAL version 5.7.8
Gene trees are treated as unrooted
2909 trees read from tmp_quartet_ChG7vp5TCqHZb.txt
index0
All output trees will be *arbitrarily* rooted at t5
201 extra trees read from tmp_bipartitions_ChG7vp5TCqHZb.bootstrap.trees

======== Running the main analysis
Number of taxa: 10 (10 species)
Taxa: [t5, t7, t1, t2, t3, t4, t6, t9, t10, t8]
Taxon occupancy: {t4=1230, t5=1197, t6=1123, t10=978, t7=1239, t8=1323, t9=1082, t1=907, t2=1274, t3=1283}
Number of gene trees: 2909
2909 trees have missing taxa
Calculating quartet distance matrix (for completion of X)
Species tree distances calculated ...
Will attempt to complete bipartitions from X before adding using a distance matrix.
Building set of clusters (X) from gene trees 
------------------------------
gradient0: 97
Number of Clusters after addition by distance: 97
calculating extra bipartitions to be added at level 1 ...
Adding to X using resolutions of greedy consensus ...
Limit for sigma of degrees:300
polytomy size limit : 3
discarded polytomies:  []
Threshold 0.0:
Threshold 0.01:
Threshold 0.02:
Threshold 0.05:
Threshold 0.1:
Threshold 0.2:
Threshold 0.3333333333333333:
max k is :0
Number of Clusters after addition by greedy: 97
gradient0 in heuristiic: 97
calculating extra bipartitions from extra input trees ...
Number of Clusters after additions from extra trees: 109
partitions formed in 0.746 secs
Dynamic Programming starting after 0.746 secs
Using tree-based weight calculation.
Using polytree-based weight calculation.
Polytree max score: 2909
Polytree building time: 0.063 seconds.
Number of quartet trees in the gene trees: 2909
Size of largest cluster: 10
Greedy score: 2854
estimationFactor: 1.01927119831815
Sub-optimal score: 2854
Total Number of elements weighted: 107
Normalized score (portion of input quartet trees satisfied before correcting for multiple individuals): 0.9810931591612237
Optimization score: 2854
Optimal tree inferred in 0.948 secs.
(t7,(t8,(t5,(t2,((t3,t4),(t10,(t9,(t1,t6))))))));
Final quartet score is: 2854
Final normalized quartet score is: 0.9810931591612237
You may want to ignore posterior probabilities and other statistics related to the following branch branch because the effective number of genes impacting it is only 9:
	{t1, t6}
Extended species tree:
(t5,((t2,((t3,t4)1:3.486355190002461,(t10,(t9,(t1,t6)0.75:0.2876820724517809)1:1.1700712526502548)1:3.8712010109078947)1:2.734367509419584)1:2.916482901899851,(t8,t7)1:1.2286654169163078));
Weight calculation took 0.042835945 secs
ASTRAL finished in 1.265 secs
