
================== ASTRAL ===================== 

This is ASTRAL version 5.7.8
Gene trees are treated as unrooted
4592 trees read from tmp_quartet_ChG7vp5TCqHZb.txt
index0
All output trees will be *arbitrarily* rooted at t4
201 extra trees read from tmp_bipartitions_ChG7vp5TCqHZb.bootstrap.trees

======== Running the main analysis
Number of taxa: 10 (10 species)
Taxa: [t4, t8, t2, t3, t5, t6, t7, t9, t10, t1]
Taxon occupancy: {t4=2029, t5=1237, t6=2052, t10=2383, t7=2089, t8=2061, t9=2339, t1=1149, t2=1474, t3=1555}
Number of gene trees: 4592
4592 trees have missing taxa
Calculating quartet distance matrix (for completion of X)
Species tree distances calculated ...
Will attempt to complete bipartitions from X before adding using a distance matrix.
Building set of clusters (X) from gene trees 
------------------------------
gradient0: 55
Number of Clusters after addition by distance: 55
calculating extra bipartitions to be added at level 1 ...
Adding to X using resolutions of greedy consensus ...
Limit for sigma of degrees:300
polytomy size limit : 3
discarded polytomies:  []
Threshold 0.0:
Threshold 0.01:
Threshold 0.02:
Threshold 0.05:
Threshold 0.1:
Threshold 0.2:
Threshold 0.3333333333333333:
max k is :0
Number of Clusters after addition by greedy: 55
gradient0 in heuristiic: 55
calculating extra bipartitions from extra input trees ...
Number of Clusters after additions from extra trees: 69
partitions formed in 1.096 secs
Dynamic Programming starting after 1.096 secs
Using tree-based weight calculation.
Using polytree-based weight calculation.
Polytree max score: 4592
Polytree building time: 0.071 seconds.
Number of quartet trees in the gene trees: 4592
Size of largest cluster: 10
Greedy score: 4578
estimationFactor: 1.003058103975535
Sub-optimal score: 4578
Total Number of elements weighted: 59
Normalized score (portion of input quartet trees satisfied before correcting for multiple individuals): 0.9969512195121951
Optimization score: 4578
Optimal tree inferred in 1.322 secs.
(t8,(t4,(t2,(t6,(t1,(t5,(t3,(t7,(t9,t10)))))))));
Final quartet score is: 4578
Final normalized quartet score is: 0.9969512195121951
Extended species tree:
(t4,((t2,(t6,(t1,(t5,(t3,(t7,(t9,t10)1:4.10539439840869)1:2.159484249353373)1:4.079418912005427)1:3.3787245258100977)1:2.67644486168688)1:1.0296194171811581)1:4.037186148382156,t8));
Weight calculation took 0.041882752 secs
ASTRAL finished in 1.687 secs
