
================== ASTRAL ===================== 

This is ASTRAL version 5.7.8
Gene trees are treated as unrooted
3690 trees read from tmp_quartet_ChG7vp5TCqHZb.txt
index0
All output trees will be *arbitrarily* rooted at t3
201 extra trees read from tmp_bipartitions_ChG7vp5TCqHZb.bootstrap.trees

======== Running the main analysis
Number of taxa: 10 (10 species)
Taxa: [t3, t4, t1, t2, t10, t5, t7, t8, t9, t6]
Taxon occupancy: {t4=1797, t5=1729, t10=1891, t6=1770, t7=961, t8=1335, t9=1713, t1=1095, t2=1218, t3=1251}
Number of gene trees: 3690
3690 trees have missing taxa
Calculating quartet distance matrix (for completion of X)
Species tree distances calculated ...
Will attempt to complete bipartitions from X before adding using a distance matrix.
Building set of clusters (X) from gene trees 
------------------------------
gradient0: 111
Number of Clusters after addition by distance: 111
calculating extra bipartitions to be added at level 1 ...
Adding to X using resolutions of greedy consensus ...
Limit for sigma of degrees:300
polytomy size limit : 3
discarded polytomies:  []
Threshold 0.0:
Threshold 0.01:
Threshold 0.02:
Threshold 0.05:
Threshold 0.1:
Threshold 0.2:
Threshold 0.3333333333333333:
max k is :0
Number of Clusters after addition by greedy: 111
gradient0 in heuristiic: 111
calculating extra bipartitions from extra input trees ...
Number of Clusters after additions from extra trees: 123
partitions formed in 0.889 secs
Dynamic Programming starting after 0.901 secs
Using tree-based weight calculation.
Using polytree-based weight calculation.
Polytree max score: 3690
Polytree building time: 0.044 seconds.
Number of quartet trees in the gene trees: 3690
Size of largest cluster: 10
Greedy score: 3596
estimationFactor: 1.0261401557285874
Sub-optimal score: 3596
Total Number of elements weighted: 120
Normalized score (portion of input quartet trees satisfied before correcting for multiple individuals): 0.9745257452574526
Optimization score: 3596
Optimal tree inferred in 1.125 secs.
(t4,(t5,(t9,(t3,(t7,(t8,(t1,(t2,(t10,t6)))))))));
Final quartet score is: 3596
Final normalized quartet score is: 0.9745257452574526
Extended species tree:
(t3,((t7,(t8,(t1,(t2,(t10,t6)1:2.92673940206704)1:2.6855773452501523)1:0.8938178760220965)1:2.112231364502826)1:2.590267165445826,(t9,(t5,t4)1:1.1451323043030024)1:2.0794415416798353));
Weight calculation took 0.072942438 secs
ASTRAL finished in 1.495 secs
