
================== ASTRAL ===================== 

This is ASTRAL version 5.7.8
Gene trees are treated as unrooted
5412 trees read from tmp_quartet_ChG7vp5TCqHZb.txt
index0
All output trees will be *arbitrarily* rooted at t4
201 extra trees read from tmp_bipartitions_ChG7vp5TCqHZb.bootstrap.trees

======== Running the main analysis
Number of taxa: 10 (10 species)
Taxa: [t4, t5, t1, t2, t3, t7, t8, t9, t10, t6]
Taxon occupancy: {t4=2132, t5=2071, t10=2228, t6=1879, t7=1993, t8=2471, t9=2281, t1=2050, t2=2487, t3=2056}
Number of gene trees: 5412
5412 trees have missing taxa
Calculating quartet distance matrix (for completion of X)
Species tree distances calculated ...
Will attempt to complete bipartitions from X before adding using a distance matrix.
Building set of clusters (X) from gene trees 
------------------------------
gradient0: 99
Number of Clusters after addition by distance: 99
calculating extra bipartitions to be added at level 1 ...
Adding to X using resolutions of greedy consensus ...
Limit for sigma of degrees:300
polytomy size limit : 3
discarded polytomies:  []
Threshold 0.0:
Threshold 0.01:
Threshold 0.02:
Threshold 0.05:
Threshold 0.1:
Threshold 0.2:
Threshold 0.3333333333333333:
max k is :0
Number of Clusters after addition by greedy: 99
gradient0 in heuristiic: 99
calculating extra bipartitions from extra input trees ...
Number of Clusters after additions from extra trees: 109
partitions formed in 1.485 secs
Dynamic Programming starting after 1.485 secs
Using tree-based weight calculation.
Using polytree-based weight calculation.
Polytree max score: 5412
Polytree building time: 0.086 seconds.
Number of quartet trees in the gene trees: 5412
Size of largest cluster: 10
Greedy score: 5317
estimationFactor: 1.0178672183562159
Sub-optimal score: 5317
Total Number of elements weighted: 80
Normalized score (portion of input quartet trees satisfied before correcting for multiple individuals): 0.9824464153732446
Optimization score: 5317
Optimal tree inferred in 1.756 secs.
(t5,(t4,((t7,(t10,(t8,t9))),(t6,(t2,(t1,t3))))));
Final quartet score is: 5317
Final normalized quartet score is: 0.9824464153732446
Extended species tree:
(t4,(((t7,(t10,(t8,t9)1:1.4790760945708565)1:1.6817585740137264)1:3.9120230054281477,(t6,(t2,(t1,t3)1:1.9694406464655068)1:3.2653958405030914)1:2.836010548677277)1:0.9675840262617057,t5));
Weight calculation took 0.070837053 secs
ASTRAL finished in 2.136 secs
