
================== ASTRAL ===================== 

This is ASTRAL version 5.7.8
Gene trees are treated as unrooted
5021 trees read from tmp_quartet_ChG7vp5TCqHZb.txt
index0
All output trees will be *arbitrarily* rooted at t3
201 extra trees read from tmp_bipartitions_ChG7vp5TCqHZb.bootstrap.trees

======== Running the main analysis
Number of taxa: 10 (10 species)
Taxa: [t3, t7, t1, t2, t5, t6, t9, t10, t4, t8]
Taxon occupancy: {t4=2065, t5=1610, t6=2201, t10=2600, t7=2256, t8=2144, t9=2549, t1=1218, t2=1814, t3=1627}
Number of gene trees: 5021
5021 trees have missing taxa
Calculating quartet distance matrix (for completion of X)
Species tree distances calculated ...
Will attempt to complete bipartitions from X before adding using a distance matrix.
Building set of clusters (X) from gene trees 
------------------------------
gradient0: 71
Number of Clusters after addition by distance: 71
calculating extra bipartitions to be added at level 1 ...
Adding to X using resolutions of greedy consensus ...
Limit for sigma of degrees:300
polytomy size limit : 3
discarded polytomies:  []
Threshold 0.0:
Threshold 0.01:
Threshold 0.02:
Threshold 0.05:
Threshold 0.1:
Threshold 0.2:
Threshold 0.3333333333333333:
max k is :0
Number of Clusters after addition by greedy: 71
gradient0 in heuristiic: 71
calculating extra bipartitions from extra input trees ...
Number of Clusters after additions from extra trees: 85
partitions formed in 1.173 secs
Dynamic Programming starting after 1.174 secs
Using tree-based weight calculation.
Using polytree-based weight calculation.
Polytree max score: 5021
Polytree building time: 0.092 seconds.
Number of quartet trees in the gene trees: 5021
Size of largest cluster: 10
Greedy score: 4949
estimationFactor: 1.0145483936148716
Sub-optimal score: 4949
Total Number of elements weighted: 77
Normalized score (portion of input quartet trees satisfied before correcting for multiple individuals): 0.9856602270464051
Optimization score: 4949
Optimal tree inferred in 1.422 secs.
(t7,((t9,t10),(t3,(t5,(t1,(t2,(t6,(t4,t8))))))));
Final quartet score is: 4949
Final normalized quartet score is: 0.9856602270464051
Extended species tree:
(t3,((t5,(t1,(t2,(t6,(t4,t8)1:2.859021228012089)1:0.6931471805599453)1:1.2039728043259361)1:2.860294302658888)1:4.290459441148391,((t9,t10)1:2.319114394945257,t7)1:1.0653866410397894));
Weight calculation took 0.059167146 secs
ASTRAL finished in 1.834 secs
