
================== ASTRAL ===================== 

This is ASTRAL version 5.7.8
Gene trees are treated as unrooted
3292 trees read from tmp_quartet_ChG7vp5TCqHZb.txt
index0
All output trees will be *arbitrarily* rooted at t4
201 extra trees read from tmp_bipartitions_ChG7vp5TCqHZb.bootstrap.trees

======== Running the main analysis
Number of taxa: 10 (10 species)
Taxa: [t4, t5, t1, t2, t3, t7, t8, t9, t10, t6]
Taxon occupancy: {t4=1344, t5=1996, t10=963, t6=1948, t7=1475, t8=1089, t9=1057, t1=1089, t2=1031, t3=1176}
Number of gene trees: 3292
3292 trees have missing taxa
Calculating quartet distance matrix (for completion of X)
Species tree distances calculated ...
Will attempt to complete bipartitions from X before adding using a distance matrix.
Building set of clusters (X) from gene trees 
------------------------------
gradient0: 101
Number of Clusters after addition by distance: 101
calculating extra bipartitions to be added at level 1 ...
Adding to X using resolutions of greedy consensus ...
Limit for sigma of degrees:300
polytomy size limit : 3
discarded polytomies:  []
Threshold 0.0:
Threshold 0.01:
Threshold 0.02:
Threshold 0.05:
Threshold 0.1:
Threshold 0.2:
Threshold 0.3333333333333333:
max k is :0
Number of Clusters after addition by greedy: 101
gradient0 in heuristiic: 101
calculating extra bipartitions from extra input trees ...
Number of Clusters after additions from extra trees: 115
partitions formed in 0.805 secs
Dynamic Programming starting after 0.805 secs
Using tree-based weight calculation.
Using polytree-based weight calculation.
Polytree max score: 3292
Polytree building time: 0.06 seconds.
Number of quartet trees in the gene trees: 3292
Size of largest cluster: 10
Greedy score: 3079
estimationFactor: 1.069178304644365
Sub-optimal score: 3079
Total Number of elements weighted: 125
Normalized score (portion of input quartet trees satisfied before correcting for multiple individuals): 0.9352976913730255
Optimization score: 3079
Optimal tree inferred in 1.015 secs.
(t5,(t6,(t10,((t3,(t4,t7)),((t1,t9),(t2,t8))))));
Final quartet score is: 3079
Final normalized quartet score is: 0.9352976913730255
Extended species tree:
(t4,(t7,(t3,(((t1,t9)1:0.7472144018302211,(t2,t8)1:1.5114575040738965)1:1.0608719606852628,(t10,(t6,t5)1:4.532599493153262)1:1.0325012635560473)1:1.5614984501449816)1:0.5573456394008836));
Weight calculation took 0.031444089 secs
ASTRAL finished in 1.341 secs
