
================== ASTRAL ===================== 

This is ASTRAL version 5.7.8
Gene trees are treated as unrooted
2907 trees read from tmp_quartet_ChG7vp5TCqHZb.txt
index0
All output trees will be *arbitrarily* rooted at t10
201 extra trees read from tmp_bipartitions_ChG7vp5TCqHZb.bootstrap.trees

======== Running the main analysis
Number of taxa: 10 (10 species)
Taxa: [t10, t4, t1, t2, t3, t5, t8, t6, t7, t9]
Taxon occupancy: {t4=1454, t5=1286, t10=1443, t6=1052, t7=861, t8=1074, t9=948, t1=1118, t2=1033, t3=1359}
Number of gene trees: 2907
2907 trees have missing taxa
Calculating quartet distance matrix (for completion of X)
Species tree distances calculated ...
Will attempt to complete bipartitions from X before adding using a distance matrix.
Building set of clusters (X) from gene trees 
------------------------------
gradient0: 109
Number of Clusters after addition by distance: 109
calculating extra bipartitions to be added at level 1 ...
Adding to X using resolutions of greedy consensus ...
Limit for sigma of degrees:300
polytomy size limit : 3
discarded polytomies:  []
Threshold 0.0:
Threshold 0.01:
Threshold 0.02:
Threshold 0.05:
Threshold 0.1:
Threshold 0.2:
Threshold 0.3333333333333333:
max k is :0
Number of Clusters after addition by greedy: 109
gradient0 in heuristiic: 109
calculating extra bipartitions from extra input trees ...
Number of Clusters after additions from extra trees: 123
partitions formed in 0.783 secs
Dynamic Programming starting after 0.784 secs
Using tree-based weight calculation.
Using polytree-based weight calculation.
Polytree max score: 2907
Polytree building time: 0.039 seconds.
Number of quartet trees in the gene trees: 2907
Size of largest cluster: 10
Greedy score: 2778
estimationFactor: 1.0464362850971922
Sub-optimal score: 2778
Total Number of elements weighted: 118
Normalized score (portion of input quartet trees satisfied before correcting for multiple individuals): 0.95562435500516
Optimization score: 2778
Optimal tree inferred in 0.97 secs.
(t4,(t10,((t7,(t6,t9)),(t1,(t2,(t8,(t3,t5)))))));
Final quartet score is: 2778
Final normalized quartet score is: 0.95562435500516
You may want to ignore posterior probabilities and other statistics related to the following branch branch because the effective number of genes impacting it is only 12:
	{t6, t9}
Extended species tree:
(t10,(((t7,(t6,t9)1:2.159484249353373)1:2.6390573296152575,(t1,(t2,(t8,(t3,t5)1:0.4906229164484712)1:1.2685113254635072)1:1.3151984394361604)1:2.442347035369204)1:2.5617390818312877,t4));
Weight calculation took 0.066545843 secs
ASTRAL finished in 1.288 secs
