
================== ASTRAL ===================== 

This is ASTRAL version 5.7.8
Gene trees are treated as unrooted
3950 trees read from tmp_quartet_ChG7vp5TCqHZb.txt
index0
All output trees will be *arbitrarily* rooted at t3
201 extra trees read from tmp_bipartitions_ChG7vp5TCqHZb.bootstrap.trees

======== Running the main analysis
Number of taxa: 10 (10 species)
Taxa: [t3, t8, t1, t2, t4, t5, t6, t9, t10, t7]
Taxon occupancy: {t4=1097, t5=1510, t6=1430, t10=1645, t7=1263, t8=1913, t9=1462, t1=1452, t2=1740, t3=2288}
Number of gene trees: 3950
3950 trees have missing taxa
Calculating quartet distance matrix (for completion of X)
Species tree distances calculated ...
Will attempt to complete bipartitions from X before adding using a distance matrix.
Building set of clusters (X) from gene trees 
------------------------------
gradient0: 65
Number of Clusters after addition by distance: 65
calculating extra bipartitions to be added at level 1 ...
Adding to X using resolutions of greedy consensus ...
Limit for sigma of degrees:300
polytomy size limit : 3
discarded polytomies:  []
Threshold 0.0:
Threshold 0.01:
Threshold 0.02:
Threshold 0.05:
Threshold 0.1:
Threshold 0.2:
Threshold 0.3333333333333333:
max k is :0
Number of Clusters after addition by greedy: 65
gradient0 in heuristiic: 65
calculating extra bipartitions from extra input trees ...
Number of Clusters after additions from extra trees: 79
partitions formed in 0.981 secs
Dynamic Programming starting after 0.981 secs
Using tree-based weight calculation.
Using polytree-based weight calculation.
Polytree max score: 3950
Polytree building time: 0.065 seconds.
Number of quartet trees in the gene trees: 3950
Size of largest cluster: 10
Greedy score: 3887
estimationFactor: 1.0162078723951633
Sub-optimal score: 3887
Total Number of elements weighted: 68
Normalized score (portion of input quartet trees satisfied before correcting for multiple individuals): 0.9840506329113924
Optimization score: 3887
Optimal tree inferred in 1.195 secs.
(t8,(t3,(t2,(t4,((t1,t10),(t7,(t9,(t5,t6))))))));
Final quartet score is: 3887
Final normalized quartet score is: 0.9840506329113924
You may want to ignore posterior probabilities and other statistics related to the following branch branch because the effective number of genes impacting it is only 10:
	{t5, t6}
Extended species tree:
(t3,((t2,(t4,((t1,t10)1:4.759320865815357,(t7,(t9,(t5,t6)0.46:0.04652001563489282)1:1.3973441973064757)1:1.4784096500276962)1:3.440418094815435)1:2.973259417701933)1:3.004031076368686,t8));
Weight calculation took 0.06173274 secs
ASTRAL finished in 1.583 secs
