
================== ASTRAL ===================== 

This is ASTRAL version 5.7.8
Gene trees are treated as unrooted
3151 trees read from tmp_quartet_ChG7vp5TCqHZb.txt
index0
All output trees will be *arbitrarily* rooted at t7
201 extra trees read from tmp_bipartitions_ChG7vp5TCqHZb.bootstrap.trees

======== Running the main analysis
Number of taxa: 10 (10 species)
Taxa: [t7, t8, t1, t2, t3, t4, t6, t9, t10, t5]
Taxon occupancy: {t4=1276, t5=1210, t6=1336, t10=972, t7=1320, t8=1421, t9=1216, t1=1238, t2=1292, t3=1323}
Number of gene trees: 3151
3151 trees have missing taxa
Calculating quartet distance matrix (for completion of X)
Species tree distances calculated ...
Will attempt to complete bipartitions from X before adding using a distance matrix.
Building set of clusters (X) from gene trees 
------------------------------
gradient0: 85
Number of Clusters after addition by distance: 85
calculating extra bipartitions to be added at level 1 ...
Adding to X using resolutions of greedy consensus ...
Limit for sigma of degrees:300
polytomy size limit : 3
discarded polytomies:  []
Threshold 0.0:
Threshold 0.01:
Threshold 0.02:
Threshold 0.05:
Threshold 0.1:
Threshold 0.2:
Threshold 0.3333333333333333:
max k is :0
Number of Clusters after addition by greedy: 85
gradient0 in heuristiic: 85
calculating extra bipartitions from extra input trees ...
Number of Clusters after additions from extra trees: 107
partitions formed in 0.882 secs
Dynamic Programming starting after 0.882 secs
Using tree-based weight calculation.
Using polytree-based weight calculation.
Polytree max score: 3151
Polytree building time: 0.047 seconds.
Number of quartet trees in the gene trees: 3151
Size of largest cluster: 10
Greedy score: 3038
estimationFactor: 1.0371955233706385
Sub-optimal score: 3038
Total Number of elements weighted: 97
Normalized score (portion of input quartet trees satisfied before correcting for multiple individuals): 0.9641383687718185
Optimization score: 3038
Optimal tree inferred in 1.08 secs.
(t8,(t7,(t5,(t2,((t3,t4),(t10,(t9,(t1,t6))))))));
Final quartet score is: 3038
Final normalized quartet score is: 0.9641383687718185
Extended species tree:
(t7,((t5,(t2,((t3,t4)1:1.586965056582042,(t10,(t9,(t1,t6)1:1.8971199848858815)1:1.83258146374831)1:1.6537737262541523)1:1.9159884691902647)1:2.784423179886785)1:2.8526314299133184,t8));
Weight calculation took 0.042096059 secs
ASTRAL finished in 1.391 secs
