
================== ASTRAL ===================== 

This is ASTRAL version 5.7.8
Gene trees are treated as unrooted
4744 trees read from tmp_quartet_ChG7vp5TCqHZb.txt
index0
All output trees will be *arbitrarily* rooted at t3
201 extra trees read from tmp_bipartitions_ChG7vp5TCqHZb.bootstrap.trees

======== Running the main analysis
Number of taxa: 10 (10 species)
Taxa: [t3, t8, t1, t2, t4, t9, t5, t6, t7, t10]
Taxon occupancy: {t4=1902, t5=2259, t6=1644, t10=1592, t7=1841, t8=2007, t9=1587, t1=1742, t2=2222, t3=2180}
Number of gene trees: 4744
4744 trees have missing taxa
Calculating quartet distance matrix (for completion of X)
Species tree distances calculated ...
Will attempt to complete bipartitions from X before adding using a distance matrix.
Building set of clusters (X) from gene trees 
------------------------------
gradient0: 93
Number of Clusters after addition by distance: 93
calculating extra bipartitions to be added at level 1 ...
Adding to X using resolutions of greedy consensus ...
Limit for sigma of degrees:300
polytomy size limit : 3
discarded polytomies:  []
Threshold 0.0:
Threshold 0.01:
Threshold 0.02:
Threshold 0.05:
Threshold 0.1:
Threshold 0.2:
Threshold 0.3333333333333333:
max k is :0
Number of Clusters after addition by greedy: 93
gradient0 in heuristiic: 93
calculating extra bipartitions from extra input trees ...
Number of Clusters after additions from extra trees: 107
partitions formed in 1.082 secs
Dynamic Programming starting after 1.082 secs
Using tree-based weight calculation.
Using polytree-based weight calculation.
Polytree max score: 4744
Polytree building time: 0.083 seconds.
Number of quartet trees in the gene trees: 4744
Size of largest cluster: 10
Greedy score: 4620
estimationFactor: 1.0268398268398269
Sub-optimal score: 4620
Total Number of elements weighted: 112
Normalized score (portion of input quartet trees satisfied before correcting for multiple individuals): 0.9738617200674536
Optimization score: 4620
Optimal tree inferred in 1.335 secs.
(t8,(t7,(t9,((t3,t10),(t1,(t4,(t2,(t5,t6))))))));
Final quartet score is: 4620
Final normalized quartet score is: 0.9738617200674536
Extended species tree:
(t3,(t10,((t1,(t4,(t2,(t5,t6)1:2.590267165445826)1:0.7472144018302211)1:1.654042218670854)1:4.291980353989095,(t9,(t7,t8)1:2.2335922215070947)1:0.9295359586241756)0.94:0.22825865198098033));
Weight calculation took 0.043910156 secs
ASTRAL finished in 1.713 secs
