
================== ASTRAL ===================== 

This is ASTRAL version 5.7.8
Gene trees are treated as unrooted
2835 trees read from tmp_quartet_ChG7vp5TCqHZb.txt
index0
All output trees will be *arbitrarily* rooted at t5
201 extra trees read from tmp_bipartitions_ChG7vp5TCqHZb.bootstrap.trees

======== Running the main analysis
Number of taxa: 10 (10 species)
Taxa: [t5, t7, t1, t2, t3, t4, t6, t9, t10, t8]
Taxon occupancy: {t4=1162, t5=1243, t6=1121, t10=971, t7=1359, t8=1265, t9=960, t1=969, t2=1068, t3=1222}
Number of gene trees: 2835
2835 trees have missing taxa
Calculating quartet distance matrix (for completion of X)
Species tree distances calculated ...
Will attempt to complete bipartitions from X before adding using a distance matrix.
Building set of clusters (X) from gene trees 
------------------------------
gradient0: 67
Number of Clusters after addition by distance: 67
calculating extra bipartitions to be added at level 1 ...
Adding to X using resolutions of greedy consensus ...
Limit for sigma of degrees:300
polytomy size limit : 3
discarded polytomies:  []
Threshold 0.0:
Threshold 0.01:
Threshold 0.02:
Threshold 0.05:
Threshold 0.1:
Threshold 0.2:
Threshold 0.3333333333333333:
max k is :0
Number of Clusters after addition by greedy: 67
gradient0 in heuristiic: 67
calculating extra bipartitions from extra input trees ...
Number of Clusters after additions from extra trees: 87
partitions formed in 0.704 secs
Dynamic Programming starting after 0.704 secs
Using tree-based weight calculation.
Using polytree-based weight calculation.
Polytree max score: 2835
Polytree building time: 0.055 seconds.
Number of quartet trees in the gene trees: 2835
Size of largest cluster: 10
Greedy score: 2741
estimationFactor: 1.0342940532652316
Sub-optimal score: 2741
Total Number of elements weighted: 75
Normalized score (portion of input quartet trees satisfied before correcting for multiple individuals): 0.9668430335097001
Optimization score: 2741
Optimal tree inferred in 0.902 secs.
(t7,(t8,(t5,(t2,((t3,t4),(t10,(t9,(t1,t6))))))));
Final quartet score is: 2741
Final normalized quartet score is: 0.9668430335097001
You may want to ignore posterior probabilities and other statistics related to the following branch branch because the effective number of genes impacting it is only 14:
	{t7, t8}
Extended species tree:
(t5,((t2,((t3,t4)1:2.4107986776342782,(t10,(t9,(t1,t6)0.65:0.25593337413720063)1:1.0861897686695527)1:3.2321210516182224)1:0.963437510299857)1:3.4985257256227182,(t8,t7)1:2.302585092994046));
Weight calculation took 0.038992489 secs
ASTRAL finished in 1.226 secs
