
================== ASTRAL ===================== 

This is ASTRAL version 5.7.8
Gene trees are treated as unrooted
5000 trees read from tmp_quartet_ChG7vp5TCqHZb.txt
index0
All output trees will be *arbitrarily* rooted at t5
201 extra trees read from tmp_bipartitions_ChG7vp5TCqHZb.bootstrap.trees

======== Running the main analysis
Number of taxa: 10 (10 species)
Taxa: [t5, t6, t1, t2, t7, t9, t3, t4, t10, t8]
Taxon occupancy: {t4=2717, t5=2093, t6=1321, t10=2658, t7=2123, t8=1716, t9=1846, t1=1758, t2=1858, t3=1910}
Number of gene trees: 5000
5000 trees have missing taxa
Calculating quartet distance matrix (for completion of X)
Species tree distances calculated ...
Will attempt to complete bipartitions from X before adding using a distance matrix.
Building set of clusters (X) from gene trees 
------------------------------
gradient0: 89
Number of Clusters after addition by distance: 89
calculating extra bipartitions to be added at level 1 ...
Adding to X using resolutions of greedy consensus ...
Limit for sigma of degrees:300
polytomy size limit : 3
discarded polytomies:  []
Threshold 0.0:
Threshold 0.01:
Threshold 0.02:
Threshold 0.05:
Threshold 0.1:
Threshold 0.2:
Threshold 0.3333333333333333:
max k is :0
Number of Clusters after addition by greedy: 89
gradient0 in heuristiic: 89
calculating extra bipartitions from extra input trees ...
Number of Clusters after additions from extra trees: 99
partitions formed in 1.369 secs
Dynamic Programming starting after 1.369 secs
Using tree-based weight calculation.
Using polytree-based weight calculation.
Polytree max score: 5000
Polytree building time: 0.079 seconds.
Number of quartet trees in the gene trees: 5000
Size of largest cluster: 10
Greedy score: 4799
estimationFactor: 1.0418837257762035
Sub-optimal score: 4799
Total Number of elements weighted: 88
Normalized score (portion of input quartet trees satisfied before correcting for multiple individuals): 0.9712
Optimization score: 4856
Optimal tree inferred in 1.637 secs.
(t6,(((t9,t8),(t5,t7)),(t2,(t1,(t3,(t4,t10))))));
Final quartet score is: 4856
Final normalized quartet score is: 0.9712
Extended species tree:
(t5,(t7,((t9,t8)1:1.586965056582042,((t2,(t1,(t3,(t4,t10)1:2.114532861491106)1:3.4998689091691864)1:2.867898902044107)1:1.0986122886681098,t6)1:1.3017369730918273)1:2.173373361514039));
Weight calculation took 0.060460168 secs
ASTRAL finished in 1.993 secs
