
================== ASTRAL ===================== 

This is ASTRAL version 5.7.8
Gene trees are treated as unrooted
4124 trees read from tmp_quartet_ChG7vp5TCqHZb.txt
index0
All output trees will be *arbitrarily* rooted at t5
201 extra trees read from tmp_bipartitions_ChG7vp5TCqHZb.bootstrap.trees

======== Running the main analysis
Number of taxa: 10 (10 species)
Taxa: [t5, t6, t1, t10, t7, t9, t2, t3, t4, t8]
Taxon occupancy: {t4=1164, t5=1618, t6=1594, t10=1710, t7=1333, t8=1917, t9=1675, t1=1457, t2=1816, t3=2212}
Number of gene trees: 4124
4124 trees have missing taxa
Calculating quartet distance matrix (for completion of X)
Species tree distances calculated ...
Will attempt to complete bipartitions from X before adding using a distance matrix.
Building set of clusters (X) from gene trees 
------------------------------
gradient0: 73
Number of Clusters after addition by distance: 73
calculating extra bipartitions to be added at level 1 ...
Adding to X using resolutions of greedy consensus ...
Limit for sigma of degrees:300
polytomy size limit : 3
discarded polytomies:  []
Threshold 0.0:
Threshold 0.01:
Threshold 0.02:
Threshold 0.05:
Threshold 0.1:
Threshold 0.2:
Threshold 0.3333333333333333:
max k is :0
Number of Clusters after addition by greedy: 73
gradient0 in heuristiic: 73
calculating extra bipartitions from extra input trees ...
Number of Clusters after additions from extra trees: 87
partitions formed in 1.111 secs
Dynamic Programming starting after 1.111 secs
Using tree-based weight calculation.
Using polytree-based weight calculation.
Polytree max score: 4124
Polytree building time: 0.068 seconds.
Number of quartet trees in the gene trees: 4124
Size of largest cluster: 10
Greedy score: 4065
estimationFactor: 1.0145141451414514
Sub-optimal score: 4076
Total Number of elements weighted: 79
Normalized score (portion of input quartet trees satisfied before correcting for multiple individuals): 0.988360814742968
Optimization score: 4076
Optimal tree inferred in 1.321 secs.
(t6,((t5,t9),(t7,((t1,t10),(t4,(t2,(t3,t8)))))));
Final quartet score is: 4076
Final normalized quartet score is: 0.988360814742968
You may want to ignore posterior probabilities and other statistics related to the following branch branch because the effective number of genes impacting it is only 19:
	{t6, t1, t10, t7, t2, t3, t4, t8}
Extended species tree:
(t5,(t9,((t7,((t1,t10)1:4.951121166563836,(t4,(t2,(t3,t8)1:2.9957322735539913)1:3.091042453358317)1:5.204006687076799)1:2.2256240518579182)1:1.6739764335716716,t6)1:0.7985076962177715));
Weight calculation took 0.052937185 secs
ASTRAL finished in 1.681 secs
