
================== ASTRAL ===================== 

This is ASTRAL version 5.7.8
Gene trees are treated as unrooted
1475 trees read from tmp_quartet_ChG7vp5TCqHZb.txt
index0
All output trees will be *arbitrarily* rooted at t6
201 extra trees read from tmp_bipartitions_ChG7vp5TCqHZb.bootstrap.trees

======== Running the main analysis
Number of taxa: 10 (10 species)
Taxa: [t6, t7, t1, t2, t3, t4, t5, t8, t10, t9]
Taxon occupancy: {t4=618, t5=587, t6=795, t10=516, t7=736, t8=374, t9=328, t1=718, t2=719, t3=509}
Number of gene trees: 1475
1475 trees have missing taxa
Calculating quartet distance matrix (for completion of X)
Species tree distances calculated ...
Will attempt to complete bipartitions from X before adding using a distance matrix.
Building set of clusters (X) from gene trees 
------------------------------
gradient0: 71
Number of Clusters after addition by distance: 71
calculating extra bipartitions to be added at level 1 ...
Adding to X using resolutions of greedy consensus ...
Limit for sigma of degrees:300
polytomy size limit : 3
discarded polytomies:  []
Threshold 0.0:
Threshold 0.01:
Threshold 0.02:
Threshold 0.05:
Threshold 0.1:
Threshold 0.2:
Threshold 0.3333333333333333:
max k is :0
Number of Clusters after addition by greedy: 71
gradient0 in heuristiic: 71
calculating extra bipartitions from extra input trees ...
Number of Clusters after additions from extra trees: 87
partitions formed in 0.468 secs
Dynamic Programming starting after 0.468 secs
Using tree-based weight calculation.
Using polytree-based weight calculation.
Polytree max score: 1475
Polytree building time: 0.029 seconds.
Number of quartet trees in the gene trees: 1475
Size of largest cluster: 10
Greedy score: 1446
estimationFactor: 1.020055325034578
Sub-optimal score: 1448
Total Number of elements weighted: 76
Normalized score (portion of input quartet trees satisfied before correcting for multiple individuals): 0.9816949152542372
Optimization score: 1448
Optimal tree inferred in 0.59 secs.
(t7,(t6,((t10,t9),(t3,(t8,((t1,t4),(t2,t5)))))));
Final quartet score is: 1448
Final normalized quartet score is: 0.9816949152542372
You may want to ignore posterior probabilities and other statistics related to the following branch branch because the effective number of genes impacting it is only 2:
	{t10, t9}
You may want to ignore posterior probabilities and other statistics related to the following branch branch because the effective number of genes impacting it is only 7:
	{t1, t2, t4, t5}
You may want to ignore posterior probabilities and other statistics related to the following branch branch because the effective number of genes impacting it is only 19:
	{t1, t2, t3, t4, t5, t8}
Extended species tree:
(t6,(((t10,t9)0.87:0.6931471805599453,(t3,(t8,((t1,t4)1:2.6198259676873716,(t2,t5)1:2.538973871058275)0.92:0.5753641449035618)1:3.925268232178164)1:2.590267165445826)1:2.8754461076794877,t7));
Weight calculation took 0.024648409 secs
ASTRAL finished in 0.835 secs
