
================== ASTRAL ===================== 

This is ASTRAL version 5.7.8
Gene trees are treated as unrooted
3901 trees read from tmp_quartet_ChG7vp5TCqHZb.txt
index0
All output trees will be *arbitrarily* rooted at t5
201 extra trees read from tmp_bipartitions_ChG7vp5TCqHZb.bootstrap.trees

======== Running the main analysis
Number of taxa: 10 (10 species)
Taxa: [t5, t7, t1, t2, t3, t4, t6, t8, t10, t9]
Taxon occupancy: {t4=1416, t5=1666, t6=1333, t10=1564, t7=1768, t8=1693, t9=1244, t1=1420, t2=1800, t3=1700}
Number of gene trees: 3901
3901 trees have missing taxa
Calculating quartet distance matrix (for completion of X)
Species tree distances calculated ...
Will attempt to complete bipartitions from X before adding using a distance matrix.
Building set of clusters (X) from gene trees 
------------------------------
gradient0: 79
Number of Clusters after addition by distance: 79
calculating extra bipartitions to be added at level 1 ...
Adding to X using resolutions of greedy consensus ...
Limit for sigma of degrees:300
polytomy size limit : 3
discarded polytomies:  []
Threshold 0.0:
Threshold 0.01:
Threshold 0.02:
Threshold 0.05:
Threshold 0.1:
Threshold 0.2:
Threshold 0.3333333333333333:
max k is :0
Number of Clusters after addition by greedy: 79
gradient0 in heuristiic: 79
calculating extra bipartitions from extra input trees ...
Number of Clusters after additions from extra trees: 93
partitions formed in 0.898 secs
Dynamic Programming starting after 0.898 secs
Using tree-based weight calculation.
Using polytree-based weight calculation.
Polytree max score: 3901
Polytree building time: 0.061 seconds.
Number of quartet trees in the gene trees: 3901
Size of largest cluster: 10
Greedy score: 3719
estimationFactor: 1.0489378865286367
Sub-optimal score: 3719
Total Number of elements weighted: 98
Normalized score (portion of input quartet trees satisfied before correcting for multiple individuals): 0.9533452960779287
Optimization score: 3719
Optimal tree inferred in 1.105 secs.
(t7,((t8,t10),(t5,(t6,(t9,((t1,t4),(t2,t3)))))));
Final quartet score is: 3719
Final normalized quartet score is: 0.9533452960779287
Extended species tree:
(t5,((t6,(t9,((t1,t4)1:2.8332133440562166,(t2,t3)1:4.295015257684257)1:3.1375624689932082)0.41:0.023530497410194046)1:1.6094379124341005,((t8,t10)1:0.8472978603872037,t7)1:1.728043654841947));
Weight calculation took 0.050256819 secs
ASTRAL finished in 1.46 secs
