
================== ASTRAL ===================== 

This is ASTRAL version 5.7.8
Gene trees are treated as unrooted
5236 trees read from tmp_quartet_ChG7vp5TCqHZb.txt
index0
All output trees will be *arbitrarily* rooted at t5
201 extra trees read from tmp_bipartitions_ChG7vp5TCqHZb.bootstrap.trees

======== Running the main analysis
Number of taxa: 10 (10 species)
Taxa: [t5, t7, t1, t4, t10, t9, t2, t3, t6, t8]
Taxon occupancy: {t4=2854, t5=2183, t10=2682, t6=1474, t7=2128, t8=1862, t9=1860, t1=1947, t2=1985, t3=1969}
Number of gene trees: 5236
5236 trees have missing taxa
Calculating quartet distance matrix (for completion of X)
Species tree distances calculated ...
Will attempt to complete bipartitions from X before adding using a distance matrix.
Building set of clusters (X) from gene trees 
------------------------------
gradient0: 75
Number of Clusters after addition by distance: 75
calculating extra bipartitions to be added at level 1 ...
Adding to X using resolutions of greedy consensus ...
Limit for sigma of degrees:300
polytomy size limit : 3
discarded polytomies:  []
Threshold 0.0:
Threshold 0.01:
Threshold 0.02:
Threshold 0.05:
Threshold 0.1:
Threshold 0.2:
Threshold 0.3333333333333333:
max k is :0
Number of Clusters after addition by greedy: 75
gradient0 in heuristiic: 75
calculating extra bipartitions from extra input trees ...
Number of Clusters after additions from extra trees: 89
partitions formed in 1.16 secs
Dynamic Programming starting after 1.172 secs
Using tree-based weight calculation.
Using polytree-based weight calculation.
Polytree max score: 5236
Polytree building time: 0.075 seconds.
Number of quartet trees in the gene trees: 5236
Size of largest cluster: 10
Greedy score: 5169
estimationFactor: 1.012961888179532
Sub-optimal score: 5169
Total Number of elements weighted: 83
Normalized score (portion of input quartet trees satisfied before correcting for multiple individuals): 0.9872039724980901
Optimization score: 5169
Optimal tree inferred in 1.405 secs.
(t7,(t5,((t9,t8),(t6,(t2,(t1,(t3,(t4,t10))))))));
Final quartet score is: 5169
Final normalized quartet score is: 0.9872039724980901
Extended species tree:
(t5,(((t9,t8)1:1.36219680954083,(t6,(t2,(t1,(t3,(t4,t10)1:3.7534179752515073)1:2.6968769005040847)1:4.348125082998204)1:1.8718021769015918)1:2.8471217741023476)1:1.8117601359347246,t7));
Weight calculation took 0.056524161 secs
ASTRAL finished in 1.797 secs
