
================== ASTRAL ===================== 

This is ASTRAL version 5.7.8
Gene trees are treated as unrooted
2322 trees read from tmp_quartet_guxJwDHTIr0Mr.txt
index0
All output trees will be *arbitrarily* rooted at t10
201 extra trees read from tmp_bipartitions_guxJwDHTIr0Mr.bootstrap.trees

======== Running the main analysis
Number of taxa: 10 (10 species)
Taxa: [t10, t4, t1, t2, t5, t6, t8, t9, t3, t7]
Taxon occupancy: {t4=1090, t5=829, t10=1073, t6=1154, t7=931, t8=910, t9=887, t1=766, t2=813, t3=835}
Number of gene trees: 2322
2322 trees have missing taxa
Calculating quartet distance matrix (for completion of X)
Species tree distances calculated ...
Will attempt to complete bipartitions from X before adding using a distance matrix.
Building set of clusters (X) from gene trees 
------------------------------
gradient0: 115
Number of Clusters after addition by distance: 115
calculating extra bipartitions to be added at level 1 ...
Adding to X using resolutions of greedy consensus ...
Limit for sigma of degrees:300
polytomy size limit : 3
discarded polytomies:  []
Threshold 0.0:
Threshold 0.01:
Threshold 0.02:
Threshold 0.05:
Threshold 0.1:
Threshold 0.2:
Threshold 0.3333333333333333:
max k is :0
Number of Clusters after addition by greedy: 115
gradient0 in heuristiic: 115
calculating extra bipartitions from extra input trees ...
Number of Clusters after additions from extra trees: 135
partitions formed in 0.652 secs
Dynamic Programming starting after 0.653 secs
Using tree-based weight calculation.
Using polytree-based weight calculation.
Polytree max score: 2322
Polytree building time: 0.039 seconds.
Number of quartet trees in the gene trees: 2322
Size of largest cluster: 10
Greedy score: 1941
estimationFactor: 1.19629057187017
Sub-optimal score: 2066
Total Number of elements weighted: 163
Normalized score (portion of input quartet trees satisfied before correcting for multiple individuals): 0.8897502153316107
Optimization score: 2066
Optimal tree inferred in 0.834 secs.
(t4,(t10,((t7,(t5,t6)),((t2,t9),(t1,(t8,t3))))));
Final quartet score is: 2066
Final normalized quartet score is: 0.8897502153316107
Extended species tree:
(t10,(((t7,(t5,t6)1:1.6509869153469727)1:0.5552773863368244,((t2,t9)1:0.867500567704723,(t1,(t8,t3)1:0.6931471805599453)1:0.8122065405759336)1:1.4531168573652924)1:2.3834371896231397,t4));
Weight calculation took 0.063127573 secs
ASTRAL finished in 1.136 secs
