
================== ASTRAL ===================== 

This is ASTRAL version 5.7.8
Gene trees are treated as unrooted
7242 trees read from tmp_quartet_guxJwDHTIr0Mr.txt
index0
All output trees will be *arbitrarily* rooted at t4
201 extra trees read from tmp_bipartitions_guxJwDHTIr0Mr.bootstrap.trees

======== Running the main analysis
Number of taxa: 10 (10 species)
Taxa: [t4, t8, t2, t3, t5, t6, t7, t9, t10, t1]
Taxon occupancy: {t4=3133, t5=2271, t6=3039, t10=3611, t7=3261, t8=3185, t9=3575, t1=1850, t2=2487, t3=2556}
Number of gene trees: 7242
7242 trees have missing taxa
Calculating quartet distance matrix (for completion of X)
Species tree distances calculated ...
Will attempt to complete bipartitions from X before adding using a distance matrix.
Building set of clusters (X) from gene trees 
------------------------------
gradient0: 85
Number of Clusters after addition by distance: 85
calculating extra bipartitions to be added at level 1 ...
Adding to X using resolutions of greedy consensus ...
Limit for sigma of degrees:300
polytomy size limit : 3
discarded polytomies:  []
Threshold 0.0:
Threshold 0.01:
Threshold 0.02:
Threshold 0.05:
Threshold 0.1:
Threshold 0.2:
Threshold 0.3333333333333333:
max k is :0
Number of Clusters after addition by greedy: 85
gradient0 in heuristiic: 85
calculating extra bipartitions from extra input trees ...
Number of Clusters after additions from extra trees: 99
partitions formed in 1.488 secs
Dynamic Programming starting after 1.501 secs
Using tree-based weight calculation.
Using polytree-based weight calculation.
Polytree max score: 7242
Polytree building time: 0.129 seconds.
Number of quartet trees in the gene trees: 7242
Size of largest cluster: 10
Greedy score: 7165
estimationFactor: 1.0107466852756455
Sub-optimal score: 7177
Total Number of elements weighted: 86
Normalized score (portion of input quartet trees satisfied before correcting for multiple individuals): 0.9910245788456228
Optimization score: 7177
Optimal tree inferred in 1.834 secs.
(t8,(t4,((t2,t6),(t1,(t5,(t3,(t7,(t9,t10))))))));
Final quartet score is: 7177
Final normalized quartet score is: 0.9910245788456228
Extended species tree:
(t4,(((t2,t6)1:0.9382696385929301,(t1,(t5,(t3,(t7,(t9,t10)1:3.995137912138649)1:1.359626114037729)1:5.5399555004984204)1:4.446565155811453)1:2.272507637756768)1:2.99875799447053,t8));
Weight calculation took 0.060798099 secs
ASTRAL finished in 2.3 secs
