
================== ASTRAL ===================== 

This is ASTRAL version 5.7.8
Gene trees are treated as unrooted
5642 trees read from tmp_quartet_guxJwDHTIr0Mr.txt
index0
All output trees will be *arbitrarily* rooted at t3
201 extra trees read from tmp_bipartitions_guxJwDHTIr0Mr.bootstrap.trees

======== Running the main analysis
Number of taxa: 10 (10 species)
Taxa: [t3, t4, t1, t2, t7, t8, t10, t5, t6, t9]
Taxon occupancy: {t4=2521, t5=2791, t10=2201, t6=2622, t7=2250, t8=1926, t9=1671, t1=1967, t2=2068, t3=2551}
Number of gene trees: 5642
5642 trees have missing taxa
Calculating quartet distance matrix (for completion of X)
Species tree distances calculated ...
Will attempt to complete bipartitions from X before adding using a distance matrix.
Building set of clusters (X) from gene trees 
------------------------------
gradient0: 75
Number of Clusters after addition by distance: 75
calculating extra bipartitions to be added at level 1 ...
Adding to X using resolutions of greedy consensus ...
Limit for sigma of degrees:300
polytomy size limit : 3
discarded polytomies:  []
Threshold 0.0:
Threshold 0.01:
Threshold 0.02:
Threshold 0.05:
Threshold 0.1:
Threshold 0.2:
Threshold 0.3333333333333333:
max k is :0
Number of Clusters after addition by greedy: 75
gradient0 in heuristiic: 75
calculating extra bipartitions from extra input trees ...
Number of Clusters after additions from extra trees: 93
partitions formed in 1.428 secs
Dynamic Programming starting after 1.441 secs
Using tree-based weight calculation.
Using polytree-based weight calculation.
Polytree max score: 5642
Polytree building time: 0.08 seconds.
Number of quartet trees in the gene trees: 5642
Size of largest cluster: 10
Greedy score: 5526
estimationFactor: 1.0209916757148028
Sub-optimal score: 5526
Total Number of elements weighted: 100
Normalized score (portion of input quartet trees satisfied before correcting for multiple individuals): 0.9794399149237859
Optimization score: 5526
Optimal tree inferred in 1.705 secs.
(t4,(t3,((t5,t6),((t8,t9),(t1,(t7,(t2,t10)))))));
Final quartet score is: 5526
Final normalized quartet score is: 0.9794399149237859
Extended species tree:
(t3,(((t5,t6)1:2.349105108628939,((t8,t9)1:0.9675840262617057,(t1,(t7,(t2,t10)0.97:0.4418327522790392)1:1.3437347467010947)1:1.5461430620617864)1:5.580149025321662)1:1.1108823812599242,t4));
Weight calculation took 0.07270642 secs
ASTRAL finished in 2.114 secs
