
================== ASTRAL ===================== 

This is ASTRAL version 5.7.8
Gene trees are treated as unrooted
3769 trees read from tmp_quartet_guxJwDHTIr0Mr.txt
index0
All output trees will be *arbitrarily* rooted at t5
201 extra trees read from tmp_bipartitions_guxJwDHTIr0Mr.bootstrap.trees

======== Running the main analysis
Number of taxa: 10 (10 species)
Taxa: [t5, t7, t1, t2, t3, t4, t6, t8, t9, t10]
Taxon occupancy: {t4=1231, t5=1633, t6=1579, t10=1590, t7=1405, t8=1267, t9=1715, t1=1636, t2=1504, t3=1516}
Number of gene trees: 3769
3769 trees have missing taxa
Calculating quartet distance matrix (for completion of X)
Species tree distances calculated ...
Will attempt to complete bipartitions from X before adding using a distance matrix.
Building set of clusters (X) from gene trees 
------------------------------
gradient0: 97
Number of Clusters after addition by distance: 97
calculating extra bipartitions to be added at level 1 ...
Adding to X using resolutions of greedy consensus ...
Limit for sigma of degrees:300
polytomy size limit : 3
discarded polytomies:  []
Threshold 0.0:
Threshold 0.01:
Threshold 0.02:
Threshold 0.05:
Threshold 0.1:
Threshold 0.2:
Threshold 0.3333333333333333:
max k is :0
Number of Clusters after addition by greedy: 97
gradient0 in heuristiic: 97
calculating extra bipartitions from extra input trees ...
Number of Clusters after additions from extra trees: 111
partitions formed in 0.948 secs
Dynamic Programming starting after 0.948 secs
Using tree-based weight calculation.
Using polytree-based weight calculation.
Polytree max score: 3769
Polytree building time: 0.049 seconds.
Number of quartet trees in the gene trees: 3769
Size of largest cluster: 10
Greedy score: 3544
estimationFactor: 1.0634875846501128
Sub-optimal score: 3544
Total Number of elements weighted: 108
Normalized score (portion of input quartet trees satisfied before correcting for multiple individuals): 0.94030246749801
Optimization score: 3544
Optimal tree inferred in 1.162 secs.
(t7,(t5,((t4,(t2,t3)),((t6,t10),(t8,(t1,t9))))));
Final quartet score is: 3544
Final normalized quartet score is: 0.94030246749801
Extended species tree:
(t5,(((t4,(t2,t3)0.91:0.2876820724517809)1:3.1010927892118163,((t6,t10)1:3.4587672334836355,(t8,(t1,t9)1:1.8392260064669788)1:1.6957954809663112)1:1.2766746361026677)1:1.2331719590181982,t7));
Weight calculation took 0.056302079 secs
ASTRAL finished in 1.533 secs
