
================== ASTRAL ===================== 

This is ASTRAL version 5.7.8
Gene trees are treated as unrooted
2662 trees read from tmp_quartet_guxJwDHTIr0Mr.txt
index0
All output trees will be *arbitrarily* rooted at t6
201 extra trees read from tmp_bipartitions_guxJwDHTIr0Mr.bootstrap.trees

======== Running the main analysis
Number of taxa: 10 (10 species)
Taxa: [t6, t7, t1, t2, t3, t8, t10, t4, t5, t9]
Taxon occupancy: {t4=1102, t5=991, t6=1390, t10=1021, t7=1300, t8=772, t9=910, t1=1180, t2=1191, t3=791}
Number of gene trees: 2662
2662 trees have missing taxa
Calculating quartet distance matrix (for completion of X)
Species tree distances calculated ...
Will attempt to complete bipartitions from X before adding using a distance matrix.
Building set of clusters (X) from gene trees 
------------------------------
gradient0: 103
Number of Clusters after addition by distance: 103
calculating extra bipartitions to be added at level 1 ...
Adding to X using resolutions of greedy consensus ...
Limit for sigma of degrees:300
polytomy size limit : 3
discarded polytomies:  []
Threshold 0.0:
Threshold 0.01:
Threshold 0.02:
Threshold 0.05:
Threshold 0.1:
Threshold 0.2:
Threshold 0.3333333333333333:
max k is :0
Number of Clusters after addition by greedy: 103
gradient0 in heuristiic: 103
calculating extra bipartitions from extra input trees ...
Number of Clusters after additions from extra trees: 141
partitions formed in 0.684 secs
Dynamic Programming starting after 0.684 secs
Using tree-based weight calculation.
Using polytree-based weight calculation.
Polytree max score: 2662
Polytree building time: 0.042 seconds.
Number of quartet trees in the gene trees: 2662
Size of largest cluster: 10
Greedy score: 2499
estimationFactor: 1.0652260904361746
Sub-optimal score: 2499
Total Number of elements weighted: 150
Normalized score (portion of input quartet trees satisfied before correcting for multiple individuals): 0.9387678437265214
Optimization score: 2499
Optimal tree inferred in 0.872 secs.
(t7,(t6,(t9,(t10,(t3,(t8,((t1,t4),(t2,t5))))))));
Final quartet score is: 2499
Final normalized quartet score is: 0.9387678437265214
Extended species tree:
(t6,((t9,(t10,(t3,(t8,((t1,t4)1:1.798274150249249,(t2,t5)1:1.7346010553881062)0.96:0.3677247801253174)1:1.7385149547092427)1:0.6359887667199969)1:0.5500463369192721)1:3.7135720667043093,t7));
Weight calculation took 0.035893852 secs
ASTRAL finished in 1.182 secs
