
================== ASTRAL ===================== 

This is ASTRAL version 5.7.8
Gene trees are treated as unrooted
5623 trees read from tmp_quartet_guxJwDHTIr0Mr.txt
index0
All output trees will be *arbitrarily* rooted at t4
201 extra trees read from tmp_bipartitions_guxJwDHTIr0Mr.bootstrap.trees

======== Running the main analysis
Number of taxa: 10 (10 species)
Taxa: [t4, t7, t1, t2, t3, t6, t8, t9, t10, t5]
Taxon occupancy: {t4=2182, t5=2239, t6=2080, t10=2413, t7=1910, t8=2250, t9=2291, t1=2804, t2=2636, t3=1687}
Number of gene trees: 5623
5623 trees have missing taxa
Calculating quartet distance matrix (for completion of X)
Species tree distances calculated ...
Will attempt to complete bipartitions from X before adding using a distance matrix.
Building set of clusters (X) from gene trees 
------------------------------
gradient0: 57
Number of Clusters after addition by distance: 57
calculating extra bipartitions to be added at level 1 ...
Adding to X using resolutions of greedy consensus ...
Limit for sigma of degrees:300
polytomy size limit : 3
discarded polytomies:  []
Threshold 0.0:
Threshold 0.01:
Threshold 0.02:
Threshold 0.05:
Threshold 0.1:
Threshold 0.2:
Threshold 0.3333333333333333:
max k is :0
Number of Clusters after addition by greedy: 57
gradient0 in heuristiic: 57
calculating extra bipartitions from extra input trees ...
Number of Clusters after additions from extra trees: 87
partitions formed in 1.322 secs
Dynamic Programming starting after 1.322 secs
Using tree-based weight calculation.
Using polytree-based weight calculation.
Polytree max score: 5623
Polytree building time: 0.074 seconds.
Number of quartet trees in the gene trees: 5623
Size of largest cluster: 10
Greedy score: 5589
estimationFactor: 1.0060833780640543
Sub-optimal score: 5589
Total Number of elements weighted: 71
Normalized score (portion of input quartet trees satisfied before correcting for multiple individuals): 0.9939534056553441
Optimization score: 5589
Optimal tree inferred in 1.578 secs.
(t7,(t4,((t8,(t9,t10)),(t3,((t1,t5),(t2,t6))))));
Final quartet score is: 5589
Final normalized quartet score is: 0.9939534056553441
Extended species tree:
(t4,(((t8,(t9,t10)1:2.92673940206704)1:2.786382044372116,(t3,((t1,t5)1:2.629487878599107,(t2,t6)1:0.878550403891308)1:4.362390660157018)1:5.669880922980502)1:2.268683541318364,t7));
Weight calculation took 0.055133414 secs
ASTRAL finished in 2.015 secs
