
================== ASTRAL ===================== 

This is ASTRAL version 5.7.8
Gene trees are treated as unrooted
2816 trees read from tmp_quartet_guxJwDHTIr0Mr.txt
index0
All output trees will be *arbitrarily* rooted at t2
201 extra trees read from tmp_bipartitions_guxJwDHTIr0Mr.bootstrap.trees

======== Running the main analysis
Number of taxa: 10 (10 species)
Taxa: [t2, t3, t1, t9, t4, t5, t6, t7, t8, t10]
Taxon occupancy: {t4=948, t5=1146, t6=1292, t10=1313, t7=1011, t8=880, t9=1229, t1=1042, t2=1177, t3=1226}
Number of gene trees: 2816
2816 trees have missing taxa
Calculating quartet distance matrix (for completion of X)
Species tree distances calculated ...
Will attempt to complete bipartitions from X before adding using a distance matrix.
Building set of clusters (X) from gene trees 
------------------------------
gradient0: 51
Number of Clusters after addition by distance: 51
calculating extra bipartitions to be added at level 1 ...
Adding to X using resolutions of greedy consensus ...
Limit for sigma of degrees:300
polytomy size limit : 3
discarded polytomies:  []
Threshold 0.0:
Threshold 0.01:
Threshold 0.02:
Threshold 0.05:
Threshold 0.1:
Threshold 0.2:
Threshold 0.3333333333333333:
max k is :0
Number of Clusters after addition by greedy: 51
gradient0 in heuristiic: 51
calculating extra bipartitions from extra input trees ...
Number of Clusters after additions from extra trees: 91
partitions formed in 0.727 secs
Dynamic Programming starting after 0.727 secs
Using tree-based weight calculation.
Using polytree-based weight calculation.
Polytree max score: 2816
Polytree building time: 0.047 seconds.
Number of quartet trees in the gene trees: 2816
Size of largest cluster: 10
Greedy score: 2761
estimationFactor: 1.0199203187250996
Sub-optimal score: 2761
Total Number of elements weighted: 80
Normalized score (portion of input quartet trees satisfied before correcting for multiple individuals): 0.98046875
Optimization score: 2761
Optimal tree inferred in 0.917 secs.
(t3,(t4,(t2,((t5,t7),((t6,t10),(t8,(t1,t9)))))));
Final quartet score is: 2761
Final normalized quartet score is: 0.98046875
You may want to ignore posterior probabilities and other statistics related to the following branch branch because the effective number of genes impacting it is only 13:
	{t3, t4}
Extended species tree:
(t2,(((t5,t7)1:4.7244336068149035,((t6,t10)1:2.733645748291175,(t8,(t1,t9)1:3.814042597067946)1:4.373658385003369)1:1.4475948869836868)1:5.032614200815037,(t4,t3)0.67:0.2876820724517809));
Weight calculation took 0.039156711 secs
ASTRAL finished in 1.233 secs
