
================== ASTRAL ===================== 

This is ASTRAL version 5.7.8
Gene trees are treated as unrooted
5597 trees read from tmp_quartet_guxJwDHTIr0Mr.txt
index0
All output trees will be *arbitrarily* rooted at t4
201 extra trees read from tmp_bipartitions_guxJwDHTIr0Mr.bootstrap.trees

======== Running the main analysis
Number of taxa: 10 (10 species)
Taxa: [t4, t5, t1, t2, t3, t6, t7, t8, t9, t10]
Taxon occupancy: {t4=2636, t5=2715, t6=1810, t10=2235, t7=1966, t8=2265, t9=2190, t1=1927, t2=2405, t3=2239}
Number of gene trees: 5597
5597 trees have missing taxa
Calculating quartet distance matrix (for completion of X)
Species tree distances calculated ...
Will attempt to complete bipartitions from X before adding using a distance matrix.
Building set of clusters (X) from gene trees 
------------------------------
gradient0: 65
Number of Clusters after addition by distance: 65
calculating extra bipartitions to be added at level 1 ...
Adding to X using resolutions of greedy consensus ...
Limit for sigma of degrees:300
polytomy size limit : 3
discarded polytomies:  []
Threshold 0.0:
Threshold 0.01:
Threshold 0.02:
Threshold 0.05:
Threshold 0.1:
Threshold 0.2:
Threshold 0.3333333333333333:
max k is :0
Number of Clusters after addition by greedy: 65
gradient0 in heuristiic: 65
calculating extra bipartitions from extra input trees ...
Number of Clusters after additions from extra trees: 83
partitions formed in 1.394 secs
Dynamic Programming starting after 1.394 secs
Using tree-based weight calculation.
Using polytree-based weight calculation.
Polytree max score: 5597
Polytree building time: 0.062 seconds.
Number of quartet trees in the gene trees: 5597
Size of largest cluster: 10
Greedy score: 5513
estimationFactor: 1.0152367132232905
Sub-optimal score: 5513
Total Number of elements weighted: 73
Normalized score (portion of input quartet trees satisfied before correcting for multiple individuals): 0.9849919599785599
Optimization score: 5513
Optimal tree inferred in 1.648 secs.
(t5,(t4,(t9,(t8,(t6,(t7,(t1,(t10,(t2,t3)))))))));
Final quartet score is: 5513
Final normalized quartet score is: 0.9849919599785599
Extended species tree:
(t4,((t9,(t8,(t6,(t7,(t1,(t10,(t2,t3)1:1.816150922352214)1:0.5849335959197125)1:3.2108436531709375)1:2.7909378609079782)1:4.917544871030243)1:1.0577902941478545)1:2.6525710487819807,t5));
Weight calculation took 0.06704005 secs
ASTRAL finished in 2.054 secs
