
================== ASTRAL ===================== 

This is ASTRAL version 5.7.8
Gene trees are treated as unrooted
5455 trees read from tmp_quartet_guxJwDHTIr0Mr.txt
index0
All output trees will be *arbitrarily* rooted at t3
201 extra trees read from tmp_bipartitions_guxJwDHTIr0Mr.bootstrap.trees

======== Running the main analysis
Number of taxa: 10 (10 species)
Taxa: [t3, t4, t1, t2, t7, t9, t10, t5, t6, t8]
Taxon occupancy: {t4=2518, t5=2561, t10=2088, t6=2604, t7=2211, t8=1826, t9=1687, t1=1872, t2=1893, t3=2560}
Number of gene trees: 5455
5455 trees have missing taxa
Calculating quartet distance matrix (for completion of X)
Species tree distances calculated ...
Will attempt to complete bipartitions from X before adding using a distance matrix.
Building set of clusters (X) from gene trees 
------------------------------
gradient0: 57
Number of Clusters after addition by distance: 57
calculating extra bipartitions to be added at level 1 ...
Adding to X using resolutions of greedy consensus ...
Limit for sigma of degrees:300
polytomy size limit : 3
discarded polytomies:  []
Threshold 0.0:
Threshold 0.01:
Threshold 0.02:
Threshold 0.05:
Threshold 0.1:
Threshold 0.2:
Threshold 0.3333333333333333:
max k is :0
Number of Clusters after addition by greedy: 57
gradient0 in heuristiic: 57
calculating extra bipartitions from extra input trees ...
Number of Clusters after additions from extra trees: 83
partitions formed in 1.387 secs
Dynamic Programming starting after 1.4 secs
Using tree-based weight calculation.
Using polytree-based weight calculation.
Polytree max score: 5455
Polytree building time: 0.077 seconds.
Number of quartet trees in the gene trees: 5455
Size of largest cluster: 10
Greedy score: 5433
estimationFactor: 1.004049328179643
Sub-optimal score: 5433
Total Number of elements weighted: 78
Normalized score (portion of input quartet trees satisfied before correcting for multiple individuals): 0.9959670027497709
Optimization score: 5433
Optimal tree inferred in 1.649 secs.
(t4,(t3,((t5,t6),((t9,t8),(t1,(t2,(t7,t10)))))));
Final quartet score is: 5433
Final normalized quartet score is: 0.9959670027497709
Extended species tree:
(t3,(((t5,t6)1:3.768922161787476,((t9,t8)1:4.285882774120985,(t1,(t2,(t7,t10)0.65:0.25131442828090594)1:2.8134107167600355)1:4.321922710604174)1:6.659293919683641)1:4.025351690735153,t4));
Weight calculation took 0.049383785 secs
ASTRAL finished in 2.041 secs
