
================== ASTRAL ===================== 

This is ASTRAL version 5.7.8
Gene trees are treated as unrooted
3753 trees read from tmp_quartet_guxJwDHTIr0Mr.txt
index0
All output trees will be *arbitrarily* rooted at t10
201 extra trees read from tmp_bipartitions_guxJwDHTIr0Mr.bootstrap.trees

======== Running the main analysis
Number of taxa: 10 (10 species)
Taxa: [t10, t4, t1, t2, t3, t5, t6, t9, t8, t7]
Taxon occupancy: {t4=1500, t5=1412, t10=1257, t6=1040, t7=1277, t8=1944, t9=2129, t1=1667, t2=1476, t3=1310}
Number of gene trees: 3753
3753 trees have missing taxa
Calculating quartet distance matrix (for completion of X)
Species tree distances calculated ...
Will attempt to complete bipartitions from X before adding using a distance matrix.
Building set of clusters (X) from gene trees 
------------------------------
gradient0: 57
Number of Clusters after addition by distance: 57
calculating extra bipartitions to be added at level 1 ...
Adding to X using resolutions of greedy consensus ...
Limit for sigma of degrees:300
polytomy size limit : 3
discarded polytomies:  []
Threshold 0.0:
Threshold 0.01:
Threshold 0.02:
Threshold 0.05:
Threshold 0.1:
Threshold 0.2:
Threshold 0.3333333333333333:
max k is :0
Number of Clusters after addition by greedy: 57
gradient0 in heuristiic: 57
calculating extra bipartitions from extra input trees ...
Number of Clusters after additions from extra trees: 77
partitions formed in 0.851 secs
Dynamic Programming starting after 0.851 secs
Using tree-based weight calculation.
Using polytree-based weight calculation.
Polytree max score: 3753
Polytree building time: 0.064 seconds.
Number of quartet trees in the gene trees: 3753
Size of largest cluster: 10
Greedy score: 3703
estimationFactor: 1.0135025654874426
Sub-optimal score: 3703
Total Number of elements weighted: 63
Normalized score (portion of input quartet trees satisfied before correcting for multiple individuals): 0.9866773248068212
Optimization score: 3703
Optimal tree inferred in 1.053 secs.
(t4,(t10,(t5,(t3,((t2,t7),(t6,(t1,(t9,t8))))))));
Final quartet score is: 3703
Final normalized quartet score is: 0.9866773248068212
You may want to ignore posterior probabilities and other statistics related to the following branch branch because the effective number of genes impacting it is only 17:
	{t1, t6, t9, t8}
Extended species tree:
(t10,((t5,(t3,((t2,t7)1:4.841558964052319,(t6,(t1,(t9,t8)1:4.736198448394486)1:5.147494476813451)0.68:0.1823215567939546)1:3.194583132299155)1:0.9660141672265857)1:1.7429693050586228,t4));
Weight calculation took 0.043557667 secs
ASTRAL finished in 1.394 secs
