
================== ASTRAL ===================== 

This is ASTRAL version 5.7.8
Gene trees are treated as unrooted
5068 trees read from tmp_quartet_guxJwDHTIr0Mr.txt
index0
All output trees will be *arbitrarily* rooted at t3
201 extra trees read from tmp_bipartitions_guxJwDHTIr0Mr.bootstrap.trees

======== Running the main analysis
Number of taxa: 10 (10 species)
Taxa: [t3, t4, t1, t2, t6, t7, t9, t5, t10, t8]
Taxon occupancy: {t4=2641, t5=2515, t6=1638, t10=1964, t7=1951, t8=2056, t9=1646, t1=1430, t2=1698, t3=2733}
Number of gene trees: 5068
5068 trees have missing taxa
Calculating quartet distance matrix (for completion of X)
Species tree distances calculated ...
Will attempt to complete bipartitions from X before adding using a distance matrix.
Building set of clusters (X) from gene trees 
------------------------------
gradient0: 75
Number of Clusters after addition by distance: 75
calculating extra bipartitions to be added at level 1 ...
Adding to X using resolutions of greedy consensus ...
Limit for sigma of degrees:300
polytomy size limit : 3
discarded polytomies:  []
Threshold 0.0:
Threshold 0.01:
Threshold 0.02:
Threshold 0.05:
Threshold 0.1:
Threshold 0.2:
Threshold 0.3333333333333333:
max k is :0
Number of Clusters after addition by greedy: 75
gradient0 in heuristiic: 75
calculating extra bipartitions from extra input trees ...
Number of Clusters after additions from extra trees: 93
partitions formed in 1.268 secs
Dynamic Programming starting after 1.268 secs
Using tree-based weight calculation.
Using polytree-based weight calculation.
Polytree max score: 5068
Polytree building time: 0.079 seconds.
Number of quartet trees in the gene trees: 5068
Size of largest cluster: 10
Greedy score: 4873
estimationFactor: 1.0400164169915862
Sub-optimal score: 4907
Total Number of elements weighted: 84
Normalized score (portion of input quartet trees satisfied before correcting for multiple individuals): 0.9682320441988951
Optimization score: 4907
Optimal tree inferred in 1.498 secs.
(t4,(t3,(t5,(t1,((t6,t9),((t10,t8),(t2,t7)))))));
Final quartet score is: 4907
Final normalized quartet score is: 0.9682320441988951
Extended species tree:
(t3,((t5,(t1,((t6,t9)1:0.9614111671546247,((t10,t8)1:4.936869143856641,(t2,t7)1:1.3183831555036805)1:0.8908327991786431)1:1.7266201670570933)1:5.452468046375283)1:3.149882953381249,t4));
Weight calculation took 0.065095845 secs
ASTRAL finished in 1.892 secs
