
================== ASTRAL ===================== 

This is ASTRAL version 5.7.8
Gene trees are treated as unrooted
5115 trees read from tmp_quartet_guxJwDHTIr0Mr.txt
index0
All output trees will be *arbitrarily* rooted at t5
201 extra trees read from tmp_bipartitions_guxJwDHTIr0Mr.bootstrap.trees

======== Running the main analysis
Number of taxa: 10 (10 species)
Taxa: [t5, t8, t1, t2, t3, t4, t6, t9, t10, t7]
Taxon occupancy: {t4=1964, t5=1979, t6=1668, t10=2402, t7=2392, t8=2295, t9=1527, t1=1969, t2=2184, t3=2080}
Number of gene trees: 5115
5115 trees have missing taxa
Calculating quartet distance matrix (for completion of X)
Species tree distances calculated ...
Will attempt to complete bipartitions from X before adding using a distance matrix.
Building set of clusters (X) from gene trees 
------------------------------
gradient0: 109
Number of Clusters after addition by distance: 109
calculating extra bipartitions to be added at level 1 ...
Adding to X using resolutions of greedy consensus ...
Limit for sigma of degrees:300
polytomy size limit : 3
discarded polytomies:  []
Threshold 0.0:
Threshold 0.01:
Threshold 0.02:
Threshold 0.05:
Threshold 0.1:
Threshold 0.2:
Threshold 0.3333333333333333:
max k is :0
Number of Clusters after addition by greedy: 109
gradient0 in heuristiic: 109
calculating extra bipartitions from extra input trees ...
Number of Clusters after additions from extra trees: 121
partitions formed in 1.214 secs
Dynamic Programming starting after 1.214 secs
Using tree-based weight calculation.
Using polytree-based weight calculation.
Polytree max score: 5115
Polytree building time: 0.082 seconds.
Number of quartet trees in the gene trees: 5115
Size of largest cluster: 10
Greedy score: 4950
estimationFactor: 1.0333333333333334
Sub-optimal score: 4950
Total Number of elements weighted: 113
Normalized score (portion of input quartet trees satisfied before correcting for multiple individuals): 0.967741935483871
Optimization score: 4950
Optimal tree inferred in 1.488 secs.
(t8,(t10,(t7,(t5,(t6,(t9,((t1,t4),(t2,t3))))))));
Final quartet score is: 4950
Final normalized quartet score is: 0.967741935483871
Extended species tree:
(t5,((t6,(t9,((t1,t4)1:2.0512706647131393,(t2,t3)1:2.106840515867951)1:3.8344217594045924)1:1.5040773967762742)1:1.7958662511807089,(t7,(t10,t8)1:0.7503055943998941)1:1.805994585049927));
Weight calculation took 0.072751 secs
ASTRAL finished in 1.865 secs
