
================== ASTRAL ===================== 

This is ASTRAL version 5.7.8
Gene trees are treated as unrooted
4658 trees read from tmp_quartet_guxJwDHTIr0Mr.txt
index0
All output trees will be *arbitrarily* rooted at t5
201 extra trees read from tmp_bipartitions_guxJwDHTIr0Mr.bootstrap.trees

======== Running the main analysis
Number of taxa: 10 (10 species)
Taxa: [t5, t6, t1, t2, t3, t4, t8, t7, t9, t10]
Taxon occupancy: {t4=1595, t5=1846, t6=1878, t10=1468, t7=1791, t8=1676, t9=1796, t1=2218, t2=2223, t3=2141}
Number of gene trees: 4658
4658 trees have missing taxa
Calculating quartet distance matrix (for completion of X)
Species tree distances calculated ...
Will attempt to complete bipartitions from X before adding using a distance matrix.
Building set of clusters (X) from gene trees 
------------------------------
gradient0: 43
Number of Clusters after addition by distance: 43
calculating extra bipartitions to be added at level 1 ...
Adding to X using resolutions of greedy consensus ...
Limit for sigma of degrees:300
polytomy size limit : 3
discarded polytomies:  []
Threshold 0.0:
Threshold 0.01:
Threshold 0.02:
Threshold 0.05:
Threshold 0.1:
Threshold 0.2:
Threshold 0.3333333333333333:
max k is :0
Number of Clusters after addition by greedy: 43
gradient0 in heuristiic: 43
calculating extra bipartitions from extra input trees ...
Number of Clusters after additions from extra trees: 63
partitions formed in 1.242 secs
Dynamic Programming starting after 1.255 secs
Using tree-based weight calculation.
Using polytree-based weight calculation.
Polytree max score: 4658
Polytree building time: 0.078 seconds.
Number of quartet trees in the gene trees: 4658
Size of largest cluster: 10
Greedy score: 4624
estimationFactor: 1.0073529411764706
Sub-optimal score: 4624
Total Number of elements weighted: 46
Normalized score (portion of input quartet trees satisfied before correcting for multiple individuals): 0.9927007299270073
Optimization score: 4624
Optimal tree inferred in 1.462 secs.
(t6,(t7,((t5,(t9,t10)),(t4,((t3,t8),(t1,t2))))));
Final quartet score is: 4624
Final normalized quartet score is: 0.9927007299270073
Extended species tree:
(t5,((t9,t10)1:3.8985999850960074,((t4,((t3,t8)1:4.759320865815357,(t1,t2)1:4.591747165655945)1:2.3641429859934795)1:3.8543938925915073,(t7,t6)1:4.759320865815357)1:1.8230120127321598));
Weight calculation took 0.037476202 secs
ASTRAL finished in 1.823 secs
