
================== ASTRAL ===================== 

This is ASTRAL version 5.7.8
Gene trees are treated as unrooted
2110 trees read from tmp_quartet_guxJwDHTIr0Mr.txt
index0
All output trees will be *arbitrarily* rooted at t6
201 extra trees read from tmp_bipartitions_guxJwDHTIr0Mr.bootstrap.trees

======== Running the main analysis
Number of taxa: 10 (10 species)
Taxa: [t6, t7, t1, t2, t3, t4, t5, t8, t9, t10]
Taxon occupancy: {t4=846, t5=900, t6=1024, t10=874, t7=967, t8=549, t9=688, t1=906, t2=974, t3=712}
Number of gene trees: 2110
2110 trees have missing taxa
Calculating quartet distance matrix (for completion of X)
Species tree distances calculated ...
Will attempt to complete bipartitions from X before adding using a distance matrix.
Building set of clusters (X) from gene trees 
------------------------------
gradient0: 105
Number of Clusters after addition by distance: 105
calculating extra bipartitions to be added at level 1 ...
Adding to X using resolutions of greedy consensus ...
Limit for sigma of degrees:300
polytomy size limit : 3
discarded polytomies:  []
Threshold 0.0:
Threshold 0.01:
Threshold 0.02:
Threshold 0.05:
Threshold 0.1:
Threshold 0.2:
Threshold 0.3333333333333333:
max k is :0
Number of Clusters after addition by greedy: 105
gradient0 in heuristiic: 105
calculating extra bipartitions from extra input trees ...
Number of Clusters after additions from extra trees: 121
partitions formed in 0.599 secs
Dynamic Programming starting after 0.6 secs
Using tree-based weight calculation.
Using polytree-based weight calculation.
Polytree max score: 2110
Polytree building time: 0.036 seconds.
Number of quartet trees in the gene trees: 2110
Size of largest cluster: 10
Greedy score: 2038
estimationFactor: 1.0353287536800786
Sub-optimal score: 2038
Total Number of elements weighted: 112
Normalized score (portion of input quartet trees satisfied before correcting for multiple individuals): 0.9658767772511848
Optimization score: 2038
Optimal tree inferred in 0.739 secs.
(t7,(t6,(t10,(t9,(t3,(t8,((t1,t4),(t2,t5))))))));
Final quartet score is: 2038
Final normalized quartet score is: 0.9658767772511848
You may want to ignore posterior probabilities and other statistics related to the following branch branch because the effective number of genes impacting it is only 18:
	{t1, t2, t4, t5}
You may want to ignore posterior probabilities and other statistics related to the following branch branch because the effective number of genes impacting it is only 8:
	{t1, t2, t3, t4, t5, t8, t9}
Extended species tree:
(t6,((t10,(t9,(t3,(t8,((t1,t4)1:4.158883083359675,(t2,t5)1:2.797281334830153)1:2.538973871058275)1:2.6390573296152575)1:1.4484261422268971)0.6:0.1823215567939546)1:2.253794928824614,t7));
Weight calculation took 0.048916372 secs
ASTRAL finished in 1.011 secs
