
================== ASTRAL ===================== 

This is ASTRAL version 5.7.8
Gene trees are treated as unrooted
5517 trees read from tmp_quartet_guxJwDHTIr0Mr.txt
index0
All output trees will be *arbitrarily* rooted at t2
201 extra trees read from tmp_bipartitions_guxJwDHTIr0Mr.bootstrap.trees

======== Running the main analysis
Number of taxa: 10 (10 species)
Taxa: [t2, t3, t1, t10, t4, t5, t6, t7, t8, t9]
Taxon occupancy: {t4=1785, t5=2146, t10=2119, t6=2022, t7=1767, t8=2570, t9=2129, t1=2021, t2=2452, t3=3057}
Number of gene trees: 5517
5517 trees have missing taxa
Calculating quartet distance matrix (for completion of X)
Species tree distances calculated ...
Will attempt to complete bipartitions from X before adding using a distance matrix.
Building set of clusters (X) from gene trees 
------------------------------
gradient0: 67
Number of Clusters after addition by distance: 67
calculating extra bipartitions to be added at level 1 ...
Adding to X using resolutions of greedy consensus ...
Limit for sigma of degrees:300
polytomy size limit : 3
discarded polytomies:  []
Threshold 0.0:
Threshold 0.01:
Threshold 0.02:
Threshold 0.05:
Threshold 0.1:
Threshold 0.2:
Threshold 0.3333333333333333:
max k is :0
Number of Clusters after addition by greedy: 67
gradient0 in heuristiic: 67
calculating extra bipartitions from extra input trees ...
Number of Clusters after additions from extra trees: 85
partitions formed in 1.435 secs
Dynamic Programming starting after 1.435 secs
Using tree-based weight calculation.
Using polytree-based weight calculation.
Polytree max score: 5517
Polytree building time: 0.085 seconds.
Number of quartet trees in the gene trees: 5517
Size of largest cluster: 10
Greedy score: 5444
estimationFactor: 1.013409257898604
Sub-optimal score: 5444
Total Number of elements weighted: 71
Normalized score (portion of input quartet trees satisfied before correcting for multiple individuals): 0.9867681711074859
Optimization score: 5444
Optimal tree inferred in 1.693 secs.
(t3,(t8,(t2,(t4,((t1,t10),(t7,(t9,(t5,t6))))))));
Final quartet score is: 5444
Final normalized quartet score is: 0.9867681711074859
Extended species tree:
(t2,((t4,((t1,t10)1:2.1891404589362606,(t7,(t9,(t5,t6)0.85:0.21072103131565253)1:2.531426665422894)1:4.285882774120985)1:3.746699025002763)1:4.446565155811453,(t8,t3)1:2.8462005395830277));
Weight calculation took 0.066537982 secs
ASTRAL finished in 2.129 secs
