
================== ASTRAL ===================== 

This is ASTRAL version 5.7.8
Gene trees are treated as unrooted
5925 trees read from tmp_quartet_guxJwDHTIr0Mr.txt
index0
All output trees will be *arbitrarily* rooted at t3
201 extra trees read from tmp_bipartitions_guxJwDHTIr0Mr.bootstrap.trees

======== Running the main analysis
Number of taxa: 10 (10 species)
Taxa: [t3, t8, t1, t2, t4, t5, t6, t9, t7, t10]
Taxon occupancy: {t4=2255, t5=2648, t6=2292, t10=2143, t7=2484, t8=2565, t9=2066, t1=2082, t2=2521, t3=2644}
Number of gene trees: 5925
5925 trees have missing taxa
Calculating quartet distance matrix (for completion of X)
Species tree distances calculated ...
Will attempt to complete bipartitions from X before adding using a distance matrix.
Building set of clusters (X) from gene trees 
------------------------------
gradient0: 63
Number of Clusters after addition by distance: 63
calculating extra bipartitions to be added at level 1 ...
Adding to X using resolutions of greedy consensus ...
Limit for sigma of degrees:300
polytomy size limit : 3
discarded polytomies:  []
Threshold 0.0:
Threshold 0.01:
Threshold 0.02:
Threshold 0.05:
Threshold 0.1:
Threshold 0.2:
Threshold 0.3333333333333333:
max k is :0
Number of Clusters after addition by greedy: 63
gradient0 in heuristiic: 63
calculating extra bipartitions from extra input trees ...
Number of Clusters after additions from extra trees: 73
partitions formed in 1.462 secs
Dynamic Programming starting after 1.462 secs
Using tree-based weight calculation.
Using polytree-based weight calculation.
Polytree max score: 5925
Polytree building time: 0.085 seconds.
Number of quartet trees in the gene trees: 5925
Size of largest cluster: 10
Greedy score: 5829
estimationFactor: 1.0164693772516726
Sub-optimal score: 5829
Total Number of elements weighted: 62
Normalized score (portion of input quartet trees satisfied before correcting for multiple individuals): 0.9837974683544304
Optimization score: 5829
Optimal tree inferred in 1.723 secs.
(t8,(t7,(t9,((t3,t10),(t1,(t4,(t2,(t5,t6))))))));
Final quartet score is: 5829
Final normalized quartet score is: 0.9837974683544304
Extended species tree:
(t3,(t10,((t1,(t4,(t2,(t5,t6)1:2.184802057337663)1:0.7547050735593787)1:1.102719070620763)1:6.247397921245145,(t9,(t7,t8)1:3.264486336120253)1:1.0195437651924169)1:4.406719247264248));
Weight calculation took 0.074596219 secs
ASTRAL finished in 2.141 secs
