
================== ASTRAL ===================== 

This is ASTRAL version 5.7.8
Gene trees are treated as unrooted
4971 trees read from tmp_quartet_guxJwDHTIr0Mr.txt
index0
All output trees will be *arbitrarily* rooted at t5
201 extra trees read from tmp_bipartitions_guxJwDHTIr0Mr.bootstrap.trees

======== Running the main analysis
Number of taxa: 10 (10 species)
Taxa: [t5, t6, t2, t3, t4, t7, t8, t9, t10, t1]
Taxon occupancy: {t4=1753, t5=2005, t6=1669, t10=2164, t7=2119, t8=2185, t9=1548, t1=1898, t2=2353, t3=2190}
Number of gene trees: 4971
4971 trees have missing taxa
Calculating quartet distance matrix (for completion of X)
Species tree distances calculated ...
Will attempt to complete bipartitions from X before adding using a distance matrix.
Building set of clusters (X) from gene trees 
------------------------------
gradient0: 51
Number of Clusters after addition by distance: 51
calculating extra bipartitions to be added at level 1 ...
Adding to X using resolutions of greedy consensus ...
Limit for sigma of degrees:300
polytomy size limit : 3
discarded polytomies:  []
Threshold 0.0:
Threshold 0.01:
Threshold 0.02:
Threshold 0.05:
Threshold 0.1:
Threshold 0.2:
Threshold 0.3333333333333333:
max k is :0
Number of Clusters after addition by greedy: 51
gradient0 in heuristiic: 51
calculating extra bipartitions from extra input trees ...
Number of Clusters after additions from extra trees: 71
partitions formed in 1.283 secs
Dynamic Programming starting after 1.283 secs
Using tree-based weight calculation.
Using polytree-based weight calculation.
Polytree max score: 4971
Polytree building time: 0.067 seconds.
Number of quartet trees in the gene trees: 4971
Size of largest cluster: 10
Greedy score: 4859
estimationFactor: 1.0230500102901832
Sub-optimal score: 4859
Total Number of elements weighted: 57
Normalized score (portion of input quartet trees satisfied before correcting for multiple individuals): 0.9774693220679944
Optimization score: 4859
Optimal tree inferred in 1.529 secs.
(t6,((t5,(t7,(t8,t10))),(t9,((t4,t1),(t2,t3)))));
Final quartet score is: 4859
Final normalized quartet score is: 0.9774693220679944
Extended species tree:
(t5,((t7,(t8,t10)1:3.2580965380214812)1:3.2733640101522683,((t9,((t4,t1)1:1.1239300966523995,(t2,t3)1:4.248495242049363)1:2.5202233217129)1:0.3276874070654803,t6)1:2.3902906734131513));
Weight calculation took 0.046045244 secs
ASTRAL finished in 1.915 secs
