
================== ASTRAL ===================== 

This is ASTRAL version 5.7.8
Gene trees are treated as unrooted
3808 trees read from tmp_quartet_guxJwDHTIr0Mr.txt
index0
All output trees will be *arbitrarily* rooted at t5
201 extra trees read from tmp_bipartitions_guxJwDHTIr0Mr.bootstrap.trees

======== Running the main analysis
Number of taxa: 10 (10 species)
Taxa: [t5, t6, t1, t2, t3, t4, t7, t8, t9, t10]
Taxon occupancy: {t4=1626, t5=2138, t6=2084, t10=1290, t7=1771, t8=1303, t9=1250, t1=1188, t2=1235, t3=1347}
Number of gene trees: 3808
3808 trees have missing taxa
Calculating quartet distance matrix (for completion of X)
Species tree distances calculated ...
Will attempt to complete bipartitions from X before adding using a distance matrix.
Building set of clusters (X) from gene trees 
------------------------------
gradient0: 67
Number of Clusters after addition by distance: 67
calculating extra bipartitions to be added at level 1 ...
Adding to X using resolutions of greedy consensus ...
Limit for sigma of degrees:300
polytomy size limit : 3
discarded polytomies:  []
Threshold 0.0:
Threshold 0.01:
Threshold 0.02:
Threshold 0.05:
Threshold 0.1:
Threshold 0.2:
Threshold 0.3333333333333333:
max k is :0
Number of Clusters after addition by greedy: 67
gradient0 in heuristiic: 67
calculating extra bipartitions from extra input trees ...
Number of Clusters after additions from extra trees: 87
partitions formed in 0.937 secs
Dynamic Programming starting after 0.95 secs
Using tree-based weight calculation.
Using polytree-based weight calculation.
Polytree max score: 3808
Polytree building time: 0.055 seconds.
Number of quartet trees in the gene trees: 3808
Size of largest cluster: 10
Greedy score: 3717
estimationFactor: 1.024482109227872
Sub-optimal score: 3717
Total Number of elements weighted: 71
Normalized score (portion of input quartet trees satisfied before correcting for multiple individuals): 0.9761029411764706
Optimization score: 3717
Optimal tree inferred in 1.169 secs.
(t6,(t5,(t10,((t3,(t4,t7)),((t1,t9),(t2,t8))))));
Final quartet score is: 3717
Final normalized quartet score is: 0.9761029411764706
Extended species tree:
(t5,((t10,((t3,(t4,t7)1:1.6314168191528755)1:2.1683208311538698,((t1,t9)1:3.654977902438253,(t2,t8)1:1.306251653446354)1:1.7917594692280545)1:4.941642422609307)1:5.274707500908888,t6));
Weight calculation took 0.059770357 secs
ASTRAL finished in 1.509 secs
