
================== ASTRAL ===================== 

This is ASTRAL version 5.7.8
Gene trees are treated as unrooted
5075 trees read from tmp_quartet_guxJwDHTIr0Mr.txt
index0
All output trees will be *arbitrarily* rooted at t2
201 extra trees read from tmp_bipartitions_guxJwDHTIr0Mr.bootstrap.trees

======== Running the main analysis
Number of taxa: 10 (10 species)
Taxa: [t2, t3, t1, t10, t4, t7, t8, t9, t5, t6]
Taxon occupancy: {t4=1943, t5=2428, t10=2057, t6=2325, t7=1754, t8=2219, t9=1993, t1=1900, t2=1732, t3=1949}
Number of gene trees: 5075
5075 trees have missing taxa
Calculating quartet distance matrix (for completion of X)
Species tree distances calculated ...
Will attempt to complete bipartitions from X before adding using a distance matrix.
Building set of clusters (X) from gene trees 
------------------------------
gradient0: 59
Number of Clusters after addition by distance: 59
calculating extra bipartitions to be added at level 1 ...
Adding to X using resolutions of greedy consensus ...
Limit for sigma of degrees:300
polytomy size limit : 3
discarded polytomies:  []
Threshold 0.0:
Threshold 0.01:
Threshold 0.02:
Threshold 0.05:
Threshold 0.1:
Threshold 0.2:
Threshold 0.3333333333333333:
max k is :0
Number of Clusters after addition by greedy: 59
gradient0 in heuristiic: 59
calculating extra bipartitions from extra input trees ...
Number of Clusters after additions from extra trees: 75
partitions formed in 1.151 secs
Dynamic Programming starting after 1.152 secs
Using tree-based weight calculation.
Using polytree-based weight calculation.
Polytree max score: 5075
Polytree building time: 0.077 seconds.
Number of quartet trees in the gene trees: 5075
Size of largest cluster: 10
Greedy score: 5041
estimationFactor: 1.0067446935131918
Sub-optimal score: 5041
Total Number of elements weighted: 61
Normalized score (portion of input quartet trees satisfied before correcting for multiple individuals): 0.9933004926108374
Optimization score: 5041
Optimal tree inferred in 1.387 secs.
(t3,(t8,(t2,((t4,t9),(t7,((t5,t6),(t1,t10)))))));
Final quartet score is: 5041
Final normalized quartet score is: 0.9933004926108374
You may want to ignore posterior probabilities and other statistics related to the following branch branch because the effective number of genes impacting it is only 16:
	{t3, t8}
Extended species tree:
(t2,(((t4,t9)1:4.7535901911063565,(t7,((t5,t6)1:4.543294782270002,(t1,t10)1:2.9368917735310576)1:3.721669276936928)1:4.644390899141376)1:3.138388573955513,(t8,t3)0.41:0.029852963149681274));
Weight calculation took 0.044031917 secs
ASTRAL finished in 1.765 secs
