
================== ASTRAL ===================== 

This is ASTRAL version 5.7.8
Gene trees are treated as unrooted
7298 trees read from tmp_quartet_guxJwDHTIr0Mr.txt
index0
All output trees will be *arbitrarily* rooted at t7
201 extra trees read from tmp_bipartitions_guxJwDHTIr0Mr.bootstrap.trees

======== Running the main analysis
Number of taxa: 10 (10 species)
Taxa: [t7, t9, t1, t2, t3, t4, t5, t10, t6, t8]
Taxon occupancy: {t4=3491, t5=3217, t10=2892, t6=2762, t7=2695, t8=2246, t9=2941, t1=2509, t2=3328, t3=3111}
Number of gene trees: 7298
7298 trees have missing taxa
Calculating quartet distance matrix (for completion of X)
Species tree distances calculated ...
Will attempt to complete bipartitions from X before adding using a distance matrix.
Building set of clusters (X) from gene trees 
------------------------------
gradient0: 117
Number of Clusters after addition by distance: 117
calculating extra bipartitions to be added at level 1 ...
Adding to X using resolutions of greedy consensus ...
Limit for sigma of degrees:300
polytomy size limit : 3
discarded polytomies:  []
Threshold 0.0:
Threshold 0.01:
Threshold 0.02:
Threshold 0.05:
Threshold 0.1:
Threshold 0.2:
Threshold 0.3333333333333333:
max k is :0
Number of Clusters after addition by greedy: 117
gradient0 in heuristiic: 117
calculating extra bipartitions from extra input trees ...
Number of Clusters after additions from extra trees: 129
partitions formed in 1.639 secs
Dynamic Programming starting after 1.645 secs
Using tree-based weight calculation.
Using polytree-based weight calculation.
Polytree max score: 7298
Polytree building time: 0.115 seconds.
Number of quartet trees in the gene trees: 7298
Size of largest cluster: 10
Greedy score: 7139
estimationFactor: 1.0222720268945231
Sub-optimal score: 7139
Total Number of elements weighted: 160
Normalized score (portion of input quartet trees satisfied before correcting for multiple individuals): 0.9782132090983832
Optimization score: 7139
Optimal tree inferred in 1.978 secs.
(t9,(t10,(t8,((t7,t6),(t1,((t4,t5),(t2,t3)))))));
Final quartet score is: 7139
Final normalized quartet score is: 0.9782132090983832
Extended species tree:
(t7,(t6,((t1,((t4,t5)1:2.4032286187737326,(t2,t3)1:1.2490932396064056)1:3.9914501390594648)1:3.727413118116176,(t8,(t10,t9)1:1.5404450409471486)0.61:0.09716374845364774)1:0.8342257788198508));
Weight calculation took 0.068043603 secs
ASTRAL finished in 2.419 secs
