
================== ASTRAL ===================== 

This is ASTRAL version 5.7.8
Gene trees are treated as unrooted
2810 trees read from tmp_quartet_guxJwDHTIr0Mr.txt
index0
All output trees will be *arbitrarily* rooted at t2
201 extra trees read from tmp_bipartitions_guxJwDHTIr0Mr.bootstrap.trees

======== Running the main analysis
Number of taxa: 10 (10 species)
Taxa: [t2, t3, t1, t9, t4, t5, t6, t7, t8, t10]
Taxon occupancy: {t4=964, t5=1068, t6=1248, t10=1206, t7=985, t8=945, t9=1259, t1=1195, t2=1183, t3=1187}
Number of gene trees: 2810
2810 trees have missing taxa
Calculating quartet distance matrix (for completion of X)
Species tree distances calculated ...
Will attempt to complete bipartitions from X before adding using a distance matrix.
Building set of clusters (X) from gene trees 
------------------------------
gradient0: 55
Number of Clusters after addition by distance: 55
calculating extra bipartitions to be added at level 1 ...
Adding to X using resolutions of greedy consensus ...
Limit for sigma of degrees:300
polytomy size limit : 3
discarded polytomies:  []
Threshold 0.0:
Threshold 0.01:
Threshold 0.02:
Threshold 0.05:
Threshold 0.1:
Threshold 0.2:
Threshold 0.3333333333333333:
max k is :0
Number of Clusters after addition by greedy: 55
gradient0 in heuristiic: 55
calculating extra bipartitions from extra input trees ...
Number of Clusters after additions from extra trees: 71
partitions formed in 0.744 secs
Dynamic Programming starting after 0.752 secs
Using tree-based weight calculation.
Using polytree-based weight calculation.
Polytree max score: 2810
Polytree building time: 0.051 seconds.
Number of quartet trees in the gene trees: 2810
Size of largest cluster: 10
Greedy score: 2771
estimationFactor: 1.014074341392999
Sub-optimal score: 2771
Total Number of elements weighted: 57
Normalized score (portion of input quartet trees satisfied before correcting for multiple individuals): 0.9861209964412812
Optimization score: 2771
Optimal tree inferred in 0.901 secs.
(t3,(t2,(t4,((t5,t7),((t6,t10),(t8,(t1,t9)))))));
Final quartet score is: 2771
Final normalized quartet score is: 0.9861209964412812
Extended species tree:
(t2,((t4,((t5,t7)1:2.151762203259462,((t6,t10)1:3.130651591453362,(t8,(t1,t9)1:4.071871706370043)1:2.3784231693855498)1:4.712528704308583)1:3.216205596312322)1:0.7472144018302211,t3));
Weight calculation took 0.0628553 secs
ASTRAL finished in 1.244 secs
