
================== ASTRAL ===================== 

This is ASTRAL version 5.7.8
Gene trees are treated as unrooted
5835 trees read from tmp_quartet_guxJwDHTIr0Mr.txt
index0
All output trees will be *arbitrarily* rooted at t5
201 extra trees read from tmp_bipartitions_guxJwDHTIr0Mr.bootstrap.trees

======== Running the main analysis
Number of taxa: 10 (10 species)
Taxa: [t5, t6, t1, t2, t3, t4, t8, t7, t9, t10]
Taxon occupancy: {t4=1909, t5=2417, t6=2574, t10=1739, t7=2529, t8=1847, t9=2311, t1=2730, t2=2704, t3=2580}
Number of gene trees: 5835
5835 trees have missing taxa
Calculating quartet distance matrix (for completion of X)
Species tree distances calculated ...
Will attempt to complete bipartitions from X before adding using a distance matrix.
Building set of clusters (X) from gene trees 
------------------------------
gradient0: 77
Number of Clusters after addition by distance: 77
calculating extra bipartitions to be added at level 1 ...
Adding to X using resolutions of greedy consensus ...
Limit for sigma of degrees:300
polytomy size limit : 3
discarded polytomies:  []
Threshold 0.0:
Threshold 0.01:
Threshold 0.02:
Threshold 0.05:
Threshold 0.1:
Threshold 0.2:
Threshold 0.3333333333333333:
max k is :0
Number of Clusters after addition by greedy: 77
gradient0 in heuristiic: 77
calculating extra bipartitions from extra input trees ...
Number of Clusters after additions from extra trees: 91
partitions formed in 1.453 secs
Dynamic Programming starting after 1.453 secs
Using tree-based weight calculation.
Using polytree-based weight calculation.
Polytree max score: 5835
Polytree building time: 0.087 seconds.
Number of quartet trees in the gene trees: 5835
Size of largest cluster: 10
Greedy score: 5615
estimationFactor: 1.0391807658058771
Sub-optimal score: 5643
Total Number of elements weighted: 81
Normalized score (portion of input quartet trees satisfied before correcting for multiple individuals): 0.967095115681234
Optimization score: 5643
Optimal tree inferred in 1.737 secs.
(t6,(t7,((t5,(t9,t10)),(t4,((t3,t8),(t1,t2))))));
Final quartet score is: 5643
Final normalized quartet score is: 0.967095115681234
Extended species tree:
(t5,((t9,t10)1:1.0861897686695527,((t4,((t3,t8)1:3.264486336120253,(t1,t2)1:1.6094379124341005)1:5.365976015021851)1:2.9398114836343936,(t7,t6)1:3.4687076731888817)1:0.30625845802471624));
Weight calculation took 0.079390796 secs
ASTRAL finished in 2.134 secs
