
================== ASTRAL ===================== 

This is ASTRAL version 5.7.8
Gene trees are treated as unrooted
7423 trees read from tmp_quartet_guxJwDHTIr0Mr.txt
index0
All output trees will be *arbitrarily* rooted at t2
201 extra trees read from tmp_bipartitions_guxJwDHTIr0Mr.bootstrap.trees

======== Running the main analysis
Number of taxa: 10 (10 species)
Taxa: [t2, t3, t1, t4, t5, t6, t7, t8, t10, t9]
Taxon occupancy: {t4=3629, t5=3401, t6=2682, t10=2808, t7=2718, t8=2355, t9=2889, t1=2544, t2=3371, t3=3295}
Number of gene trees: 7423
7423 trees have missing taxa
Calculating quartet distance matrix (for completion of X)
Species tree distances calculated ...
Will attempt to complete bipartitions from X before adding using a distance matrix.
Building set of clusters (X) from gene trees 
------------------------------
gradient0: 95
Number of Clusters after addition by distance: 95
calculating extra bipartitions to be added at level 1 ...
Adding to X using resolutions of greedy consensus ...
Limit for sigma of degrees:300
polytomy size limit : 3
discarded polytomies:  [3]
Threshold 0.0:
Threshold 0.01:
Threshold 0.02:
Threshold 0.05:
Threshold 0.1:
Threshold 0.2:
Threshold 0.3333333333333333:
polytomy of size 3; rounds with additions with at least 5 support: 0; clusters: 95
max k is :0
Number of Clusters after addition by greedy: 95
gradient0 in heuristiic: 95
calculating extra bipartitions from extra input trees ...
Number of Clusters after additions from extra trees: 107
partitions formed in 2.402 secs
Dynamic Programming starting after 2.402 secs
Using tree-based weight calculation.
Using polytree-based weight calculation.
Polytree max score: 7423
Polytree building time: 0.09 seconds.
Number of quartet trees in the gene trees: 7423
Size of largest cluster: 10
Greedy score: 7255
estimationFactor: 1.0231564438318401
Sub-optimal score: 7276
Total Number of elements weighted: 104
Normalized score (portion of input quartet trees satisfied before correcting for multiple individuals): 0.9801966859760205
Optimization score: 7276
Optimal tree inferred in 2.723 secs.
(t3,(t2,((t4,t5),(t1,((t10,t9),(t8,(t6,t7)))))));
Final quartet score is: 7276
Final normalized quartet score is: 0.9801966859760205
Extended species tree:
(t2,(((t4,t5)1:5.5451774444795765,(t1,((t10,t9)1:0.4379642755011188,(t8,(t6,t7)0.97:0.4418327522790392)1:2.145399509471633)1:3.1640675883732072)1:3.8889005880072878)1:3.3787245258100977,t3));
Weight calculation took 0.076696839 secs
ASTRAL finished in 3.194 secs
