
================== ASTRAL ===================== 

This is ASTRAL version 5.7.8
Gene trees are treated as unrooted
3305 trees read from tmp_quartet_guxJwDHTIr0Mr.txt
index0
All output trees will be *arbitrarily* rooted at t6
201 extra trees read from tmp_bipartitions_guxJwDHTIr0Mr.bootstrap.trees

======== Running the main analysis
Number of taxa: 10 (10 species)
Taxa: [t6, t9, t1, t2, t3, t4, t5, t8, t10, t7]
Taxon occupancy: {t4=1628, t5=1321, t6=1419, t10=1580, t7=1046, t8=1232, t9=1356, t1=1096, t2=1052, t3=1490}
Number of gene trees: 3305
3305 trees have missing taxa
Calculating quartet distance matrix (for completion of X)
Species tree distances calculated ...
Will attempt to complete bipartitions from X before adding using a distance matrix.
Building set of clusters (X) from gene trees 
------------------------------
gradient0: 73
Number of Clusters after addition by distance: 73
calculating extra bipartitions to be added at level 1 ...
Adding to X using resolutions of greedy consensus ...
Limit for sigma of degrees:300
polytomy size limit : 3
discarded polytomies:  []
Threshold 0.0:
Threshold 0.01:
Threshold 0.02:
Threshold 0.05:
Threshold 0.1:
Threshold 0.2:
Threshold 0.3333333333333333:
max k is :0
Number of Clusters after addition by greedy: 73
gradient0 in heuristiic: 73
calculating extra bipartitions from extra input trees ...
Number of Clusters after additions from extra trees: 89
partitions formed in 0.792 secs
Dynamic Programming starting after 0.793 secs
Using tree-based weight calculation.
Using polytree-based weight calculation.
Polytree max score: 3305
Polytree building time: 0.062 seconds.
Number of quartet trees in the gene trees: 3305
Size of largest cluster: 10
Greedy score: 3191
estimationFactor: 1.0357254779066123
Sub-optimal score: 3191
Total Number of elements weighted: 74
Normalized score (portion of input quartet trees satisfied before correcting for multiple individuals): 0.9655068078668684
Optimization score: 3191
Optimal tree inferred in 0.98 secs.
(t9,(t6,(t7,((t4,t10),(t1,(t2,(t8,(t3,t5))))))));
Final quartet score is: 3191
Final normalized quartet score is: 0.9655068078668684
Extended species tree:
(t6,((t7,((t4,t10)1:5.458166067489944,(t1,(t2,(t8,(t3,t5)1:1.4046434997880868)1:3.324236340526026)1:1.8971199848858815)1:1.6251862694022396)1:1.7793369492294975)1:0.8754687373538999,t9));
Weight calculation took 0.052395281 secs
ASTRAL finished in 1.312 secs
