
================== ASTRAL ===================== 

This is ASTRAL version 5.7.8
Gene trees are treated as unrooted
5586 trees read from tmp_quartet_guxJwDHTIr0Mr.txt
index0
All output trees will be *arbitrarily* rooted at t10
201 extra trees read from tmp_bipartitions_guxJwDHTIr0Mr.bootstrap.trees

======== Running the main analysis
Number of taxa: 10 (10 species)
Taxa: [t10, t6, t1, t2, t3, t4, t5, t7, t8, t9]
Taxon occupancy: {t4=2123, t5=2454, t10=3002, t6=2954, t7=2111, t8=1649, t9=2231, t1=1930, t2=1948, t3=1942}
Number of gene trees: 5586
5586 trees have missing taxa
Calculating quartet distance matrix (for completion of X)
Species tree distances calculated ...
Will attempt to complete bipartitions from X before adding using a distance matrix.
Building set of clusters (X) from gene trees 
------------------------------
gradient0: 55
Number of Clusters after addition by distance: 55
calculating extra bipartitions to be added at level 1 ...
Adding to X using resolutions of greedy consensus ...
Limit for sigma of degrees:300
polytomy size limit : 3
discarded polytomies:  []
Threshold 0.0:
Threshold 0.01:
Threshold 0.02:
Threshold 0.05:
Threshold 0.1:
Threshold 0.2:
Threshold 0.3333333333333333:
max k is :0
Number of Clusters after addition by greedy: 55
gradient0 in heuristiic: 55
calculating extra bipartitions from extra input trees ...
Number of Clusters after additions from extra trees: 71
partitions formed in 1.448 secs
Dynamic Programming starting after 1.448 secs
Using tree-based weight calculation.
Using polytree-based weight calculation.
Polytree max score: 5586
Polytree building time: 0.083 seconds.
Number of quartet trees in the gene trees: 5586
Size of largest cluster: 10
Greedy score: 5526
estimationFactor: 1.01085776330076
Sub-optimal score: 5526
Total Number of elements weighted: 59
Normalized score (portion of input quartet trees satisfied before correcting for multiple individuals): 0.9892588614393125
Optimization score: 5526
Optimal tree inferred in 1.702 secs.
(t6,(t10,(t8,(t1,((t2,t3),(t4,(t7,(t5,t9))))))));
Final quartet score is: 5526
Final normalized quartet score is: 0.9892588614393125
Extended species tree:
(t10,((t8,(t1,((t2,t3)1:2.0626344233634546,(t4,(t7,(t5,t9)1:1.9924301646902058)1:2.3978952727983716)1:6.014529820038978)1:1.1847414423980482)1:2.612246072164602)1:2.9519296508955994,t6));
Weight calculation took 0.053100143 secs
ASTRAL finished in 2.091 secs
