
================== ASTRAL ===================== 

This is ASTRAL version 5.7.8
Gene trees are treated as unrooted
4983 trees read from tmp_quartet_guxJwDHTIr0Mr.txt
index0
All output trees will be *arbitrarily* rooted at t3
201 extra trees read from tmp_bipartitions_guxJwDHTIr0Mr.bootstrap.trees

======== Running the main analysis
Number of taxa: 10 (10 species)
Taxa: [t3, t8, t1, t2, t4, t5, t6, t7, t9, t10]
Taxon occupancy: {t4=1622, t5=2034, t6=2056, t10=1592, t7=1996, t8=1653, t9=1872, t1=2402, t2=2355, t3=2350}
Number of gene trees: 4983
4983 trees have missing taxa
Calculating quartet distance matrix (for completion of X)
Species tree distances calculated ...
Will attempt to complete bipartitions from X before adding using a distance matrix.
Building set of clusters (X) from gene trees 
------------------------------
gradient0: 65
Number of Clusters after addition by distance: 65
calculating extra bipartitions to be added at level 1 ...
Adding to X using resolutions of greedy consensus ...
Limit for sigma of degrees:300
polytomy size limit : 3
discarded polytomies:  []
Threshold 0.0:
Threshold 0.01:
Threshold 0.02:
Threshold 0.05:
Threshold 0.1:
Threshold 0.2:
Threshold 0.3333333333333333:
max k is :0
Number of Clusters after addition by greedy: 65
gradient0 in heuristiic: 65
calculating extra bipartitions from extra input trees ...
Number of Clusters after additions from extra trees: 77
partitions formed in 1.111 secs
Dynamic Programming starting after 1.124 secs
Using tree-based weight calculation.
Using polytree-based weight calculation.
Polytree max score: 4983
Polytree building time: 0.074 seconds.
Number of quartet trees in the gene trees: 4983
Size of largest cluster: 10
Greedy score: 4869
estimationFactor: 1.0234134319162045
Sub-optimal score: 4869
Total Number of elements weighted: 62
Normalized score (portion of input quartet trees satisfied before correcting for multiple individuals): 0.9771222155328115
Optimization score: 4869
Optimal tree inferred in 1.351 secs.
(t8,(t3,((t1,t2),(t4,(t5,((t6,t7),(t9,t10)))))));
Final quartet score is: 4869
Final normalized quartet score is: 0.9771222155328115
Extended species tree:
(t3,(((t1,t2)1:4.229263880121472,(t4,(t5,((t6,t7)1:2.7961192196499765,(t9,t10)1:1.4611956692930084)0.77:0.11705655542101767)1:2.784423179886785)1:4.27974778555346)1:4.536177314501144,t8));
Weight calculation took 0.044725181 secs
ASTRAL finished in 1.725 secs
