
================== ASTRAL ===================== 

This is ASTRAL version 5.7.8
Gene trees are treated as unrooted
5495 trees read from tmp_quartet_guxJwDHTIr0Mr.txt
index0
All output trees will be *arbitrarily* rooted at t3
201 extra trees read from tmp_bipartitions_guxJwDHTIr0Mr.bootstrap.trees

======== Running the main analysis
Number of taxa: 10 (10 species)
Taxa: [t3, t8, t1, t2, t5, t6, t7, t9, t10, t4]
Taxon occupancy: {t4=1842, t5=2148, t6=2222, t10=1496, t7=2109, t8=2176, t9=2110, t1=2624, t2=2614, t3=2639}
Number of gene trees: 5495
5495 trees have missing taxa
Calculating quartet distance matrix (for completion of X)
Species tree distances calculated ...
Will attempt to complete bipartitions from X before adding using a distance matrix.
Building set of clusters (X) from gene trees 
------------------------------
gradient0: 81
Number of Clusters after addition by distance: 81
calculating extra bipartitions to be added at level 1 ...
Adding to X using resolutions of greedy consensus ...
Limit for sigma of degrees:300
polytomy size limit : 3
discarded polytomies:  []
Threshold 0.0:
Threshold 0.01:
Threshold 0.02:
Threshold 0.05:
Threshold 0.1:
Threshold 0.2:
Threshold 0.3333333333333333:
max k is :0
Number of Clusters after addition by greedy: 81
gradient0 in heuristiic: 81
calculating extra bipartitions from extra input trees ...
Number of Clusters after additions from extra trees: 93
partitions formed in 1.277 secs
Dynamic Programming starting after 1.29 secs
Using tree-based weight calculation.
Using polytree-based weight calculation.
Polytree max score: 5495
Polytree building time: 0.082 seconds.
Number of quartet trees in the gene trees: 5495
Size of largest cluster: 10
Greedy score: 5333
estimationFactor: 1.0303768985561597
Sub-optimal score: 5333
Total Number of elements weighted: 80
Normalized score (portion of input quartet trees satisfied before correcting for multiple individuals): 0.9705186533212011
Optimization score: 5333
Optimal tree inferred in 1.547 secs.
(t8,(t3,((t1,t2),(t4,((t6,t7),(t5,(t9,t10)))))));
Final quartet score is: 5333
Final normalized quartet score is: 0.9705186533212011
Extended species tree:
(t3,(((t1,t2)1:2.9419295675610133,(t4,((t6,t7)1:1.8166984175753074,(t5,(t9,t10)1:1.1727202608218315)1:0.9328200338253658)1:2.495533742362287)1:2.3700953845207735)1:5.211305989558401,t8));
Weight calculation took 0.065870855 secs
ASTRAL finished in 1.957 secs
