
================== ASTRAL ===================== 

This is ASTRAL version 5.7.8
Gene trees are treated as unrooted
8052 trees read from tmp_quartet_guxJwDHTIr0Mr.txt
index0
All output trees will be *arbitrarily* rooted at t2
201 extra trees read from tmp_bipartitions_guxJwDHTIr0Mr.bootstrap.trees

======== Running the main analysis
Number of taxa: 10 (10 species)
Taxa: [t2, t6, t1, t3, t5, t7, t9, t10, t8, t4]
Taxon occupancy: {t4=3307, t5=2363, t6=3392, t10=4050, t7=3718, t8=3328, t9=3962, t1=2319, t2=2825, t3=2944}
Number of gene trees: 8052
8052 trees have missing taxa
Calculating quartet distance matrix (for completion of X)
Species tree distances calculated ...
Will attempt to complete bipartitions from X before adding using a distance matrix.
Building set of clusters (X) from gene trees 
------------------------------
gradient0: 79
Number of Clusters after addition by distance: 79
calculating extra bipartitions to be added at level 1 ...
Adding to X using resolutions of greedy consensus ...
Limit for sigma of degrees:300
polytomy size limit : 3
discarded polytomies:  []
Threshold 0.0:
Threshold 0.01:
Threshold 0.02:
Threshold 0.05:
Threshold 0.1:
Threshold 0.2:
Threshold 0.3333333333333333:
max k is :0
Number of Clusters after addition by greedy: 79
gradient0 in heuristiic: 79
calculating extra bipartitions from extra input trees ...
Number of Clusters after additions from extra trees: 93
partitions formed in 1.971 secs
Dynamic Programming starting after 1.971 secs
Using tree-based weight calculation.
Using polytree-based weight calculation.
Polytree max score: 8052
Polytree building time: 0.115 seconds.
Number of quartet trees in the gene trees: 8052
Size of largest cluster: 10
Greedy score: 7915
estimationFactor: 1.017308907138345
Sub-optimal score: 7915
Total Number of elements weighted: 87
Normalized score (portion of input quartet trees satisfied before correcting for multiple individuals): 0.9838549428713363
Optimization score: 7922
Optimal tree inferred in 2.289 secs.
(t6,(t2,((t8,t4),(t1,(t5,(t3,(t7,(t9,t10))))))));
Final quartet score is: 7922
Final normalized quartet score is: 0.9838549428713363
Extended species tree:
(t2,(((t8,t4)1:4.712528704308583,(t1,(t5,(t3,(t7,(t9,t10)1:3.697178256928635)1:1.0489670581789445)1:3.425150622684648)1:2.272507637756768)1:2.302585092994046)0.99:0.4418327522790392,t6));
Weight calculation took 0.064551942 secs
ASTRAL finished in 2.758 secs
