
================== ASTRAL ===================== 

This is ASTRAL version 5.7.8
Gene trees are treated as unrooted
6998 trees read from tmp_quartet_guxJwDHTIr0Mr.txt
index0
All output trees will be *arbitrarily* rooted at t7
201 extra trees read from tmp_bipartitions_guxJwDHTIr0Mr.bootstrap.trees

======== Running the main analysis
Number of taxa: 10 (10 species)
Taxa: [t7, t8, t1, t2, t3, t4, t5, t6, t10, t9]
Taxon occupancy: {t4=2616, t5=2514, t6=2389, t10=2925, t7=2831, t8=3286, t9=3124, t1=2708, t2=2977, t3=2622}
Number of gene trees: 6998
6998 trees have missing taxa
Calculating quartet distance matrix (for completion of X)
Species tree distances calculated ...
Will attempt to complete bipartitions from X before adding using a distance matrix.
Building set of clusters (X) from gene trees 
------------------------------
gradient0: 89
Number of Clusters after addition by distance: 89
calculating extra bipartitions to be added at level 1 ...
Adding to X using resolutions of greedy consensus ...
Limit for sigma of degrees:300
polytomy size limit : 3
discarded polytomies:  []
Threshold 0.0:
Threshold 0.01:
Threshold 0.02:
Threshold 0.05:
Threshold 0.1:
Threshold 0.2:
Threshold 0.3333333333333333:
max k is :0
Number of Clusters after addition by greedy: 89
gradient0 in heuristiic: 89
calculating extra bipartitions from extra input trees ...
Number of Clusters after additions from extra trees: 101
partitions formed in 1.716 secs
Dynamic Programming starting after 1.729 secs
Using tree-based weight calculation.
Using polytree-based weight calculation.
Polytree max score: 6998
Polytree building time: 0.114 seconds.
Number of quartet trees in the gene trees: 6998
Size of largest cluster: 10
Greedy score: 6712
estimationFactor: 1.0426102502979737
Sub-optimal score: 6712
Total Number of elements weighted: 88
Normalized score (portion of input quartet trees satisfied before correcting for multiple individuals): 0.9591311803372392
Optimization score: 6712
Optimal tree inferred in 2.048 secs.
(t8,(t9,(t10,(t7,((t4,t5),(t6,(t2,(t1,t3))))))));
Final quartet score is: 6712
Final normalized quartet score is: 0.9591311803372392
Extended species tree:
(t7,(((t4,t5)1:1.1375277049177832,(t6,(t2,(t1,t3)1:0.7790896103606699)1:2.252460705811478)1:1.2290524887229592)1:2.66619887041284,(t10,(t9,t8)1:1.3941995406270036)1:1.1124056108004456));
Weight calculation took 0.088374573 secs
ASTRAL finished in 2.687 secs
