
================== ASTRAL ===================== 

This is ASTRAL version 5.7.8
Gene trees are treated as unrooted
2884 trees read from tmp_quartet_guxJwDHTIr0Mr.txt
index0
All output trees will be *arbitrarily* rooted at t6
201 extra trees read from tmp_bipartitions_guxJwDHTIr0Mr.bootstrap.trees

======== Running the main analysis
Number of taxa: 10 (10 species)
Taxa: [t6, t7, t1, t2, t3, t4, t5, t8, t9, t10]
Taxon occupancy: {t4=1279, t5=1166, t6=1342, t10=1042, t7=1420, t8=806, t9=1004, t1=1328, t2=1268, t3=881}
Number of gene trees: 2884
2884 trees have missing taxa
Calculating quartet distance matrix (for completion of X)
Species tree distances calculated ...
Will attempt to complete bipartitions from X before adding using a distance matrix.
Building set of clusters (X) from gene trees 
------------------------------
gradient0: 123
Number of Clusters after addition by distance: 123
calculating extra bipartitions to be added at level 1 ...
Adding to X using resolutions of greedy consensus ...
Limit for sigma of degrees:300
polytomy size limit : 3
discarded polytomies:  []
Threshold 0.0:
Threshold 0.01:
Threshold 0.02:
Threshold 0.05:
Threshold 0.1:
Threshold 0.2:
Threshold 0.3333333333333333:
max k is :0
Number of Clusters after addition by greedy: 123
gradient0 in heuristiic: 123
calculating extra bipartitions from extra input trees ...
Number of Clusters after additions from extra trees: 137
partitions formed in 0.72 secs
Dynamic Programming starting after 0.72 secs
Using tree-based weight calculation.
Using polytree-based weight calculation.
Polytree max score: 2884
Polytree building time: 0.058 seconds.
Number of quartet trees in the gene trees: 2884
Size of largest cluster: 10
Greedy score: 2705
estimationFactor: 1.0661737523105361
Sub-optimal score: 2705
Total Number of elements weighted: 142
Normalized score (portion of input quartet trees satisfied before correcting for multiple individuals): 0.9420943134535368
Optimization score: 2717
Optimal tree inferred in 0.911 secs.
(t7,(t6,(t10,(t9,(t3,((t1,t4),(t8,(t2,t5))))))));
Final quartet score is: 2717
Final normalized quartet score is: 0.9420943134535368
Extended species tree:
(t6,((t10,(t9,(t3,((t1,t4)1:2.548497752569532,(t8,(t2,t5)1:2.184802057337663)0.96:0.2231435513142097)1:2.573460047129446)1:0.9808292530117262)0.96:0.2876820724517809)1:1.6094379124341005,t7));
Weight calculation took 0.049394184 secs
ASTRAL finished in 1.229 secs
