
================== ASTRAL ===================== 

This is ASTRAL version 5.7.8
Gene trees are treated as unrooted
6763 trees read from tmp_quartet_guxJwDHTIr0Mr.txt
index0
All output trees will be *arbitrarily* rooted at t4
201 extra trees read from tmp_bipartitions_guxJwDHTIr0Mr.bootstrap.trees

======== Running the main analysis
Number of taxa: 10 (10 species)
Taxa: [t4, t5, t2, t3, t6, t7, t8, t9, t10, t1]
Taxon occupancy: {t4=2434, t5=2451, t6=2637, t10=2960, t7=2562, t8=2082, t9=2947, t1=2260, t2=3378, t3=3341}
Number of gene trees: 6763
6763 trees have missing taxa
Calculating quartet distance matrix (for completion of X)
Species tree distances calculated ...
Will attempt to complete bipartitions from X before adding using a distance matrix.
Building set of clusters (X) from gene trees 
------------------------------
gradient0: 73
Number of Clusters after addition by distance: 73
calculating extra bipartitions to be added at level 1 ...
Adding to X using resolutions of greedy consensus ...
Limit for sigma of degrees:300
polytomy size limit : 3
discarded polytomies:  []
Threshold 0.0:
Threshold 0.01:
Threshold 0.02:
Threshold 0.05:
Threshold 0.1:
Threshold 0.2:
Threshold 0.3333333333333333:
max k is :0
Number of Clusters after addition by greedy: 73
gradient0 in heuristiic: 73
calculating extra bipartitions from extra input trees ...
Number of Clusters after additions from extra trees: 87
partitions formed in 1.58 secs
Dynamic Programming starting after 1.58 secs
Using tree-based weight calculation.
Using polytree-based weight calculation.
Polytree max score: 6763
Polytree building time: 0.117 seconds.
Number of quartet trees in the gene trees: 6763
Size of largest cluster: 10
Greedy score: 6603
estimationFactor: 1.0242314099651673
Sub-optimal score: 6603
Total Number of elements weighted: 63
Normalized score (portion of input quartet trees satisfied before correcting for multiple individuals): 0.976341860121248
Optimization score: 6603
Optimal tree inferred in 1.877 secs.
(t5,((t6,t7),((t9,t10),((t4,t8),(t1,(t2,t3))))));
Final quartet score is: 6603
Final normalized quartet score is: 0.976341860121248
Extended species tree:
(t4,(t8,((t1,(t2,t3)1:5.706002231394522)1:4.8148907169701705,((t9,t10)1:4.770684624465674,((t6,t7)1:1.6529230243738395,t5)1:0.8456544746434735)1:2.2631062820202574)1:3.3019907315787087));
Weight calculation took 0.067304163 secs
ASTRAL finished in 2.324 secs
