
================== ASTRAL ===================== 

This is ASTRAL version 5.7.8
Gene trees are treated as unrooted
6051 trees read from tmp_quartet_guxJwDHTIr0Mr.txt
index0
All output trees will be *arbitrarily* rooted at t3
201 extra trees read from tmp_bipartitions_guxJwDHTIr0Mr.bootstrap.trees

======== Running the main analysis
Number of taxa: 10 (10 species)
Taxa: [t3, t4, t1, t2, t6, t7, t8, t10, t5, t9]
Taxon occupancy: {t4=2803, t5=2703, t6=2730, t10=2865, t7=1852, t8=2150, t9=2821, t1=1990, t2=2121, t3=2169}
Number of gene trees: 6051
6051 trees have missing taxa
Calculating quartet distance matrix (for completion of X)
Species tree distances calculated ...
Will attempt to complete bipartitions from X before adding using a distance matrix.
Building set of clusters (X) from gene trees 
------------------------------
gradient0: 125
Number of Clusters after addition by distance: 125
calculating extra bipartitions to be added at level 1 ...
Adding to X using resolutions of greedy consensus ...
Limit for sigma of degrees:300
polytomy size limit : 3
discarded polytomies:  []
Threshold 0.0:
Threshold 0.01:
Threshold 0.02:
Threshold 0.05:
Threshold 0.1:
Threshold 0.2:
Threshold 0.3333333333333333:
max k is :0
Number of Clusters after addition by greedy: 125
gradient0 in heuristiic: 125
calculating extra bipartitions from extra input trees ...
Number of Clusters after additions from extra trees: 137
partitions formed in 1.415 secs
Dynamic Programming starting after 1.415 secs
Using tree-based weight calculation.
Using polytree-based weight calculation.
Polytree max score: 6051
Polytree building time: 0.093 seconds.
Number of quartet trees in the gene trees: 6051
Size of largest cluster: 10
Greedy score: 5890
estimationFactor: 1.027334465195246
Sub-optimal score: 5890
Total Number of elements weighted: 139
Normalized score (portion of input quartet trees satisfied before correcting for multiple individuals): 0.9733928276317964
Optimization score: 5890
Optimal tree inferred in 1.743 secs.
(t4,(t5,(t9,(t3,(t7,(t8,(t1,(t2,(t6,t10)))))))));
Final quartet score is: 5890
Final normalized quartet score is: 0.9733928276317964
Extended species tree:
(t3,((t7,(t8,(t1,(t2,(t6,t10)1:3.044522437723423)1:1.239690886928015)1:2.172223275130803)1:1.8769172775683618)1:4.1484117834923735,(t9,(t5,t4)1:0.41551544396166595)1:2.1361368853563816));
Weight calculation took 0.109722608 secs
ASTRAL finished in 2.156 secs
