
================== ASTRAL ===================== 

This is ASTRAL version 5.7.8
Gene trees are treated as unrooted
6855 trees read from tmp_quartet_guxJwDHTIr0Mr.txt
index0
All output trees will be *arbitrarily* rooted at t2
201 extra trees read from tmp_bipartitions_guxJwDHTIr0Mr.bootstrap.trees

======== Running the main analysis
Number of taxa: 10 (10 species)
Taxa: [t2, t4, t1, t3, t7, t8, t9, t10, t5, t6]
Taxon occupancy: {t4=2586, t5=2966, t10=2536, t6=2436, t7=2953, t8=2971, t9=2439, t1=2592, t2=2891, t3=3050}
Number of gene trees: 6855
6855 trees have missing taxa
Calculating quartet distance matrix (for completion of X)
Species tree distances calculated ...
Will attempt to complete bipartitions from X before adding using a distance matrix.
Building set of clusters (X) from gene trees 
------------------------------
gradient0: 81
Number of Clusters after addition by distance: 81
calculating extra bipartitions to be added at level 1 ...
Adding to X using resolutions of greedy consensus ...
Limit for sigma of degrees:300
polytomy size limit : 3
discarded polytomies:  []
Threshold 0.0:
Threshold 0.01:
Threshold 0.02:
Threshold 0.05:
Threshold 0.1:
Threshold 0.2:
Threshold 0.3333333333333333:
max k is :0
Number of Clusters after addition by greedy: 81
gradient0 in heuristiic: 81
calculating extra bipartitions from extra input trees ...
Number of Clusters after additions from extra trees: 95
partitions formed in 1.406 secs
Dynamic Programming starting after 1.406 secs
Using tree-based weight calculation.
Using polytree-based weight calculation.
Polytree max score: 6855
Polytree building time: 0.096 seconds.
Number of quartet trees in the gene trees: 6855
Size of largest cluster: 10
Greedy score: 6680
estimationFactor: 1.026197604790419
Sub-optimal score: 6680
Total Number of elements weighted: 98
Normalized score (portion of input quartet trees satisfied before correcting for multiple individuals): 0.9775346462436177
Optimization score: 6701
Optimal tree inferred in 1.716 secs.
(t4,((t2,(t5,t6)),(t1,((t7,t8),(t9,(t3,t10))))));
Final quartet score is: 6701
Final normalized quartet score is: 0.9775346462436177
Extended species tree:
(t2,((t5,t6)1:2.590267165445826,((t1,((t7,t8)1:3.174962637778273,(t9,(t3,t10)1:1.4759065198095778)0.94:0.15665381004537673)1:4.566330352671827)1:1.3862943611198908,t4)1:0.8938178760220965));
Weight calculation took 0.075633868 secs
ASTRAL finished in 2.152 secs
