
================== ASTRAL ===================== 

This is ASTRAL version 5.7.8
Gene trees are treated as unrooted
5692 trees read from tmp_quartet_guxJwDHTIr0Mr.txt
index0
All output trees will be *arbitrarily* rooted at t2
201 extra trees read from tmp_bipartitions_guxJwDHTIr0Mr.bootstrap.trees

======== Running the main analysis
Number of taxa: 10 (10 species)
Taxa: [t2, t3, t1, t6, t10, t4, t5, t7, t8, t9]
Taxon occupancy: {t4=2173, t5=2271, t6=3302, t10=3244, t7=1848, t8=1791, t9=1769, t1=2305, t2=1818, t3=2247}
Number of gene trees: 5692
5692 trees have missing taxa
Calculating quartet distance matrix (for completion of X)
Species tree distances calculated ...
Will attempt to complete bipartitions from X before adding using a distance matrix.
Building set of clusters (X) from gene trees 
------------------------------
gradient0: 115
Number of Clusters after addition by distance: 115
calculating extra bipartitions to be added at level 1 ...
Adding to X using resolutions of greedy consensus ...
Limit for sigma of degrees:300
polytomy size limit : 3
discarded polytomies:  []
Threshold 0.0:
Threshold 0.01:
Threshold 0.02:
Threshold 0.05:
Threshold 0.1:
Threshold 0.2:
Threshold 0.3333333333333333:
max k is :0
Number of Clusters after addition by greedy: 115
gradient0 in heuristiic: 115
calculating extra bipartitions from extra input trees ...
Number of Clusters after additions from extra trees: 129
partitions formed in 1.355 secs
Dynamic Programming starting after 1.355 secs
Using tree-based weight calculation.
Using polytree-based weight calculation.
Polytree max score: 5692
Polytree building time: 0.102 seconds.
Number of quartet trees in the gene trees: 5692
Size of largest cluster: 10
Greedy score: 5373
estimationFactor: 1.0593709287176625
Sub-optimal score: 5373
Total Number of elements weighted: 136
Normalized score (portion of input quartet trees satisfied before correcting for multiple individuals): 0.9439564300773015
Optimization score: 5373
Optimal tree inferred in 1.673 secs.
(t3,(t4,(t5,((t1,(t6,t10)),((t8,t9),(t2,t7))))));
Final quartet score is: 5373
Final normalized quartet score is: 0.9439564300773015
Extended species tree:
(t2,(t7,((t8,t9)1:0.7054172731517597,((t1,(t6,t10)1:2.8810693652338513)1:4.649718562249159,(t5,(t4,t3)1:1.798274150249249)1:1.4124640788532752)1:0.2522801454008649)1:0.6855425811747261));
Weight calculation took 0.079012256 secs
ASTRAL finished in 2.105 secs
