
================== ASTRAL ===================== 

This is ASTRAL version 5.7.8
Gene trees are treated as unrooted
6238 trees read from tmp_quartet_guxJwDHTIr0Mr.txt
index0
All output trees will be *arbitrarily* rooted at t3
201 extra trees read from tmp_bipartitions_guxJwDHTIr0Mr.bootstrap.trees

======== Running the main analysis
Number of taxa: 10 (10 species)
Taxa: [t3, t4, t1, t2, t6, t7, t8, t9, t10, t5]
Taxon occupancy: {t4=2220, t5=1918, t6=2095, t10=2251, t7=2279, t8=2367, t9=2313, t1=3616, t2=3591, t3=2302}
Number of gene trees: 6238
6238 trees have missing taxa
Calculating quartet distance matrix (for completion of X)
Species tree distances calculated ...
Will attempt to complete bipartitions from X before adding using a distance matrix.
Building set of clusters (X) from gene trees 
------------------------------
gradient0: 89
Number of Clusters after addition by distance: 89
calculating extra bipartitions to be added at level 1 ...
Adding to X using resolutions of greedy consensus ...
Limit for sigma of degrees:300
polytomy size limit : 3
discarded polytomies:  []
Threshold 0.0:
Threshold 0.01:
Threshold 0.02:
Threshold 0.05:
Threshold 0.1:
Threshold 0.2:
Threshold 0.3333333333333333:
max k is :0
Number of Clusters after addition by greedy: 89
gradient0 in heuristiic: 89
calculating extra bipartitions from extra input trees ...
Number of Clusters after additions from extra trees: 99
partitions formed in 1.558 secs
Dynamic Programming starting after 1.558 secs
Using tree-based weight calculation.
Using polytree-based weight calculation.
Polytree max score: 6238
Polytree building time: 0.105 seconds.
Number of quartet trees in the gene trees: 6238
Size of largest cluster: 10
Greedy score: 5945
estimationFactor: 1.0492851135407906
Sub-optimal score: 5945
Total Number of elements weighted: 86
Normalized score (portion of input quartet trees satisfied before correcting for multiple individuals): 0.9530298172491183
Optimization score: 5945
Optimal tree inferred in 1.849 secs.
(t4,(t5,((t10,(t6,t9)),((t7,t8),(t3,(t1,t2))))));
Final quartet score is: 5945
Final normalized quartet score is: 0.9530298172491183
Extended species tree:
(t3,((t1,t2)1:5.5399555004984204,((t7,t8)1:1.1811797947973792,((t10,(t6,t9)1:0.6114691495456782)1:2.131401280610547,(t5,t4)0.99:0.2693329337835843)1:1.9820458553844893)1:2.2482624112548883));
Weight calculation took 0.064129412 secs
ASTRAL finished in 2.285 secs
