
================== ASTRAL ===================== 

This is ASTRAL version 5.7.8
Gene trees are treated as unrooted
3726 trees read from tmp_quartet_guxJwDHTIr0Mr.txt
index0
All output trees will be *arbitrarily* rooted at t2
201 extra trees read from tmp_bipartitions_guxJwDHTIr0Mr.bootstrap.trees

======== Running the main analysis
Number of taxa: 10 (10 species)
Taxa: [t2, t5, t1, t7, t3, t4, t6, t8, t9, t10]
Taxon occupancy: {t4=1738, t5=1610, t6=1227, t10=1162, t7=1660, t8=1826, t9=1402, t1=1582, t2=1356, t3=1341}
Number of gene trees: 3726
3726 trees have missing taxa
Calculating quartet distance matrix (for completion of X)
Species tree distances calculated ...
Will attempt to complete bipartitions from X before adding using a distance matrix.
Building set of clusters (X) from gene trees 
------------------------------
gradient0: 105
Number of Clusters after addition by distance: 105
calculating extra bipartitions to be added at level 1 ...
Adding to X using resolutions of greedy consensus ...
Limit for sigma of degrees:300
polytomy size limit : 3
discarded polytomies:  []
Threshold 0.0:
Threshold 0.01:
Threshold 0.02:
Threshold 0.05:
Threshold 0.1:
Threshold 0.2:
Threshold 0.3333333333333333:
max k is :0
Number of Clusters after addition by greedy: 105
gradient0 in heuristiic: 105
calculating extra bipartitions from extra input trees ...
Number of Clusters after additions from extra trees: 121
partitions formed in 0.927 secs
Dynamic Programming starting after 0.94 secs
Using tree-based weight calculation.
Using polytree-based weight calculation.
Polytree max score: 3726
Polytree building time: 0.058 seconds.
Number of quartet trees in the gene trees: 3726
Size of largest cluster: 10
Greedy score: 3465
estimationFactor: 1.0753246753246752
Sub-optimal score: 3465
Total Number of elements weighted: 115
Normalized score (portion of input quartet trees satisfied before correcting for multiple individuals): 0.9315619967793881
Optimization score: 3471
Optimal tree inferred in 1.153 secs.
(t5,(t2,((t1,t7),(t6,((t3,t9),(t10,(t4,t8)))))));
Final quartet score is: 3471
Final normalized quartet score is: 0.9315619967793881
Extended species tree:
(t2,(((t1,t7)1:3.0849634072819327,(t6,((t3,t9)1:1.7820506551010942,(t10,(t4,t8)1:4.499809670330263)0.93:0.21511137961694557)1:0.21570857282669167)1:1.4546136050973677)1:1.5301885407799596,t5));
Weight calculation took 0.055694926 secs
ASTRAL finished in 1.501 secs
