
================== ASTRAL ===================== 

This is ASTRAL version 5.7.8
Gene trees are treated as unrooted
5147 trees read from tmp_quartet_guxJwDHTIr0Mr.txt
index0
All output trees will be *arbitrarily* rooted at t3
201 extra trees read from tmp_bipartitions_guxJwDHTIr0Mr.bootstrap.trees

======== Running the main analysis
Number of taxa: 10 (10 species)
Taxa: [t3, t4, t2, t5, t6, t9, t10, t7, t8, t1]
Taxon occupancy: {t4=1985, t5=2161, t6=1986, t10=1811, t7=2398, t8=2364, t9=1774, t1=1997, t2=2080, t3=2032}
Number of gene trees: 5147
5147 trees have missing taxa
Calculating quartet distance matrix (for completion of X)
Species tree distances calculated ...
Will attempt to complete bipartitions from X before adding using a distance matrix.
Building set of clusters (X) from gene trees 
------------------------------
gradient0: 77
Number of Clusters after addition by distance: 77
calculating extra bipartitions to be added at level 1 ...
Adding to X using resolutions of greedy consensus ...
Limit for sigma of degrees:300
polytomy size limit : 3
discarded polytomies:  []
Threshold 0.0:
Threshold 0.01:
Threshold 0.02:
Threshold 0.05:
Threshold 0.1:
Threshold 0.2:
Threshold 0.3333333333333333:
max k is :0
Number of Clusters after addition by greedy: 77
gradient0 in heuristiic: 77
calculating extra bipartitions from extra input trees ...
Number of Clusters after additions from extra trees: 91
partitions formed in 1.254 secs
Dynamic Programming starting after 1.261 secs
Using tree-based weight calculation.
Using polytree-based weight calculation.
Polytree max score: 5147
Polytree building time: 0.096 seconds.
Number of quartet trees in the gene trees: 5147
Size of largest cluster: 10
Greedy score: 5033
estimationFactor: 1.02265050665607
Sub-optimal score: 5033
Total Number of elements weighted: 81
Normalized score (portion of input quartet trees satisfied before correcting for multiple individuals): 0.9778511754420051
Optimization score: 5033
Optimal tree inferred in 1.505 secs.
(t4,(t3,((t10,(t9,(t6,t1))),(t2,(t5,(t7,t8))))));
Final quartet score is: 5033
Final normalized quartet score is: 0.9778511754420051
Extended species tree:
(t3,(((t10,(t9,(t6,t1)1:1.4226620052907655)1:1.2335316065674802)1:1.4391368424942705,(t2,(t5,(t7,t8)1:3.1780538303479453)1:4.536177314501144)1:5.648974238161192)1:2.2113690847223846,t4));
Weight calculation took 0.049035251 secs
ASTRAL finished in 1.937 secs
