
================== ASTRAL ===================== 

This is ASTRAL version 5.7.8
Gene trees are treated as unrooted
131 trees read from tmp_quartet_GCeO40SbIHZfI.txt
index0
All output trees will be *arbitrarily* rooted at t4
201 extra trees read from tmp_bipartitions_GCeO40SbIHZfI.bootstrap.trees

======== Running the main analysis
Number of taxa: 10 (10 species)
Taxa: [t4, t5, t3, t8, t6, t7, t2, t9, t10, t1]
Taxon occupancy: {t4=62, t5=40, t6=51, t10=31, t7=52, t8=61, t9=63, t1=32, t2=63, t3=69}
Number of gene trees: 131
131 trees have missing taxa
Calculating quartet distance matrix (for completion of X)
Species tree distances calculated ...
Will attempt to complete bipartitions from X before adding using a distance matrix.
Building set of clusters (X) from gene trees 
------------------------------
gradient0: 49
Number of Clusters after addition by distance: 49
calculating extra bipartitions to be added at level 1 ...
Adding to X using resolutions of greedy consensus ...
Limit for sigma of degrees:300
polytomy size limit : 3
discarded polytomies:  []
Threshold 0.0:
Threshold 0.01:
Threshold 0.02:
Threshold 0.05:
Threshold 0.1:
Threshold 0.2:
Threshold 0.3333333333333333:
max k is :0
Number of Clusters after addition by greedy: 49
gradient0 in heuristiic: 49
calculating extra bipartitions from extra input trees ...
Number of Clusters after additions from extra trees: 87
partitions formed in 0.192 secs
Dynamic Programming starting after 0.192 secs
Using tree-based weight calculation.
Using polytree-based weight calculation.
Polytree max score: 131
Polytree building time: 0.009 seconds.
Number of quartet trees in the gene trees: 131
Size of largest cluster: 10
Greedy score: 127
estimationFactor: 1.031496062992126
Sub-optimal score: 127
Total Number of elements weighted: 85
Normalized score (portion of input quartet trees satisfied before correcting for multiple individuals): 0.9770992366412213
Optimization score: 128
Optimal tree inferred in 0.269 secs.
(t5,(t3,(t4,((t2,t9),(t1,((t6,t7),(t8,t10)))))));
Final quartet score is: 128
Final normalized quartet score is: 0.9770992366412213
You may want to ignore posterior probabilities and other statistics related to the following branch branch because the effective number of genes impacting it is only 15:
	{t2, t9}
You may want to ignore posterior probabilities and other statistics related to the following branch branch because the effective number of genes impacting it is only 2:
	{t6, t7}
You may want to ignore posterior probabilities and other statistics related to the following branch branch because the effective number of genes impacting it is only 4:
	{t8, t10}
You may want to ignore posterior probabilities and other statistics related to the following branch branch because the effective number of genes impacting it is only 0:
	{t8, t6, t7, t10}
You may want to ignore posterior probabilities and other statistics related to the following branch branch because the effective number of genes impacting it is only 2:
	{t8, t6, t7, t10, t1}
You may want to ignore posterior probabilities and other statistics related to the following branch branch because the effective number of genes impacting it is only 5:
	{t8, t6, t7, t2, t9, t10, t1}
You may want to ignore posterior probabilities and other statistics related to the following branch branch because the effective number of genes impacting it is only 9:
	{t5, t3}
Extended species tree:
(t4,(((t2,t9)1:2.367123614131617,(t1,((t6,t7)0.87:0.6931471805599453,(t8,t10)0.98:1.2039728043259361)0.33:0.0)0.87:0.6931471805599453)0.67:0.2876820724517809,(t3,t5)1:1.2039728043259361));
Weight calculation took 0.007373873 secs
ASTRAL finished in 0.435 secs
