
================== ASTRAL ===================== 

This is ASTRAL version 5.7.8
Gene trees are treated as unrooted
163 trees read from tmp_quartet_GCeO40SbIHZfI.txt
index0
All output trees will be *arbitrarily* rooted at t4
201 extra trees read from tmp_bipartitions_GCeO40SbIHZfI.bootstrap.trees

======== Running the main analysis
Number of taxa: 10 (10 species)
Taxa: [t4, t7, t1, t8, t9, t3, t5, t6, t2, t10]
Taxon occupancy: {t4=95, t5=99, t6=100, t10=9, t7=96, t8=48, t9=56, t1=50, t2=38, t3=61}
Number of gene trees: 163
163 trees have missing taxa
Calculating quartet distance matrix (for completion of X)
Species tree distances calculated ...
Will attempt to complete bipartitions from X before adding using a distance matrix.
Building set of clusters (X) from gene trees 
------------------------------
gradient0: 83
Number of Clusters after addition by distance: 83
calculating extra bipartitions to be added at level 1 ...
Adding to X using resolutions of greedy consensus ...
Limit for sigma of degrees:300
polytomy size limit : 3
discarded polytomies:  []
Threshold 0.0:
Threshold 0.01:
Threshold 0.02:
Threshold 0.05:
Threshold 0.1:
Threshold 0.2:
Threshold 0.3333333333333333:
max k is :0
Number of Clusters after addition by greedy: 83
gradient0 in heuristiic: 83
calculating extra bipartitions from extra input trees ...
Number of Clusters after additions from extra trees: 163
partitions formed in 0.202 secs
Dynamic Programming starting after 0.202 secs
Using tree-based weight calculation.
Using polytree-based weight calculation.
Polytree max score: 163
Polytree building time: 0.01 seconds.
Number of quartet trees in the gene trees: 163
Size of largest cluster: 10
Greedy score: 160
estimationFactor: 1.01875
Sub-optimal score: 160
Total Number of elements weighted: 101
Normalized score (portion of input quartet trees satisfied before correcting for multiple individuals): 0.9815950920245399
Optimization score: 160
Optimal tree inferred in 0.282 secs.
(t7,(t4,(t10,(t3,(t9,(t1,(t8,(t2,(t5,t6)))))))));
Final quartet score is: 160
Final normalized quartet score is: 0.9815950920245399
You may want to ignore posterior probabilities and other statistics related to the following branch branch because the effective number of genes impacting it is only 14:
	{t5, t6}
You may want to ignore posterior probabilities and other statistics related to the following branch branch because the effective number of genes impacting it is only 0:
	{t5, t6, t2}
You may want to ignore posterior probabilities and other statistics related to the following branch branch because the effective number of genes impacting it is only 3:
	{t8, t5, t6, t2}
You may want to ignore posterior probabilities and other statistics related to the following branch branch because the effective number of genes impacting it is only 0:
	{t1, t8, t5, t6, t2}
You may want to ignore posterior probabilities and other statistics related to the following branch branch because the effective number of genes impacting it is only 11:
	{t1, t8, t9, t5, t6, t2}
You may want to ignore posterior probabilities and other statistics related to the following branch branch because the effective number of genes impacting it is only 0:
	{t1, t8, t9, t3, t5, t6, t2}
You may want to ignore posterior probabilities and other statistics related to the following branch branch because the effective number of genes impacting it is only 5:
	{t1, t8, t9, t3, t5, t6, t2, t10}
Extended species tree:
(t4,((t10,(t3,(t9,(t1,(t8,(t2,(t5,t6)1:2.302585092994046)0.33:0.0)0.95:0.9808292530117262)0.33:0.0)1:2.0794415416798353)0.33:0.0)0.99:1.3862943611198908,t7));
Weight calculation took 0.010516918 secs
ASTRAL finished in 0.472 secs
