
================== ASTRAL ===================== 

This is ASTRAL version 5.7.8
Gene trees are treated as unrooted
506 trees read from tmp_quartet_GCeO40SbIHZfI.txt
index0
All output trees will be *arbitrarily* rooted at t6
201 extra trees read from tmp_bipartitions_GCeO40SbIHZfI.bootstrap.trees

======== Running the main analysis
Number of taxa: 10 (10 species)
Taxa: [t6, t7, t2, t4, t8, t1, t5, t10, t9, t3]
Taxon occupancy: {t4=302, t5=130, t6=259, t10=114, t7=135, t8=177, t9=185, t1=225, t2=332, t3=165}
Number of gene trees: 506
506 trees have missing taxa
Calculating quartet distance matrix (for completion of X)
Species tree distances calculated ...
Will attempt to complete bipartitions from X before adding using a distance matrix.
Building set of clusters (X) from gene trees 
------------------------------
gradient0: 73
Number of Clusters after addition by distance: 73
calculating extra bipartitions to be added at level 1 ...
Adding to X using resolutions of greedy consensus ...
Limit for sigma of degrees:300
polytomy size limit : 3
discarded polytomies:  []
Threshold 0.0:
Threshold 0.01:
Threshold 0.02:
Threshold 0.05:
Threshold 0.1:
Threshold 0.2:
Threshold 0.3333333333333333:
max k is :0
Number of Clusters after addition by greedy: 73
gradient0 in heuristiic: 73
calculating extra bipartitions from extra input trees ...
Number of Clusters after additions from extra trees: 105
partitions formed in 0.3 secs
Dynamic Programming starting after 0.3 secs
Using tree-based weight calculation.
Using polytree-based weight calculation.
Polytree max score: 506
Polytree building time: 0.025 seconds.
Number of quartet trees in the gene trees: 506
Size of largest cluster: 10
Greedy score: 492
estimationFactor: 1.0284552845528456
Sub-optimal score: 492
Total Number of elements weighted: 131
Normalized score (portion of input quartet trees satisfied before correcting for multiple individuals): 0.9723320158102767
Optimization score: 492
Optimal tree inferred in 0.418 secs.
(t7,(t3,((t6,(t8,(t10,t9))),(t5,(t1,(t2,t4))))));
Final quartet score is: 492
Final normalized quartet score is: 0.9723320158102767
You may want to ignore posterior probabilities and other statistics related to the following branch branch because the effective number of genes impacting it is only 16:
	{t10, t9}
You may want to ignore posterior probabilities and other statistics related to the following branch branch because the effective number of genes impacting it is only 8:
	{t8, t10, t9}
You may want to ignore posterior probabilities and other statistics related to the following branch branch because the effective number of genes impacting it is only 13:
	{t2, t4, t1, t5}
You may want to ignore posterior probabilities and other statistics related to the following branch branch because the effective number of genes impacting it is only 0:
	{t7, t3}
Extended species tree:
(t6,((t8,(t10,t9)0.87:0.34830669426821587)0.64:0.1823215567939546,((t5,(t1,(t2,t4)1:2.3978952727983716)1:2.8134107167600355)1:2.2335922215070947,(t3,t7)0.33:0.0)1:1.9924301646902058));
Weight calculation took 0.023279838 secs
ASTRAL finished in 0.648 secs
