
================== ASTRAL ===================== 

This is ASTRAL version 5.7.8
Gene trees are treated as unrooted
94 trees read from tmp_quartet_GCeO40SbIHZfI.txt
index0
All output trees will be *arbitrarily* rooted at t10
201 extra trees read from tmp_bipartitions_GCeO40SbIHZfI.bootstrap.trees

======== Running the main analysis
Number of taxa: 10 (10 species)
Taxa: [t10, t6, t4, t5, t2, t7, t3, t8, t9, t1]
Taxon occupancy: {t4=48, t5=40, t10=68, t6=70, t7=23, t8=23, t9=11, t1=23, t2=28, t3=42}
Number of gene trees: 94
94 trees have missing taxa
Calculating quartet distance matrix (for completion of X)
Species tree distances calculated ...
Will attempt to complete bipartitions from X before adding using a distance matrix.
Building set of clusters (X) from gene trees 
------------------------------
gradient0: 63
Number of Clusters after addition by distance: 63
calculating extra bipartitions to be added at level 1 ...
Adding to X using resolutions of greedy consensus ...
Limit for sigma of degrees:300
polytomy size limit : 3
discarded polytomies:  []
Threshold 0.0:
Threshold 0.01:
Threshold 0.02:
Threshold 0.05:
Threshold 0.1:
Threshold 0.2:
Threshold 0.3333333333333333:
max k is :0
Number of Clusters after addition by greedy: 63
gradient0 in heuristiic: 63
calculating extra bipartitions from extra input trees ...
Number of Clusters after additions from extra trees: 131
partitions formed in 0.197 secs
Dynamic Programming starting after 0.197 secs
Using tree-based weight calculation.
Using polytree-based weight calculation.
Polytree max score: 94
Polytree building time: 0.008 seconds.
Number of quartet trees in the gene trees: 94
Size of largest cluster: 10
Greedy score: 94
estimationFactor: 1.0
Sub-optimal score: 94
Total Number of elements weighted: 115
Normalized score (portion of input quartet trees satisfied before correcting for multiple individuals): 1.0
Optimization score: 94
Optimal tree inferred in 0.271 secs.
(t6,(t10,(t1,(t8,(t9,(t7,(t2,(t5,(t4,t3)))))))));
Final quartet score is: 94
Final normalized quartet score is: 1.0
You may want to ignore posterior probabilities and other statistics related to the following branch branch because the effective number of genes impacting it is only 4:
	{t4, t3}
You may want to ignore posterior probabilities and other statistics related to the following branch branch because the effective number of genes impacting it is only 0:
	{t4, t5, t3}
You may want to ignore posterior probabilities and other statistics related to the following branch branch because the effective number of genes impacting it is only 0:
	{t4, t5, t2, t3}
You may want to ignore posterior probabilities and other statistics related to the following branch branch because the effective number of genes impacting it is only 1:
	{t4, t5, t2, t7, t3}
You may want to ignore posterior probabilities and other statistics related to the following branch branch because the effective number of genes impacting it is only 0:
	{t4, t5, t2, t7, t3, t9}
You may want to ignore posterior probabilities and other statistics related to the following branch branch because the effective number of genes impacting it is only 2:
	{t4, t5, t2, t7, t3, t8, t9}
You may want to ignore posterior probabilities and other statistics related to the following branch branch because the effective number of genes impacting it is only 5:
	{t4, t5, t2, t7, t3, t8, t9, t1}
Extended species tree:
(t10,((t1,(t8,(t9,(t7,(t2,(t5,(t4,t3)0.98:1.2039728043259361)0.33:0.0)0.33:0.0)0.67:0.2876820724517809)0.33:0.0)0.87:0.6931471805599453)0.99:1.3862943611198908,t6));
Weight calculation took 0.024220265 secs
ASTRAL finished in 0.437 secs
