
================== ASTRAL ===================== 

This is ASTRAL version 5.7.8
Gene trees are treated as unrooted
128 trees read from tmp_quartet_GCeO40SbIHZfI.txt
index0
All output trees will be *arbitrarily* rooted at t7
201 extra trees read from tmp_bipartitions_GCeO40SbIHZfI.bootstrap.trees

======== Running the main analysis
Number of taxa: 10 (10 species)
Taxa: [t7, t9, t2, t3, t4, t5, t1, t6, t8, t10]
Taxon occupancy: {t4=87, t5=45, t6=52, t10=19, t7=21, t8=21, t9=59, t1=51, t2=60, t3=97}
Number of gene trees: 128
128 trees have missing taxa
Calculating quartet distance matrix (for completion of X)
Species tree distances calculated ...
Will attempt to complete bipartitions from X before adding using a distance matrix.
Building set of clusters (X) from gene trees 
------------------------------
gradient0: 87
Number of Clusters after addition by distance: 87
calculating extra bipartitions to be added at level 1 ...
Adding to X using resolutions of greedy consensus ...
Limit for sigma of degrees:300
polytomy size limit : 3
discarded polytomies:  []
Threshold 0.0:
Threshold 0.01:
Threshold 0.02:
Threshold 0.05:
Threshold 0.1:
Threshold 0.2:
Threshold 0.3333333333333333:
max k is :0
Number of Clusters after addition by greedy: 87
gradient0 in heuristiic: 87
calculating extra bipartitions from extra input trees ...
Number of Clusters after additions from extra trees: 185
partitions formed in 0.213 secs
Dynamic Programming starting after 0.213 secs
Using tree-based weight calculation.
Using polytree-based weight calculation.
Polytree max score: 128
Polytree building time: 0.015 seconds.
Number of quartet trees in the gene trees: 128
Size of largest cluster: 10
Greedy score: 110
estimationFactor: 1.1636363636363636
Sub-optimal score: 116
Total Number of elements weighted: 257
Normalized score (portion of input quartet trees satisfied before correcting for multiple individuals): 0.90625
Optimization score: 116
Optimal tree inferred in 0.321 secs.
(t9,(t1,(t6,((t10,(t3,t4)),(t2,(t5,(t7,t8)))))));
Final quartet score is: 116
Final normalized quartet score is: 0.90625
You may want to ignore posterior probabilities and other statistics related to the following branch branch because the effective number of genes impacting it is only 15:
	{t3, t4}
You may want to ignore posterior probabilities and other statistics related to the following branch branch because the effective number of genes impacting it is only 1:
	{t3, t4, t10}
You may want to ignore posterior probabilities and other statistics related to the following branch branch because the effective number of genes impacting it is only 2:
	{t9, t1}
You may want to ignore posterior probabilities and other statistics related to the following branch branch because the effective number of genes impacting it is only 17:
	{t9, t1, t6}
You may want to ignore posterior probabilities and other statistics related to the following branch branch because the effective number of genes impacting it is only 7:
	{t9, t3, t4, t1, t6, t10}
You may want to ignore posterior probabilities and other statistics related to the following branch branch because the effective number of genes impacting it is only 2:
	{t9, t2, t3, t4, t1, t6, t10}
You may want to ignore posterior probabilities and other statistics related to the following branch branch because the effective number of genes impacting it is only 0:
	{t9, t2, t3, t4, t5, t1, t6, t10}
Extended species tree:
(t7,(t8,(t5,(t2,((t10,(t3,t4)1:1.2685113254635072)0.67:0.2876820724517809,(t6,(t1,t9)0.87:0.6931471805599453)0.48:0.1823215567939546)0.99:0.9808292530117262)0.87:0.6931471805599453)0.33:0.0));
Weight calculation took 0.019717742 secs
ASTRAL finished in 0.493 secs
