
================== ASTRAL ===================== 

This is ASTRAL version 5.7.8
Gene trees are treated as unrooted
74 trees read from tmp_quartet_GCeO40SbIHZfI.txt
index0
All output trees will be *arbitrarily* rooted at t4
201 extra trees read from tmp_bipartitions_GCeO40SbIHZfI.bootstrap.trees

======== Running the main analysis
Number of taxa: 10 (10 species)
Taxa: [t4, t5, t1, t2, t9, t10, t6, t3, t8, t7]
Taxon occupancy: {t4=46, t5=32, t10=55, t6=54, t7=5, t8=6, t9=41, t1=13, t2=22, t3=22}
Number of gene trees: 74
74 trees have missing taxa
Calculating quartet distance matrix (for completion of X)
Species tree distances calculated ...
Will attempt to complete bipartitions from X before adding using a distance matrix.
Building set of clusters (X) from gene trees 
------------------------------
gradient0: 71
Number of Clusters after addition by distance: 71
calculating extra bipartitions to be added at level 1 ...
Adding to X using resolutions of greedy consensus ...
Limit for sigma of degrees:300
polytomy size limit : 3
discarded polytomies:  []
Threshold 0.0:
Threshold 0.01:
Threshold 0.02:
Threshold 0.05:
Threshold 0.1:
Threshold 0.2:
Threshold 0.3333333333333333:
max k is :0
Number of Clusters after addition by greedy: 71
gradient0 in heuristiic: 71
calculating extra bipartitions from extra input trees ...
Number of Clusters after additions from extra trees: 403
partitions formed in 0.175 secs
Dynamic Programming starting after 0.175 secs
Using tree-based weight calculation.
Using polytree-based weight calculation.
Polytree max score: 74
Polytree building time: 0.022 seconds.
Number of quartet trees in the gene trees: 74
Size of largest cluster: 10
Greedy score: 71
estimationFactor: 1.0422535211267605
Sub-optimal score: 71
Total Number of elements weighted: 432
Normalized score (portion of input quartet trees satisfied before correcting for multiple individuals): 0.9594594594594594
Optimization score: 71
Optimal tree inferred in 0.274 secs.
(t5,(t3,((t4,t9),(t7,(t6,(t10,(t1,(t2,t8))))))));
Final quartet score is: 71
Final normalized quartet score is: 0.9594594594594594
You may want to ignore posterior probabilities and other statistics related to the following branch branch because the effective number of genes impacting it is only 1:
	{t2, t8}
You may want to ignore posterior probabilities and other statistics related to the following branch branch because the effective number of genes impacting it is only 2:
	{t1, t2, t8}
You may want to ignore posterior probabilities and other statistics related to the following branch branch because the effective number of genes impacting it is only 2:
	{t1, t2, t10, t8}
You may want to ignore posterior probabilities and other statistics related to the following branch branch because the effective number of genes impacting it is only 2:
	{t1, t2, t10, t6, t8}
You may want to ignore posterior probabilities and other statistics related to the following branch branch because the effective number of genes impacting it is only 1:
	{t1, t2, t10, t6, t8, t7}
You may want to ignore posterior probabilities and other statistics related to the following branch branch because the effective number of genes impacting it is only 0:
	{t5, t3}
You may want to ignore posterior probabilities and other statistics related to the following branch branch because the effective number of genes impacting it is only 5:
	{t5, t1, t2, t10, t6, t3, t8, t7}
Extended species tree:
(t4,(t9,((t7,(t6,(t10,(t1,(t2,t8)0.67:0.2876820724517809)0.87:0.6931471805599453)0.42:0.0)0.87:0.6931471805599453)0.67:0.2876820724517809,(t3,t5)0.33:0.0)0.67:0.2876820724517809));
Weight calculation took 0.018241404 secs
ASTRAL finished in 0.451 secs
