
================== ASTRAL ===================== 

This is ASTRAL version 5.7.8
Gene trees are treated as unrooted
35 trees read from tmp_quartet_GCeO40SbIHZfI.txt
index0
All output trees will be *arbitrarily* rooted at t5
201 extra trees read from tmp_bipartitions_GCeO40SbIHZfI.bootstrap.trees

======== Running the main analysis
Number of taxa: 10 (10 species)
Taxa: [t5, t6, t4, t8, t2, t1, t7, t3, t10, t9]
Taxon occupancy: {t4=20, t5=25, t6=15, t10=8, t7=11, t8=26, t9=4, t1=9, t2=13, t3=9}
Number of gene trees: 35
35 trees have missing taxa
Calculating quartet distance matrix (for completion of X)
Species tree distances calculated ...
Will attempt to complete bipartitions from X before adding using a distance matrix.
Building set of clusters (X) from gene trees 
------------------------------
gradient0: 67
Number of Clusters after addition by distance: 67
calculating extra bipartitions to be added at level 1 ...
Adding to X using resolutions of greedy consensus ...
Limit for sigma of degrees:300
polytomy size limit : 3
discarded polytomies:  []
Threshold 0.0:
Threshold 0.01:
Threshold 0.02:
Threshold 0.05:
Threshold 0.1:
Threshold 0.2:
Threshold 0.3333333333333333:
max k is :0
Number of Clusters after addition by greedy: 67
gradient0 in heuristiic: 67
calculating extra bipartitions from extra input trees ...
Number of Clusters after additions from extra trees: 475
partitions formed in 0.17 secs
Dynamic Programming starting after 0.17 secs
Using tree-based weight calculation.
Using polytree-based weight calculation.
Polytree max score: 35
Polytree building time: 0.005 seconds.
Number of quartet trees in the gene trees: 35
Size of largest cluster: 10
Greedy score: 35
estimationFactor: 1.0
Sub-optimal score: 35
Total Number of elements weighted: 350
Normalized score (portion of input quartet trees satisfied before correcting for multiple individuals): 1.0
Optimization score: 35
Optimal tree inferred in 0.254 secs.
(t6,(t3,(t10,((t9,(t4,t8)),((t1,t7),(t5,t2))))));
Final quartet score is: 35
Final normalized quartet score is: 1.0
You may want to ignore posterior probabilities and other statistics related to the following branch branch because the effective number of genes impacting it is only 2:
	{t1, t7}
You may want to ignore posterior probabilities and other statistics related to the following branch branch because the effective number of genes impacting it is only 0:
	{t4, t8}
You may want to ignore posterior probabilities and other statistics related to the following branch branch because the effective number of genes impacting it is only 2:
	{t4, t8, t9}
You may want to ignore posterior probabilities and other statistics related to the following branch branch because the effective number of genes impacting it is only 0:
	{t6, t3}
You may want to ignore posterior probabilities and other statistics related to the following branch branch because the effective number of genes impacting it is only 0:
	{t6, t3, t10}
You may want to ignore posterior probabilities and other statistics related to the following branch branch because the effective number of genes impacting it is only 2:
	{t6, t4, t8, t3, t10, t9}
You may want to ignore posterior probabilities and other statistics related to the following branch branch because the effective number of genes impacting it is only 1:
	{t6, t4, t8, t1, t7, t3, t10, t9}
Extended species tree:
(t5,(t2,((t1,t7)0.87:0.6931471805599453,((t9,(t4,t8)0.33:0.0)0.87:0.6931471805599453,(t10,(t3,t6)0.33:0.0)0.33:0.0)0.87:0.6931471805599453)0.67:0.2876820724517809));
Weight calculation took 0.014408781 secs
ASTRAL finished in 0.425 secs
