
================== ASTRAL ===================== 

This is ASTRAL version 5.7.8
Gene trees are treated as unrooted
179 trees read from tmp_quartet_GCeO40SbIHZfI.txt
index0
All output trees will be *arbitrarily* rooted at t2
201 extra trees read from tmp_bipartitions_GCeO40SbIHZfI.bootstrap.trees

======== Running the main analysis
Number of taxa: 10 (10 species)
Taxa: [t2, t7, t1, t6, t10, t8, t9, t3, t4, t5]
Taxon occupancy: {t4=49, t5=56, t6=110, t10=109, t7=65, t8=82, t9=77, t1=38, t2=66, t3=64}
Number of gene trees: 179
179 trees have missing taxa
Calculating quartet distance matrix (for completion of X)
Species tree distances calculated ...
Will attempt to complete bipartitions from X before adding using a distance matrix.
Building set of clusters (X) from gene trees 
------------------------------
gradient0: 45
Number of Clusters after addition by distance: 45
calculating extra bipartitions to be added at level 1 ...
Adding to X using resolutions of greedy consensus ...
Limit for sigma of degrees:300
polytomy size limit : 3
discarded polytomies:  []
Threshold 0.0:
Threshold 0.01:
Threshold 0.02:
Threshold 0.05:
Threshold 0.1:
Threshold 0.2:
Threshold 0.3333333333333333:
max k is :0
Number of Clusters after addition by greedy: 45
gradient0 in heuristiic: 45
calculating extra bipartitions from extra input trees ...
Number of Clusters after additions from extra trees: 201
partitions formed in 0.209 secs
Dynamic Programming starting after 0.209 secs
Using tree-based weight calculation.
Using polytree-based weight calculation.
Polytree max score: 179
Polytree building time: 0.01 seconds.
Number of quartet trees in the gene trees: 179
Size of largest cluster: 10
Greedy score: 174
estimationFactor: 1.028735632183908
Sub-optimal score: 174
Total Number of elements weighted: 128
Normalized score (portion of input quartet trees satisfied before correcting for multiple individuals): 0.9720670391061452
Optimization score: 174
Optimal tree inferred in 0.327 secs.
(t7,((t8,t9),(t2,((t5,(t3,t4)),(t1,(t6,t10))))));
Final quartet score is: 174
Final normalized quartet score is: 0.9720670391061452
You may want to ignore posterior probabilities and other statistics related to the following branch branch because the effective number of genes impacting it is only 2:
	{t3, t4}
You may want to ignore posterior probabilities and other statistics related to the following branch branch because the effective number of genes impacting it is only 1:
	{t3, t4, t5}
You may want to ignore posterior probabilities and other statistics related to the following branch branch because the effective number of genes impacting it is only 2:
	{t6, t10}
You may want to ignore posterior probabilities and other statistics related to the following branch branch because the effective number of genes impacting it is only 8:
	{t1, t6, t10}
You may want to ignore posterior probabilities and other statistics related to the following branch branch because the effective number of genes impacting it is only 1:
	{t1, t6, t10, t3, t4, t5}
You may want to ignore posterior probabilities and other statistics related to the following branch branch because the effective number of genes impacting it is only 7:
	{t8, t9}
You may want to ignore posterior probabilities and other statistics related to the following branch branch because the effective number of genes impacting it is only 11:
	{t7, t8, t9}
Extended species tree:
(t2,(((t5,(t3,t4)0.87:0.6931471805599453)0.67:0.2876820724517809,(t1,(t6,t10)0.87:0.6931471805599453)1:1.7917594692280545)0.67:0.2876820724517809,((t8,t9)1:1.6739764335716716,t7)0.67:0.2876820724517809));
Weight calculation took 0.030732116 secs
ASTRAL finished in 0.508 secs
