
================== ASTRAL ===================== 

This is ASTRAL version 5.7.8
Gene trees are treated as unrooted
214 trees read from tmp_quartet_GCeO40SbIHZfI.txt
index0
All output trees will be *arbitrarily* rooted at t3
201 extra trees read from tmp_bipartitions_GCeO40SbIHZfI.bootstrap.trees

======== Running the main analysis
Number of taxa: 10 (10 species)
Taxa: [t3, t7, t2, t6, t10, t9, t5, t8, t4, t1]
Taxon occupancy: {t4=84, t5=38, t6=83, t10=155, t7=101, t8=112, t9=144, t1=30, t2=63, t3=46}
Number of gene trees: 214
214 trees have missing taxa
Calculating quartet distance matrix (for completion of X)
Species tree distances calculated ...
Will attempt to complete bipartitions from X before adding using a distance matrix.
Building set of clusters (X) from gene trees 
------------------------------
gradient0: 67
Number of Clusters after addition by distance: 67
calculating extra bipartitions to be added at level 1 ...
Adding to X using resolutions of greedy consensus ...
Limit for sigma of degrees:300
polytomy size limit : 4
discarded polytomies:  [4]
Threshold 0.0:
Threshold 0.01:
Threshold 0.02:
Threshold 0.05:
Threshold 0.1:
Threshold 0.2:
Threshold 0.3333333333333333:
polytomy of size 4; rounds with additions with at least 5 support: 0; clusters: 67
max k is :0
Number of Clusters after addition by greedy: 67
gradient0 in heuristiic: 67
calculating extra bipartitions from extra input trees ...
Number of Clusters after additions from extra trees: 197
partitions formed in 0.271 secs
Dynamic Programming starting after 0.271 secs
Using tree-based weight calculation.
Using polytree-based weight calculation.
Polytree max score: 214
Polytree building time: 0.023 seconds.
Number of quartet trees in the gene trees: 214
Size of largest cluster: 10
Greedy score: 214
estimationFactor: 1.0
Sub-optimal score: 214
Total Number of elements weighted: 154
Normalized score (portion of input quartet trees satisfied before correcting for multiple individuals): 1.0
Optimization score: 214
Optimal tree inferred in 0.391 secs.
(t7,((t10,t9),(t1,(t3,(t5,((t8,t4),(t2,t6)))))));
Final quartet score is: 214
Final normalized quartet score is: 1.0
You may want to ignore posterior probabilities and other statistics related to the following branch branch because the effective number of genes impacting it is only 0:
	{t8, t4}
You may want to ignore posterior probabilities and other statistics related to the following branch branch because the effective number of genes impacting it is only 2:
	{t2, t6}
You may want to ignore posterior probabilities and other statistics related to the following branch branch because the effective number of genes impacting it is only 0:
	{t2, t6, t8, t4}
You may want to ignore posterior probabilities and other statistics related to the following branch branch because the effective number of genes impacting it is only 2:
	{t2, t6, t5, t8, t4}
You may want to ignore posterior probabilities and other statistics related to the following branch branch because the effective number of genes impacting it is only 16:
	{t10, t9}
You may want to ignore posterior probabilities and other statistics related to the following branch branch because the effective number of genes impacting it is only 12:
	{t7, t10, t9}
You may want to ignore posterior probabilities and other statistics related to the following branch branch because the effective number of genes impacting it is only 0:
	{t7, t10, t9, t1}
Extended species tree:
(t3,((t5,((t8,t4)0.33:0.0,(t2,t6)0.87:0.6931471805599453)0.33:0.0)0.87:0.6931471805599453,(t1,((t10,t9)1:2.4277482359480516,t7)1:2.159484249353373)0.33:0.0));
Weight calculation took 0.030849221 secs
ASTRAL finished in 0.567 secs
