
================== ASTRAL ===================== 

This is ASTRAL version 5.7.8
Gene trees are treated as unrooted
476 trees read from tmp_quartet_GCeO40SbIHZfI.txt
index0
All output trees will be *arbitrarily* rooted at t6
201 extra trees read from tmp_bipartitions_GCeO40SbIHZfI.bootstrap.trees

======== Running the main analysis
Number of taxa: 10 (10 species)
Taxa: [t6, t8, t1, t2, t4, t9, t10, t3, t7, t5]
Taxon occupancy: {t4=268, t5=123, t6=247, t10=77, t7=125, t8=188, t9=209, t1=216, t2=273, t3=178}
Number of gene trees: 476
476 trees have missing taxa
Calculating quartet distance matrix (for completion of X)
Species tree distances calculated ...
Will attempt to complete bipartitions from X before adding using a distance matrix.
Building set of clusters (X) from gene trees 
------------------------------
gradient0: 73
Number of Clusters after addition by distance: 73
calculating extra bipartitions to be added at level 1 ...
Adding to X using resolutions of greedy consensus ...
Limit for sigma of degrees:300
polytomy size limit : 3
discarded polytomies:  []
Threshold 0.0:
Threshold 0.01:
Threshold 0.02:
Threshold 0.05:
Threshold 0.1:
Threshold 0.2:
Threshold 0.3333333333333333:
max k is :0
Number of Clusters after addition by greedy: 73
gradient0 in heuristiic: 73
calculating extra bipartitions from extra input trees ...
Number of Clusters after additions from extra trees: 105
partitions formed in 0.284 secs
Dynamic Programming starting after 0.284 secs
Using tree-based weight calculation.
Using polytree-based weight calculation.
Polytree max score: 476
Polytree building time: 0.017 seconds.
Number of quartet trees in the gene trees: 476
Size of largest cluster: 10
Greedy score: 456
estimationFactor: 1.043859649122807
Sub-optimal score: 460
Total Number of elements weighted: 111
Normalized score (portion of input quartet trees satisfied before correcting for multiple individuals): 0.9663865546218487
Optimization score: 460
Optimal tree inferred in 0.402 secs.
(t8,((t9,t10),(t6,(t7,((t3,t5),(t1,(t2,t4)))))));
Final quartet score is: 460
Final normalized quartet score is: 0.9663865546218487
You may want to ignore posterior probabilities and other statistics related to the following branch branch because the effective number of genes impacting it is only 2:
	{t3, t5}
You may want to ignore posterior probabilities and other statistics related to the following branch branch because the effective number of genes impacting it is only 17:
	{t2, t4}
You may want to ignore posterior probabilities and other statistics related to the following branch branch because the effective number of genes impacting it is only 15:
	{t1, t2, t4, t3, t5}
You may want to ignore posterior probabilities and other statistics related to the following branch branch because the effective number of genes impacting it is only 2:
	{t9, t10}
You may want to ignore posterior probabilities and other statistics related to the following branch branch because the effective number of genes impacting it is only 3:
	{t8, t9, t10}
Extended species tree:
(t6,((t7,((t3,t5)0.87:0.6931471805599453,(t1,(t2,t4)1:2.484906649788)1:1.4508328822574619)1:1.2685113254635072)1:1.120591195386885,((t9,t10)0.87:0.6931471805599453,t8)0.95:0.9808292530117262));
Weight calculation took 0.034030784 secs
ASTRAL finished in 0.612 secs
