
================== ASTRAL ===================== 

This is ASTRAL version 5.7.8
Gene trees are treated as unrooted
205 trees read from tmp_quartet_GCeO40SbIHZfI.txt
index0
All output trees will be *arbitrarily* rooted at t5
201 extra trees read from tmp_bipartitions_GCeO40SbIHZfI.bootstrap.trees

======== Running the main analysis
Number of taxa: 10 (10 species)
Taxa: [t5, t7, t1, t3, t6, t10, t9, t2, t4, t8]
Taxon occupancy: {t4=53, t5=103, t6=126, t10=129, t7=68, t8=20, t9=88, t1=73, t2=77, t3=83}
Number of gene trees: 205
205 trees have missing taxa
Calculating quartet distance matrix (for completion of X)
Species tree distances calculated ...
Will attempt to complete bipartitions from X before adding using a distance matrix.
Building set of clusters (X) from gene trees 
------------------------------
gradient0: 53
Number of Clusters after addition by distance: 53
calculating extra bipartitions to be added at level 1 ...
Adding to X using resolutions of greedy consensus ...
Limit for sigma of degrees:300
polytomy size limit : 3
discarded polytomies:  []
Threshold 0.0:
Threshold 0.01:
Threshold 0.02:
Threshold 0.05:
Threshold 0.1:
Threshold 0.2:
Threshold 0.3333333333333333:
max k is :0
Number of Clusters after addition by greedy: 53
gradient0 in heuristiic: 53
calculating extra bipartitions from extra input trees ...
Number of Clusters after additions from extra trees: 153
partitions formed in 0.224 secs
Dynamic Programming starting after 0.224 secs
Using tree-based weight calculation.
Using polytree-based weight calculation.
Polytree max score: 205
Polytree building time: 0.011 seconds.
Number of quartet trees in the gene trees: 205
Size of largest cluster: 10
Greedy score: 204
estimationFactor: 1.0049019607843137
Sub-optimal score: 204
Total Number of elements weighted: 127
Normalized score (portion of input quartet trees satisfied before correcting for multiple individuals): 0.9951219512195122
Optimization score: 204
Optimal tree inferred in 0.321 secs.
(t7,(t5,(t9,(t4,((t8,(t6,t10)),(t2,(t1,t3)))))));
Final quartet score is: 204
Final normalized quartet score is: 0.9951219512195122
You may want to ignore posterior probabilities and other statistics related to the following branch branch because the effective number of genes impacting it is only 1:
	{t6, t10}
You may want to ignore posterior probabilities and other statistics related to the following branch branch because the effective number of genes impacting it is only 1:
	{t6, t10, t8}
You may want to ignore posterior probabilities and other statistics related to the following branch branch because the effective number of genes impacting it is only 0:
	{t1, t3}
You may want to ignore posterior probabilities and other statistics related to the following branch branch because the effective number of genes impacting it is only 2:
	{t1, t3, t2}
You may want to ignore posterior probabilities and other statistics related to the following branch branch because the effective number of genes impacting it is only 0:
	{t1, t3, t6, t10, t2, t8}
You may want to ignore posterior probabilities and other statistics related to the following branch branch because the effective number of genes impacting it is only 3:
	{t1, t3, t6, t10, t2, t4, t8}
You may want to ignore posterior probabilities and other statistics related to the following branch branch because the effective number of genes impacting it is only 0:
	{t1, t3, t6, t10, t9, t2, t4, t8}
Extended species tree:
(t5,((t9,(t4,((t8,(t6,t10)0.67:0.2876820724517809)0.67:0.2876820724517809,(t2,(t1,t3)0.33:0.0)0.87:0.6931471805599453)0.33:0.0)0.67:0.2876820724517809)0.33:0.0,t7));
Weight calculation took 0.033287347 secs
ASTRAL finished in 0.497 secs
