
================== ASTRAL ===================== 

This is ASTRAL version 5.7.8
Gene trees are treated as unrooted
1279 trees read from tmp_quartet_GCeO40SbIHZfI.txt
index0
All output trees will be *arbitrarily* rooted at t6
201 extra trees read from tmp_bipartitions_GCeO40SbIHZfI.bootstrap.trees

======== Running the main analysis
Number of taxa: 10 (10 species)
Taxa: [t6, t7, t1, t3, t9, t4, t5, t10, t2, t8]
Taxon occupancy: {t4=192, t5=285, t6=670, t10=497, t7=670, t8=542, t9=626, t1=462, t2=499, t3=673}
Number of gene trees: 1279
1279 trees have missing taxa
Calculating quartet distance matrix (for completion of X)
Species tree distances calculated ...
Will attempt to complete bipartitions from X before adding using a distance matrix.
Building set of clusters (X) from gene trees 
------------------------------
gradient0: 45
Number of Clusters after addition by distance: 45
calculating extra bipartitions to be added at level 1 ...
Adding to X using resolutions of greedy consensus ...
Limit for sigma of degrees:300
polytomy size limit : 3
discarded polytomies:  []
Threshold 0.0:
Threshold 0.01:
Threshold 0.02:
Threshold 0.05:
Threshold 0.1:
Threshold 0.2:
Threshold 0.3333333333333333:
max k is :0
Number of Clusters after addition by greedy: 45
gradient0 in heuristiic: 45
calculating extra bipartitions from extra input trees ...
Number of Clusters after additions from extra trees: 69
partitions formed in 0.487 secs
Dynamic Programming starting after 0.499 secs
Using tree-based weight calculation.
Using polytree-based weight calculation.
Polytree max score: 1279
Polytree building time: 0.016 seconds.
Number of quartet trees in the gene trees: 1279
Size of largest cluster: 10
Greedy score: 1270
estimationFactor: 1.0070866141732284
Sub-optimal score: 1270
Total Number of elements weighted: 59
Normalized score (portion of input quartet trees satisfied before correcting for multiple individuals): 0.9929632525410477
Optimization score: 1270
Optimal tree inferred in 0.64 secs.
(t7,(t6,((t4,t5),((t10,t2),(t1,(t8,(t3,t9)))))));
Final quartet score is: 1270
Final normalized quartet score is: 0.9929632525410477
You may want to ignore posterior probabilities and other statistics related to the following branch branch because the effective number of genes impacting it is only 13:
	{t3, t9, t8}
You may want to ignore posterior probabilities and other statistics related to the following branch branch because the effective number of genes impacting it is only 0:
	{t1, t3, t9, t10, t2, t8}
Extended species tree:
(t6,(((t4,t5)1:3.149882953381249,((t10,t2)1:3.401197381662154,(t1,(t8,(t3,t9)1:2.484906649788)0.98:0.6241543090729941)1:4.295015257684257)0.33:0.0)1:3.0602707946915624,t7));
Weight calculation took 0.024883252 secs
ASTRAL finished in 0.935 secs
