
================== ASTRAL ===================== 

This is ASTRAL version 5.7.8
Gene trees are treated as unrooted
96 trees read from tmp_quartet_GCeO40SbIHZfI.txt
index0
All output trees will be *arbitrarily* rooted at t5
201 extra trees read from tmp_bipartitions_GCeO40SbIHZfI.bootstrap.trees

======== Running the main analysis
Number of taxa: 10 (10 species)
Taxa: [t5, t7, t2, t3, t4, t8, t1, t6, t9, t10]
Taxon occupancy: {t4=39, t5=48, t6=45, t10=49, t7=27, t8=30, t9=16, t1=28, t2=54, t3=48}
Number of gene trees: 96
96 trees have missing taxa
Calculating quartet distance matrix (for completion of X)
Species tree distances calculated ...
Will attempt to complete bipartitions from X before adding using a distance matrix.
Building set of clusters (X) from gene trees 
------------------------------
gradient0: 61
Number of Clusters after addition by distance: 61
calculating extra bipartitions to be added at level 1 ...
Adding to X using resolutions of greedy consensus ...
Limit for sigma of degrees:300
polytomy size limit : 3
discarded polytomies:  []
Threshold 0.0:
Threshold 0.01:
Threshold 0.02:
Threshold 0.05:
Threshold 0.1:
Threshold 0.2:
Threshold 0.3333333333333333:
max k is :0
Number of Clusters after addition by greedy: 61
gradient0 in heuristiic: 61
calculating extra bipartitions from extra input trees ...
Number of Clusters after additions from extra trees: 197
partitions formed in 0.193 secs
Dynamic Programming starting after 0.193 secs
Using tree-based weight calculation.
Using polytree-based weight calculation.
Polytree max score: 96
Polytree building time: 0.008 seconds.
Number of quartet trees in the gene trees: 96
Size of largest cluster: 10
Greedy score: 94
estimationFactor: 1.0212765957446808
Sub-optimal score: 94
Total Number of elements weighted: 154
Normalized score (portion of input quartet trees satisfied before correcting for multiple individuals): 0.9791666666666666
Optimization score: 94
Optimal tree inferred in 0.28 secs.
(t7,(t5,((t6,t10),(t2,(t3,(t8,(t4,(t1,t9))))))));
Final quartet score is: 94
Final normalized quartet score is: 0.9791666666666666
You may want to ignore posterior probabilities and other statistics related to the following branch branch because the effective number of genes impacting it is only 5:
	{t6, t10}
You may want to ignore posterior probabilities and other statistics related to the following branch branch because the effective number of genes impacting it is only 1:
	{t1, t9}
You may want to ignore posterior probabilities and other statistics related to the following branch branch because the effective number of genes impacting it is only 2:
	{t4, t1, t9}
You may want to ignore posterior probabilities and other statistics related to the following branch branch because the effective number of genes impacting it is only 0:
	{t4, t8, t1, t9}
You may want to ignore posterior probabilities and other statistics related to the following branch branch because the effective number of genes impacting it is only 10:
	{t3, t4, t8, t1, t9}
You may want to ignore posterior probabilities and other statistics related to the following branch branch because the effective number of genes impacting it is only 2:
	{t2, t3, t4, t8, t1, t9}
You may want to ignore posterior probabilities and other statistics related to the following branch branch because the effective number of genes impacting it is only 5:
	{t2, t3, t4, t8, t1, t6, t9, t10}
Extended species tree:
(t5,(((t6,t10)0.99:1.3862943611198908,(t2,(t3,(t8,(t4,(t1,t9)0.67:0.2876820724517809)0.87:0.6931471805599453)0.33:0.0)1:1.299282984130261)0.87:0.6931471805599453)0.99:1.3862943611198908,t7));
Weight calculation took 0.030422561 secs
ASTRAL finished in 0.454 secs
