
================== ASTRAL ===================== 

This is ASTRAL version 5.7.8
Gene trees are treated as unrooted
454 trees read from tmp_quartet_GCeO40SbIHZfI.txt
index0
All output trees will be *arbitrarily* rooted at t4
201 extra trees read from tmp_bipartitions_GCeO40SbIHZfI.bootstrap.trees

======== Running the main analysis
Number of taxa: 10 (10 species)
Taxa: [t4, t5, t1, t2, t10, t9, t7, t8, t3, t6]
Taxon occupancy: {t4=233, t5=158, t10=177, t6=134, t7=101, t8=138, t9=197, t1=296, t2=298, t3=84}
Number of gene trees: 454
454 trees have missing taxa
Calculating quartet distance matrix (for completion of X)
Species tree distances calculated ...
Will attempt to complete bipartitions from X before adding using a distance matrix.
Building set of clusters (X) from gene trees 
------------------------------
gradient0: 59
Number of Clusters after addition by distance: 59
calculating extra bipartitions to be added at level 1 ...
Adding to X using resolutions of greedy consensus ...
Limit for sigma of degrees:300
polytomy size limit : 3
discarded polytomies:  []
Threshold 0.0:
Threshold 0.01:
Threshold 0.02:
Threshold 0.05:
Threshold 0.1:
Threshold 0.2:
Threshold 0.3333333333333333:
max k is :0
Number of Clusters after addition by greedy: 59
gradient0 in heuristiic: 59
calculating extra bipartitions from extra input trees ...
Number of Clusters after additions from extra trees: 115
partitions formed in 0.296 secs
Dynamic Programming starting after 0.296 secs
Using tree-based weight calculation.
Using polytree-based weight calculation.
Polytree max score: 454
Polytree building time: 0.024 seconds.
Number of quartet trees in the gene trees: 454
Size of largest cluster: 10
Greedy score: 450
estimationFactor: 1.008888888888889
Sub-optimal score: 450
Total Number of elements weighted: 89
Normalized score (portion of input quartet trees satisfied before correcting for multiple individuals): 0.9911894273127754
Optimization score: 450
Optimal tree inferred in 0.406 secs.
(t5,(t4,((t10,(t9,t6)),((t7,t8),(t3,(t1,t2))))));
Final quartet score is: 450
Final normalized quartet score is: 0.9911894273127754
You may want to ignore posterior probabilities and other statistics related to the following branch branch because the effective number of genes impacting it is only 3:
	{t9, t6}
You may want to ignore posterior probabilities and other statistics related to the following branch branch because the effective number of genes impacting it is only 16:
	{t10, t9, t6}
You may want to ignore posterior probabilities and other statistics related to the following branch branch because the effective number of genes impacting it is only 6:
	{t7, t8}
You may want to ignore posterior probabilities and other statistics related to the following branch branch because the effective number of genes impacting it is only 4:
	{t1, t2, t3}
You may want to ignore posterior probabilities and other statistics related to the following branch branch because the effective number of genes impacting it is only 13:
	{t1, t2, t7, t8, t3}
You may want to ignore posterior probabilities and other statistics related to the following branch branch because the effective number of genes impacting it is only 15:
	{t1, t2, t10, t9, t7, t8, t3, t6}
Extended species tree:
(t4,(((t10,(t9,t6)0.67:0.2876820724517809)1:2.4277482359480516,((t7,t8)1:1.5404450409471486,(t3,(t1,t2)1:2.961830721878311)0.98:1.2039728043259361)1:1.1349799328389845)1:1.6739764335716716,t5));
Weight calculation took 0.03246309 secs
ASTRAL finished in 0.623 secs
