
================== ASTRAL ===================== 

This is ASTRAL version 5.7.8
Gene trees are treated as unrooted
226 trees read from tmp_quartet_GCeO40SbIHZfI.txt
index0
All output trees will be *arbitrarily* rooted at t5
201 extra trees read from tmp_bipartitions_GCeO40SbIHZfI.bootstrap.trees

======== Running the main analysis
Number of taxa: 10 (10 species)
Taxa: [t5, t6, t1, t2, t4, t9, t10, t3, t8, t7]
Taxon occupancy: {t4=93, t5=106, t6=75, t10=72, t7=82, t8=92, t9=50, t1=93, t2=127, t3=114}
Number of gene trees: 226
226 trees have missing taxa
Calculating quartet distance matrix (for completion of X)
Species tree distances calculated ...
Will attempt to complete bipartitions from X before adding using a distance matrix.
Building set of clusters (X) from gene trees 
------------------------------
gradient0: 63
Number of Clusters after addition by distance: 63
calculating extra bipartitions to be added at level 1 ...
Adding to X using resolutions of greedy consensus ...
Limit for sigma of degrees:300
polytomy size limit : 3
discarded polytomies:  []
Threshold 0.0:
Threshold 0.01:
Threshold 0.02:
Threshold 0.05:
Threshold 0.1:
Threshold 0.2:
Threshold 0.3333333333333333:
max k is :0
Number of Clusters after addition by greedy: 63
gradient0 in heuristiic: 63
calculating extra bipartitions from extra input trees ...
Number of Clusters after additions from extra trees: 109
partitions formed in 0.217 secs
Dynamic Programming starting after 0.217 secs
Using tree-based weight calculation.
Using polytree-based weight calculation.
Polytree max score: 226
Polytree building time: 0.011 seconds.
Number of quartet trees in the gene trees: 226
Size of largest cluster: 10
Greedy score: 220
estimationFactor: 1.0272727272727273
Sub-optimal score: 220
Total Number of elements weighted: 96
Normalized score (portion of input quartet trees satisfied before correcting for multiple individuals): 0.9734513274336283
Optimization score: 220
Optimal tree inferred in 0.321 secs.
(t6,(t5,((t1,(t2,t4)),(t9,((t10,t3),(t8,t7))))));
Final quartet score is: 220
Final normalized quartet score is: 0.9734513274336283
You may want to ignore posterior probabilities and other statistics related to the following branch branch because the effective number of genes impacting it is only 8:
	{t2, t4}
You may want to ignore posterior probabilities and other statistics related to the following branch branch because the effective number of genes impacting it is only 6:
	{t1, t2, t4}
You may want to ignore posterior probabilities and other statistics related to the following branch branch because the effective number of genes impacting it is only 1:
	{t10, t3}
You may want to ignore posterior probabilities and other statistics related to the following branch branch because the effective number of genes impacting it is only 4:
	{t8, t7}
You may want to ignore posterior probabilities and other statistics related to the following branch branch because the effective number of genes impacting it is only 9:
	{t10, t3, t8, t7}
You may want to ignore posterior probabilities and other statistics related to the following branch branch because the effective number of genes impacting it is only 10:
	{t9, t10, t3, t8, t7}
You may want to ignore posterior probabilities and other statistics related to the following branch branch because the effective number of genes impacting it is only 10:
	{t1, t2, t4, t9, t10, t3, t8, t7}
Extended species tree:
(t5,(((t1,(t2,t4)0.97:0.6931471805599453)1:1.5404450409471486,(t9,((t10,t3)0.67:0.2876820724517809,(t8,t7)0.98:1.2039728043259361)0.91:0.5108256237659905)1:1.9924301646902058)1:1.299282984130261,t6));
Weight calculation took 0.030373045 secs
ASTRAL finished in 0.501 secs
