
================== ASTRAL ===================== 

This is ASTRAL version 5.7.8
Gene trees are treated as unrooted
98 trees read from tmp_quartet_GCeO40SbIHZfI.txt
index0
All output trees will be *arbitrarily* rooted at t10
201 extra trees read from tmp_bipartitions_GCeO40SbIHZfI.bootstrap.trees

======== Running the main analysis
Number of taxa: 10 (10 species)
Taxa: [t10, t6, t3, t7, t8, t9, t4, t2, t5, t1]
Taxon occupancy: {t4=50, t5=52, t10=66, t6=66, t7=27, t8=28, t9=15, t1=25, t2=21, t3=42}
Number of gene trees: 98
98 trees have missing taxa
Calculating quartet distance matrix (for completion of X)
Species tree distances calculated ...
Will attempt to complete bipartitions from X before adding using a distance matrix.
Building set of clusters (X) from gene trees 
------------------------------
gradient0: 45
Number of Clusters after addition by distance: 45
calculating extra bipartitions to be added at level 1 ...
Adding to X using resolutions of greedy consensus ...
Limit for sigma of degrees:300
polytomy size limit : 3
discarded polytomies:  []
Threshold 0.0:
Threshold 0.01:
Threshold 0.02:
Threshold 0.05:
Threshold 0.1:
Threshold 0.2:
Threshold 0.3333333333333333:
max k is :0
Number of Clusters after addition by greedy: 45
gradient0 in heuristiic: 45
calculating extra bipartitions from extra input trees ...
Number of Clusters after additions from extra trees: 119
partitions formed in 0.177 secs
Dynamic Programming starting after 0.177 secs
Using tree-based weight calculation.
Using polytree-based weight calculation.
Polytree max score: 98
Polytree building time: 0.021 seconds.
Number of quartet trees in the gene trees: 98
Size of largest cluster: 10
Greedy score: 98
estimationFactor: 1.0
Sub-optimal score: 98
Total Number of elements weighted: 102
Normalized score (portion of input quartet trees satisfied before correcting for multiple individuals): 1.0
Optimization score: 98
Optimal tree inferred in 0.25 secs.
(t6,(t10,(t1,(t9,(t8,((t7,t2),(t5,(t3,t4))))))));
Final quartet score is: 98
Final normalized quartet score is: 1.0
You may want to ignore posterior probabilities and other statistics related to the following branch branch because the effective number of genes impacting it is only 3:
	{t7, t2}
You may want to ignore posterior probabilities and other statistics related to the following branch branch because the effective number of genes impacting it is only 2:
	{t3, t4}
You may want to ignore posterior probabilities and other statistics related to the following branch branch because the effective number of genes impacting it is only 2:
	{t3, t4, t5}
You may want to ignore posterior probabilities and other statistics related to the following branch branch because the effective number of genes impacting it is only 0:
	{t3, t7, t4, t2, t5}
You may want to ignore posterior probabilities and other statistics related to the following branch branch because the effective number of genes impacting it is only 0:
	{t3, t7, t8, t4, t2, t5}
You may want to ignore posterior probabilities and other statistics related to the following branch branch because the effective number of genes impacting it is only 3:
	{t3, t7, t8, t9, t4, t2, t5}
You may want to ignore posterior probabilities and other statistics related to the following branch branch because the effective number of genes impacting it is only 1:
	{t3, t7, t8, t9, t4, t2, t5, t1}
Extended species tree:
(t10,((t1,(t9,(t8,((t7,t2)0.95:0.9808292530117262,(t5,(t3,t4)0.87:0.6931471805599453)0.87:0.6931471805599453)0.33:0.0)0.33:0.0)0.95:0.9808292530117262)0.67:0.2876820724517809,t6));
Weight calculation took 0.008036283 secs
ASTRAL finished in 0.415 secs
