
================== ASTRAL ===================== 

This is ASTRAL version 5.7.8
Gene trees are treated as unrooted
617 trees read from tmp_quartet_GCeO40SbIHZfI.txt
index0
All output trees will be *arbitrarily* rooted at t3
201 extra trees read from tmp_bipartitions_GCeO40SbIHZfI.bootstrap.trees

======== Running the main analysis
Number of taxa: 10 (10 species)
Taxa: [t3, t9, t1, t2, t10, t8, t4, t5, t7, t6]
Taxon occupancy: {t4=289, t5=210, t10=209, t6=184, t7=174, t8=197, t9=249, t1=405, t2=394, t3=157}
Number of gene trees: 617
617 trees have missing taxa
Calculating quartet distance matrix (for completion of X)
Species tree distances calculated ...
Will attempt to complete bipartitions from X before adding using a distance matrix.
Building set of clusters (X) from gene trees 
------------------------------
gradient0: 53
Number of Clusters after addition by distance: 53
calculating extra bipartitions to be added at level 1 ...
Adding to X using resolutions of greedy consensus ...
Limit for sigma of degrees:300
polytomy size limit : 3
discarded polytomies:  []
Threshold 0.0:
Threshold 0.01:
Threshold 0.02:
Threshold 0.05:
Threshold 0.1:
Threshold 0.2:
Threshold 0.3333333333333333:
max k is :0
Number of Clusters after addition by greedy: 53
gradient0 in heuristiic: 53
calculating extra bipartitions from extra input trees ...
Number of Clusters after additions from extra trees: 125
partitions formed in 0.333 secs
Dynamic Programming starting after 0.333 secs
Using tree-based weight calculation.
Using polytree-based weight calculation.
Polytree max score: 617
Polytree building time: 0.014 seconds.
Number of quartet trees in the gene trees: 617
Size of largest cluster: 10
Greedy score: 597
estimationFactor: 1.033500837520938
Sub-optimal score: 597
Total Number of elements weighted: 119
Normalized score (portion of input quartet trees satisfied before correcting for multiple individuals): 0.9675850891410048
Optimization score: 597
Optimal tree inferred in 0.467 secs.
(t9,(t10,(t6,(t4,(t5,((t8,t7),(t3,(t1,t2))))))));
Final quartet score is: 597
Final normalized quartet score is: 0.9675850891410048
You may want to ignore posterior probabilities and other statistics related to the following branch branch because the effective number of genes impacting it is only 4:
	{t8, t7}
You may want to ignore posterior probabilities and other statistics related to the following branch branch because the effective number of genes impacting it is only 8:
	{t9, t10}
You may want to ignore posterior probabilities and other statistics related to the following branch branch because the effective number of genes impacting it is only 8:
	{t9, t10, t4, t6}
You may want to ignore posterior probabilities and other statistics related to the following branch branch because the effective number of genes impacting it is only 15:
	{t9, t10, t4, t5, t6}
You may want to ignore posterior probabilities and other statistics related to the following branch branch because the effective number of genes impacting it is only 4:
	{t9, t10, t8, t4, t5, t7, t6}
Extended species tree:
(t3,((t1,t2)1:3.486355190002461,((t8,t7)0.98:1.2039728043259361,(t5,(t4,(t6,(t10,t9)1:1.0986122886681098)1:1.586965056582042)0.47:0.1823215567939546)1:1.2685113254635072)0.98:1.2039728043259361));
Weight calculation took 0.023558344 secs
ASTRAL finished in 0.695 secs
