
================== ASTRAL ===================== 

This is ASTRAL version 5.7.8
Gene trees are treated as unrooted
59 trees read from tmp_quartet_GCeO40SbIHZfI.txt
index0
All output trees will be *arbitrarily* rooted at t4
201 extra trees read from tmp_bipartitions_GCeO40SbIHZfI.bootstrap.trees

======== Running the main analysis
Number of taxa: 10 (10 species)
Taxa: [t4, t8, t2, t5, t3, t9, t6, t10, t1, t7]
Taxon occupancy: {t4=41, t5=29, t6=23, t10=23, t7=19, t8=45, t9=9, t1=16, t2=19, t3=12}
Number of gene trees: 59
59 trees have missing taxa
Calculating quartet distance matrix (for completion of X)
Species tree distances calculated ...
Will attempt to complete bipartitions from X before adding using a distance matrix.
Building set of clusters (X) from gene trees 
------------------------------
gradient0: 83
Number of Clusters after addition by distance: 83
calculating extra bipartitions to be added at level 1 ...
Adding to X using resolutions of greedy consensus ...
Limit for sigma of degrees:300
polytomy size limit : 3
discarded polytomies:  []
Threshold 0.0:
Threshold 0.01:
Threshold 0.02:
Threshold 0.05:
Threshold 0.1:
Threshold 0.2:
Threshold 0.3333333333333333:
max k is :0
Number of Clusters after addition by greedy: 83
gradient0 in heuristiic: 83
calculating extra bipartitions from extra input trees ...
Number of Clusters after additions from extra trees: 181
partitions formed in 0.192 secs
Dynamic Programming starting after 0.192 secs
Using tree-based weight calculation.
Using polytree-based weight calculation.
Polytree max score: 59
Polytree building time: 0.016 seconds.
Number of quartet trees in the gene trees: 59
Size of largest cluster: 10
Greedy score: 57
estimationFactor: 1.0350877192982457
Sub-optimal score: 59
Total Number of elements weighted: 182
Normalized score (portion of input quartet trees satisfied before correcting for multiple individuals): 1.0
Optimization score: 59
Optimal tree inferred in 0.281 secs.
(t8,(t4,(t10,(t6,((t3,t9),((t1,t7),(t2,t5)))))));
Final quartet score is: 59
Final normalized quartet score is: 1.0
You may want to ignore posterior probabilities and other statistics related to the following branch branch because the effective number of genes impacting it is only 1:
	{t3, t9}
You may want to ignore posterior probabilities and other statistics related to the following branch branch because the effective number of genes impacting it is only 4:
	{t1, t7}
You may want to ignore posterior probabilities and other statistics related to the following branch branch because the effective number of genes impacting it is only 0:
	{t2, t5}
You may want to ignore posterior probabilities and other statistics related to the following branch branch because the effective number of genes impacting it is only 0:
	{t2, t5, t1, t7}
You may want to ignore posterior probabilities and other statistics related to the following branch branch because the effective number of genes impacting it is only 2:
	{t2, t5, t3, t9, t1, t7}
You may want to ignore posterior probabilities and other statistics related to the following branch branch because the effective number of genes impacting it is only 4:
	{t2, t5, t3, t9, t6, t1, t7}
You may want to ignore posterior probabilities and other statistics related to the following branch branch because the effective number of genes impacting it is only 7:
	{t2, t5, t3, t9, t6, t10, t1, t7}
Extended species tree:
(t4,((t10,(t6,((t3,t9)0.67:0.2876820724517809,((t1,t7)0.98:1.2039728043259361,(t2,t5)0.33:0.0)0.33:0.0)0.87:0.6931471805599453)0.98:1.2039728043259361)1:1.6739764335716716,t8));
Weight calculation took 0.01075077 secs
ASTRAL finished in 0.426 secs
