
================== ASTRAL ===================== 

This is ASTRAL version 5.7.8
Gene trees are treated as unrooted
128 trees read from tmp_quartet_GCeO40SbIHZfI.txt
index0
All output trees will be *arbitrarily* rooted at t4
201 extra trees read from tmp_bipartitions_GCeO40SbIHZfI.bootstrap.trees

======== Running the main analysis
Number of taxa: 10 (10 species)
Taxa: [t4, t9, t3, t8, t6, t2, t5, t10, t1, t7]
Taxon occupancy: {t4=51, t5=63, t6=59, t10=31, t7=24, t8=79, t9=54, t1=35, t2=54, t3=62}
Number of gene trees: 128
128 trees have missing taxa
Calculating quartet distance matrix (for completion of X)
Species tree distances calculated ...
Will attempt to complete bipartitions from X before adding using a distance matrix.
Building set of clusters (X) from gene trees 
------------------------------
gradient0: 45
Number of Clusters after addition by distance: 45
calculating extra bipartitions to be added at level 1 ...
Adding to X using resolutions of greedy consensus ...
Limit for sigma of degrees:300
polytomy size limit : 3
discarded polytomies:  []
Threshold 0.0:
Threshold 0.01:
Threshold 0.02:
Threshold 0.05:
Threshold 0.1:
Threshold 0.2:
Threshold 0.3333333333333333:
max k is :0
Number of Clusters after addition by greedy: 45
gradient0 in heuristiic: 45
calculating extra bipartitions from extra input trees ...
Number of Clusters after additions from extra trees: 141
partitions formed in 0.19 secs
Dynamic Programming starting after 0.19 secs
Using tree-based weight calculation.
Using polytree-based weight calculation.
Polytree max score: 128
Polytree building time: 0.01 seconds.
Number of quartet trees in the gene trees: 128
Size of largest cluster: 10
Greedy score: 127
estimationFactor: 1.0078740157480315
Sub-optimal score: 127
Total Number of elements weighted: 132
Normalized score (portion of input quartet trees satisfied before correcting for multiple individuals): 0.9921875
Optimization score: 127
Optimal tree inferred in 0.274 secs.
(t9,(t4,(t7,((t6,t5),((t10,t1),(t2,(t3,t8)))))));
Final quartet score is: 127
Final normalized quartet score is: 0.9921875
You may want to ignore posterior probabilities and other statistics related to the following branch branch because the effective number of genes impacting it is only 9:
	{t6, t5}
You may want to ignore posterior probabilities and other statistics related to the following branch branch because the effective number of genes impacting it is only 11:
	{t10, t1}
You may want to ignore posterior probabilities and other statistics related to the following branch branch because the effective number of genes impacting it is only 2:
	{t3, t8}
You may want to ignore posterior probabilities and other statistics related to the following branch branch because the effective number of genes impacting it is only 4:
	{t3, t8, t2}
You may want to ignore posterior probabilities and other statistics related to the following branch branch because the effective number of genes impacting it is only 0:
	{t3, t8, t2, t10, t1}
You may want to ignore posterior probabilities and other statistics related to the following branch branch because the effective number of genes impacting it is only 0:
	{t3, t8, t6, t2, t5, t10, t1}
You may want to ignore posterior probabilities and other statistics related to the following branch branch because the effective number of genes impacting it is only 2:
	{t3, t8, t6, t2, t5, t10, t1, t7}
Extended species tree:
(t4,((t7,((t6,t5)1:1.8971199848858815,((t10,t1)1:2.0794415416798353,(t2,(t3,t8)0.42:0.0)0.98:1.2039728043259361)0.33:0.0)0.33:0.0)0.87:0.6931471805599453,t9));
Weight calculation took 0.017011308 secs
ASTRAL finished in 0.463 secs
