
================== ASTRAL ===================== 

This is ASTRAL version 5.7.8
Gene trees are treated as unrooted
82 trees read from tmp_quartet_GCeO40SbIHZfI.txt
index0
All output trees will be *arbitrarily* rooted at t5
201 extra trees read from tmp_bipartitions_GCeO40SbIHZfI.bootstrap.trees

======== Running the main analysis
Number of taxa: 10 (10 species)
Taxa: [t5, t8, t3, t4, t6, t9, t10, t1, t7, t2]
Taxon occupancy: {t4=56, t5=8, t6=47, t10=34, t7=6, t8=25, t9=43, t1=19, t2=31, t3=59}
Number of gene trees: 82
82 trees have missing taxa
Calculating quartet distance matrix (for completion of X)
Species tree distances calculated ...
Will attempt to complete bipartitions from X before adding using a distance matrix.
Building set of clusters (X) from gene trees 
------------------------------
gradient0: 85
Number of Clusters after addition by distance: 85
calculating extra bipartitions to be added at level 1 ...
Adding to X using resolutions of greedy consensus ...
Limit for sigma of degrees:300
polytomy size limit : 3
discarded polytomies:  []
Threshold 0.0:
Threshold 0.01:
Threshold 0.02:
Threshold 0.05:
Threshold 0.1:
Threshold 0.2:
Threshold 0.3333333333333333:
max k is :0
Number of Clusters after addition by greedy: 85
gradient0 in heuristiic: 85
calculating extra bipartitions from extra input trees ...
Number of Clusters after additions from extra trees: 259
partitions formed in 0.185 secs
Dynamic Programming starting after 0.185 secs
Using tree-based weight calculation.
Using polytree-based weight calculation.
Polytree max score: 82
Polytree building time: 0.009 seconds.
Number of quartet trees in the gene trees: 82
Size of largest cluster: 10
Greedy score: 66
estimationFactor: 1.2424242424242424
Sub-optimal score: 66
Total Number of elements weighted: 729
Normalized score (portion of input quartet trees satisfied before correcting for multiple individuals): 0.8536585365853658
Optimization score: 70
Optimal tree inferred in 0.306 secs.
(t8,(t5,(t10,((t2,(t3,t4)),(t9,(t6,(t1,t7)))))));
Final quartet score is: 70
Final normalized quartet score is: 0.8536585365853658
You may want to ignore posterior probabilities and other statistics related to the following branch branch because the effective number of genes impacting it is only 8:
	{t3, t4}
You may want to ignore posterior probabilities and other statistics related to the following branch branch because the effective number of genes impacting it is only 8:
	{t3, t4, t2}
You may want to ignore posterior probabilities and other statistics related to the following branch branch because the effective number of genes impacting it is only 0:
	{t1, t7}
You may want to ignore posterior probabilities and other statistics related to the following branch branch because the effective number of genes impacting it is only 0:
	{t6, t1, t7}
You may want to ignore posterior probabilities and other statistics related to the following branch branch because the effective number of genes impacting it is only 7:
	{t6, t9, t1, t7}
You may want to ignore posterior probabilities and other statistics related to the following branch branch because the effective number of genes impacting it is only 5:
	{t3, t4, t6, t9, t1, t7, t2}
You may want to ignore posterior probabilities and other statistics related to the following branch branch because the effective number of genes impacting it is only 2:
	{t3, t4, t6, t9, t10, t1, t7, t2}
Extended species tree:
(t5,((t10,((t2,(t3,t4)0.97:0.6931471805599453)0.47:0.1823215567939546,(t9,(t6,(t1,t7)0.33:0.0)0.33:0.0)1:1.6739764335716716)0.93:0.6931471805599453)0.87:0.6931471805599453,t8));
Weight calculation took 0.024703266 secs
ASTRAL finished in 0.481 secs
