
================== ASTRAL ===================== 

This is ASTRAL version 5.7.8
Gene trees are treated as unrooted
456 trees read from tmp_quartet_GCeO40SbIHZfI.txt
index0
All output trees will be *arbitrarily* rooted at t10
201 extra trees read from tmp_bipartitions_GCeO40SbIHZfI.bootstrap.trees

======== Running the main analysis
Number of taxa: 10 (10 species)
Taxa: [t10, t9, t6, t7, t2, t4, t1, t3, t5, t8]
Taxon occupancy: {t4=152, t5=164, t10=266, t6=242, t7=216, t8=111, t9=272, t1=68, t2=167, t3=166}
Number of gene trees: 456
456 trees have missing taxa
Calculating quartet distance matrix (for completion of X)
Species tree distances calculated ...
Will attempt to complete bipartitions from X before adding using a distance matrix.
Building set of clusters (X) from gene trees 
------------------------------
gradient0: 47
Number of Clusters after addition by distance: 47
calculating extra bipartitions to be added at level 1 ...
Adding to X using resolutions of greedy consensus ...
Limit for sigma of degrees:300
polytomy size limit : 3
discarded polytomies:  []
Threshold 0.0:
Threshold 0.01:
Threshold 0.02:
Threshold 0.05:
Threshold 0.1:
Threshold 0.2:
Threshold 0.3333333333333333:
max k is :0
Number of Clusters after addition by greedy: 47
gradient0 in heuristiic: 47
calculating extra bipartitions from extra input trees ...
Number of Clusters after additions from extra trees: 87
partitions formed in 0.291 secs
Dynamic Programming starting after 0.291 secs
Using tree-based weight calculation.
Using polytree-based weight calculation.
Polytree max score: 456
Polytree building time: 0.023 seconds.
Number of quartet trees in the gene trees: 456
Size of largest cluster: 10
Greedy score: 455
estimationFactor: 1.0021978021978022
Sub-optimal score: 455
Total Number of elements weighted: 68
Normalized score (portion of input quartet trees satisfied before correcting for multiple individuals): 0.9978070175438597
Optimization score: 455
Optimal tree inferred in 0.38 secs.
(t9,(t10,((t5,(t6,t7)),(t1,(t4,(t8,(t2,t3)))))));
Final quartet score is: 455
Final normalized quartet score is: 0.9978070175438597
You may want to ignore posterior probabilities and other statistics related to the following branch branch because the effective number of genes impacting it is only 17:
	{t6, t7}
You may want to ignore posterior probabilities and other statistics related to the following branch branch because the effective number of genes impacting it is only 8:
	{t6, t7, t5}
You may want to ignore posterior probabilities and other statistics related to the following branch branch because the effective number of genes impacting it is only 15:
	{t2, t3}
You may want to ignore posterior probabilities and other statistics related to the following branch branch because the effective number of genes impacting it is only 0:
	{t2, t3, t8}
You may want to ignore posterior probabilities and other statistics related to the following branch branch because the effective number of genes impacting it is only 0:
	{t2, t4, t3, t8}
You may want to ignore posterior probabilities and other statistics related to the following branch branch because the effective number of genes impacting it is only 12:
	{t2, t4, t1, t3, t8}
Extended species tree:
(t10,(((t5,(t6,t7)1:2.484906649788)1:1.7917594692280545,(t1,(t4,(t8,(t2,t3)1:2.367123614131617)0.33:0.0)0.33:0.0)1:2.159484249353373)1:2.484906649788,t9));
Weight calculation took 0.012146101 secs
ASTRAL finished in 0.603 secs
