
================== ASTRAL ===================== 

This is ASTRAL version 5.7.8
Gene trees are treated as unrooted
176 trees read from tmp_quartet_GCeO40SbIHZfI.txt
index0
All output trees will be *arbitrarily* rooted at t3
201 extra trees read from tmp_bipartitions_GCeO40SbIHZfI.bootstrap.trees

======== Running the main analysis
Number of taxa: 10 (10 species)
Taxa: [t3, t8, t2, t4, t5, t7, t1, t10, t6, t9]
Taxon occupancy: {t4=54, t5=98, t10=68, t6=65, t7=59, t8=63, t9=47, t1=57, t2=96, t3=97}
Number of gene trees: 176
176 trees have missing taxa
Calculating quartet distance matrix (for completion of X)
Species tree distances calculated ...
Will attempt to complete bipartitions from X before adding using a distance matrix.
Building set of clusters (X) from gene trees 
------------------------------
gradient0: 59
Number of Clusters after addition by distance: 59
calculating extra bipartitions to be added at level 1 ...
Adding to X using resolutions of greedy consensus ...
Limit for sigma of degrees:300
polytomy size limit : 3
discarded polytomies:  []
Threshold 0.0:
Threshold 0.01:
Threshold 0.02:
Threshold 0.05:
Threshold 0.1:
Threshold 0.2:
Threshold 0.3333333333333333:
max k is :0
Number of Clusters after addition by greedy: 59
gradient0 in heuristiic: 59
calculating extra bipartitions from extra input trees ...
Number of Clusters after additions from extra trees: 107
partitions formed in 0.222 secs
Dynamic Programming starting after 0.222 secs
Using tree-based weight calculation.
Using polytree-based weight calculation.
Polytree max score: 176
Polytree building time: 0.012 seconds.
Number of quartet trees in the gene trees: 176
Size of largest cluster: 10
Greedy score: 164
estimationFactor: 1.0731707317073171
Sub-optimal score: 168
Total Number of elements weighted: 149
Normalized score (portion of input quartet trees satisfied before correcting for multiple individuals): 0.9545454545454546
Optimization score: 168
Optimal tree inferred in 0.335 secs.
(t8,(t7,(t10,((t3,t9),(t4,(t1,(t2,(t5,t6))))))));
Final quartet score is: 168
Final normalized quartet score is: 0.9545454545454546
You may want to ignore posterior probabilities and other statistics related to the following branch branch because the effective number of genes impacting it is only 9:
	{t5, t6}
You may want to ignore posterior probabilities and other statistics related to the following branch branch because the effective number of genes impacting it is only 3:
	{t2, t5, t6}
You may want to ignore posterior probabilities and other statistics related to the following branch branch because the effective number of genes impacting it is only 4:
	{t2, t5, t1, t6}
You may want to ignore posterior probabilities and other statistics related to the following branch branch because the effective number of genes impacting it is only 13:
	{t2, t4, t5, t1, t6}
You may want to ignore posterior probabilities and other statistics related to the following branch branch because the effective number of genes impacting it is only 5:
	{t8, t7}
You may want to ignore posterior probabilities and other statistics related to the following branch branch because the effective number of genes impacting it is only 0:
	{t8, t7, t10}
You may want to ignore posterior probabilities and other statistics related to the following branch branch because the effective number of genes impacting it is only 2:
	{t8, t2, t4, t5, t7, t1, t10, t6}
Extended species tree:
(t3,(t9,((t4,(t1,(t2,(t5,t6)0.99:0.7985076962177715)0.67:0.2876820724517809)0.53:0.1053605156578264)1:2.2335922215070947,(t10,(t7,t8)0.99:1.3862943611198908)0.33:0.0)0.87:0.6931471805599453));
Weight calculation took 0.018083771 secs
ASTRAL finished in 0.511 secs
