
================== ASTRAL ===================== 

This is ASTRAL version 5.7.8
Gene trees are treated as unrooted
209 trees read from tmp_quartet_GCeO40SbIHZfI.txt
index0
All output trees will be *arbitrarily* rooted at t10
201 extra trees read from tmp_bipartitions_GCeO40SbIHZfI.bootstrap.trees

======== Running the main analysis
Number of taxa: 10 (10 species)
Taxa: [t10, t3, t2, t4, t5, t6, t1, t9, t7, t8]
Taxon occupancy: {t4=61, t5=60, t10=118, t6=66, t7=94, t8=91, t9=61, t1=85, t2=71, t3=129}
Number of gene trees: 209
209 trees have missing taxa
Calculating quartet distance matrix (for completion of X)
Species tree distances calculated ...
Will attempt to complete bipartitions from X before adding using a distance matrix.
Building set of clusters (X) from gene trees 
------------------------------
gradient0: 57
Number of Clusters after addition by distance: 57
calculating extra bipartitions to be added at level 1 ...
Adding to X using resolutions of greedy consensus ...
Limit for sigma of degrees:300
polytomy size limit : 3
discarded polytomies:  []
Threshold 0.0:
Threshold 0.01:
Threshold 0.02:
Threshold 0.05:
Threshold 0.1:
Threshold 0.2:
Threshold 0.3333333333333333:
max k is :0
Number of Clusters after addition by greedy: 57
gradient0 in heuristiic: 57
calculating extra bipartitions from extra input trees ...
Number of Clusters after additions from extra trees: 91
partitions formed in 0.215 secs
Dynamic Programming starting after 0.215 secs
Using tree-based weight calculation.
Using polytree-based weight calculation.
Polytree max score: 209
Polytree building time: 0.011 seconds.
Number of quartet trees in the gene trees: 209
Size of largest cluster: 10
Greedy score: 207
estimationFactor: 1.0096618357487923
Sub-optimal score: 207
Total Number of elements weighted: 86
Normalized score (portion of input quartet trees satisfied before correcting for multiple individuals): 0.9904306220095693
Optimization score: 207
Optimal tree inferred in 0.29 secs.
(t3,((t10,t9),(t1,(t2,((t7,t8),(t5,(t4,t6)))))));
Final quartet score is: 207
Final normalized quartet score is: 0.9904306220095693
You may want to ignore posterior probabilities and other statistics related to the following branch branch because the effective number of genes impacting it is only 9:
	{t7, t8}
You may want to ignore posterior probabilities and other statistics related to the following branch branch because the effective number of genes impacting it is only 0:
	{t4, t6}
You may want to ignore posterior probabilities and other statistics related to the following branch branch because the effective number of genes impacting it is only 8:
	{t4, t5, t6}
You may want to ignore posterior probabilities and other statistics related to the following branch branch because the effective number of genes impacting it is only 0:
	{t4, t5, t6, t7, t8}
You may want to ignore posterior probabilities and other statistics related to the following branch branch because the effective number of genes impacting it is only 6:
	{t2, t4, t5, t6, t1, t7, t8}
You may want to ignore posterior probabilities and other statistics related to the following branch branch because the effective number of genes impacting it is only 6:
	{t3, t2, t4, t5, t6, t1, t7, t8}
Extended species tree:
(t10,(t9,((t1,(t2,((t7,t8)1:1.8971199848858815,(t5,(t4,t6)0.33:0.0)1:1.7917594692280545)0.33:0.0)1:2.6855773452501523)1:1.5404450409471486,t3)0.83:0.4418327522790392));
Weight calculation took 0.010699037 secs
ASTRAL finished in 0.479 secs
