
================== ASTRAL ===================== 

This is ASTRAL version 5.7.8
Gene trees are treated as unrooted
395 trees read from tmp_quartet_GCeO40SbIHZfI.txt
index0
All output trees will be *arbitrarily* rooted at t5
201 extra trees read from tmp_bipartitions_GCeO40SbIHZfI.bootstrap.trees

======== Running the main analysis
Number of taxa: 10 (10 species)
Taxa: [t5, t6, t1, t2, t3, t4, t9, t10, t7, t8]
Taxon occupancy: {t4=159, t5=205, t6=115, t10=141, t7=137, t8=166, t9=116, t1=132, t2=209, t3=200}
Number of gene trees: 395
395 trees have missing taxa
Calculating quartet distance matrix (for completion of X)
Species tree distances calculated ...
Will attempt to complete bipartitions from X before adding using a distance matrix.
Building set of clusters (X) from gene trees 
------------------------------
gradient0: 55
Number of Clusters after addition by distance: 55
calculating extra bipartitions to be added at level 1 ...
Adding to X using resolutions of greedy consensus ...
Limit for sigma of degrees:300
polytomy size limit : 3
discarded polytomies:  []
Threshold 0.0:
Threshold 0.01:
Threshold 0.02:
Threshold 0.05:
Threshold 0.1:
Threshold 0.2:
Threshold 0.3333333333333333:
max k is :0
Number of Clusters after addition by greedy: 55
gradient0 in heuristiic: 55
calculating extra bipartitions from extra input trees ...
Number of Clusters after additions from extra trees: 93
partitions formed in 0.279 secs
Dynamic Programming starting after 0.279 secs
Using tree-based weight calculation.
Using polytree-based weight calculation.
Polytree max score: 395
Polytree building time: 0.025 seconds.
Number of quartet trees in the gene trees: 395
Size of largest cluster: 10
Greedy score: 391
estimationFactor: 1.010230179028133
Sub-optimal score: 391
Total Number of elements weighted: 82
Normalized score (portion of input quartet trees satisfied before correcting for multiple individuals): 0.9898734177215189
Optimization score: 391
Optimal tree inferred in 0.37 secs.
(t6,(t5,(t2,(t1,(t4,(t3,(t10,(t9,(t7,t8)))))))));
Final quartet score is: 391
Final normalized quartet score is: 0.9898734177215189
You may want to ignore posterior probabilities and other statistics related to the following branch branch because the effective number of genes impacting it is only 2:
	{t7, t8}
You may want to ignore posterior probabilities and other statistics related to the following branch branch because the effective number of genes impacting it is only 1:
	{t9, t7, t8}
You may want to ignore posterior probabilities and other statistics related to the following branch branch because the effective number of genes impacting it is only 0:
	{t9, t10, t7, t8}
You may want to ignore posterior probabilities and other statistics related to the following branch branch because the effective number of genes impacting it is only 2:
	{t3, t4, t9, t10, t7, t8}
You may want to ignore posterior probabilities and other statistics related to the following branch branch because the effective number of genes impacting it is only 3:
	{t1, t3, t4, t9, t10, t7, t8}
You may want to ignore posterior probabilities and other statistics related to the following branch branch because the effective number of genes impacting it is only 19:
	{t1, t2, t3, t4, t9, t10, t7, t8}
Extended species tree:
(t5,((t2,(t1,(t4,(t3,(t10,(t9,(t7,t8)0.87:0.6931471805599453)0.67:0.2876820724517809)0.33:0.0)1:2.75860248026504)0.42:0.0)0.95:0.9808292530117262)1:1.8971199848858815,t6));
Weight calculation took 0.019345425 secs
ASTRAL finished in 0.573 secs
