
================== ASTRAL ===================== 

This is ASTRAL version 5.7.8
Gene trees are treated as unrooted
84 trees read from tmp_quartet_GCeO40SbIHZfI.txt
index0
All output trees will be *arbitrarily* rooted at t2
201 extra trees read from tmp_bipartitions_GCeO40SbIHZfI.bootstrap.trees

======== Running the main analysis
Number of taxa: 10 (10 species)
Taxa: [t2, t6, t1, t5, t8, t9, t10, t3, t4, t7]
Taxon occupancy: {t4=33, t5=35, t6=21, t10=42, t7=29, t8=31, t9=40, t1=45, t2=45, t3=15}
Number of gene trees: 84
84 trees have missing taxa
Calculating quartet distance matrix (for completion of X)
Species tree distances calculated ...
Will attempt to complete bipartitions from X before adding using a distance matrix.
Building set of clusters (X) from gene trees 
------------------------------
gradient0: 49
Number of Clusters after addition by distance: 49
calculating extra bipartitions to be added at level 1 ...
Adding to X using resolutions of greedy consensus ...
Limit for sigma of degrees:300
polytomy size limit : 3
discarded polytomies:  [3]
Threshold 0.0:
Threshold 0.01:
Threshold 0.02:
Threshold 0.05:
Threshold 0.1:
Threshold 0.2:
Threshold 0.3333333333333333:
polytomy of size 3; rounds with additions with at least 5 support: 0; clusters: 49
max k is :0
Number of Clusters after addition by greedy: 49
gradient0 in heuristiic: 49
calculating extra bipartitions from extra input trees ...
Number of Clusters after additions from extra trees: 109
partitions formed in 0.225 secs
Dynamic Programming starting after 0.225 secs
Using tree-based weight calculation.
Using polytree-based weight calculation.
Polytree max score: 84
Polytree building time: 0.008 seconds.
Number of quartet trees in the gene trees: 84
Size of largest cluster: 10
Greedy score: 84
estimationFactor: 1.0
Sub-optimal score: 84
Total Number of elements weighted: 65
Normalized score (portion of input quartet trees satisfied before correcting for multiple individuals): 1.0
Optimization score: 84
Optimal tree inferred in 0.291 secs.
(t6,(t3,((t2,(t1,t5)),((t4,t7),(t10,(t8,t9))))));
Final quartet score is: 84
Final normalized quartet score is: 1.0
You may want to ignore posterior probabilities and other statistics related to the following branch branch because the effective number of genes impacting it is only 4:
	{t1, t5}
You may want to ignore posterior probabilities and other statistics related to the following branch branch because the effective number of genes impacting it is only 4:
	{t4, t7}
You may want to ignore posterior probabilities and other statistics related to the following branch branch because the effective number of genes impacting it is only 2:
	{t8, t9}
You may want to ignore posterior probabilities and other statistics related to the following branch branch because the effective number of genes impacting it is only 2:
	{t8, t9, t10}
You may want to ignore posterior probabilities and other statistics related to the following branch branch because the effective number of genes impacting it is only 3:
	{t8, t9, t10, t4, t7}
You may want to ignore posterior probabilities and other statistics related to the following branch branch because the effective number of genes impacting it is only 0:
	{t6, t3}
You may want to ignore posterior probabilities and other statistics related to the following branch branch because the effective number of genes impacting it is only 2:
	{t6, t8, t9, t10, t3, t4, t7}
Extended species tree:
(t2,((t1,t5)0.98:1.2039728043259361,(((t4,t7)0.98:1.2039728043259361,(t10,(t8,t9)0.87:0.6931471805599453)0.87:0.6931471805599453)0.95:0.9808292530117262,(t3,t6)0.33:0.0)0.87:0.6931471805599453));
Weight calculation took 0.004324247 secs
ASTRAL finished in 0.459 secs
