
================== ASTRAL ===================== 

This is ASTRAL version 5.7.8
Gene trees are treated as unrooted
625 trees read from tmp_quartet_GCeO40SbIHZfI.txt
index0
All output trees will be *arbitrarily* rooted at t4
201 extra trees read from tmp_bipartitions_GCeO40SbIHZfI.bootstrap.trees

======== Running the main analysis
Number of taxa: 10 (10 species)
Taxa: [t4, t7, t1, t2, t8, t6, t9, t10, t3, t5]
Taxon occupancy: {t4=297, t5=155, t6=166, t10=224, t7=210, t8=233, t9=273, t1=430, t2=434, t3=78}
Number of gene trees: 625
625 trees have missing taxa
Calculating quartet distance matrix (for completion of X)
Species tree distances calculated ...
Will attempt to complete bipartitions from X before adding using a distance matrix.
Building set of clusters (X) from gene trees 
------------------------------
gradient0: 43
Number of Clusters after addition by distance: 43
calculating extra bipartitions to be added at level 1 ...
Adding to X using resolutions of greedy consensus ...
Limit for sigma of degrees:300
polytomy size limit : 3
discarded polytomies:  []
Threshold 0.0:
Threshold 0.01:
Threshold 0.02:
Threshold 0.05:
Threshold 0.1:
Threshold 0.2:
Threshold 0.3333333333333333:
max k is :0
Number of Clusters after addition by greedy: 43
gradient0 in heuristiic: 43
calculating extra bipartitions from extra input trees ...
Number of Clusters after additions from extra trees: 89
partitions formed in 0.33 secs
Dynamic Programming starting after 0.33 secs
Using tree-based weight calculation.
Using polytree-based weight calculation.
Polytree max score: 625
Polytree building time: 0.024 seconds.
Number of quartet trees in the gene trees: 625
Size of largest cluster: 10
Greedy score: 621
estimationFactor: 1.0064412238325282
Sub-optimal score: 621
Total Number of elements weighted: 75
Normalized score (portion of input quartet trees satisfied before correcting for multiple individuals): 0.9936
Optimization score: 621
Optimal tree inferred in 0.434 secs.
(t7,(t8,(t3,((t1,t2),((t4,t5),(t6,(t9,t10)))))));
Final quartet score is: 621
Final normalized quartet score is: 0.9936
You may want to ignore posterior probabilities and other statistics related to the following branch branch because the effective number of genes impacting it is only 4:
	{t9, t10}
You may want to ignore posterior probabilities and other statistics related to the following branch branch because the effective number of genes impacting it is only 4:
	{t7, t8}
You may want to ignore posterior probabilities and other statistics related to the following branch branch because the effective number of genes impacting it is only 0:
	{t7, t8, t3}
You may want to ignore posterior probabilities and other statistics related to the following branch branch because the effective number of genes impacting it is only 12:
	{t7, t1, t2, t8, t3}
You may want to ignore posterior probabilities and other statistics related to the following branch branch because the effective number of genes impacting it is only 3:
	{t7, t1, t2, t8, t6, t9, t10, t3}
Extended species tree:
(t4,(t5,((t6,(t9,t10)0.44:0.1053605156578264)1:1.5404450409471486,((t1,t2)1:4.137829674161844,(t3,(t8,t7)0.98:1.2039728043259361)0.33:0.0)1:2.159484249353373)0.95:0.9808292530117262));
Weight calculation took 0.033139193 secs
ASTRAL finished in 0.685 secs
