
================== ASTRAL ===================== 

This is ASTRAL version 5.7.8
Gene trees are treated as unrooted
110 trees read from tmp_quartet_GCeO40SbIHZfI.txt
index0
All output trees will be *arbitrarily* rooted at t5
201 extra trees read from tmp_bipartitions_GCeO40SbIHZfI.bootstrap.trees

======== Running the main analysis
Number of taxa: 10 (10 species)
Taxa: [t5, t7, t3, t4, t10, t6, t2, t9, t8, t1]
Taxon occupancy: {t4=80, t5=9, t10=40, t6=50, t7=29, t8=13, t9=50, t1=41, t2=48, t3=80}
Number of gene trees: 110
110 trees have missing taxa
Calculating quartet distance matrix (for completion of X)
Species tree distances calculated ...
Will attempt to complete bipartitions from X before adding using a distance matrix.
Building set of clusters (X) from gene trees 
------------------------------
gradient0: 83
Number of Clusters after addition by distance: 83
calculating extra bipartitions to be added at level 1 ...
Adding to X using resolutions of greedy consensus ...
Limit for sigma of degrees:300
polytomy size limit : 3
discarded polytomies:  []
Threshold 0.0:
Threshold 0.01:
Threshold 0.02:
Threshold 0.05:
Threshold 0.1:
Threshold 0.2:
Threshold 0.3333333333333333:
max k is :0
Number of Clusters after addition by greedy: 83
gradient0 in heuristiic: 83
calculating extra bipartitions from extra input trees ...
Number of Clusters after additions from extra trees: 143
partitions formed in 0.184 secs
Dynamic Programming starting after 0.184 secs
Using tree-based weight calculation.
Using polytree-based weight calculation.
Polytree max score: 110
Polytree building time: 0.008 seconds.
Number of quartet trees in the gene trees: 110
Size of largest cluster: 10
Greedy score: 106
estimationFactor: 1.0377358490566038
Sub-optimal score: 106
Total Number of elements weighted: 189
Normalized score (portion of input quartet trees satisfied before correcting for multiple individuals): 0.9636363636363636
Optimization score: 106
Optimal tree inferred in 0.272 secs.
(t7,(t8,(t5,(t6,(t1,((t10,t9),(t2,(t3,t4))))))));
Final quartet score is: 106
Final normalized quartet score is: 0.9636363636363636
You may want to ignore posterior probabilities and other statistics related to the following branch branch because the effective number of genes impacting it is only 6:
	{t10, t9}
You may want to ignore posterior probabilities and other statistics related to the following branch branch because the effective number of genes impacting it is only 10:
	{t3, t4}
You may want to ignore posterior probabilities and other statistics related to the following branch branch because the effective number of genes impacting it is only 19:
	{t3, t4, t2}
You may want to ignore posterior probabilities and other statistics related to the following branch branch because the effective number of genes impacting it is only 2:
	{t3, t4, t10, t2, t9}
You may want to ignore posterior probabilities and other statistics related to the following branch branch because the effective number of genes impacting it is only 1:
	{t3, t4, t10, t2, t9, t1}
You may want to ignore posterior probabilities and other statistics related to the following branch branch because the effective number of genes impacting it is only 1:
	{t3, t4, t10, t6, t2, t9, t1}
You may want to ignore posterior probabilities and other statistics related to the following branch branch because the effective number of genes impacting it is only 0:
	{t7, t8}
Extended species tree:
(t5,((t6,(t1,((t10,t9)0.58:0.15415067982725836,(t2,(t3,t4)1:1.9924301646902058)1:2.590267165445826)0.42:0.0)0.67:0.2876820724517809)0.67:0.2876820724517809,(t8,t7)0.33:0.0));
Weight calculation took 0.026246656 secs
ASTRAL finished in 0.45 secs
