
================== ASTRAL ===================== 

This is ASTRAL version 5.7.8
Gene trees are treated as unrooted
287 trees read from tmp_quartet_GCeO40SbIHZfI.txt
index0
All output trees will be *arbitrarily* rooted at t3
201 extra trees read from tmp_bipartitions_GCeO40SbIHZfI.bootstrap.trees

======== Running the main analysis
Number of taxa: 10 (10 species)
Taxa: [t3, t8, t1, t2, t5, t9, t6, t7, t4, t10]
Taxon occupancy: {t4=76, t5=152, t6=126, t10=54, t7=127, t8=58, t9=109, t1=175, t2=173, t3=98}
Number of gene trees: 287
287 trees have missing taxa
Calculating quartet distance matrix (for completion of X)
Species tree distances calculated ...
Will attempt to complete bipartitions from X before adding using a distance matrix.
Building set of clusters (X) from gene trees 
------------------------------
gradient0: 53
Number of Clusters after addition by distance: 53
calculating extra bipartitions to be added at level 1 ...
Adding to X using resolutions of greedy consensus ...
Limit for sigma of degrees:300
polytomy size limit : 3
discarded polytomies:  []
Threshold 0.0:
Threshold 0.01:
Threshold 0.02:
Threshold 0.05:
Threshold 0.1:
Threshold 0.2:
Threshold 0.3333333333333333:
max k is :0
Number of Clusters after addition by greedy: 53
gradient0 in heuristiic: 53
calculating extra bipartitions from extra input trees ...
Number of Clusters after additions from extra trees: 87
partitions formed in 0.245 secs
Dynamic Programming starting after 0.245 secs
Using tree-based weight calculation.
Using polytree-based weight calculation.
Polytree max score: 287
Polytree building time: 0.022 seconds.
Number of quartet trees in the gene trees: 287
Size of largest cluster: 10
Greedy score: 283
estimationFactor: 1.0141342756183747
Sub-optimal score: 283
Total Number of elements weighted: 62
Normalized score (portion of input quartet trees satisfied before correcting for multiple individuals): 0.9860627177700348
Optimization score: 283
Optimal tree inferred in 0.341 secs.
(t8,(t3,((t4,(t1,t2)),((t6,t7),(t5,(t9,t10))))));
Final quartet score is: 283
Final normalized quartet score is: 0.9860627177700348
You may want to ignore posterior probabilities and other statistics related to the following branch branch because the effective number of genes impacting it is only 3:
	{t1, t2, t4}
You may want to ignore posterior probabilities and other statistics related to the following branch branch because the effective number of genes impacting it is only 8:
	{t6, t7}
You may want to ignore posterior probabilities and other statistics related to the following branch branch because the effective number of genes impacting it is only 10:
	{t9, t10}
You may want to ignore posterior probabilities and other statistics related to the following branch branch because the effective number of genes impacting it is only 0:
	{t5, t9, t10}
You may want to ignore posterior probabilities and other statistics related to the following branch branch because the effective number of genes impacting it is only 12:
	{t1, t2, t5, t9, t6, t7, t4, t10}
Extended species tree:
(t3,(((t4,(t1,t2)1:2.772588722239782)0.95:0.9808292530117262,((t6,t7)1:1.0986122886681098,(t5,(t9,t10)1:1.299282984130261)0.33:0.0)1:2.2335922215070947)1:2.159484249353373,t8));
Weight calculation took 0.011385133 secs
ASTRAL finished in 0.514 secs
