
================== ASTRAL ===================== 

This is ASTRAL version 5.7.8
Gene trees are treated as unrooted
108 trees read from tmp_quartet_GCeO40SbIHZfI.txt
index0
All output trees will be *arbitrarily* rooted at t5
201 extra trees read from tmp_bipartitions_GCeO40SbIHZfI.bootstrap.trees

======== Running the main analysis
Number of taxa: 10 (10 species)
Taxa: [t5, t7, t2, t3, t1, t8, t9, t6, t4, t10]
Taxon occupancy: {t4=28, t5=42, t6=55, t10=47, t7=45, t8=20, t9=25, t1=30, t2=71, t3=69}
Number of gene trees: 108
108 trees have missing taxa
Calculating quartet distance matrix (for completion of X)
Species tree distances calculated ...
Will attempt to complete bipartitions from X before adding using a distance matrix.
Building set of clusters (X) from gene trees 
------------------------------
gradient0: 41
Number of Clusters after addition by distance: 41
calculating extra bipartitions to be added at level 1 ...
Adding to X using resolutions of greedy consensus ...
Limit for sigma of degrees:300
polytomy size limit : 3
discarded polytomies:  []
Threshold 0.0:
Threshold 0.01:
Threshold 0.02:
Threshold 0.05:
Threshold 0.1:
Threshold 0.2:
Threshold 0.3333333333333333:
max k is :0
Number of Clusters after addition by greedy: 41
gradient0 in heuristiic: 41
calculating extra bipartitions from extra input trees ...
Number of Clusters after additions from extra trees: 95
partitions formed in 0.196 secs
Dynamic Programming starting after 0.196 secs
Using tree-based weight calculation.
Using polytree-based weight calculation.
Polytree max score: 108
Polytree building time: 0.008 seconds.
Number of quartet trees in the gene trees: 108
Size of largest cluster: 10
Greedy score: 108
estimationFactor: 1.0
Sub-optimal score: 108
Total Number of elements weighted: 72
Normalized score (portion of input quartet trees satisfied before correcting for multiple individuals): 1.0
Optimization score: 108
Optimal tree inferred in 0.264 secs.
(t7,(t5,(t4,((t6,t10),((t2,t3),(t8,(t1,t9)))))));
Final quartet score is: 108
Final normalized quartet score is: 1.0
You may want to ignore posterior probabilities and other statistics related to the following branch branch because the effective number of genes impacting it is only 11:
	{t2, t3}
You may want to ignore posterior probabilities and other statistics related to the following branch branch because the effective number of genes impacting it is only 0:
	{t1, t9}
You may want to ignore posterior probabilities and other statistics related to the following branch branch because the effective number of genes impacting it is only 4:
	{t1, t8, t9}
You may want to ignore posterior probabilities and other statistics related to the following branch branch because the effective number of genes impacting it is only 0:
	{t2, t3, t1, t8, t9}
You may want to ignore posterior probabilities and other statistics related to the following branch branch because the effective number of genes impacting it is only 0:
	{t2, t3, t1, t8, t9, t6, t10}
You may want to ignore posterior probabilities and other statistics related to the following branch branch because the effective number of genes impacting it is only 3:
	{t2, t3, t1, t8, t9, t6, t4, t10}
Extended species tree:
(t5,((t4,((t6,t10)1:2.772588722239782,((t2,t3)1:2.0794415416798353,(t8,(t1,t9)0.33:0.0)0.98:1.2039728043259361)0.33:0.0)0.33:0.0)0.95:0.9808292530117262,t7));
Weight calculation took 0.005699028 secs
ASTRAL finished in 0.433 secs
