
================== ASTRAL ===================== 

This is ASTRAL version 5.7.8
Gene trees are treated as unrooted
110 trees read from tmp_quartet_GCeO40SbIHZfI.txt
index0
All output trees will be *arbitrarily* rooted at t4
201 extra trees read from tmp_bipartitions_GCeO40SbIHZfI.bootstrap.trees

======== Running the main analysis
Number of taxa: 10 (10 species)
Taxa: [t4, t7, t1, t2, t8, t9, t10, t6, t5, t3]
Taxon occupancy: {t4=52, t5=28, t10=61, t6=31, t7=35, t8=51, t9=54, t1=57, t2=59, t3=12}
Number of gene trees: 110
110 trees have missing taxa
Calculating quartet distance matrix (for completion of X)
Species tree distances calculated ...
Will attempt to complete bipartitions from X before adding using a distance matrix.
Building set of clusters (X) from gene trees 
------------------------------
gradient0: 45
Number of Clusters after addition by distance: 45
calculating extra bipartitions to be added at level 1 ...
Adding to X using resolutions of greedy consensus ...
Limit for sigma of degrees:300
polytomy size limit : 3
discarded polytomies:  []
Threshold 0.0:
Threshold 0.01:
Threshold 0.02:
Threshold 0.05:
Threshold 0.1:
Threshold 0.2:
Threshold 0.3333333333333333:
max k is :0
Number of Clusters after addition by greedy: 45
gradient0 in heuristiic: 45
calculating extra bipartitions from extra input trees ...
Number of Clusters after additions from extra trees: 77
partitions formed in 0.192 secs
Dynamic Programming starting after 0.192 secs
Using tree-based weight calculation.
Using polytree-based weight calculation.
Polytree max score: 110
Polytree building time: 0.023 seconds.
Number of quartet trees in the gene trees: 110
Size of largest cluster: 10
Greedy score: 110
estimationFactor: 1.0
Sub-optimal score: 110
Total Number of elements weighted: 61
Normalized score (portion of input quartet trees satisfied before correcting for multiple individuals): 1.0
Optimization score: 110
Optimal tree inferred in 0.261 secs.
(t7,(t3,(t4,((t8,(t9,t10)),(t5,(t1,(t2,t6)))))));
Final quartet score is: 110
Final normalized quartet score is: 1.0
You may want to ignore posterior probabilities and other statistics related to the following branch branch because the effective number of genes impacting it is only 6:
	{t9, t10}
You may want to ignore posterior probabilities and other statistics related to the following branch branch because the effective number of genes impacting it is only 2:
	{t8, t9, t10}
You may want to ignore posterior probabilities and other statistics related to the following branch branch because the effective number of genes impacting it is only 3:
	{t2, t6}
You may want to ignore posterior probabilities and other statistics related to the following branch branch because the effective number of genes impacting it is only 0:
	{t1, t2, t6}
You may want to ignore posterior probabilities and other statistics related to the following branch branch because the effective number of genes impacting it is only 7:
	{t1, t2, t6, t5}
You may want to ignore posterior probabilities and other statistics related to the following branch branch because the effective number of genes impacting it is only 0:
	{t1, t2, t8, t9, t10, t6, t5}
You may want to ignore posterior probabilities and other statistics related to the following branch branch because the effective number of genes impacting it is only 0:
	{t7, t3}
Extended species tree:
(t4,(((t8,(t9,t10)1:1.5404450409471486)0.87:0.6931471805599453,(t5,(t1,(t2,t6)0.95:0.9808292530117262)0.33:0.0)1:1.6739764335716716)0.33:0.0,(t3,t7)0.33:0.0));
Weight calculation took 0.004724548 secs
ASTRAL finished in 0.432 secs
