
================== ASTRAL ===================== 

This is ASTRAL version 5.7.8
Gene trees are treated as unrooted
73 trees read from tmp_quartet_GCeO40SbIHZfI.txt
index0
All output trees will be *arbitrarily* rooted at t6
201 extra trees read from tmp_bipartitions_GCeO40SbIHZfI.bootstrap.trees

======== Running the main analysis
Number of taxa: 10 (10 species)
Taxa: [t6, t8, t1, t2, t3, t5, t7, t10, t9, t4]
Taxon occupancy: {t4=38, t5=47, t6=28, t10=31, t7=31, t8=33, t9=7, t1=27, t2=24, t3=26}
Number of gene trees: 73
73 trees have missing taxa
Calculating quartet distance matrix (for completion of X)
Species tree distances calculated ...
Will attempt to complete bipartitions from X before adding using a distance matrix.
Building set of clusters (X) from gene trees 
------------------------------
gradient0: 83
Number of Clusters after addition by distance: 83
calculating extra bipartitions to be added at level 1 ...
Adding to X using resolutions of greedy consensus ...
Limit for sigma of degrees:300
polytomy size limit : 3
discarded polytomies:  []
Threshold 0.0:
Threshold 0.01:
Threshold 0.02:
Threshold 0.05:
Threshold 0.1:
Threshold 0.2:
Threshold 0.3333333333333333:
max k is :0
Number of Clusters after addition by greedy: 83
gradient0 in heuristiic: 83
calculating extra bipartitions from extra input trees ...
Number of Clusters after additions from extra trees: 151
partitions formed in 0.196 secs
Dynamic Programming starting after 0.196 secs
Using tree-based weight calculation.
Using polytree-based weight calculation.
Polytree max score: 73
Polytree building time: 0.008 seconds.
Number of quartet trees in the gene trees: 73
Size of largest cluster: 10
Greedy score: 73
estimationFactor: 1.0
Sub-optimal score: 73
Total Number of elements weighted: 100
Normalized score (portion of input quartet trees satisfied before correcting for multiple individuals): 1.0
Optimization score: 73
Optimal tree inferred in 0.281 secs.
(t8,(t9,(t6,((t5,t4),(t7,(t1,(t3,(t2,t10))))))));
Final quartet score is: 73
Final normalized quartet score is: 1.0
You may want to ignore posterior probabilities and other statistics related to the following branch branch because the effective number of genes impacting it is only 4:
	{t5, t4}
You may want to ignore posterior probabilities and other statistics related to the following branch branch because the effective number of genes impacting it is only 2:
	{t2, t10}
You may want to ignore posterior probabilities and other statistics related to the following branch branch because the effective number of genes impacting it is only 1:
	{t2, t3, t10}
You may want to ignore posterior probabilities and other statistics related to the following branch branch because the effective number of genes impacting it is only 2:
	{t1, t2, t3, t10}
You may want to ignore posterior probabilities and other statistics related to the following branch branch because the effective number of genes impacting it is only 2:
	{t1, t2, t3, t7, t10}
You may want to ignore posterior probabilities and other statistics related to the following branch branch because the effective number of genes impacting it is only 5:
	{t1, t2, t3, t5, t7, t10, t4}
You may want to ignore posterior probabilities and other statistics related to the following branch branch because the effective number of genes impacting it is only 0:
	{t8, t9}
Extended species tree:
(t6,(((t5,t4)0.98:1.2039728043259361,(t7,(t1,(t3,(t2,t10)0.87:0.6931471805599453)0.67:0.2876820724517809)0.87:0.6931471805599453)0.87:0.6931471805599453)0.99:1.3862943611198908,(t9,t8)0.33:0.0));
Weight calculation took 0.007328522 secs
ASTRAL finished in 0.444 secs
