
================== ASTRAL ===================== 

This is ASTRAL version 5.7.8
Gene trees are treated as unrooted
78 trees read from tmp_quartet_GCeO40SbIHZfI.txt
index0
All output trees will be *arbitrarily* rooted at t5
201 extra trees read from tmp_bipartitions_GCeO40SbIHZfI.bootstrap.trees

======== Running the main analysis
Number of taxa: 10 (10 species)
Taxa: [t5, t7, t4, t8, t9, t10, t6, t2, t1, t3]
Taxon occupancy: {t4=46, t5=44, t10=21, t6=33, t7=28, t8=50, t9=31, t1=19, t2=27, t3=13}
Number of gene trees: 78
78 trees have missing taxa
Calculating quartet distance matrix (for completion of X)
Species tree distances calculated ...
Will attempt to complete bipartitions from X before adding using a distance matrix.
Building set of clusters (X) from gene trees 
------------------------------
gradient0: 69
Number of Clusters after addition by distance: 69
calculating extra bipartitions to be added at level 1 ...
Adding to X using resolutions of greedy consensus ...
Limit for sigma of degrees:300
polytomy size limit : 3
discarded polytomies:  []
Threshold 0.0:
Threshold 0.01:
Threshold 0.02:
Threshold 0.05:
Threshold 0.1:
Threshold 0.2:
Threshold 0.3333333333333333:
max k is :0
Number of Clusters after addition by greedy: 69
gradient0 in heuristiic: 69
calculating extra bipartitions from extra input trees ...
Number of Clusters after additions from extra trees: 153
partitions formed in 0.193 secs
Dynamic Programming starting after 0.193 secs
Using tree-based weight calculation.
Using polytree-based weight calculation.
Polytree max score: 78
Polytree building time: 0.015 seconds.
Number of quartet trees in the gene trees: 78
Size of largest cluster: 10
Greedy score: 70
estimationFactor: 1.1142857142857143
Sub-optimal score: 72
Total Number of elements weighted: 318
Normalized score (portion of input quartet trees satisfied before correcting for multiple individuals): 0.9230769230769231
Optimization score: 72
Optimal tree inferred in 0.279 secs.
(t7,(t1,(t10,(t6,((t5,t2),((t9,t3),(t4,t8)))))));
Final quartet score is: 72
Final normalized quartet score is: 0.9230769230769231
You may want to ignore posterior probabilities and other statistics related to the following branch branch because the effective number of genes impacting it is only 1:
	{t9, t3}
You may want to ignore posterior probabilities and other statistics related to the following branch branch because the effective number of genes impacting it is only 9:
	{t4, t8}
You may want to ignore posterior probabilities and other statistics related to the following branch branch because the effective number of genes impacting it is only 9:
	{t4, t8, t9, t3}
You may want to ignore posterior probabilities and other statistics related to the following branch branch because the effective number of genes impacting it is only 7:
	{t7, t1}
You may want to ignore posterior probabilities and other statistics related to the following branch branch because the effective number of genes impacting it is only 0:
	{t7, t10, t1}
You may want to ignore posterior probabilities and other statistics related to the following branch branch because the effective number of genes impacting it is only 2:
	{t7, t10, t6, t1}
You may want to ignore posterior probabilities and other statistics related to the following branch branch because the effective number of genes impacting it is only 8:
	{t7, t4, t8, t9, t10, t6, t1, t3}
Extended species tree:
(t5,(t2,(((t9,t3)0.67:0.2876820724517809,(t4,t8)1:1.8971199848858815)0.67:0.2876820724517809,(t6,(t10,(t1,t7)1:1.6739764335716716)0.33:0.0)0.87:0.6931471805599453)1:1.7917594692280545));
Weight calculation took 0.026856412 secs
ASTRAL finished in 0.454 secs
