
================== ASTRAL ===================== 

This is ASTRAL version 5.7.8
Gene trees are treated as unrooted
231 trees read from tmp_quartet_GCeO40SbIHZfI.txt
index0
All output trees will be *arbitrarily* rooted at t10
201 extra trees read from tmp_bipartitions_GCeO40SbIHZfI.bootstrap.trees

======== Running the main analysis
Number of taxa: 10 (10 species)
Taxa: [t10, t8, t3, t5, t6, t9, t2, t1, t4, t7]
Taxon occupancy: {t4=63, t5=102, t10=98, t6=86, t7=100, t8=119, t9=67, t1=54, t2=119, t3=116}
Number of gene trees: 231
231 trees have missing taxa
Calculating quartet distance matrix (for completion of X)
Species tree distances calculated ...
Will attempt to complete bipartitions from X before adding using a distance matrix.
Building set of clusters (X) from gene trees 
------------------------------
gradient0: 49
Number of Clusters after addition by distance: 49
calculating extra bipartitions to be added at level 1 ...
Adding to X using resolutions of greedy consensus ...
Limit for sigma of degrees:300
polytomy size limit : 3
discarded polytomies:  []
Threshold 0.0:
Threshold 0.01:
Threshold 0.02:
Threshold 0.05:
Threshold 0.1:
Threshold 0.2:
Threshold 0.3333333333333333:
max k is :0
Number of Clusters after addition by greedy: 49
gradient0 in heuristiic: 49
calculating extra bipartitions from extra input trees ...
Number of Clusters after additions from extra trees: 77
partitions formed in 0.216 secs
Dynamic Programming starting after 0.216 secs
Using tree-based weight calculation.
Using polytree-based weight calculation.
Polytree max score: 231
Polytree building time: 0.011 seconds.
Number of quartet trees in the gene trees: 231
Size of largest cluster: 10
Greedy score: 229
estimationFactor: 1.0087336244541485
Sub-optimal score: 229
Total Number of elements weighted: 61
Normalized score (portion of input quartet trees satisfied before correcting for multiple individuals): 0.9913419913419913
Optimization score: 229
Optimal tree inferred in 0.298 secs.
(t8,(t10,(t7,(t5,(t6,(t9,((t1,t4),(t3,t2))))))));
Final quartet score is: 229
Final normalized quartet score is: 0.9913419913419913
You may want to ignore posterior probabilities and other statistics related to the following branch branch because the effective number of genes impacting it is only 6:
	{t1, t4}
You may want to ignore posterior probabilities and other statistics related to the following branch branch because the effective number of genes impacting it is only 7:
	{t3, t2}
You may want to ignore posterior probabilities and other statistics related to the following branch branch because the effective number of genes impacting it is only 8:
	{t3, t2, t1, t4}
You may want to ignore posterior probabilities and other statistics related to the following branch branch because the effective number of genes impacting it is only 0:
	{t3, t9, t2, t1, t4}
You may want to ignore posterior probabilities and other statistics related to the following branch branch because the effective number of genes impacting it is only 6:
	{t3, t6, t9, t2, t1, t4}
You may want to ignore posterior probabilities and other statistics related to the following branch branch because the effective number of genes impacting it is only 16:
	{t3, t5, t6, t9, t2, t1, t4}
You may want to ignore posterior probabilities and other statistics related to the following branch branch because the effective number of genes impacting it is only 2:
	{t3, t5, t6, t9, t2, t1, t4, t7}
Extended species tree:
(t10,((t7,(t5,(t6,(t9,((t1,t4)0.83:0.4418327522790392,(t3,t2)1:1.6739764335716716)1:1.7917594692280545)0.33:0.0)1:1.5404450409471486)1:2.4277482359480516)0.87:0.6931471805599453,t8));
Weight calculation took 0.009535977 secs
ASTRAL finished in 0.491 secs
