
================== ASTRAL ===================== 

This is ASTRAL version 5.7.8
Gene trees are treated as unrooted
3155 trees read from quartet_temp.txt
index0
All output trees will be *arbitrarily* rooted at t3

======== Running the main analysis
Number of taxa: 10 (10 species)
Taxa: [t3, t9, t2, t6, t7, t10, t5, t8, t1, t4]
Taxon occupancy: {t4=601, t5=867, t6=1528, t10=1485, t7=1477, t8=1267, t9=1510, t1=1129, t2=1356, t3=1400}
Number of gene trees: 3155
3155 trees have missing taxa
Calculating quartet distance matrix (for completion of X)
Species tree distances calculated ...
Will attempt to complete bipartitions from X before adding using a distance matrix.
Building set of clusters (X) from gene trees 
------------------------------
gradient0: 51
Number of Clusters after addition by distance: 51
calculating extra bipartitions to be added at level 1 ...
Adding to X using resolutions of greedy consensus ...
Limit for sigma of degrees:300
polytomy size limit : 3
discarded polytomies:  []
Threshold 0.0:
Threshold 0.01:
Threshold 0.02:
Threshold 0.05:
Threshold 0.1:
Threshold 0.2:
Threshold 0.3333333333333333:
max k is :0
Number of Clusters after addition by greedy: 51
gradient0 in heuristiic: 51
calculating all possible bipartitions ...
Number of Clusters After Adding All possible clusters: 1023
partitions formed in 0.279 secs
Dynamic Programming starting after 0.279 secs
Using tree-based weight calculation.
Using polytree-based weight calculation.
Polytree max score: 3155
Polytree building time: 0.013 seconds.
Number of quartet trees in the gene trees: 3155
Size of largest cluster: 10
Greedy score: 3104
estimationFactor: 1.016430412371134
Sub-optimal score: 3104
Total Number of elements weighted: 1113
Normalized score (portion of input quartet trees satisfied before correcting for multiple individuals): 0.9838351822503962
Optimization score: 3104
Optimal tree inferred in 0.4 secs.
(t9,(t3,(t8,(t1,((t2,t10),((t5,t4),(t6,t7)))))));
Final quartet score is: 3104
Final normalized quartet score is: 0.9838351822503962
Extended species tree:
(t3,((t8,(t1,((t2,t10)1:2.4414941568526873,((t5,t4)1:2.8134107167600355,(t6,t7)1:3.784189633918262)0.98:0.3091882776727445)1:5.2221560055824785)1:2.0512706647131393)1:1.8101086078962512,t9));
Weight calculation took 0.072457006 secs
ASTRAL finished in 0.485 secs
