
================== ASTRAL ===================== 

This is ASTRAL version 5.7.8
Gene trees are treated as unrooted
827 trees read from quartet_temp.txt
index0
All output trees will be *arbitrarily* rooted at t2

======== Running the main analysis
Number of taxa: 10 (10 species)
Taxa: [t2, t3, t1, t4, t5, t9, t10, t6, t8, t7]
Taxon occupancy: {t4=270, t5=299, t10=369, t6=289, t7=416, t8=389, t9=204, t1=314, t2=401, t3=357}
Number of gene trees: 827
827 trees have missing taxa
Calculating quartet distance matrix (for completion of X)
Species tree distances calculated ...
Will attempt to complete bipartitions from X before adding using a distance matrix.
Building set of clusters (X) from gene trees 
------------------------------
gradient0: 65
Number of Clusters after addition by distance: 65
calculating extra bipartitions to be added at level 1 ...
Adding to X using resolutions of greedy consensus ...
Limit for sigma of degrees:300
polytomy size limit : 3
discarded polytomies:  []
Threshold 0.0:
Threshold 0.01:
Threshold 0.02:
Threshold 0.05:
Threshold 0.1:
Threshold 0.2:
Threshold 0.3333333333333333:
max k is :0
Number of Clusters after addition by greedy: 65
gradient0 in heuristiic: 65
calculating all possible bipartitions ...
Number of Clusters After Adding All possible clusters: 1023
partitions formed in 0.08 secs
Dynamic Programming starting after 0.081 secs
Using tree-based weight calculation.
Using polytree-based weight calculation.
Polytree max score: 827
Polytree building time: 0.006 seconds.
Number of quartet trees in the gene trees: 827
Size of largest cluster: 10
Greedy score: 810
estimationFactor: 1.0209876543209877
Sub-optimal score: 811
Total Number of elements weighted: 1146
Normalized score (portion of input quartet trees satisfied before correcting for multiple individuals): 0.9818621523579202
Optimization score: 812
Optimal tree inferred in 0.153 secs.
(t3,(t2,((t1,t4),((t9,t6),(t5,(t7,(t10,t8)))))));
Final quartet score is: 812
Final normalized quartet score is: 0.9818621523579202
You may want to ignore posterior probabilities and other statistics related to the following branch branch because the effective number of genes impacting it is only 1:
	{t1, t4}
You may want to ignore posterior probabilities and other statistics related to the following branch branch because the effective number of genes impacting it is only 1:
	{t9, t6}
You may want to ignore posterior probabilities and other statistics related to the following branch branch because the effective number of genes impacting it is only 6:
	{t10, t8}
Extended species tree:
(t2,(((t1,t4)0.67:0.2876820724517809,((t9,t6)0.67:0.2876820724517809,(t5,(t7,(t10,t8)0.85:0.4418327522790392)1:2.8134107167600355)1:0.8938178760220965)1:3.2321210516182224)1:2.2335922215070947,t3));
Weight calculation took 0.039715418 secs
ASTRAL finished in 0.207 secs
