
================== ASTRAL ===================== 

This is ASTRAL version 5.7.8
Gene trees are treated as unrooted
989 trees read from quartet_temp.txt
index0
All output trees will be *arbitrarily* rooted at t4

======== Running the main analysis
Number of taxa: 10 (10 species)
Taxa: [t4, t8, t2, t6, t10, t9, t1, t5, t7, t3]
Taxon occupancy: {t4=492, t5=180, t6=482, t10=652, t7=476, t8=452, t9=621, t1=161, t2=228, t3=212}
Number of gene trees: 989
989 trees have missing taxa
Calculating quartet distance matrix (for completion of X)
Species tree distances calculated ...
Will attempt to complete bipartitions from X before adding using a distance matrix.
Building set of clusters (X) from gene trees 
------------------------------
gradient0: 57
Number of Clusters after addition by distance: 57
calculating extra bipartitions to be added at level 1 ...
Adding to X using resolutions of greedy consensus ...
Limit for sigma of degrees:300
polytomy size limit : 3
discarded polytomies:  []
Threshold 0.0:
Threshold 0.01:
Threshold 0.02:
Threshold 0.05:
Threshold 0.1:
Threshold 0.2:
Threshold 0.3333333333333333:
max k is :0
Number of Clusters after addition by greedy: 57
gradient0 in heuristiic: 57
calculating all possible bipartitions ...
Number of Clusters After Adding All possible clusters: 1023
partitions formed in 0.108 secs
Dynamic Programming starting after 0.108 secs
Using tree-based weight calculation.
Using polytree-based weight calculation.
Polytree max score: 989
Polytree building time: 0.007 seconds.
Number of quartet trees in the gene trees: 989
Size of largest cluster: 10
Greedy score: 972
estimationFactor: 1.0174897119341564
Sub-optimal score: 974
Total Number of elements weighted: 1451
Normalized score (portion of input quartet trees satisfied before correcting for multiple individuals): 0.9848331648129424
Optimization score: 974
Optimal tree inferred in 0.192 secs.
(t8,(t4,(t6,(t1,(t2,(t5,(t3,(t7,(t10,t9)))))))));
Final quartet score is: 974
Final normalized quartet score is: 0.9848331648129424
You may want to ignore posterior probabilities and other statistics related to the following branch branch because the effective number of genes impacting it is only 2:
	{t10, t9, t7}
You may want to ignore posterior probabilities and other statistics related to the following branch branch because the effective number of genes impacting it is only 12:
	{t10, t9, t7, t3}
You may want to ignore posterior probabilities and other statistics related to the following branch branch because the effective number of genes impacting it is only 18:
	{t10, t9, t5, t7, t3}
You may want to ignore posterior probabilities and other statistics related to the following branch branch because the effective number of genes impacting it is only 7:
	{t2, t10, t9, t5, t7, t3}
You may want to ignore posterior probabilities and other statistics related to the following branch branch because the effective number of genes impacting it is only 9:
	{t2, t10, t9, t1, t5, t7, t3}
Extended species tree:
(t4,((t6,(t1,(t2,(t5,(t3,(t7,(t10,t9)1:2.1439800628174073)0.87:0.6931471805599453)1:2.159484249353373)0.99:0.5930637220029626)0.99:0.9808292530117262)0.67:0.2876820724517809)1:2.961830721878311,t8));
Weight calculation took 0.049041562 secs
ASTRAL finished in 0.252 secs
