
================== ASTRAL ===================== 

This is ASTRAL version 5.7.8
Gene trees are treated as unrooted
1846 trees read from quartet_temp.txt
index0
All output trees will be *arbitrarily* rooted at t6

======== Running the main analysis
Number of taxa: 10 (10 species)
Taxa: [t6, t9, t1, t2, t3, t4, t7, t8, t5, t10]
Taxon occupancy: {t4=748, t5=585, t6=508, t10=650, t7=570, t8=651, t9=758, t1=1226, t2=1227, t3=461}
Number of gene trees: 1846
1846 trees have missing taxa
Calculating quartet distance matrix (for completion of X)
Species tree distances calculated ...
Will attempt to complete bipartitions from X before adding using a distance matrix.
Building set of clusters (X) from gene trees 
------------------------------
gradient0: 55
Number of Clusters after addition by distance: 55
calculating extra bipartitions to be added at level 1 ...
Adding to X using resolutions of greedy consensus ...
Limit for sigma of degrees:300
polytomy size limit : 3
discarded polytomies:  []
Threshold 0.0:
Threshold 0.01:
Threshold 0.02:
Threshold 0.05:
Threshold 0.1:
Threshold 0.2:
Threshold 0.3333333333333333:
max k is :0
Number of Clusters after addition by greedy: 55
gradient0 in heuristiic: 55
calculating all possible bipartitions ...
Number of Clusters After Adding All possible clusters: 1023
partitions formed in 0.164 secs
Dynamic Programming starting after 0.164 secs
Using tree-based weight calculation.
Using polytree-based weight calculation.
Polytree max score: 1846
Polytree building time: 0.018 seconds.
Number of quartet trees in the gene trees: 1846
Size of largest cluster: 10
Greedy score: 1814
estimationFactor: 1.017640573318633
Sub-optimal score: 1814
Total Number of elements weighted: 1259
Normalized score (portion of input quartet trees satisfied before correcting for multiple individuals): 0.9826652221018418
Optimization score: 1814
Optimal tree inferred in 0.292 secs.
(t9,(t6,(t10,(t5,(t4,((t7,t8),(t3,(t1,t2))))))));
Final quartet score is: 1814
Final normalized quartet score is: 0.9826652221018418
You may want to ignore posterior probabilities and other statistics related to the following branch branch because the effective number of genes impacting it is only 10:
	{t1, t2, t3, t4, t7, t8}
You may want to ignore posterior probabilities and other statistics related to the following branch branch because the effective number of genes impacting it is only 9:
	{t1, t2, t3, t4, t7, t8, t5, t10}
Extended species tree:
(t6,((t10,(t5,(t4,((t7,t8)1:3.5457786104732607,(t3,(t1,t2)1:4.438721978350428)1:0.5225216635291818)1:2.184802057337663)0.96:0.6061358035703156)1:2.92673940206704)1:1.8971199848858815,t9));
Weight calculation took 0.077194833 secs
ASTRAL finished in 0.363 secs
