
================== ASTRAL ===================== 

This is ASTRAL version 5.7.8
Gene trees are treated as unrooted
1146 trees read from quartet_temp.txt
index0
All output trees will be *arbitrarily* rooted at t2

======== Running the main analysis
Number of taxa: 10 (10 species)
Taxa: [t2, t6, t1, t4, t8, t9, t5, t10, t3, t7]
Taxon occupancy: {t4=445, t5=513, t6=365, t10=394, t7=413, t8=492, t9=343, t1=432, t2=585, t3=602}
Number of gene trees: 1146
1146 trees have missing taxa
Calculating quartet distance matrix (for completion of X)
Species tree distances calculated ...
Will attempt to complete bipartitions from X before adding using a distance matrix.
Building set of clusters (X) from gene trees 
------------------------------
gradient0: 51
Number of Clusters after addition by distance: 51
calculating extra bipartitions to be added at level 1 ...
Adding to X using resolutions of greedy consensus ...
Limit for sigma of degrees:300
polytomy size limit : 3
discarded polytomies:  []
Threshold 0.0:
Threshold 0.01:
Threshold 0.02:
Threshold 0.05:
Threshold 0.1:
Threshold 0.2:
Threshold 0.3333333333333333:
max k is :0
Number of Clusters after addition by greedy: 51
gradient0 in heuristiic: 51
calculating all possible bipartitions ...
Number of Clusters After Adding All possible clusters: 1023
partitions formed in 0.11 secs
Dynamic Programming starting after 0.11 secs
Using tree-based weight calculation.
Using polytree-based weight calculation.
Polytree max score: 1146
Polytree building time: 0.007 seconds.
Number of quartet trees in the gene trees: 1146
Size of largest cluster: 10
Greedy score: 1141
estimationFactor: 1.0043821209465382
Sub-optimal score: 1141
Total Number of elements weighted: 1063
Normalized score (portion of input quartet trees satisfied before correcting for multiple individuals): 0.9956369982547993
Optimization score: 1141
Optimal tree inferred in 0.191 secs.
(t6,(t5,(t2,(t4,(t1,(t9,((t8,t7),(t10,t3))))))));
Final quartet score is: 1141
Final normalized quartet score is: 0.9956369982547993
You may want to ignore posterior probabilities and other statistics related to the following branch branch because the effective number of genes impacting it is only 15:
	{t10, t3}
You may want to ignore posterior probabilities and other statistics related to the following branch branch because the effective number of genes impacting it is only 2:
	{t8, t10, t3, t7}
You may want to ignore posterior probabilities and other statistics related to the following branch branch because the effective number of genes impacting it is only 13:
	{t1, t8, t9, t10, t3, t7}
You may want to ignore posterior probabilities and other statistics related to the following branch branch because the effective number of genes impacting it is only 15:
	{t1, t4, t8, t9, t10, t3, t7}
Extended species tree:
(t2,((t4,(t1,(t9,((t8,t7)1:2.890371757896163,(t10,t3)1:0.7576857016975165)0.87:0.6931471805599453)1:4.238925791033211)1:1.5404450409471486)1:2.367123614131617,(t5,t6)1:3.205452804536062));
Weight calculation took 0.047961337 secs
ASTRAL finished in 0.251 secs
