
================== ASTRAL ===================== 

This is ASTRAL version 5.7.8
Gene trees are treated as unrooted
2766 trees read from quartet_temp.txt
index0
All output trees will be *arbitrarily* rooted at t6

======== Running the main analysis
Number of taxa: 10 (10 species)
Taxa: [t6, t7, t2, t3, t4, t5, t8, t9, t1, t10]
Taxon occupancy: {t4=1393, t5=1220, t6=1055, t10=1115, t7=850, t8=743, t9=1205, t1=928, t2=1376, t3=1179}
Number of gene trees: 2766
2766 trees have missing taxa
Calculating quartet distance matrix (for completion of X)
Species tree distances calculated ...
Will attempt to complete bipartitions from X before adding using a distance matrix.
Building set of clusters (X) from gene trees 
------------------------------
gradient0: 91
Number of Clusters after addition by distance: 91
calculating extra bipartitions to be added at level 1 ...
Adding to X using resolutions of greedy consensus ...
Limit for sigma of degrees:300
polytomy size limit : 3
discarded polytomies:  []
Threshold 0.0:
Threshold 0.01:
Threshold 0.02:
Threshold 0.05:
Threshold 0.1:
Threshold 0.2:
Threshold 0.3333333333333333:
max k is :0
Number of Clusters after addition by greedy: 91
gradient0 in heuristiic: 91
calculating all possible bipartitions ...
Number of Clusters After Adding All possible clusters: 1023
partitions formed in 0.207 secs
Dynamic Programming starting after 0.207 secs
Using tree-based weight calculation.
Using polytree-based weight calculation.
Polytree max score: 2766
Polytree building time: 0.011 seconds.
Number of quartet trees in the gene trees: 2766
Size of largest cluster: 10
Greedy score: 2696
estimationFactor: 1.0259643916913948
Sub-optimal score: 2696
Total Number of elements weighted: 2001
Normalized score (portion of input quartet trees satisfied before correcting for multiple individuals): 0.9757772957339118
Optimization score: 2699
Optimal tree inferred in 0.341 secs.
(t7,(t6,((t8,(t9,t10)),(t1,((t4,t5),(t2,t3))))));
Final quartet score is: 2699
Final normalized quartet score is: 0.9757772957339118
You may want to ignore posterior probabilities and other statistics related to the following branch branch because the effective number of genes impacting it is only 19:
	{t9, t10}
Extended species tree:
(t6,(((t8,(t9,t10)1:1.8971199848858815)0.87:0.32047189527477177,(t1,((t4,t5)1:3.912023005428148,(t2,t3)1:1.5639755383573428)1:2.4383866341531064)1:2.6805140432936043)1:1.3862943611198908,t7));
Weight calculation took 0.090833049 secs
ASTRAL finished in 0.425 secs
