
================== ASTRAL ===================== 

This is ASTRAL version 5.7.8
Gene trees are treated as unrooted
3373 trees read from quartet_temp.txt
index0
All output trees will be *arbitrarily* rooted at t3

======== Running the main analysis
Number of taxa: 10 (10 species)
Taxa: [t3, t5, t1, t2, t4, t6, t7, t8, t10, t9]
Taxon occupancy: {t4=1743, t5=1091, t6=1563, t10=931, t7=1064, t8=1128, t9=1440, t1=1413, t2=1945, t3=1174}
Number of gene trees: 3373
3373 trees have missing taxa
Calculating quartet distance matrix (for completion of X)
Species tree distances calculated ...
Will attempt to complete bipartitions from X before adding using a distance matrix.
Building set of clusters (X) from gene trees 
------------------------------
gradient0: 61
Number of Clusters after addition by distance: 61
calculating extra bipartitions to be added at level 1 ...
Adding to X using resolutions of greedy consensus ...
Limit for sigma of degrees:300
polytomy size limit : 3
discarded polytomies:  []
Threshold 0.0:
Threshold 0.01:
Threshold 0.02:
Threshold 0.05:
Threshold 0.1:
Threshold 0.2:
Threshold 0.3333333333333333:
max k is :0
Number of Clusters after addition by greedy: 61
gradient0 in heuristiic: 61
calculating all possible bipartitions ...
Number of Clusters After Adding All possible clusters: 1023
partitions formed in 0.294 secs
Dynamic Programming starting after 0.294 secs
Using tree-based weight calculation.
Using polytree-based weight calculation.
Polytree max score: 3373
Polytree building time: 0.014 seconds.
Number of quartet trees in the gene trees: 3373
Size of largest cluster: 10
Greedy score: 3338
estimationFactor: 1.0104853205512283
Sub-optimal score: 3338
Total Number of elements weighted: 844
Normalized score (portion of input quartet trees satisfied before correcting for multiple individuals): 0.9896234805810851
Optimization score: 3338
Optimal tree inferred in 0.405 secs.
(t5,((t1,(t2,t4)),(t3,(t7,(t6,(t8,(t10,t9)))))));
Final quartet score is: 3338
Final normalized quartet score is: 0.9896234805810851
Extended species tree:
(t3,((t7,(t6,(t8,(t10,t9)1:2.8134107167600355)1:1.4469189829363254)1:4.031286426254968)1:1.6739764335716716,((t1,(t2,t4)1:3.5710964184575507)1:2.249340578475233,t5)1:2.772588722239782));
Weight calculation took 0.064293116 secs
ASTRAL finished in 0.498 secs
