
================== ASTRAL ===================== 

This is ASTRAL version 5.7.8
Gene trees are treated as unrooted
3918 trees read from quartet_temp.txt
index0
All output trees will be *arbitrarily* rooted at t3

======== Running the main analysis
Number of taxa: 10 (10 species)
Taxa: [t3, t4, t1, t2, t6, t7, t8, t10, t5, t9]
Taxon occupancy: {t4=2155, t5=2070, t6=1433, t10=1486, t7=1556, t8=1584, t9=1334, t1=791, t2=910, t3=2353}
Number of gene trees: 3918
3918 trees have missing taxa
Calculating quartet distance matrix (for completion of X)
Species tree distances calculated ...
Will attempt to complete bipartitions from X before adding using a distance matrix.
Building set of clusters (X) from gene trees 
------------------------------
gradient0: 93
Number of Clusters after addition by distance: 93
calculating extra bipartitions to be added at level 1 ...
Adding to X using resolutions of greedy consensus ...
Limit for sigma of degrees:300
polytomy size limit : 3
discarded polytomies:  []
Threshold 0.0:
Threshold 0.01:
Threshold 0.02:
Threshold 0.05:
Threshold 0.1:
Threshold 0.2:
Threshold 0.3333333333333333:
max k is :0
Number of Clusters after addition by greedy: 93
gradient0 in heuristiic: 93
calculating all possible bipartitions ...
Number of Clusters After Adding All possible clusters: 1023
partitions formed in 0.255 secs
Dynamic Programming starting after 0.255 secs
Using tree-based weight calculation.
Using polytree-based weight calculation.
Polytree max score: 3918
Polytree building time: 0.014 seconds.
Number of quartet trees in the gene trees: 3918
Size of largest cluster: 10
Greedy score: 3734
estimationFactor: 1.0492769148366363
Sub-optimal score: 3734
Total Number of elements weighted: 1483
Normalized score (portion of input quartet trees satisfied before correcting for multiple individuals): 0.9530372639101582
Optimization score: 3734
Optimal tree inferred in 0.41 secs.
(t4,(t3,(t5,(t1,(t9,(t6,((t8,t10),(t2,t7))))))));
Final quartet score is: 3734
Final normalized quartet score is: 0.9530372639101582
Extended species tree:
(t3,((t5,(t1,(t9,(t6,((t8,t10)1:2.466214516775848,(t2,t7)1:3.654977902438253)1:0.913818542728766)1:0.3746934494414107)0.99:0.3078847797693004)1:5.070998443823357)1:3.401197381662154,t4));
Weight calculation took 0.104826349 secs
ASTRAL finished in 0.503 secs
