
================== ASTRAL ===================== 

This is ASTRAL version 5.7.8
Gene trees are treated as unrooted
1630 trees read from quartet_temp.txt
index0
All output trees will be *arbitrarily* rooted at t2

======== Running the main analysis
Number of taxa: 10 (10 species)
Taxa: [t2, t3, t1, t7, t8, t9, t10, t4, t5, t6]
Taxon occupancy: {t4=765, t5=788, t10=589, t6=782, t7=705, t8=628, t9=536, t1=466, t2=547, t3=714}
Number of gene trees: 1630
1630 trees have missing taxa
Calculating quartet distance matrix (for completion of X)
Species tree distances calculated ...
Will attempt to complete bipartitions from X before adding using a distance matrix.
Building set of clusters (X) from gene trees 
------------------------------
gradient0: 59
Number of Clusters after addition by distance: 59
calculating extra bipartitions to be added at level 1 ...
Adding to X using resolutions of greedy consensus ...
Limit for sigma of degrees:300
polytomy size limit : 3
discarded polytomies:  []
Threshold 0.0:
Threshold 0.01:
Threshold 0.02:
Threshold 0.05:
Threshold 0.1:
Threshold 0.2:
Threshold 0.3333333333333333:
max k is :0
Number of Clusters after addition by greedy: 59
gradient0 in heuristiic: 59
calculating all possible bipartitions ...
Number of Clusters After Adding All possible clusters: 1023
partitions formed in 0.142 secs
Dynamic Programming starting after 0.142 secs
Using tree-based weight calculation.
Using polytree-based weight calculation.
Polytree max score: 1630
Polytree building time: 0.008 seconds.
Number of quartet trees in the gene trees: 1630
Size of largest cluster: 10
Greedy score: 1590
estimationFactor: 1.0251572327044025
Sub-optimal score: 1590
Total Number of elements weighted: 1552
Normalized score (portion of input quartet trees satisfied before correcting for multiple individuals): 0.9754601226993865
Optimization score: 1590
Optimal tree inferred in 0.273 secs.
(t3,(t4,((t5,t6),((t8,t9),(t1,(t2,(t7,t10)))))));
Final quartet score is: 1590
Final normalized quartet score is: 0.9754601226993865
You may want to ignore posterior probabilities and other statistics related to the following branch branch because the effective number of genes impacting it is only 6:
	{t7, t10}
You may want to ignore posterior probabilities and other statistics related to the following branch branch because the effective number of genes impacting it is only 16:
	{t5, t6}
You may want to ignore posterior probabilities and other statistics related to the following branch branch because the effective number of genes impacting it is only 15:
	{t3, t4}
You may want to ignore posterior probabilities and other statistics related to the following branch branch because the effective number of genes impacting it is only 18:
	{t3, t8, t9, t4, t5, t6}
Extended species tree:
(t2,((t7,t10)0.83:0.4418327522790392,(t1,((t8,t9)1:1.3437347467010947,((t5,t6)1:1.0414538748281608,(t4,t3)1:0.7576857016975165)1:5.513428746164983)0.81:0.3417492937220567)1:0.616186139423817));
Weight calculation took 0.090647512 secs
ASTRAL finished in 0.339 secs
