
================== ASTRAL ===================== 

This is ASTRAL version 5.7.8
Gene trees are treated as unrooted
2748 trees read from quartet_temp.txt
index0
All output trees will be *arbitrarily* rooted at t6

======== Running the main analysis
Number of taxa: 10 (10 species)
Taxa: [t6, t7, t2, t3, t4, t5, t8, t9, t1, t10]
Taxon occupancy: {t4=1301, t5=1175, t6=938, t10=1085, t7=955, t8=802, t9=1175, t1=918, t2=1409, t3=1234}
Number of gene trees: 2748
2748 trees have missing taxa
Calculating quartet distance matrix (for completion of X)
Species tree distances calculated ...
Will attempt to complete bipartitions from X before adding using a distance matrix.
Building set of clusters (X) from gene trees 
------------------------------
gradient0: 53
Number of Clusters after addition by distance: 53
calculating extra bipartitions to be added at level 1 ...
Adding to X using resolutions of greedy consensus ...
Limit for sigma of degrees:300
polytomy size limit : 3
discarded polytomies:  []
Threshold 0.0:
Threshold 0.01:
Threshold 0.02:
Threshold 0.05:
Threshold 0.1:
Threshold 0.2:
Threshold 0.3333333333333333:
max k is :0
Number of Clusters after addition by greedy: 53
gradient0 in heuristiic: 53
calculating all possible bipartitions ...
Number of Clusters After Adding All possible clusters: 1023
partitions formed in 0.164 secs
Dynamic Programming starting after 0.164 secs
Using tree-based weight calculation.
Using polytree-based weight calculation.
Polytree max score: 2748
Polytree building time: 0.012 seconds.
Number of quartet trees in the gene trees: 2748
Size of largest cluster: 10
Greedy score: 2707
estimationFactor: 1.0151459179903952
Sub-optimal score: 2708
Total Number of elements weighted: 1322
Normalized score (portion of input quartet trees satisfied before correcting for multiple individuals): 0.9854439592430859
Optimization score: 2708
Optimal tree inferred in 0.276 secs.
(t7,(t6,((t8,(t9,t10)),(t1,((t4,t5),(t2,t3))))));
Final quartet score is: 2708
Final normalized quartet score is: 0.9854439592430859
You may want to ignore posterior probabilities and other statistics related to the following branch branch because the effective number of genes impacting it is only 13:
	{t2, t3, t4, t5, t8, t9, t1, t10}
Extended species tree:
(t6,(((t8,(t9,t10)1:0.8472978603872037)0.65:0.25378052077609975,(t1,((t4,t5)1:2.2801122371419864,(t2,t3)1:0.9162907318741549)1:4.422848629194136)1:5.2470240721604835)1:2.2335922215070947,t7));
Weight calculation took 0.070170348 secs
ASTRAL finished in 0.355 secs
