
================== ASTRAL ===================== 

This is ASTRAL version 5.7.8
Gene trees are treated as unrooted
2218 trees read from quartet_temp.txt
index0
All output trees will be *arbitrarily* rooted at t2

======== Running the main analysis
Number of taxa: 10 (10 species)
Taxa: [t2, t4, t1, t10, t5, t7, t9, t3, t8, t6]
Taxon occupancy: {t4=602, t5=932, t10=862, t6=840, t7=643, t8=1031, t9=917, t1=702, t2=1046, t3=1297}
Number of gene trees: 2218
2218 trees have missing taxa
Calculating quartet distance matrix (for completion of X)
Species tree distances calculated ...
Will attempt to complete bipartitions from X before adding using a distance matrix.
Building set of clusters (X) from gene trees 
------------------------------
gradient0: 77
Number of Clusters after addition by distance: 77
calculating extra bipartitions to be added at level 1 ...
Adding to X using resolutions of greedy consensus ...
Limit for sigma of degrees:300
polytomy size limit : 3
discarded polytomies:  []
Threshold 0.0:
Threshold 0.01:
Threshold 0.02:
Threshold 0.05:
Threshold 0.1:
Threshold 0.2:
Threshold 0.3333333333333333:
max k is :0
Number of Clusters after addition by greedy: 77
gradient0 in heuristiic: 77
calculating all possible bipartitions ...
Number of Clusters After Adding All possible clusters: 1023
partitions formed in 0.152 secs
Dynamic Programming starting after 0.152 secs
Using tree-based weight calculation.
Using polytree-based weight calculation.
Polytree max score: 2218
Polytree building time: 0.01 seconds.
Number of quartet trees in the gene trees: 2218
Size of largest cluster: 10
Greedy score: 2176
estimationFactor: 1.0193014705882353
Sub-optimal score: 2176
Total Number of elements weighted: 831
Normalized score (portion of input quartet trees satisfied before correcting for multiple individuals): 0.9810640216411182
Optimization score: 2176
Optimal tree inferred in 0.25 secs.
(t4,((t2,(t3,t8)),((t1,t10),(t7,(t5,(t9,t6))))));
Final quartet score is: 2176
Final normalized quartet score is: 0.9810640216411182
You may want to ignore posterior probabilities and other statistics related to the following branch branch because the effective number of genes impacting it is only 11:
	{t9, t6}
You may want to ignore posterior probabilities and other statistics related to the following branch branch because the effective number of genes impacting it is only 16:
	{t5, t7, t9, t6}
Extended species tree:
(t2,((t3,t8)1:2.257122718917288,(((t1,t10)1:4.025351690735153,(t7,(t5,(t9,t6)0.76:0.2876820724517809)1:1.4240346891027373)1:0.8183103235139515)1:2.8754461076794877,t4)1:3.6720723357975578));
Weight calculation took 0.057348966 secs
ASTRAL finished in 0.329 secs
