
================== ASTRAL ===================== 

This is ASTRAL version 5.7.8
Gene trees are treated as unrooted
3244 trees read from quartet_temp.txt
index0
All output trees will be *arbitrarily* rooted at t6

======== Running the main analysis
Number of taxa: 10 (10 species)
Taxa: [t6, t7, t3, t4, t5, t8, t9, t10, t1, t2]
Taxon occupancy: {t4=1914, t5=1624, t6=1117, t10=1190, t7=1228, t8=1358, t9=1034, t1=715, t2=797, t3=1999}
Number of gene trees: 3244
3244 trees have missing taxa
Calculating quartet distance matrix (for completion of X)
Species tree distances calculated ...
Will attempt to complete bipartitions from X before adding using a distance matrix.
Building set of clusters (X) from gene trees 
------------------------------
gradient0: 79
Number of Clusters after addition by distance: 79
calculating extra bipartitions to be added at level 1 ...
Adding to X using resolutions of greedy consensus ...
Limit for sigma of degrees:300
polytomy size limit : 3
discarded polytomies:  []
Threshold 0.0:
Threshold 0.01:
Threshold 0.02:
Threshold 0.05:
Threshold 0.1:
Threshold 0.2:
Threshold 0.3333333333333333:
max k is :0
Number of Clusters after addition by greedy: 79
gradient0 in heuristiic: 79
calculating all possible bipartitions ...
Number of Clusters After Adding All possible clusters: 1023
partitions formed in 0.222 secs
Dynamic Programming starting after 0.222 secs
Using tree-based weight calculation.
Using polytree-based weight calculation.
Polytree max score: 3244
Polytree building time: 0.012 seconds.
Number of quartet trees in the gene trees: 3244
Size of largest cluster: 10
Greedy score: 3195
estimationFactor: 1.0153364632237871
Sub-optimal score: 3195
Total Number of elements weighted: 1003
Normalized score (portion of input quartet trees satisfied before correcting for multiple individuals): 0.9848951911220715
Optimization score: 3195
Optimal tree inferred in 0.327 secs.
(t7,(t2,((t8,t10),(t9,(t6,(t1,(t5,(t3,t4))))))));
Final quartet score is: 3195
Final normalized quartet score is: 0.9848951911220715
Extended species tree:
(t6,((t1,(t5,(t3,t4)1:3.205452804536062)1:4.882801922586364)1:2.0281482472922847,(t9,((t8,t10)1:2.159484249353373,(t2,t7)1:1.1239300966523995)1:1.8681324480126293)1:1.2039728043259361));
Weight calculation took 0.05948212 secs
ASTRAL finished in 0.417 secs
