
================== ASTRAL ===================== 

This is ASTRAL version 5.7.8
Gene trees are treated as unrooted
1611 trees read from quartet_temp.txt
index0
All output trees will be *arbitrarily* rooted at t3

======== Running the main analysis
Number of taxa: 10 (10 species)
Taxa: [t3, t5, t1, t2, t4, t6, t8, t10, t9, t7]
Taxon occupancy: {t4=799, t5=664, t6=646, t10=741, t7=404, t8=551, t9=601, t1=616, t2=615, t3=807}
Number of gene trees: 1611
1611 trees have missing taxa
Calculating quartet distance matrix (for completion of X)
Species tree distances calculated ...
Will attempt to complete bipartitions from X before adding using a distance matrix.
Building set of clusters (X) from gene trees 
------------------------------
gradient0: 57
Number of Clusters after addition by distance: 57
calculating extra bipartitions to be added at level 1 ...
Adding to X using resolutions of greedy consensus ...
Limit for sigma of degrees:300
polytomy size limit : 3
discarded polytomies:  []
Threshold 0.0:
Threshold 0.01:
Threshold 0.02:
Threshold 0.05:
Threshold 0.1:
Threshold 0.2:
Threshold 0.3333333333333333:
max k is :0
Number of Clusters after addition by greedy: 57
gradient0 in heuristiic: 57
calculating all possible bipartitions ...
Number of Clusters After Adding All possible clusters: 1023
partitions formed in 0.123 secs
Dynamic Programming starting after 0.123 secs
Using tree-based weight calculation.
Using polytree-based weight calculation.
Polytree max score: 1611
Polytree building time: 0.01 seconds.
Number of quartet trees in the gene trees: 1611
Size of largest cluster: 10
Greedy score: 1593
estimationFactor: 1.0112994350282485
Sub-optimal score: 1593
Total Number of elements weighted: 1056
Normalized score (portion of input quartet trees satisfied before correcting for multiple individuals): 0.9888268156424581
Optimization score: 1593
Optimal tree inferred in 0.217 secs.
(t5,(t3,(t8,(t2,(t1,((t4,t10),(t7,(t6,t9))))))));
Final quartet score is: 1593
Final normalized quartet score is: 0.9888268156424581
You may want to ignore posterior probabilities and other statistics related to the following branch branch because the effective number of genes impacting it is only 15:
	{t6, t9}
You may want to ignore posterior probabilities and other statistics related to the following branch branch because the effective number of genes impacting it is only 11:
	{t6, t9, t7}
You may want to ignore posterior probabilities and other statistics related to the following branch branch because the effective number of genes impacting it is only 18:
	{t1, t4, t6, t10, t9, t7}
Extended species tree:
(t3,((t8,(t2,(t1,((t4,t10)1:3.0285220963769826,(t7,(t6,t9)1:0.7576857016975165)1:2.0794415416798353)1:3.3862717314454773)1:1.8458266904983307)1:2.730029107820986)1:1.2039728043259361,t5));
Weight calculation took 0.0576295 secs
ASTRAL finished in 0.288 secs
