
================== ASTRAL ===================== 

This is ASTRAL version 5.7.8
Gene trees are treated as unrooted
2489 trees read from quartet_temp.txt
index0
All output trees will be *arbitrarily* rooted at t3

======== Running the main analysis
Number of taxa: 10 (10 species)
Taxa: [t3, t8, t1, t2, t4, t5, t6, t7, t9, t10]
Taxon occupancy: {t4=857, t5=1153, t6=1024, t10=539, t7=1020, t8=747, t9=949, t1=1343, t2=1260, t3=1064}
Number of gene trees: 2489
2489 trees have missing taxa
Calculating quartet distance matrix (for completion of X)
Species tree distances calculated ...
Will attempt to complete bipartitions from X before adding using a distance matrix.
Building set of clusters (X) from gene trees 
------------------------------
gradient0: 95
Number of Clusters after addition by distance: 95
calculating extra bipartitions to be added at level 1 ...
Adding to X using resolutions of greedy consensus ...
Limit for sigma of degrees:300
polytomy size limit : 3
discarded polytomies:  []
Threshold 0.0:
Threshold 0.01:
Threshold 0.02:
Threshold 0.05:
Threshold 0.1:
Threshold 0.2:
Threshold 0.3333333333333333:
max k is :0
Number of Clusters after addition by greedy: 95
gradient0 in heuristiic: 95
calculating all possible bipartitions ...
Number of Clusters After Adding All possible clusters: 1023
partitions formed in 0.197 secs
Dynamic Programming starting after 0.197 secs
Using tree-based weight calculation.
Using polytree-based weight calculation.
Polytree max score: 2489
Polytree building time: 0.011 seconds.
Number of quartet trees in the gene trees: 2489
Size of largest cluster: 10
Greedy score: 2442
estimationFactor: 1.0192465192465192
Sub-optimal score: 2442
Total Number of elements weighted: 1008
Normalized score (portion of input quartet trees satisfied before correcting for multiple individuals): 0.9815186822016875
Optimization score: 2443
Optimal tree inferred in 0.315 secs.
(t8,(t3,((t1,t2),(t4,((t9,t10),(t5,(t6,t7)))))));
Final quartet score is: 2443
Final normalized quartet score is: 0.9815186822016875
You may want to ignore posterior probabilities and other statistics related to the following branch branch because the effective number of genes impacting it is only 5:
	{t5, t6, t7}
Extended species tree:
(t3,(((t1,t2)1:2.8134107167600355,(t4,((t9,t10)1:2.302585092994046,(t5,(t6,t7)1:3.1918471524802814)0.67:0.2876820724517809)1:3.6419625343261823)1:1.1108823812599242)1:3.6287755300442295,t8));
Weight calculation took 0.071155057 secs
ASTRAL finished in 0.391 secs
