
================== ASTRAL ===================== 

This is ASTRAL version 5.7.8
Gene trees are treated as unrooted
1486 trees read from quartet_temp.txt
index0
All output trees will be *arbitrarily* rooted at t4

======== Running the main analysis
Number of taxa: 10 (10 species)
Taxa: [t4, t7, t1, t2, t8, t9, t5, t6, t3, t10]
Taxon occupancy: {t4=687, t5=923, t6=881, t10=433, t7=770, t8=412, t9=483, t1=405, t2=377, t3=573}
Number of gene trees: 1486
1486 trees have missing taxa
Calculating quartet distance matrix (for completion of X)
Species tree distances calculated ...
Will attempt to complete bipartitions from X before adding using a distance matrix.
Building set of clusters (X) from gene trees 
------------------------------
gradient0: 51
Number of Clusters after addition by distance: 51
calculating extra bipartitions to be added at level 1 ...
Adding to X using resolutions of greedy consensus ...
Limit for sigma of degrees:300
polytomy size limit : 3
discarded polytomies:  []
Threshold 0.0:
Threshold 0.01:
Threshold 0.02:
Threshold 0.05:
Threshold 0.1:
Threshold 0.2:
Threshold 0.3333333333333333:
max k is :0
Number of Clusters after addition by greedy: 51
gradient0 in heuristiic: 51
calculating all possible bipartitions ...
Number of Clusters After Adding All possible clusters: 1023
partitions formed in 0.118 secs
Dynamic Programming starting after 0.118 secs
Using tree-based weight calculation.
Using polytree-based weight calculation.
Polytree max score: 1486
Polytree building time: 0.008 seconds.
Number of quartet trees in the gene trees: 1486
Size of largest cluster: 10
Greedy score: 1466
estimationFactor: 1.0136425648021827
Sub-optimal score: 1466
Total Number of elements weighted: 1012
Normalized score (portion of input quartet trees satisfied before correcting for multiple individuals): 0.9865410497981157
Optimization score: 1466
Optimal tree inferred in 0.206 secs.
(t7,(t4,(t3,((t10,(t5,t6)),((t1,t9),(t2,t8))))));
Final quartet score is: 1466
Final normalized quartet score is: 0.9865410497981157
You may want to ignore posterior probabilities and other statistics related to the following branch branch because the effective number of genes impacting it is only 3:
	{t1, t9}
You may want to ignore posterior probabilities and other statistics related to the following branch branch because the effective number of genes impacting it is only 11:
	{t2, t8}
You may want to ignore posterior probabilities and other statistics related to the following branch branch because the effective number of genes impacting it is only 18:
	{t1, t2, t8, t9}
Extended species tree:
(t4,((t3,((t10,(t5,t6)1:4.521788577049036)1:2.367123614131617,((t1,t9)0.95:0.9808292530117262,(t2,t8)1:2.0794415416798353)1:2.538973871058275)1:1.6591613477865306)1:2.75153531304195,t7));
Weight calculation took 0.052434969 secs
ASTRAL finished in 0.27 secs
