
================== ASTRAL ===================== 

This is ASTRAL version 5.7.8
Gene trees are treated as unrooted
1309 trees read from quartet_temp.txt
index0
All output trees will be *arbitrarily* rooted at t3

======== Running the main analysis
Number of taxa: 10 (10 species)
Taxa: [t3, t9, t1, t2, t5, t6, t7, t4, t8, t10]
Taxon occupancy: {t4=677, t5=579, t6=493, t10=371, t7=560, t8=745, t9=454, t1=463, t2=437, t3=457}
Number of gene trees: 1309
1309 trees have missing taxa
Calculating quartet distance matrix (for completion of X)
Species tree distances calculated ...
Will attempt to complete bipartitions from X before adding using a distance matrix.
Building set of clusters (X) from gene trees 
------------------------------
gradient0: 89
Number of Clusters after addition by distance: 89
calculating extra bipartitions to be added at level 1 ...
Adding to X using resolutions of greedy consensus ...
Limit for sigma of degrees:300
polytomy size limit : 3
discarded polytomies:  []
Threshold 0.0:
Threshold 0.01:
Threshold 0.02:
Threshold 0.05:
Threshold 0.1:
Threshold 0.2:
Threshold 0.3333333333333333:
max k is :0
Number of Clusters after addition by greedy: 89
gradient0 in heuristiic: 89
calculating all possible bipartitions ...
Number of Clusters After Adding All possible clusters: 1023
partitions formed in 0.138 secs
Dynamic Programming starting after 0.138 secs
Using tree-based weight calculation.
Using polytree-based weight calculation.
Polytree max score: 1309
Polytree building time: 0.01 seconds.
Number of quartet trees in the gene trees: 1309
Size of largest cluster: 10
Greedy score: 1213
estimationFactor: 1.0791426215993405
Sub-optimal score: 1213
Total Number of elements weighted: 1848
Normalized score (portion of input quartet trees satisfied before correcting for multiple individuals): 0.9327731092436975
Optimization score: 1221
Optimal tree inferred in 0.302 secs.
(t9,(t3,(t6,((t10,(t4,t8)),(t2,(t5,(t1,t7)))))));
Final quartet score is: 1221
Final normalized quartet score is: 0.9327731092436975
You may want to ignore posterior probabilities and other statistics related to the following branch branch because the effective number of genes impacting it is only 14:
	{t1, t5, t7}
Extended species tree:
(t3,((t6,((t10,(t4,t8)1:4.1484117834923735)1:0.4748936145399272,(t2,(t5,(t1,t7)1:4.169245870395222)0.48:0.2231435513142097)1:0.6286086594223743)1:0.7519876805828788)1:2.590267165445826,t9));
Weight calculation took 0.116744015 secs
ASTRAL finished in 0.383 secs
