
================== ASTRAL ===================== 

This is ASTRAL version 5.7.8
Gene trees are treated as unrooted
3510 trees read from quartet_temp.txt
index0
All output trees will be *arbitrarily* rooted at t3

======== Running the main analysis
Number of taxa: 10 (10 species)
Taxa: [t3, t4, t1, t2, t5, t6, t9, t10, t7, t8]
Taxon occupancy: {t4=1462, t5=942, t6=1149, t10=1282, t7=1009, t8=1285, t9=1454, t1=2180, t2=2143, t3=1134}
Number of gene trees: 3510
3510 trees have missing taxa
Calculating quartet distance matrix (for completion of X)
Species tree distances calculated ...
Will attempt to complete bipartitions from X before adding using a distance matrix.
Building set of clusters (X) from gene trees 
------------------------------
gradient0: 75
Number of Clusters after addition by distance: 75
calculating extra bipartitions to be added at level 1 ...
Adding to X using resolutions of greedy consensus ...
Limit for sigma of degrees:300
polytomy size limit : 3
discarded polytomies:  []
Threshold 0.0:
Threshold 0.01:
Threshold 0.02:
Threshold 0.05:
Threshold 0.1:
Threshold 0.2:
Threshold 0.3333333333333333:
max k is :0
Number of Clusters after addition by greedy: 75
gradient0 in heuristiic: 75
calculating all possible bipartitions ...
Number of Clusters After Adding All possible clusters: 1023
partitions formed in 0.304 secs
Dynamic Programming starting after 0.304 secs
Using tree-based weight calculation.
Using polytree-based weight calculation.
Polytree max score: 3510
Polytree building time: 0.018 seconds.
Number of quartet trees in the gene trees: 3510
Size of largest cluster: 10
Greedy score: 3450
estimationFactor: 1.017391304347826
Sub-optimal score: 3450
Total Number of elements weighted: 998
Normalized score (portion of input quartet trees satisfied before correcting for multiple individuals): 0.9829059829059829
Optimization score: 3450
Optimal tree inferred in 0.428 secs.
(t4,((t10,(t6,t9)),(t5,((t7,t8),(t3,(t1,t2))))));
Final quartet score is: 3450
Final normalized quartet score is: 0.9829059829059829
Extended species tree:
(t3,((t1,t2)1:4.01337549968843,((t7,t8)1:2.2454266791540975,(t5,((t10,(t6,t9)1:0.5753641449035618)1:2.573460047129446,t4)1:0.4418327522790392)1:1.2499579175677593)1:3.0706335817271087));
Weight calculation took 0.069611702 secs
ASTRAL finished in 0.519 secs
