
================== ASTRAL ===================== 

This is ASTRAL version 5.7.8
Gene trees are treated as unrooted
5619 trees read from quartet_temp.txt
index0
All output trees will be *arbitrarily* rooted at t2

======== Running the main analysis
Number of taxa: 10 (10 species)
Taxa: [t2, t4, t1, t5, t6, t7, t10, t8, t9, t3]
Taxon occupancy: {t4=2138, t5=2615, t6=2440, t10=2109, t7=1954, t8=2454, t9=2157, t1=2149, t2=2258, t3=2202}
Number of gene trees: 5619
5619 trees have missing taxa
Calculating quartet distance matrix (for completion of X)
Species tree distances calculated ...
Will attempt to complete bipartitions from X before adding using a distance matrix.
Building set of clusters (X) from gene trees 
------------------------------
gradient0: 65
Number of Clusters after addition by distance: 65
calculating extra bipartitions to be added at level 1 ...
Adding to X using resolutions of greedy consensus ...
Limit for sigma of degrees:300
polytomy size limit : 3
discarded polytomies:  []
Threshold 0.0:
Threshold 0.01:
Threshold 0.02:
Threshold 0.05:
Threshold 0.1:
Threshold 0.2:
Threshold 0.3333333333333333:
max k is :0
Number of Clusters after addition by greedy: 65
gradient0 in heuristiic: 65
calculating all possible bipartitions ...
Number of Clusters After Adding All possible clusters: 1023
partitions formed in 0.349 secs
Dynamic Programming starting after 0.349 secs
Using tree-based weight calculation.
Using polytree-based weight calculation.
Polytree max score: 5619
Polytree building time: 0.024 seconds.
Number of quartet trees in the gene trees: 5619
Size of largest cluster: 10
Greedy score: 5518
estimationFactor: 1.01830373323668
Sub-optimal score: 5518
Total Number of elements weighted: 964
Normalized score (portion of input quartet trees satisfied before correcting for multiple individuals): 0.9820252714006051
Optimization score: 5518
Optimal tree inferred in 0.506 secs.
(t4,(t9,((t8,(t2,t3)),(t7,((t1,t10),(t5,t6))))));
Final quartet score is: 5518
Final normalized quartet score is: 0.9820252714006051
Extended species tree:
(t2,(t3,(t8,((t7,((t1,t10)1:4.644390899141376,(t5,t6)1:3.486355190002461)1:3.49313487698784)1:2.554796985997519,(t9,t4)1:1.9832976811269336)1:1.535139988717456)1:0.5978370007556204));
Weight calculation took 0.085234697 secs
ASTRAL finished in 0.613 secs
