
================== ASTRAL ===================== 

This is ASTRAL version 5.7.8
Gene trees are treated as unrooted
7297 trees read from quartet_temp.txt
index0
All output trees will be *arbitrarily* rooted at t2

======== Running the main analysis
Number of taxa: 10 (10 species)
Taxa: [t2, t4, t1, t3, t5, t6, t7, t9, t8, t10]
Taxon occupancy: {t4=3619, t5=2240, t6=3012, t10=2622, t7=2193, t8=2763, t9=3225, t1=3233, t2=3781, t3=2500}
Number of gene trees: 7297
7297 trees have missing taxa
Calculating quartet distance matrix (for completion of X)
Species tree distances calculated ...
Will attempt to complete bipartitions from X before adding using a distance matrix.
Building set of clusters (X) from gene trees 
------------------------------
gradient0: 91
Number of Clusters after addition by distance: 91
calculating extra bipartitions to be added at level 1 ...
Adding to X using resolutions of greedy consensus ...
Limit for sigma of degrees:300
polytomy size limit : 3
discarded polytomies:  [3]
Threshold 0.0:
Threshold 0.01:
Threshold 0.02:
Threshold 0.05:
Threshold 0.1:
Threshold 0.2:
Threshold 0.3333333333333333:
polytomy of size 3; rounds with additions with at least 5 support: 0; clusters: 91
max k is :0
Number of Clusters after addition by greedy: 91
gradient0 in heuristiic: 91
calculating all possible bipartitions ...
Number of Clusters After Adding All possible clusters: 1023
partitions formed in 2.462 secs
Dynamic Programming starting after 2.462 secs
Using tree-based weight calculation.
Using polytree-based weight calculation.
Polytree max score: 7297
Polytree building time: 0.109 seconds.
Number of quartet trees in the gene trees: 7297
Size of largest cluster: 10
Greedy score: 7153
estimationFactor: 1.020131413392982
Sub-optimal score: 7153
Total Number of elements weighted: 1064
Normalized score (portion of input quartet trees satisfied before correcting for multiple individuals): 0.9802658626832945
Optimization score: 7153
Optimal tree inferred in 3.482 secs.
(t4,(t2,(t1,(t5,(t3,(t7,(t6,(t8,(t9,t10)))))))));
Final quartet score is: 7153
Final normalized quartet score is: 0.9802658626832945
Extended species tree:
(t2,((t1,(t5,(t3,(t7,(t6,(t8,(t9,t10)1:1.9061698204057993)1:1.0555527992076628)1:3.1679014588839296)1:0.9572987556015322)1:4.543294782270002)1:4.298040978600785)1:5.062595033026979,t4));
Weight calculation took 0.703926206 secs
ASTRAL finished in 3.993 secs
