
================== ASTRAL ===================== 

This is ASTRAL version 5.7.8
Gene trees are treated as unrooted
5083 trees read from quartet_temp.txt
index0
All output trees will be *arbitrarily* rooted at t2

======== Running the main analysis
Number of taxa: 10 (10 species)
Taxa: [t2, t7, t1, t3, t4, t5, t8, t9, t10, t6]
Taxon occupancy: {t4=2022, t5=2008, t10=2882, t6=2933, t7=1648, t8=1536, t9=1610, t1=1941, t2=1664, t3=2088}
Number of gene trees: 5083
5083 trees have missing taxa
Calculating quartet distance matrix (for completion of X)
Species tree distances calculated ...
Will attempt to complete bipartitions from X before adding using a distance matrix.
Building set of clusters (X) from gene trees 
------------------------------
gradient0: 79
Number of Clusters after addition by distance: 79
calculating extra bipartitions to be added at level 1 ...
Adding to X using resolutions of greedy consensus ...
Limit for sigma of degrees:300
polytomy size limit : 3
discarded polytomies:  []
Threshold 0.0:
Threshold 0.01:
Threshold 0.02:
Threshold 0.05:
Threshold 0.1:
Threshold 0.2:
Threshold 0.3333333333333333:
max k is :0
Number of Clusters after addition by greedy: 79
gradient0 in heuristiic: 79
calculating all possible bipartitions ...
Number of Clusters After Adding All possible clusters: 1023
partitions formed in 0.303 secs
Dynamic Programming starting after 0.303 secs
Using tree-based weight calculation.
Using polytree-based weight calculation.
Polytree max score: 5083
Polytree building time: 0.017 seconds.
Number of quartet trees in the gene trees: 5083
Size of largest cluster: 10
Greedy score: 4964
estimationFactor: 1.023972602739726
Sub-optimal score: 4964
Total Number of elements weighted: 1533
Normalized score (portion of input quartet trees satisfied before correcting for multiple individuals): 0.9767853629746213
Optimization score: 4965
Optimal tree inferred in 0.47 secs.
(t7,(t2,(t8,(t9,((t5,(t3,t4)),(t1,(t10,t6)))))));
Final quartet score is: 4965
Final normalized quartet score is: 0.9767853629746213
Extended species tree:
(t2,((t8,(t9,((t5,(t3,t4)1:2.4277482359480516)1:2.4567357728213035,(t1,(t10,t6)1:2.9195709125884273)1:4.238925791033211)1:0.7823783142878878)0.47:0.04652001563489282)1:3.0122615755052005,t7));
Weight calculation took 0.110257045 secs
ASTRAL finished in 0.575 secs
