
================== ASTRAL ===================== 

This is ASTRAL version 5.7.8
Gene trees are treated as unrooted
3247 trees read from quartet_temp.txt
index0
All output trees will be *arbitrarily* rooted at t5

======== Running the main analysis
Number of taxa: 10 (10 species)
Taxa: [t5, t9, t1, t2, t3, t4, t6, t7, t8, t10]
Taxon occupancy: {t4=1262, t5=1193, t6=1462, t10=1466, t7=1218, t8=1408, t9=1278, t1=880, t2=1373, t3=1448}
Number of gene trees: 3247
3247 trees have missing taxa
Calculating quartet distance matrix (for completion of X)
Species tree distances calculated ...
Will attempt to complete bipartitions from X before adding using a distance matrix.
Building set of clusters (X) from gene trees 
------------------------------
gradient0: 101
Number of Clusters after addition by distance: 101
calculating extra bipartitions to be added at level 1 ...
Adding to X using resolutions of greedy consensus ...
Limit for sigma of degrees:300
polytomy size limit : 3
discarded polytomies:  []
Threshold 0.0:
Threshold 0.01:
Threshold 0.02:
Threshold 0.05:
Threshold 0.1:
Threshold 0.2:
Threshold 0.3333333333333333:
max k is :0
Number of Clusters after addition by greedy: 101
gradient0 in heuristiic: 101
calculating all possible bipartitions ...
Number of Clusters After Adding All possible clusters: 1023
partitions formed in 1.051 secs
Dynamic Programming starting after 1.051 secs
Using tree-based weight calculation.
Using polytree-based weight calculation.
Polytree max score: 3247
Polytree building time: 0.061 seconds.
Number of quartet trees in the gene trees: 3247
Size of largest cluster: 10
Greedy score: 3082
estimationFactor: 1.053536664503569
Sub-optimal score: 3082
Total Number of elements weighted: 1220
Normalized score (portion of input quartet trees satisfied before correcting for multiple individuals): 0.949183862026486
Optimization score: 3082
Optimal tree inferred in 1.555 secs.
(t9,(t5,(t1,((t6,t10),((t4,t8),(t7,(t2,t3)))))));
Final quartet score is: 3082
Final normalized quartet score is: 0.949183862026486
Extended species tree:
(t5,((t1,((t6,t10)1:3.721669276936928,((t4,t8)1:2.0583881324820035,(t7,(t2,t3)1:3.592735593561034)1:1.4279003619523547)1:1.401332238484431)0.49:0.15415067982725836)1:1.9169226121820613,t9));
Weight calculation took 0.241063739 secs
ASTRAL finished in 1.956 secs
