
================== ASTRAL ===================== 

This is ASTRAL version 5.7.8
Gene trees are treated as unrooted
5399 trees read from quartet_temp.txt
index0
All output trees will be *arbitrarily* rooted at t2

======== Running the main analysis
Number of taxa: 10 (10 species)
Taxa: [t2, t3, t1, t6, t10, t4, t5, t7, t8, t9]
Taxon occupancy: {t4=2133, t5=2113, t6=3269, t10=3171, t7=1777, t8=1574, t9=1514, t1=2275, t2=1607, t3=2163}
Number of gene trees: 5399
5399 trees have missing taxa
Calculating quartet distance matrix (for completion of X)
Species tree distances calculated ...
Will attempt to complete bipartitions from X before adding using a distance matrix.
Building set of clusters (X) from gene trees 
------------------------------
gradient0: 63
Number of Clusters after addition by distance: 63
calculating extra bipartitions to be added at level 1 ...
Adding to X using resolutions of greedy consensus ...
Limit for sigma of degrees:300
polytomy size limit : 3
discarded polytomies:  []
Threshold 0.0:
Threshold 0.01:
Threshold 0.02:
Threshold 0.05:
Threshold 0.1:
Threshold 0.2:
Threshold 0.3333333333333333:
max k is :0
Number of Clusters after addition by greedy: 63
gradient0 in heuristiic: 63
calculating all possible bipartitions ...
Number of Clusters After Adding All possible clusters: 1023
partitions formed in 1.667 secs
Dynamic Programming starting after 1.667 secs
Using tree-based weight calculation.
Using polytree-based weight calculation.
Polytree max score: 5399
Polytree building time: 0.072 seconds.
Number of quartet trees in the gene trees: 5399
Size of largest cluster: 10
Greedy score: 5375
estimationFactor: 1.0044651162790699
Sub-optimal score: 5375
Total Number of elements weighted: 1016
Normalized score (portion of input quartet trees satisfied before correcting for multiple individuals): 0.9955547323578441
Optimization score: 5375
Optimal tree inferred in 2.261 secs.
(t3,(t4,(t5,((t1,(t6,t10)),(t8,(t9,(t2,t7)))))));
Final quartet score is: 5375
Final normalized quartet score is: 0.9955547323578441
You may want to ignore posterior probabilities and other statistics related to the following branch branch because the effective number of genes impacting it is only 12:
	{t3, t1, t6, t10, t4, t5, t8}
Extended species tree:
(t2,(t7,(t9,(t8,((t1,(t6,t10)1:4.083171261623973)1:5.100882171944047,(t5,(t4,t3)1:4.438721978350428)1:3.5457786104732607)1:3.3787245258100977)0.44:0.08004270767353637)1:1.3375041969504584));
Weight calculation took 0.269020933 secs
ASTRAL finished in 2.723 secs
