
================== ASTRAL ===================== 

This is ASTRAL version 5.7.8
Gene trees are treated as unrooted
3953 trees read from quartet_temp.txt
index0
All output trees will be *arbitrarily* rooted at t6

======== Running the main analysis
Number of taxa: 10 (10 species)
Taxa: [t6, t7, t1, t2, t3, t4, t5, t9, t10, t8]
Taxon occupancy: {t4=1680, t5=1566, t6=1241, t10=1388, t7=1487, t8=1763, t9=1958, t1=1662, t2=1592, t3=1475}
Number of gene trees: 3953
3953 trees have missing taxa
Calculating quartet distance matrix (for completion of X)
Species tree distances calculated ...
Will attempt to complete bipartitions from X before adding using a distance matrix.
Building set of clusters (X) from gene trees 
------------------------------
gradient0: 101
Number of Clusters after addition by distance: 101
calculating extra bipartitions to be added at level 1 ...
Adding to X using resolutions of greedy consensus ...
Limit for sigma of degrees:300
polytomy size limit : 3
discarded polytomies:  []
Threshold 0.0:
Threshold 0.01:
Threshold 0.02:
Threshold 0.05:
Threshold 0.1:
Threshold 0.2:
Threshold 0.3333333333333333:
max k is :0
Number of Clusters after addition by greedy: 101
gradient0 in heuristiic: 101
calculating all possible bipartitions ...
Number of Clusters After Adding All possible clusters: 1023
partitions formed in 1.149 secs
Dynamic Programming starting after 1.149 secs
Using tree-based weight calculation.
Using polytree-based weight calculation.
Polytree max score: 3953
Polytree building time: 0.062 seconds.
Number of quartet trees in the gene trees: 3953
Size of largest cluster: 10
Greedy score: 3756
estimationFactor: 1.0524494142705005
Sub-optimal score: 3756
Total Number of elements weighted: 1190
Normalized score (portion of input quartet trees satisfied before correcting for multiple individuals): 0.9501644320769036
Optimization score: 3756
Optimal tree inferred in 1.62 secs.
(t7,(t2,(t6,((t1,(t9,t8)),(t3,(t5,(t4,t10)))))));
Final quartet score is: 3756
Final normalized quartet score is: 0.9501644320769036
Extended species tree:
(t6,(((t1,(t9,t8)1:2.171249090932958)1:3.3226350591590523,(t3,(t5,(t4,t10)1:1.3256697393034556)1:0.6505875661411494)1:1.845826690498331)1:0.4944764857644611,(t2,t7)1:2.2801122371419864));
Weight calculation took 0.217287055 secs
ASTRAL finished in 2.015 secs
