
================== ASTRAL ===================== 

This is ASTRAL version 5.7.8
Gene trees are treated as unrooted
6363 trees read from quartet_temp.txt
index0
All output trees will be *arbitrarily* rooted at t6

======== Running the main analysis
Number of taxa: 10 (10 species)
Taxa: [t6, t8, t1, t2, t3, t4, t5, t7, t9, t10]
Taxon occupancy: {t4=3133, t5=2018, t6=2740, t10=2288, t7=1933, t8=2334, t9=2729, t1=2763, t2=3306, t3=2208}
Number of gene trees: 6363
6363 trees have missing taxa
Calculating quartet distance matrix (for completion of X)
Species tree distances calculated ...
Will attempt to complete bipartitions from X before adding using a distance matrix.
Building set of clusters (X) from gene trees 
------------------------------
gradient0: 51
Number of Clusters after addition by distance: 51
calculating extra bipartitions to be added at level 1 ...
Adding to X using resolutions of greedy consensus ...
Limit for sigma of degrees:300
polytomy size limit : 3
discarded polytomies:  []
Threshold 0.0:
Threshold 0.01:
Threshold 0.02:
Threshold 0.05:
Threshold 0.1:
Threshold 0.2:
Threshold 0.3333333333333333:
max k is :0
Number of Clusters after addition by greedy: 51
gradient0 in heuristiic: 51
calculating all possible bipartitions ...
Number of Clusters After Adding All possible clusters: 1023
partitions formed in 0.304 secs
Dynamic Programming starting after 0.304 secs
Using tree-based weight calculation.
Using polytree-based weight calculation.
Polytree max score: 6363
Polytree building time: 0.02 seconds.
Number of quartet trees in the gene trees: 6363
Size of largest cluster: 10
Greedy score: 6282
estimationFactor: 1.012893982808023
Sub-optimal score: 6282
Total Number of elements weighted: 1066
Normalized score (portion of input quartet trees satisfied before correcting for multiple individuals): 0.9904133270469904
Optimization score: 6302
Optimal tree inferred in 0.508 secs.
(t8,((t9,t10),(t6,(t7,(t3,(t5,(t1,(t2,t4))))))));
Final quartet score is: 6302
Final normalized quartet score is: 0.9904133270469904
Extended species tree:
(t6,((t7,(t3,(t5,(t1,(t2,t4)1:4.992697593409592)1:5.099866427824207)1:1.697143492853206)1:1.6145530131008705)1:5.644268347123782,((t9,t10)1:1.4593194961347804,t8)1:0.6931471805599453));
Weight calculation took 0.132693706 secs
ASTRAL finished in 0.617 secs
