
================== ASTRAL ===================== 

This is ASTRAL version 5.7.8
Gene trees are treated as unrooted
6151 trees read from quartet_temp.txt
index0
All output trees will be *arbitrarily* rooted at t3

======== Running the main analysis
Number of taxa: 10 (10 species)
Taxa: [t3, t5, t1, t2, t4, t6, t7, t8, t10, t9]
Taxon occupancy: {t4=2907, t5=2047, t6=2587, t10=2124, t7=1964, t8=2324, t9=2526, t1=2785, t2=3160, t3=2180}
Number of gene trees: 6151
6151 trees have missing taxa
Calculating quartet distance matrix (for completion of X)
Species tree distances calculated ...
Will attempt to complete bipartitions from X before adding using a distance matrix.
Building set of clusters (X) from gene trees 
------------------------------
gradient0: 73
Number of Clusters after addition by distance: 73
calculating extra bipartitions to be added at level 1 ...
Adding to X using resolutions of greedy consensus ...
Limit for sigma of degrees:300
polytomy size limit : 3
discarded polytomies:  []
Threshold 0.0:
Threshold 0.01:
Threshold 0.02:
Threshold 0.05:
Threshold 0.1:
Threshold 0.2:
Threshold 0.3333333333333333:
max k is :0
Number of Clusters after addition by greedy: 73
gradient0 in heuristiic: 73
calculating all possible bipartitions ...
Number of Clusters After Adding All possible clusters: 1023
partitions formed in 1.668 secs
Dynamic Programming starting after 1.668 secs
Using tree-based weight calculation.
Using polytree-based weight calculation.
Polytree max score: 6151
Polytree building time: 0.127 seconds.
Number of quartet trees in the gene trees: 6151
Size of largest cluster: 10
Greedy score: 6087
estimationFactor: 1.0105142106127813
Sub-optimal score: 6087
Total Number of elements weighted: 844
Normalized score (portion of input quartet trees satisfied before correcting for multiple individuals): 0.9895951877743456
Optimization score: 6087
Optimal tree inferred in 2.503 secs.
(t5,((t1,(t2,t4)),(t3,(t7,(t6,(t8,(t10,t9)))))));
Final quartet score is: 6087
Final normalized quartet score is: 0.9895951877743456
Extended species tree:
(t3,((t7,(t6,(t8,(t10,t9)1:2.010448670192884)1:0.5899629443247145)1:3.8884131397890136)1:3.742946675384209,((t1,(t2,t4)1:3.8213686371600164)1:4.079418912005427,t5)1:3.53934772014297));
Weight calculation took 0.5266347 secs
ASTRAL finished in 3.102 secs
