
================== ASTRAL ===================== 

This is ASTRAL version 5.7.8
Gene trees are treated as unrooted
5127 trees read from quartet_temp.txt
index0
All output trees will be *arbitrarily* rooted at t3

======== Running the main analysis
Number of taxa: 10 (10 species)
Taxa: [t3, t8, t1, t5, t6, t7, t9, t10, t2, t4]
Taxon occupancy: {t4=1820, t5=1920, t6=1742, t10=2154, t7=1640, t8=2448, t9=1740, t1=1912, t2=2333, t3=2799}
Number of gene trees: 5127
5127 trees have missing taxa
Calculating quartet distance matrix (for completion of X)
Species tree distances calculated ...
Will attempt to complete bipartitions from X before adding using a distance matrix.
Building set of clusters (X) from gene trees 
------------------------------
gradient0: 53
Number of Clusters after addition by distance: 53
calculating extra bipartitions to be added at level 1 ...
Adding to X using resolutions of greedy consensus ...
Limit for sigma of degrees:300
polytomy size limit : 3
discarded polytomies:  []
Threshold 0.0:
Threshold 0.01:
Threshold 0.02:
Threshold 0.05:
Threshold 0.1:
Threshold 0.2:
Threshold 0.3333333333333333:
max k is :0
Number of Clusters after addition by greedy: 53
gradient0 in heuristiic: 53
calculating all possible bipartitions ...
Number of Clusters After Adding All possible clusters: 1023
partitions formed in 0.255 secs
Dynamic Programming starting after 0.255 secs
Using tree-based weight calculation.
Using polytree-based weight calculation.
Polytree max score: 5127
Polytree building time: 0.025 seconds.
Number of quartet trees in the gene trees: 5127
Size of largest cluster: 10
Greedy score: 5099
estimationFactor: 1.0054912727985879
Sub-optimal score: 5099
Total Number of elements weighted: 1051
Normalized score (portion of input quartet trees satisfied before correcting for multiple individuals): 0.9945387165984007
Optimization score: 5099
Optimal tree inferred in 0.409 secs.
(t8,(t3,(t2,(t4,((t1,t10),(t7,(t6,(t5,t9))))))));
Final quartet score is: 5099
Final normalized quartet score is: 0.9945387165984007
You may want to ignore posterior probabilities and other statistics related to the following branch branch because the effective number of genes impacting it is only 9:
	{t5, t9}
Extended species tree:
(t3,((t2,(t4,((t1,t10)1:4.270474148768138,(t7,(t6,(t5,t9)0.99:0.7985076962177715)1:1.1856236656577395)1:3.6720723357975578)1:5.884250462800815)1:2.6946271807700697)1:2.708050201102211,t8));
Weight calculation took 0.091286057 secs
ASTRAL finished in 0.509 secs
