
================== ASTRAL ===================== 

This is ASTRAL version 5.7.8
Gene trees are treated as unrooted
5389 trees read from quartet_temp.txt
index0
All output trees will be *arbitrarily* rooted at t3

======== Running the main analysis
Number of taxa: 10 (10 species)
Taxa: [t3, t8, t1, t2, t4, t5, t6, t9, t7, t10]
Taxon occupancy: {t4=1994, t5=2480, t6=2094, t10=1819, t7=2217, t8=2492, t9=1748, t1=1890, t2=2384, t3=2438}
Number of gene trees: 5389
5389 trees have missing taxa
Calculating quartet distance matrix (for completion of X)
Species tree distances calculated ...
Will attempt to complete bipartitions from X before adding using a distance matrix.
Building set of clusters (X) from gene trees 
------------------------------
gradient0: 63
Number of Clusters after addition by distance: 63
calculating extra bipartitions to be added at level 1 ...
Adding to X using resolutions of greedy consensus ...
Limit for sigma of degrees:300
polytomy size limit : 3
discarded polytomies:  []
Threshold 0.0:
Threshold 0.01:
Threshold 0.02:
Threshold 0.05:
Threshold 0.1:
Threshold 0.2:
Threshold 0.3333333333333333:
max k is :0
Number of Clusters after addition by greedy: 63
gradient0 in heuristiic: 63
calculating all possible bipartitions ...
Number of Clusters After Adding All possible clusters: 1023
partitions formed in 0.261 secs
Dynamic Programming starting after 0.261 secs
Using tree-based weight calculation.
Using polytree-based weight calculation.
Polytree max score: 5389
Polytree building time: 0.015 seconds.
Number of quartet trees in the gene trees: 5389
Size of largest cluster: 10
Greedy score: 5359
estimationFactor: 1.005598059339429
Sub-optimal score: 5359
Total Number of elements weighted: 1025
Normalized score (portion of input quartet trees satisfied before correcting for multiple individuals): 0.9944331044720728
Optimization score: 5359
Optimal tree inferred in 0.408 secs.
(t8,(t7,(t9,((t3,t10),(t1,(t4,(t2,(t5,t6))))))));
Final quartet score is: 5359
Final normalized quartet score is: 0.9944331044720728
Extended species tree:
(t3,(t10,((t1,(t4,(t2,(t5,t6)1:4.257973986003903)1:1.067840630001356)1:2.890371757896163)1:6.083739823217125,(t9,(t7,t8)1:2.6184380424125218)1:2.6390573296152575)1:2.367123614131617));
Weight calculation took 0.093136562 secs
ASTRAL finished in 0.506 secs
