
================== ASTRAL ===================== 

This is ASTRAL version 5.7.8
Gene trees are treated as unrooted
6304 trees read from quartet_temp.txt
index0
All output trees will be *arbitrarily* rooted at t4

======== Running the main analysis
Number of taxa: 10 (10 species)
Taxa: [t4, t5, t1, t2, t3, t9, t10, t6, t7, t8]
Taxon occupancy: {t4=2081, t5=1916, t10=3323, t6=2049, t7=2412, t8=2350, t9=3014, t1=2599, t2=2229, t3=3243}
Number of gene trees: 6304
6304 trees have missing taxa
Calculating quartet distance matrix (for completion of X)
Species tree distances calculated ...
Will attempt to complete bipartitions from X before adding using a distance matrix.
Building set of clusters (X) from gene trees 
------------------------------
gradient0: 79
Number of Clusters after addition by distance: 79
calculating extra bipartitions to be added at level 1 ...
Adding to X using resolutions of greedy consensus ...
Limit for sigma of degrees:300
polytomy size limit : 3
discarded polytomies:  []
Threshold 0.0:
Threshold 0.01:
Threshold 0.02:
Threshold 0.05:
Threshold 0.1:
Threshold 0.2:
Threshold 0.3333333333333333:
max k is :0
Number of Clusters after addition by greedy: 79
gradient0 in heuristiic: 79
calculating all possible bipartitions ...
Number of Clusters After Adding All possible clusters: 1023
partitions formed in 1.76 secs
Dynamic Programming starting after 1.76 secs
Using tree-based weight calculation.
Using polytree-based weight calculation.
Polytree max score: 6304
Polytree building time: 0.189 seconds.
Number of quartet trees in the gene trees: 6304
Size of largest cluster: 10
Greedy score: 6180
estimationFactor: 1.020064724919094
Sub-optimal score: 6192
Total Number of elements weighted: 1736
Normalized score (portion of input quartet trees satisfied before correcting for multiple individuals): 0.9822335025380711
Optimization score: 6192
Optimal tree inferred in 3.143 secs.
(t5,((t4,t6),(t2,((t7,t8),(t1,(t3,(t9,t10)))))));
Final quartet score is: 6192
Final normalized quartet score is: 0.9822335025380711
You may want to ignore posterior probabilities and other statistics related to the following branch branch because the effective number of genes impacting it is only 15:
	{t5, t1, t2, t3, t9, t10, t7, t8}
Extended species tree:
(t4,(t6,((t2,((t7,t8)1:5.119987831023621,(t1,(t3,(t9,t10)1:1.845826690498331)1:5.15905529921452)1:3.80380942078791)1:0.49247648509779407)1:1.0033021088637848,t5)1:0.9808292530117262));
Weight calculation took 0.985229887 secs
ASTRAL finished in 3.614 secs
