
================== ASTRAL ===================== 

This is ASTRAL version 5.7.8
Gene trees are treated as unrooted
3039 trees read from quartet_temp.txt
index0
All output trees will be *arbitrarily* rooted at t10

======== Running the main analysis
Number of taxa: 10 (10 species)
Taxa: [t10, t4, t2, t3, t5, t6, t7, t8, t9, t1]
Taxon occupancy: {t4=1405, t5=1223, t10=1353, t6=1292, t7=873, t8=1078, t9=1374, t1=1129, t2=1091, t3=1338}
Number of gene trees: 3039
3039 trees have missing taxa
Calculating quartet distance matrix (for completion of X)
Species tree distances calculated ...
Will attempt to complete bipartitions from X before adding using a distance matrix.
Building set of clusters (X) from gene trees 
------------------------------
gradient0: 65
Number of Clusters after addition by distance: 65
calculating extra bipartitions to be added at level 1 ...
Adding to X using resolutions of greedy consensus ...
Limit for sigma of degrees:300
polytomy size limit : 3
discarded polytomies:  []
Threshold 0.0:
Threshold 0.01:
Threshold 0.02:
Threshold 0.05:
Threshold 0.1:
Threshold 0.2:
Threshold 0.3333333333333333:
max k is :0
Number of Clusters after addition by greedy: 65
gradient0 in heuristiic: 65
calculating all possible bipartitions ...
Number of Clusters After Adding All possible clusters: 1023
partitions formed in 1.032 secs
Dynamic Programming starting after 1.032 secs
Using tree-based weight calculation.
Using polytree-based weight calculation.
Polytree max score: 3039
Polytree building time: 0.047 seconds.
Number of quartet trees in the gene trees: 3039
Size of largest cluster: 10
Greedy score: 2962
estimationFactor: 1.0259959486833221
Sub-optimal score: 2962
Total Number of elements weighted: 965
Normalized score (portion of input quartet trees satisfied before correcting for multiple individuals): 0.9746627179993419
Optimization score: 2962
Optimal tree inferred in 1.463 secs.
(t4,(t10,((t7,(t6,t9)),(t1,(t2,(t8,(t3,t5)))))));
Final quartet score is: 2962
Final normalized quartet score is: 0.9746627179993419
Extended species tree:
(t10,(((t7,(t6,t9)1:1.0116009116784799)1:1.7385149547092427,(t1,(t2,(t8,(t3,t5)1:1.5639755383573428)1:1.5728803167003025)1:1.0414538748281608)1:2.961830721878311)1:5.131869158910374,t4));
Weight calculation took 0.193191353 secs
ASTRAL finished in 1.836 secs
