
================== ASTRAL ===================== 

This is ASTRAL version 5.7.8
Gene trees are treated as unrooted
7787 trees read from quartet_temp.txt
index0
All output trees will be *arbitrarily* rooted at t2

======== Running the main analysis
Number of taxa: 10 (10 species)
Taxa: [t2, t6, t1, t3, t5, t7, t9, t10, t8, t4]
Taxon occupancy: {t4=3270, t5=2472, t6=3335, t10=3828, t7=3490, t8=3367, t9=3765, t1=2087, t2=2622, t3=2912}
Number of gene trees: 7787
7787 trees have missing taxa
Calculating quartet distance matrix (for completion of X)
Species tree distances calculated ...
Will attempt to complete bipartitions from X before adding using a distance matrix.
Building set of clusters (X) from gene trees 
------------------------------
gradient0: 67
Number of Clusters after addition by distance: 67
calculating extra bipartitions to be added at level 1 ...
Adding to X using resolutions of greedy consensus ...
Limit for sigma of degrees:300
polytomy size limit : 3
discarded polytomies:  []
Threshold 0.0:
Threshold 0.01:
Threshold 0.02:
Threshold 0.05:
Threshold 0.1:
Threshold 0.2:
Threshold 0.3333333333333333:
max k is :0
Number of Clusters after addition by greedy: 67
gradient0 in heuristiic: 67
calculating all possible bipartitions ...
Number of Clusters After Adding All possible clusters: 1023
partitions formed in 2.338 secs
Dynamic Programming starting after 2.338 secs
Using tree-based weight calculation.
Using polytree-based weight calculation.
Polytree max score: 7787
Polytree building time: 0.109 seconds.
Number of quartet trees in the gene trees: 7787
Size of largest cluster: 10
Greedy score: 7732
estimationFactor: 1.0071132953957578
Sub-optimal score: 7732
Total Number of elements weighted: 1069
Normalized score (portion of input quartet trees satisfied before correcting for multiple individuals): 0.9929369461923719
Optimization score: 7732
Optimal tree inferred in 3.481 secs.
(t6,((t2,(t8,t4)),(t1,(t5,(t3,(t7,(t9,t10)))))));
Final quartet score is: 7732
Final normalized quartet score is: 0.9929369461923719
Extended species tree:
(t2,((t8,t4)1:4.295015257684257,((t1,(t5,(t3,(t7,(t9,t10)1:4.382026634673885)1:1.720933416659443)1:5.807140987643353)1:2.8462005395830277)1:2.5018562081017732,t6)1:1.1526795099383855));
Weight calculation took 0.811043404 secs
ASTRAL finished in 4.019 secs
