
================== ASTRAL ===================== 

This is ASTRAL version 5.7.8
Gene trees are treated as unrooted
6627 trees read from quartet_temp.txt
index0
All output trees will be *arbitrarily* rooted at t10

======== Running the main analysis
Number of taxa: 10 (10 species)
Taxa: [t10, t2, t1, t3, t6, t7, t8, t9, t4, t5]
Taxon occupancy: {t4=2565, t5=2813, t10=2899, t6=2412, t7=2424, t8=2592, t9=2821, t1=2263, t2=2882, t3=2837}
Number of gene trees: 6627
6627 trees have missing taxa
Calculating quartet distance matrix (for completion of X)
Species tree distances calculated ...
Will attempt to complete bipartitions from X before adding using a distance matrix.
Building set of clusters (X) from gene trees 
------------------------------
gradient0: 61
Number of Clusters after addition by distance: 61
calculating extra bipartitions to be added at level 1 ...
Adding to X using resolutions of greedy consensus ...
Limit for sigma of degrees:300
polytomy size limit : 3
discarded polytomies:  []
Threshold 0.0:
Threshold 0.01:
Threshold 0.02:
Threshold 0.05:
Threshold 0.1:
Threshold 0.2:
Threshold 0.3333333333333333:
max k is :0
Number of Clusters after addition by greedy: 61
gradient0 in heuristiic: 61
calculating all possible bipartitions ...
Number of Clusters After Adding All possible clusters: 1023
partitions formed in 2.225 secs
Dynamic Programming starting after 2.225 secs
Using tree-based weight calculation.
Using polytree-based weight calculation.
Polytree max score: 6627
Polytree building time: 0.104 seconds.
Number of quartet trees in the gene trees: 6627
Size of largest cluster: 10
Greedy score: 6575
estimationFactor: 1.0079087452471482
Sub-optimal score: 6575
Total Number of elements weighted: 990
Normalized score (portion of input quartet trees satisfied before correcting for multiple individuals): 0.9921533122076355
Optimization score: 6575
Optimal tree inferred in 2.849 secs.
(t2,(t10,((t6,t7),((t4,t5),(t1,(t8,(t3,t9)))))));
Final quartet score is: 6575
Final normalized quartet score is: 0.9921533122076355
Extended species tree:
(t10,(((t6,t7)1:2.797281334830153,((t4,t5)1:6.121029751462607,(t1,(t8,(t3,t9)1:2.3136349291806306)1:3.444682493601893)1:5.983096297437469)1:0.9082585601768909)1:3.825415587240211,t2));
Weight calculation took 0.315653201 secs
ASTRAL finished in 3.339 secs
