
================== ASTRAL ===================== 

This is ASTRAL version 5.7.8
Gene trees are treated as unrooted
6312 trees read from quartet_temp.txt
index0
All output trees will be *arbitrarily* rooted at t2

======== Running the main analysis
Number of taxa: 10 (10 species)
Taxa: [t2, t4, t1, t3, t8, t9, t5, t6, t7, t10]
Taxon occupancy: {t4=2166, t5=2469, t6=2463, t10=2854, t7=2389, t8=2532, t9=2633, t1=2343, t2=2783, t3=2616}
Number of gene trees: 6312
6312 trees have missing taxa
Calculating quartet distance matrix (for completion of X)
Species tree distances calculated ...
Will attempt to complete bipartitions from X before adding using a distance matrix.
Building set of clusters (X) from gene trees 
------------------------------
gradient0: 59
Number of Clusters after addition by distance: 59
calculating extra bipartitions to be added at level 1 ...
Adding to X using resolutions of greedy consensus ...
Limit for sigma of degrees:300
polytomy size limit : 3
discarded polytomies:  []
Threshold 0.0:
Threshold 0.01:
Threshold 0.02:
Threshold 0.05:
Threshold 0.1:
Threshold 0.2:
Threshold 0.3333333333333333:
max k is :0
Number of Clusters after addition by greedy: 59
gradient0 in heuristiic: 59
calculating all possible bipartitions ...
Number of Clusters After Adding All possible clusters: 1023
partitions formed in 0.299 secs
Dynamic Programming starting after 0.299 secs
Using tree-based weight calculation.
Using polytree-based weight calculation.
Polytree max score: 6312
Polytree building time: 0.018 seconds.
Number of quartet trees in the gene trees: 6312
Size of largest cluster: 10
Greedy score: 6168
estimationFactor: 1.0233463035019454
Sub-optimal score: 6168
Total Number of elements weighted: 959
Normalized score (portion of input quartet trees satisfied before correcting for multiple individuals): 0.9771863117870723
Optimization score: 6168
Optimal tree inferred in 0.457 secs.
(t4,(t5,(((t6,t7),(t2,t10)),(t1,(t8,(t3,t9))))));
Final quartet score is: 6168
Final normalized quartet score is: 0.9771863117870723
Extended species tree:
(t2,(t10,((t6,t7)1:1.1939224684724348,((t1,(t8,(t3,t9)1:1.7462970951512977)1:1.9924301646902058)1:6.0806956808359605,(t5,t4)1:2.25500631601091)1:0.9752582079622708)1:5.755742213586925));
Weight calculation took 0.08943727 secs
ASTRAL finished in 0.563 secs
