
================== ASTRAL ===================== 

This is ASTRAL version 5.7.8
Gene trees are treated as unrooted
6232 trees read from quartet_temp.txt
index0
All output trees will be *arbitrarily* rooted at t5

======== Running the main analysis
Number of taxa: 10 (10 species)
Taxa: [t5, t6, t1, t2, t3, t4, t7, t8, t10, t9]
Taxon occupancy: {t4=2342, t5=2931, t6=2454, t10=2030, t7=2597, t8=2761, t9=2159, t1=2346, t2=2667, t3=2641}
Number of gene trees: 6232
6232 trees have missing taxa
Calculating quartet distance matrix (for completion of X)
Species tree distances calculated ...
Will attempt to complete bipartitions from X before adding using a distance matrix.
Building set of clusters (X) from gene trees 
------------------------------
gradient0: 95
Number of Clusters after addition by distance: 95
calculating extra bipartitions to be added at level 1 ...
Adding to X using resolutions of greedy consensus ...
Limit for sigma of degrees:300
polytomy size limit : 3
discarded polytomies:  []
Threshold 0.0:
Threshold 0.01:
Threshold 0.02:
Threshold 0.05:
Threshold 0.1:
Threshold 0.2:
Threshold 0.3333333333333333:
max k is :0
Number of Clusters after addition by greedy: 95
gradient0 in heuristiic: 95
calculating all possible bipartitions ...
Number of Clusters After Adding All possible clusters: 1023
partitions formed in 1.607 secs
Dynamic Programming starting after 1.607 secs
Using tree-based weight calculation.
Using polytree-based weight calculation.
Polytree max score: 6232
Polytree building time: 0.172 seconds.
Number of quartet trees in the gene trees: 6232
Size of largest cluster: 10
Greedy score: 6095
estimationFactor: 1.0224774405250205
Sub-optimal score: 6115
Total Number of elements weighted: 1139
Normalized score (portion of input quartet trees satisfied before correcting for multiple individuals): 0.9812259306803595
Optimization score: 6115
Optimal tree inferred in 2.672 secs.
(t6,(t5,(t2,(t4,(t1,((t3,t10),(t9,(t7,t8))))))));
Final quartet score is: 6115
Final normalized quartet score is: 0.9812259306803595
Extended species tree:
(t5,((t2,(t4,(t1,((t3,t10)1:0.6505875661411494,(t9,(t7,t8)1:2.6855773452501523)1:0.4473122180436648)1:5.264415814872353)1:2.6625878270254533)1:1.413693335308005)1:2.9026418504879783,t6));
Weight calculation took 0.737496269 secs
ASTRAL finished in 3.184 secs
