
================== ASTRAL ===================== 

This is ASTRAL version 5.7.8
Gene trees are treated as unrooted
6663 trees read from quartet_temp.txt
index0
All output trees will be *arbitrarily* rooted at t2

======== Running the main analysis
Number of taxa: 10 (10 species)
Taxa: [t2, t3, t1, t4, t8, t6, t7, t10, t9, t5]
Taxon occupancy: {t4=2234, t5=2273, t6=2518, t10=2866, t7=2404, t8=2098, t9=2863, t1=2480, t2=3459, t3=3457}
Number of gene trees: 6663
6663 trees have missing taxa
Calculating quartet distance matrix (for completion of X)
Species tree distances calculated ...
Will attempt to complete bipartitions from X before adding using a distance matrix.
Building set of clusters (X) from gene trees 
------------------------------
gradient0: 55
Number of Clusters after addition by distance: 55
calculating extra bipartitions to be added at level 1 ...
Adding to X using resolutions of greedy consensus ...
Limit for sigma of degrees:300
polytomy size limit : 3
discarded polytomies:  []
Threshold 0.0:
Threshold 0.01:
Threshold 0.02:
Threshold 0.05:
Threshold 0.1:
Threshold 0.2:
Threshold 0.3333333333333333:
max k is :0
Number of Clusters after addition by greedy: 55
gradient0 in heuristiic: 55
calculating all possible bipartitions ...
Number of Clusters After Adding All possible clusters: 1023
partitions formed in 2.079 secs
Dynamic Programming starting after 2.079 secs
Using tree-based weight calculation.
Using polytree-based weight calculation.
Polytree max score: 6663
Polytree building time: 0.114 seconds.
Number of quartet trees in the gene trees: 6663
Size of largest cluster: 10
Greedy score: 6584
estimationFactor: 1.0119987849331713
Sub-optimal score: 6584
Total Number of elements weighted: 1058
Normalized score (portion of input quartet trees satisfied before correcting for multiple individuals): 0.9881434789134024
Optimization score: 6584
Optimal tree inferred in 3.072 secs.
(t3,(t2,(t1,((t4,t8),((t10,t9),(t5,(t6,t7)))))));
Final quartet score is: 6584
Final normalized quartet score is: 0.9881434789134024
Extended species tree:
(t2,((t1,((t4,t8)1:1.2909841813155656,((t10,t9)1:4.10539439840869,(t5,(t6,t7)1:1.365240951922058)1:1.748509485434238)1:2.6539829798319334)1:3.136608422172552)1:5.390592642657216,t3));
Weight calculation took 0.681746634 secs
ASTRAL finished in 3.601 secs
