
================== ASTRAL ===================== 

This is ASTRAL version 5.7.8
Gene trees are treated as unrooted
5488 trees read from quartet_temp.txt
index0
All output trees will be *arbitrarily* rooted at t3

======== Running the main analysis
Number of taxa: 10 (10 species)
Taxa: [t3, t8, t1, t5, t6, t7, t9, t10, t2, t4]
Taxon occupancy: {t4=1850, t5=2001, t6=1918, t10=2207, t7=1780, t8=2671, t9=1929, t1=2121, t2=2498, t3=2977}
Number of gene trees: 5488
5488 trees have missing taxa
Calculating quartet distance matrix (for completion of X)
Species tree distances calculated ...
Will attempt to complete bipartitions from X before adding using a distance matrix.
Building set of clusters (X) from gene trees 
------------------------------
gradient0: 79
Number of Clusters after addition by distance: 79
calculating extra bipartitions to be added at level 1 ...
Adding to X using resolutions of greedy consensus ...
Limit for sigma of degrees:300
polytomy size limit : 3
discarded polytomies:  []
Threshold 0.0:
Threshold 0.01:
Threshold 0.02:
Threshold 0.05:
Threshold 0.1:
Threshold 0.2:
Threshold 0.3333333333333333:
max k is :0
Number of Clusters after addition by greedy: 79
gradient0 in heuristiic: 79
calculating all possible bipartitions ...
Number of Clusters After Adding All possible clusters: 1023
partitions formed in 1.41 secs
Dynamic Programming starting after 1.41 secs
Using tree-based weight calculation.
Using polytree-based weight calculation.
Polytree max score: 5488
Polytree building time: 0.088 seconds.
Number of quartet trees in the gene trees: 5488
Size of largest cluster: 10
Greedy score: 5374
estimationFactor: 1.0212132489765537
Sub-optimal score: 5374
Total Number of elements weighted: 1066
Normalized score (portion of input quartet trees satisfied before correcting for multiple individuals): 0.9792274052478134
Optimization score: 5374
Optimal tree inferred in 1.985 secs.
(t8,(t3,(t2,(t4,((t1,t10),(t7,(t6,(t5,t9))))))));
Final quartet score is: 5374
Final normalized quartet score is: 0.9792274052478134
Extended species tree:
(t3,((t2,(t4,((t1,t10)1:2.807237857652955,(t7,(t6,(t5,t9)0.42:0.04652001563489282)1:1.0608719606852628)1:0.7114963192281418)1:5.861735440433171)1:4.037186148382156)1:3.784189633918262,t8));
Weight calculation took 0.282547111 secs
ASTRAL finished in 2.452 secs
