
================== ASTRAL ===================== 

This is ASTRAL version 5.7.8
Gene trees are treated as unrooted
3004 trees read from quartet_temp.txt
index0
All output trees will be *arbitrarily* rooted at t10

======== Running the main analysis
Number of taxa: 10 (10 species)
Taxa: [t10, t4, t2, t3, t5, t6, t7, t8, t9, t1]
Taxon occupancy: {t4=1420, t5=1169, t10=1382, t6=1346, t7=991, t8=999, t9=1295, t1=1122, t2=1006, t3=1286}
Number of gene trees: 3004
3004 trees have missing taxa
Calculating quartet distance matrix (for completion of X)
Species tree distances calculated ...
Will attempt to complete bipartitions from X before adding using a distance matrix.
Building set of clusters (X) from gene trees 
------------------------------
gradient0: 61
Number of Clusters after addition by distance: 61
calculating extra bipartitions to be added at level 1 ...
Adding to X using resolutions of greedy consensus ...
Limit for sigma of degrees:300
polytomy size limit : 3
discarded polytomies:  []
Threshold 0.0:
Threshold 0.01:
Threshold 0.02:
Threshold 0.05:
Threshold 0.1:
Threshold 0.2:
Threshold 0.3333333333333333:
max k is :0
Number of Clusters after addition by greedy: 61
gradient0 in heuristiic: 61
calculating all possible bipartitions ...
Number of Clusters After Adding All possible clusters: 1023
partitions formed in 0.862 secs
Dynamic Programming starting after 0.862 secs
Using tree-based weight calculation.
Using polytree-based weight calculation.
Polytree max score: 3004
Polytree building time: 0.118 seconds.
Number of quartet trees in the gene trees: 3004
Size of largest cluster: 10
Greedy score: 2947
estimationFactor: 1.019341703427214
Sub-optimal score: 2947
Total Number of elements weighted: 965
Normalized score (portion of input quartet trees satisfied before correcting for multiple individuals): 0.9810252996005326
Optimization score: 2947
Optimal tree inferred in 1.427 secs.
(t4,(t10,((t7,(t6,t9)),(t1,(t2,(t8,(t3,t5)))))));
Final quartet score is: 2947
Final normalized quartet score is: 0.9810252996005326
You may want to ignore posterior probabilities and other statistics related to the following branch branch because the effective number of genes impacting it is only 6:
	{t6, t9}
Extended species tree:
(t10,(((t7,(t6,t9)1:1.5404450409471486)1:4.941642422609307,(t1,(t2,(t8,(t3,t5)1:0.9444616088408512)1:3.799227511282799)1:1.2490932396064056)1:1.7783364488959146)1:2.5290564344009296,t4));
Weight calculation took 0.261468668 secs
ASTRAL finished in 1.773 secs
