
================== ASTRAL ===================== 

This is ASTRAL version 5.7.8
Gene trees are treated as unrooted
5336 trees read from quartet_temp.txt
index0
All output trees will be *arbitrarily* rooted at t3

======== Running the main analysis
Number of taxa: 10 (10 species)
Taxa: [t3, t4, t1, t2, t5, t6, t7, t8, t9, t10]
Taxon occupancy: {t4=2928, t5=2726, t6=1752, t10=2002, t7=2068, t8=2135, t9=1597, t1=1476, t2=1698, t3=2962}
Number of gene trees: 5336
5336 trees have missing taxa
Calculating quartet distance matrix (for completion of X)
Species tree distances calculated ...
Will attempt to complete bipartitions from X before adding using a distance matrix.
Building set of clusters (X) from gene trees 
------------------------------
gradient0: 107
Number of Clusters after addition by distance: 107
calculating extra bipartitions to be added at level 1 ...
Adding to X using resolutions of greedy consensus ...
Limit for sigma of degrees:300
polytomy size limit : 3
discarded polytomies:  []
Threshold 0.0:
Threshold 0.01:
Threshold 0.02:
Threshold 0.05:
Threshold 0.1:
Threshold 0.2:
Threshold 0.3333333333333333:
max k is :0
Number of Clusters after addition by greedy: 107
gradient0 in heuristiic: 107
calculating all possible bipartitions ...
Number of Clusters After Adding All possible clusters: 1023
partitions formed in 1.795 secs
Dynamic Programming starting after 1.795 secs
Using tree-based weight calculation.
Using polytree-based weight calculation.
Polytree max score: 5336
Polytree building time: 0.077 seconds.
Number of quartet trees in the gene trees: 5336
Size of largest cluster: 10
Greedy score: 5084
estimationFactor: 1.049567269866247
Sub-optimal score: 5084
Total Number of elements weighted: 1350
Normalized score (portion of input quartet trees satisfied before correcting for multiple individuals): 0.9540854572713643
Optimization score: 5091
Optimal tree inferred in 2.487 secs.
(t4,(t3,(t5,(t1,((t6,t9),((t8,t10),(t2,t7)))))));
Final quartet score is: 5091
Final normalized quartet score is: 0.9540854572713643
Extended species tree:
(t3,((t5,(t1,((t6,t9)0.85:0.15415067982725836,((t8,t10)1:2.594105941752993,(t2,t7)1:1.1216018068928086)0.99:0.18687737332981544)1:2.113927717751005)1:3.7489436948565835)1:2.0306513775104036,t4));
Weight calculation took 0.40034037 secs
ASTRAL finished in 2.974 secs
