
================== ASTRAL ===================== 

This is ASTRAL version 5.7.8
Gene trees are treated as unrooted
4798 trees read from quartet_temp.txt
index0
All output trees will be *arbitrarily* rooted at t5

======== Running the main analysis
Number of taxa: 10 (10 species)
Taxa: [t5, t6, t2, t3, t4, t7, t8, t9, t10, t1]
Taxon occupancy: {t4=1725, t5=1824, t6=1605, t10=2215, t7=2246, t8=2232, t9=1539, t1=1691, t2=2139, t3=1976}
Number of gene trees: 4798
4798 trees have missing taxa
Calculating quartet distance matrix (for completion of X)
Species tree distances calculated ...
Will attempt to complete bipartitions from X before adding using a distance matrix.
Building set of clusters (X) from gene trees 
------------------------------
gradient0: 87
Number of Clusters after addition by distance: 87
calculating extra bipartitions to be added at level 1 ...
Adding to X using resolutions of greedy consensus ...
Limit for sigma of degrees:300
polytomy size limit : 3
discarded polytomies:  []
Threshold 0.0:
Threshold 0.01:
Threshold 0.02:
Threshold 0.05:
Threshold 0.1:
Threshold 0.2:
Threshold 0.3333333333333333:
max k is :0
Number of Clusters after addition by greedy: 87
gradient0 in heuristiic: 87
calculating all possible bipartitions ...
Number of Clusters After Adding All possible clusters: 1023
partitions formed in 1.631 secs
Dynamic Programming starting after 1.631 secs
Using tree-based weight calculation.
Using polytree-based weight calculation.
Polytree max score: 4798
Polytree building time: 0.077 seconds.
Number of quartet trees in the gene trees: 4798
Size of largest cluster: 10
Greedy score: 4700
estimationFactor: 1.0208510638297872
Sub-optimal score: 4700
Total Number of elements weighted: 974
Normalized score (portion of input quartet trees satisfied before correcting for multiple individuals): 0.9795748228428511
Optimization score: 4700
Optimal tree inferred in 2.223 secs.
(t6,((t5,(t7,(t8,t10))),(t9,((t4,t1),(t2,t3)))));
Final quartet score is: 4700
Final normalized quartet score is: 0.9795748228428511
Extended species tree:
(t5,((t7,(t8,t10)1:3.951243718581431)1:4.109050709611792,((t9,((t4,t1)1:1.0098167898849784,(t2,t3)1:2.730029107820986)1:3.462755274661589)1:0.8778812837592839,t6)1:2.094040341100988));
Weight calculation took 0.317933957 secs
ASTRAL finished in 2.667 secs
