
================== ASTRAL ===================== 

This is ASTRAL version 5.7.8
Gene trees are treated as unrooted
7306 trees read from quartet_temp.txt
index0
All output trees will be *arbitrarily* rooted at t3

======== Running the main analysis
Number of taxa: 10 (10 species)
Taxa: [t3, t4, t1, t2, t5, t6, t7, t8, t9, t10]
Taxon occupancy: {t4=2799, t5=3264, t6=3562, t10=3561, t7=3042, t8=2264, t9=2897, t1=2785, t2=2537, t3=2513}
Number of gene trees: 7306
7306 trees have missing taxa
Calculating quartet distance matrix (for completion of X)
Species tree distances calculated ...
Will attempt to complete bipartitions from X before adding using a distance matrix.
Building set of clusters (X) from gene trees 
------------------------------
gradient0: 79
Number of Clusters after addition by distance: 79
calculating extra bipartitions to be added at level 1 ...
Adding to X using resolutions of greedy consensus ...
Limit for sigma of degrees:300
polytomy size limit : 3
discarded polytomies:  []
Threshold 0.0:
Threshold 0.01:
Threshold 0.02:
Threshold 0.05:
Threshold 0.1:
Threshold 0.2:
Threshold 0.3333333333333333:
max k is :0
Number of Clusters after addition by greedy: 79
gradient0 in heuristiic: 79
calculating all possible bipartitions ...
Number of Clusters After Adding All possible clusters: 1023
partitions formed in 2.024 secs
Dynamic Programming starting after 2.024 secs
Using tree-based weight calculation.
Using polytree-based weight calculation.
Polytree max score: 7306
Polytree building time: 0.095 seconds.
Number of quartet trees in the gene trees: 7306
Size of largest cluster: 10
Greedy score: 7188
estimationFactor: 1.0164162493043962
Sub-optimal score: 7188
Total Number of elements weighted: 831
Normalized score (portion of input quartet trees satisfied before correcting for multiple individuals): 0.9838488913222009
Optimization score: 7188
Optimal tree inferred in 2.966 secs.
(t4,((t7,(t5,t9)),((t3,t2),(t1,(t8,(t6,t10))))));
Final quartet score is: 7188
Final normalized quartet score is: 0.9838488913222009
Extended species tree:
(t3,(t2,((t1,(t8,(t6,t10)1:4.339467020255092)1:4.481117537318113)1:1.2836402070598072,((t7,(t5,t9)1:0.9808292530117262)1:2.044102175234527,t4)1:5.202784939826476)1:0.9603507216681858));
Weight calculation took 0.636535334 secs
ASTRAL finished in 3.5 secs
