
================== ASTRAL ===================== 

This is ASTRAL version 5.7.8
Gene trees are treated as unrooted
5073 trees read from quartet_temp.txt
index0
All output trees will be *arbitrarily* rooted at t3

======== Running the main analysis
Number of taxa: 10 (10 species)
Taxa: [t3, t4, t1, t2, t5, t6, t7, t8, t9, t10]
Taxon occupancy: {t4=1868, t5=1487, t6=1768, t10=1770, t7=1783, t8=1887, t9=1889, t1=3007, t2=3037, t3=1796}
Number of gene trees: 5073
5073 trees have missing taxa
Calculating quartet distance matrix (for completion of X)
Species tree distances calculated ...
Will attempt to complete bipartitions from X before adding using a distance matrix.
Building set of clusters (X) from gene trees 
------------------------------
gradient0: 71
Number of Clusters after addition by distance: 71
calculating extra bipartitions to be added at level 1 ...
Adding to X using resolutions of greedy consensus ...
Limit for sigma of degrees:300
polytomy size limit : 3
discarded polytomies:  []
Threshold 0.0:
Threshold 0.01:
Threshold 0.02:
Threshold 0.05:
Threshold 0.1:
Threshold 0.2:
Threshold 0.3333333333333333:
max k is :0
Number of Clusters after addition by greedy: 71
gradient0 in heuristiic: 71
calculating all possible bipartitions ...
Number of Clusters After Adding All possible clusters: 1023
partitions formed in 1.53 secs
Dynamic Programming starting after 1.53 secs
Using tree-based weight calculation.
Using polytree-based weight calculation.
Polytree max score: 5073
Polytree building time: 0.086 seconds.
Number of quartet trees in the gene trees: 5073
Size of largest cluster: 10
Greedy score: 4907
estimationFactor: 1.0338292235581823
Sub-optimal score: 4907
Total Number of elements weighted: 1586
Normalized score (portion of input quartet trees satisfied before correcting for multiple individuals): 0.967277744924108
Optimization score: 4907
Optimal tree inferred in 2.182 secs.
(t4,(t5,((t10,(t6,t9)),((t7,t8),(t3,(t1,t2))))));
Final quartet score is: 4907
Final normalized quartet score is: 0.967277744924108
Extended species tree:
(t3,((t1,t2)1:5.443859671838677,((t7,t8)1:2.8995884130010885,((t10,(t6,t9)0.99:0.35667494393873245)1:2.1259615573147284,(t5,t4)1:0.47378435208564146)1:1.4879442973811814)1:4.10539439840869));
Weight calculation took 0.346621787 secs
ASTRAL finished in 2.647 secs
