
================== ASTRAL ===================== 

This is ASTRAL version 5.7.8
Gene trees are treated as unrooted
5830 trees read from quartet_temp.txt
index0
All output trees will be *arbitrarily* rooted at t10

======== Running the main analysis
Number of taxa: 10 (10 species)
Taxa: [t10, t9, t1, t2, t3, t4, t5, t6, t7, t8]
Taxon occupancy: {t4=1882, t5=2245, t10=1950, t6=2426, t7=2293, t8=2058, t9=2304, t1=2762, t2=2803, t3=2597}
Number of gene trees: 5830
5830 trees have missing taxa
Calculating quartet distance matrix (for completion of X)
Species tree distances calculated ...
Will attempt to complete bipartitions from X before adding using a distance matrix.
Building set of clusters (X) from gene trees 
------------------------------
gradient0: 103
Number of Clusters after addition by distance: 103
calculating extra bipartitions to be added at level 1 ...
Adding to X using resolutions of greedy consensus ...
Limit for sigma of degrees:300
polytomy size limit : 3
discarded polytomies:  []
Threshold 0.0:
Threshold 0.01:
Threshold 0.02:
Threshold 0.05:
Threshold 0.1:
Threshold 0.2:
Threshold 0.3333333333333333:
max k is :0
Number of Clusters after addition by greedy: 103
gradient0 in heuristiic: 103
calculating all possible bipartitions ...
Number of Clusters After Adding All possible clusters: 1023
partitions formed in 1.776 secs
Dynamic Programming starting after 1.776 secs
Using tree-based weight calculation.
Using polytree-based weight calculation.
Polytree max score: 5830
Polytree building time: 0.091 seconds.
Number of quartet trees in the gene trees: 5830
Size of largest cluster: 10
Greedy score: 5683
estimationFactor: 1.0258666197430935
Sub-optimal score: 5683
Total Number of elements weighted: 1227
Normalized score (portion of input quartet trees satisfied before correcting for multiple individuals): 0.9747855917667239
Optimization score: 5683
Optimal tree inferred in 2.857 secs.
(t9,(t10,(t5,((t6,t7),(t4,((t3,t8),(t1,t2)))))));
Final quartet score is: 5683
Final normalized quartet score is: 0.9747855917667239
Extended species tree:
(t10,((t5,((t6,t7)1:2.2632240191134656,(t4,((t3,t8)1:3.349904087274605,(t1,t2)1:3.242592351485518)1:2.8080631104334404)1:2.0730106513495454)1:0.7270487322356267)1:1.6341305250244715,t9));
Weight calculation took 0.797862316 secs
ASTRAL finished in 3.382 secs
