
================== ASTRAL ===================== 

This is ASTRAL version 5.7.8
Gene trees are treated as unrooted
6593 trees read from quartet_temp.txt
index0
All output trees will be *arbitrarily* rooted at t3

======== Running the main analysis
Number of taxa: 10 (10 species)
Taxa: [t3, t8, t1, t2, t4, t5, t6, t9, t7, t10]
Taxon occupancy: {t4=2572, t5=2980, t6=2422, t10=2264, t7=2801, t8=2955, t9=2178, t1=2461, t2=2931, t3=2808}
Number of gene trees: 6593
6593 trees have missing taxa
Calculating quartet distance matrix (for completion of X)
Species tree distances calculated ...
Will attempt to complete bipartitions from X before adding using a distance matrix.
Building set of clusters (X) from gene trees 
------------------------------
gradient0: 73
Number of Clusters after addition by distance: 73
calculating extra bipartitions to be added at level 1 ...
Adding to X using resolutions of greedy consensus ...
Limit for sigma of degrees:300
polytomy size limit : 3
discarded polytomies:  []
Threshold 0.0:
Threshold 0.01:
Threshold 0.02:
Threshold 0.05:
Threshold 0.1:
Threshold 0.2:
Threshold 0.3333333333333333:
max k is :0
Number of Clusters after addition by greedy: 73
gradient0 in heuristiic: 73
calculating all possible bipartitions ...
Number of Clusters After Adding All possible clusters: 1023
partitions formed in 1.823 secs
Dynamic Programming starting after 1.823 secs
Using tree-based weight calculation.
Using polytree-based weight calculation.
Polytree max score: 6593
Polytree building time: 0.096 seconds.
Number of quartet trees in the gene trees: 6593
Size of largest cluster: 10
Greedy score: 6496
estimationFactor: 1.0149322660098523
Sub-optimal score: 6496
Total Number of elements weighted: 1025
Normalized score (portion of input quartet trees satisfied before correcting for multiple individuals): 0.9852874260579403
Optimization score: 6496
Optimal tree inferred in 2.912 secs.
(t8,(t7,(t9,((t3,t10),(t1,(t4,(t2,(t5,t6))))))));
Final quartet score is: 6496
Final normalized quartet score is: 0.9852874260579403
Extended species tree:
(t3,(t10,((t1,(t4,(t2,(t5,t6)1:3.4726563456442983)1:0.9721711902686117)1:1.9814611333196321)1:6.2265366692874995,(t9,(t7,t8)1:2.5790938648477013)1:1.2685113254635072)1:2.1664529186694663));
Weight calculation took 0.727553896 secs
ASTRAL finished in 3.414 secs
