
================== ASTRAL ===================== 

This is ASTRAL version 5.7.8
Gene trees are treated as unrooted
4497 trees read from quartet_temp.txt
index0
All output trees will be *arbitrarily* rooted at t8

======== Running the main analysis
Number of taxa: 10 (10 species)
Taxa: [t8, t9, t1, t2, t3, t5, t6, t7, t10, t4]
Taxon occupancy: {t4=1818, t5=1607, t6=1417, t10=1698, t7=1491, t8=2240, t9=2391, t1=2014, t2=1724, t3=1588}
Number of gene trees: 4497
4497 trees have missing taxa
Calculating quartet distance matrix (for completion of X)
Species tree distances calculated ...
Will attempt to complete bipartitions from X before adding using a distance matrix.
Building set of clusters (X) from gene trees 
------------------------------
gradient0: 91
Number of Clusters after addition by distance: 91
calculating extra bipartitions to be added at level 1 ...
Adding to X using resolutions of greedy consensus ...
Limit for sigma of degrees:300
polytomy size limit : 3
discarded polytomies:  []
Threshold 0.0:
Threshold 0.01:
Threshold 0.02:
Threshold 0.05:
Threshold 0.1:
Threshold 0.2:
Threshold 0.3333333333333333:
max k is :0
Number of Clusters after addition by greedy: 91
gradient0 in heuristiic: 91
calculating all possible bipartitions ...
Number of Clusters After Adding All possible clusters: 1023
partitions formed in 1.664 secs
Dynamic Programming starting after 1.664 secs
Using tree-based weight calculation.
Using polytree-based weight calculation.
Polytree max score: 4497
Polytree building time: 0.074 seconds.
Number of quartet trees in the gene trees: 4497
Size of largest cluster: 10
Greedy score: 4320
estimationFactor: 1.0409722222222222
Sub-optimal score: 4320
Total Number of elements weighted: 1066
Normalized score (portion of input quartet trees satisfied before correcting for multiple individuals): 0.9606404269513009
Optimization score: 4320
Optimal tree inferred in 2.248 secs.
(t9,(t8,(t1,(t6,((t2,t7),(t3,(t5,(t10,t4))))))));
Final quartet score is: 4320
Final normalized quartet score is: 0.9606404269513009
Extended species tree:
(t8,((t1,(t6,((t2,t7)1:3.4318343511240443,(t3,(t5,(t10,t4)1:1.417066019786644)1:1.0330150061822962)1:1.4480717208161338)0.97:0.26662866325394846)1:3.534728774286676)1:4.194692536056379,t9));
Weight calculation took 0.267157016 secs
ASTRAL finished in 2.679 secs
