
================== ASTRAL ===================== 

This is ASTRAL version 5.7.8
Gene trees are treated as unrooted
7890 trees read from quartet_temp.txt
index0
All output trees will be *arbitrarily* rooted at t3

======== Running the main analysis
Number of taxa: 10 (10 species)
Taxa: [t3, t7, t2, t4, t6, t8, t9, t10, t5, t1]
Taxon occupancy: {t4=3531, t5=2441, t6=3347, t10=3861, t7=3475, t8=3453, t9=3805, t1=2142, t2=2637, t3=2868}
Number of gene trees: 7890
7890 trees have missing taxa
Calculating quartet distance matrix (for completion of X)
Species tree distances calculated ...
Will attempt to complete bipartitions from X before adding using a distance matrix.
Building set of clusters (X) from gene trees 
------------------------------
gradient0: 91
Number of Clusters after addition by distance: 91
calculating extra bipartitions to be added at level 1 ...
Adding to X using resolutions of greedy consensus ...
Limit for sigma of degrees:300
polytomy size limit : 3
discarded polytomies:  []
Threshold 0.0:
Threshold 0.01:
Threshold 0.02:
Threshold 0.05:
Threshold 0.1:
Threshold 0.2:
Threshold 0.3333333333333333:
max k is :0
Number of Clusters after addition by greedy: 91
gradient0 in heuristiic: 91
calculating all possible bipartitions ...
Number of Clusters After Adding All possible clusters: 1023
partitions formed in 2.406 secs
Dynamic Programming starting after 2.407 secs
Using tree-based weight calculation.
Using polytree-based weight calculation.
Polytree max score: 7890
Polytree building time: 0.106 seconds.
Number of quartet trees in the gene trees: 7890
Size of largest cluster: 10
Greedy score: 7754
estimationFactor: 1.0175393345370132
Sub-optimal score: 7754
Total Number of elements weighted: 1066
Normalized score (portion of input quartet trees satisfied before correcting for multiple individuals): 0.9827629911280101
Optimization score: 7754
Optimal tree inferred in 3.582 secs.
(t7,((t9,t10),(t3,(t5,(t1,(t6,(t2,(t4,t8))))))));
Final quartet score is: 7754
Final normalized quartet score is: 0.9827629911280101
Extended species tree:
(t3,((t5,(t1,(t6,(t2,(t4,t8)1:2.8332133440562166)0.92:0.1844978362165501)1:2.6026896854443837)1:2.8415815937267332)1:4.167181886174365,((t9,t10)1:3.401197381662154,t7)1:2.2755564206061254));
Weight calculation took 0.846713981 secs
ASTRAL finished in 4.087 secs
