
================== ASTRAL ===================== 

This is ASTRAL version 5.7.8
Gene trees are treated as unrooted
7769 trees read from quartet_temp.txt
index0
All output trees will be *arbitrarily* rooted at t10

======== Running the main analysis
Number of taxa: 10 (10 species)
Taxa: [t10, t4, t1, t2, t5, t6, t7, t8, t9, t3]
Taxon occupancy: {t4=4117, t5=3053, t10=4217, t6=2360, t7=3147, t8=2751, t9=2873, t1=2712, t2=2817, t3=3029}
Number of gene trees: 7769
7769 trees have missing taxa
Calculating quartet distance matrix (for completion of X)
Species tree distances calculated ...
Will attempt to complete bipartitions from X before adding using a distance matrix.
Building set of clusters (X) from gene trees 
------------------------------
gradient0: 87
Number of Clusters after addition by distance: 87
calculating extra bipartitions to be added at level 1 ...
Adding to X using resolutions of greedy consensus ...
Limit for sigma of degrees:300
polytomy size limit : 3
discarded polytomies:  []
Threshold 0.0:
Threshold 0.01:
Threshold 0.02:
Threshold 0.05:
Threshold 0.1:
Threshold 0.2:
Threshold 0.3333333333333333:
max k is :0
Number of Clusters after addition by greedy: 87
gradient0 in heuristiic: 87
calculating all possible bipartitions ...
Number of Clusters After Adding All possible clusters: 1023
partitions formed in 0.386 secs
Dynamic Programming starting after 0.386 secs
Using tree-based weight calculation.
Using polytree-based weight calculation.
Polytree max score: 7769
Polytree building time: 0.025 seconds.
Number of quartet trees in the gene trees: 7769
Size of largest cluster: 10
Greedy score: 7571
estimationFactor: 1.0261524237220976
Sub-optimal score: 7571
Total Number of elements weighted: 1063
Normalized score (portion of input quartet trees satisfied before correcting for multiple individuals): 0.9745140944780538
Optimization score: 7571
Optimal tree inferred in 0.617 secs.
(t4,(t10,(t3,(t1,(t2,(t6,((t5,t7),(t8,t9))))))));
Final quartet score is: 7571
Final normalized quartet score is: 0.9745140944780538
Extended species tree:
(t10,((t3,(t1,(t2,(t6,((t5,t7)1:1.5344748739606449,(t8,t9)1:1.0195437651924169)1:2.2909231532462018)1:0.7151260872787205)1:2.876024309488023)1:5.211305989558401)1:5.006180943746879,t4));
Weight calculation took 0.160040835 secs
ASTRAL finished in 0.771 secs
