
================== ASTRAL ===================== 

This is ASTRAL version 5.7.8
Gene trees are treated as unrooted
6291 trees read from quartet_temp.txt
index0
All output trees will be *arbitrarily* rooted at t2

======== Running the main analysis
Number of taxa: 10 (10 species)
Taxa: [t2, t3, t1, t10, t7, t8, t5, t6, t4, t9]
Taxon occupancy: {t4=2479, t5=2890, t10=2376, t6=2821, t7=2254, t8=2766, t9=2542, t1=2195, t2=2304, t3=2537}
Number of gene trees: 6291
6291 trees have missing taxa
Calculating quartet distance matrix (for completion of X)
Species tree distances calculated ...
Will attempt to complete bipartitions from X before adding using a distance matrix.
Building set of clusters (X) from gene trees 
------------------------------
gradient0: 87
Number of Clusters after addition by distance: 87
calculating extra bipartitions to be added at level 1 ...
Adding to X using resolutions of greedy consensus ...
Limit for sigma of degrees:300
polytomy size limit : 3
discarded polytomies:  []
Threshold 0.0:
Threshold 0.01:
Threshold 0.02:
Threshold 0.05:
Threshold 0.1:
Threshold 0.2:
Threshold 0.3333333333333333:
max k is :0
Number of Clusters after addition by greedy: 87
gradient0 in heuristiic: 87
calculating all possible bipartitions ...
Number of Clusters After Adding All possible clusters: 1023
partitions formed in 1.682 secs
Dynamic Programming starting after 1.682 secs
Using tree-based weight calculation.
Using polytree-based weight calculation.
Polytree max score: 6291
Polytree building time: 0.109 seconds.
Number of quartet trees in the gene trees: 6291
Size of largest cluster: 10
Greedy score: 6138
estimationFactor: 1.0249266862170088
Sub-optimal score: 6138
Total Number of elements weighted: 1186
Normalized score (portion of input quartet trees satisfied before correcting for multiple individuals): 0.9756795422031473
Optimization score: 6138
Optimal tree inferred in 2.66 secs.
(t3,(t8,(t2,((t4,t9),(t7,((t5,t6),(t1,t10)))))));
Final quartet score is: 6138
Final normalized quartet score is: 0.9756795422031473
Extended species tree:
(t2,(((t4,t9)1:2.646962509122371,(t7,((t5,t6)1:3.437565025833029,(t1,t10)1:4.759320865815357)1:2.0527732945976744)1:3.2792389745952932)1:2.0594007907963894,(t8,t3)0.89:0.17556477433107473));
Weight calculation took 0.62655362 secs
ASTRAL finished in 3.264 secs
