
================== ASTRAL ===================== 

This is ASTRAL version 5.7.8
Gene trees are treated as unrooted
5755 trees read from quartet_temp.txt
index0
All output trees will be *arbitrarily* rooted at t2

======== Running the main analysis
Number of taxa: 10 (10 species)
Taxa: [t2, t3, t1, t10, t4, t6, t7, t8, t9, t5]
Taxon occupancy: {t4=1855, t5=2081, t10=2321, t6=2089, t7=1698, t8=2815, t9=2163, t1=2220, t2=2580, t3=3198}
Number of gene trees: 5755
5755 trees have missing taxa
Calculating quartet distance matrix (for completion of X)
Species tree distances calculated ...
Will attempt to complete bipartitions from X before adding using a distance matrix.
Building set of clusters (X) from gene trees 
------------------------------
gradient0: 89
Number of Clusters after addition by distance: 89
calculating extra bipartitions to be added at level 1 ...
Adding to X using resolutions of greedy consensus ...
Limit for sigma of degrees:300
polytomy size limit : 3
discarded polytomies:  []
Threshold 0.0:
Threshold 0.01:
Threshold 0.02:
Threshold 0.05:
Threshold 0.1:
Threshold 0.2:
Threshold 0.3333333333333333:
max k is :0
Number of Clusters after addition by greedy: 89
gradient0 in heuristiic: 89
calculating all possible bipartitions ...
Number of Clusters After Adding All possible clusters: 1023
partitions formed in 0.334 secs
Dynamic Programming starting after 0.334 secs
Using tree-based weight calculation.
Using polytree-based weight calculation.
Polytree max score: 5755
Polytree building time: 0.019 seconds.
Number of quartet trees in the gene trees: 5755
Size of largest cluster: 10
Greedy score: 5615
estimationFactor: 1.02493321460374
Sub-optimal score: 5615
Total Number of elements weighted: 1066
Normalized score (portion of input quartet trees satisfied before correcting for multiple individuals): 0.9756733275412685
Optimization score: 5615
Optimal tree inferred in 0.523 secs.
(t3,(t8,(t2,(t4,((t1,t10),(t7,(t5,(t6,t9))))))));
Final quartet score is: 5615
Final normalized quartet score is: 0.9756733275412685
Extended species tree:
(t2,((t4,((t1,t10)1:2.1565212842227153,(t7,(t5,(t6,t9)0.75:0.17261274266699364)1:1.0608719606852628)1:0.621173680934856)1:5.8786690529626195)1:4.631487494305473,(t8,t3)1:2.730029107820986));
Weight calculation took 0.129485754 secs
ASTRAL finished in 0.634 secs
