
================== ASTRAL ===================== 

This is ASTRAL version 5.7.8
Gene trees are treated as unrooted
4147 trees read from quartet_temp.txt
index0
All output trees will be *arbitrarily* rooted at t3

======== Running the main analysis
Number of taxa: 10 (10 species)
Taxa: [t3, t4, t2, t5, t6, t9, t10, t7, t8, t1]
Taxon occupancy: {t4=1595, t5=1715, t6=1670, t10=1395, t7=1963, t8=1830, t9=1600, t1=1559, t2=1581, t3=1680}
Number of gene trees: 4147
4147 trees have missing taxa
Calculating quartet distance matrix (for completion of X)
Species tree distances calculated ...
Will attempt to complete bipartitions from X before adding using a distance matrix.
Building set of clusters (X) from gene trees 
------------------------------
gradient0: 57
Number of Clusters after addition by distance: 57
calculating extra bipartitions to be added at level 1 ...
Adding to X using resolutions of greedy consensus ...
Limit for sigma of degrees:300
polytomy size limit : 3
discarded polytomies:  []
Threshold 0.0:
Threshold 0.01:
Threshold 0.02:
Threshold 0.05:
Threshold 0.1:
Threshold 0.2:
Threshold 0.3333333333333333:
max k is :0
Number of Clusters after addition by greedy: 57
gradient0 in heuristiic: 57
calculating all possible bipartitions ...
Number of Clusters After Adding All possible clusters: 1023
partitions formed in 0.241 secs
Dynamic Programming starting after 0.241 secs
Using tree-based weight calculation.
Using polytree-based weight calculation.
Polytree max score: 4147
Polytree building time: 0.017 seconds.
Number of quartet trees in the gene trees: 4147
Size of largest cluster: 10
Greedy score: 4086
estimationFactor: 1.0149290259422419
Sub-optimal score: 4086
Total Number of elements weighted: 960
Normalized score (portion of input quartet trees satisfied before correcting for multiple individuals): 0.985290571497468
Optimization score: 4086
Optimal tree inferred in 0.373 secs.
(t4,(t3,((t10,(t9,(t6,t1))),(t2,(t5,(t7,t8))))));
Final quartet score is: 4086
Final normalized quartet score is: 0.985290571497468
Extended species tree:
(t3,(((t10,(t9,(t6,t1)1:0.6306268235786113)1:2.065455299705096)1:1.7047480922384253,(t2,(t5,(t7,t8)1:3.506557897319981)1:4.841558964052319)1:4.1760952122407895)1:4.669708707125666,t4));
Weight calculation took 0.080662755 secs
ASTRAL finished in 0.465 secs
