
================== ASTRAL ===================== 

This is ASTRAL version 5.7.8
Gene trees are treated as unrooted
5459 trees read from quartet_temp.txt
index0
All output trees will be *arbitrarily* rooted at t4

======== Running the main analysis
Number of taxa: 10 (10 species)
Taxa: [t4, t5, t2, t3, t6, t7, t8, t9, t10, t1]
Taxon occupancy: {t4=1861, t5=1779, t6=2022, t10=2497, t7=1979, t8=1623, t9=2487, t1=1913, t2=2823, t3=2852}
Number of gene trees: 5459
5459 trees have missing taxa
Calculating quartet distance matrix (for completion of X)
Species tree distances calculated ...
Will attempt to complete bipartitions from X before adding using a distance matrix.
Building set of clusters (X) from gene trees 
------------------------------
gradient0: 81
Number of Clusters after addition by distance: 81
calculating extra bipartitions to be added at level 1 ...
Adding to X using resolutions of greedy consensus ...
Limit for sigma of degrees:300
polytomy size limit : 3
discarded polytomies:  []
Threshold 0.0:
Threshold 0.01:
Threshold 0.02:
Threshold 0.05:
Threshold 0.1:
Threshold 0.2:
Threshold 0.3333333333333333:
max k is :0
Number of Clusters after addition by greedy: 81
gradient0 in heuristiic: 81
calculating all possible bipartitions ...
Number of Clusters After Adding All possible clusters: 1023
partitions formed in 0.276 secs
Dynamic Programming starting after 0.276 secs
Using tree-based weight calculation.
Using polytree-based weight calculation.
Polytree max score: 5459
Polytree building time: 0.018 seconds.
Number of quartet trees in the gene trees: 5459
Size of largest cluster: 10
Greedy score: 5411
estimationFactor: 1.0088708187026427
Sub-optimal score: 5411
Total Number of elements weighted: 857
Normalized score (portion of input quartet trees satisfied before correcting for multiple individuals): 0.9912071808023447
Optimization score: 5411
Optimal tree inferred in 0.418 secs.
(t5,((t6,t7),((t9,t10),((t4,t8),(t1,(t2,t3))))));
Final quartet score is: 5411
Final normalized quartet score is: 0.9912071808023447
Extended species tree:
(t4,(t8,((t1,(t2,t3)1:5.565796731682308)1:5.15905529921452,((t9,t10)1:3.4539479470476864,((t6,t7)1:1.6094379124341005,t5)1:1.2685113254635072)1:4.969813299575996)1:3.98898404656427));
Weight calculation took 0.086963287 secs
ASTRAL finished in 0.518 secs
