
================== ASTRAL ===================== 

This is ASTRAL version 5.7.8
Gene trees are treated as unrooted
2276 trees read from quartet_temp.txt
index0
All output trees will be *arbitrarily* rooted at t6

======== Running the main analysis
Number of taxa: 10 (10 species)
Taxa: [t6, t7, t1, t2, t3, t8, t10, t4, t5, t9]
Taxon occupancy: {t4=897, t5=873, t6=1188, t10=838, t7=1189, t8=570, t9=698, t1=1093, t2=1005, t3=753}
Number of gene trees: 2276
2276 trees have missing taxa
Calculating quartet distance matrix (for completion of X)
Species tree distances calculated ...
Will attempt to complete bipartitions from X before adding using a distance matrix.
Building set of clusters (X) from gene trees 
------------------------------
gradient0: 99
Number of Clusters after addition by distance: 99
calculating extra bipartitions to be added at level 1 ...
Adding to X using resolutions of greedy consensus ...
Limit for sigma of degrees:300
polytomy size limit : 3
discarded polytomies:  []
Threshold 0.0:
Threshold 0.01:
Threshold 0.02:
Threshold 0.05:
Threshold 0.1:
Threshold 0.2:
Threshold 0.3333333333333333:
max k is :0
Number of Clusters after addition by greedy: 99
gradient0 in heuristiic: 99
calculating all possible bipartitions ...
Number of Clusters After Adding All possible clusters: 1023
partitions formed in 0.148 secs
Dynamic Programming starting after 0.148 secs
Using tree-based weight calculation.
Using polytree-based weight calculation.
Polytree max score: 2276
Polytree building time: 0.011 seconds.
Number of quartet trees in the gene trees: 2276
Size of largest cluster: 10
Greedy score: 2146
estimationFactor: 1.060577819198509
Sub-optimal score: 2146
Total Number of elements weighted: 1266
Normalized score (portion of input quartet trees satisfied before correcting for multiple individuals): 0.9485940246045694
Optimization score: 2159
Optimal tree inferred in 0.266 secs.
(t7,(t6,((t10,t9),(t3,((t2,t5),(t8,(t1,t4)))))));
Final quartet score is: 2159
Final normalized quartet score is: 0.9485940246045694
Extended species tree:
(t6,(((t10,t9)0.99:0.5108256237659905,(t3,((t2,t5)1:4.543294782270002,(t8,(t1,t4)1:1.7280436548419469)0.99:0.372239460479844)1:3.2215389422876863)1:0.6931471805599453)1:2.8526314299133184,t7));
Weight calculation took 0.075178718 secs
ASTRAL finished in 0.341 secs
