
================== ASTRAL ===================== 

This is ASTRAL version 5.7.8
Gene trees are treated as unrooted
3065 trees read from quartet_temp.txt
index0
All output trees will be *arbitrarily* rooted at t5

======== Running the main analysis
Number of taxa: 10 (10 species)
Taxa: [t5, t7, t1, t2, t3, t4, t6, t8, t9, t10]
Taxon occupancy: {t4=1065, t5=1283, t6=1320, t10=1265, t7=1090, t8=1138, t9=1303, t1=1195, t2=1308, t3=1293}
Number of gene trees: 3065
3065 trees have missing taxa
Calculating quartet distance matrix (for completion of X)
Species tree distances calculated ...
Will attempt to complete bipartitions from X before adding using a distance matrix.
Building set of clusters (X) from gene trees 
------------------------------
gradient0: 85
Number of Clusters after addition by distance: 85
calculating extra bipartitions to be added at level 1 ...
Adding to X using resolutions of greedy consensus ...
Limit for sigma of degrees:300
polytomy size limit : 3
discarded polytomies:  []
Threshold 0.0:
Threshold 0.01:
Threshold 0.02:
Threshold 0.05:
Threshold 0.1:
Threshold 0.2:
Threshold 0.3333333333333333:
max k is :0
Number of Clusters after addition by greedy: 85
gradient0 in heuristiic: 85
calculating all possible bipartitions ...
Number of Clusters After Adding All possible clusters: 1023
partitions formed in 0.22 secs
Dynamic Programming starting after 0.22 secs
Using tree-based weight calculation.
Using polytree-based weight calculation.
Polytree max score: 3065
Polytree building time: 0.012 seconds.
Number of quartet trees in the gene trees: 3065
Size of largest cluster: 10
Greedy score: 2918
estimationFactor: 1.0503769705277588
Sub-optimal score: 2918
Total Number of elements weighted: 957
Normalized score (portion of input quartet trees satisfied before correcting for multiple individuals): 0.9520391517128874
Optimization score: 2918
Optimal tree inferred in 0.324 secs.
(t7,(t5,((t4,(t2,t3)),((t6,t10),(t8,(t1,t9))))));
Final quartet score is: 2918
Final normalized quartet score is: 0.9520391517128874
You may want to ignore posterior probabilities and other statistics related to the following branch branch because the effective number of genes impacting it is only 2:
	{t2, t3}
Extended species tree:
(t5,(((t4,(t2,t3)0.87:0.6931471805599453)1:3.6375861597263826,((t6,t10)1:2.0498410719035456,(t8,(t1,t9)1:2.4159137783010487)1:1.118359051602944)1:1.7411157364092997)1:2.6127400212978857,t7));
Weight calculation took 0.061849483 secs
ASTRAL finished in 0.407 secs
