
================== ASTRAL ===================== 

This is ASTRAL version 5.7.8
Gene trees are treated as unrooted
6179 trees read from quartet_temp.txt
index0
All output trees will be *arbitrarily* rooted at t3

======== Running the main analysis
Number of taxa: 10 (10 species)
Taxa: [t3, t4, t1, t2, t5, t6, t7, t8, t9, t10]
Taxon occupancy: {t4=2371, t5=2783, t6=3095, t10=3086, t7=2538, t8=1732, t9=2526, t1=2269, t2=2237, t3=2079}
Number of gene trees: 6179
6179 trees have missing taxa
Calculating quartet distance matrix (for completion of X)
Species tree distances calculated ...
Will attempt to complete bipartitions from X before adding using a distance matrix.
Building set of clusters (X) from gene trees 
------------------------------
gradient0: 57
Number of Clusters after addition by distance: 57
calculating extra bipartitions to be added at level 1 ...
Adding to X using resolutions of greedy consensus ...
Limit for sigma of degrees:300
polytomy size limit : 3
discarded polytomies:  []
Threshold 0.0:
Threshold 0.01:
Threshold 0.02:
Threshold 0.05:
Threshold 0.1:
Threshold 0.2:
Threshold 0.3333333333333333:
max k is :0
Number of Clusters after addition by greedy: 57
gradient0 in heuristiic: 57
calculating all possible bipartitions ...
Number of Clusters After Adding All possible clusters: 1023
partitions formed in 0.297 secs
Dynamic Programming starting after 0.297 secs
Using tree-based weight calculation.
Using polytree-based weight calculation.
Polytree max score: 6179
Polytree building time: 0.026 seconds.
Number of quartet trees in the gene trees: 6179
Size of largest cluster: 10
Greedy score: 6110
estimationFactor: 1.0112929623567921
Sub-optimal score: 6110
Total Number of elements weighted: 894
Normalized score (portion of input quartet trees satisfied before correcting for multiple individuals): 0.9888331445217673
Optimization score: 6110
Optimal tree inferred in 0.453 secs.
(t4,((t7,(t5,t9)),((t3,t2),(t1,(t8,(t6,t10))))));
Final quartet score is: 6110
Final normalized quartet score is: 0.9888331445217673
Extended species tree:
(t3,(t2,((t1,(t8,(t6,t10)1:4.356708826689595)1:4.867534450455586)1:1.1451323043030024,((t7,(t5,t9)1:1.8458266904983307)1:0.5930637220029626,t4)1:4.617098756853365)1:2.5598079579611173));
Weight calculation took 0.086371955 secs
ASTRAL finished in 0.559 secs
