
================== ASTRAL ===================== 

This is ASTRAL version 5.7.8
Gene trees are treated as unrooted
6759 trees read from quartet_temp.txt
index0
All output trees will be *arbitrarily* rooted at t10

======== Running the main analysis
Number of taxa: 10 (10 species)
Taxa: [t10, t9, t1, t2, t3, t4, t5, t6, t7, t8]
Taxon occupancy: {t4=2209, t5=2136, t10=3254, t6=2322, t7=2766, t8=2746, t9=3147, t1=2755, t2=2392, t3=3309}
Number of gene trees: 6759
6759 trees have missing taxa
Calculating quartet distance matrix (for completion of X)
Species tree distances calculated ...
Will attempt to complete bipartitions from X before adding using a distance matrix.
Building set of clusters (X) from gene trees 
------------------------------
gradient0: 111
Number of Clusters after addition by distance: 111
calculating extra bipartitions to be added at level 1 ...
Adding to X using resolutions of greedy consensus ...
Limit for sigma of degrees:300
polytomy size limit : 3
discarded polytomies:  []
Threshold 0.0:
Threshold 0.01:
Threshold 0.02:
Threshold 0.05:
Threshold 0.1:
Threshold 0.2:
Threshold 0.3333333333333333:
max k is :0
Number of Clusters after addition by greedy: 111
gradient0 in heuristiic: 111
calculating all possible bipartitions ...
Number of Clusters After Adding All possible clusters: 1023
partitions formed in 0.339 secs
Dynamic Programming starting after 0.34 secs
Using tree-based weight calculation.
Using polytree-based weight calculation.
Polytree max score: 6759
Polytree building time: 0.02 seconds.
Number of quartet trees in the gene trees: 6759
Size of largest cluster: 10
Greedy score: 6597
estimationFactor: 1.024556616643929
Sub-optimal score: 6597
Total Number of elements weighted: 1228
Normalized score (portion of input quartet trees satisfied before correcting for multiple individuals): 0.9760319573901465
Optimization score: 6597
Optimal tree inferred in 0.552 secs.
(t9,(t10,(t3,(t1,((t7,t8),(t2,(t5,(t4,t6))))))));
Final quartet score is: 6597
Final normalized quartet score is: 0.9760319573901465
You may want to ignore posterior probabilities and other statistics related to the following branch branch because the effective number of genes impacting it is only 17:
	{t4, t6}
Extended species tree:
(t10,((t3,(t1,((t7,t8)1:3.1410528739329777,(t2,(t5,(t4,t6)0.95:0.40546510810816444)1:1.1486227092427708)1:1.1387322824575352)1:3.6293653265815267)1:2.689358068090058)1:1.850599969250989,t9));
Weight calculation took 0.149493756 secs
ASTRAL finished in 0.68 secs
