
================== ASTRAL ===================== 

This is ASTRAL version 5.7.8
Gene trees are treated as unrooted
2240 trees read from quartet_temp.txt
index0
All output trees will be *arbitrarily* rooted at t2

======== Running the main analysis
Number of taxa: 10 (10 species)
Taxa: [t2, t3, t1, t5, t6, t9, t10, t7, t8, t4]
Taxon occupancy: {t4=870, t5=807, t6=1110, t10=1098, t7=889, t8=981, t9=899, t1=639, t2=857, t3=810}
Number of gene trees: 2240
2240 trees have missing taxa
Calculating quartet distance matrix (for completion of X)
Species tree distances calculated ...
Will attempt to complete bipartitions from X before adding using a distance matrix.
Building set of clusters (X) from gene trees 
------------------------------
gradient0: 83
Number of Clusters after addition by distance: 83
calculating extra bipartitions to be added at level 1 ...
Adding to X using resolutions of greedy consensus ...
Limit for sigma of degrees:300
polytomy size limit : 3
discarded polytomies:  []
Threshold 0.0:
Threshold 0.01:
Threshold 0.02:
Threshold 0.05:
Threshold 0.1:
Threshold 0.2:
Threshold 0.3333333333333333:
max k is :0
Number of Clusters after addition by greedy: 83
gradient0 in heuristiic: 83
calculating all possible bipartitions ...
Number of Clusters After Adding All possible clusters: 1023
partitions formed in 0.629 secs
Dynamic Programming starting after 0.629 secs
Using tree-based weight calculation.
Using polytree-based weight calculation.
Polytree max score: 2240
Polytree building time: 0.051 seconds.
Number of quartet trees in the gene trees: 2240
Size of largest cluster: 10
Greedy score: 2178
estimationFactor: 1.0284664830119377
Sub-optimal score: 2178
Total Number of elements weighted: 1186
Normalized score (portion of input quartet trees satisfied before correcting for multiple individuals): 0.9723214285714286
Optimization score: 2178
Optimal tree inferred in 1.122 secs.
(t3,(t2,(t7,((t8,t4),(t1,((t6,t10),(t5,t9)))))));
Final quartet score is: 2178
Final normalized quartet score is: 0.9723214285714286
You may want to ignore posterior probabilities and other statistics related to the following branch branch because the effective number of genes impacting it is only 13:
	{t5, t6, t9, t10}
Extended species tree:
(t2,((t7,((t8,t4)1:4.644390899141376,(t1,((t6,t10)1:5.162879395652945,(t5,t9)1:4.169245870395222)0.64:0.15415067982725836)1:0.8807457944547438)1:2.954910279033736)1:2.324563999712822,t3));
Weight calculation took 0.268327521 secs
ASTRAL finished in 1.396 secs
