
================== ASTRAL ===================== 

This is ASTRAL version 5.7.8
Gene trees are treated as unrooted
5042 trees read from quartet_temp.txt
index0
All output trees will be *arbitrarily* rooted at t3

======== Running the main analysis
Number of taxa: 10 (10 species)
Taxa: [t3, t4, t2, t5, t7, t8, t9, t10, t6, t1]
Taxon occupancy: {t4=2839, t5=2030, t10=2803, t6=1427, t7=1967, t8=1653, t9=1778, t1=1814, t2=1959, t3=1898}
Number of gene trees: 5042
5042 trees have missing taxa
Calculating quartet distance matrix (for completion of X)
Species tree distances calculated ...
Will attempt to complete bipartitions from X before adding using a distance matrix.
Building set of clusters (X) from gene trees 
------------------------------
gradient0: 69
Number of Clusters after addition by distance: 69
calculating extra bipartitions to be added at level 1 ...
Adding to X using resolutions of greedy consensus ...
Limit for sigma of degrees:300
polytomy size limit : 3
discarded polytomies:  []
Threshold 0.0:
Threshold 0.01:
Threshold 0.02:
Threshold 0.05:
Threshold 0.1:
Threshold 0.2:
Threshold 0.3333333333333333:
max k is :0
Number of Clusters after addition by greedy: 69
gradient0 in heuristiic: 69
calculating all possible bipartitions ...
Number of Clusters After Adding All possible clusters: 1023
partitions formed in 1.054 secs
Dynamic Programming starting after 1.054 secs
Using tree-based weight calculation.
Using polytree-based weight calculation.
Polytree max score: 5042
Polytree building time: 0.068 seconds.
Number of quartet trees in the gene trees: 5042
Size of largest cluster: 10
Greedy score: 4935
estimationFactor: 1.0216818642350558
Sub-optimal score: 4935
Total Number of elements weighted: 1225
Normalized score (portion of input quartet trees satisfied before correcting for multiple individuals): 0.9787782625942086
Optimization score: 4935
Optimal tree inferred in 1.608 secs.
(t4,(t10,(t3,(t1,(t2,(t6,((t8,t9),(t5,t7))))))));
Final quartet score is: 4935
Final normalized quartet score is: 0.9787782625942086
Extended species tree:
(t3,((t1,(t2,(t6,((t8,t9)1:0.6383389440649504,(t5,t7)1:2.2801122371419864)1:1.4166918383042613)1:1.8971199848858815)1:4.094344562222104)1:4.867534450455586,(t10,t4)1:4.158883083359675));
Weight calculation took 0.305291328 secs
ASTRAL finished in 2.0 secs
