
================== ASTRAL ===================== 

This is ASTRAL version 5.7.8
Gene trees are treated as unrooted
5010 trees read from quartet_temp.txt
index0
All output trees will be *arbitrarily* rooted at t5

======== Running the main analysis
Number of taxa: 10 (10 species)
Taxa: [t5, t9, t1, t2, t3, t7, t10, t8, t6, t4]
Taxon occupancy: {t4=1876, t5=2386, t10=2675, t6=2527, t7=1956, t8=1463, t9=2079, t1=1853, t2=1651, t3=1574}
Number of gene trees: 5010
5010 trees have missing taxa
Calculating quartet distance matrix (for completion of X)
Species tree distances calculated ...
Will attempt to complete bipartitions from X before adding using a distance matrix.
Building set of clusters (X) from gene trees 
------------------------------
gradient0: 75
Number of Clusters after addition by distance: 75
calculating extra bipartitions to be added at level 1 ...
Adding to X using resolutions of greedy consensus ...
Limit for sigma of degrees:300
polytomy size limit : 3
discarded polytomies:  []
Threshold 0.0:
Threshold 0.01:
Threshold 0.02:
Threshold 0.05:
Threshold 0.1:
Threshold 0.2:
Threshold 0.3333333333333333:
max k is :0
Number of Clusters after addition by greedy: 75
gradient0 in heuristiic: 75
calculating all possible bipartitions ...
Number of Clusters After Adding All possible clusters: 1023
partitions formed in 1.102 secs
Dynamic Programming starting after 1.102 secs
Using tree-based weight calculation.
Using polytree-based weight calculation.
Polytree max score: 5010
Polytree building time: 0.085 seconds.
Number of quartet trees in the gene trees: 5010
Size of largest cluster: 10
Greedy score: 4953
estimationFactor: 1.0115081768625076
Sub-optimal score: 4953
Total Number of elements weighted: 1213
Normalized score (portion of input quartet trees satisfied before correcting for multiple individuals): 0.988622754491018
Optimization score: 4953
Optimal tree inferred in 1.93 secs.
(t9,(t5,(t7,(t4,((t2,t3),(t1,(t8,(t10,t6))))))));
Final quartet score is: 4953
Final normalized quartet score is: 0.988622754491018
Extended species tree:
(t5,((t7,(t4,((t2,t3)1:1.0704414117014136,(t1,(t8,(t10,t6)1:3.9448128282511346)1:3.4998689091691864)1:2.538973871058275)1:3.3081069585961425)1:1.8516576108091243)1:0.9808292530117262,t9));
Weight calculation took 0.535394656 secs
ASTRAL finished in 2.277 secs
