
================== ASTRAL ===================== 

This is ASTRAL version 5.7.8
Gene trees are treated as unrooted
3288 trees read from quartet_temp.txt
index0
All output trees will be *arbitrarily* rooted at t4

======== Running the main analysis
Number of taxa: 10 (10 species)
Taxa: [t4, t5, t1, t2, t6, t9, t10, t8, t3, t7]
Taxon occupancy: {t4=1292, t5=1209, t6=963, t10=1094, t7=1218, t8=1539, t9=1739, t1=1543, t2=1371, t3=1184}
Number of gene trees: 3288
3288 trees have missing taxa
Calculating quartet distance matrix (for completion of X)
Species tree distances calculated ...
Will attempt to complete bipartitions from X before adding using a distance matrix.
Building set of clusters (X) from gene trees 
------------------------------
gradient0: 97
Number of Clusters after addition by distance: 97
calculating extra bipartitions to be added at level 1 ...
Adding to X using resolutions of greedy consensus ...
Limit for sigma of degrees:300
polytomy size limit : 3
discarded polytomies:  []
Threshold 0.0:
Threshold 0.01:
Threshold 0.02:
Threshold 0.05:
Threshold 0.1:
Threshold 0.2:
Threshold 0.3333333333333333:
max k is :0
Number of Clusters after addition by greedy: 97
gradient0 in heuristiic: 97
calculating all possible bipartitions ...
Number of Clusters After Adding All possible clusters: 1023
partitions formed in 0.779 secs
Dynamic Programming starting after 0.78 secs
Using tree-based weight calculation.
Using polytree-based weight calculation.
Polytree max score: 3288
Polytree building time: 0.047 seconds.
Number of quartet trees in the gene trees: 3288
Size of largest cluster: 10
Greedy score: 3170
estimationFactor: 1.0372239747634069
Sub-optimal score: 3170
Total Number of elements weighted: 1496
Normalized score (portion of input quartet trees satisfied before correcting for multiple individuals): 0.9641119221411192
Optimization score: 3170
Optimal tree inferred in 1.305 secs.
(t5,((t4,t10),(t3,((t6,(t2,t7)),(t1,(t9,t8))))));
Final quartet score is: 3170
Final normalized quartet score is: 0.9641119221411192
Extended species tree:
(t4,(t10,((t3,((t6,(t2,t7)1:4.313033763186934)1:0.7794075248443523,(t1,(t9,t8)1:1.6739764335716716)1:3.7511833374500902)1:2.679062664228959)1:0.6359887667199969,t5)1:2.9957322735539913));
Weight calculation took 0.334301406 secs
ASTRAL finished in 1.627 secs
