
================== ASTRAL ===================== 

This is ASTRAL version 5.7.8
Gene trees are treated as unrooted
2854 trees read from quartet_temp.txt
index0
All output trees will be *arbitrarily* rooted at t10

======== Running the main analysis
Number of taxa: 10 (10 species)
Taxa: [t10, t4, t1, t2, t6, t7, t8, t9, t3, t5]
Taxon occupancy: {t4=1226, t5=980, t10=977, t6=802, t7=976, t8=1437, t9=1555, t1=1271, t2=1208, t3=984}
Number of gene trees: 2854
2854 trees have missing taxa
Calculating quartet distance matrix (for completion of X)
Species tree distances calculated ...
Will attempt to complete bipartitions from X before adding using a distance matrix.
Building set of clusters (X) from gene trees 
------------------------------
gradient0: 57
Number of Clusters after addition by distance: 57
calculating extra bipartitions to be added at level 1 ...
Adding to X using resolutions of greedy consensus ...
Limit for sigma of degrees:300
polytomy size limit : 3
discarded polytomies:  []
Threshold 0.0:
Threshold 0.01:
Threshold 0.02:
Threshold 0.05:
Threshold 0.1:
Threshold 0.2:
Threshold 0.3333333333333333:
max k is :0
Number of Clusters after addition by greedy: 57
gradient0 in heuristiic: 57
calculating all possible bipartitions ...
Number of Clusters After Adding All possible clusters: 1023
partitions formed in 0.673 secs
Dynamic Programming starting after 0.673 secs
Using tree-based weight calculation.
Using polytree-based weight calculation.
Polytree max score: 2854
Polytree building time: 0.053 seconds.
Number of quartet trees in the gene trees: 2854
Size of largest cluster: 10
Greedy score: 2838
estimationFactor: 1.0056377730796335
Sub-optimal score: 2838
Total Number of elements weighted: 1059
Normalized score (portion of input quartet trees satisfied before correcting for multiple individuals): 0.9943938332165382
Optimization score: 2838
Optimal tree inferred in 1.072 secs.
(t4,(t10,(t5,(t3,((t6,(t2,t7)),(t1,(t8,t9)))))));
Final quartet score is: 2838
Final normalized quartet score is: 0.9943938332165382
You may want to ignore posterior probabilities and other statistics related to the following branch branch because the effective number of genes impacting it is only 7:
	{t2, t6, t7}
Extended species tree:
(t10,((t5,(t3,((t6,(t2,t7)1:3.205452804536062)0.99:0.9808292530117262,(t1,(t8,t9)1:2.6625878270254533)1:5.5399555004984204)1:3.6805112044434165)1:2.367123614131617)1:2.302585092994046,t4));
Weight calculation took 0.182499693 secs
ASTRAL finished in 1.356 secs
