
================== ASTRAL ===================== 

This is ASTRAL version 5.7.8
Gene trees are treated as unrooted
4210 trees read from quartet_temp.txt
index0
All output trees will be *arbitrarily* rooted at t2

======== Running the main analysis
Number of taxa: 10 (10 species)
Taxa: [t2, t6, t1, t3, t9, t10, t7, t4, t5, t8]
Taxon occupancy: {t4=1373, t5=1433, t6=1268, t10=2159, t7=1803, t8=1650, t9=1858, t1=1673, t2=1510, t3=2113}
Number of gene trees: 4210
4210 trees have missing taxa
Calculating quartet distance matrix (for completion of X)
Species tree distances calculated ...
Will attempt to complete bipartitions from X before adding using a distance matrix.
Building set of clusters (X) from gene trees 
------------------------------
gradient0: 61
Number of Clusters after addition by distance: 61
calculating extra bipartitions to be added at level 1 ...
Adding to X using resolutions of greedy consensus ...
Limit for sigma of degrees:300
polytomy size limit : 3
discarded polytomies:  []
Threshold 0.0:
Threshold 0.01:
Threshold 0.02:
Threshold 0.05:
Threshold 0.1:
Threshold 0.2:
Threshold 0.3333333333333333:
max k is :0
Number of Clusters after addition by greedy: 61
gradient0 in heuristiic: 61
calculating all possible bipartitions ...
Number of Clusters After Adding All possible clusters: 1023
partitions formed in 0.982 secs
Dynamic Programming starting after 0.982 secs
Using tree-based weight calculation.
Using polytree-based weight calculation.
Polytree max score: 4210
Polytree building time: 0.056 seconds.
Number of quartet trees in the gene trees: 4210
Size of largest cluster: 10
Greedy score: 4202
estimationFactor: 1.0019038553069968
Sub-optimal score: 4202
Total Number of elements weighted: 1213
Normalized score (portion of input quartet trees satisfied before correcting for multiple individuals): 0.9983372921615202
Optimization score: 4203
Optimal tree inferred in 1.431 secs.
(t6,(t4,(t5,(t2,((t7,t8),(t1,(t3,(t9,t10))))))));
Final quartet score is: 4203
Final normalized quartet score is: 0.9983372921615202
You may want to ignore posterior probabilities and other statistics related to the following branch branch because the effective number of genes impacting it is only 8:
	{t1, t3, t9, t10, t7, t8}
You may want to ignore posterior probabilities and other statistics related to the following branch branch because the effective number of genes impacting it is only 5:
	{t6, t4}
Extended species tree:
(t2,(((t7,t8)1:5.15905529921452,(t1,(t3,(t9,t10)1:3.98898404656427)1:4.591747165655945)1:5.730099782973583)1:1.7917594692280545,(t5,(t4,t6)0.67:0.2876820724517809)1:3.799227511282799));
Weight calculation took 0.215730242 secs
ASTRAL finished in 1.782 secs
