
================== ASTRAL ===================== 

This is ASTRAL version 5.7.8
Gene trees are treated as unrooted
5212 trees read from quartet_temp.txt
index0
All output trees will be *arbitrarily* rooted at t4

======== Running the main analysis
Number of taxa: 10 (10 species)
Taxa: [t4, t5, t2, t3, t6, t7, t8, t9, t10, t1]
Taxon occupancy: {t4=2504, t5=2372, t6=1870, t10=1971, t7=1846, t8=1650, t9=2144, t1=1695, t2=2528, t3=2268}
Number of gene trees: 5212
5212 trees have missing taxa
Calculating quartet distance matrix (for completion of X)
Species tree distances calculated ...
Will attempt to complete bipartitions from X before adding using a distance matrix.
Building set of clusters (X) from gene trees 
------------------------------
gradient0: 81
Number of Clusters after addition by distance: 81
calculating extra bipartitions to be added at level 1 ...
Adding to X using resolutions of greedy consensus ...
Limit for sigma of degrees:300
polytomy size limit : 3
discarded polytomies:  []
Threshold 0.0:
Threshold 0.01:
Threshold 0.02:
Threshold 0.05:
Threshold 0.1:
Threshold 0.2:
Threshold 0.3333333333333333:
max k is :0
Number of Clusters after addition by greedy: 81
gradient0 in heuristiic: 81
calculating all possible bipartitions ...
Number of Clusters After Adding All possible clusters: 1023
partitions formed in 1.321 secs
Dynamic Programming starting after 1.321 secs
Using tree-based weight calculation.
Using polytree-based weight calculation.
Polytree max score: 5212
Polytree building time: 0.085 seconds.
Number of quartet trees in the gene trees: 5212
Size of largest cluster: 10
Greedy score: 5127
estimationFactor: 1.0165788960405695
Sub-optimal score: 5140
Total Number of elements weighted: 1005
Normalized score (portion of input quartet trees satisfied before correcting for multiple individuals): 0.9861857252494244
Optimization score: 5140
Optimal tree inferred in 1.818 secs.
(t5,(t4,((t2,t3),(t1,((t9,t10),(t8,(t6,t7)))))));
Final quartet score is: 5140
Final normalized quartet score is: 0.9861857252494244
Extended species tree:
(t4,(((t2,t3)1:4.382026634673885,(t1,((t9,t10)1:2.319114394945257,(t8,(t6,t7)1:1.0608719606852628)1:0.5389965007326871)1:3.9807195367143846)1:3.737669618283365)1:2.860294302658888,t5));
Weight calculation took 0.243739959 secs
ASTRAL finished in 2.197 secs
