
================== ASTRAL ===================== 

This is ASTRAL version 5.7.8
Gene trees are treated as unrooted
1747 trees read from quartet_temp.txt
index0
All output trees will be *arbitrarily* rooted at t5

======== Running the main analysis
Number of taxa: 10 (10 species)
Taxa: [t5, t6, t1, t2, t3, t4, t7, t8, t9, t10]
Taxon occupancy: {t4=722, t5=715, t6=904, t10=774, t7=624, t8=740, t9=636, t1=628, t2=537, t3=708}
Number of gene trees: 1747
1747 trees have missing taxa
Calculating quartet distance matrix (for completion of X)
Species tree distances calculated ...
Will attempt to complete bipartitions from X before adding using a distance matrix.
Building set of clusters (X) from gene trees 
------------------------------
gradient0: 95
Number of Clusters after addition by distance: 95
calculating extra bipartitions to be added at level 1 ...
Adding to X using resolutions of greedy consensus ...
Limit for sigma of degrees:300
polytomy size limit : 3
discarded polytomies:  []
Threshold 0.0:
Threshold 0.01:
Threshold 0.02:
Threshold 0.05:
Threshold 0.1:
Threshold 0.2:
Threshold 0.3333333333333333:
max k is :0
Number of Clusters after addition by greedy: 95
gradient0 in heuristiic: 95
calculating all possible bipartitions ...
Number of Clusters After Adding All possible clusters: 1023
partitions formed in 0.516 secs
Dynamic Programming starting after 0.516 secs
Using tree-based weight calculation.
Using polytree-based weight calculation.
Polytree max score: 1747
Polytree building time: 0.045 seconds.
Number of quartet trees in the gene trees: 1747
Size of largest cluster: 10
Greedy score: 1648
estimationFactor: 1.0600728155339805
Sub-optimal score: 1648
Total Number of elements weighted: 1220
Normalized score (portion of input quartet trees satisfied before correcting for multiple individuals): 0.9433314253005152
Optimization score: 1648
Optimal tree inferred in 0.873 secs.
(t6,(t5,(t7,((t4,t10),((t2,t9),(t1,(t3,t8)))))));
Final quartet score is: 1648
Final normalized quartet score is: 0.9433314253005152
Extended species tree:
(t5,((t7,((t4,t10)1:3.4726563456442983,((t2,t9)1:2.2335922215070947,(t1,(t3,t8)1:0.587786664902119)1:1.7917594692280545)1:1.912993334042171)1:0.6931471805599453)1:2.4567357728213035,t6));
Weight calculation took 0.177411109 secs
ASTRAL finished in 1.138 secs
