
================== ASTRAL ===================== 

This is ASTRAL version 5.7.8
Gene trees are treated as unrooted
3311 trees read from quartet_temp.txt
index0
All output trees will be *arbitrarily* rooted at t3

======== Running the main analysis
Number of taxa: 10 (10 species)
Taxa: [t3, t4, t1, t8, t5, t6, t10, t7, t2, t9]
Taxon occupancy: {t4=1585, t5=1525, t6=1488, t10=1290, t7=1438, t8=1151, t9=983, t1=932, t2=1237, t3=1615}
Number of gene trees: 3311
3311 trees have missing taxa
Calculating quartet distance matrix (for completion of X)
Species tree distances calculated ...
Will attempt to complete bipartitions from X before adding using a distance matrix.
Building set of clusters (X) from gene trees 
------------------------------
gradient0: 61
Number of Clusters after addition by distance: 61
calculating extra bipartitions to be added at level 1 ...
Adding to X using resolutions of greedy consensus ...
Limit for sigma of degrees:300
polytomy size limit : 3
discarded polytomies:  []
Threshold 0.0:
Threshold 0.01:
Threshold 0.02:
Threshold 0.05:
Threshold 0.1:
Threshold 0.2:
Threshold 0.3333333333333333:
max k is :0
Number of Clusters after addition by greedy: 61
gradient0 in heuristiic: 61
calculating all possible bipartitions ...
Number of Clusters After Adding All possible clusters: 1023
partitions formed in 0.771 secs
Dynamic Programming starting after 0.771 secs
Using tree-based weight calculation.
Using polytree-based weight calculation.
Polytree max score: 3311
Polytree building time: 0.062 seconds.
Number of quartet trees in the gene trees: 3311
Size of largest cluster: 10
Greedy score: 3273
estimationFactor: 1.0116101435991445
Sub-optimal score: 3273
Total Number of elements weighted: 1131
Normalized score (portion of input quartet trees satisfied before correcting for multiple individuals): 0.9885231048021745
Optimization score: 3273
Optimal tree inferred in 1.181 secs.
(t4,(t3,((t5,t6),((t8,t9),(t1,(t2,(t10,t7)))))));
Final quartet score is: 3273
Final normalized quartet score is: 0.9885231048021745
You may want to ignore posterior probabilities and other statistics related to the following branch branch because the effective number of genes impacting it is only 14:
	{t10, t7}
Extended species tree:
(t3,(((t5,t6)1:2.772588722239782,((t8,t9)1:2.961830721878311,(t1,(t2,(t10,t7)0.72:0.2231435513142097)1:1.252762968495368)1:1.349926716949016)1:6.091309882077701)1:2.670309873119364,t4));
Weight calculation took 0.156137884 secs
ASTRAL finished in 1.513 secs
