
================== ASTRAL ===================== 

This is ASTRAL version 5.7.8
Gene trees are treated as unrooted
4743 trees read from quartet_temp.txt
index0
All output trees will be *arbitrarily* rooted at t2

======== Running the main analysis
Number of taxa: 10 (10 species)
Taxa: [t2, t3, t1, t6, t7, t8, t9, t10, t4, t5]
Taxon occupancy: {t4=2292, t5=2211, t6=1765, t10=1726, t7=1579, t8=1398, t9=1906, t1=1597, t2=2294, t3=2204}
Number of gene trees: 4743
4743 trees have missing taxa
Calculating quartet distance matrix (for completion of X)
Species tree distances calculated ...
Will attempt to complete bipartitions from X before adding using a distance matrix.
Building set of clusters (X) from gene trees 
------------------------------
gradient0: 43
Number of Clusters after addition by distance: 43
calculating extra bipartitions to be added at level 1 ...
Adding to X using resolutions of greedy consensus ...
Limit for sigma of degrees:300
polytomy size limit : 3
discarded polytomies:  []
Threshold 0.0:
Threshold 0.01:
Threshold 0.02:
Threshold 0.05:
Threshold 0.1:
Threshold 0.2:
Threshold 0.3333333333333333:
max k is :0
Number of Clusters after addition by greedy: 43
gradient0 in heuristiic: 43
calculating all possible bipartitions ...
Number of Clusters After Adding All possible clusters: 1023
partitions formed in 1.049 secs
Dynamic Programming starting after 1.049 secs
Using tree-based weight calculation.
Using polytree-based weight calculation.
Polytree max score: 4743
Polytree building time: 0.085 seconds.
Number of quartet trees in the gene trees: 4743
Size of largest cluster: 10
Greedy score: 4720
estimationFactor: 1.0048728813559322
Sub-optimal score: 4720
Total Number of elements weighted: 995
Normalized score (portion of input quartet trees satisfied before correcting for multiple individuals): 0.9951507484714316
Optimization score: 4720
Optimal tree inferred in 1.641 secs.
(t3,(t2,((t4,t5),(t1,((t9,t10),(t8,(t6,t7)))))));
Final quartet score is: 4720
Final normalized quartet score is: 0.9951507484714316
You may want to ignore posterior probabilities and other statistics related to the following branch branch because the effective number of genes impacting it is only 6:
	{t6, t7}
Extended species tree:
(t2,(((t4,t5)1:2.568605668664646,(t1,((t9,t10)1:0.8150369981689822,(t8,(t6,t7)1:1.5404450409471486)1:3.120895416507997)1:5.408665423716892)1:5.598421958998388)1:3.601868077124306,t3));
Weight calculation took 0.331626899 secs
ASTRAL finished in 2.047 secs
