
================== ASTRAL ===================== 

This is ASTRAL version 5.7.8
Gene trees are treated as unrooted
6340 trees read from quartet_temp.txt
index0
All output trees will be *arbitrarily* rooted at t2

======== Running the main analysis
Number of taxa: 10 (10 species)
Taxa: [t2, t6, t1, t3, t8, t9, t7, t10, t4, t5]
Taxon occupancy: {t4=2266, t5=2494, t6=2430, t10=2836, t7=2340, t8=2489, t9=2718, t1=2319, t2=2745, t3=2723}
Number of gene trees: 6340
6340 trees have missing taxa
Calculating quartet distance matrix (for completion of X)
Species tree distances calculated ...
Will attempt to complete bipartitions from X before adding using a distance matrix.
Building set of clusters (X) from gene trees 
------------------------------
gradient0: 61
Number of Clusters after addition by distance: 61
calculating extra bipartitions to be added at level 1 ...
Adding to X using resolutions of greedy consensus ...
Limit for sigma of degrees:300
polytomy size limit : 3
discarded polytomies:  []
Threshold 0.0:
Threshold 0.01:
Threshold 0.02:
Threshold 0.05:
Threshold 0.1:
Threshold 0.2:
Threshold 0.3333333333333333:
max k is :0
Number of Clusters after addition by greedy: 61
gradient0 in heuristiic: 61
calculating all possible bipartitions ...
Number of Clusters After Adding All possible clusters: 1023
partitions formed in 1.493 secs
Dynamic Programming starting after 1.493 secs
Using tree-based weight calculation.
Using polytree-based weight calculation.
Polytree max score: 6340
Polytree building time: 0.113 seconds.
Number of quartet trees in the gene trees: 6340
Size of largest cluster: 10
Greedy score: 6251
estimationFactor: 1.0142377219644856
Sub-optimal score: 6251
Total Number of elements weighted: 1041
Normalized score (portion of input quartet trees satisfied before correcting for multiple individuals): 0.9859621451104101
Optimization score: 6251
Optimal tree inferred in 2.303 secs.
(t6,(t7,((t2,t10),((t4,t5),(t1,(t8,(t3,t9)))))));
Final quartet score is: 6251
Final normalized quartet score is: 0.9859621451104101
Extended species tree:
(t2,(t10,(((t4,t5)1:3.751680355352964,(t1,(t8,(t3,t9)1:1.3603188747166302)0.98:0.3112125698619751)1:5.954108760564198)0.98:0.2724146003209926,(t7,t6)1:4.321922710604174)1:5.861735440433171));
Weight calculation took 0.496099726 secs
ASTRAL finished in 2.69 secs
