
================== ASTRAL ===================== 

This is ASTRAL version 5.7.8
Gene trees are treated as unrooted
4871 trees read from quartet_temp.txt
index0
All output trees will be *arbitrarily* rooted at t4

======== Running the main analysis
Number of taxa: 10 (10 species)
Taxa: [t4, t8, t2, t3, t5, t7, t6, t9, t10, t1]
Taxon occupancy: {t4=2061, t5=1478, t6=2142, t10=2595, t7=2279, t8=2162, t9=2483, t1=1181, t2=1349, t3=1754}
Number of gene trees: 4871
4871 trees have missing taxa
Calculating quartet distance matrix (for completion of X)
Species tree distances calculated ...
Will attempt to complete bipartitions from X before adding using a distance matrix.
Building set of clusters (X) from gene trees 
------------------------------
gradient0: 83
Number of Clusters after addition by distance: 83
calculating extra bipartitions to be added at level 1 ...
Adding to X using resolutions of greedy consensus ...
Limit for sigma of degrees:300
polytomy size limit : 3
discarded polytomies:  []
Threshold 0.0:
Threshold 0.01:
Threshold 0.02:
Threshold 0.05:
Threshold 0.1:
Threshold 0.2:
Threshold 0.3333333333333333:
max k is :0
Number of Clusters after addition by greedy: 83
gradient0 in heuristiic: 83
calculating all possible bipartitions ...
Number of Clusters After Adding All possible clusters: 1023
partitions formed in 1.348 secs
Dynamic Programming starting after 1.348 secs
Using tree-based weight calculation.
Using polytree-based weight calculation.
Polytree max score: 4871
Polytree building time: 0.087 seconds.
Number of quartet trees in the gene trees: 4871
Size of largest cluster: 10
Greedy score: 4770
estimationFactor: 1.021174004192872
Sub-optimal score: 4770
Total Number of elements weighted: 1332
Normalized score (portion of input quartet trees satisfied before correcting for multiple individuals): 0.979265037979881
Optimization score: 4770
Optimal tree inferred in 2.031 secs.
(t8,(t4,(t6,(t2,(t1,(t5,(t3,(t7,(t9,t10)))))))));
Final quartet score is: 4770
Final normalized quartet score is: 0.979265037979881
Extended species tree:
(t4,((t6,(t2,(t1,(t5,(t3,(t7,(t9,t10)1:2.5598079579611173)1:1.0517809889840104)1:2.8789103143771584)1:3.5457786104732607)1:1.1856236656577395)0.46:0.1053605156578264)1:4.158883083359675,t8));
Weight calculation took 0.391338079 secs
ASTRAL finished in 2.42 secs
