
================== ASTRAL ===================== 

This is ASTRAL version 5.7.8
Gene trees are treated as unrooted
4640 trees read from quartet_temp.txt
index0
All output trees will be *arbitrarily* rooted at t3

======== Running the main analysis
Number of taxa: 10 (10 species)
Taxa: [t3, t4, t1, t2, t5, t6, t7, t8, t9, t10]
Taxon occupancy: {t4=1837, t5=1534, t6=1385, t10=1716, t7=1673, t8=1587, t9=1796, t1=2744, t2=2736, t3=1552}
Number of gene trees: 4640
4640 trees have missing taxa
Calculating quartet distance matrix (for completion of X)
Species tree distances calculated ...
Will attempt to complete bipartitions from X before adding using a distance matrix.
Building set of clusters (X) from gene trees 
------------------------------
gradient0: 81
Number of Clusters after addition by distance: 81
calculating extra bipartitions to be added at level 1 ...
Adding to X using resolutions of greedy consensus ...
Limit for sigma of degrees:300
polytomy size limit : 3
discarded polytomies:  []
Threshold 0.0:
Threshold 0.01:
Threshold 0.02:
Threshold 0.05:
Threshold 0.1:
Threshold 0.2:
Threshold 0.3333333333333333:
max k is :0
Number of Clusters after addition by greedy: 81
gradient0 in heuristiic: 81
calculating all possible bipartitions ...
Number of Clusters After Adding All possible clusters: 1023
partitions formed in 1.265 secs
Dynamic Programming starting after 1.265 secs
Using tree-based weight calculation.
Using polytree-based weight calculation.
Polytree max score: 4640
Polytree building time: 0.084 seconds.
Number of quartet trees in the gene trees: 4640
Size of largest cluster: 10
Greedy score: 4442
estimationFactor: 1.0445745159837911
Sub-optimal score: 4442
Total Number of elements weighted: 998
Normalized score (portion of input quartet trees satisfied before correcting for multiple individuals): 0.9573275862068965
Optimization score: 4442
Optimal tree inferred in 1.946 secs.
(t4,(t5,((t10,(t6,t9)),((t7,t8),(t3,(t1,t2))))));
Final quartet score is: 4442
Final normalized quartet score is: 0.9573275862068965
Extended species tree:
(t3,((t1,t2)1:5.378360074221569,((t7,t8)1:2.270979753578714,((t10,(t6,t9)1:1.2685113254635072)1:1.556193397915288,(t5,t4)1:0.8397506547518209)1:1.0581209273133727)1:4.543294782270002));
Weight calculation took 0.440018122 secs
ASTRAL finished in 2.296 secs
