
================== ASTRAL ===================== 

This is ASTRAL version 5.7.8
Gene trees are treated as unrooted
5286 trees read from quartet_temp.txt
index0
All output trees will be *arbitrarily* rooted at t4

======== Running the main analysis
Number of taxa: 10 (10 species)
Taxa: [t4, t5, t2, t3, t6, t7, t8, t9, t10, t1]
Taxon occupancy: {t4=2665, t5=2523, t6=1796, t10=2093, t7=1780, t8=1658, t9=2209, t1=1765, t2=2453, t3=2202}
Number of gene trees: 5286
5286 trees have missing taxa
Calculating quartet distance matrix (for completion of X)
Species tree distances calculated ...
Will attempt to complete bipartitions from X before adding using a distance matrix.
Building set of clusters (X) from gene trees 
------------------------------
gradient0: 85
Number of Clusters after addition by distance: 85
calculating extra bipartitions to be added at level 1 ...
Adding to X using resolutions of greedy consensus ...
Limit for sigma of degrees:300
polytomy size limit : 3
discarded polytomies:  []
Threshold 0.0:
Threshold 0.01:
Threshold 0.02:
Threshold 0.05:
Threshold 0.1:
Threshold 0.2:
Threshold 0.3333333333333333:
max k is :0
Number of Clusters after addition by greedy: 85
gradient0 in heuristiic: 85
calculating all possible bipartitions ...
Number of Clusters After Adding All possible clusters: 1023
partitions formed in 1.073 secs
Dynamic Programming starting after 1.073 secs
Using tree-based weight calculation.
Using polytree-based weight calculation.
Polytree max score: 5286
Polytree building time: 0.078 seconds.
Number of quartet trees in the gene trees: 5286
Size of largest cluster: 10
Greedy score: 5222
estimationFactor: 1.0122558406740712
Sub-optimal score: 5222
Total Number of elements weighted: 1015
Normalized score (portion of input quartet trees satisfied before correcting for multiple individuals): 0.987892546348846
Optimization score: 5222
Optimal tree inferred in 1.844 secs.
(t5,(t4,((t2,t3),(t1,(t8,((t6,t7),(t9,t10)))))));
Final quartet score is: 5222
Final normalized quartet score is: 0.987892546348846
Extended species tree:
(t4,(((t2,t3)1:4.094344562222104,(t1,(t8,((t6,t7)1:0.9555114450274365,(t9,t10)1:1.466337068793427)0.46:0.04255961441879601)1:4.624972813284274)1:4.3070635962004244)1:3.654977902438253,t5));
Weight calculation took 0.460451219 secs
ASTRAL finished in 2.196 secs
