
================== ASTRAL ===================== 

This is ASTRAL version 5.7.8
Gene trees are treated as unrooted
6043 trees read from quartet_temp.txt
index0
All output trees will be *arbitrarily* rooted at t4

======== Running the main analysis
Number of taxa: 10 (10 species)
Taxa: [t4, t8, t2, t3, t5, t7, t6, t9, t10, t1]
Taxon occupancy: {t4=2567, t5=1765, t6=2637, t10=3146, t7=2887, t8=2662, t9=3060, t1=1388, t2=2005, t3=2055}
Number of gene trees: 6043
6043 trees have missing taxa
Calculating quartet distance matrix (for completion of X)
Species tree distances calculated ...
Will attempt to complete bipartitions from X before adding using a distance matrix.
Building set of clusters (X) from gene trees 
------------------------------
gradient0: 69
Number of Clusters after addition by distance: 69
calculating extra bipartitions to be added at level 1 ...
Adding to X using resolutions of greedy consensus ...
Limit for sigma of degrees:300
polytomy size limit : 3
discarded polytomies:  []
Threshold 0.0:
Threshold 0.01:
Threshold 0.02:
Threshold 0.05:
Threshold 0.1:
Threshold 0.2:
Threshold 0.3333333333333333:
max k is :0
Number of Clusters after addition by greedy: 69
gradient0 in heuristiic: 69
calculating all possible bipartitions ...
Number of Clusters After Adding All possible clusters: 1023
partitions formed in 1.596 secs
Dynamic Programming starting after 1.597 secs
Using tree-based weight calculation.
Using polytree-based weight calculation.
Polytree max score: 6043
Polytree building time: 0.08 seconds.
Number of quartet trees in the gene trees: 6043
Size of largest cluster: 10
Greedy score: 5973
estimationFactor: 1.0117194039845974
Sub-optimal score: 5973
Total Number of elements weighted: 1127
Normalized score (portion of input quartet trees satisfied before correcting for multiple individuals): 0.9884163494952838
Optimization score: 5973
Optimal tree inferred in 2.124 secs.
(t8,(t4,(t2,(t6,(t1,(t5,(t3,(t7,(t9,t10)))))))));
Final quartet score is: 5973
Final normalized quartet score is: 0.9884163494952838
You may want to ignore posterior probabilities and other statistics related to the following branch branch because the effective number of genes impacting it is only 15:
	{t3, t5, t7, t6, t9, t10, t1}
Extended species tree:
(t4,((t2,(t6,(t1,(t5,(t3,(t7,(t9,t10)1:2.335374915817036)1:0.4418327522790392)1:2.8817880142047736)1:3.332204510175203)1:4.365219516357503)1:0.9808292530117262)1:3.925268232178164,t8));
Weight calculation took 0.232123697 secs
ASTRAL finished in 2.549 secs
