
================== ASTRAL ===================== 

This is ASTRAL version 5.7.8
Gene trees are treated as unrooted
5913 trees read from quartet_temp.txt
index0
All output trees will be *arbitrarily* rooted at t4

======== Running the main analysis
Number of taxa: 10 (10 species)
Taxa: [t4, t8, t2, t3, t5, t6, t7, t10, t9, t1]
Taxon occupancy: {t4=2629, t5=1822, t6=2581, t10=2975, t7=2705, t8=2644, t9=2897, t1=1480, t2=1959, t3=1960}
Number of gene trees: 5913
5913 trees have missing taxa
Calculating quartet distance matrix (for completion of X)
Species tree distances calculated ...
Will attempt to complete bipartitions from X before adding using a distance matrix.
Building set of clusters (X) from gene trees 
------------------------------
gradient0: 73
Number of Clusters after addition by distance: 73
calculating extra bipartitions to be added at level 1 ...
Adding to X using resolutions of greedy consensus ...
Limit for sigma of degrees:300
polytomy size limit : 3
discarded polytomies:  []
Threshold 0.0:
Threshold 0.01:
Threshold 0.02:
Threshold 0.05:
Threshold 0.1:
Threshold 0.2:
Threshold 0.3333333333333333:
max k is :0
Number of Clusters after addition by greedy: 73
gradient0 in heuristiic: 73
calculating all possible bipartitions ...
Number of Clusters After Adding All possible clusters: 1023
partitions formed in 1.454 secs
Dynamic Programming starting after 1.454 secs
Using tree-based weight calculation.
Using polytree-based weight calculation.
Polytree max score: 5913
Polytree building time: 0.083 seconds.
Number of quartet trees in the gene trees: 5913
Size of largest cluster: 10
Greedy score: 5829
estimationFactor: 1.0144107050952136
Sub-optimal score: 5829
Total Number of elements weighted: 1127
Normalized score (portion of input quartet trees satisfied before correcting for multiple individuals): 0.9857940131912735
Optimization score: 5829
Optimal tree inferred in 2.355 secs.
(t8,(t4,(t2,(t6,(t1,(t5,(t3,(t7,(t10,t9)))))))));
Final quartet score is: 5829
Final normalized quartet score is: 0.9857940131912735
Extended species tree:
(t4,((t2,(t6,(t1,(t5,(t3,(t7,(t10,t9)1:3.8213686371600164)1:1.7917594692280545)1:3.254426809132519)1:1.75697335314264)1:1.75697335314264)0.8:0.15415067982725836)1:4.718498871295098,t8));
Weight calculation took 0.651910586 secs
ASTRAL finished in 2.726 secs
