
================== ASTRAL ===================== 

This is ASTRAL version 5.7.8
Gene trees are treated as unrooted
5709 trees read from quartet_temp.txt
index0
All output trees will be *arbitrarily* rooted at t7

======== Running the main analysis
Number of taxa: 10 (10 species)
Taxa: [t7, t8, t1, t2, t3, t4, t6, t9, t10, t5]
Taxon occupancy: {t4=2255, t5=2170, t6=1990, t10=2344, t7=2104, t8=2617, t9=2403, t1=2158, t2=2619, t3=2176}
Number of gene trees: 5709
5709 trees have missing taxa
Calculating quartet distance matrix (for completion of X)
Species tree distances calculated ...
Will attempt to complete bipartitions from X before adding using a distance matrix.
Building set of clusters (X) from gene trees 
------------------------------
gradient0: 89
Number of Clusters after addition by distance: 89
calculating extra bipartitions to be added at level 1 ...
Adding to X using resolutions of greedy consensus ...
Limit for sigma of degrees:300
polytomy size limit : 3
discarded polytomies:  []
Threshold 0.0:
Threshold 0.01:
Threshold 0.02:
Threshold 0.05:
Threshold 0.1:
Threshold 0.2:
Threshold 0.3333333333333333:
max k is :0
Number of Clusters after addition by greedy: 89
gradient0 in heuristiic: 89
calculating all possible bipartitions ...
Number of Clusters After Adding All possible clusters: 1023
partitions formed in 1.441 secs
Dynamic Programming starting after 1.441 secs
Using tree-based weight calculation.
Using polytree-based weight calculation.
Polytree max score: 5709
Polytree building time: 0.08 seconds.
Number of quartet trees in the gene trees: 5709
Size of largest cluster: 10
Greedy score: 5614
estimationFactor: 1.0169219807623797
Sub-optimal score: 5614
Total Number of elements weighted: 1213
Normalized score (portion of input quartet trees satisfied before correcting for multiple individuals): 0.9833596076370643
Optimization score: 5614
Optimal tree inferred in 2.119 secs.
(t8,(t9,(t10,(t7,((t4,t5),(t6,(t2,(t1,t3))))))));
Final quartet score is: 5614
Final normalized quartet score is: 0.9833596076370643
Extended species tree:
(t7,(((t4,t5)1:0.9675840262617057,(t6,(t2,(t1,t3)1:1.9694406464655068)1:3.315051430948953)1:2.931828471574511)1:3.9608131695975817,(t10,(t9,t8)1:1.5522794985941515)1:1.6817585740137264));
Weight calculation took 0.386698562 secs
ASTRAL finished in 2.526 secs
