
================== ASTRAL ===================== 

This is ASTRAL version 5.7.8
Gene trees are treated as unrooted
4152 trees read from quartet_temp.txt
index0
All output trees will be *arbitrarily* rooted at t2

======== Running the main analysis
Number of taxa: 10 (10 species)
Taxa: [t2, t6, t1, t5, t8, t9, t10, t4, t7, t3]
Taxon occupancy: {t4=1753, t5=1478, t6=1501, t10=1852, t7=1392, t8=1698, t9=1726, t1=2088, t2=1958, t3=1162}
Number of gene trees: 4152
4152 trees have missing taxa
Calculating quartet distance matrix (for completion of X)
Species tree distances calculated ...
Will attempt to complete bipartitions from X before adding using a distance matrix.
Building set of clusters (X) from gene trees 
------------------------------
gradient0: 73
Number of Clusters after addition by distance: 73
calculating extra bipartitions to be added at level 1 ...
Adding to X using resolutions of greedy consensus ...
Limit for sigma of degrees:300
polytomy size limit : 3
discarded polytomies:  []
Threshold 0.0:
Threshold 0.01:
Threshold 0.02:
Threshold 0.05:
Threshold 0.1:
Threshold 0.2:
Threshold 0.3333333333333333:
max k is :0
Number of Clusters after addition by greedy: 73
gradient0 in heuristiic: 73
calculating all possible bipartitions ...
Number of Clusters After Adding All possible clusters: 1023
partitions formed in 0.991 secs
Dynamic Programming starting after 0.991 secs
Using tree-based weight calculation.
Using polytree-based weight calculation.
Polytree max score: 4152
Polytree building time: 0.064 seconds.
Number of quartet trees in the gene trees: 4152
Size of largest cluster: 10
Greedy score: 4083
estimationFactor: 1.0168993387215284
Sub-optimal score: 4083
Total Number of elements weighted: 995
Normalized score (portion of input quartet trees satisfied before correcting for multiple individuals): 0.9833815028901735
Optimization score: 4083
Optimal tree inferred in 1.444 secs.
(t6,(t2,((t1,t5),(t3,((t4,t7),(t8,(t9,t10)))))));
Final quartet score is: 4083
Final normalized quartet score is: 0.9833815028901735
Extended species tree:
(t2,(((t1,t5)1:1.349926716949016,(t3,((t4,t7)1:1.259542655480747,(t8,(t9,t10)1:2.5032557884561966)1:2.5811346818825536)1:3.0081547935525492)1:3.3557350075853964)1:1.0846260466933697,t6));
Weight calculation took 0.219175115 secs
ASTRAL finished in 1.779 secs
