
================== ASTRAL ===================== 

This is ASTRAL version 5.7.8
Gene trees are treated as unrooted
4532 trees read from quartet_temp.txt
index0
All output trees will be *arbitrarily* rooted at t7

======== Running the main analysis
Number of taxa: 10 (10 species)
Taxa: [t7, t8, t1, t2, t4, t6, t10, t3, t9, t5]
Taxon occupancy: {t4=1403, t5=1945, t6=1494, t10=2096, t7=2142, t8=2071, t9=1321, t1=1747, t2=1973, t3=1936}
Number of gene trees: 4532
4532 trees have missing taxa
Calculating quartet distance matrix (for completion of X)
Species tree distances calculated ...
Will attempt to complete bipartitions from X before adding using a distance matrix.
Building set of clusters (X) from gene trees 
------------------------------
gradient0: 71
Number of Clusters after addition by distance: 71
calculating extra bipartitions to be added at level 1 ...
Adding to X using resolutions of greedy consensus ...
Limit for sigma of degrees:300
polytomy size limit : 3
discarded polytomies:  []
Threshold 0.0:
Threshold 0.01:
Threshold 0.02:
Threshold 0.05:
Threshold 0.1:
Threshold 0.2:
Threshold 0.3333333333333333:
max k is :0
Number of Clusters after addition by greedy: 71
gradient0 in heuristiic: 71
calculating all possible bipartitions ...
Number of Clusters After Adding All possible clusters: 1023
partitions formed in 1.168 secs
Dynamic Programming starting after 1.168 secs
Using tree-based weight calculation.
Using polytree-based weight calculation.
Polytree max score: 4532
Polytree building time: 0.055 seconds.
Number of quartet trees in the gene trees: 4532
Size of largest cluster: 10
Greedy score: 4479
estimationFactor: 1.0118329984371512
Sub-optimal score: 4479
Total Number of elements weighted: 1225
Normalized score (portion of input quartet trees satisfied before correcting for multiple individuals): 0.9883053839364518
Optimization score: 4479
Optimal tree inferred in 1.639 secs.
(t8,(t10,(t7,(t5,(t6,(t9,((t1,t4),(t2,t3))))))));
Final quartet score is: 4479
Final normalized quartet score is: 0.9883053839364518
Extended species tree:
(t7,((t5,(t6,(t9,((t1,t4)1:1.3237740041385568,(t2,t3)1:4.267363726353742)1:3.036554268074245)1:1.5686159179138457)1:3.5302744239372976)1:3.2580965380214812,(t10,t8)1:1.4508328822574619));
Weight calculation took 0.237515457 secs
ASTRAL finished in 1.987 secs
