
================== ASTRAL ===================== 

This is ASTRAL version 5.7.8
Gene trees are treated as unrooted
5679 trees read from quartet_temp.txt
index0
All output trees will be *arbitrarily* rooted at t3

======== Running the main analysis
Number of taxa: 10 (10 species)
Taxa: [t3, t7, t2, t6, t9, t10, t4, t5, t8, t1]
Taxon occupancy: {t4=2475, t5=1548, t6=2519, t10=2859, t7=2618, t8=2547, t9=2812, t1=1375, t2=1974, t3=1989}
Number of gene trees: 5679
5679 trees have missing taxa
Calculating quartet distance matrix (for completion of X)
Species tree distances calculated ...
Will attempt to complete bipartitions from X before adding using a distance matrix.
Building set of clusters (X) from gene trees 
------------------------------
gradient0: 75
Number of Clusters after addition by distance: 75
calculating extra bipartitions to be added at level 1 ...
Adding to X using resolutions of greedy consensus ...
Limit for sigma of degrees:300
polytomy size limit : 3
discarded polytomies:  []
Threshold 0.0:
Threshold 0.01:
Threshold 0.02:
Threshold 0.05:
Threshold 0.1:
Threshold 0.2:
Threshold 0.3333333333333333:
max k is :0
Number of Clusters after addition by greedy: 75
gradient0 in heuristiic: 75
calculating all possible bipartitions ...
Number of Clusters After Adding All possible clusters: 1023
partitions formed in 1.362 secs
Dynamic Programming starting after 1.362 secs
Using tree-based weight calculation.
Using polytree-based weight calculation.
Polytree max score: 5679
Polytree building time: 0.086 seconds.
Number of quartet trees in the gene trees: 5679
Size of largest cluster: 10
Greedy score: 5616
estimationFactor: 1.0112179487179487
Sub-optimal score: 5616
Total Number of elements weighted: 1066
Normalized score (portion of input quartet trees satisfied before correcting for multiple individuals): 0.9889064976228209
Optimization score: 5616
Optimal tree inferred in 2.226 secs.
(t7,((t9,t10),(t3,(t5,(t1,(t2,(t6,(t4,t8))))))));
Final quartet score is: 5616
Final normalized quartet score is: 0.9889064976228209
Extended species tree:
(t3,((t5,(t1,(t2,(t6,(t4,t8)1:2.92673940206704)0.63:0.12260232209233239)1:1.9526898360406917)1:2.114532861491106)1:5.239981789535066,((t9,t10)1:4.373658385003369,t7)1:3.737669618283365));
Weight calculation took 0.627319295 secs
ASTRAL finished in 2.598 secs
