
================== ASTRAL ===================== 

This is ASTRAL version 5.7.8
Gene trees are treated as unrooted
4716 trees read from quartet_temp.txt
index0
All output trees will be *arbitrarily* rooted at t4

======== Running the main analysis
Number of taxa: 10 (10 species)
Taxa: [t4, t5, t1, t2, t6, t7, t10, t8, t9, t3]
Taxon occupancy: {t4=2155, t5=2268, t6=2180, t10=2253, t7=1339, t8=1562, t9=2119, t1=1493, t2=1776, t3=1719}
Number of gene trees: 4716
4716 trees have missing taxa
Calculating quartet distance matrix (for completion of X)
Species tree distances calculated ...
Will attempt to complete bipartitions from X before adding using a distance matrix.
Building set of clusters (X) from gene trees 
------------------------------
gradient0: 73
Number of Clusters after addition by distance: 73
calculating extra bipartitions to be added at level 1 ...
Adding to X using resolutions of greedy consensus ...
Limit for sigma of degrees:300
polytomy size limit : 3
discarded polytomies:  []
Threshold 0.0:
Threshold 0.01:
Threshold 0.02:
Threshold 0.05:
Threshold 0.1:
Threshold 0.2:
Threshold 0.3333333333333333:
max k is :0
Number of Clusters after addition by greedy: 73
gradient0 in heuristiic: 73
calculating all possible bipartitions ...
Number of Clusters After Adding All possible clusters: 1023
partitions formed in 1.068 secs
Dynamic Programming starting after 1.068 secs
Using tree-based weight calculation.
Using polytree-based weight calculation.
Polytree max score: 4716
Polytree building time: 0.069 seconds.
Number of quartet trees in the gene trees: 4716
Size of largest cluster: 10
Greedy score: 4637
estimationFactor: 1.017036877291352
Sub-optimal score: 4637
Total Number of elements weighted: 1226
Normalized score (portion of input quartet trees satisfied before correcting for multiple individuals): 0.9832485156912638
Optimization score: 4637
Optimal tree inferred in 1.559 secs.
(t5,(t4,(t9,(t3,(t7,(t8,(t1,(t2,(t6,t10)))))))));
Final quartet score is: 4637
Final normalized quartet score is: 0.9832485156912638
Extended species tree:
(t4,((t9,(t3,(t7,(t8,(t1,(t2,(t6,t10)1:4.158883083359675)1:2.4277482359480516)1:4.276666119016051)1:1.586965056582042)1:2.689701062434013)1:1.9363406980391626)0.99:0.5108256237659905,t5));
Weight calculation took 0.228902985 secs
ASTRAL finished in 1.913 secs
