
================== ASTRAL ===================== 

This is ASTRAL version 5.7.8
Gene trees are treated as unrooted
4397 trees read from quartet_temp.txt
index0
All output trees will be *arbitrarily* rooted at t2

======== Running the main analysis
Number of taxa: 10 (10 species)
Taxa: [t2, t3, t1, t5, t6, t9, t10, t4, t8, t7]
Taxon occupancy: {t4=1269, t5=1726, t6=1684, t10=1811, t7=1419, t8=2051, t9=1786, t1=1555, t2=1901, t3=2386}
Number of gene trees: 4397
4397 trees have missing taxa
Calculating quartet distance matrix (for completion of X)
Species tree distances calculated ...
Will attempt to complete bipartitions from X before adding using a distance matrix.
Building set of clusters (X) from gene trees 
------------------------------
gradient0: 77
Number of Clusters after addition by distance: 77
calculating extra bipartitions to be added at level 1 ...
Adding to X using resolutions of greedy consensus ...
Limit for sigma of degrees:300
polytomy size limit : 3
discarded polytomies:  []
Threshold 0.0:
Threshold 0.01:
Threshold 0.02:
Threshold 0.05:
Threshold 0.1:
Threshold 0.2:
Threshold 0.3333333333333333:
max k is :0
Number of Clusters after addition by greedy: 77
gradient0 in heuristiic: 77
calculating all possible bipartitions ...
Number of Clusters After Adding All possible clusters: 1023
partitions formed in 1.239 secs
Dynamic Programming starting after 1.239 secs
Using tree-based weight calculation.
Using polytree-based weight calculation.
Polytree max score: 4397
Polytree building time: 0.077 seconds.
Number of quartet trees in the gene trees: 4397
Size of largest cluster: 10
Greedy score: 4349
estimationFactor: 1.0110370200045988
Sub-optimal score: 4349
Total Number of elements weighted: 1051
Normalized score (portion of input quartet trees satisfied before correcting for multiple individuals): 0.9890834659995451
Optimization score: 4349
Optimal tree inferred in 1.828 secs.
(t3,(t8,(t2,(t4,((t1,t10),(t7,(t6,(t5,t9))))))));
Final quartet score is: 4349
Final normalized quartet score is: 0.9890834659995451
You may want to ignore posterior probabilities and other statistics related to the following branch branch because the effective number of genes impacting it is only 19:
	{t5, t9}
Extended species tree:
(t2,((t4,((t1,t10)1:5.006180943746879,(t7,(t6,(t5,t9)1:0.7985076962177715)1:1.6739764335716716)1:2.2256240518579182)1:5.31484666849926)1:3.091042453358317,(t8,t3)1:3.091042453358317));
Weight calculation took 0.37656418 secs
ASTRAL finished in 2.171 secs
