
================== ASTRAL ===================== 

This is ASTRAL version 5.7.8
Gene trees are treated as unrooted
4017 trees read from tmp_quartet_YLaSjgejYXW1N.txt
index0
All output trees will be *arbitrarily* rooted at t2
201 extra trees read from tmp_bipartitions_YLaSjgejYXW1N.bootstrap.trees

======== Running the main analysis
Number of taxa: 10 (10 species)
Taxa: [t2, t6, t1, t7, t8, t10, t3, t4, t9, t5]
Taxon occupancy: {t4=1908, t5=1870, t6=1844, t10=1953, t7=1221, t8=1373, t9=1831, t1=1365, t2=1422, t3=1281}
Number of gene trees: 4017
4017 trees have missing taxa
Calculating quartet distance matrix (for completion of X)
Species tree distances calculated ...
Will attempt to complete bipartitions from X before adding using a distance matrix.
Building set of clusters (X) from gene trees 
------------------------------
gradient0: 65
Number of Clusters after addition by distance: 65
calculating extra bipartitions to be added at level 1 ...
Adding to X using resolutions of greedy consensus ...
Limit for sigma of degrees:300
polytomy size limit : 3
discarded polytomies:  []
Threshold 0.0:
Threshold 0.01:
Threshold 0.02:
Threshold 0.05:
Threshold 0.1:
Threshold 0.2:
Threshold 0.3333333333333333:
max k is :0
Number of Clusters after addition by greedy: 65
gradient0 in heuristiic: 65
calculating extra bipartitions from extra input trees ...
Number of Clusters after additions from extra trees: 85
partitions formed in 1.243 secs
Dynamic Programming starting after 1.255 secs
Using tree-based weight calculation.
Using polytree-based weight calculation.
Polytree max score: 4017
Polytree building time: 0.071 seconds.
Number of quartet trees in the gene trees: 4017
Size of largest cluster: 10
Greedy score: 3987
estimationFactor: 1.0075244544770505
Sub-optimal score: 3987
Total Number of elements weighted: 71
Normalized score (portion of input quartet trees satisfied before correcting for multiple individuals): 0.9925317401045557
Optimization score: 3987
Optimal tree inferred in 1.518 secs.
(t6,(t10,(t2,(t1,(t8,(t7,(t3,(t9,(t4,t5)))))))));
Final quartet score is: 3987
Final normalized quartet score is: 0.9925317401045557
Extended species tree:
(t2,((t1,(t8,(t7,(t3,(t9,(t4,t5)1:0.8472978603872037)1:2.730029107820986)1:4.867534450455586)1:2.0193376176101303)1:3.006782109740576)1:2.6548056865833978,(t10,t6)1:2.159484249353373));
Weight calculation took 0.07745182 secs
ASTRAL finished in 1.925 secs
