
================== ASTRAL ===================== 

This is ASTRAL version 5.7.8
Gene trees are treated as unrooted
4986 trees read from tmp_quartet_YLaSjgejYXW1N.txt
index0
All output trees will be *arbitrarily* rooted at t6
201 extra trees read from tmp_bipartitions_YLaSjgejYXW1N.bootstrap.trees

======== Running the main analysis
Number of taxa: 10 (10 species)
Taxa: [t6, t8, t1, t2, t3, t4, t5, t7, t10, t9]
Taxon occupancy: {t4=2712, t5=2126, t6=1406, t10=2708, t7=2113, t8=1740, t9=1793, t1=1818, t2=1897, t3=1631}
Number of gene trees: 4986
4986 trees have missing taxa
Calculating quartet distance matrix (for completion of X)
Species tree distances calculated ...
Will attempt to complete bipartitions from X before adding using a distance matrix.
Building set of clusters (X) from gene trees 
------------------------------
gradient0: 53
Number of Clusters after addition by distance: 53
calculating extra bipartitions to be added at level 1 ...
Adding to X using resolutions of greedy consensus ...
Limit for sigma of degrees:300
polytomy size limit : 3
discarded polytomies:  []
Threshold 0.0:
Threshold 0.01:
Threshold 0.02:
Threshold 0.05:
Threshold 0.1:
Threshold 0.2:
Threshold 0.3333333333333333:
max k is :0
Number of Clusters after addition by greedy: 53
gradient0 in heuristiic: 53
calculating extra bipartitions from extra input trees ...
Number of Clusters after additions from extra trees: 67
partitions formed in 1.357 secs
Dynamic Programming starting after 1.358 secs
Using tree-based weight calculation.
Using polytree-based weight calculation.
Polytree max score: 4986
Polytree building time: 0.092 seconds.
Number of quartet trees in the gene trees: 4986
Size of largest cluster: 10
Greedy score: 4973
estimationFactor: 1.0026141162276292
Sub-optimal score: 4973
Total Number of elements weighted: 52
Normalized score (portion of input quartet trees satisfied before correcting for multiple individuals): 0.9973926995587645
Optimization score: 4973
Optimal tree inferred in 1.633 secs.
(t8,(t9,((t5,t7),(t6,(t2,(t1,(t3,(t4,t10))))))));
Final quartet score is: 4973
Final normalized quartet score is: 0.9973926995587645
Extended species tree:
(t6,((t2,(t1,(t3,(t4,t10)1:3.3862717314454773)1:4.543294782270002)1:4.798541578968634)1:4.1896547420264305,((t5,t7)1:4.454347296253506,(t9,t8)1:2.92673940206704)1:2.5532258937654766));
Weight calculation took 0.06489585 secs
ASTRAL finished in 2.106 secs
