
================== ASTRAL ===================== 

This is ASTRAL version 5.7.8
Gene trees are treated as unrooted
4822 trees read from tmp_quartet_YLaSjgejYXW1N.txt
index0
All output trees will be *arbitrarily* rooted at t4
201 extra trees read from tmp_bipartitions_YLaSjgejYXW1N.bootstrap.trees

======== Running the main analysis
Number of taxa: 10 (10 species)
Taxa: [t4, t5, t1, t6, t7, t8, t10, t9, t3, t2]
Taxon occupancy: {t4=2300, t5=2274, t6=2088, t10=2357, t7=1251, t8=1729, t9=2146, t1=1577, t2=1708, t3=1858}
Number of gene trees: 4822
4822 trees have missing taxa
Calculating quartet distance matrix (for completion of X)
Species tree distances calculated ...
Will attempt to complete bipartitions from X before adding using a distance matrix.
Building set of clusters (X) from gene trees 
------------------------------
gradient0: 65
Number of Clusters after addition by distance: 65
calculating extra bipartitions to be added at level 1 ...
Adding to X using resolutions of greedy consensus ...
Limit for sigma of degrees:300
polytomy size limit : 3
discarded polytomies:  []
Threshold 0.0:
Threshold 0.01:
Threshold 0.02:
Threshold 0.05:
Threshold 0.1:
Threshold 0.2:
Threshold 0.3333333333333333:
max k is :0
Number of Clusters after addition by greedy: 65
gradient0 in heuristiic: 65
calculating extra bipartitions from extra input trees ...
Number of Clusters after additions from extra trees: 81
partitions formed in 1.286 secs
Dynamic Programming starting after 1.287 secs
Using tree-based weight calculation.
Using polytree-based weight calculation.
Polytree max score: 4822
Polytree building time: 0.089 seconds.
Number of quartet trees in the gene trees: 4822
Size of largest cluster: 10
Greedy score: 4792
estimationFactor: 1.0062604340567614
Sub-optimal score: 4792
Total Number of elements weighted: 72
Normalized score (portion of input quartet trees satisfied before correcting for multiple individuals): 0.9937785151389465
Optimization score: 4792
Optimal tree inferred in 1.574 secs.
(t5,(t4,(t9,(t3,(t7,(t8,(t1,(t2,(t6,t10)))))))));
Final quartet score is: 4792
Final normalized quartet score is: 0.9937785151389465
Extended species tree:
(t4,((t9,(t3,(t7,(t8,(t1,(t2,(t6,t10)1:2.9444389791664407)1:2.354544831924757)1:2.799987696427895)1:2.401256620501075)1:5.19665371277155)1:1.9363406980391626)1:1.6486586255873819,t5));
Weight calculation took 0.066011426 secs
ASTRAL finished in 2.012 secs
