
================== ASTRAL ===================== 

This is ASTRAL version 5.7.8
Gene trees are treated as unrooted
1888 trees read from tmp_quartet_YLaSjgejYXW1N.txt
index0
All output trees will be *arbitrarily* rooted at t4
201 extra trees read from tmp_bipartitions_YLaSjgejYXW1N.bootstrap.trees

======== Running the main analysis
Number of taxa: 10 (10 species)
Taxa: [t4, t8, t1, t2, t3, t6, t7, t5, t9, t10]
Taxon occupancy: {t4=805, t5=732, t6=848, t10=843, t7=716, t8=871, t9=811, t1=511, t2=796, t3=619}
Number of gene trees: 1888
1888 trees have missing taxa
Calculating quartet distance matrix (for completion of X)
Species tree distances calculated ...
Will attempt to complete bipartitions from X before adding using a distance matrix.
Building set of clusters (X) from gene trees 
------------------------------
gradient0: 89
Number of Clusters after addition by distance: 89
calculating extra bipartitions to be added at level 1 ...
Adding to X using resolutions of greedy consensus ...
Limit for sigma of degrees:300
polytomy size limit : 3
discarded polytomies:  []
Threshold 0.0:
Threshold 0.01:
Threshold 0.02:
Threshold 0.05:
Threshold 0.1:
Threshold 0.2:
Threshold 0.3333333333333333:
max k is :0
Number of Clusters after addition by greedy: 89
gradient0 in heuristiic: 89
calculating extra bipartitions from extra input trees ...
Number of Clusters after additions from extra trees: 103
partitions formed in 0.604 secs
Dynamic Programming starting after 0.604 secs
Using tree-based weight calculation.
Using polytree-based weight calculation.
Polytree max score: 1888
Polytree building time: 0.033 seconds.
Number of quartet trees in the gene trees: 1888
Size of largest cluster: 10
Greedy score: 1784
estimationFactor: 1.0582959641255605
Sub-optimal score: 1803
Total Number of elements weighted: 100
Normalized score (portion of input quartet trees satisfied before correcting for multiple individuals): 0.9602754237288136
Optimization score: 1813
Optimal tree inferred in 0.793 secs.
(t8,(t4,((t7,(t2,t3)),((t6,t10),(t1,(t5,t9))))));
Final quartet score is: 1813
Final normalized quartet score is: 0.9602754237288136
You may want to ignore posterior probabilities and other statistics related to the following branch branch because the effective number of genes impacting it is only 19:
	{t1, t5, t9}
Extended species tree:
(t4,(((t7,(t2,t3)1:3.1640675883732072)1:1.9783454248084669,((t6,t10)1:2.9861628225378407,(t1,(t5,t9)1:4.037186148382156)0.9:0.39304258810960735)1:0.42488319396526597)1:1.9863511186138243,t8));
Weight calculation took 0.049322775 secs
ASTRAL finished in 1.116 secs
