
================== ASTRAL ===================== 

This is ASTRAL version 5.7.8
Gene trees are treated as unrooted
5309 trees read from tmp_quartet_YLaSjgejYXW1N.txt
index0
All output trees will be *arbitrarily* rooted at t4
201 extra trees read from tmp_bipartitions_YLaSjgejYXW1N.bootstrap.trees

======== Running the main analysis
Number of taxa: 10 (10 species)
Taxa: [t4, t8, t2, t3, t5, t6, t7, t10, t9, t1]
Taxon occupancy: {t4=2320, t5=1602, t6=2333, t10=2762, t7=2453, t8=2378, t9=2625, t1=1325, t2=1627, t3=1811}
Number of gene trees: 5309
5309 trees have missing taxa
Calculating quartet distance matrix (for completion of X)
Species tree distances calculated ...
Will attempt to complete bipartitions from X before adding using a distance matrix.
Building set of clusters (X) from gene trees 
------------------------------
gradient0: 51
Number of Clusters after addition by distance: 51
calculating extra bipartitions to be added at level 1 ...
Adding to X using resolutions of greedy consensus ...
Limit for sigma of degrees:300
polytomy size limit : 3
discarded polytomies:  []
Threshold 0.0:
Threshold 0.01:
Threshold 0.02:
Threshold 0.05:
Threshold 0.1:
Threshold 0.2:
Threshold 0.3333333333333333:
max k is :0
Number of Clusters after addition by greedy: 51
gradient0 in heuristiic: 51
calculating extra bipartitions from extra input trees ...
Number of Clusters after additions from extra trees: 69
partitions formed in 1.614 secs
Dynamic Programming starting after 1.614 secs
Using tree-based weight calculation.
Using polytree-based weight calculation.
Polytree max score: 5309
Polytree building time: 0.093 seconds.
Number of quartet trees in the gene trees: 5309
Size of largest cluster: 10
Greedy score: 5289
estimationFactor: 1.003781433163169
Sub-optimal score: 5289
Total Number of elements weighted: 56
Normalized score (portion of input quartet trees satisfied before correcting for multiple individuals): 0.9962328122056885
Optimization score: 5289
Optimal tree inferred in 1.91 secs.
(t8,(t4,(t2,(t6,(t1,(t5,(t3,(t7,(t10,t9)))))))));
Final quartet score is: 5289
Final normalized quartet score is: 0.9962328122056885
You may want to ignore posterior probabilities and other statistics related to the following branch branch because the effective number of genes impacting it is only 0:
	{t3, t5, t6, t7, t10, t9, t1}
Extended species tree:
(t4,((t2,(t6,(t1,(t5,(t3,(t7,(t10,t9)1:4.6821312271242155)1:1.239690886928015)1:4.941642422609307)1:3.401197381662154)1:2.3120638369485897)0.33:0.0)1:4.313033763186934,t8));
Weight calculation took 0.052198925 secs
ASTRAL finished in 2.399 secs
