
================== ASTRAL ===================== 

This is ASTRAL version 5.7.8
Gene trees are treated as unrooted
1374 trees read from tmp_quartet_YLaSjgejYXW1N.txt
index0
All output trees will be *arbitrarily* rooted at t10
201 extra trees read from tmp_bipartitions_YLaSjgejYXW1N.bootstrap.trees

======== Running the main analysis
Number of taxa: 10 (10 species)
Taxa: [t10, t4, t1, t2, t3, t5, t6, t7, t8, t9]
Taxon occupancy: {t4=685, t5=478, t10=670, t6=703, t7=546, t8=488, t9=515, t1=502, t2=444, t3=465}
Number of gene trees: 1374
1374 trees have missing taxa
Calculating quartet distance matrix (for completion of X)
Species tree distances calculated ...
Will attempt to complete bipartitions from X before adding using a distance matrix.
Building set of clusters (X) from gene trees 
------------------------------
gradient0: 87
Number of Clusters after addition by distance: 87
calculating extra bipartitions to be added at level 1 ...
Adding to X using resolutions of greedy consensus ...
Limit for sigma of degrees:300
polytomy size limit : 3
discarded polytomies:  []
Threshold 0.0:
Threshold 0.01:
Threshold 0.02:
Threshold 0.05:
Threshold 0.1:
Threshold 0.2:
Threshold 0.3333333333333333:
max k is :0
Number of Clusters after addition by greedy: 87
gradient0 in heuristiic: 87
calculating extra bipartitions from extra input trees ...
Number of Clusters after additions from extra trees: 103
partitions formed in 0.556 secs
Dynamic Programming starting after 0.556 secs
Using tree-based weight calculation.
Using polytree-based weight calculation.
Polytree max score: 1374
Polytree building time: 0.03 seconds.
Number of quartet trees in the gene trees: 1374
Size of largest cluster: 10
Greedy score: 1304
estimationFactor: 1.053680981595092
Sub-optimal score: 1304
Total Number of elements weighted: 72
Normalized score (portion of input quartet trees satisfied before correcting for multiple individuals): 0.9490538573508006
Optimization score: 1304
Optimal tree inferred in 0.701 secs.
(t4,(t10,((t7,(t5,t6)),((t2,t9),(t1,(t3,t8))))));
Final quartet score is: 1304
Final normalized quartet score is: 0.9490538573508006
You may want to ignore posterior probabilities and other statistics related to the following branch branch because the effective number of genes impacting it is only 10:
	{t3, t8}
Extended species tree:
(t10,(((t7,(t5,t6)1:1.6945957207744071)1:1.2490932396064056,((t2,t9)1:1.5960148921019601,(t1,(t3,t8)0.96:0.6061358035703156)1:1.1585104302491784)1:1.9924301646902058)1:3.0122615755052005,t4));
Weight calculation took 0.042667844 secs
ASTRAL finished in 1.01 secs
