
================== ASTRAL ===================== 

This is ASTRAL version 5.7.8
Gene trees are treated as unrooted
5160 trees read from tmp_quartet_YLaSjgejYXW1N.txt
index0
All output trees will be *arbitrarily* rooted at t3
201 extra trees read from tmp_bipartitions_YLaSjgejYXW1N.bootstrap.trees

======== Running the main analysis
Number of taxa: 10 (10 species)
Taxa: [t3, t7, t2, t4, t5, t6, t8, t9, t10, t1]
Taxon occupancy: {t4=1939, t5=2467, t6=1935, t10=1702, t7=1988, t8=2176, t9=1757, t1=1931, t2=2373, t3=2372}
Number of gene trees: 5160
5160 trees have missing taxa
Calculating quartet distance matrix (for completion of X)
Species tree distances calculated ...
Will attempt to complete bipartitions from X before adding using a distance matrix.
Building set of clusters (X) from gene trees 
------------------------------
gradient0: 69
Number of Clusters after addition by distance: 69
calculating extra bipartitions to be added at level 1 ...
Adding to X using resolutions of greedy consensus ...
Limit for sigma of degrees:300
polytomy size limit : 3
discarded polytomies:  []
Threshold 0.0:
Threshold 0.01:
Threshold 0.02:
Threshold 0.05:
Threshold 0.1:
Threshold 0.2:
Threshold 0.3333333333333333:
max k is :0
Number of Clusters after addition by greedy: 69
gradient0 in heuristiic: 69
calculating extra bipartitions from extra input trees ...
Number of Clusters after additions from extra trees: 83
partitions formed in 1.561 secs
Dynamic Programming starting after 1.561 secs
Using tree-based weight calculation.
Using polytree-based weight calculation.
Polytree max score: 5160
Polytree building time: 0.088 seconds.
Number of quartet trees in the gene trees: 5160
Size of largest cluster: 10
Greedy score: 5044
estimationFactor: 1.0229976209357652
Sub-optimal score: 5044
Total Number of elements weighted: 82
Normalized score (portion of input quartet trees satisfied before correcting for multiple individuals): 0.9775193798449613
Optimization score: 5044
Optimal tree inferred in 1.863 secs.
(t7,(t8,(t9,((t3,t10),(t1,(t4,(t2,(t5,t6))))))));
Final quartet score is: 5044
Final normalized quartet score is: 0.9775193798449613
Extended species tree:
(t3,(t10,((t1,(t4,(t2,(t5,t6)1:1.259542655480747)1:0.9946225751440622)1:1.409824858530085)1:6.184835940088525,(t9,(t8,t7)1:2.7006152226146916)0.99:0.5328045304847661)1:1.5163474893680884));
Weight calculation took 0.082716847 secs
ASTRAL finished in 2.405 secs
