
================== ASTRAL ===================== 

This is ASTRAL version 5.7.8
Gene trees are treated as unrooted
5382 trees read from tmp_quartet_YLaSjgejYXW1N.txt
index0
All output trees will be *arbitrarily* rooted at t2
201 extra trees read from tmp_bipartitions_YLaSjgejYXW1N.bootstrap.trees

======== Running the main analysis
Number of taxa: 10 (10 species)
Taxa: [t2, t3, t1, t5, t9, t10, t4, t6, t7, t8]
Taxon occupancy: {t4=1841, t5=1994, t10=2253, t6=1795, t7=1710, t8=2462, t9=1965, t1=2035, t2=2573, t3=2900}
Number of gene trees: 5382
5382 trees have missing taxa
Calculating quartet distance matrix (for completion of X)
Species tree distances calculated ...
Will attempt to complete bipartitions from X before adding using a distance matrix.
Building set of clusters (X) from gene trees 
------------------------------
gradient0: 75
Number of Clusters after addition by distance: 75
calculating extra bipartitions to be added at level 1 ...
Adding to X using resolutions of greedy consensus ...
Limit for sigma of degrees:300
polytomy size limit : 3
discarded polytomies:  []
Threshold 0.0:
Threshold 0.01:
Threshold 0.02:
Threshold 0.05:
Threshold 0.1:
Threshold 0.2:
Threshold 0.3333333333333333:
max k is :0
Number of Clusters after addition by greedy: 75
gradient0 in heuristiic: 75
calculating extra bipartitions from extra input trees ...
Number of Clusters after additions from extra trees: 95
partitions formed in 1.68 secs
Dynamic Programming starting after 1.68 secs
Using tree-based weight calculation.
Using polytree-based weight calculation.
Polytree max score: 5382
Polytree building time: 0.096 seconds.
Number of quartet trees in the gene trees: 5382
Size of largest cluster: 10
Greedy score: 5287
estimationFactor: 1.0179686022318895
Sub-optimal score: 5287
Total Number of elements weighted: 80
Normalized score (portion of input quartet trees satisfied before correcting for multiple individuals): 0.9823485693050911
Optimization score: 5287
Optimal tree inferred in 2.024 secs.
(t3,(t8,(t2,(t4,((t1,t10),(t7,(t6,(t5,t9))))))));
Final quartet score is: 5287
Final normalized quartet score is: 0.9823485693050911
Extended species tree:
(t2,((t4,((t1,t10)1:2.708050201102211,(t7,(t6,(t5,t9)0.99:0.4418327522790392)1:2.159484249353373)1:0.904456274227152)1:2.978187963903082)1:4.116323468940871,(t8,t3)1:3.721669276936928));
Weight calculation took 0.069424901 secs
ASTRAL finished in 2.527 secs
