
================== ASTRAL ===================== 

This is ASTRAL version 5.7.8
Gene trees are treated as unrooted
2330 trees read from tmp_quartet_YLaSjgejYXW1N.txt
index0
All output trees will be *arbitrarily* rooted at t2
201 extra trees read from tmp_bipartitions_YLaSjgejYXW1N.bootstrap.trees

======== Running the main analysis
Number of taxa: 10 (10 species)
Taxa: [t2, t3, t1, t8, t9, t4, t5, t6, t7, t10]
Taxon occupancy: {t4=781, t5=975, t6=976, t10=961, t7=825, t8=858, t9=904, t1=952, t2=1048, t3=1040}
Number of gene trees: 2330
2330 trees have missing taxa
Calculating quartet distance matrix (for completion of X)
Species tree distances calculated ...
Will attempt to complete bipartitions from X before adding using a distance matrix.
Building set of clusters (X) from gene trees 
------------------------------
gradient0: 81
Number of Clusters after addition by distance: 81
calculating extra bipartitions to be added at level 1 ...
Adding to X using resolutions of greedy consensus ...
Limit for sigma of degrees:300
polytomy size limit : 3
discarded polytomies:  []
Threshold 0.0:
Threshold 0.01:
Threshold 0.02:
Threshold 0.05:
Threshold 0.1:
Threshold 0.2:
Threshold 0.3333333333333333:
max k is :0
Number of Clusters after addition by greedy: 81
gradient0 in heuristiic: 81
calculating extra bipartitions from extra input trees ...
Number of Clusters after additions from extra trees: 139
partitions formed in 0.744 secs
Dynamic Programming starting after 0.744 secs
Using tree-based weight calculation.
Using polytree-based weight calculation.
Polytree max score: 2330
Polytree building time: 0.035 seconds.
Number of quartet trees in the gene trees: 2330
Size of largest cluster: 10
Greedy score: 2272
estimationFactor: 1.0255281690140845
Sub-optimal score: 2272
Total Number of elements weighted: 118
Normalized score (portion of input quartet trees satisfied before correcting for multiple individuals): 0.975107296137339
Optimization score: 2272
Optimal tree inferred in 0.925 secs.
(t3,(t2,(t4,((t5,t7),((t6,t10),(t8,(t1,t9)))))));
Final quartet score is: 2272
Final normalized quartet score is: 0.975107296137339
You may want to ignore posterior probabilities and other statistics related to the following branch branch because the effective number of genes impacting it is only 9:
	{t1, t8, t9, t4, t5, t6, t7, t10}
Extended species tree:
(t2,((t4,((t5,t7)1:2.590267165445826,((t6,t10)1:3.437565025833029,(t8,(t1,t9)1:3.5835189384561117)1:2.6968769005040847)1:2.9216243014002696)1:1.8887517352153649)1:1.2039728043259361,t3));
Weight calculation took 0.037403441 secs
ASTRAL finished in 1.274 secs
