
================== ASTRAL ===================== 

This is ASTRAL version 5.7.8
Gene trees are treated as unrooted
4621 trees read from tmp_quartet_YLaSjgejYXW1N.txt
index0
All output trees will be *arbitrarily* rooted at t7
201 extra trees read from tmp_bipartitions_YLaSjgejYXW1N.bootstrap.trees

======== Running the main analysis
Number of taxa: 10 (10 species)
Taxa: [t7, t8, t1, t2, t4, t5, t6, t3, t9, t10]
Taxon occupancy: {t4=1543, t5=1401, t6=1302, t10=2444, t7=1907, t8=1834, t9=2084, t1=1843, t2=1766, t3=2360}
Number of gene trees: 4621
4621 trees have missing taxa
Calculating quartet distance matrix (for completion of X)
Species tree distances calculated ...
Will attempt to complete bipartitions from X before adding using a distance matrix.
Building set of clusters (X) from gene trees 
------------------------------
gradient0: 53
Number of Clusters after addition by distance: 53
calculating extra bipartitions to be added at level 1 ...
Adding to X using resolutions of greedy consensus ...
Limit for sigma of degrees:300
polytomy size limit : 3
discarded polytomies:  []
Threshold 0.0:
Threshold 0.01:
Threshold 0.02:
Threshold 0.05:
Threshold 0.1:
Threshold 0.2:
Threshold 0.3333333333333333:
max k is :0
Number of Clusters after addition by greedy: 53
gradient0 in heuristiic: 53
calculating extra bipartitions from extra input trees ...
Number of Clusters after additions from extra trees: 81
partitions formed in 1.442 secs
Dynamic Programming starting after 1.442 secs
Using tree-based weight calculation.
Using polytree-based weight calculation.
Polytree max score: 4621
Polytree building time: 0.074 seconds.
Number of quartet trees in the gene trees: 4621
Size of largest cluster: 10
Greedy score: 4611
estimationFactor: 1.002168726957276
Sub-optimal score: 4611
Total Number of elements weighted: 75
Normalized score (portion of input quartet trees satisfied before correcting for multiple individuals): 0.9978359662410734
Optimization score: 4611
Optimal tree inferred in 1.714 secs.
(t8,(t7,((t1,(t3,(t9,t10))),(t2,(t6,(t4,t5))))));
Final quartet score is: 4611
Final normalized quartet score is: 0.9978359662410734
You may want to ignore posterior probabilities and other statistics related to the following branch branch because the effective number of genes impacting it is only 13:
	{t4, t5}
You may want to ignore posterior probabilities and other statistics related to the following branch branch because the effective number of genes impacting it is only 3:
	{t2, t4, t5, t6}
Extended species tree:
(t7,(((t1,(t3,(t9,t10)1:3.1780538303479453)1:4.077537443905719)1:5.809142990314027,(t2,(t6,(t4,t5)1:2.2335922215070947)1:2.890371757896163)0.95:0.9808292530117262)1:3.6091144856450716,t8));
Weight calculation took 0.060402299 secs
ASTRAL finished in 2.139 secs
