
================== ASTRAL ===================== 

This is ASTRAL version 5.7.8
Gene trees are treated as unrooted
1900 trees read from tmp_quartet_YLaSjgejYXW1N.txt
index0
All output trees will be *arbitrarily* rooted at t2
201 extra trees read from tmp_bipartitions_YLaSjgejYXW1N.bootstrap.trees

======== Running the main analysis
Number of taxa: 10 (10 species)
Taxa: [t2, t3, t1, t4, t5, t6, t8, t9, t10, t7]
Taxon occupancy: {t4=715, t5=842, t6=886, t10=873, t7=657, t8=806, t9=876, t1=548, t2=738, t3=659}
Number of gene trees: 1900
1900 trees have missing taxa
Calculating quartet distance matrix (for completion of X)
Species tree distances calculated ...
Will attempt to complete bipartitions from X before adding using a distance matrix.
Building set of clusters (X) from gene trees 
------------------------------
gradient0: 77
Number of Clusters after addition by distance: 77
calculating extra bipartitions to be added at level 1 ...
Adding to X using resolutions of greedy consensus ...
Limit for sigma of degrees:300
polytomy size limit : 3
discarded polytomies:  []
Threshold 0.0:
Threshold 0.01:
Threshold 0.02:
Threshold 0.05:
Threshold 0.1:
Threshold 0.2:
Threshold 0.3333333333333333:
max k is :0
Number of Clusters after addition by greedy: 77
gradient0 in heuristiic: 77
calculating extra bipartitions from extra input trees ...
Number of Clusters after additions from extra trees: 129
partitions formed in 0.631 secs
Dynamic Programming starting after 0.643 secs
Using tree-based weight calculation.
Using polytree-based weight calculation.
Polytree max score: 1900
Polytree building time: 0.032 seconds.
Number of quartet trees in the gene trees: 1900
Size of largest cluster: 10
Greedy score: 1828
estimationFactor: 1.039387308533917
Sub-optimal score: 1828
Total Number of elements weighted: 121
Normalized score (portion of input quartet trees satisfied before correcting for multiple individuals): 0.9652631578947368
Optimization score: 1834
Optimal tree inferred in 0.825 secs.
(t3,(t2,(t7,((t1,(t5,t9)),((t6,t10),(t4,t8))))));
Final quartet score is: 1834
Final normalized quartet score is: 0.9652631578947368
Extended species tree:
(t2,((t7,((t1,(t5,t9)1:2.590267165445826)1:1.1239300966523995,((t6,t10)1:3.884994333040223,(t4,t8)1:3.1403135023650983)0.98:0.4418327522790392)1:2.538973871058275)1:3.4657359027997248,t3));
Weight calculation took 0.06663922 secs
ASTRAL finished in 1.131 secs
