
================== ASTRAL ===================== 

This is ASTRAL version 5.7.8
Gene trees are treated as unrooted
4743 trees read from tmp_quartet_YLaSjgejYXW1N.txt
index0
All output trees will be *arbitrarily* rooted at t2
201 extra trees read from tmp_bipartitions_YLaSjgejYXW1N.bootstrap.trees

======== Running the main analysis
Number of taxa: 10 (10 species)
Taxa: [t2, t3, t1, t4, t5, t6, t7, t8, t9, t10]
Taxon occupancy: {t4=1706, t5=1672, t6=1898, t10=2001, t7=1736, t8=1319, t9=2007, t1=1683, t2=2457, t3=2493}
Number of gene trees: 4743
4743 trees have missing taxa
Calculating quartet distance matrix (for completion of X)
Species tree distances calculated ...
Will attempt to complete bipartitions from X before adding using a distance matrix.
Building set of clusters (X) from gene trees 
------------------------------
gradient0: 57
Number of Clusters after addition by distance: 57
calculating extra bipartitions to be added at level 1 ...
Adding to X using resolutions of greedy consensus ...
Limit for sigma of degrees:300
polytomy size limit : 3
discarded polytomies:  []
Threshold 0.0:
Threshold 0.01:
Threshold 0.02:
Threshold 0.05:
Threshold 0.1:
Threshold 0.2:
Threshold 0.3333333333333333:
max k is :0
Number of Clusters after addition by greedy: 57
gradient0 in heuristiic: 57
calculating extra bipartitions from extra input trees ...
Number of Clusters after additions from extra trees: 73
partitions formed in 1.474 secs
Dynamic Programming starting after 1.474 secs
Using tree-based weight calculation.
Using polytree-based weight calculation.
Polytree max score: 4743
Polytree building time: 0.092 seconds.
Number of quartet trees in the gene trees: 4743
Size of largest cluster: 10
Greedy score: 4700
estimationFactor: 1.0091489361702128
Sub-optimal score: 4700
Total Number of elements weighted: 66
Normalized score (portion of input quartet trees satisfied before correcting for multiple individuals): 0.9909340080118069
Optimization score: 4700
Optimal tree inferred in 1.75 secs.
(t3,(t2,(t1,((t4,t8),((t9,t10),(t5,(t6,t7)))))));
Final quartet score is: 4700
Final normalized quartet score is: 0.9909340080118069
Extended species tree:
(t2,((t1,((t4,t8)1:1.4363047816945518,((t9,t10)1:5.570885801189788,(t5,(t6,t7)1:1.586965056582042)1:4.248495242049363)1:4.644390899141376)1:2.0037297199441397)1:5.174264717878058,t3));
Weight calculation took 0.070827833 secs
ASTRAL finished in 2.204 secs
