
================== ASTRAL ===================== 

This is ASTRAL version 5.7.8
Gene trees are treated as unrooted
2949 trees read from tmp_quartet_YLaSjgejYXW1N.txt
index0
All output trees will be *arbitrarily* rooted at t2
201 extra trees read from tmp_bipartitions_YLaSjgejYXW1N.bootstrap.trees

======== Running the main analysis
Number of taxa: 10 (10 species)
Taxa: [t2, t7, t1, t4, t5, t6, t8, t9, t3, t10]
Taxon occupancy: {t4=1226, t5=1166, t6=738, t10=1144, t7=926, t8=1512, t9=1629, t1=1248, t2=1165, t3=1042}
Number of gene trees: 2949
2949 trees have missing taxa
Calculating quartet distance matrix (for completion of X)
Species tree distances calculated ...
Will attempt to complete bipartitions from X before adding using a distance matrix.
Building set of clusters (X) from gene trees 
------------------------------
gradient0: 83
Number of Clusters after addition by distance: 83
calculating extra bipartitions to be added at level 1 ...
Adding to X using resolutions of greedy consensus ...
Limit for sigma of degrees:300
polytomy size limit : 3
discarded polytomies:  []
Threshold 0.0:
Threshold 0.01:
Threshold 0.02:
Threshold 0.05:
Threshold 0.1:
Threshold 0.2:
Threshold 0.3333333333333333:
max k is :0
Number of Clusters after addition by greedy: 83
gradient0 in heuristiic: 83
calculating extra bipartitions from extra input trees ...
Number of Clusters after additions from extra trees: 127
partitions formed in 0.822 secs
Dynamic Programming starting after 0.822 secs
Using tree-based weight calculation.
Using polytree-based weight calculation.
Polytree max score: 2949
Polytree building time: 0.051 seconds.
Number of quartet trees in the gene trees: 2949
Size of largest cluster: 10
Greedy score: 2899
estimationFactor: 1.0172473266643671
Sub-optimal score: 2899
Total Number of elements weighted: 109
Normalized score (portion of input quartet trees satisfied before correcting for multiple individuals): 0.9830451000339098
Optimization score: 2899
Optimal tree inferred in 1.053 secs.
(t7,(t2,(t6,((t1,(t8,t9)),(t3,(t5,(t4,t10)))))));
Final quartet score is: 2899
Final normalized quartet score is: 0.9830451000339098
You may want to ignore posterior probabilities and other statistics related to the following branch branch because the effective number of genes impacting it is only 14:
	{t1, t4, t5, t8, t9, t3, t10}
Extended species tree:
(t2,((t6,((t1,(t8,t9)1:3.3557350075853964)1:3.2433361224383623,(t3,(t5,(t4,t10)1:2.484906649788)1:2.1335087629501115)1:2.9957322735539913)1:1.2039728043259361)1:3.1780538303479453,t7));
Weight calculation took 0.038413523 secs
ASTRAL finished in 1.422 secs
