
================== ASTRAL ===================== 

This is ASTRAL version 5.7.8
Gene trees are treated as unrooted
2851 trees read from tmp_quartet_YLaSjgejYXW1N.txt
index0
All output trees will be *arbitrarily* rooted at t3
201 extra trees read from tmp_bipartitions_YLaSjgejYXW1N.bootstrap.trees

======== Running the main analysis
Number of taxa: 10 (10 species)
Taxa: [t3, t4, t2, t9, t5, t6, t7, t8, t10, t1]
Taxon occupancy: {t4=1122, t5=1065, t6=1023, t10=970, t7=1064, t8=1182, t9=1520, t1=841, t2=1498, t3=1119}
Number of gene trees: 2851
2851 trees have missing taxa
Calculating quartet distance matrix (for completion of X)
Species tree distances calculated ...
Will attempt to complete bipartitions from X before adding using a distance matrix.
Building set of clusters (X) from gene trees 
------------------------------
gradient0: 85
Number of Clusters after addition by distance: 85
calculating extra bipartitions to be added at level 1 ...
Adding to X using resolutions of greedy consensus ...
Limit for sigma of degrees:300
polytomy size limit : 3
discarded polytomies:  []
Threshold 0.0:
Threshold 0.01:
Threshold 0.02:
Threshold 0.05:
Threshold 0.1:
Threshold 0.2:
Threshold 0.3333333333333333:
max k is :0
Number of Clusters after addition by greedy: 85
gradient0 in heuristiic: 85
calculating extra bipartitions from extra input trees ...
Number of Clusters after additions from extra trees: 113
partitions formed in 0.992 secs
Dynamic Programming starting after 0.992 secs
Using tree-based weight calculation.
Using polytree-based weight calculation.
Polytree max score: 2851
Polytree building time: 0.061 seconds.
Number of quartet trees in the gene trees: 2851
Size of largest cluster: 10
Greedy score: 2781
estimationFactor: 1.025170801869831
Sub-optimal score: 2781
Total Number of elements weighted: 81
Normalized score (portion of input quartet trees satisfied before correcting for multiple individuals): 0.9754472115047352
Optimization score: 2781
Optimal tree inferred in 1.217 secs.
(t4,((t3,(t5,(t2,t9))),(t6,(t7,(t8,(t10,t1))))));
Final quartet score is: 2781
Final normalized quartet score is: 0.9754472115047352
You may want to ignore posterior probabilities and other statistics related to the following branch branch because the effective number of genes impacting it is only 8:
	{t10, t1}
Extended species tree:
(t3,((t5,(t2,t9)1:4.6821312271242155)1:1.7197859696029656,((t6,(t7,(t8,(t10,t1)0.6:0.1823215567939546)1:2.0959708436310467)1:1.9459101490553135)1:2.72567180245203,t4)1:0.7419373447293773));
Weight calculation took 0.049126208 secs
ASTRAL finished in 1.576 secs
