
================== ASTRAL ===================== 

This is ASTRAL version 5.7.8
Gene trees are treated as unrooted
4370 trees read from tmp_quartet_YLaSjgejYXW1N.txt
index0
All output trees will be *arbitrarily* rooted at t3
201 extra trees read from tmp_bipartitions_YLaSjgejYXW1N.bootstrap.trees

======== Running the main analysis
Number of taxa: 10 (10 species)
Taxa: [t3, t4, t1, t2, t5, t6, t9, t10, t7, t8]
Taxon occupancy: {t4=1588, t5=1246, t6=1274, t10=1490, t7=1458, t8=1662, t9=1576, t1=2873, t2=2875, t3=1438}
Number of gene trees: 4370
4370 trees have missing taxa
Calculating quartet distance matrix (for completion of X)
Species tree distances calculated ...
Will attempt to complete bipartitions from X before adding using a distance matrix.
Building set of clusters (X) from gene trees 
------------------------------
gradient0: 71
Number of Clusters after addition by distance: 71
calculating extra bipartitions to be added at level 1 ...
Adding to X using resolutions of greedy consensus ...
Limit for sigma of degrees:300
polytomy size limit : 3
discarded polytomies:  []
Threshold 0.0:
Threshold 0.01:
Threshold 0.02:
Threshold 0.05:
Threshold 0.1:
Threshold 0.2:
Threshold 0.3333333333333333:
max k is :0
Number of Clusters after addition by greedy: 71
gradient0 in heuristiic: 71
calculating extra bipartitions from extra input trees ...
Number of Clusters after additions from extra trees: 95
partitions formed in 1.402 secs
Dynamic Programming starting after 1.414 secs
Using tree-based weight calculation.
Using polytree-based weight calculation.
Polytree max score: 4370
Polytree building time: 0.083 seconds.
Number of quartet trees in the gene trees: 4370
Size of largest cluster: 10
Greedy score: 4338
estimationFactor: 1.0073766712770862
Sub-optimal score: 4338
Total Number of elements weighted: 84
Normalized score (portion of input quartet trees satisfied before correcting for multiple individuals): 0.9926773455377574
Optimization score: 4338
Optimal tree inferred in 1.675 secs.
(t4,(t5,((t10,(t6,t9)),((t7,t8),(t3,(t1,t2))))));
Final quartet score is: 4338
Final normalized quartet score is: 0.9926773455377574
You may want to ignore posterior probabilities and other statistics related to the following branch branch because the effective number of genes impacting it is only 9:
	{t6, t9}
You may want to ignore posterior probabilities and other statistics related to the following branch branch because the effective number of genes impacting it is only 14:
	{t4, t5}
Extended species tree:
(t3,((t1,t2)1:5.488937726156676,((t7,t8)1:3.779126331961711,((t10,(t6,t9)0.67:0.2876820724517809)1:3.1872704854528715,(t5,t4)0.99:0.6931471805599453)1:3.0706335817271087)1:4.804021044733256));
Weight calculation took 0.072723578 secs
ASTRAL finished in 2.124 secs
