
================== ASTRAL ===================== 

This is ASTRAL version 5.7.8
Gene trees are treated as unrooted
3691 trees read from tmp_quartet_YLaSjgejYXW1N.txt
index0
All output trees will be *arbitrarily* rooted at t3
201 extra trees read from tmp_bipartitions_YLaSjgejYXW1N.bootstrap.trees

======== Running the main analysis
Number of taxa: 10 (10 species)
Taxa: [t3, t5, t1, t4, t6, t7, t8, t10, t2, t9]
Taxon occupancy: {t4=1155, t5=1486, t6=1189, t10=1678, t7=1811, t8=1706, t9=1153, t1=1337, t2=1674, t3=1575}
Number of gene trees: 3691
3691 trees have missing taxa
Calculating quartet distance matrix (for completion of X)
Species tree distances calculated ...
Will attempt to complete bipartitions from X before adding using a distance matrix.
Building set of clusters (X) from gene trees 
------------------------------
gradient0: 63
Number of Clusters after addition by distance: 63
calculating extra bipartitions to be added at level 1 ...
Adding to X using resolutions of greedy consensus ...
Limit for sigma of degrees:300
polytomy size limit : 3
discarded polytomies:  []
Threshold 0.0:
Threshold 0.01:
Threshold 0.02:
Threshold 0.05:
Threshold 0.1:
Threshold 0.2:
Threshold 0.3333333333333333:
max k is :0
Number of Clusters after addition by greedy: 63
gradient0 in heuristiic: 63
calculating extra bipartitions from extra input trees ...
Number of Clusters after additions from extra trees: 81
partitions formed in 1.179 secs
Dynamic Programming starting after 1.179 secs
Using tree-based weight calculation.
Using polytree-based weight calculation.
Polytree max score: 3691
Polytree building time: 0.066 seconds.
Number of quartet trees in the gene trees: 3691
Size of largest cluster: 10
Greedy score: 3632
estimationFactor: 1.0162444933920705
Sub-optimal score: 3632
Total Number of elements weighted: 71
Normalized score (portion of input quartet trees satisfied before correcting for multiple individuals): 0.9840151720400976
Optimization score: 3632
Optimal tree inferred in 1.444 secs.
(t5,((t7,(t8,t10)),(t6,(t9,((t3,t2),(t1,t4))))));
Final quartet score is: 3632
Final normalized quartet score is: 0.9840151720400976
Extended species tree:
(t3,(t2,((t1,t4)1:3.737669618283365,(t9,(t6,((t7,(t8,t10)1:2.92673940206704)1:4.960510906913699,t5)1:2.5230584157523768)0.91:0.2876820724517809)1:2.836010548677277)1:3.0602707946915624));
Weight calculation took 0.06599125 secs
ASTRAL finished in 1.838 secs
