
================== ASTRAL ===================== 

This is ASTRAL version 5.7.8
Gene trees are treated as unrooted
6704 trees read from tmp_quartet_YLaSjgejYXW1N.txt
index0
All output trees will be *arbitrarily* rooted at t4
201 extra trees read from tmp_bipartitions_YLaSjgejYXW1N.bootstrap.trees

======== Running the main analysis
Number of taxa: 10 (10 species)
Taxa: [t4, t5, t1, t2, t3, t6, t7, t8, t9, t10]
Taxon occupancy: {t4=2191, t5=2655, t6=2559, t10=2968, t7=2542, t8=2677, t9=2882, t1=2570, t2=2892, t3=2880}
Number of gene trees: 6704
6704 trees have missing taxa
Calculating quartet distance matrix (for completion of X)
Species tree distances calculated ...
Will attempt to complete bipartitions from X before adding using a distance matrix.
Building set of clusters (X) from gene trees 
------------------------------
gradient0: 77
Number of Clusters after addition by distance: 77
calculating extra bipartitions to be added at level 1 ...
Adding to X using resolutions of greedy consensus ...
Limit for sigma of degrees:300
polytomy size limit : 3
discarded polytomies:  []
Threshold 0.0:
Threshold 0.01:
Threshold 0.02:
Threshold 0.05:
Threshold 0.1:
Threshold 0.2:
Threshold 0.3333333333333333:
max k is :0
Number of Clusters after addition by greedy: 77
gradient0 in heuristiic: 77
calculating extra bipartitions from extra input trees ...
Number of Clusters after additions from extra trees: 95
partitions formed in 1.789 secs
Dynamic Programming starting after 1.789 secs
Using tree-based weight calculation.
Using polytree-based weight calculation.
Polytree max score: 6704
Polytree building time: 0.113 seconds.
Number of quartet trees in the gene trees: 6704
Size of largest cluster: 10
Greedy score: 6572
estimationFactor: 1.0200852099817408
Sub-optimal score: 6572
Total Number of elements weighted: 74
Normalized score (portion of input quartet trees satisfied before correcting for multiple individuals): 0.9803102625298329
Optimization score: 6572
Optimal tree inferred in 2.134 secs.
(t5,(t4,((t1,(t8,(t3,t9))),((t6,t7),(t2,t10)))));
Final quartet score is: 6572
Final normalized quartet score is: 0.9803102625298329
Extended species tree:
(t4,(((t1,(t8,(t3,t9)1:3.784189633918262)1:1.012917567563227)1:3.7072285927821333,((t6,t7)1:1.9252908618525777,(t2,t10)1:3.8731831721118812)1:0.420280193893305)1:4.601831284722578,t5));
Weight calculation took 0.0613889 secs
ASTRAL finished in 2.658 secs
