
================== ASTRAL ===================== 

This is ASTRAL version 5.7.8
Gene trees are treated as unrooted
3038 trees read from tmp_quartet_YLaSjgejYXW1N.txt
index0
All output trees will be *arbitrarily* rooted at t10
201 extra trees read from tmp_bipartitions_YLaSjgejYXW1N.bootstrap.trees

======== Running the main analysis
Number of taxa: 10 (10 species)
Taxa: [t10, t4, t1, t2, t6, t7, t8, t9, t3, t5]
Taxon occupancy: {t4=1225, t5=1085, t10=1073, t6=953, t7=1062, t8=1433, t9=1585, t1=1368, t2=1245, t3=1123}
Number of gene trees: 3038
3038 trees have missing taxa
Calculating quartet distance matrix (for completion of X)
Species tree distances calculated ...
Will attempt to complete bipartitions from X before adding using a distance matrix.
Building set of clusters (X) from gene trees 
------------------------------
gradient0: 69
Number of Clusters after addition by distance: 69
calculating extra bipartitions to be added at level 1 ...
Adding to X using resolutions of greedy consensus ...
Limit for sigma of degrees:300
polytomy size limit : 3
discarded polytomies:  []
Threshold 0.0:
Threshold 0.01:
Threshold 0.02:
Threshold 0.05:
Threshold 0.1:
Threshold 0.2:
Threshold 0.3333333333333333:
max k is :0
Number of Clusters after addition by greedy: 69
gradient0 in heuristiic: 69
calculating extra bipartitions from extra input trees ...
Number of Clusters after additions from extra trees: 83
partitions formed in 0.845 secs
Dynamic Programming starting after 0.846 secs
Using tree-based weight calculation.
Using polytree-based weight calculation.
Polytree max score: 3038
Polytree building time: 0.056 seconds.
Number of quartet trees in the gene trees: 3038
Size of largest cluster: 10
Greedy score: 2943
estimationFactor: 1.0322799864084269
Sub-optimal score: 2943
Total Number of elements weighted: 70
Normalized score (portion of input quartet trees satisfied before correcting for multiple individuals): 0.9687294272547728
Optimization score: 2943
Optimal tree inferred in 1.063 secs.
(t4,(t10,(t5,(t3,((t1,(t8,t9)),(t6,(t2,t7)))))));
Final quartet score is: 2943
Final normalized quartet score is: 0.9687294272547728
Extended species tree:
(t10,((t5,(t3,((t1,(t8,t9)1:4.3040650932041675)1:4.784710099820164,(t6,(t2,t7)1:1.5114575040738965)1:0.6698903183956781)1:3.951243718581431)1:0.45020100194955576)1:3.2580965380214812,t4));
Weight calculation took 0.03887677 secs
ASTRAL finished in 1.428 secs
