
================== ASTRAL ===================== 

This is ASTRAL version 5.7.8
Gene trees are treated as unrooted
2859 trees read from tmp_quartet_YLaSjgejYXW1N.txt
index0
All output trees will be *arbitrarily* rooted at t2
201 extra trees read from tmp_bipartitions_YLaSjgejYXW1N.bootstrap.trees

======== Running the main analysis
Number of taxa: 10 (10 species)
Taxa: [t2, t7, t1, t4, t5, t6, t8, t9, t3, t10]
Taxon occupancy: {t4=1185, t5=921, t6=824, t10=1055, t7=996, t8=1431, t9=1581, t1=1259, t2=1205, t3=979}
Number of gene trees: 2859
2859 trees have missing taxa
Calculating quartet distance matrix (for completion of X)
Species tree distances calculated ...
Will attempt to complete bipartitions from X before adding using a distance matrix.
Building set of clusters (X) from gene trees 
------------------------------
gradient0: 91
Number of Clusters after addition by distance: 91
calculating extra bipartitions to be added at level 1 ...
Adding to X using resolutions of greedy consensus ...
Limit for sigma of degrees:300
polytomy size limit : 3
discarded polytomies:  []
Threshold 0.0:
Threshold 0.01:
Threshold 0.02:
Threshold 0.05:
Threshold 0.1:
Threshold 0.2:
Threshold 0.3333333333333333:
max k is :0
Number of Clusters after addition by greedy: 91
gradient0 in heuristiic: 91
calculating extra bipartitions from extra input trees ...
Number of Clusters after additions from extra trees: 105
partitions formed in 0.915 secs
Dynamic Programming starting after 0.915 secs
Using tree-based weight calculation.
Using polytree-based weight calculation.
Polytree max score: 2859
Polytree building time: 0.066 seconds.
Number of quartet trees in the gene trees: 2859
Size of largest cluster: 10
Greedy score: 2828
estimationFactor: 1.010961810466761
Sub-optimal score: 2828
Total Number of elements weighted: 77
Normalized score (portion of input quartet trees satisfied before correcting for multiple individuals): 0.9891570479188527
Optimization score: 2828
Optimal tree inferred in 1.134 secs.
(t7,(t2,(t6,((t1,(t8,t9)),(t3,(t5,(t4,t10)))))));
Final quartet score is: 2828
Final normalized quartet score is: 0.9891570479188527
You may want to ignore posterior probabilities and other statistics related to the following branch branch because the effective number of genes impacting it is only 12:
	{t1, t4, t5, t8, t9, t3, t10}
Extended species tree:
(t2,((t6,((t1,(t8,t9)1:3.9765615265657206)1:3.2548862623912354,(t3,(t5,(t4,t10)1:3.091042453358317)1:2.6390573296152575)1:2.7408400239252018)1:2.159484249353373)1:3.6720723357975578,t7));
Weight calculation took 0.06040835 secs
ASTRAL finished in 1.526 secs
