
================== ASTRAL ===================== 

This is ASTRAL version 5.7.8
Gene trees are treated as unrooted
2428 trees read from tmp_quartet_YLaSjgejYXW1N.txt
index0
All output trees will be *arbitrarily* rooted at t10
201 extra trees read from tmp_bipartitions_YLaSjgejYXW1N.bootstrap.trees

======== Running the main analysis
Number of taxa: 10 (10 species)
Taxa: [t10, t4, t1, t2, t3, t5, t6, t8, t9, t7]
Taxon occupancy: {t4=1179, t5=1029, t10=1135, t6=1038, t7=584, t8=856, t9=917, t1=934, t2=870, t3=1170}
Number of gene trees: 2428
2428 trees have missing taxa
Calculating quartet distance matrix (for completion of X)
Species tree distances calculated ...
Will attempt to complete bipartitions from X before adding using a distance matrix.
Building set of clusters (X) from gene trees 
------------------------------
gradient0: 73
Number of Clusters after addition by distance: 73
calculating extra bipartitions to be added at level 1 ...
Adding to X using resolutions of greedy consensus ...
Limit for sigma of degrees:300
polytomy size limit : 3
discarded polytomies:  []
Threshold 0.0:
Threshold 0.01:
Threshold 0.02:
Threshold 0.05:
Threshold 0.1:
Threshold 0.2:
Threshold 0.3333333333333333:
max k is :0
Number of Clusters after addition by greedy: 73
gradient0 in heuristiic: 73
calculating extra bipartitions from extra input trees ...
Number of Clusters after additions from extra trees: 91
partitions formed in 0.735 secs
Dynamic Programming starting after 0.747 secs
Using tree-based weight calculation.
Using polytree-based weight calculation.
Polytree max score: 2428
Polytree building time: 0.051 seconds.
Number of quartet trees in the gene trees: 2428
Size of largest cluster: 10
Greedy score: 2394
estimationFactor: 1.014202172096909
Sub-optimal score: 2394
Total Number of elements weighted: 74
Normalized score (portion of input quartet trees satisfied before correcting for multiple individuals): 0.985996705107084
Optimization score: 2394
Optimal tree inferred in 0.936 secs.
(t4,(t10,((t9,(t6,t7)),(t1,(t2,(t8,(t3,t5)))))));
Final quartet score is: 2394
Final normalized quartet score is: 0.985996705107084
You may want to ignore posterior probabilities and other statistics related to the following branch branch because the effective number of genes impacting it is only 15:
	{t6, t7}
Extended species tree:
(t10,(((t9,(t6,t7)0.49:0.06453852113757118)1:4.348125082998204,(t1,(t2,(t8,(t3,t5)1:2.2801122371419864)1:2.3158303197440664)1:2.826655943510057)1:4.382026634673885)1:3.069159742108807,t4));
Weight calculation took 0.051499582 secs
ASTRAL finished in 1.288 secs
