
================== ASTRAL ===================== 

This is ASTRAL version 5.7.8
Gene trees are treated as unrooted
5238 trees read from tmp_quartet_YLaSjgejYXW1N.txt
index0
All output trees will be *arbitrarily* rooted at t10
201 extra trees read from tmp_bipartitions_YLaSjgejYXW1N.bootstrap.trees

======== Running the main analysis
Number of taxa: 10 (10 species)
Taxa: [t10, t9, t1, t2, t4, t5, t6, t7, t8, t3]
Taxon occupancy: {t4=1778, t5=1727, t10=2584, t6=1813, t7=1946, t8=1906, t9=2244, t1=2238, t2=2042, t3=2674}
Number of gene trees: 5238
5238 trees have missing taxa
Calculating quartet distance matrix (for completion of X)
Species tree distances calculated ...
Will attempt to complete bipartitions from X before adding using a distance matrix.
Building set of clusters (X) from gene trees 
------------------------------
gradient0: 107
Number of Clusters after addition by distance: 107
calculating extra bipartitions to be added at level 1 ...
Adding to X using resolutions of greedy consensus ...
Limit for sigma of degrees:300
polytomy size limit : 3
discarded polytomies:  []
Threshold 0.0:
Threshold 0.01:
Threshold 0.02:
Threshold 0.05:
Threshold 0.1:
Threshold 0.2:
Threshold 0.3333333333333333:
max k is :0
Number of Clusters after addition by greedy: 107
gradient0 in heuristiic: 107
calculating extra bipartitions from extra input trees ...
Number of Clusters after additions from extra trees: 125
partitions formed in 1.629 secs
Dynamic Programming starting after 1.629 secs
Using tree-based weight calculation.
Using polytree-based weight calculation.
Polytree max score: 5238
Polytree building time: 0.087 seconds.
Number of quartet trees in the gene trees: 5238
Size of largest cluster: 10
Greedy score: 5111
estimationFactor: 1.024848366268832
Sub-optimal score: 5111
Total Number of elements weighted: 110
Normalized score (portion of input quartet trees satisfied before correcting for multiple individuals): 0.975754104620084
Optimization score: 5111
Optimal tree inferred in 1.958 secs.
(t9,(t10,(t3,(t1,((t7,t8),(t2,(t4,(t5,t6))))))));
Final quartet score is: 5111
Final normalized quartet score is: 0.975754104620084
Extended species tree:
(t10,((t3,(t1,((t7,t8)1:2.730029107820986,(t2,(t4,(t5,t6)1:0.5288441292686688)0.99:0.2876820724517809)1:1.2939210409888757)1:4.858950706764199)1:3.8091285822655143)1:2.538973871058275,t9));
Weight calculation took 0.095566756 secs
ASTRAL finished in 2.432 secs
