
================== ASTRAL ===================== 

This is ASTRAL version 5.7.8
Gene trees are treated as unrooted
4262 trees read from tmp_quartet_YLaSjgejYXW1N.txt
index0
All output trees will be *arbitrarily* rooted at t2
201 extra trees read from tmp_bipartitions_YLaSjgejYXW1N.bootstrap.trees

======== Running the main analysis
Number of taxa: 10 (10 species)
Taxa: [t2, t4, t1, t10, t8, t9, t5, t6, t7, t3]
Taxon occupancy: {t4=1659, t5=1943, t10=1558, t6=1890, t7=1568, t8=1978, t9=1595, t1=1540, t2=1661, t3=1656}
Number of gene trees: 4262
4262 trees have missing taxa
Calculating quartet distance matrix (for completion of X)
Species tree distances calculated ...
Will attempt to complete bipartitions from X before adding using a distance matrix.
Building set of clusters (X) from gene trees 
------------------------------
gradient0: 83
Number of Clusters after addition by distance: 83
calculating extra bipartitions to be added at level 1 ...
Adding to X using resolutions of greedy consensus ...
Limit for sigma of degrees:300
polytomy size limit : 3
discarded polytomies:  []
Threshold 0.0:
Threshold 0.01:
Threshold 0.02:
Threshold 0.05:
Threshold 0.1:
Threshold 0.2:
Threshold 0.3333333333333333:
max k is :0
Number of Clusters after addition by greedy: 83
gradient0 in heuristiic: 83
calculating extra bipartitions from extra input trees ...
Number of Clusters after additions from extra trees: 99
partitions formed in 1.109 secs
Dynamic Programming starting after 1.109 secs
Using tree-based weight calculation.
Using polytree-based weight calculation.
Polytree max score: 4262
Polytree building time: 0.093 seconds.
Number of quartet trees in the gene trees: 4262
Size of largest cluster: 10
Greedy score: 4133
estimationFactor: 1.0312121945318171
Sub-optimal score: 4133
Total Number of elements weighted: 75
Normalized score (portion of input quartet trees satisfied before correcting for multiple individuals): 0.9697325199436884
Optimization score: 4133
Optimal tree inferred in 1.373 secs.
(t4,(t9,((t2,(t8,t3)),(t7,((t5,t6),(t1,t10))))));
Final quartet score is: 4133
Final normalized quartet score is: 0.9697325199436884
Extended species tree:
(t2,((t8,t3)0.45:0.03636764417087495,((t7,((t5,t6)1:3.938340313745519,(t1,t10)1:4.675939256876297)1:2.039776285287404)1:2.5064128550089646,(t9,t4)1:4.5849674786705705)1:1.720933416659443));
Weight calculation took 0.05885172 secs
ASTRAL finished in 1.797 secs
