
================== ASTRAL ===================== 

This is ASTRAL version 5.7.8
Gene trees are treated as unrooted
3740 trees read from tmp_quartet_YLaSjgejYXW1N.txt
index0
All output trees will be *arbitrarily* rooted at t5
201 extra trees read from tmp_bipartitions_YLaSjgejYXW1N.bootstrap.trees

======== Running the main analysis
Number of taxa: 10 (10 species)
Taxa: [t5, t6, t1, t2, t3, t7, t9, t8, t4, t10]
Taxon occupancy: {t4=1788, t5=1898, t6=1653, t10=1565, t7=943, t8=1602, t9=1238, t1=1394, t2=1549, t3=1330}
Number of gene trees: 3740
3740 trees have missing taxa
Calculating quartet distance matrix (for completion of X)
Species tree distances calculated ...
Will attempt to complete bipartitions from X before adding using a distance matrix.
Building set of clusters (X) from gene trees 
------------------------------
gradient0: 77
Number of Clusters after addition by distance: 77
calculating extra bipartitions to be added at level 1 ...
Adding to X using resolutions of greedy consensus ...
Limit for sigma of degrees:300
polytomy size limit : 3
discarded polytomies:  []
Threshold 0.0:
Threshold 0.01:
Threshold 0.02:
Threshold 0.05:
Threshold 0.1:
Threshold 0.2:
Threshold 0.3333333333333333:
max k is :0
Number of Clusters after addition by greedy: 77
gradient0 in heuristiic: 77
calculating extra bipartitions from extra input trees ...
Number of Clusters after additions from extra trees: 89
partitions formed in 1.087 secs
Dynamic Programming starting after 1.1 secs
Using tree-based weight calculation.
Using polytree-based weight calculation.
Polytree max score: 3740
Polytree building time: 0.068 seconds.
Number of quartet trees in the gene trees: 3740
Size of largest cluster: 10
Greedy score: 3651
estimationFactor: 1.024376883045741
Sub-optimal score: 3651
Total Number of elements weighted: 76
Normalized score (portion of input quartet trees satisfied before correcting for multiple individuals): 0.9762032085561497
Optimization score: 3651
Optimal tree inferred in 1.34 secs.
(t6,(t10,(t4,(t3,((t9,(t5,t8)),(t7,(t1,t2)))))));
Final quartet score is: 3651
Final normalized quartet score is: 0.9762032085561497
Extended species tree:
(t5,(t8,(t9,((t7,(t1,t2)1:1.6094379124341005)1:1.0900285449767182,(t3,(t4,(t10,t6)1:2.538973871058275)1:3.1918471524802814)1:1.5951955557185573)1:5.331107189371042)1:2.498699971920336));
Weight calculation took 0.056870792 secs
ASTRAL finished in 1.735 secs
