
================== ASTRAL ===================== 

This is ASTRAL version 5.7.8
Gene trees are treated as unrooted
3598 trees read from tmp_quartet_YLaSjgejYXW1N.txt
index0
All output trees will be *arbitrarily* rooted at t10
201 extra trees read from tmp_bipartitions_YLaSjgejYXW1N.bootstrap.trees

======== Running the main analysis
Number of taxa: 10 (10 species)
Taxa: [t10, t6, t3, t5, t7, t8, t9, t4, t1, t2]
Taxon occupancy: {t4=1338, t5=1385, t10=2324, t6=2348, t7=1180, t8=1047, t9=1082, t1=1275, t2=1106, t3=1307}
Number of gene trees: 3598
3598 trees have missing taxa
Calculating quartet distance matrix (for completion of X)
Species tree distances calculated ...
Will attempt to complete bipartitions from X before adding using a distance matrix.
Building set of clusters (X) from gene trees 
------------------------------
gradient0: 87
Number of Clusters after addition by distance: 87
calculating extra bipartitions to be added at level 1 ...
Adding to X using resolutions of greedy consensus ...
Limit for sigma of degrees:300
polytomy size limit : 3
discarded polytomies:  []
Threshold 0.0:
Threshold 0.01:
Threshold 0.02:
Threshold 0.05:
Threshold 0.1:
Threshold 0.2:
Threshold 0.3333333333333333:
max k is :0
Number of Clusters after addition by greedy: 87
gradient0 in heuristiic: 87
calculating extra bipartitions from extra input trees ...
Number of Clusters after additions from extra trees: 105
partitions formed in 0.998 secs
Dynamic Programming starting after 0.998 secs
Using tree-based weight calculation.
Using polytree-based weight calculation.
Polytree max score: 3598
Polytree building time: 0.064 seconds.
Number of quartet trees in the gene trees: 3598
Size of largest cluster: 10
Greedy score: 3533
estimationFactor: 1.0183979620718935
Sub-optimal score: 3538
Total Number of elements weighted: 106
Normalized score (portion of input quartet trees satisfied before correcting for multiple individuals): 0.9833240689271817
Optimization score: 3538
Optimal tree inferred in 1.253 secs.
(t6,(t10,(t1,((t5,(t3,t4)),((t7,t2),(t8,t9))))));
Final quartet score is: 3538
Final normalized quartet score is: 0.9833240689271817
You may want to ignore posterior probabilities and other statistics related to the following branch branch because the effective number of genes impacting it is only 15:
	{t8, t9}
Extended species tree:
(t10,((t1,((t5,(t3,t4)1:3.367295829986475)1:1.6486586255873819,((t7,t2)1:1.4772661393256172,(t8,t9)0.93:0.42121346507630353)1:1.5081841787289272)1:3.631721040273985)1:3.98898404656427,t6));
Weight calculation took 0.07767631 secs
ASTRAL finished in 1.644 secs
