
================== ASTRAL ===================== 

This is ASTRAL version 5.7.8
Gene trees are treated as unrooted
2626 trees read from tmp_quartet_YLaSjgejYXW1N.txt
index0
All output trees will be *arbitrarily* rooted at t2
201 extra trees read from tmp_bipartitions_YLaSjgejYXW1N.bootstrap.trees

======== Running the main analysis
Number of taxa: 10 (10 species)
Taxa: [t2, t3, t1, t9, t4, t5, t6, t7, t10, t8]
Taxon occupancy: {t4=766, t5=1113, t6=1248, t10=1252, t7=899, t8=880, t9=1145, t1=1039, t2=1077, t3=1085}
Number of gene trees: 2626
2626 trees have missing taxa
Calculating quartet distance matrix (for completion of X)
Species tree distances calculated ...
Will attempt to complete bipartitions from X before adding using a distance matrix.
Building set of clusters (X) from gene trees 
------------------------------
gradient0: 103
Number of Clusters after addition by distance: 103
calculating extra bipartitions to be added at level 1 ...
Adding to X using resolutions of greedy consensus ...
Limit for sigma of degrees:300
polytomy size limit : 3
discarded polytomies:  []
Threshold 0.0:
Threshold 0.01:
Threshold 0.02:
Threshold 0.05:
Threshold 0.1:
Threshold 0.2:
Threshold 0.3333333333333333:
max k is :0
Number of Clusters after addition by greedy: 103
gradient0 in heuristiic: 103
calculating extra bipartitions from extra input trees ...
Number of Clusters after additions from extra trees: 119
partitions formed in 0.834 secs
Dynamic Programming starting after 0.834 secs
Using tree-based weight calculation.
Using polytree-based weight calculation.
Polytree max score: 2626
Polytree building time: 0.048 seconds.
Number of quartet trees in the gene trees: 2626
Size of largest cluster: 10
Greedy score: 2434
estimationFactor: 1.0788824979457683
Sub-optimal score: 2434
Total Number of elements weighted: 121
Normalized score (portion of input quartet trees satisfied before correcting for multiple individuals): 0.9268849961919269
Optimization score: 2434
Optimal tree inferred in 1.053 secs.
(t3,(t2,(t4,((t5,t7),((t6,t10),(t8,(t1,t9)))))));
Final quartet score is: 2434
Final normalized quartet score is: 0.9268849961919269
You may want to ignore posterior probabilities and other statistics related to the following branch branch because the effective number of genes impacting it is only 14:
	{t1, t9, t4, t5, t6, t7, t10, t8}
Extended species tree:
(t2,((t4,((t5,t7)1:2.92673940206704,((t6,t10)1:1.8934094054893458,(t8,(t1,t9)1:2.8397280250774095)1:1.0475206275103983)1:1.2039728043259361)1:1.2474579162656745)0.57:0.1053605156578264,t3));
Weight calculation took 0.055930591 secs
ASTRAL finished in 1.403 secs
