
================== ASTRAL ===================== 

This is ASTRAL version 5.7.8
Gene trees are treated as unrooted
2828 trees read from tmp_quartet_YLaSjgejYXW1N.txt
index0
All output trees will be *arbitrarily* rooted at t2
201 extra trees read from tmp_bipartitions_YLaSjgejYXW1N.bootstrap.trees

======== Running the main analysis
Number of taxa: 10 (10 species)
Taxa: [t2, t3, t1, t8, t9, t4, t5, t6, t7, t10]
Taxon occupancy: {t4=969, t5=1208, t6=1277, t10=1237, t7=1065, t8=834, t9=1030, t1=1160, t2=1274, t3=1258}
Number of gene trees: 2828
2828 trees have missing taxa
Calculating quartet distance matrix (for completion of X)
Species tree distances calculated ...
Will attempt to complete bipartitions from X before adding using a distance matrix.
Building set of clusters (X) from gene trees 
------------------------------
gradient0: 91
Number of Clusters after addition by distance: 91
calculating extra bipartitions to be added at level 1 ...
Adding to X using resolutions of greedy consensus ...
Limit for sigma of degrees:300
polytomy size limit : 3
discarded polytomies:  []
Threshold 0.0:
Threshold 0.01:
Threshold 0.02:
Threshold 0.05:
Threshold 0.1:
Threshold 0.2:
Threshold 0.3333333333333333:
max k is :0
Number of Clusters after addition by greedy: 91
gradient0 in heuristiic: 91
calculating extra bipartitions from extra input trees ...
Number of Clusters after additions from extra trees: 111
partitions formed in 0.877 secs
Dynamic Programming starting after 0.889 secs
Using tree-based weight calculation.
Using polytree-based weight calculation.
Polytree max score: 2828
Polytree building time: 0.039 seconds.
Number of quartet trees in the gene trees: 2828
Size of largest cluster: 10
Greedy score: 2705
estimationFactor: 1.0454713493530499
Sub-optimal score: 2705
Total Number of elements weighted: 93
Normalized score (portion of input quartet trees satisfied before correcting for multiple individuals): 0.9565063649222065
Optimization score: 2705
Optimal tree inferred in 1.114 secs.
(t3,(t2,(t4,((t5,t7),((t6,t10),(t8,(t1,t9)))))));
Final quartet score is: 2705
Final normalized quartet score is: 0.9565063649222065
You may want to ignore posterior probabilities and other statistics related to the following branch branch because the effective number of genes impacting it is only 18:
	{t1, t8, t9, t4, t5, t6, t7, t10}
Extended species tree:
(t2,((t4,((t5,t7)1:1.6835458845878222,((t6,t10)1:4.867534450455586,(t8,(t1,t9)1:3.3202283191284896)1:2.2914117923959196)1:1.5686159179138457)1:2.1316272948504054)1:1.845826690498331,t3));
Weight calculation took 0.070287691 secs
ASTRAL finished in 1.479 secs
