
================== ASTRAL ===================== 

This is ASTRAL version 5.7.8
Gene trees are treated as unrooted
1571 trees read from tmp_quartet_YLaSjgejYXW1N.txt
index0
All output trees will be *arbitrarily* rooted at t5
201 extra trees read from tmp_bipartitions_YLaSjgejYXW1N.bootstrap.trees

======== Running the main analysis
Number of taxa: 10 (10 species)
Taxa: [t5, t6, t1, t2, t3, t4, t7, t8, t9, t10]
Taxon occupancy: {t4=710, t5=631, t6=835, t10=737, t7=595, t8=527, t9=551, t1=519, t2=571, t3=608}
Number of gene trees: 1571
1571 trees have missing taxa
Calculating quartet distance matrix (for completion of X)
Species tree distances calculated ...
Will attempt to complete bipartitions from X before adding using a distance matrix.
Building set of clusters (X) from gene trees 
------------------------------
gradient0: 111
Number of Clusters after addition by distance: 111
calculating extra bipartitions to be added at level 1 ...
Adding to X using resolutions of greedy consensus ...
Limit for sigma of degrees:300
polytomy size limit : 3
discarded polytomies:  []
Threshold 0.0:
Threshold 0.01:
Threshold 0.02:
Threshold 0.05:
Threshold 0.1:
Threshold 0.2:
Threshold 0.3333333333333333:
max k is :0
Number of Clusters after addition by greedy: 111
gradient0 in heuristiic: 111
calculating extra bipartitions from extra input trees ...
Number of Clusters after additions from extra trees: 137
partitions formed in 0.576 secs
Dynamic Programming starting after 0.589 secs
Using tree-based weight calculation.
Using polytree-based weight calculation.
Polytree max score: 1571
Polytree building time: 0.031 seconds.
Number of quartet trees in the gene trees: 1571
Size of largest cluster: 10
Greedy score: 1427
estimationFactor: 1.1009110021023125
Sub-optimal score: 1427
Total Number of elements weighted: 122
Normalized score (portion of input quartet trees satisfied before correcting for multiple individuals): 0.9127943984723106
Optimization score: 1434
Optimal tree inferred in 0.736 secs.
(t6,(t5,((t4,t10),(t7,((t2,t9),(t1,(t3,t8)))))));
Final quartet score is: 1434
Final normalized quartet score is: 0.9127943984723106
Extended species tree:
(t5,(((t4,t10)1:2.1087691567743563,(t7,((t2,t9)1:1.3291359472799418,(t1,(t3,t8)1:1.0414538748281608)1:0.8109302162163288)1:1.5404450409471486)0.94:0.2451224580329851)1:1.8191584434161694,t6));
Weight calculation took 0.054440156 secs
ASTRAL finished in 1.067 secs
