
================== ASTRAL ===================== 

This is ASTRAL version 5.7.8
Gene trees are treated as unrooted
5743 trees read from tmp_quartet_YLaSjgejYXW1N.txt
index0
All output trees will be *arbitrarily* rooted at t5
201 extra trees read from tmp_bipartitions_YLaSjgejYXW1N.bootstrap.trees

======== Running the main analysis
Number of taxa: 10 (10 species)
Taxa: [t5, t6, t1, t2, t3, t4, t7, t8, t9, t10]
Taxon occupancy: {t4=2115, t5=2636, t6=2007, t10=2179, t7=2275, t8=2373, t9=1861, t1=2281, t2=2622, t3=2623}
Number of gene trees: 5743
5743 trees have missing taxa
Calculating quartet distance matrix (for completion of X)
Species tree distances calculated ...
Will attempt to complete bipartitions from X before adding using a distance matrix.
Building set of clusters (X) from gene trees 
------------------------------
gradient0: 61
Number of Clusters after addition by distance: 61
calculating extra bipartitions to be added at level 1 ...
Adding to X using resolutions of greedy consensus ...
Limit for sigma of degrees:300
polytomy size limit : 3
discarded polytomies:  []
Threshold 0.0:
Threshold 0.01:
Threshold 0.02:
Threshold 0.05:
Threshold 0.1:
Threshold 0.2:
Threshold 0.3333333333333333:
max k is :0
Number of Clusters after addition by greedy: 61
gradient0 in heuristiic: 61
calculating extra bipartitions from extra input trees ...
Number of Clusters after additions from extra trees: 75
partitions formed in 1.704 secs
Dynamic Programming starting after 1.704 secs
Using tree-based weight calculation.
Using polytree-based weight calculation.
Polytree max score: 5743
Polytree building time: 0.093 seconds.
Number of quartet trees in the gene trees: 5743
Size of largest cluster: 10
Greedy score: 5717
estimationFactor: 1.0045478397761063
Sub-optimal score: 5717
Total Number of elements weighted: 57
Normalized score (portion of input quartet trees satisfied before correcting for multiple individuals): 0.9954727494340937
Optimization score: 5717
Optimal tree inferred in 2.008 secs.
(t6,(t5,(t2,(t4,(t1,((t3,t10),(t9,(t7,t8))))))));
Final quartet score is: 5717
Final normalized quartet score is: 0.9954727494340937
Extended species tree:
(t5,((t2,(t4,(t1,((t3,t10)1:2.1202635362000914,(t9,(t7,t8)1:4.116323468940871)1:2.730029107820986)1:6.469766979168443)1:2.7642204725692654)1:1.3694872428035094)1:2.5598079579611173,t6));
Weight calculation took 0.058554186 secs
ASTRAL finished in 2.505 secs
