
================== ASTRAL ===================== 

This is ASTRAL version 5.7.8
Gene trees are treated as unrooted
4828 trees read from tmp_quartet_YLaSjgejYXW1N.txt
index0
All output trees will be *arbitrarily* rooted at t5
201 extra trees read from tmp_bipartitions_YLaSjgejYXW1N.bootstrap.trees

======== Running the main analysis
Number of taxa: 10 (10 species)
Taxa: [t5, t9, t1, t2, t3, t4, t6, t8, t10, t7]
Taxon occupancy: {t4=1772, t5=2255, t6=2464, t10=2546, t7=1736, t8=1410, t9=1864, t1=1733, t2=1822, t3=1710}
Number of gene trees: 4828
4828 trees have missing taxa
Calculating quartet distance matrix (for completion of X)
Species tree distances calculated ...
Will attempt to complete bipartitions from X before adding using a distance matrix.
Building set of clusters (X) from gene trees 
------------------------------
gradient0: 65
Number of Clusters after addition by distance: 65
calculating extra bipartitions to be added at level 1 ...
Adding to X using resolutions of greedy consensus ...
Limit for sigma of degrees:300
polytomy size limit : 3
discarded polytomies:  []
Threshold 0.0:
Threshold 0.01:
Threshold 0.02:
Threshold 0.05:
Threshold 0.1:
Threshold 0.2:
Threshold 0.3333333333333333:
max k is :0
Number of Clusters after addition by greedy: 65
gradient0 in heuristiic: 65
calculating extra bipartitions from extra input trees ...
Number of Clusters after additions from extra trees: 79
partitions formed in 1.581 secs
Dynamic Programming starting after 1.581 secs
Using tree-based weight calculation.
Using polytree-based weight calculation.
Polytree max score: 4828
Polytree building time: 0.08 seconds.
Number of quartet trees in the gene trees: 4828
Size of largest cluster: 10
Greedy score: 4778
estimationFactor: 1.0104646295521138
Sub-optimal score: 4778
Total Number of elements weighted: 67
Normalized score (portion of input quartet trees satisfied before correcting for multiple individuals): 0.9896437448218725
Optimization score: 4778
Optimal tree inferred in 1.872 secs.
(t9,(t5,(t7,(t4,((t2,t3),(t1,(t8,(t6,t10))))))));
Final quartet score is: 4778
Final normalized quartet score is: 0.9896437448218725
Extended species tree:
(t5,((t7,(t4,((t2,t3)1:2.0180725953035434,(t1,(t8,(t6,t10)1:2.722756348491907)1:5.001706663351952)1:1.416147324269572)1:4.648655297927838)1:1.7346010553881062)1:1.7346010553881062,t9));
Weight calculation took 0.061023367 secs
ASTRAL finished in 2.35 secs
