
================== ASTRAL ===================== 

This is ASTRAL version 5.7.8
Gene trees are treated as unrooted
3227 trees read from tmp_quartet_YLaSjgejYXW1N.txt
index0
All output trees will be *arbitrarily* rooted at t3
201 extra trees read from tmp_bipartitions_YLaSjgejYXW1N.bootstrap.trees

======== Running the main analysis
Number of taxa: 10 (10 species)
Taxa: [t3, t5, t1, t2, t6, t10, t7, t8, t4, t9]
Taxon occupancy: {t4=1239, t5=1286, t6=1862, t10=1790, t7=1083, t8=1095, t9=949, t1=1193, t2=1089, t3=1322}
Number of gene trees: 3227
3227 trees have missing taxa
Calculating quartet distance matrix (for completion of X)
Species tree distances calculated ...
Will attempt to complete bipartitions from X before adding using a distance matrix.
Building set of clusters (X) from gene trees 
------------------------------
gradient0: 59
Number of Clusters after addition by distance: 59
calculating extra bipartitions to be added at level 1 ...
Adding to X using resolutions of greedy consensus ...
Limit for sigma of degrees:300
polytomy size limit : 3
discarded polytomies:  []
Threshold 0.0:
Threshold 0.01:
Threshold 0.02:
Threshold 0.05:
Threshold 0.1:
Threshold 0.2:
Threshold 0.3333333333333333:
max k is :0
Number of Clusters after addition by greedy: 59
gradient0 in heuristiic: 59
calculating extra bipartitions from extra input trees ...
Number of Clusters after additions from extra trees: 77
partitions formed in 1.008 secs
Dynamic Programming starting after 1.008 secs
Using tree-based weight calculation.
Using polytree-based weight calculation.
Polytree max score: 3227
Polytree building time: 0.081 seconds.
Number of quartet trees in the gene trees: 3227
Size of largest cluster: 10
Greedy score: 3187
estimationFactor: 1.0125509883903356
Sub-optimal score: 3187
Total Number of elements weighted: 59
Normalized score (portion of input quartet trees satisfied before correcting for multiple individuals): 0.9876045863030679
Optimization score: 3187
Optimal tree inferred in 1.252 secs.
(t5,((t3,t4),((t1,(t6,t10)),((t8,t9),(t2,t7)))));
Final quartet score is: 3187
Final normalized quartet score is: 0.9876045863030679
Extended species tree:
(t3,(t4,(((t1,(t6,t10)1:3.3557350075853964)1:4.519370196184764,((t8,t9)0.99:0.49247648509779407,(t2,t7)1:1.97408102602201)1:1.8313686073231012)1:3.4231762883809314,t5)1:4.339467020255092));
Weight calculation took 0.062778464 secs
ASTRAL finished in 1.651 secs
