
================== ASTRAL ===================== 

This is ASTRAL version 5.7.8
Gene trees are treated as unrooted
2641 trees read from quartet_temp.txt
index0
All output trees will be *arbitrarily* rooted at t3

======== Running the main analysis
Number of taxa: 10 (10 species)
Taxa: [t3, t9, t2, t4, t6, t7, t10, t8, t1, t5]
Taxon occupancy: {t4=806, t5=899, t6=728, t10=1355, t7=1153, t8=1118, t9=1109, t1=1014, t2=986, t3=1396}
Number of gene trees: 2641
2641 trees have missing taxa
Calculating quartet distance matrix (for completion of X)
Species tree distances calculated ...
Will attempt to complete bipartitions from X before adding using a distance matrix.
Building set of clusters (X) from gene trees 
------------------------------
gradient0: 81
Number of Clusters after addition by distance: 81
calculating extra bipartitions to be added at level 1 ...
Adding to X using resolutions of greedy consensus ...
Limit for sigma of degrees:300
polytomy size limit : 3
discarded polytomies:  []
Threshold 0.0:
Threshold 0.01:
Threshold 0.02:
Threshold 0.05:
Threshold 0.1:
Threshold 0.2:
Threshold 0.3333333333333333:
max k is :0
Number of Clusters after addition by greedy: 81
gradient0 in heuristiic: 81
calculating all possible bipartitions ...
Number of Clusters After Adding All possible clusters: 1023
partitions formed in 0.208 secs
Dynamic Programming starting after 0.208 secs
Using tree-based weight calculation.
Using polytree-based weight calculation.
Polytree max score: 2641
Polytree building time: 0.018 seconds.
Number of quartet trees in the gene trees: 2641
Size of largest cluster: 10
Greedy score: 2609
estimationFactor: 1.012265235722499
Sub-optimal score: 2609
Total Number of elements weighted: 1051
Normalized score (portion of input quartet trees satisfied before correcting for multiple individuals): 0.9878833775085195
Optimization score: 2609
Optimal tree inferred in 0.338 secs.
(t9,(t10,(t3,(t1,((t7,t8),(t2,(t5,(t4,t6))))))));
Final quartet score is: 2609
Final normalized quartet score is: 0.9878833775085195
You may want to ignore posterior probabilities and other statistics related to the following branch branch because the effective number of genes impacting it is only 7:
	{t4, t6}
You may want to ignore posterior probabilities and other statistics related to the following branch branch because the effective number of genes impacting it is only 17:
	{t4, t6, t5}
You may want to ignore posterior probabilities and other statistics related to the following branch branch because the effective number of genes impacting it is only 14:
	{t2, t4, t6, t5}
Extended species tree:
(t3,((t1,((t7,t8)1:4.644390899141376,(t2,(t5,(t4,t6)0.92:0.5753641449035618)1:1.0986122886681098)1:1.2039728043259361)1:3.8758199567641816)1:2.8716796248840124,(t10,t9)1:2.614959778036197));
Weight calculation took 0.073071291 secs
ASTRAL finished in 0.419 secs
