
================== ASTRAL ===================== 

This is ASTRAL version 5.7.8
Gene trees are treated as unrooted
1380 trees read from quartet_temp.txt
index0
All output trees will be *arbitrarily* rooted at t2

======== Running the main analysis
Number of taxa: 10 (10 species)
Taxa: [t2, t3, t1, t6, t9, t8, t5, t7, t4, t10]
Taxon occupancy: {t4=425, t5=648, t6=607, t10=622, t7=495, t8=437, t9=530, t1=416, t2=663, t3=677}
Number of gene trees: 1380
1380 trees have missing taxa
Calculating quartet distance matrix (for completion of X)
Species tree distances calculated ...
Will attempt to complete bipartitions from X before adding using a distance matrix.
Building set of clusters (X) from gene trees 
------------------------------
gradient0: 83
Number of Clusters after addition by distance: 83
calculating extra bipartitions to be added at level 1 ...
Adding to X using resolutions of greedy consensus ...
Limit for sigma of degrees:300
polytomy size limit : 3
discarded polytomies:  []
Threshold 0.0:
Threshold 0.01:
Threshold 0.02:
Threshold 0.05:
Threshold 0.1:
Threshold 0.2:
Threshold 0.3333333333333333:
max k is :0
Number of Clusters after addition by greedy: 83
gradient0 in heuristiic: 83
calculating all possible bipartitions ...
Number of Clusters After Adding All possible clusters: 1023
partitions formed in 0.108 secs
Dynamic Programming starting after 0.108 secs
Using tree-based weight calculation.
Using polytree-based weight calculation.
Polytree max score: 1380
Polytree building time: 0.008 seconds.
Number of quartet trees in the gene trees: 1380
Size of largest cluster: 10
Greedy score: 1299
estimationFactor: 1.0623556581986142
Sub-optimal score: 1299
Total Number of elements weighted: 1179
Normalized score (portion of input quartet trees satisfied before correcting for multiple individuals): 0.941304347826087
Optimization score: 1299
Optimal tree inferred in 0.212 secs.
(t3,(t2,(t4,((t5,t7),((t6,t10),(t8,(t1,t9)))))));
Final quartet score is: 1299
Final normalized quartet score is: 0.941304347826087
You may want to ignore posterior probabilities and other statistics related to the following branch branch because the effective number of genes impacting it is only 8:
	{t1, t6, t9, t8, t5, t7, t4, t10}
Extended species tree:
(t2,((t4,((t5,t7)1:3.017711180272765,((t6,t10)1:1.5533484457830564,(t8,(t1,t9)1:1.9616585060234524)1:1.8718021769015918)1:1.3664917338237106)1:1.160955419242245)0.97:0.6931471805599453,t3));
Weight calculation took 0.068413085 secs
ASTRAL finished in 0.275 secs
