
================== ASTRAL ===================== 

This is ASTRAL version 5.7.8
Gene trees are treated as unrooted
1396 trees read from quartet_temp.txt
index0
All output trees will be *arbitrarily* rooted at t10

======== Running the main analysis
Number of taxa: 10 (10 species)
Taxa: [t10, t6, t1, t2, t3, t5, t9, t4, t7, t8]
Taxon occupancy: {t4=519, t5=614, t10=839, t6=879, t7=432, t8=421, t9=407, t1=454, t2=503, t3=516}
Number of gene trees: 1396
1396 trees have missing taxa
Calculating quartet distance matrix (for completion of X)
Species tree distances calculated ...
Will attempt to complete bipartitions from X before adding using a distance matrix.
Building set of clusters (X) from gene trees 
------------------------------
gradient0: 57
Number of Clusters after addition by distance: 57
calculating extra bipartitions to be added at level 1 ...
Adding to X using resolutions of greedy consensus ...
Limit for sigma of degrees:300
polytomy size limit : 3
discarded polytomies:  []
Threshold 0.0:
Threshold 0.01:
Threshold 0.02:
Threshold 0.05:
Threshold 0.1:
Threshold 0.2:
Threshold 0.3333333333333333:
max k is :0
Number of Clusters after addition by greedy: 57
gradient0 in heuristiic: 57
calculating all possible bipartitions ...
Number of Clusters After Adding All possible clusters: 1023
partitions formed in 0.122 secs
Dynamic Programming starting after 0.122 secs
Using tree-based weight calculation.
Using polytree-based weight calculation.
Polytree max score: 1396
Polytree building time: 0.007 seconds.
Number of quartet trees in the gene trees: 1396
Size of largest cluster: 10
Greedy score: 1378
estimationFactor: 1.0130624092888243
Sub-optimal score: 1378
Total Number of elements weighted: 1030
Normalized score (portion of input quartet trees satisfied before correcting for multiple individuals): 0.9885386819484241
Optimization score: 1380
Optimal tree inferred in 0.218 secs.
(t6,(t10,(t1,((t5,(t3,t4)),(t9,(t8,(t2,t7)))))));
Final quartet score is: 1380
Final normalized quartet score is: 0.9885386819484241
You may want to ignore posterior probabilities and other statistics related to the following branch branch because the effective number of genes impacting it is only 17:
	{t2, t7}
You may want to ignore posterior probabilities and other statistics related to the following branch branch because the effective number of genes impacting it is only 0:
	{t2, t7, t8}
You may want to ignore posterior probabilities and other statistics related to the following branch branch because the effective number of genes impacting it is only 17:
	{t2, t9, t7, t8}
Extended species tree:
(t10,((t1,((t5,(t3,t4)1:2.573460047129446)1:1.1451323043030024,(t9,(t8,(t2,t7)1:2.484906649788)0.33:0.0)1:0.6931471805599453)1:4.094344562222104)1:2.890371757896163,t6));
Weight calculation took 0.061617077 secs
ASTRAL finished in 0.281 secs
