
================== ASTRAL ===================== 

This is ASTRAL version 5.7.8
Gene trees are treated as unrooted
1670 trees read from quartet_temp.txt
index0
All output trees will be *arbitrarily* rooted at t5

======== Running the main analysis
Number of taxa: 10 (10 species)
Taxa: [t5, t9, t1, t6, t10, t2, t3, t4, t7, t8]
Taxon occupancy: {t4=654, t5=698, t6=1025, t10=974, t7=561, t8=481, t9=577, t1=529, t2=585, t3=596}
Number of gene trees: 1670
1670 trees have missing taxa
Calculating quartet distance matrix (for completion of X)
Species tree distances calculated ...
Will attempt to complete bipartitions from X before adding using a distance matrix.
Building set of clusters (X) from gene trees 
------------------------------
gradient0: 49
Number of Clusters after addition by distance: 49
calculating extra bipartitions to be added at level 1 ...
Adding to X using resolutions of greedy consensus ...
Limit for sigma of degrees:300
polytomy size limit : 3
discarded polytomies:  []
Threshold 0.0:
Threshold 0.01:
Threshold 0.02:
Threshold 0.05:
Threshold 0.1:
Threshold 0.2:
Threshold 0.3333333333333333:
max k is :0
Number of Clusters after addition by greedy: 49
gradient0 in heuristiic: 49
calculating all possible bipartitions ...
Number of Clusters After Adding All possible clusters: 1023
partitions formed in 0.147 secs
Dynamic Programming starting after 0.147 secs
Using tree-based weight calculation.
Using polytree-based weight calculation.
Polytree max score: 1670
Polytree building time: 0.008 seconds.
Number of quartet trees in the gene trees: 1670
Size of largest cluster: 10
Greedy score: 1651
estimationFactor: 1.0115081768625076
Sub-optimal score: 1651
Total Number of elements weighted: 1039
Normalized score (portion of input quartet trees satisfied before correcting for multiple individuals): 0.9928143712574851
Optimization score: 1658
Optimal tree inferred in 0.246 secs.
(t9,(t8,((t2,t7),((t1,(t6,t10)),(t5,(t3,t4))))));
Final quartet score is: 1658
Final normalized quartet score is: 0.9928143712574851
You may want to ignore posterior probabilities and other statistics related to the following branch branch because the effective number of genes impacting it is only 15:
	{t9, t8}
You may want to ignore posterior probabilities and other statistics related to the following branch branch because the effective number of genes impacting it is only 11:
	{t9, t2, t7, t8}
Extended species tree:
(t5,((t3,t4)1:2.14006616349627,((t1,(t6,t10)1:3.120895416507997)1:4.798541578968634,((t2,t7)1:3.4231762883809314,(t8,t9)1:0.9808292530117262)1:2.0794415416798353)1:2.730029107820986));
Weight calculation took 0.061842247 secs
ASTRAL finished in 0.312 secs
