
================== ASTRAL ===================== 

This is ASTRAL version 5.7.8
Gene trees are treated as unrooted
2658 trees read from quartet_temp.txt
index0
All output trees will be *arbitrarily* rooted at t10

======== Running the main analysis
Number of taxa: 10 (10 species)
Taxa: [t10, t9, t1, t3, t6, t7, t2, t4, t8, t5]
Taxon occupancy: {t4=1175, t5=728, t10=1528, t6=1250, t7=1218, t8=1248, t9=1451, t1=583, t2=725, t3=726}
Number of gene trees: 2658
2658 trees have missing taxa
Calculating quartet distance matrix (for completion of X)
Species tree distances calculated ...
Will attempt to complete bipartitions from X before adding using a distance matrix.
Building set of clusters (X) from gene trees 
------------------------------
gradient0: 95
Number of Clusters after addition by distance: 95
calculating extra bipartitions to be added at level 1 ...
Adding to X using resolutions of greedy consensus ...
Limit for sigma of degrees:300
polytomy size limit : 3
discarded polytomies:  []
Threshold 0.0:
Threshold 0.01:
Threshold 0.02:
Threshold 0.05:
Threshold 0.1:
Threshold 0.2:
Threshold 0.3333333333333333:
max k is :0
Number of Clusters after addition by greedy: 95
gradient0 in heuristiic: 95
calculating all possible bipartitions ...
Number of Clusters After Adding All possible clusters: 1023
partitions formed in 0.198 secs
Dynamic Programming starting after 0.198 secs
Using tree-based weight calculation.
Using polytree-based weight calculation.
Polytree max score: 2658
Polytree building time: 0.014 seconds.
Number of quartet trees in the gene trees: 2658
Size of largest cluster: 10
Greedy score: 2588
estimationFactor: 1.027047913446677
Sub-optimal score: 2588
Total Number of elements weighted: 1127
Normalized score (portion of input quartet trees satisfied before correcting for multiple individuals): 0.9736644093303235
Optimization score: 2588
Optimal tree inferred in 0.314 secs.
(t9,(t10,(t7,(t3,(t5,(t1,(t6,(t2,(t4,t8)))))))));
Final quartet score is: 2588
Final normalized quartet score is: 0.9736644093303235
You may want to ignore posterior probabilities and other statistics related to the following branch branch because the effective number of genes impacting it is only 11:
	{t2, t4, t8}
Extended species tree:
(t10,((t7,(t3,(t5,(t1,(t6,(t2,(t4,t8)1:3.601868077124306)1:1.3862943611198908)1:1.7635885922613583)1:1.7147984280919268)1:1.9924301646902058)1:0.9808292530117262)1:2.4277482359480516,t9));
Weight calculation took 0.070644293 secs
ASTRAL finished in 0.396 secs
