
================== ASTRAL ===================== 

This is ASTRAL version 5.7.8
Gene trees are treated as unrooted
1787 trees read from quartet_temp.txt
index0
All output trees will be *arbitrarily* rooted at t2

======== Running the main analysis
Number of taxa: 10 (10 species)
Taxa: [t2, t3, t1, t4, t6, t10, t8, t9, t5, t7]
Taxon occupancy: {t4=726, t5=559, t6=592, t10=642, t7=602, t8=838, t9=933, t1=532, t2=962, t3=762}
Number of gene trees: 1787
1787 trees have missing taxa
Calculating quartet distance matrix (for completion of X)
Species tree distances calculated ...
Will attempt to complete bipartitions from X before adding using a distance matrix.
Building set of clusters (X) from gene trees 
------------------------------
gradient0: 83
Number of Clusters after addition by distance: 83
calculating extra bipartitions to be added at level 1 ...
Adding to X using resolutions of greedy consensus ...
Limit for sigma of degrees:300
polytomy size limit : 3
discarded polytomies:  []
Threshold 0.0:
Threshold 0.01:
Threshold 0.02:
Threshold 0.05:
Threshold 0.1:
Threshold 0.2:
Threshold 0.3333333333333333:
max k is :0
Number of Clusters after addition by greedy: 83
gradient0 in heuristiic: 83
calculating all possible bipartitions ...
Number of Clusters After Adding All possible clusters: 1023
partitions formed in 0.138 secs
Dynamic Programming starting after 0.138 secs
Using tree-based weight calculation.
Using polytree-based weight calculation.
Polytree max score: 1787
Polytree building time: 0.009 seconds.
Number of quartet trees in the gene trees: 1787
Size of largest cluster: 10
Greedy score: 1711
estimationFactor: 1.0444184687317357
Sub-optimal score: 1711
Total Number of elements weighted: 1231
Normalized score (portion of input quartet trees satisfied before correcting for multiple individuals): 0.95747062115277
Optimization score: 1711
Optimal tree inferred in 0.241 secs.
(t3,((t5,(t2,t9)),(t4,(t6,(t7,(t8,(t1,t10)))))));
Final quartet score is: 1711
Final normalized quartet score is: 0.95747062115277
You may want to ignore posterior probabilities and other statistics related to the following branch branch because the effective number of genes impacting it is only 18:
	{t1, t10}
Extended species tree:
(t2,(t9,(t5,((t4,(t6,(t7,(t8,(t1,t10)0.97:0.45953232937844024)1:0.9932517730102834)1:2.0794415416798353)1:2.8995884130010885)1:1.9616585060234524,t3)1:0.9028677115420143)1:4.492374691842744));
Weight calculation took 0.065814235 secs
ASTRAL finished in 0.31 secs
