
================== ASTRAL ===================== 

This is ASTRAL version 5.7.8
Gene trees are treated as unrooted
1347 trees read from quartet_temp.txt
index0
All output trees will be *arbitrarily* rooted at t2

======== Running the main analysis
Number of taxa: 10 (10 species)
Taxa: [t2, t3, t1, t4, t5, t7, t8, t6, t10, t9]
Taxon occupancy: {t4=690, t5=386, t6=550, t10=430, t7=423, t8=528, t9=555, t1=542, t2=570, t3=714}
Number of gene trees: 1347
1347 trees have missing taxa
Calculating quartet distance matrix (for completion of X)
Species tree distances calculated ...
Will attempt to complete bipartitions from X before adding using a distance matrix.
Building set of clusters (X) from gene trees 
------------------------------
gradient0: 59
Number of Clusters after addition by distance: 59
calculating extra bipartitions to be added at level 1 ...
Adding to X using resolutions of greedy consensus ...
Limit for sigma of degrees:300
polytomy size limit : 3
discarded polytomies:  []
Threshold 0.0:
Threshold 0.01:
Threshold 0.02:
Threshold 0.05:
Threshold 0.1:
Threshold 0.2:
Threshold 0.3333333333333333:
max k is :0
Number of Clusters after addition by greedy: 59
gradient0 in heuristiic: 59
calculating all possible bipartitions ...
Number of Clusters After Adding All possible clusters: 1023
partitions formed in 0.119 secs
Dynamic Programming starting after 0.119 secs
Using tree-based weight calculation.
Using polytree-based weight calculation.
Polytree max score: 1347
Polytree building time: 0.007 seconds.
Number of quartet trees in the gene trees: 1347
Size of largest cluster: 10
Greedy score: 1320
estimationFactor: 1.0204545454545455
Sub-optimal score: 1320
Total Number of elements weighted: 960
Normalized score (portion of input quartet trees satisfied before correcting for multiple individuals): 0.9799554565701559
Optimization score: 1320
Optimal tree inferred in 0.209 secs.
(t3,(t4,((t2,(t5,(t7,t8))),(t10,(t9,(t1,t6))))));
Final quartet score is: 1320
Final normalized quartet score is: 0.9799554565701559
You may want to ignore posterior probabilities and other statistics related to the following branch branch because the effective number of genes impacting it is only 7:
	{t7, t8}
Extended species tree:
(t2,((t5,(t7,t8)0.99:0.9808292530117262)1:3.332204510175203,((t10,(t9,(t1,t6)1:1.6314168191528755)1:3.3557350075853964)1:1.885946684287756,(t4,t3)1:2.3978952727983716)1:1.289130612666243));
Weight calculation took 0.057884788 secs
ASTRAL finished in 0.273 secs
