
================== ASTRAL ===================== 

This is ASTRAL version 5.7.8
Gene trees are treated as unrooted
2183 trees read from quartet_temp.txt
index0
All output trees will be *arbitrarily* rooted at t6

======== Running the main analysis
Number of taxa: 10 (10 species)
Taxa: [t6, t7, t2, t8, t9, t10, t3, t4, t1, t5]
Taxon occupancy: {t4=867, t5=1376, t6=1329, t10=564, t7=966, t8=729, t9=808, t1=705, t2=627, t3=761}
Number of gene trees: 2183
2183 trees have missing taxa
Calculating quartet distance matrix (for completion of X)
Species tree distances calculated ...
Will attempt to complete bipartitions from X before adding using a distance matrix.
Building set of clusters (X) from gene trees 
------------------------------
gradient0: 75
Number of Clusters after addition by distance: 75
calculating extra bipartitions to be added at level 1 ...
Adding to X using resolutions of greedy consensus ...
Limit for sigma of degrees:300
polytomy size limit : 3
discarded polytomies:  []
Threshold 0.0:
Threshold 0.01:
Threshold 0.02:
Threshold 0.05:
Threshold 0.1:
Threshold 0.2:
Threshold 0.3333333333333333:
max k is :0
Number of Clusters after addition by greedy: 75
gradient0 in heuristiic: 75
calculating all possible bipartitions ...
Number of Clusters After Adding All possible clusters: 1023
partitions formed in 0.182 secs
Dynamic Programming starting after 0.182 secs
Using tree-based weight calculation.
Using polytree-based weight calculation.
Polytree max score: 2183
Polytree building time: 0.011 seconds.
Number of quartet trees in the gene trees: 2183
Size of largest cluster: 10
Greedy score: 2113
estimationFactor: 1.0331282536677708
Sub-optimal score: 2113
Total Number of elements weighted: 1174
Normalized score (portion of input quartet trees satisfied before correcting for multiple individuals): 0.9679340357306458
Optimization score: 2113
Optimal tree inferred in 0.309 secs.
(t7,(t4,(t3,((t10,(t6,t5)),((t9,t1),(t2,t8))))));
Final quartet score is: 2113
Final normalized quartet score is: 0.9679340357306458
Extended species tree:
(t6,(t5,(t10,(((t9,t1)1:0.95265837604503,(t2,t8)1:1.6739764335716716)1:0.8619680501349974,(t3,(t4,t7)1:1.3862943611198908)1:1.665608183901155)1:2.302585092994046)1:4.841558964052319));
Weight calculation took 0.080858754 secs
ASTRAL finished in 0.381 secs
