
================== ASTRAL ===================== 

This is ASTRAL version 5.7.8
Gene trees are treated as unrooted
2826 trees read from quartet_temp.txt
index0
All output trees will be *arbitrarily* rooted at t4

======== Running the main analysis
Number of taxa: 10 (10 species)
Taxa: [t4, t5, t2, t3, t8, t9, t10, t6, t7, t1]
Taxon occupancy: {t4=1043, t5=1293, t10=696, t6=1196, t7=1172, t8=658, t9=1215, t1=1382, t2=1438, t3=1211}
Number of gene trees: 2826
2826 trees have missing taxa
Calculating quartet distance matrix (for completion of X)
Species tree distances calculated ...
Will attempt to complete bipartitions from X before adding using a distance matrix.
Building set of clusters (X) from gene trees 
------------------------------
gradient0: 61
Number of Clusters after addition by distance: 61
calculating extra bipartitions to be added at level 1 ...
Adding to X using resolutions of greedy consensus ...
Limit for sigma of degrees:300
polytomy size limit : 3
discarded polytomies:  []
Threshold 0.0:
Threshold 0.01:
Threshold 0.02:
Threshold 0.05:
Threshold 0.1:
Threshold 0.2:
Threshold 0.3333333333333333:
max k is :0
Number of Clusters after addition by greedy: 61
gradient0 in heuristiic: 61
calculating all possible bipartitions ...
Number of Clusters After Adding All possible clusters: 1023
partitions formed in 0.218 secs
Dynamic Programming starting after 0.218 secs
Using tree-based weight calculation.
Using polytree-based weight calculation.
Polytree max score: 2826
Polytree building time: 0.013 seconds.
Number of quartet trees in the gene trees: 2826
Size of largest cluster: 10
Greedy score: 2754
estimationFactor: 1.026143790849673
Sub-optimal score: 2754
Total Number of elements weighted: 927
Normalized score (portion of input quartet trees satisfied before correcting for multiple individuals): 0.9745222929936306
Optimization score: 2754
Optimal tree inferred in 0.342 secs.
(t5,((t6,t7),((t9,t10),(t4,((t2,t1),(t3,t8))))));
Final quartet score is: 2754
Final normalized quartet score is: 0.9745222929936306
Extended species tree:
(t4,(((t2,t1)1:3.1354942159291492,(t3,t8)1:3.5263605246161593)1:3.3081069585961425,((t9,t10)1:0.826678573184468,((t6,t7)1:4.339467020255092,t5)1:0.8137751683485602)1:1.615868802764391));
Weight calculation took 0.076970794 secs
ASTRAL finished in 0.428 secs
