
================== ASTRAL ===================== 

This is ASTRAL version 5.7.8
Gene trees are treated as unrooted
2134 trees read from quartet_temp.txt
index0
All output trees will be *arbitrarily* rooted at t5

======== Running the main analysis
Number of taxa: 10 (10 species)
Taxa: [t5, t8, t1, t2, t3, t4, t6, t9, t7, t10]
Taxon occupancy: {t4=999, t5=1232, t6=886, t10=835, t7=403, t8=999, t9=791, t1=700, t2=967, t3=724}
Number of gene trees: 2134
2134 trees have missing taxa
Calculating quartet distance matrix (for completion of X)
Species tree distances calculated ...
Will attempt to complete bipartitions from X before adding using a distance matrix.
Building set of clusters (X) from gene trees 
------------------------------
gradient0: 69
Number of Clusters after addition by distance: 69
calculating extra bipartitions to be added at level 1 ...
Adding to X using resolutions of greedy consensus ...
Limit for sigma of degrees:300
polytomy size limit : 3
discarded polytomies:  []
Threshold 0.0:
Threshold 0.01:
Threshold 0.02:
Threshold 0.05:
Threshold 0.1:
Threshold 0.2:
Threshold 0.3333333333333333:
max k is :0
Number of Clusters after addition by greedy: 69
gradient0 in heuristiic: 69
calculating all possible bipartitions ...
Number of Clusters After Adding All possible clusters: 1023
partitions formed in 0.176 secs
Dynamic Programming starting after 0.176 secs
Using tree-based weight calculation.
Using polytree-based weight calculation.
Polytree max score: 2134
Polytree building time: 0.011 seconds.
Number of quartet trees in the gene trees: 2134
Size of largest cluster: 10
Greedy score: 2103
estimationFactor: 1.0147408464098906
Sub-optimal score: 2112
Total Number of elements weighted: 1054
Normalized score (portion of input quartet trees satisfied before correcting for multiple individuals): 0.9896907216494846
Optimization score: 2112
Optimal tree inferred in 0.292 secs.
(t8,(t5,(t9,((t7,(t1,t2)),(t3,(t4,(t6,t10)))))));
Final quartet score is: 2112
Final normalized quartet score is: 0.9896907216494846
You may want to ignore posterior probabilities and other statistics related to the following branch branch because the effective number of genes impacting it is only 11:
	{t1, t2}
You may want to ignore posterior probabilities and other statistics related to the following branch branch because the effective number of genes impacting it is only 9:
	{t1, t2, t7}
Extended species tree:
(t5,((t9,((t7,(t1,t2)0.57:0.13353139262452274)1:1.8971199848858815,(t3,(t4,(t6,t10)1:1.7540191412452077)1:3.393762403174639)1:2.590267165445826)1:4.912654885736056)1:3.8985999850960074,t8));
Weight calculation took 0.075795285 secs
ASTRAL finished in 0.37 secs
