
================== ASTRAL ===================== 

This is ASTRAL version 5.7.8
Gene trees are treated as unrooted
5401 trees read from tmp_quartet_VyiVE079WwhJM.txt
index0
All output trees will be *arbitrarily* rooted at t3

======== Running the main analysis
Number of taxa: 10 (10 species)
Taxa: [t3, t8, t1, t2, t4, t5, t6, t7, t9, t10]
Taxon occupancy: {t4=1958, t5=2193, t6=2259, t10=1699, t7=2231, t8=1730, t9=2163, t1=2448, t2=2458, t3=2465}
Number of gene trees: 5401
5401 trees have missing taxa
Calculating quartet distance matrix (for completion of X)
Species tree distances calculated ...
Will attempt to complete bipartitions from X before adding using a distance matrix.
Building set of clusters (X) from gene trees 
------------------------------
gradient0: 99
Number of Clusters after addition by distance: 99
calculating extra bipartitions to be added at level 1 ...
Adding to X using resolutions of greedy consensus ...
Limit for sigma of degrees:300
polytomy size limit : 3
discarded polytomies:  []
Threshold 0.0:
Threshold 0.01:
Threshold 0.02:
Threshold 0.05:
Threshold 0.1:
Threshold 0.2:
Threshold 0.3333333333333333:
max k is :0
Number of Clusters after addition by greedy: 99
gradient0 in heuristiic: 99
calculating all possible bipartitions ...
Number of Clusters After Adding All possible clusters: 1023
partitions formed in 0.647 secs
Dynamic Programming starting after 0.647 secs
Using tree-based weight calculation.
Using polytree-based weight calculation.
Polytree max score: 5401
Polytree building time: 0.048 seconds.
Number of quartet trees in the gene trees: 5401
Size of largest cluster: 10
Greedy score: 5116
estimationFactor: 1.0557075840500392
Sub-optimal score: 5116
Total Number of elements weighted: 1747
Normalized score (portion of input quartet trees satisfied before correcting for multiple individuals): 0.9472319940751712
Optimization score: 5116
Optimal tree inferred in 1.042 secs.
(t8,(t3,((t1,t2),(t4,(t5,((t6,t7),(t9,t10)))))));
Final quartet score is: 5116
Final normalized quartet score is: 0.9472319940751712
Extended species tree:
(t3,(((t1,t2)1:3.1403135023650983,(t4,(t5,((t6,t7)1:0.784118958765672,(t9,t10)1:1.3342379991638378)1:0.6394430015880841)1:2.4171884757330497)1:3.205452804536062)1:3.6375861597263826,t8));
Weight calculation took 0.262336956 secs
ASTRAL finished in 1.255 secs
