
================== ASTRAL ===================== 

This is ASTRAL version 5.7.8
Gene trees are treated as unrooted
4684 trees read from quartet_temp.txt
index0
All output trees will be *arbitrarily* rooted at t5

======== Running the main analysis
Number of taxa: 10 (10 species)
Taxa: [t5, t6, t1, t2, t7, t9, t3, t4, t10, t8]
Taxon occupancy: {t4=2637, t5=1891, t6=1320, t10=2601, t7=1828, t8=1554, t9=1608, t1=1717, t2=1848, t3=1732}
Number of gene trees: 4684
4684 trees have missing taxa
Calculating quartet distance matrix (for completion of X)
Species tree distances calculated ...
Will attempt to complete bipartitions from X before adding using a distance matrix.
Building set of clusters (X) from gene trees 
------------------------------
gradient0: 77
Number of Clusters after addition by distance: 77
calculating extra bipartitions to be added at level 1 ...
Adding to X using resolutions of greedy consensus ...
Limit for sigma of degrees:300
polytomy size limit : 3
discarded polytomies:  []
Threshold 0.0:
Threshold 0.01:
Threshold 0.02:
Threshold 0.05:
Threshold 0.1:
Threshold 0.2:
Threshold 0.3333333333333333:
max k is :0
Number of Clusters after addition by greedy: 77
gradient0 in heuristiic: 77
calculating all possible bipartitions ...
Number of Clusters After Adding All possible clusters: 1023
partitions formed in 0.243 secs
Dynamic Programming starting after 0.243 secs
Using tree-based weight calculation.
Using polytree-based weight calculation.
Polytree max score: 4684
Polytree building time: 0.017 seconds.
Number of quartet trees in the gene trees: 4684
Size of largest cluster: 10
Greedy score: 4594
estimationFactor: 1.0195907705703091
Sub-optimal score: 4594
Total Number of elements weighted: 812
Normalized score (portion of input quartet trees satisfied before correcting for multiple individuals): 0.9807856532877882
Optimization score: 4594
Optimal tree inferred in 0.382 secs.
(t6,(((t9,t8),(t5,t7)),(t2,(t1,(t3,(t4,t10))))));
Final quartet score is: 4594
Final normalized quartet score is: 0.9807856532877882
Extended species tree:
(t5,(t7,((t9,t8)1:0.6931471805599453,((t2,(t1,(t3,(t4,t10)1:4.083171261623973)1:4.8148907169701705)1:4.068076635401492)1:1.7757591278816138,t6)1:1.7786013846505437)1:2.268683541318364));
Weight calculation took 0.088458009 secs
ASTRAL finished in 0.484 secs
