
================== ASTRAL ===================== 

This is ASTRAL version 5.7.8
Gene trees are treated as unrooted
3441 trees read from quartet_temp.txt
index0
All output trees will be *arbitrarily* rooted at t5

======== Running the main analysis
Number of taxa: 10 (10 species)
Taxa: [t5, t6, t2, t3, t7, t8, t9, t10, t4, t1]
Taxon occupancy: {t4=1557, t5=1655, t6=1807, t10=1815, t7=871, t8=1070, t9=1443, t1=1098, t2=1274, t3=1174}
Number of gene trees: 3441
3441 trees have missing taxa
Calculating quartet distance matrix (for completion of X)
Species tree distances calculated ...
Will attempt to complete bipartitions from X before adding using a distance matrix.
Building set of clusters (X) from gene trees 
------------------------------
gradient0: 85
Number of Clusters after addition by distance: 85
calculating extra bipartitions to be added at level 1 ...
Adding to X using resolutions of greedy consensus ...
Limit for sigma of degrees:300
polytomy size limit : 3
discarded polytomies:  []
Threshold 0.0:
Threshold 0.01:
Threshold 0.02:
Threshold 0.05:
Threshold 0.1:
Threshold 0.2:
Threshold 0.3333333333333333:
max k is :0
Number of Clusters after addition by greedy: 85
gradient0 in heuristiic: 85
calculating all possible bipartitions ...
Number of Clusters After Adding All possible clusters: 1023
partitions formed in 0.198 secs
Dynamic Programming starting after 0.198 secs
Using tree-based weight calculation.
Using polytree-based weight calculation.
Polytree max score: 3441
Polytree building time: 0.017 seconds.
Number of quartet trees in the gene trees: 3441
Size of largest cluster: 10
Greedy score: 3380
estimationFactor: 1.0180473372781065
Sub-optimal score: 3380
Total Number of elements weighted: 1064
Normalized score (portion of input quartet trees satisfied before correcting for multiple individuals): 0.982272595175821
Optimization score: 3380
Optimal tree inferred in 0.325 secs.
(t6,(t10,(t2,(t1,(t8,(t7,(t3,(t9,(t5,t4)))))))));
Final quartet score is: 3380
Final normalized quartet score is: 0.982272595175821
Extended species tree:
(t5,(t4,(t9,(t3,(t7,(t8,(t1,(t2,(t10,t6)1:3.2408547315869773)1:1.3710268889891024)1:2.961830721878311)1:1.9459101490553135)1:3.444682493601893)1:2.1972245773362196)0.99:0.41284521540578695));
Weight calculation took 0.077073922 secs
ASTRAL finished in 0.408 secs
