
================== ASTRAL ===================== 

This is ASTRAL version 5.7.8
Gene trees are treated as unrooted
3456 trees read from quartet_temp.txt
index0
All output trees will be *arbitrarily* rooted at t2

======== Running the main analysis
Number of taxa: 10 (10 species)
Taxa: [t2, t3, t1, t5, t6, t7, t8, t10, t4, t9]
Taxon occupancy: {t4=1350, t5=1790, t6=1724, t10=1155, t7=1207, t8=1634, t9=1159, t1=1135, t2=1225, t3=1445}
Number of gene trees: 3456
3456 trees have missing taxa
Calculating quartet distance matrix (for completion of X)
Species tree distances calculated ...
Will attempt to complete bipartitions from X before adding using a distance matrix.
Building set of clusters (X) from gene trees 
------------------------------
gradient0: 65
Number of Clusters after addition by distance: 65
calculating extra bipartitions to be added at level 1 ...
Adding to X using resolutions of greedy consensus ...
Limit for sigma of degrees:300
polytomy size limit : 3
discarded polytomies:  []
Threshold 0.0:
Threshold 0.01:
Threshold 0.02:
Threshold 0.05:
Threshold 0.1:
Threshold 0.2:
Threshold 0.3333333333333333:
max k is :0
Number of Clusters after addition by greedy: 65
gradient0 in heuristiic: 65
calculating all possible bipartitions ...
Number of Clusters After Adding All possible clusters: 1023
partitions formed in 0.186 secs
Dynamic Programming starting after 0.186 secs
Using tree-based weight calculation.
Using polytree-based weight calculation.
Polytree max score: 3456
Polytree building time: 0.018 seconds.
Number of quartet trees in the gene trees: 3456
Size of largest cluster: 10
Greedy score: 3367
estimationFactor: 1.0264330264330264
Sub-optimal score: 3367
Total Number of elements weighted: 1186
Normalized score (portion of input quartet trees satisfied before correcting for multiple individuals): 0.9742476851851852
Optimization score: 3367
Optimal tree inferred in 0.304 secs.
(t3,(t2,(t8,((t4,t9),(t7,((t1,t10),(t5,t6)))))));
Final quartet score is: 3367
Final normalized quartet score is: 0.9742476851851852
Extended species tree:
(t2,((t8,((t4,t9)1:4.094344562222104,(t7,((t1,t10)1:4.169245870395222,(t5,t6)1:3.925268232178164)1:2.6920498597557687)1:1.772416506384924)1:1.7578579175523739)0.75:0.2513144282809059,t3));
Weight calculation took 0.068450065 secs
ASTRAL finished in 0.39 secs
