
================== ASTRAL ===================== 

This is ASTRAL version 5.7.8
Gene trees are treated as unrooted
2095 trees read from quartet_temp.txt
index0
All output trees will be *arbitrarily* rooted at t2

======== Running the main analysis
Number of taxa: 10 (10 species)
Taxa: [t2, t3, t1, t4, t6, t7, t9, t10, t5, t8]
Taxon occupancy: {t4=1088, t5=778, t6=960, t10=1027, t7=538, t8=667, t9=866, t1=836, t2=691, t3=929}
Number of gene trees: 2095
2095 trees have missing taxa
Calculating quartet distance matrix (for completion of X)
Species tree distances calculated ...
Will attempt to complete bipartitions from X before adding using a distance matrix.
Building set of clusters (X) from gene trees 
------------------------------
gradient0: 91
Number of Clusters after addition by distance: 91
calculating extra bipartitions to be added at level 1 ...
Adding to X using resolutions of greedy consensus ...
Limit for sigma of degrees:300
polytomy size limit : 3
discarded polytomies:  []
Threshold 0.0:
Threshold 0.01:
Threshold 0.02:
Threshold 0.05:
Threshold 0.1:
Threshold 0.2:
Threshold 0.3333333333333333:
max k is :0
Number of Clusters after addition by greedy: 91
gradient0 in heuristiic: 91
calculating all possible bipartitions ...
Number of Clusters After Adding All possible clusters: 1023
partitions formed in 0.18 secs
Dynamic Programming starting after 0.18 secs
Using tree-based weight calculation.
Using polytree-based weight calculation.
Polytree max score: 2095
Polytree building time: 0.01 seconds.
Number of quartet trees in the gene trees: 2095
Size of largest cluster: 10
Greedy score: 2008
estimationFactor: 1.0433266932270917
Sub-optimal score: 2008
Total Number of elements weighted: 1506
Normalized score (portion of input quartet trees satisfied before correcting for multiple individuals): 0.958472553699284
Optimization score: 2008
Optimal tree inferred in 0.301 secs.
(t3,(t5,(t8,(t2,(t1,((t4,t10),(t7,(t6,t9))))))));
Final quartet score is: 2008
Final normalized quartet score is: 0.958472553699284
You may want to ignore posterior probabilities and other statistics related to the following branch branch because the effective number of genes impacting it is only 16:
	{t6, t9}
Extended species tree:
(t2,((t1,((t4,t10)1:2.739644566520427,(t7,(t6,t9)0.99:0.6359887667199969)1:2.780887525054477)1:2.670309873119364)1:1.2685113254635072,(t8,(t5,t3)1:0.867500567704723)1:1.0414538748281608));
Weight calculation took 0.078843549 secs
ASTRAL finished in 0.371 secs
