
================== ASTRAL ===================== 

This is ASTRAL version 5.7.8
Gene trees are treated as unrooted
5071 trees read from quartet_temp.txt
index0
All output trees will be *arbitrarily* rooted at t3

======== Running the main analysis
Number of taxa: 10 (10 species)
Taxa: [t3, t4, t1, t2, t5, t6, t9, t10, t7, t8]
Taxon occupancy: {t4=1985, t5=1571, t6=1635, t10=1939, t7=1680, t8=1878, t9=2023, t1=2889, t2=2911, t3=1773}
Number of gene trees: 5071
5071 trees have missing taxa
Calculating quartet distance matrix (for completion of X)
Species tree distances calculated ...
Will attempt to complete bipartitions from X before adding using a distance matrix.
Building set of clusters (X) from gene trees 
------------------------------
gradient0: 81
Number of Clusters after addition by distance: 81
calculating extra bipartitions to be added at level 1 ...
Adding to X using resolutions of greedy consensus ...
Limit for sigma of degrees:300
polytomy size limit : 3
discarded polytomies:  []
Threshold 0.0:
Threshold 0.01:
Threshold 0.02:
Threshold 0.05:
Threshold 0.1:
Threshold 0.2:
Threshold 0.3333333333333333:
max k is :0
Number of Clusters after addition by greedy: 81
gradient0 in heuristiic: 81
calculating all possible bipartitions ...
Number of Clusters After Adding All possible clusters: 1023
partitions formed in 0.252 secs
Dynamic Programming starting after 0.252 secs
Using tree-based weight calculation.
Using polytree-based weight calculation.
Polytree max score: 5071
Polytree building time: 0.026 seconds.
Number of quartet trees in the gene trees: 5071
Size of largest cluster: 10
Greedy score: 4925
estimationFactor: 1.0296446700507613
Sub-optimal score: 4925
Total Number of elements weighted: 1008
Normalized score (portion of input quartet trees satisfied before correcting for multiple individuals): 0.9745612305265233
Optimization score: 4942
Optimal tree inferred in 0.41 secs.
(t4,((t5,(t10,(t6,t9))),((t7,t8),(t3,(t1,t2)))));
Final quartet score is: 4942
Final normalized quartet score is: 0.9745612305265233
Extended species tree:
(t3,((t1,t2)1:5.294978465282522,((t7,t8)1:2.92673940206704,((t5,(t10,(t6,t9)1:1.114360645636249)1:2.1259615573147284)0.99:0.2732933349996813,t4)1:2.168672675407779)1:5.123963979403262));
Weight calculation took 0.097649944 secs
ASTRAL finished in 0.517 secs
