
================== ASTRAL ===================== 

This is ASTRAL version 5.7.8
Gene trees are treated as unrooted
4766 trees read from quartet_temp.txt
index0
All output trees will be *arbitrarily* rooted at t2

======== Running the main analysis
Number of taxa: 10 (10 species)
Taxa: [t2, t3, t1, t9, t10, t4, t5, t6, t7, t8]
Taxon occupancy: {t4=2343, t5=2154, t10=1839, t6=1781, t7=1502, t8=1525, t9=1871, t1=1672, t2=2317, t3=2060}
Number of gene trees: 4766
4766 trees have missing taxa
Calculating quartet distance matrix (for completion of X)
Species tree distances calculated ...
Will attempt to complete bipartitions from X before adding using a distance matrix.
Building set of clusters (X) from gene trees 
------------------------------
gradient0: 81
Number of Clusters after addition by distance: 81
calculating extra bipartitions to be added at level 1 ...
Adding to X using resolutions of greedy consensus ...
Limit for sigma of degrees:300
polytomy size limit : 3
discarded polytomies:  []
Threshold 0.0:
Threshold 0.01:
Threshold 0.02:
Threshold 0.05:
Threshold 0.1:
Threshold 0.2:
Threshold 0.3333333333333333:
max k is :0
Number of Clusters after addition by greedy: 81
gradient0 in heuristiic: 81
calculating all possible bipartitions ...
Number of Clusters After Adding All possible clusters: 1023
partitions formed in 0.243 secs
Dynamic Programming starting after 0.243 secs
Using tree-based weight calculation.
Using polytree-based weight calculation.
Polytree max score: 4766
Polytree building time: 0.02 seconds.
Number of quartet trees in the gene trees: 4766
Size of largest cluster: 10
Greedy score: 4678
estimationFactor: 1.0188114578879863
Sub-optimal score: 4691
Total Number of elements weighted: 1005
Normalized score (portion of input quartet trees satisfied before correcting for multiple individuals): 0.9842635333613092
Optimization score: 4691
Optimal tree inferred in 0.395 secs.
(t3,(t2,((t4,t5),(t1,((t9,t10),(t8,(t6,t7)))))));
Final quartet score is: 4691
Final normalized quartet score is: 0.9842635333613092
You may want to ignore posterior probabilities and other statistics related to the following branch branch because the effective number of genes impacting it is only 19:
	{t6, t7}
Extended species tree:
(t2,(((t4,t5)1:3.3787245258100977,(t1,((t9,t10)1:0.7646061445420904,(t8,(t6,t7)0.98:0.5108256237659905)1:2.1335087629501115)1:4.552706616452349)1:4.245315589131979)1:1.4802261809540944,t3));
Weight calculation took 0.09358789 secs
ASTRAL finished in 0.49 secs
