
================== ASTRAL ===================== 

This is ASTRAL version 5.7.8
Gene trees are treated as unrooted
5212 trees read from quartet_temp.txt
index0
All output trees will be *arbitrarily* rooted at t4

======== Running the main analysis
Number of taxa: 10 (10 species)
Taxa: [t4, t8, t1, t2, t3, t5, t6, t7, t10, t9]
Taxon occupancy: {t4=1842, t5=1924, t6=2119, t10=2377, t7=2008, t8=1532, t9=2379, t1=1774, t2=2444, t3=2449}
Number of gene trees: 5212
5212 trees have missing taxa
Calculating quartet distance matrix (for completion of X)
Species tree distances calculated ...
Will attempt to complete bipartitions from X before adding using a distance matrix.
Building set of clusters (X) from gene trees 
------------------------------
gradient0: 69
Number of Clusters after addition by distance: 69
calculating extra bipartitions to be added at level 1 ...
Adding to X using resolutions of greedy consensus ...
Limit for sigma of degrees:300
polytomy size limit : 3
discarded polytomies:  []
Threshold 0.0:
Threshold 0.01:
Threshold 0.02:
Threshold 0.05:
Threshold 0.1:
Threshold 0.2:
Threshold 0.3333333333333333:
max k is :0
Number of Clusters after addition by greedy: 69
gradient0 in heuristiic: 69
calculating all possible bipartitions ...
Number of Clusters After Adding All possible clusters: 1023
partitions formed in 0.262 secs
Dynamic Programming starting after 0.262 secs
Using tree-based weight calculation.
Using polytree-based weight calculation.
Polytree max score: 5212
Polytree building time: 0.018 seconds.
Number of quartet trees in the gene trees: 5212
Size of largest cluster: 10
Greedy score: 5121
estimationFactor: 1.0177699668033586
Sub-optimal score: 5121
Total Number of elements weighted: 998
Normalized score (portion of input quartet trees satisfied before correcting for multiple individuals): 0.9825402916346891
Optimization score: 5121
Optimal tree inferred in 0.409 secs.
(t8,(t4,((t1,(t2,t3)),((t10,t9),(t5,(t6,t7))))));
Final quartet score is: 5121
Final normalized quartet score is: 0.9825402916346891
Extended species tree:
(t4,(((t1,(t2,t3)1:3.3711199264248757)1:2.491060515362378,((t10,t9)1:5.8786690529626195,(t5,(t6,t7)1:1.5546296759391052)1:1.2513189249231345)1:5.449606814094265)1:0.9668430110369863,t8));
Weight calculation took 0.091218516 secs
ASTRAL finished in 0.512 secs
