
================== ASTRAL ===================== 

This is ASTRAL version 5.7.8
Gene trees are treated as unrooted
3689 trees read from quartet_temp.txt
index0
All output trees will be *arbitrarily* rooted at t4

======== Running the main analysis
Number of taxa: 10 (10 species)
Taxa: [t4, t5, t1, t2, t3, t10, t6, t7, t8, t9]
Taxon occupancy: {t4=1539, t5=1570, t10=1574, t6=1328, t7=1409, t8=1593, t9=1456, t1=1211, t2=1506, t3=1570}
Number of gene trees: 3689
3689 trees have missing taxa
Calculating quartet distance matrix (for completion of X)
Species tree distances calculated ...
Will attempt to complete bipartitions from X before adding using a distance matrix.
Building set of clusters (X) from gene trees 
------------------------------
gradient0: 65
Number of Clusters after addition by distance: 65
calculating extra bipartitions to be added at level 1 ...
Adding to X using resolutions of greedy consensus ...
Limit for sigma of degrees:300
polytomy size limit : 3
discarded polytomies:  []
Threshold 0.0:
Threshold 0.01:
Threshold 0.02:
Threshold 0.05:
Threshold 0.1:
Threshold 0.2:
Threshold 0.3333333333333333:
max k is :0
Number of Clusters after addition by greedy: 65
gradient0 in heuristiic: 65
calculating all possible bipartitions ...
Number of Clusters After Adding All possible clusters: 1023
partitions formed in 0.295 secs
Dynamic Programming starting after 0.295 secs
Using tree-based weight calculation.
Using polytree-based weight calculation.
Polytree max score: 3689
Polytree building time: 0.016 seconds.
Number of quartet trees in the gene trees: 3689
Size of largest cluster: 10
Greedy score: 3647
estimationFactor: 1.0115163147792707
Sub-optimal score: 3647
Total Number of elements weighted: 1129
Normalized score (portion of input quartet trees satisfied before correcting for multiple individuals): 0.9886148007590133
Optimization score: 3647
Optimal tree inferred in 0.438 secs.
(t5,(t4,((t8,t9),(t6,(t7,(t1,(t10,(t2,t3))))))));
Final quartet score is: 3647
Final normalized quartet score is: 0.9886148007590133
Extended species tree:
(t4,(((t8,t9)0.93:0.2595111954850847,(t6,(t7,(t1,(t10,(t2,t3)1:2.367123614131617)1:0.9382696385929301)1:3.283414346005771)1:2.244521292039285)1:3.710858360832714)1:3.8572147689331526,t5));
Weight calculation took 0.085697414 secs
ASTRAL finished in 0.529 secs
