
================== ASTRAL ===================== 

This is ASTRAL version 5.7.8
Gene trees are treated as unrooted
4609 trees read from quartet_temp.txt
index0
All output trees will be *arbitrarily* rooted at t3

======== Running the main analysis
Number of taxa: 10 (10 species)
Taxa: [t3, t5, t1, t2, t6, t7, t8, t9, t10, t4]
Taxon occupancy: {t4=2443, t5=2288, t6=1526, t10=1754, t7=1837, t8=1906, t9=1602, t1=1086, t2=1373, t3=2621}
Number of gene trees: 4609
4609 trees have missing taxa
Calculating quartet distance matrix (for completion of X)
Species tree distances calculated ...
Will attempt to complete bipartitions from X before adding using a distance matrix.
Building set of clusters (X) from gene trees 
------------------------------
gradient0: 107
Number of Clusters after addition by distance: 107
calculating extra bipartitions to be added at level 1 ...
Adding to X using resolutions of greedy consensus ...
Limit for sigma of degrees:300
polytomy size limit : 3
discarded polytomies:  []
Threshold 0.0:
Threshold 0.01:
Threshold 0.02:
Threshold 0.05:
Threshold 0.1:
Threshold 0.2:
Threshold 0.3333333333333333:
max k is :0
Number of Clusters after addition by greedy: 107
gradient0 in heuristiic: 107
calculating all possible bipartitions ...
Number of Clusters After Adding All possible clusters: 1023
partitions formed in 0.239 secs
Dynamic Programming starting after 0.239 secs
Using tree-based weight calculation.
Using polytree-based weight calculation.
Polytree max score: 4609
Polytree building time: 0.019 seconds.
Number of quartet trees in the gene trees: 4609
Size of largest cluster: 10
Greedy score: 4432
estimationFactor: 1.039936823104693
Sub-optimal score: 4441
Total Number of elements weighted: 1285
Normalized score (portion of input quartet trees satisfied before correcting for multiple individuals): 0.9635495769147321
Optimization score: 4441
Optimal tree inferred in 0.387 secs.
(t5,((t3,t4),(t1,((t6,t9),((t8,t10),(t2,t7))))));
Final quartet score is: 4441
Final normalized quartet score is: 0.9635495769147321
Extended species tree:
(t3,(t4,((t1,((t6,t9)0.99:0.32047189527477177,((t8,t10)1:1.7961940662959213,(t2,t7)1:2.0626344233634546)1:1.0851892683359687)1:2.17475172148416)1:5.362855887685594,t5)1:1.4190841839428816));
Weight calculation took 0.092384796 secs
ASTRAL finished in 0.485 secs
