
================== ASTRAL ===================== 

This is ASTRAL version 5.7.8
Gene trees are treated as unrooted
2886 trees read from quartet_temp.txt
index0
All output trees will be *arbitrarily* rooted at t4

======== Running the main analysis
Number of taxa: 10 (10 species)
Taxa: [t4, t5, t1, t2, t3, t7, t8, t9, t10, t6]
Taxon occupancy: {t4=1268, t5=1704, t10=801, t6=1647, t7=1339, t8=926, t9=1013, t1=957, t2=836, t3=1053}
Number of gene trees: 2886
2886 trees have missing taxa
Calculating quartet distance matrix (for completion of X)
Species tree distances calculated ...
Will attempt to complete bipartitions from X before adding using a distance matrix.
Building set of clusters (X) from gene trees 
------------------------------
gradient0: 117
Number of Clusters after addition by distance: 117
calculating extra bipartitions to be added at level 1 ...
Adding to X using resolutions of greedy consensus ...
Limit for sigma of degrees:300
polytomy size limit : 3
discarded polytomies:  []
Threshold 0.0:
Threshold 0.01:
Threshold 0.02:
Threshold 0.05:
Threshold 0.1:
Threshold 0.2:
Threshold 0.3333333333333333:
max k is :0
Number of Clusters after addition by greedy: 117
gradient0 in heuristiic: 117
calculating all possible bipartitions ...
Number of Clusters After Adding All possible clusters: 1023
partitions formed in 0.164 secs
Dynamic Programming starting after 0.164 secs
Using tree-based weight calculation.
Using polytree-based weight calculation.
Polytree max score: 2886
Polytree building time: 0.011 seconds.
Number of quartet trees in the gene trees: 2886
Size of largest cluster: 10
Greedy score: 2637
estimationFactor: 1.0944254835039817
Sub-optimal score: 2697
Total Number of elements weighted: 1891
Normalized score (portion of input quartet trees satisfied before correcting for multiple individuals): 0.9345114345114345
Optimization score: 2697
Optimal tree inferred in 0.303 secs.
(t5,(t6,(t10,((t3,(t4,t7)),((t1,t9),(t2,t8))))));
Final quartet score is: 2697
Final normalized quartet score is: 0.9345114345114345
Extended species tree:
(t4,(t7,(t3,(((t1,t9)1:0.7609697768987064,(t2,t8)0.98:0.2876820724517809)1:0.46163537957521894,(t10,(t6,t5)1:5.079331825382495)1:1.9190988916046567)1:2.54770755102703)1:0.7884573603642704));
Weight calculation took 0.094551081 secs
ASTRAL finished in 0.383 secs
