
================== ASTRAL ===================== 

This is ASTRAL version 5.7.8
Gene trees are treated as unrooted
4253 trees read from quartet_temp.txt
index0
All output trees will be *arbitrarily* rooted at t2

======== Running the main analysis
Number of taxa: 10 (10 species)
Taxa: [t2, t4, t1, t3, t10, t5, t6, t7, t8, t9]
Taxon occupancy: {t4=1471, t5=1377, t10=2185, t6=1272, t7=1721, t8=1680, t9=1977, t1=1724, t2=1556, t3=2049}
Number of gene trees: 4253
4253 trees have missing taxa
Calculating quartet distance matrix (for completion of X)
Species tree distances calculated ...
Will attempt to complete bipartitions from X before adding using a distance matrix.
Building set of clusters (X) from gene trees 
------------------------------
gradient0: 81
Number of Clusters after addition by distance: 81
calculating extra bipartitions to be added at level 1 ...
Adding to X using resolutions of greedy consensus ...
Limit for sigma of degrees:300
polytomy size limit : 3
discarded polytomies:  []
Threshold 0.0:
Threshold 0.01:
Threshold 0.02:
Threshold 0.05:
Threshold 0.1:
Threshold 0.2:
Threshold 0.3333333333333333:
max k is :0
Number of Clusters after addition by greedy: 81
gradient0 in heuristiic: 81
calculating all possible bipartitions ...
Number of Clusters After Adding All possible clusters: 1023
partitions formed in 0.369 secs
Dynamic Programming starting after 0.369 secs
Using tree-based weight calculation.
Using polytree-based weight calculation.
Polytree max score: 4253
Polytree building time: 0.015 seconds.
Number of quartet trees in the gene trees: 4253
Size of largest cluster: 10
Greedy score: 4162
estimationFactor: 1.021864488226814
Sub-optimal score: 4162
Total Number of elements weighted: 1503
Normalized score (portion of input quartet trees satisfied before correcting for multiple individuals): 0.9786033388196567
Optimization score: 4162
Optimal tree inferred in 0.518 secs.
(t4,(t6,(t5,(t2,((t7,t8),(t1,(t3,(t10,t9))))))));
Final quartet score is: 4162
Final normalized quartet score is: 0.9786033388196567
You may want to ignore posterior probabilities and other statistics related to the following branch branch because the effective number of genes impacting it is only 8:
	{t4, t6}
Extended species tree:
(t2,(((t7,t8)1:4.997212273764125,(t1,(t3,(t10,t9)1:1.8607523407150062)1:1.9848255653049864)1:4.566660331226214)1:1.3336506276344688,(t5,(t6,t4)0.97:0.6931471805599453)1:0.9555114450274365));
Weight calculation took 0.098264319 secs
ASTRAL finished in 0.616 secs
