
================== ASTRAL ===================== 

This is ASTRAL version 5.7.8
Gene trees are treated as unrooted
2576 trees read from quartet_temp.txt
index0
All output trees will be *arbitrarily* rooted at t10

======== Running the main analysis
Number of taxa: 10 (10 species)
Taxa: [t10, t4, t1, t2, t3, t5, t8, t6, t9, t7]
Taxon occupancy: {t4=1251, t5=1142, t10=1229, t6=1023, t7=625, t8=1029, t9=855, t1=942, t2=906, t3=1302}
Number of gene trees: 2576
2576 trees have missing taxa
Calculating quartet distance matrix (for completion of X)
Species tree distances calculated ...
Will attempt to complete bipartitions from X before adding using a distance matrix.
Building set of clusters (X) from gene trees 
------------------------------
gradient0: 83
Number of Clusters after addition by distance: 83
calculating extra bipartitions to be added at level 1 ...
Adding to X using resolutions of greedy consensus ...
Limit for sigma of degrees:300
polytomy size limit : 3
discarded polytomies:  []
Threshold 0.0:
Threshold 0.01:
Threshold 0.02:
Threshold 0.05:
Threshold 0.1:
Threshold 0.2:
Threshold 0.3333333333333333:
max k is :0
Number of Clusters after addition by greedy: 83
gradient0 in heuristiic: 83
calculating all possible bipartitions ...
Number of Clusters After Adding All possible clusters: 1023
partitions formed in 0.274 secs
Dynamic Programming starting after 0.274 secs
Using tree-based weight calculation.
Using polytree-based weight calculation.
Polytree max score: 2576
Polytree building time: 0.015 seconds.
Number of quartet trees in the gene trees: 2576
Size of largest cluster: 10
Greedy score: 2541
estimationFactor: 1.0137741046831956
Sub-optimal score: 2541
Total Number of elements weighted: 965
Normalized score (portion of input quartet trees satisfied before correcting for multiple individuals): 0.9864130434782609
Optimization score: 2541
Optimal tree inferred in 0.424 secs.
(t4,(t10,((t7,(t6,t9)),(t1,(t2,(t8,(t3,t5)))))));
Final quartet score is: 2541
Final normalized quartet score is: 0.9864130434782609
You may want to ignore posterior probabilities and other statistics related to the following branch branch because the effective number of genes impacting it is only 7:
	{t6, t9}
Extended species tree:
(t10,(((t7,(t6,t9)1:1.6739764335716716)1:3.737669618283365,(t1,(t2,(t8,(t3,t5)1:1.0986122886681098)1:2.625358485257097)1:2.484906649788)1:3.0706335817271087)1:3.889550149576085,t4));
Weight calculation took 0.083227447 secs
ASTRAL finished in 0.521 secs
