
================== ASTRAL ===================== 

This is ASTRAL version 5.7.8
Gene trees are treated as unrooted
4673 trees read from quartet_temp.txt
index0
All output trees will be *arbitrarily* rooted at t6

======== Running the main analysis
Number of taxa: 10 (10 species)
Taxa: [t6, t8, t1, t2, t3, t4, t5, t9, t10, t7]
Taxon occupancy: {t4=2247, t5=2036, t6=1592, t10=1940, t7=1539, t8=1536, t9=1997, t1=1674, t2=2133, t3=1998}
Number of gene trees: 4673
4673 trees have missing taxa
Calculating quartet distance matrix (for completion of X)
Species tree distances calculated ...
Will attempt to complete bipartitions from X before adding using a distance matrix.
Building set of clusters (X) from gene trees 
------------------------------
gradient0: 51
Number of Clusters after addition by distance: 51
calculating extra bipartitions to be added at level 1 ...
Adding to X using resolutions of greedy consensus ...
Limit for sigma of degrees:300
polytomy size limit : 3
discarded polytomies:  []
Threshold 0.0:
Threshold 0.01:
Threshold 0.02:
Threshold 0.05:
Threshold 0.1:
Threshold 0.2:
Threshold 0.3333333333333333:
max k is :0
Number of Clusters after addition by greedy: 51
gradient0 in heuristiic: 51
calculating all possible bipartitions ...
Number of Clusters After Adding All possible clusters: 1023
partitions formed in 0.421 secs
Dynamic Programming starting after 0.421 secs
Using tree-based weight calculation.
Using polytree-based weight calculation.
Polytree max score: 4673
Polytree building time: 0.018 seconds.
Number of quartet trees in the gene trees: 4673
Size of largest cluster: 10
Greedy score: 4656
estimationFactor: 1.0036512027491409
Sub-optimal score: 4656
Total Number of elements weighted: 1188
Normalized score (portion of input quartet trees satisfied before correcting for multiple individuals): 0.9963620800342392
Optimization score: 4656
Optimal tree inferred in 0.567 secs.
(t8,((t6,t7),((t9,t10),(t1,((t4,t5),(t2,t3))))));
Final quartet score is: 4656
Final normalized quartet score is: 0.9963620800342392
You may want to ignore posterior probabilities and other statistics related to the following branch branch because the effective number of genes impacting it is only 18:
	{t1, t2, t3, t4, t5, t9, t10}
You may want to ignore posterior probabilities and other statistics related to the following branch branch because the effective number of genes impacting it is only 6:
	{t8, t1, t2, t3, t4, t5, t9, t10}
Extended species tree:
(t6,(t7,(((t9,t10)1:1.1349799328389845,(t1,((t4,t5)1:4.550361949493098,(t2,t3)1:2.7006152226146916)1:4.846808319938475)1:6.035481432524728)1:1.440361582390166,t8)1:1.5404450409471486));
Weight calculation took 0.088666595 secs
ASTRAL finished in 0.683 secs
