
================== ASTRAL ===================== 

This is ASTRAL version 5.7.8
Gene trees are treated as unrooted
2810 trees read from quartet_temp.txt
index0
All output trees will be *arbitrarily* rooted at t5

======== Running the main analysis
Number of taxa: 10 (10 species)
Taxa: [t5, t9, t1, t2, t6, t7, t10, t4, t3, t8]
Taxon occupancy: {t4=1285, t5=1466, t6=1244, t10=1058, t7=665, t8=1306, t9=927, t1=1113, t2=1269, t3=907}
Number of gene trees: 2810
2810 trees have missing taxa
Calculating quartet distance matrix (for completion of X)
Species tree distances calculated ...
Will attempt to complete bipartitions from X before adding using a distance matrix.
Building set of clusters (X) from gene trees 
------------------------------
gradient0: 63
Number of Clusters after addition by distance: 63
calculating extra bipartitions to be added at level 1 ...
Adding to X using resolutions of greedy consensus ...
Limit for sigma of degrees:300
polytomy size limit : 3
discarded polytomies:  []
Threshold 0.0:
Threshold 0.01:
Threshold 0.02:
Threshold 0.05:
Threshold 0.1:
Threshold 0.2:
Threshold 0.3333333333333333:
max k is :0
Number of Clusters after addition by greedy: 63
gradient0 in heuristiic: 63
calculating all possible bipartitions ...
Number of Clusters After Adding All possible clusters: 1023
partitions formed in 0.261 secs
Dynamic Programming starting after 0.261 secs
Using tree-based weight calculation.
Using polytree-based weight calculation.
Polytree max score: 2810
Polytree building time: 0.015 seconds.
Number of quartet trees in the gene trees: 2810
Size of largest cluster: 10
Greedy score: 2784
estimationFactor: 1.0093390804597702
Sub-optimal score: 2784
Total Number of elements weighted: 853
Normalized score (portion of input quartet trees satisfied before correcting for multiple individuals): 0.9907473309608541
Optimization score: 2784
Optimal tree inferred in 0.386 secs.
(t9,((t5,t8),((t7,(t1,t2)),(t3,(t4,(t6,t10))))));
Final quartet score is: 2784
Final normalized quartet score is: 0.9907473309608541
You may want to ignore posterior probabilities and other statistics related to the following branch branch because the effective number of genes impacting it is only 13:
	{t1, t2}
Extended species tree:
(t5,(t8,(((t7,(t1,t2)1:0.8472978603872037)1:1.8417698898027162,(t3,(t4,(t6,t10)1:3.5457786104732607)1:4.04305126783455)1:2.803360380906534)1:4.965172920019501,t9)1:2.5283917617277387));
Weight calculation took 0.071638813 secs
ASTRAL finished in 0.519 secs
