
================== ASTRAL ===================== 

This is ASTRAL version 5.7.8
Gene trees are treated as unrooted
2997 trees read from quartet_temp.txt
index0
All output trees will be *arbitrarily* rooted at t5

======== Running the main analysis
Number of taxa: 10 (10 species)
Taxa: [t5, t6, t1, t2, t3, t4, t7, t8, t9, t10]
Taxon occupancy: {t4=1159, t5=1833, t6=1780, t10=820, t7=1316, t8=1067, t9=1056, t1=842, t2=1000, t3=1115}
Number of gene trees: 2997
2997 trees have missing taxa
Calculating quartet distance matrix (for completion of X)
Species tree distances calculated ...
Will attempt to complete bipartitions from X before adding using a distance matrix.
Building set of clusters (X) from gene trees 
------------------------------
gradient0: 53
Number of Clusters after addition by distance: 53
calculating extra bipartitions to be added at level 1 ...
Adding to X using resolutions of greedy consensus ...
Limit for sigma of degrees:300
polytomy size limit : 3
discarded polytomies:  []
Threshold 0.0:
Threshold 0.01:
Threshold 0.02:
Threshold 0.05:
Threshold 0.1:
Threshold 0.2:
Threshold 0.3333333333333333:
max k is :0
Number of Clusters after addition by greedy: 53
gradient0 in heuristiic: 53
calculating all possible bipartitions ...
Number of Clusters After Adding All possible clusters: 1023
partitions formed in 0.247 secs
Dynamic Programming starting after 0.247 secs
Using tree-based weight calculation.
Using polytree-based weight calculation.
Polytree max score: 2997
Polytree building time: 0.019 seconds.
Number of quartet trees in the gene trees: 2997
Size of largest cluster: 10
Greedy score: 2931
estimationFactor: 1.022517911975435
Sub-optimal score: 2931
Total Number of elements weighted: 1012
Normalized score (portion of input quartet trees satisfied before correcting for multiple individuals): 0.977977977977978
Optimization score: 2931
Optimal tree inferred in 0.386 secs.
(t6,(t5,(t10,((t3,(t4,t7)),((t1,t9),(t2,t8))))));
Final quartet score is: 2931
Final normalized quartet score is: 0.977977977977978
Extended species tree:
(t5,((t10,((t3,(t4,t7)1:2.890371757896163)1:4.8148907169701705,((t1,t9)1:0.7339691750802005,(t2,t8)1:2.803360380906534)1:1.2504928199608287)1:1.440361582390166)1:5.1552165229073665,t6));
Weight calculation took 0.082232601 secs
ASTRAL finished in 0.482 secs
