
================== ASTRAL ===================== 

This is ASTRAL version 5.7.8
Gene trees are treated as unrooted
2578 trees read from quartet_temp.txt
index0
All output trees will be *arbitrarily* rooted at t7

======== Running the main analysis
Number of taxa: 10 (10 species)
Taxa: [t7, t8, t1, t2, t3, t4, t6, t9, t10, t5]
Taxon occupancy: {t4=1058, t5=898, t6=1137, t10=821, t7=1076, t8=1174, t9=937, t1=1024, t2=1084, t3=1103}
Number of gene trees: 2578
2578 trees have missing taxa
Calculating quartet distance matrix (for completion of X)
Species tree distances calculated ...
Will attempt to complete bipartitions from X before adding using a distance matrix.
Building set of clusters (X) from gene trees 
------------------------------
gradient0: 91
Number of Clusters after addition by distance: 91
calculating extra bipartitions to be added at level 1 ...
Adding to X using resolutions of greedy consensus ...
Limit for sigma of degrees:300
polytomy size limit : 3
discarded polytomies:  []
Threshold 0.0:
Threshold 0.01:
Threshold 0.02:
Threshold 0.05:
Threshold 0.1:
Threshold 0.2:
Threshold 0.3333333333333333:
max k is :0
Number of Clusters after addition by greedy: 91
gradient0 in heuristiic: 91
calculating all possible bipartitions ...
Number of Clusters After Adding All possible clusters: 1023
partitions formed in 0.233 secs
Dynamic Programming starting after 0.233 secs
Using tree-based weight calculation.
Using polytree-based weight calculation.
Polytree max score: 2578
Polytree building time: 0.02 seconds.
Number of quartet trees in the gene trees: 2578
Size of largest cluster: 10
Greedy score: 2503
estimationFactor: 1.0299640431482222
Sub-optimal score: 2503
Total Number of elements weighted: 1213
Normalized score (portion of input quartet trees satisfied before correcting for multiple individuals): 0.9709076803723817
Optimization score: 2503
Optimal tree inferred in 0.391 secs.
(t8,(t7,(t5,(t2,((t3,t4),(t10,(t9,(t1,t6))))))));
Final quartet score is: 2503
Final normalized quartet score is: 0.9709076803723817
You may want to ignore posterior probabilities and other statistics related to the following branch branch because the effective number of genes impacting it is only 11:
	{t1, t6}
You may want to ignore posterior probabilities and other statistics related to the following branch branch because the effective number of genes impacting it is only 18:
	{t1, t2, t3, t4, t6, t9, t10, t5}
Extended species tree:
(t7,((t5,(t2,((t3,t4)1:2.793208009442516,(t10,(t9,(t1,t6)1:0.9808292530117262)1:1.6376087894007965)1:2.1897895988487015)1:2.097141118779237)1:2.6625878270254533)1:1.8458266904983307,t8));
Weight calculation took 0.092303881 secs
ASTRAL finished in 0.481 secs
