
================== ASTRAL ===================== 

This is ASTRAL version 5.7.8
Gene trees are treated as unrooted
4380 trees read from quartet_temp.txt
index0
All output trees will be *arbitrarily* rooted at t3

======== Running the main analysis
Number of taxa: 10 (10 species)
Taxa: [t3, t7, t2, t5, t6, t9, t10, t8, t1, t4]
Taxon occupancy: {t4=1633, t5=2019, t6=1557, t10=1562, t7=1795, t8=1966, t9=1441, t1=1582, t2=1988, t3=1977}
Number of gene trees: 4380
4380 trees have missing taxa
Calculating quartet distance matrix (for completion of X)
Species tree distances calculated ...
Will attempt to complete bipartitions from X before adding using a distance matrix.
Building set of clusters (X) from gene trees 
------------------------------
gradient0: 43
Number of Clusters after addition by distance: 43
calculating extra bipartitions to be added at level 1 ...
Adding to X using resolutions of greedy consensus ...
Limit for sigma of degrees:300
polytomy size limit : 3
discarded polytomies:  []
Threshold 0.0:
Threshold 0.01:
Threshold 0.02:
Threshold 0.05:
Threshold 0.1:
Threshold 0.2:
Threshold 0.3333333333333333:
max k is :0
Number of Clusters after addition by greedy: 43
gradient0 in heuristiic: 43
calculating all possible bipartitions ...
Number of Clusters After Adding All possible clusters: 1023
partitions formed in 0.402 secs
Dynamic Programming starting after 0.402 secs
Using tree-based weight calculation.
Using polytree-based weight calculation.
Polytree max score: 4380
Polytree building time: 0.022 seconds.
Number of quartet trees in the gene trees: 4380
Size of largest cluster: 10
Greedy score: 4380
estimationFactor: 1.0
Sub-optimal score: 4380
Total Number of elements weighted: 965
Normalized score (portion of input quartet trees satisfied before correcting for multiple individuals): 1.0
Optimization score: 4380
Optimal tree inferred in 0.57 secs.
(t7,(t8,((t9,(t3,t10)),(t1,(t4,(t2,(t5,t6)))))));
Final quartet score is: 4380
Final normalized quartet score is: 1.0
You may want to ignore posterior probabilities and other statistics related to the following branch branch because the effective number of genes impacting it is only 16:
	{t2, t5, t6}
You may want to ignore posterior probabilities and other statistics related to the following branch branch because the effective number of genes impacting it is only 2:
	{t7, t2, t5, t6, t8, t1, t4}
Extended species tree:
(t3,(t10,(t9,((t1,(t4,(t2,(t5,t6)1:4.001254139156088)1:2.4277482359480516)1:4.094344562222104)1:6.065334395674426,(t8,t7)1:4.718498871295098)0.87:0.6931471805599453)1:3.091042453358317));
Weight calculation took 0.100226716 secs
ASTRAL finished in 0.69 secs
