
================== ASTRAL ===================== 

This is ASTRAL version 5.7.8
Gene trees are treated as unrooted
3661 trees read from quartet_temp.txt
index0
All output trees will be *arbitrarily* rooted at t4

======== Running the main analysis
Number of taxa: 10 (10 species)
Taxa: [t4, t7, t1, t2, t5, t6, t8, t9, t10, t3]
Taxon occupancy: {t4=1494, t5=1478, t6=1224, t10=1655, t7=1257, t8=1413, t9=1488, t1=1902, t2=1796, t3=937}
Number of gene trees: 3661
3661 trees have missing taxa
Calculating quartet distance matrix (for completion of X)
Species tree distances calculated ...
Will attempt to complete bipartitions from X before adding using a distance matrix.
Building set of clusters (X) from gene trees 
------------------------------
gradient0: 59
Number of Clusters after addition by distance: 59
calculating extra bipartitions to be added at level 1 ...
Adding to X using resolutions of greedy consensus ...
Limit for sigma of degrees:300
polytomy size limit : 3
discarded polytomies:  []
Threshold 0.0:
Threshold 0.01:
Threshold 0.02:
Threshold 0.05:
Threshold 0.1:
Threshold 0.2:
Threshold 0.3333333333333333:
max k is :0
Number of Clusters after addition by greedy: 59
gradient0 in heuristiic: 59
calculating all possible bipartitions ...
Number of Clusters After Adding All possible clusters: 1023
partitions formed in 0.354 secs
Dynamic Programming starting after 0.354 secs
Using tree-based weight calculation.
Using polytree-based weight calculation.
Polytree max score: 3661
Polytree building time: 0.028 seconds.
Number of quartet trees in the gene trees: 3661
Size of largest cluster: 10
Greedy score: 3606
estimationFactor: 1.0152523571824736
Sub-optimal score: 3606
Total Number of elements weighted: 964
Normalized score (portion of input quartet trees satisfied before correcting for multiple individuals): 0.984976782299918
Optimization score: 3606
Optimal tree inferred in 0.517 secs.
(t7,(t4,((t8,(t9,t10)),(t3,((t1,t5),(t2,t6))))));
Final quartet score is: 3606
Final normalized quartet score is: 0.984976782299918
Extended species tree:
(t4,(((t8,(t9,t10)1:2.2094946699280342)1:1.7786013846505437,(t3,((t1,t5)1:1.8971199848858815,(t2,t6)1:2.7154303083998337)1:2.8397280250774095)1:2.954910279033736)1:0.994622575144062,t7));
Weight calculation took 0.088007834 secs
ASTRAL finished in 0.618 secs
