
================== ASTRAL ===================== 

This is ASTRAL version 5.7.8
Gene trees are treated as unrooted
5152 trees read from quartet_temp.txt
index0
All output trees will be *arbitrarily* rooted at t10

======== Running the main analysis
Number of taxa: 10 (10 species)
Taxa: [t10, t9, t1, t2, t3, t4, t5, t6, t7, t8]
Taxon occupancy: {t4=2501, t5=1595, t10=1536, t6=2208, t7=1620, t8=1884, t9=2182, t1=2461, t2=2708, t3=1913}
Number of gene trees: 5152
5152 trees have missing taxa
Calculating quartet distance matrix (for completion of X)
Species tree distances calculated ...
Will attempt to complete bipartitions from X before adding using a distance matrix.
Building set of clusters (X) from gene trees 
------------------------------
gradient0: 67
Number of Clusters after addition by distance: 67
calculating extra bipartitions to be added at level 1 ...
Adding to X using resolutions of greedy consensus ...
Limit for sigma of degrees:300
polytomy size limit : 3
discarded polytomies:  []
Threshold 0.0:
Threshold 0.01:
Threshold 0.02:
Threshold 0.05:
Threshold 0.1:
Threshold 0.2:
Threshold 0.3333333333333333:
max k is :0
Number of Clusters after addition by greedy: 67
gradient0 in heuristiic: 67
calculating all possible bipartitions ...
Number of Clusters After Adding All possible clusters: 1023
partitions formed in 0.527 secs
Dynamic Programming starting after 0.527 secs
Using tree-based weight calculation.
Using polytree-based weight calculation.
Polytree max score: 5152
Polytree building time: 0.02 seconds.
Number of quartet trees in the gene trees: 5152
Size of largest cluster: 10
Greedy score: 5111
estimationFactor: 1.0080219135198591
Sub-optimal score: 5111
Total Number of elements weighted: 1064
Normalized score (portion of input quartet trees satisfied before correcting for multiple individuals): 0.9920419254658385
Optimization score: 5111
Optimal tree inferred in 0.733 secs.
(t9,(t10,(t8,(t6,(t7,(t3,(t5,(t1,(t2,t4)))))))));
Final quartet score is: 5111
Final normalized quartet score is: 0.9920419254658385
Extended species tree:
(t10,((t8,(t6,(t7,(t3,(t5,(t1,(t2,t4)1:3.5710964184575507)1:3.99718081376845)1:3.004031076368686)1:1.756041386625976)1:4.164077900236772)1:1.3862943611198908)1:3.9765615265657206,t9));
Weight calculation took 0.133976246 secs
ASTRAL finished in 0.858 secs
