
================== ASTRAL ===================== 

This is ASTRAL version 5.7.8
Gene trees are treated as unrooted
2813 trees read from quartet_temp.txt
index0
All output trees will be *arbitrarily* rooted at t5

======== Running the main analysis
Number of taxa: 10 (10 species)
Taxa: [t5, t7, t1, t2, t3, t4, t6, t9, t10, t8]
Taxon occupancy: {t4=1111, t5=1139, t6=1199, t10=1002, t7=1226, t8=1189, t9=990, t1=1013, t2=1185, t3=1198}
Number of gene trees: 2813
2813 trees have missing taxa
Calculating quartet distance matrix (for completion of X)
Species tree distances calculated ...
Will attempt to complete bipartitions from X before adding using a distance matrix.
Building set of clusters (X) from gene trees 
------------------------------
gradient0: 83
Number of Clusters after addition by distance: 83
calculating extra bipartitions to be added at level 1 ...
Adding to X using resolutions of greedy consensus ...
Limit for sigma of degrees:300
polytomy size limit : 3
discarded polytomies:  []
Threshold 0.0:
Threshold 0.01:
Threshold 0.02:
Threshold 0.05:
Threshold 0.1:
Threshold 0.2:
Threshold 0.3333333333333333:
max k is :0
Number of Clusters after addition by greedy: 83
gradient0 in heuristiic: 83
calculating all possible bipartitions ...
Number of Clusters After Adding All possible clusters: 1023
partitions formed in 0.229 secs
Dynamic Programming starting after 0.229 secs
Using tree-based weight calculation.
Using polytree-based weight calculation.
Polytree max score: 2813
Polytree building time: 0.013 seconds.
Number of quartet trees in the gene trees: 2813
Size of largest cluster: 10
Greedy score: 2758
estimationFactor: 1.0199419869470632
Sub-optimal score: 2758
Total Number of elements weighted: 1213
Normalized score (portion of input quartet trees satisfied before correcting for multiple individuals): 0.9804479203697121
Optimization score: 2758
Optimal tree inferred in 0.38 secs.
(t7,(t8,(t5,(t2,((t3,t4),(t10,(t9,(t1,t6))))))));
Final quartet score is: 2758
Final normalized quartet score is: 0.9804479203697121
You may want to ignore posterior probabilities and other statistics related to the following branch branch because the effective number of genes impacting it is only 17:
	{t1, t6}
You may want to ignore posterior probabilities and other statistics related to the following branch branch because the effective number of genes impacting it is only 12:
	{t7, t8}
Extended species tree:
(t5,((t2,((t3,t4)1:3.721669276936928,(t10,(t9,(t1,t6)1:0.8754687373538999)1:1.373390956283983)1:3.710858360832714)1:2.8083981749364932)1:3.3843902633457734,(t8,t7)1:1.466337068793427));
Weight calculation took 0.098539663 secs
ASTRAL finished in 0.483 secs
