
================== ASTRAL ===================== 

This is ASTRAL version 5.7.8
Gene trees are treated as unrooted
3070 trees read from quartet_temp.txt
index0
All output trees will be *arbitrarily* rooted at t10

======== Running the main analysis
Number of taxa: 10 (10 species)
Taxa: [t10, t6, t3, t4, t5, t7, t9, t1, t2, t8]
Taxon occupancy: {t4=1286, t5=1311, t10=1660, t6=1749, t7=963, t8=931, t9=990, t1=1122, t2=1042, t3=1226}
Number of gene trees: 3070
3070 trees have missing taxa
Calculating quartet distance matrix (for completion of X)
Species tree distances calculated ...
Will attempt to complete bipartitions from X before adding using a distance matrix.
Building set of clusters (X) from gene trees 
------------------------------
gradient0: 101
Number of Clusters after addition by distance: 101
calculating extra bipartitions to be added at level 1 ...
Adding to X using resolutions of greedy consensus ...
Limit for sigma of degrees:300
polytomy size limit : 3
discarded polytomies:  []
Threshold 0.0:
Threshold 0.01:
Threshold 0.02:
Threshold 0.05:
Threshold 0.1:
Threshold 0.2:
Threshold 0.3333333333333333:
max k is :0
Number of Clusters after addition by greedy: 101
gradient0 in heuristiic: 101
calculating all possible bipartitions ...
Number of Clusters After Adding All possible clusters: 1023
partitions formed in 0.288 secs
Dynamic Programming starting after 0.288 secs
Using tree-based weight calculation.
Using polytree-based weight calculation.
Polytree max score: 3070
Polytree building time: 0.014 seconds.
Number of quartet trees in the gene trees: 3070
Size of largest cluster: 10
Greedy score: 2949
estimationFactor: 1.0410308579179384
Sub-optimal score: 2949
Total Number of elements weighted: 1229
Normalized score (portion of input quartet trees satisfied before correcting for multiple individuals): 0.960586319218241
Optimization score: 2949
Optimal tree inferred in 0.43 secs.
(t6,(t10,(t1,((t5,(t3,t4)),(t9,(t8,(t7,t2)))))));
Final quartet score is: 2949
Final normalized quartet score is: 0.960586319218241
Extended species tree:
(t10,((t1,((t5,(t3,t4)1:1.964778633359696)1:2.0921805674572655,(t9,(t8,(t7,t2)1:0.9808292530117262)0.76:0.18924199963852842)1:0.6545323444321656)1:4.414816457496873)1:2.9957322735539913,t6));
Weight calculation took 0.090701625 secs
ASTRAL finished in 0.532 secs
