
================== ASTRAL ===================== 

This is ASTRAL version 5.7.8
Gene trees are treated as unrooted
3940 trees read from quartet_temp.txt
index0
All output trees will be *arbitrarily* rooted at t3

======== Running the main analysis
Number of taxa: 10 (10 species)
Taxa: [t3, t4, t2, t6, t8, t10, t7, t1, t5, t9]
Taxon occupancy: {t4=1633, t5=1576, t6=1399, t10=1681, t7=1391, t8=1493, t9=1615, t1=1954, t2=1976, t3=1042}
Number of gene trees: 3940
3940 trees have missing taxa
Calculating quartet distance matrix (for completion of X)
Species tree distances calculated ...
Will attempt to complete bipartitions from X before adding using a distance matrix.
Building set of clusters (X) from gene trees 
------------------------------
gradient0: 65
Number of Clusters after addition by distance: 65
calculating extra bipartitions to be added at level 1 ...
Adding to X using resolutions of greedy consensus ...
Limit for sigma of degrees:300
polytomy size limit : 3
discarded polytomies:  []
Threshold 0.0:
Threshold 0.01:
Threshold 0.02:
Threshold 0.05:
Threshold 0.1:
Threshold 0.2:
Threshold 0.3333333333333333:
max k is :0
Number of Clusters after addition by greedy: 65
gradient0 in heuristiic: 65
calculating all possible bipartitions ...
Number of Clusters After Adding All possible clusters: 1023
partitions formed in 0.352 secs
Dynamic Programming starting after 0.352 secs
Using tree-based weight calculation.
Using polytree-based weight calculation.
Polytree max score: 3940
Polytree building time: 0.02 seconds.
Number of quartet trees in the gene trees: 3940
Size of largest cluster: 10
Greedy score: 3897
estimationFactor: 1.0110341288170388
Sub-optimal score: 3897
Total Number of elements weighted: 964
Normalized score (portion of input quartet trees satisfied before correcting for multiple individuals): 0.9890862944162436
Optimization score: 3897
Optimal tree inferred in 0.494 secs.
(t4,(t7,((t8,(t10,t9)),(t3,((t1,t5),(t2,t6))))));
Final quartet score is: 3897
Final normalized quartet score is: 0.9890862944162436
You may want to ignore posterior probabilities and other statistics related to the following branch branch because the effective number of genes impacting it is only 19:
	{t1, t5}
Extended species tree:
(t3,(((t1,t5)1:0.9808292530117262,(t2,t6)1:4.229263880121472)1:2.54770755102703,((t8,(t10,t9)1:2.0368819272610392)1:2.730029107820986,(t7,t4)1:2.1335087629501115)1:3.201584327758138));
Weight calculation took 0.084818909 secs
ASTRAL finished in 0.596 secs
