
================== ASTRAL ===================== 

This is ASTRAL version 5.7.8
Gene trees are treated as unrooted
1995 trees read from quartet_temp.txt
index0
All output trees will be *arbitrarily* rooted at t2

======== Running the main analysis
Number of taxa: 10 (10 species)
Taxa: [t2, t7, t1, t3, t5, t6, t8, t10, t4, t9]
Taxon occupancy: {t4=710, t5=782, t6=882, t10=965, t7=645, t8=503, t9=857, t1=796, t2=900, t3=940}
Number of gene trees: 1995
1995 trees have missing taxa
Calculating quartet distance matrix (for completion of X)
Species tree distances calculated ...
Will attempt to complete bipartitions from X before adding using a distance matrix.
Building set of clusters (X) from gene trees 
------------------------------
gradient0: 81
Number of Clusters after addition by distance: 81
calculating extra bipartitions to be added at level 1 ...
Adding to X using resolutions of greedy consensus ...
Limit for sigma of degrees:300
polytomy size limit : 3
discarded polytomies:  []
Threshold 0.0:
Threshold 0.01:
Threshold 0.02:
Threshold 0.05:
Threshold 0.1:
Threshold 0.2:
Threshold 0.3333333333333333:
max k is :0
Number of Clusters after addition by greedy: 81
gradient0 in heuristiic: 81
calculating all possible bipartitions ...
Number of Clusters After Adding All possible clusters: 1023
partitions formed in 0.201 secs
Dynamic Programming starting after 0.201 secs
Using tree-based weight calculation.
Using polytree-based weight calculation.
Polytree max score: 1995
Polytree building time: 0.011 seconds.
Number of quartet trees in the gene trees: 1995
Size of largest cluster: 10
Greedy score: 1921
estimationFactor: 1.038521603331598
Sub-optimal score: 1921
Total Number of elements weighted: 957
Normalized score (portion of input quartet trees satisfied before correcting for multiple individuals): 0.962907268170426
Optimization score: 1921
Optimal tree inferred in 0.326 secs.
(t7,(t5,((t4,(t2,t3)),((t6,t10),(t8,(t1,t9))))));
Final quartet score is: 1921
Final normalized quartet score is: 0.962907268170426
You may want to ignore posterior probabilities and other statistics related to the following branch branch because the effective number of genes impacting it is only 14:
	{t7, t1, t5, t6, t8, t10, t4, t9}
Extended species tree:
(t2,(t3,(t4,(((t6,t10)1:4.406719247264248,(t8,(t1,t9)1:2.75153531304195)1:1.072636802264849)1:2.216971340271054,(t5,t7)1:2.5598079579611173)1:1.2721810543524696)1:1.6094379124341005));
Weight calculation took 0.077789883 secs
ASTRAL finished in 0.405 secs
