
================== ASTRAL ===================== 

This is ASTRAL version 5.7.8
Gene trees are treated as unrooted
2122 trees read from quartet_temp.txt
index0
All output trees will be *arbitrarily* rooted at t10

======== Running the main analysis
Number of taxa: 10 (10 species)
Taxa: [t10, t4, t1, t2, t3, t8, t9, t5, t6, t7]
Taxon occupancy: {t4=1097, t5=830, t10=1161, t6=725, t7=611, t8=810, t9=760, t1=794, t2=700, t3=1000}
Number of gene trees: 2122
2122 trees have missing taxa
Calculating quartet distance matrix (for completion of X)
Species tree distances calculated ...
Will attempt to complete bipartitions from X before adding using a distance matrix.
Building set of clusters (X) from gene trees 
------------------------------
gradient0: 41
Number of Clusters after addition by distance: 41
calculating extra bipartitions to be added at level 1 ...
Adding to X using resolutions of greedy consensus ...
Limit for sigma of degrees:300
polytomy size limit : 3
discarded polytomies:  []
Threshold 0.0:
Threshold 0.01:
Threshold 0.02:
Threshold 0.05:
Threshold 0.1:
Threshold 0.2:
Threshold 0.3333333333333333:
max k is :0
Number of Clusters after addition by greedy: 41
gradient0 in heuristiic: 41
calculating all possible bipartitions ...
Number of Clusters After Adding All possible clusters: 1023
partitions formed in 0.159 secs
Dynamic Programming starting after 0.159 secs
Using tree-based weight calculation.
Using polytree-based weight calculation.
Polytree max score: 2122
Polytree building time: 0.017 seconds.
Number of quartet trees in the gene trees: 2122
Size of largest cluster: 10
Greedy score: 2118
estimationFactor: 1.0018885741265344
Sub-optimal score: 2118
Total Number of elements weighted: 965
Normalized score (portion of input quartet trees satisfied before correcting for multiple individuals): 0.998114985862394
Optimization score: 2118
Optimal tree inferred in 0.268 secs.
(t4,(t10,((t7,(t9,t6)),(t1,(t2,(t8,(t3,t5)))))));
Final quartet score is: 2118
Final normalized quartet score is: 0.998114985862394
You may want to ignore posterior probabilities and other statistics related to the following branch branch because the effective number of genes impacting it is only 9:
	{t9, t6}
Extended species tree:
(t10,(((t7,(t9,t6)0.67:0.2876820724517809)1:3.7534179752515073,(t1,(t2,(t8,(t3,t5)1:2.772588722239782)1:4.001254139156088)1:3.0602707946915624)1:4.3040650932041675)1:5.045573345457542,t4));
Weight calculation took 0.057104539 secs
ASTRAL finished in 0.348 secs
