
================== ASTRAL ===================== 

This is ASTRAL version 5.7.8
Gene trees are treated as unrooted
4277 trees read from quartet_temp.txt
index0
All output trees will be *arbitrarily* rooted at t5

======== Running the main analysis
Number of taxa: 10 (10 species)
Taxa: [t5, t7, t1, t2, t3, t4, t6, t10, t9, t8]
Taxon occupancy: {t4=1590, t5=1976, t6=2099, t10=2258, t7=1608, t8=1407, t9=1634, t1=1544, t2=1496, t3=1496}
Number of gene trees: 4277
4277 trees have missing taxa
Calculating quartet distance matrix (for completion of X)
Species tree distances calculated ...
Will attempt to complete bipartitions from X before adding using a distance matrix.
Building set of clusters (X) from gene trees 
------------------------------
gradient0: 53
Number of Clusters after addition by distance: 53
calculating extra bipartitions to be added at level 1 ...
Adding to X using resolutions of greedy consensus ...
Limit for sigma of degrees:300
polytomy size limit : 3
discarded polytomies:  []
Threshold 0.0:
Threshold 0.01:
Threshold 0.02:
Threshold 0.05:
Threshold 0.1:
Threshold 0.2:
Threshold 0.3333333333333333:
max k is :0
Number of Clusters after addition by greedy: 53
gradient0 in heuristiic: 53
calculating all possible bipartitions ...
Number of Clusters After Adding All possible clusters: 1023
partitions formed in 0.282 secs
Dynamic Programming starting after 0.282 secs
Using tree-based weight calculation.
Using polytree-based weight calculation.
Polytree max score: 4277
Polytree building time: 0.018 seconds.
Number of quartet trees in the gene trees: 4277
Size of largest cluster: 10
Greedy score: 4206
estimationFactor: 1.0168806466951974
Sub-optimal score: 4206
Total Number of elements weighted: 1215
Normalized score (portion of input quartet trees satisfied before correcting for multiple individuals): 0.98339957914426
Optimization score: 4206
Optimal tree inferred in 0.443 secs.
(t7,((t5,t9),(t4,((t2,t3),(t1,(t8,(t6,t10)))))));
Final quartet score is: 4206
Final normalized quartet score is: 0.98339957914426
You may want to ignore posterior probabilities and other statistics related to the following branch branch because the effective number of genes impacting it is only 18:
	{t7, t1, t2, t3, t4, t6, t10, t8}
Extended species tree:
(t5,(t9,((t4,((t2,t3)1:1.8632184332102,(t1,(t8,(t6,t10)1:4.209655408733094)1:3.0757749812275272)1:0.6343066805370119)1:3.7285579379321154)1:2.146580844517464,t7)1:1.8458266904983307));
Weight calculation took 0.099958182 secs
ASTRAL finished in 0.549 secs
