
================== ASTRAL ===================== 

This is ASTRAL version 5.7.8
Gene trees are treated as unrooted
3456 trees read from quartet_temp.txt
index0
All output trees will be *arbitrarily* rooted at t4

======== Running the main analysis
Number of taxa: 10 (10 species)
Taxa: [t4, t5, t1, t2, t3, t10, t6, t7, t8, t9]
Taxon occupancy: {t4=1486, t5=1480, t10=1385, t6=1200, t7=1380, t8=1418, t9=1301, t1=1257, t2=1448, t3=1469}
Number of gene trees: 3456
3456 trees have missing taxa
Calculating quartet distance matrix (for completion of X)
Species tree distances calculated ...
Will attempt to complete bipartitions from X before adding using a distance matrix.
Building set of clusters (X) from gene trees 
------------------------------
gradient0: 69
Number of Clusters after addition by distance: 69
calculating extra bipartitions to be added at level 1 ...
Adding to X using resolutions of greedy consensus ...
Limit for sigma of degrees:300
polytomy size limit : 3
discarded polytomies:  []
Threshold 0.0:
Threshold 0.01:
Threshold 0.02:
Threshold 0.05:
Threshold 0.1:
Threshold 0.2:
Threshold 0.3333333333333333:
max k is :0
Number of Clusters after addition by greedy: 69
gradient0 in heuristiic: 69
calculating all possible bipartitions ...
Number of Clusters After Adding All possible clusters: 1023
partitions formed in 0.362 secs
Dynamic Programming starting after 0.362 secs
Using tree-based weight calculation.
Using polytree-based weight calculation.
Polytree max score: 3456
Polytree building time: 0.018 seconds.
Number of quartet trees in the gene trees: 3456
Size of largest cluster: 10
Greedy score: 3389
estimationFactor: 1.0197698436116849
Sub-optimal score: 3389
Total Number of elements weighted: 1289
Normalized score (portion of input quartet trees satisfied before correcting for multiple individuals): 0.9806134259259259
Optimization score: 3389
Optimal tree inferred in 0.527 secs.
(t5,(t4,(t9,(t8,(t6,(t7,(t1,(t10,(t2,t3)))))))));
Final quartet score is: 3389
Final normalized quartet score is: 0.9806134259259259
Extended species tree:
(t4,((t9,(t8,(t6,(t7,(t1,(t10,(t2,t3)1:2.1439800628174073)1:0.7985076962177715)1:2.3460702049337847)1:2.8083981749364932)1:2.606796467397036)1:2.730029107820986)1:3.784189633918262,t5));
Weight calculation took 0.098129957 secs
ASTRAL finished in 0.645 secs
