
================== ASTRAL ===================== 

This is ASTRAL version 5.7.8
Gene trees are treated as unrooted
3429 trees read from quartet_temp.txt
index0
All output trees will be *arbitrarily* rooted at t5

======== Running the main analysis
Number of taxa: 10 (10 species)
Taxa: [t5, t7, t1, t2, t3, t4, t6, t8, t10, t9]
Taxon occupancy: {t4=1273, t5=1300, t6=1131, t10=1582, t7=1675, t8=1549, t9=851, t1=1313, t2=1520, t3=1522}
Number of gene trees: 3429
3429 trees have missing taxa
Calculating quartet distance matrix (for completion of X)
Species tree distances calculated ...
Will attempt to complete bipartitions from X before adding using a distance matrix.
Building set of clusters (X) from gene trees 
------------------------------
gradient0: 79
Number of Clusters after addition by distance: 79
calculating extra bipartitions to be added at level 1 ...
Adding to X using resolutions of greedy consensus ...
Limit for sigma of degrees:300
polytomy size limit : 3
discarded polytomies:  []
Threshold 0.0:
Threshold 0.01:
Threshold 0.02:
Threshold 0.05:
Threshold 0.1:
Threshold 0.2:
Threshold 0.3333333333333333:
max k is :0
Number of Clusters after addition by greedy: 79
gradient0 in heuristiic: 79
calculating all possible bipartitions ...
Number of Clusters After Adding All possible clusters: 1023
partitions formed in 0.342 secs
Dynamic Programming starting after 0.342 secs
Using tree-based weight calculation.
Using polytree-based weight calculation.
Polytree max score: 3429
Polytree building time: 0.018 seconds.
Number of quartet trees in the gene trees: 3429
Size of largest cluster: 10
Greedy score: 3343
estimationFactor: 1.0257253963505832
Sub-optimal score: 3346
Total Number of elements weighted: 1244
Normalized score (portion of input quartet trees satisfied before correcting for multiple individuals): 0.9760863225430154
Optimization score: 3347
Optimal tree inferred in 0.51 secs.
(t7,((t8,t10),(t5,((t6,t9),((t1,t4),(t2,t3))))));
Final quartet score is: 3347
Final normalized quartet score is: 0.9760863225430154
You may want to ignore posterior probabilities and other statistics related to the following branch branch because the effective number of genes impacting it is only 15:
	{t6, t9}
Extended species tree:
(t5,(((t6,t9)0.69:0.16989903679539747,((t1,t4)1:3.1640675883732072,(t2,t3)1:1.8694684535553712)1:2.257122718917288)1:2.1259615573147284,((t8,t10)0.65:0.2451224580329851,t7)1:4.317488113536316));
Weight calculation took 0.102116052 secs
ASTRAL finished in 0.61 secs
