
================== ASTRAL ===================== 

This is ASTRAL version 5.7.8
Gene trees are treated as unrooted
3125 trees read from quartet_temp.txt
index0
All output trees will be *arbitrarily* rooted at t2

======== Running the main analysis
Number of taxa: 10 (10 species)
Taxa: [t2, t3, t1, t5, t6, t7, t8, t10, t4, t9]
Taxon occupancy: {t4=1067, t5=1533, t6=1459, t10=1096, t7=1144, t8=1551, t9=1145, t1=972, t2=1267, t3=1266}
Number of gene trees: 3125
3125 trees have missing taxa
Calculating quartet distance matrix (for completion of X)
Species tree distances calculated ...
Will attempt to complete bipartitions from X before adding using a distance matrix.
Building set of clusters (X) from gene trees 
------------------------------
gradient0: 79
Number of Clusters after addition by distance: 79
calculating extra bipartitions to be added at level 1 ...
Adding to X using resolutions of greedy consensus ...
Limit for sigma of degrees:300
polytomy size limit : 3
discarded polytomies:  []
Threshold 0.0:
Threshold 0.01:
Threshold 0.02:
Threshold 0.05:
Threshold 0.1:
Threshold 0.2:
Threshold 0.3333333333333333:
max k is :0
Number of Clusters after addition by greedy: 79
gradient0 in heuristiic: 79
calculating all possible bipartitions ...
Number of Clusters After Adding All possible clusters: 1023
partitions formed in 0.286 secs
Dynamic Programming starting after 0.287 secs
Using tree-based weight calculation.
Using polytree-based weight calculation.
Polytree max score: 3125
Polytree building time: 0.027 seconds.
Number of quartet trees in the gene trees: 3125
Size of largest cluster: 10
Greedy score: 3015
estimationFactor: 1.0364842454394694
Sub-optimal score: 3015
Total Number of elements weighted: 1186
Normalized score (portion of input quartet trees satisfied before correcting for multiple individuals): 0.9648
Optimization score: 3015
Optimal tree inferred in 0.467 secs.
(t3,(t2,(t8,((t4,t9),(t7,((t1,t10),(t5,t6)))))));
Final quartet score is: 3015
Final normalized quartet score is: 0.9648
Extended species tree:
(t2,((t8,((t4,t9)1:1.36219680954083,(t7,((t1,t10)1:1.9526898360406917,(t5,t6)1:3.784189633918262)1:1.2302901126433097)1:3.558517636250693)1:1.601405740736836)0.8:0.20763936477824438,t3));
Weight calculation took 0.113521919 secs
ASTRAL finished in 0.565 secs
