
================== ASTRAL ===================== 

This is ASTRAL version 5.7.8
Gene trees are treated as unrooted
3811 trees read from quartet_temp.txt
index0
All output trees will be *arbitrarily* rooted at t4

======== Running the main analysis
Number of taxa: 10 (10 species)
Taxa: [t4, t5, t1, t2, t3, t6, t7, t8, t9, t10]
Taxon occupancy: {t4=1788, t5=1793, t6=1324, t10=1553, t7=1417, t8=1597, t9=1240, t1=1322, t2=1575, t3=1635}
Number of gene trees: 3811
3811 trees have missing taxa
Calculating quartet distance matrix (for completion of X)
Species tree distances calculated ...
Will attempt to complete bipartitions from X before adding using a distance matrix.
Building set of clusters (X) from gene trees 
------------------------------
gradient0: 91
Number of Clusters after addition by distance: 91
calculating extra bipartitions to be added at level 1 ...
Adding to X using resolutions of greedy consensus ...
Limit for sigma of degrees:300
polytomy size limit : 3
discarded polytomies:  []
Threshold 0.0:
Threshold 0.01:
Threshold 0.02:
Threshold 0.05:
Threshold 0.1:
Threshold 0.2:
Threshold 0.3333333333333333:
max k is :0
Number of Clusters after addition by greedy: 91
gradient0 in heuristiic: 91
calculating all possible bipartitions ...
Number of Clusters After Adding All possible clusters: 1023
partitions formed in 0.272 secs
Dynamic Programming starting after 0.272 secs
Using tree-based weight calculation.
Using polytree-based weight calculation.
Polytree max score: 3811
Polytree building time: 0.019 seconds.
Number of quartet trees in the gene trees: 3811
Size of largest cluster: 10
Greedy score: 3760
estimationFactor: 1.013563829787234
Sub-optimal score: 3760
Total Number of elements weighted: 1127
Normalized score (portion of input quartet trees satisfied before correcting for multiple individuals): 0.9866176856468118
Optimization score: 3760
Optimal tree inferred in 0.461 secs.
(t5,(t4,(t9,(t8,(t6,(t7,(t1,(t10,(t2,t3)))))))));
Final quartet score is: 3760
Final normalized quartet score is: 0.9866176856468118
Extended species tree:
(t4,((t9,(t8,(t6,(t7,(t1,(t10,(t2,t3)1:1.524444699600708)1:1.9924301646902058)1:3.1640675883732072)1:3.1668805297498217)1:3.205452804536062)1:1.2039728043259361)1:4.01337549968843,t5));
Weight calculation took 0.125931343 secs
ASTRAL finished in 0.571 secs
