
================== ASTRAL ===================== 

This is ASTRAL version 5.7.8
Gene trees are treated as unrooted
2704 trees read from quartet_temp.txt
index0
All output trees will be *arbitrarily* rooted at t8

======== Running the main analysis
Number of taxa: 10 (10 species)
Taxa: [t8, t9, t3, t4, t5, t10, t1, t2, t6, t7]
Taxon occupancy: {t4=1060, t5=976, t10=945, t6=851, t7=929, t8=1282, t9=1406, t1=1228, t2=1094, t3=1045}
Number of gene trees: 2704
2704 trees have missing taxa
Calculating quartet distance matrix (for completion of X)
Species tree distances calculated ...
Will attempt to complete bipartitions from X before adding using a distance matrix.
Building set of clusters (X) from gene trees 
------------------------------
gradient0: 79
Number of Clusters after addition by distance: 79
calculating extra bipartitions to be added at level 1 ...
Adding to X using resolutions of greedy consensus ...
Limit for sigma of degrees:300
polytomy size limit : 3
discarded polytomies:  []
Threshold 0.0:
Threshold 0.01:
Threshold 0.02:
Threshold 0.05:
Threshold 0.1:
Threshold 0.2:
Threshold 0.3333333333333333:
max k is :0
Number of Clusters after addition by greedy: 79
gradient0 in heuristiic: 79
calculating all possible bipartitions ...
Number of Clusters After Adding All possible clusters: 1023
partitions formed in 0.28 secs
Dynamic Programming starting after 0.28 secs
Using tree-based weight calculation.
Using polytree-based weight calculation.
Polytree max score: 2704
Polytree building time: 0.011 seconds.
Number of quartet trees in the gene trees: 2704
Size of largest cluster: 10
Greedy score: 2573
estimationFactor: 1.0509133307423242
Sub-optimal score: 2609
Total Number of elements weighted: 1216
Normalized score (portion of input quartet trees satisfied before correcting for multiple individuals): 0.9648668639053254
Optimization score: 2609
Optimal tree inferred in 0.412 secs.
(t9,(t8,(t1,((t6,(t2,t7)),(t3,(t5,(t4,t10)))))));
Final quartet score is: 2609
Final normalized quartet score is: 0.9648668639053254
Extended species tree:
(t8,((t1,((t6,(t2,t7)1:1.3694872428035094)1:0.6698903183956781,(t3,(t5,(t4,t10)1:2.772588722239782)0.97:0.31666960932503313)1:3.8985999850960074)1:4.685212893661624)1:4.127134385045093,t9));
Weight calculation took 0.081699833 secs
ASTRAL finished in 0.526 secs
