
================== ASTRAL ===================== 

This is ASTRAL version 5.7.8
Gene trees are treated as unrooted
2033 trees read from quartet_temp.txt
index0
All output trees will be *arbitrarily* rooted at t2

======== Running the main analysis
Number of taxa: 10 (10 species)
Taxa: [t2, t3, t1, t4, t6, t7, t9, t10, t5, t8]
Taxon occupancy: {t4=998, t5=823, t6=905, t10=954, t7=457, t8=689, t9=785, t1=812, t2=745, t3=964}
Number of gene trees: 2033
2033 trees have missing taxa
Calculating quartet distance matrix (for completion of X)
Species tree distances calculated ...
Will attempt to complete bipartitions from X before adding using a distance matrix.
Building set of clusters (X) from gene trees 
------------------------------
gradient0: 75
Number of Clusters after addition by distance: 75
calculating extra bipartitions to be added at level 1 ...
Adding to X using resolutions of greedy consensus ...
Limit for sigma of degrees:300
polytomy size limit : 3
discarded polytomies:  []
Threshold 0.0:
Threshold 0.01:
Threshold 0.02:
Threshold 0.05:
Threshold 0.1:
Threshold 0.2:
Threshold 0.3333333333333333:
max k is :0
Number of Clusters after addition by greedy: 75
gradient0 in heuristiic: 75
calculating all possible bipartitions ...
Number of Clusters After Adding All possible clusters: 1023
partitions formed in 0.175 secs
Dynamic Programming starting after 0.175 secs
Using tree-based weight calculation.
Using polytree-based weight calculation.
Polytree max score: 2033
Polytree building time: 0.01 seconds.
Number of quartet trees in the gene trees: 2033
Size of largest cluster: 10
Greedy score: 1999
estimationFactor: 1.017008504252126
Sub-optimal score: 1999
Total Number of elements weighted: 1056
Normalized score (portion of input quartet trees satisfied before correcting for multiple individuals): 0.9832759468765372
Optimization score: 1999
Optimal tree inferred in 0.3 secs.
(t3,(t5,(t8,(t2,(t1,((t4,t10),(t9,(t6,t7))))))));
Final quartet score is: 1999
Final normalized quartet score is: 0.9832759468765372
You may want to ignore posterior probabilities and other statistics related to the following branch branch because the effective number of genes impacting it is only 15:
	{t6, t7}
Extended species tree:
(t2,((t1,((t4,t10)1:2.890371757896163,(t9,(t6,t7)0.49:0.06453852113757118)1:4.238925791033211)1:4.313033763186934)1:2.606796467397036,(t8,(t5,t3)1:2.106840515867951)1:1.9363406980391626));
Weight calculation took 0.075474909 secs
ASTRAL finished in 0.4 secs
