
================== ASTRAL ===================== 

This is ASTRAL version 5.7.8
Gene trees are treated as unrooted
2812 trees read from quartet_temp.txt
index0
All output trees will be *arbitrarily* rooted at t5

======== Running the main analysis
Number of taxa: 10 (10 species)
Taxa: [t5, t7, t1, t2, t3, t4, t6, t9, t10, t8]
Taxon occupancy: {t4=1021, t5=1167, t6=1191, t10=946, t7=1284, t8=1376, t9=1042, t1=951, t2=1134, t3=1136}
Number of gene trees: 2812
2812 trees have missing taxa
Calculating quartet distance matrix (for completion of X)
Species tree distances calculated ...
Will attempt to complete bipartitions from X before adding using a distance matrix.
Building set of clusters (X) from gene trees 
------------------------------
gradient0: 57
Number of Clusters after addition by distance: 57
calculating extra bipartitions to be added at level 1 ...
Adding to X using resolutions of greedy consensus ...
Limit for sigma of degrees:300
polytomy size limit : 3
discarded polytomies:  []
Threshold 0.0:
Threshold 0.01:
Threshold 0.02:
Threshold 0.05:
Threshold 0.1:
Threshold 0.2:
Threshold 0.3333333333333333:
max k is :0
Number of Clusters after addition by greedy: 57
gradient0 in heuristiic: 57
calculating all possible bipartitions ...
Number of Clusters After Adding All possible clusters: 1023
partitions formed in 0.243 secs
Dynamic Programming starting after 0.243 secs
Using tree-based weight calculation.
Using polytree-based weight calculation.
Polytree max score: 2812
Polytree building time: 0.016 seconds.
Number of quartet trees in the gene trees: 2812
Size of largest cluster: 10
Greedy score: 2785
estimationFactor: 1.0096947935368044
Sub-optimal score: 2785
Total Number of elements weighted: 1051
Normalized score (portion of input quartet trees satisfied before correcting for multiple individuals): 0.9903982930298719
Optimization score: 2785
Optimal tree inferred in 0.394 secs.
(t7,(t8,(t5,(t2,((t3,t4),(t10,(t9,(t1,t6))))))));
Final quartet score is: 2785
Final normalized quartet score is: 0.9903982930298719
You may want to ignore posterior probabilities and other statistics related to the following branch branch because the effective number of genes impacting it is only 12:
	{t1, t6}
Extended species tree:
(t5,((t2,((t3,t4)1:3.721669276936928,(t10,(t9,(t1,t6)1:1.466337068793427)1:2.2512917986064953)1:2.7538965892276277)1:2.5032557884561966)1:3.332204510175203,(t8,t7)1:3.120895416507997));
Weight calculation took 0.095821551 secs
ASTRAL finished in 0.487 secs
