
================== ASTRAL ===================== 

This is ASTRAL version 5.7.8
Gene trees are treated as unrooted
3101 trees read from quartet_temp.txt
index0
All output trees will be *arbitrarily* rooted at t2

======== Running the main analysis
Number of taxa: 10 (10 species)
Taxa: [t2, t5, t1, t7, t10, t6, t8, t9, t3, t4]
Taxon occupancy: {t4=1481, t5=1524, t10=1131, t6=1523, t7=1246, t8=1077, t9=899, t1=1001, t2=1086, t3=1436}
Number of gene trees: 3101
3101 trees have missing taxa
Calculating quartet distance matrix (for completion of X)
Species tree distances calculated ...
Will attempt to complete bipartitions from X before adding using a distance matrix.
Building set of clusters (X) from gene trees 
------------------------------
gradient0: 63
Number of Clusters after addition by distance: 63
calculating extra bipartitions to be added at level 1 ...
Adding to X using resolutions of greedy consensus ...
Limit for sigma of degrees:300
polytomy size limit : 3
discarded polytomies:  []
Threshold 0.0:
Threshold 0.01:
Threshold 0.02:
Threshold 0.05:
Threshold 0.1:
Threshold 0.2:
Threshold 0.3333333333333333:
max k is :0
Number of Clusters after addition by greedy: 63
gradient0 in heuristiic: 63
calculating all possible bipartitions ...
Number of Clusters After Adding All possible clusters: 1023
partitions formed in 0.194 secs
Dynamic Programming starting after 0.194 secs
Using tree-based weight calculation.
Using polytree-based weight calculation.
Polytree max score: 3101
Polytree building time: 0.016 seconds.
Number of quartet trees in the gene trees: 3101
Size of largest cluster: 10
Greedy score: 3043
estimationFactor: 1.019060138021689
Sub-optimal score: 3043
Total Number of elements weighted: 1119
Normalized score (portion of input quartet trees satisfied before correcting for multiple individuals): 0.981296356014189
Optimization score: 3043
Optimal tree inferred in 0.324 secs.
(t5,(t6,((t3,t4),((t8,t9),(t1,(t2,(t7,t10)))))));
Final quartet score is: 3043
Final normalized quartet score is: 0.981296356014189
Extended species tree:
(t2,((t7,t10)1:0.5753641449035618,(t1,((t8,t9)1:3.444682493601893,((t3,t4)1:0.7537718023763802,(t6,t5)1:1.6458055566049752)1:6.060679616129466)1:2.0512706647131393)0.9:0.2876820724517809));
Weight calculation took 0.081219744 secs
ASTRAL finished in 0.42 secs
