
================== ASTRAL ===================== 

This is ASTRAL version 5.7.8
Gene trees are treated as unrooted
2547 trees read from quartet_temp.txt
index0
All output trees will be *arbitrarily* rooted at t5

======== Running the main analysis
Number of taxa: 10 (10 species)
Taxa: [t5, t6, t3, t4, t8, t9, t7, t2, t1, t10]
Taxon occupancy: {t4=886, t5=1373, t6=1284, t10=785, t7=827, t8=1243, t9=950, t1=857, t2=900, t3=1083}
Number of gene trees: 2547
2547 trees have missing taxa
Calculating quartet distance matrix (for completion of X)
Species tree distances calculated ...
Will attempt to complete bipartitions from X before adding using a distance matrix.
Building set of clusters (X) from gene trees 
------------------------------
gradient0: 79
Number of Clusters after addition by distance: 79
calculating extra bipartitions to be added at level 1 ...
Adding to X using resolutions of greedy consensus ...
Limit for sigma of degrees:300
polytomy size limit : 3
discarded polytomies:  []
Threshold 0.0:
Threshold 0.01:
Threshold 0.02:
Threshold 0.05:
Threshold 0.1:
Threshold 0.2:
Threshold 0.3333333333333333:
max k is :0
Number of Clusters after addition by greedy: 79
gradient0 in heuristiic: 79
calculating all possible bipartitions ...
Number of Clusters After Adding All possible clusters: 1023
partitions formed in 0.158 secs
Dynamic Programming starting after 0.158 secs
Using tree-based weight calculation.
Using polytree-based weight calculation.
Polytree max score: 2547
Polytree building time: 0.011 seconds.
Number of quartet trees in the gene trees: 2547
Size of largest cluster: 10
Greedy score: 2487
estimationFactor: 1.0241254523522316
Sub-optimal score: 2487
Total Number of elements weighted: 995
Normalized score (portion of input quartet trees satisfied before correcting for multiple individuals): 0.9764428739693758
Optimization score: 2487
Optimal tree inferred in 0.263 secs.
(t6,(t5,((t1,t10),(t7,((t4,t9),(t2,(t3,t8)))))));
Final quartet score is: 2487
Final normalized quartet score is: 0.9764428739693758
Extended species tree:
(t5,(((t1,t10)1:2.0794415416798353,(t7,((t4,t9)1:2.007468042054746,(t2,(t3,t8)0.95:0.38299225225610567)1:2.9195709125884273)1:2.2454266791540975)1:1.9661128563728323)1:3.5263605246161593,t6));
Weight calculation took 0.05617659 secs
ASTRAL finished in 0.34 secs
