
================== ASTRAL ===================== 

This is ASTRAL version 5.7.8
Gene trees are treated as unrooted
1909 trees read from quartet_temp.txt
index0
All output trees will be *arbitrarily* rooted at t4

======== Running the main analysis
Number of taxa: 10 (10 species)
Taxa: [t4, t8, t1, t6, t7, t9, t2, t5, t10, t3]
Taxon occupancy: {t4=923, t5=839, t6=685, t10=591, t7=828, t8=1005, t9=674, t1=800, t2=632, t3=659}
Number of gene trees: 1909
1909 trees have missing taxa
Calculating quartet distance matrix (for completion of X)
Species tree distances calculated ...
Will attempt to complete bipartitions from X before adding using a distance matrix.
Building set of clusters (X) from gene trees 
------------------------------
gradient0: 101
Number of Clusters after addition by distance: 101
calculating extra bipartitions to be added at level 1 ...
Adding to X using resolutions of greedy consensus ...
Limit for sigma of degrees:300
polytomy size limit : 3
discarded polytomies:  []
Threshold 0.0:
Threshold 0.01:
Threshold 0.02:
Threshold 0.05:
Threshold 0.1:
Threshold 0.2:
Threshold 0.3333333333333333:
max k is :0
Number of Clusters after addition by greedy: 101
gradient0 in heuristiic: 101
calculating all possible bipartitions ...
Number of Clusters After Adding All possible clusters: 1023
partitions formed in 0.152 secs
Dynamic Programming starting after 0.152 secs
Using tree-based weight calculation.
Using polytree-based weight calculation.
Polytree max score: 1909
Polytree building time: 0.01 seconds.
Number of quartet trees in the gene trees: 1909
Size of largest cluster: 10
Greedy score: 1776
estimationFactor: 1.0748873873873874
Sub-optimal score: 1776
Total Number of elements weighted: 1169
Normalized score (portion of input quartet trees satisfied before correcting for multiple individuals): 0.930330015715034
Optimization score: 1776
Optimal tree inferred in 0.257 secs.
(t8,(t4,(t10,((t9,t3),(t6,((t2,t5),(t1,t7)))))));
Final quartet score is: 1776
Final normalized quartet score is: 0.930330015715034
Extended species tree:
(t4,((t10,((t9,t3)1:2.7408400239252018,(t6,((t2,t5)1:1.128465251817791,(t1,t7)1:2.670309873119364)1:1.8230120127321598)1:0.3732042458899431)1:0.6931471805599453)1:3.1354942159291492,t8));
Weight calculation took 0.06144834 secs
ASTRAL finished in 0.334 secs
