
================== ASTRAL ===================== 

This is ASTRAL version 5.7.8
Gene trees are treated as unrooted
3640 trees read from quartet_temp.txt
index0
All output trees will be *arbitrarily* rooted at t2

======== Running the main analysis
Number of taxa: 10 (10 species)
Taxa: [t2, t3, t1, t5, t6, t7, t8, t10, t4, t9]
Taxon occupancy: {t4=1423, t5=1694, t6=1626, t10=1330, t7=1314, t8=1700, t9=1371, t1=1315, t2=1383, t3=1404}
Number of gene trees: 3640
3640 trees have missing taxa
Calculating quartet distance matrix (for completion of X)
Species tree distances calculated ...
Will attempt to complete bipartitions from X before adding using a distance matrix.
Building set of clusters (X) from gene trees 
------------------------------
gradient0: 59
Number of Clusters after addition by distance: 59
calculating extra bipartitions to be added at level 1 ...
Adding to X using resolutions of greedy consensus ...
Limit for sigma of degrees:300
polytomy size limit : 3
discarded polytomies:  []
Threshold 0.0:
Threshold 0.01:
Threshold 0.02:
Threshold 0.05:
Threshold 0.1:
Threshold 0.2:
Threshold 0.3333333333333333:
max k is :0
Number of Clusters after addition by greedy: 59
gradient0 in heuristiic: 59
calculating all possible bipartitions ...
Number of Clusters After Adding All possible clusters: 1023
partitions formed in 0.2 secs
Dynamic Programming starting after 0.2 secs
Using tree-based weight calculation.
Using polytree-based weight calculation.
Polytree max score: 3640
Polytree building time: 0.019 seconds.
Number of quartet trees in the gene trees: 3640
Size of largest cluster: 10
Greedy score: 3588
estimationFactor: 1.0144927536231885
Sub-optimal score: 3588
Total Number of elements weighted: 1186
Normalized score (portion of input quartet trees satisfied before correcting for multiple individuals): 0.9857142857142858
Optimization score: 3588
Optimal tree inferred in 0.345 secs.
(t3,(t2,(t8,((t4,t9),(t7,((t1,t10),(t5,t6)))))));
Final quartet score is: 3588
Final normalized quartet score is: 0.9857142857142858
Extended species tree:
(t2,((t8,((t4,t9)1:4.499809670330263,(t7,((t1,t10)1:4.624972813284274,(t5,t6)1:3.5835189384561117)1:3.486355190002461)1:2.6886030661666895)1:2.0904913778664205)0.51:0.07410797215372185,t3));
Weight calculation took 0.087243412 secs
ASTRAL finished in 0.439 secs
