
================== ASTRAL ===================== 

This is ASTRAL version 5.7.8
Gene trees are treated as unrooted
4731 trees read from quartet_temp.txt
index0
All output trees will be *arbitrarily* rooted at t2

======== Running the main analysis
Number of taxa: 10 (10 species)
Taxa: [t2, t4, t1, t3, t9, t10, t5, t6, t7, t8]
Taxon occupancy: {t4=1592, t5=1523, t10=2341, t6=1621, t7=1762, t8=1752, t9=2004, t1=2037, t2=1858, t3=2434}
Number of gene trees: 4731
4731 trees have missing taxa
Calculating quartet distance matrix (for completion of X)
Species tree distances calculated ...
Will attempt to complete bipartitions from X before adding using a distance matrix.
Building set of clusters (X) from gene trees 
------------------------------
gradient0: 107
Number of Clusters after addition by distance: 107
calculating extra bipartitions to be added at level 1 ...
Adding to X using resolutions of greedy consensus ...
Limit for sigma of degrees:300
polytomy size limit : 3
discarded polytomies:  []
Threshold 0.0:
Threshold 0.01:
Threshold 0.02:
Threshold 0.05:
Threshold 0.1:
Threshold 0.2:
Threshold 0.3333333333333333:
max k is :0
Number of Clusters after addition by greedy: 107
gradient0 in heuristiic: 107
calculating all possible bipartitions ...
Number of Clusters After Adding All possible clusters: 1023
partitions formed in 0.241 secs
Dynamic Programming starting after 0.241 secs
Using tree-based weight calculation.
Using polytree-based weight calculation.
Polytree max score: 4731
Polytree building time: 0.024 seconds.
Number of quartet trees in the gene trees: 4731
Size of largest cluster: 10
Greedy score: 4629
estimationFactor: 1.0220349967595592
Sub-optimal score: 4636
Total Number of elements weighted: 1505
Normalized score (portion of input quartet trees satisfied before correcting for multiple individuals): 0.9799196787148594
Optimization score: 4636
Optimal tree inferred in 0.416 secs.
(t4,((t5,t6),(t2,((t7,t8),(t1,(t3,(t9,t10)))))));
Final quartet score is: 4636
Final normalized quartet score is: 0.9799196787148594
Extended species tree:
(t2,(((t7,t8)1:2.6390573296152575,(t1,(t3,(t9,t10)1:2.407945608651871)1:3.7162784283020542)1:4.783781163385517)1:1.602002933946582,((t5,t6)0.96:0.3746934494414107,t4)1:0.4620354595965585));
Weight calculation took 0.110427432 secs
ASTRAL finished in 0.511 secs
