
================== ASTRAL ===================== 

This is ASTRAL version 5.7.8
Gene trees are treated as unrooted
4976 trees read from quartet_temp.txt
index0
All output trees will be *arbitrarily* rooted at t3

======== Running the main analysis
Number of taxa: 10 (10 species)
Taxa: [t3, t4, t2, t5, t6, t7, t8, t9, t10, t1]
Taxon occupancy: {t4=2812, t5=2504, t6=1824, t10=1887, t7=1903, t8=1965, t9=1606, t1=1191, t2=1338, t3=2874}
Number of gene trees: 4976
4976 trees have missing taxa
Calculating quartet distance matrix (for completion of X)
Species tree distances calculated ...
Will attempt to complete bipartitions from X before adding using a distance matrix.
Building set of clusters (X) from gene trees 
------------------------------
gradient0: 121
Number of Clusters after addition by distance: 121
calculating extra bipartitions to be added at level 1 ...
Adding to X using resolutions of greedy consensus ...
Limit for sigma of degrees:300
polytomy size limit : 3
discarded polytomies:  []
Threshold 0.0:
Threshold 0.01:
Threshold 0.02:
Threshold 0.05:
Threshold 0.1:
Threshold 0.2:
Threshold 0.3333333333333333:
max k is :0
Number of Clusters after addition by greedy: 121
gradient0 in heuristiic: 121
calculating all possible bipartitions ...
Number of Clusters After Adding All possible clusters: 1023
partitions formed in 0.246 secs
Dynamic Programming starting after 0.246 secs
Using tree-based weight calculation.
Using polytree-based weight calculation.
Polytree max score: 4976
Polytree building time: 0.025 seconds.
Number of quartet trees in the gene trees: 4976
Size of largest cluster: 10
Greedy score: 4751
estimationFactor: 1.047358450852452
Sub-optimal score: 4772
Total Number of elements weighted: 1298
Normalized score (portion of input quartet trees satisfied before correcting for multiple individuals): 0.9590032154340836
Optimization score: 4772
Optimal tree inferred in 0.41 secs.
(t4,(t3,(t5,(t1,((t6,t9),((t8,t10),(t2,t7)))))));
Final quartet score is: 4772
Final normalized quartet score is: 0.9590032154340836
Extended species tree:
(t3,((t5,(t1,((t6,t9)1:0.4495250979021948,((t8,t10)1:1.7965787556640034,(t2,t7)1:2.100060828882572)1:0.9742285689803744)1:1.2039728043259361)1:2.6988577529180464)1:3.9765615265657206,t4));
Weight calculation took 0.10130543 secs
ASTRAL finished in 0.506 secs
