
================== ASTRAL ===================== 

This is ASTRAL version 5.7.8
Gene trees are treated as unrooted
3155 trees read from quartet_temp.txt
index0
All output trees will be *arbitrarily* rooted at t5

======== Running the main analysis
Number of taxa: 10 (10 species)
Taxa: [t5, t6, t2, t3, t4, t7, t8, t9, t10, t1]
Taxon occupancy: {t4=1337, t5=1067, t6=1201, t10=1109, t7=1203, t8=1416, t9=1563, t1=1009, t2=1501, t3=1214}
Number of gene trees: 3155
3155 trees have missing taxa
Calculating quartet distance matrix (for completion of X)
Species tree distances calculated ...
Will attempt to complete bipartitions from X before adding using a distance matrix.
Building set of clusters (X) from gene trees 
------------------------------
gradient0: 111
Number of Clusters after addition by distance: 111
calculating extra bipartitions to be added at level 1 ...
Adding to X using resolutions of greedy consensus ...
Limit for sigma of degrees:300
polytomy size limit : 3
discarded polytomies:  []
Threshold 0.0:
Threshold 0.01:
Threshold 0.02:
Threshold 0.05:
Threshold 0.1:
Threshold 0.2:
Threshold 0.3333333333333333:
max k is :0
Number of Clusters after addition by greedy: 111
gradient0 in heuristiic: 111
calculating all possible bipartitions ...
Number of Clusters After Adding All possible clusters: 1023
partitions formed in 0.28 secs
Dynamic Programming starting after 0.28 secs
Using tree-based weight calculation.
Using polytree-based weight calculation.
Polytree max score: 3155
Polytree building time: 0.014 seconds.
Number of quartet trees in the gene trees: 3155
Size of largest cluster: 10
Greedy score: 2968
estimationFactor: 1.0630053908355794
Sub-optimal score: 2968
Total Number of elements weighted: 1785
Normalized score (portion of input quartet trees satisfied before correcting for multiple individuals): 0.940729001584786
Optimization score: 2968
Optimal tree inferred in 0.433 secs.
(t6,((t7,(t1,(t8,t10))),(t4,((t2,t9),(t5,t3)))));
Final quartet score is: 2968
Final normalized quartet score is: 0.940729001584786
Extended species tree:
(t5,(t3,((t2,t9)1:3.925268232178164,(t4,((t7,(t1,(t8,t10)0.97:0.34830669426821587)1:1.0414538748281608)1:1.5639755383573428,t6)1:2.9957322735539913)1:0.6286086594223743)0.64:0.11778303565638351));
Weight calculation took 0.09794537 secs
ASTRAL finished in 0.519 secs
