
================== ASTRAL ===================== 

This is ASTRAL version 5.7.8
Gene trees are treated as unrooted
4987 trees read from quartet_temp.txt
index0
All output trees will be *arbitrarily* rooted at t2

======== Running the main analysis
Number of taxa: 10 (10 species)
Taxa: [t2, t3, t1, t9, t10, t4, t5, t6, t7, t8]
Taxon occupancy: {t4=2514, t5=2206, t10=2017, t6=1789, t7=1694, t8=1605, t9=2039, t1=1733, t2=2303, t3=2048}
Number of gene trees: 4987
4987 trees have missing taxa
Calculating quartet distance matrix (for completion of X)
Species tree distances calculated ...
Will attempt to complete bipartitions from X before adding using a distance matrix.
Building set of clusters (X) from gene trees 
------------------------------
gradient0: 83
Number of Clusters after addition by distance: 83
calculating extra bipartitions to be added at level 1 ...
Adding to X using resolutions of greedy consensus ...
Limit for sigma of degrees:300
polytomy size limit : 3
discarded polytomies:  []
Threshold 0.0:
Threshold 0.01:
Threshold 0.02:
Threshold 0.05:
Threshold 0.1:
Threshold 0.2:
Threshold 0.3333333333333333:
max k is :0
Number of Clusters after addition by greedy: 83
gradient0 in heuristiic: 83
calculating all possible bipartitions ...
Number of Clusters After Adding All possible clusters: 1023
partitions formed in 0.402 secs
Dynamic Programming starting after 0.402 secs
Using tree-based weight calculation.
Using polytree-based weight calculation.
Polytree max score: 4987
Polytree building time: 0.017 seconds.
Number of quartet trees in the gene trees: 4987
Size of largest cluster: 10
Greedy score: 4867
estimationFactor: 1.024655845490035
Sub-optimal score: 4867
Total Number of elements weighted: 1078
Normalized score (portion of input quartet trees satisfied before correcting for multiple individuals): 0.9773410868257469
Optimization score: 4874
Optimal tree inferred in 0.54 secs.
(t3,(t2,((t4,t5),(t1,((t9,t10),(t6,(t7,t8)))))));
Final quartet score is: 4874
Final normalized quartet score is: 0.9773410868257469
You may want to ignore posterior probabilities and other statistics related to the following branch branch because the effective number of genes impacting it is only 19:
	{t7, t8}
Extended species tree:
(t2,(((t4,t5)1:3.4998689091691864,(t1,((t9,t10)0.96:0.2876820724517809,(t6,(t7,t8)0.46:0.1053605156578264)1:0.7305347126315658)1:4.757414287544761)1:3.335600099176344)1:1.3603188747166302,t3));
Weight calculation took 0.08487487 secs
ASTRAL finished in 0.653 secs
