
================== ASTRAL ===================== 

This is ASTRAL version 5.7.8
Gene trees are treated as unrooted
4034 trees read from quartet_temp.txt
index0
All output trees will be *arbitrarily* rooted at t2

======== Running the main analysis
Number of taxa: 10 (10 species)
Taxa: [t2, t3, t1, t4, t5, t6, t7, t9, t10, t8]
Taxon occupancy: {t4=1074, t5=1557, t6=1494, t10=1703, t7=1249, t8=1971, t9=1439, t1=1539, t2=1793, t3=2317}
Number of gene trees: 4034
4034 trees have missing taxa
Calculating quartet distance matrix (for completion of X)
Species tree distances calculated ...
Will attempt to complete bipartitions from X before adding using a distance matrix.
Building set of clusters (X) from gene trees 
------------------------------
gradient0: 83
Number of Clusters after addition by distance: 83
calculating extra bipartitions to be added at level 1 ...
Adding to X using resolutions of greedy consensus ...
Limit for sigma of degrees:300
polytomy size limit : 3
discarded polytomies:  []
Threshold 0.0:
Threshold 0.01:
Threshold 0.02:
Threshold 0.05:
Threshold 0.1:
Threshold 0.2:
Threshold 0.3333333333333333:
max k is :0
Number of Clusters after addition by greedy: 83
gradient0 in heuristiic: 83
calculating all possible bipartitions ...
Number of Clusters After Adding All possible clusters: 1023
partitions formed in 0.232 secs
Dynamic Programming starting after 0.232 secs
Using tree-based weight calculation.
Using polytree-based weight calculation.
Polytree max score: 4034
Polytree building time: 0.016 seconds.
Number of quartet trees in the gene trees: 4034
Size of largest cluster: 10
Greedy score: 3920
estimationFactor: 1.0290816326530612
Sub-optimal score: 3934
Total Number of elements weighted: 1228
Normalized score (portion of input quartet trees satisfied before correcting for multiple individuals): 0.9752107089737233
Optimization score: 3934
Optimal tree inferred in 0.39 secs.
(t3,(t8,(t2,(t4,((t1,t10),(t7,(t6,(t5,t9))))))));
Final quartet score is: 3934
Final normalized quartet score is: 0.9752107089737233
Extended species tree:
(t2,((t4,((t1,t10)1:2.8995884130010885,(t7,(t6,(t5,t9)0.72:0.13353139262452274)1:1.5778325730187697)1:0.3184537311185346)1:5.2221560055824785)1:4.248495242049363,(t8,t3)1:2.8429695190015813));
Weight calculation took 0.106906821 secs
ASTRAL finished in 0.481 secs
