
================== ASTRAL ===================== 

This is ASTRAL version 5.7.8
Gene trees are treated as unrooted
3502 trees read from quartet_temp.txt
index0
All output trees will be *arbitrarily* rooted at t2

======== Running the main analysis
Number of taxa: 10 (10 species)
Taxa: [t2, t5, t1, t3, t4, t8, t9, t10, t6, t7]
Taxon occupancy: {t4=1458, t5=1355, t10=1207, t6=1404, t7=1454, t8=1456, t9=1388, t1=1387, t2=1344, t3=1555}
Number of gene trees: 3502
3502 trees have missing taxa
Calculating quartet distance matrix (for completion of X)
Species tree distances calculated ...
Will attempt to complete bipartitions from X before adding using a distance matrix.
Building set of clusters (X) from gene trees 
------------------------------
gradient0: 81
Number of Clusters after addition by distance: 81
calculating extra bipartitions to be added at level 1 ...
Adding to X using resolutions of greedy consensus ...
Limit for sigma of degrees:300
polytomy size limit : 3
discarded polytomies:  []
Threshold 0.0:
Threshold 0.01:
Threshold 0.02:
Threshold 0.05:
Threshold 0.1:
Threshold 0.2:
Threshold 0.3333333333333333:
max k is :0
Number of Clusters after addition by greedy: 81
gradient0 in heuristiic: 81
calculating all possible bipartitions ...
Number of Clusters After Adding All possible clusters: 1023
partitions formed in 0.189 secs
Dynamic Programming starting after 0.189 secs
Using tree-based weight calculation.
Using polytree-based weight calculation.
Polytree max score: 3502
Polytree building time: 0.017 seconds.
Number of quartet trees in the gene trees: 3502
Size of largest cluster: 10
Greedy score: 3434
estimationFactor: 1.0198019801980198
Sub-optimal score: 3434
Total Number of elements weighted: 1215
Normalized score (portion of input quartet trees satisfied before correcting for multiple individuals): 0.9805825242718447
Optimization score: 3434
Optimal tree inferred in 0.317 secs.
(t5,((t8,t7),(t2,((t3,t4),(t10,(t9,(t1,t6)))))));
Final quartet score is: 3434
Final normalized quartet score is: 0.9805825242718447
You may want to ignore posterior probabilities and other statistics related to the following branch branch because the effective number of genes impacting it is only 18:
	{t1, t6}
Extended species tree:
(t2,(((t3,t4)1:1.6341305250244715,(t10,(t9,(t1,t6)1:0.7472144018302211)1:1.1059923959657323)1:3.2121868367174056)1:3.8066624897703183,((t8,t7)1:1.1349799328389845,t5)1:3.168751437685632));
Weight calculation took 0.078107875 secs
ASTRAL finished in 0.404 secs
