
================== ASTRAL ===================== 

This is ASTRAL version 5.7.8
Gene trees are treated as unrooted
5801 trees read from quartet_temp.txt
index0
All output trees will be *arbitrarily* rooted at t4

======== Running the main analysis
Number of taxa: 10 (10 species)
Taxa: [t4, t8, t1, t2, t3, t5, t6, t7, t10, t9]
Taxon occupancy: {t4=2196, t5=2184, t6=2370, t10=2425, t7=2232, t8=1955, t9=2509, t1=1943, t2=2669, t3=2721}
Number of gene trees: 5801
5801 trees have missing taxa
Calculating quartet distance matrix (for completion of X)
Species tree distances calculated ...
Will attempt to complete bipartitions from X before adding using a distance matrix.
Building set of clusters (X) from gene trees 
------------------------------
gradient0: 85
Number of Clusters after addition by distance: 85
calculating extra bipartitions to be added at level 1 ...
Adding to X using resolutions of greedy consensus ...
Limit for sigma of degrees:300
polytomy size limit : 3
discarded polytomies:  []
Threshold 0.0:
Threshold 0.01:
Threshold 0.02:
Threshold 0.05:
Threshold 0.1:
Threshold 0.2:
Threshold 0.3333333333333333:
max k is :0
Number of Clusters after addition by greedy: 85
gradient0 in heuristiic: 85
calculating all possible bipartitions ...
Number of Clusters After Adding All possible clusters: 1023
partitions formed in 0.433 secs
Dynamic Programming starting after 0.433 secs
Using tree-based weight calculation.
Using polytree-based weight calculation.
Polytree max score: 5801
Polytree building time: 0.023 seconds.
Number of quartet trees in the gene trees: 5801
Size of largest cluster: 10
Greedy score: 5622
estimationFactor: 1.0318392031305585
Sub-optimal score: 5622
Total Number of elements weighted: 957
Normalized score (portion of input quartet trees satisfied before correcting for multiple individuals): 0.9691432511635925
Optimization score: 5622
Optimal tree inferred in 0.6 secs.
(t8,(t4,((t1,(t2,t3)),((t10,t9),(t5,(t6,t7))))));
Final quartet score is: 5622
Final normalized quartet score is: 0.9691432511635925
Extended species tree:
(t4,(((t1,(t2,t3)1:3.4692021107762137)1:2.0394362070661365,((t10,t9)1:2.7053799725463312,(t5,(t6,t7)1:1.7261621867422416)1:1.0296194171811581)1:2.8932167100283945)1:1.3807233160704349,t8));
Weight calculation took 0.107042141 secs
ASTRAL finished in 0.722 secs
