
================== ASTRAL ===================== 

This is ASTRAL version 5.7.8
Gene trees are treated as unrooted
4854 trees read from quartet_temp.txt
index0
All output trees will be *arbitrarily* rooted at t5

======== Running the main analysis
Number of taxa: 10 (10 species)
Taxa: [t5, t9, t1, t2, t3, t4, t8, t10, t6, t7]
Taxon occupancy: {t4=1638, t5=2001, t10=1296, t6=2091, t7=2079, t8=1714, t9=1804, t1=2347, t2=2274, t3=2172}
Number of gene trees: 4854
4854 trees have missing taxa
Calculating quartet distance matrix (for completion of X)
Species tree distances calculated ...
Will attempt to complete bipartitions from X before adding using a distance matrix.
Building set of clusters (X) from gene trees 
------------------------------
gradient0: 97
Number of Clusters after addition by distance: 97
calculating extra bipartitions to be added at level 1 ...
Adding to X using resolutions of greedy consensus ...
Limit for sigma of degrees:300
polytomy size limit : 3
discarded polytomies:  []
Threshold 0.0:
Threshold 0.01:
Threshold 0.02:
Threshold 0.05:
Threshold 0.1:
Threshold 0.2:
Threshold 0.3333333333333333:
max k is :0
Number of Clusters after addition by greedy: 97
gradient0 in heuristiic: 97
calculating all possible bipartitions ...
Number of Clusters After Adding All possible clusters: 1023
partitions formed in 0.396 secs
Dynamic Programming starting after 0.396 secs
Using tree-based weight calculation.
Using polytree-based weight calculation.
Polytree max score: 4854
Polytree building time: 0.016 seconds.
Number of quartet trees in the gene trees: 4854
Size of largest cluster: 10
Greedy score: 4680
estimationFactor: 1.0371794871794873
Sub-optimal score: 4680
Total Number of elements weighted: 1227
Normalized score (portion of input quartet trees satisfied before correcting for multiple individuals): 0.9641532756489494
Optimization score: 4680
Optimal tree inferred in 0.558 secs.
(t9,(t10,(t5,((t6,t7),(t4,((t3,t8),(t1,t2)))))));
Final quartet score is: 4680
Final normalized quartet score is: 0.9641532756489494
Extended species tree:
(t5,(((t6,t7)1:1.816150922352214,(t4,((t3,t8)1:2.7354491752903245,(t1,t2)1:1.5755363607584187)1:4.406719247264248)1:2.4871264065263134)1:0.39182233170437797,(t10,t9)1:1.1071229783360184));
Weight calculation took 0.101892059 secs
ASTRAL finished in 0.664 secs
