
================== ASTRAL ===================== 

This is ASTRAL version 5.7.8
Gene trees are treated as unrooted
5273 trees read from quartet_temp.txt
index0
All output trees will be *arbitrarily* rooted at t3

======== Running the main analysis
Number of taxa: 10 (10 species)
Taxa: [t3, t4, t1, t2, t5, t6, t9, t10, t7, t8]
Taxon occupancy: {t4=2150, t5=1666, t6=1799, t10=1989, t7=1771, t8=1896, t9=1992, t1=3024, t2=3059, t3=1746}
Number of gene trees: 5273
5273 trees have missing taxa
Calculating quartet distance matrix (for completion of X)
Species tree distances calculated ...
Will attempt to complete bipartitions from X before adding using a distance matrix.
Building set of clusters (X) from gene trees 
------------------------------
gradient0: 93
Number of Clusters after addition by distance: 93
calculating extra bipartitions to be added at level 1 ...
Adding to X using resolutions of greedy consensus ...
Limit for sigma of degrees:300
polytomy size limit : 3
discarded polytomies:  []
Threshold 0.0:
Threshold 0.01:
Threshold 0.02:
Threshold 0.05:
Threshold 0.1:
Threshold 0.2:
Threshold 0.3333333333333333:
max k is :0
Number of Clusters after addition by greedy: 93
gradient0 in heuristiic: 93
calculating all possible bipartitions ...
Number of Clusters After Adding All possible clusters: 1023
partitions formed in 0.271 secs
Dynamic Programming starting after 0.271 secs
Using tree-based weight calculation.
Using polytree-based weight calculation.
Polytree max score: 5273
Polytree building time: 0.018 seconds.
Number of quartet trees in the gene trees: 5273
Size of largest cluster: 10
Greedy score: 4987
estimationFactor: 1.057349107679968
Sub-optimal score: 4987
Total Number of elements weighted: 1958
Normalized score (portion of input quartet trees satisfied before correcting for multiple individuals): 0.9457614261331311
Optimization score: 4987
Optimal tree inferred in 0.481 secs.
(t4,(t5,((t10,(t6,t9)),((t7,t8),(t3,(t1,t2))))));
Final quartet score is: 4987
Final normalized quartet score is: 0.9457614261331311
Extended species tree:
(t3,((t1,t2)1:5.229324495061089,((t7,t8)1:2.344134095906918,((t10,(t6,t9)0.5:0.06453852113757118)1:1.3581234841531946,(t5,t4)1:0.2949023204252679)1:1.8478489358790984)1:2.2293816889707507));
Weight calculation took 0.143705202 secs
ASTRAL finished in 0.58 secs
