
================== ASTRAL ===================== 

This is ASTRAL version 5.7.8
Gene trees are treated as unrooted
3590 trees read from quartet_temp.txt
index0
All output trees will be *arbitrarily* rooted at t3

======== Running the main analysis
Number of taxa: 10 (10 species)
Taxa: [t3, t4, t2, t5, t7, t8, t10, t6, t9, t1]
Taxon occupancy: {t4=1343, t5=1460, t10=2203, t6=2250, t7=1246, t8=1133, t9=1027, t1=1256, t2=1151, t3=1291}
Number of gene trees: 3590
3590 trees have missing taxa
Calculating quartet distance matrix (for completion of X)
Species tree distances calculated ...
Will attempt to complete bipartitions from X before adding using a distance matrix.
Building set of clusters (X) from gene trees 
------------------------------
gradient0: 71
Number of Clusters after addition by distance: 71
calculating extra bipartitions to be added at level 1 ...
Adding to X using resolutions of greedy consensus ...
Limit for sigma of degrees:300
polytomy size limit : 3
discarded polytomies:  []
Threshold 0.0:
Threshold 0.01:
Threshold 0.02:
Threshold 0.05:
Threshold 0.1:
Threshold 0.2:
Threshold 0.3333333333333333:
max k is :0
Number of Clusters after addition by greedy: 71
gradient0 in heuristiic: 71
calculating all possible bipartitions ...
Number of Clusters After Adding All possible clusters: 1023
partitions formed in 0.196 secs
Dynamic Programming starting after 0.196 secs
Using tree-based weight calculation.
Using polytree-based weight calculation.
Polytree max score: 3590
Polytree building time: 0.018 seconds.
Number of quartet trees in the gene trees: 3590
Size of largest cluster: 10
Greedy score: 3527
estimationFactor: 1.0178622058406577
Sub-optimal score: 3527
Total Number of elements weighted: 1013
Normalized score (portion of input quartet trees satisfied before correcting for multiple individuals): 0.9824512534818941
Optimization score: 3527
Optimal tree inferred in 0.331 secs.
(t4,(t3,(t5,((t1,(t10,t6)),(t8,(t9,(t2,t7)))))));
Final quartet score is: 3527
Final normalized quartet score is: 0.9824512534818941
You may want to ignore posterior probabilities and other statistics related to the following branch branch because the effective number of genes impacting it is only 13:
	{t2, t7, t9}
Extended species tree:
(t3,((t5,((t1,(t10,t6)1:2.2801122371419864)1:5.828945617610211,(t8,(t9,(t2,t7)1:3.205452804536062)0.58:0.15415067982725836)1:0.8716299610467342)1:0.964022134695345)1:2.4159137783010487,t4));
Weight calculation took 0.08429697 secs
ASTRAL finished in 0.416 secs
