
================== ASTRAL ===================== 

This is ASTRAL version 5.7.8
Gene trees are treated as unrooted
2925 trees read from quartet_temp.txt
index0
All output trees will be *arbitrarily* rooted at t10

======== Running the main analysis
Number of taxa: 10 (10 species)
Taxa: [t10, t6, t3, t4, t5, t7, t9, t1, t2, t8]
Taxon occupancy: {t4=1147, t5=1168, t10=1628, t6=1694, t7=971, t8=997, t9=844, t1=1063, t2=974, t3=1214}
Number of gene trees: 2925
2925 trees have missing taxa
Calculating quartet distance matrix (for completion of X)
Species tree distances calculated ...
Will attempt to complete bipartitions from X before adding using a distance matrix.
Building set of clusters (X) from gene trees 
------------------------------
gradient0: 55
Number of Clusters after addition by distance: 55
calculating extra bipartitions to be added at level 1 ...
Adding to X using resolutions of greedy consensus ...
Limit for sigma of degrees:300
polytomy size limit : 3
discarded polytomies:  []
Threshold 0.0:
Threshold 0.01:
Threshold 0.02:
Threshold 0.05:
Threshold 0.1:
Threshold 0.2:
Threshold 0.3333333333333333:
max k is :0
Number of Clusters after addition by greedy: 55
gradient0 in heuristiic: 55
calculating all possible bipartitions ...
Number of Clusters After Adding All possible clusters: 1023
partitions formed in 0.168 secs
Dynamic Programming starting after 0.168 secs
Using tree-based weight calculation.
Using polytree-based weight calculation.
Polytree max score: 2925
Polytree building time: 0.011 seconds.
Number of quartet trees in the gene trees: 2925
Size of largest cluster: 10
Greedy score: 2900
estimationFactor: 1.0086206896551724
Sub-optimal score: 2900
Total Number of elements weighted: 1012
Normalized score (portion of input quartet trees satisfied before correcting for multiple individuals): 0.9914529914529915
Optimization score: 2900
Optimal tree inferred in 0.288 secs.
(t6,(t10,(t1,((t5,(t3,t4)),((t9,t8),(t7,t2))))));
Final quartet score is: 2900
Final normalized quartet score is: 0.9914529914529915
Extended species tree:
(t10,((t1,((t5,(t3,t4)1:4.330733340286328)1:3.3557350075853964,((t9,t8)0.99:0.49247648509779407,(t7,t2)1:2.6855773452501523)1:2.4277482359480516)1:4.41750102286754)1:3.3081069585961425,t6));
Weight calculation took 0.075585073 secs
ASTRAL finished in 0.372 secs
