
================== ASTRAL ===================== 

This is ASTRAL version 5.7.8
Gene trees are treated as unrooted
4625 trees read from quartet_temp.txt
index0
All output trees will be *arbitrarily* rooted at t4

======== Running the main analysis
Number of taxa: 10 (10 species)
Taxa: [t4, t5, t1, t2, t3, t6, t7, t9, t10, t8]
Taxon occupancy: {t4=1566, t5=1964, t6=1919, t10=1355, t7=1938, t8=1419, t9=1764, t1=2265, t2=2160, t3=2150}
Number of gene trees: 4625
4625 trees have missing taxa
Calculating quartet distance matrix (for completion of X)
Species tree distances calculated ...
Will attempt to complete bipartitions from X before adding using a distance matrix.
Building set of clusters (X) from gene trees 
------------------------------
gradient0: 83
Number of Clusters after addition by distance: 83
calculating extra bipartitions to be added at level 1 ...
Adding to X using resolutions of greedy consensus ...
Limit for sigma of degrees:300
polytomy size limit : 3
discarded polytomies:  []
Threshold 0.0:
Threshold 0.01:
Threshold 0.02:
Threshold 0.05:
Threshold 0.1:
Threshold 0.2:
Threshold 0.3333333333333333:
max k is :0
Number of Clusters after addition by greedy: 83
gradient0 in heuristiic: 83
calculating all possible bipartitions ...
Number of Clusters After Adding All possible clusters: 1023
partitions formed in 0.384 secs
Dynamic Programming starting after 0.384 secs
Using tree-based weight calculation.
Using polytree-based weight calculation.
Polytree max score: 4625
Polytree building time: 0.018 seconds.
Number of quartet trees in the gene trees: 4625
Size of largest cluster: 10
Greedy score: 4516
estimationFactor: 1.0241364038972542
Sub-optimal score: 4516
Total Number of elements weighted: 1251
Normalized score (portion of input quartet trees satisfied before correcting for multiple individuals): 0.9764324324324324
Optimization score: 4516
Optimal tree inferred in 0.546 secs.
(t5,((t9,t10),((t6,t7),(t4,((t3,t8),(t1,t2))))));
Final quartet score is: 4516
Final normalized quartet score is: 0.9764324324324324
Extended species tree:
(t4,(((t3,t8)1:3.444682493601893,(t1,t2)1:3.564826805443958)1:3.4657359027997248,((t6,t7)1:2.2077509903232073,((t9,t10)1:2.354544831924757,t5)1:0.45131149623358296)1:2.673382072156334));
Weight calculation took 0.108093441 secs
ASTRAL finished in 0.649 secs
