
================== ASTRAL ===================== 

This is ASTRAL version 5.7.8
Gene trees are treated as unrooted
2985 trees read from quartet_temp.txt
index0
All output trees will be *arbitrarily* rooted at t2

======== Running the main analysis
Number of taxa: 10 (10 species)
Taxa: [t2, t3, t1, t8, t9, t4, t5, t6, t7, t10]
Taxon occupancy: {t4=1220, t5=1027, t6=834, t10=1080, t7=1014, t8=1560, t9=1646, t1=1383, t2=1263, t3=913}
Number of gene trees: 2985
2985 trees have missing taxa
Calculating quartet distance matrix (for completion of X)
Species tree distances calculated ...
Will attempt to complete bipartitions from X before adding using a distance matrix.
Building set of clusters (X) from gene trees 
------------------------------
gradient0: 77
Number of Clusters after addition by distance: 77
calculating extra bipartitions to be added at level 1 ...
Adding to X using resolutions of greedy consensus ...
Limit for sigma of degrees:300
polytomy size limit : 3
discarded polytomies:  []
Threshold 0.0:
Threshold 0.01:
Threshold 0.02:
Threshold 0.05:
Threshold 0.1:
Threshold 0.2:
Threshold 0.3333333333333333:
max k is :0
Number of Clusters after addition by greedy: 77
gradient0 in heuristiic: 77
calculating all possible bipartitions ...
Number of Clusters After Adding All possible clusters: 1023
partitions formed in 0.168 secs
Dynamic Programming starting after 0.168 secs
Using tree-based weight calculation.
Using polytree-based weight calculation.
Polytree max score: 2985
Polytree building time: 0.011 seconds.
Number of quartet trees in the gene trees: 2985
Size of largest cluster: 10
Greedy score: 2940
estimationFactor: 1.0153061224489797
Sub-optimal score: 2940
Total Number of elements weighted: 824
Normalized score (portion of input quartet trees satisfied before correcting for multiple individuals): 0.9849246231155779
Optimization score: 2940
Optimal tree inferred in 0.271 secs.
(t3,((t5,(t4,t10)),((t1,(t8,t9)),(t6,(t2,t7)))));
Final quartet score is: 2940
Final normalized quartet score is: 0.9849246231155779
Extended species tree:
(t2,(t7,(t6,((t1,(t8,t9)1:2.8716796248840124)1:5.679034304967008,((t5,(t4,t10)1:2.367123614131617)1:3.5457786104732607,t3)1:2.319114394945257)1:0.5365781198684054)1:2.5776883832389657));
Weight calculation took 0.062608375 secs
ASTRAL finished in 0.353 secs
