
================== ASTRAL ===================== 

This is ASTRAL version 5.7.8
Gene trees are treated as unrooted
2446 trees read from quartet_temp.txt
index0
All output trees will be *arbitrarily* rooted at t2

======== Running the main analysis
Number of taxa: 10 (10 species)
Taxa: [t2, t7, t1, t3, t5, t6, t8, t10, t4, t9]
Taxon occupancy: {t4=881, t5=1062, t6=1130, t10=1090, t7=925, t8=681, t9=804, t1=939, t2=1144, t3=1128}
Number of gene trees: 2446
2446 trees have missing taxa
Calculating quartet distance matrix (for completion of X)
Species tree distances calculated ...
Will attempt to complete bipartitions from X before adding using a distance matrix.
Building set of clusters (X) from gene trees 
------------------------------
gradient0: 97
Number of Clusters after addition by distance: 97
calculating extra bipartitions to be added at level 1 ...
Adding to X using resolutions of greedy consensus ...
Limit for sigma of degrees:300
polytomy size limit : 3
discarded polytomies:  []
Threshold 0.0:
Threshold 0.01:
Threshold 0.02:
Threshold 0.05:
Threshold 0.1:
Threshold 0.2:
Threshold 0.3333333333333333:
max k is :0
Number of Clusters after addition by greedy: 97
gradient0 in heuristiic: 97
calculating all possible bipartitions ...
Number of Clusters After Adding All possible clusters: 1023
partitions formed in 0.149 secs
Dynamic Programming starting after 0.149 secs
Using tree-based weight calculation.
Using polytree-based weight calculation.
Polytree max score: 2446
Polytree building time: 0.011 seconds.
Number of quartet trees in the gene trees: 2446
Size of largest cluster: 10
Greedy score: 2323
estimationFactor: 1.0529487731381835
Sub-optimal score: 2323
Total Number of elements weighted: 957
Normalized score (portion of input quartet trees satisfied before correcting for multiple individuals): 0.9497138184791496
Optimization score: 2323
Optimal tree inferred in 0.244 secs.
(t7,(t5,((t4,(t2,t3)),((t6,t10),(t8,(t1,t9))))));
Final quartet score is: 2323
Final normalized quartet score is: 0.9497138184791496
You may want to ignore posterior probabilities and other statistics related to the following branch branch because the effective number of genes impacting it is only 18:
	{t7, t1, t5, t6, t8, t10, t4, t9}
Extended species tree:
(t2,(t3,(t4,(((t6,t10)1:4.765018886929979,(t8,(t1,t9)1:2.8526314299133184)1:1.8803128665695006)1:1.4508328822574619,(t5,t7)1:1.624705384564889)1:2.085376277199651)1:1.8458266904983307));
Weight calculation took 0.054298128 secs
ASTRAL finished in 0.321 secs
