
================== ASTRAL ===================== 

This is ASTRAL version 5.7.8
Gene trees are treated as unrooted
2659 trees read from quartet_temp.txt
index0
All output trees will be *arbitrarily* rooted at t2

======== Running the main analysis
Number of taxa: 10 (10 species)
Taxa: [t2, t5, t1, t8, t9, t6, t7, t10, t3, t4]
Taxon occupancy: {t4=1200, t5=1231, t6=1175, t10=1038, t7=1159, t8=979, t9=894, t1=758, t2=982, t3=1220}
Number of gene trees: 2659
2659 trees have missing taxa
Calculating quartet distance matrix (for completion of X)
Species tree distances calculated ...
Will attempt to complete bipartitions from X before adding using a distance matrix.
Building set of clusters (X) from gene trees 
------------------------------
gradient0: 97
Number of Clusters after addition by distance: 97
calculating extra bipartitions to be added at level 1 ...
Adding to X using resolutions of greedy consensus ...
Limit for sigma of degrees:300
polytomy size limit : 3
discarded polytomies:  []
Threshold 0.0:
Threshold 0.01:
Threshold 0.02:
Threshold 0.05:
Threshold 0.1:
Threshold 0.2:
Threshold 0.3333333333333333:
max k is :0
Number of Clusters after addition by greedy: 97
gradient0 in heuristiic: 97
calculating all possible bipartitions ...
Number of Clusters After Adding All possible clusters: 1023
partitions formed in 0.15 secs
Dynamic Programming starting after 0.15 secs
Using tree-based weight calculation.
Using polytree-based weight calculation.
Polytree max score: 2659
Polytree building time: 0.015 seconds.
Number of quartet trees in the gene trees: 2659
Size of largest cluster: 10
Greedy score: 2494
estimationFactor: 1.066158781074579
Sub-optimal score: 2520
Total Number of elements weighted: 1575
Normalized score (portion of input quartet trees satisfied before correcting for multiple individuals): 0.947724708537044
Optimization score: 2520
Optimal tree inferred in 0.284 secs.
(t5,(t6,((t3,t4),((t1,(t8,t9)),(t2,(t7,t10))))));
Final quartet score is: 2520
Final normalized quartet score is: 0.947724708537044
Extended species tree:
(t2,((t7,t10)0.49:0.05406722127027582,((t1,(t8,t9)1:0.8075575317376896)0.98:0.24946085963158326,((t3,t4)1:2.1282317058492675,(t6,t5)1:1.655957928068993)1:4.460144413937839)1:1.2219913098286144));
Weight calculation took 0.085721309 secs
ASTRAL finished in 0.362 secs
