
================== ASTRAL ===================== 

This is ASTRAL version 5.7.8
Gene trees are treated as unrooted
4226 trees read from quartet_temp.txt
index0
All output trees will be *arbitrarily* rooted at t5

======== Running the main analysis
Number of taxa: 10 (10 species)
Taxa: [t5, t7, t1, t2, t3, t4, t6, t8, t10, t9]
Taxon occupancy: {t4=1264, t5=1838, t6=1381, t10=1969, t7=2019, t8=1933, t9=1254, t1=1638, t2=1821, t3=1787}
Number of gene trees: 4226
4226 trees have missing taxa
Calculating quartet distance matrix (for completion of X)
Species tree distances calculated ...
Will attempt to complete bipartitions from X before adding using a distance matrix.
Building set of clusters (X) from gene trees 
------------------------------
gradient0: 71
Number of Clusters after addition by distance: 71
calculating extra bipartitions to be added at level 1 ...
Adding to X using resolutions of greedy consensus ...
Limit for sigma of degrees:300
polytomy size limit : 3
discarded polytomies:  []
Threshold 0.0:
Threshold 0.01:
Threshold 0.02:
Threshold 0.05:
Threshold 0.1:
Threshold 0.2:
Threshold 0.3333333333333333:
max k is :0
Number of Clusters after addition by greedy: 71
gradient0 in heuristiic: 71
calculating all possible bipartitions ...
Number of Clusters After Adding All possible clusters: 1023
partitions formed in 0.238 secs
Dynamic Programming starting after 0.238 secs
Using tree-based weight calculation.
Using polytree-based weight calculation.
Polytree max score: 4226
Polytree building time: 0.016 seconds.
Number of quartet trees in the gene trees: 4226
Size of largest cluster: 10
Greedy score: 4173
estimationFactor: 1.0127006949436856
Sub-optimal score: 4173
Total Number of elements weighted: 1227
Normalized score (portion of input quartet trees satisfied before correcting for multiple individuals): 0.9874585896829153
Optimization score: 4173
Optimal tree inferred in 0.362 secs.
(t7,((t8,t10),(t5,(t6,(t9,((t1,t4),(t2,t3)))))));
Final quartet score is: 4173
Final normalized quartet score is: 0.9874585896829153
Extended species tree:
(t5,((t6,(t9,((t1,t4)1:1.2570826296398843,(t2,t3)1:4.1896547420264305)1:2.9087208965643607)1:1.5686159179138457)1:3.506557897319981,((t8,t10)1:1.4508328822574619,t7)1:3.2121868367174056));
Weight calculation took 0.070988923 secs
ASTRAL finished in 0.474 secs
