
================== ASTRAL ===================== 

This is ASTRAL version 5.7.8
Gene trees are treated as unrooted
2014 trees read from quartet_temp.txt
index0
All output trees will be *arbitrarily* rooted at t2

======== Running the main analysis
Number of taxa: 10 (10 species)
Taxa: [t2, t3, t1, t4, t6, t7, t8, t5, t9, t10]
Taxon occupancy: {t4=799, t5=849, t6=903, t10=1002, t7=776, t8=865, t9=866, t1=531, t2=742, t3=723}
Number of gene trees: 2014
2014 trees have missing taxa
Calculating quartet distance matrix (for completion of X)
Species tree distances calculated ...
Will attempt to complete bipartitions from X before adding using a distance matrix.
Building set of clusters (X) from gene trees 
------------------------------
gradient0: 87
Number of Clusters after addition by distance: 87
calculating extra bipartitions to be added at level 1 ...
Adding to X using resolutions of greedy consensus ...
Limit for sigma of degrees:300
polytomy size limit : 3
discarded polytomies:  []
Threshold 0.0:
Threshold 0.01:
Threshold 0.02:
Threshold 0.05:
Threshold 0.1:
Threshold 0.2:
Threshold 0.3333333333333333:
max k is :0
Number of Clusters after addition by greedy: 87
gradient0 in heuristiic: 87
calculating all possible bipartitions ...
Number of Clusters After Adding All possible clusters: 1023
partitions formed in 0.14 secs
Dynamic Programming starting after 0.14 secs
Using tree-based weight calculation.
Using polytree-based weight calculation.
Polytree max score: 2014
Polytree building time: 0.009 seconds.
Number of quartet trees in the gene trees: 2014
Size of largest cluster: 10
Greedy score: 1872
estimationFactor: 1.0758547008547008
Sub-optimal score: 1872
Total Number of elements weighted: 1566
Normalized score (portion of input quartet trees satisfied before correcting for multiple individuals): 0.9319761668321748
Optimization score: 1877
Optimal tree inferred in 0.25 secs.
(t3,(t2,(t7,((t1,(t6,t10)),((t5,t9),(t4,t8))))));
Final quartet score is: 1877
Final normalized quartet score is: 0.9319761668321748
Extended species tree:
(t2,((t7,((t1,(t6,t10)1:3.3862717314454773)0.88:0.23361485118150507,((t5,t9)1:1.7970365263288985,(t4,t8)1:4.356708826689595)0.73:0.20890119459866674)1:1.8108988094387524)1:1.8971199848858815,t3));
Weight calculation took 0.071678348 secs
ASTRAL finished in 0.323 secs
