
================== ASTRAL ===================== 

This is ASTRAL version 5.7.8
Gene trees are treated as unrooted
5494 trees read from quartet_temp.txt
index0
All output trees will be *arbitrarily* rooted at t5

======== Running the main analysis
Number of taxa: 10 (10 species)
Taxa: [t5, t8, t1, t2, t3, t4, t6, t9, t10, t7]
Taxon occupancy: {t4=1972, t5=2263, t6=1771, t10=2537, t7=2542, t8=2533, t9=1624, t1=2157, t2=2310, t3=2267}
Number of gene trees: 5494
5494 trees have missing taxa
Calculating quartet distance matrix (for completion of X)
Species tree distances calculated ...
Will attempt to complete bipartitions from X before adding using a distance matrix.
Building set of clusters (X) from gene trees 
------------------------------
gradient0: 99
Number of Clusters after addition by distance: 99
calculating extra bipartitions to be added at level 1 ...
Adding to X using resolutions of greedy consensus ...
Limit for sigma of degrees:300
polytomy size limit : 3
discarded polytomies:  []
Threshold 0.0:
Threshold 0.01:
Threshold 0.02:
Threshold 0.05:
Threshold 0.1:
Threshold 0.2:
Threshold 0.3333333333333333:
max k is :0
Number of Clusters after addition by greedy: 99
gradient0 in heuristiic: 99
calculating all possible bipartitions ...
Number of Clusters After Adding All possible clusters: 1023
partitions formed in 0.318 secs
Dynamic Programming starting after 0.318 secs
Using tree-based weight calculation.
Using polytree-based weight calculation.
Polytree max score: 5494
Polytree building time: 0.018 seconds.
Number of quartet trees in the gene trees: 5494
Size of largest cluster: 10
Greedy score: 5260
estimationFactor: 1.0444866920152092
Sub-optimal score: 5260
Total Number of elements weighted: 1242
Normalized score (portion of input quartet trees satisfied before correcting for multiple individuals): 0.957408081543502
Optimization score: 5260
Optimal tree inferred in 0.476 secs.
(t8,(t10,(t7,(t5,((t6,t9),((t1,t4),(t2,t3)))))));
Final quartet score is: 5260
Final normalized quartet score is: 0.957408081543502
Extended species tree:
(t5,(((t6,t9)1:0.2876820724517809,((t1,t4)1:1.2386583623138256,(t2,t3)1:1.8908503718722862)1:2.8617472633213277)1:2.745131876006742,(t7,(t10,t8)1:0.7184649885442354)1:1.4049864941320436));
Weight calculation took 0.10100743 secs
ASTRAL finished in 0.59 secs
