
================== ASTRAL ===================== 

This is ASTRAL version 5.7.8
Gene trees are treated as unrooted
2774 trees read from quartet_temp.txt
index0
All output trees will be *arbitrarily* rooted at t3

======== Running the main analysis
Number of taxa: 10 (10 species)
Taxa: [t3, t6, t1, t2, t4, t5, t8, t9, t10, t7]
Taxon occupancy: {t4=1114, t5=1076, t6=1425, t10=926, t7=1339, t8=815, t9=932, t1=1258, t2=1215, t3=996}
Number of gene trees: 2774
2774 trees have missing taxa
Calculating quartet distance matrix (for completion of X)
Species tree distances calculated ...
Will attempt to complete bipartitions from X before adding using a distance matrix.
Building set of clusters (X) from gene trees 
------------------------------
gradient0: 91
Number of Clusters after addition by distance: 91
calculating extra bipartitions to be added at level 1 ...
Adding to X using resolutions of greedy consensus ...
Limit for sigma of degrees:300
polytomy size limit : 3
discarded polytomies:  []
Threshold 0.0:
Threshold 0.01:
Threshold 0.02:
Threshold 0.05:
Threshold 0.1:
Threshold 0.2:
Threshold 0.3333333333333333:
max k is :0
Number of Clusters after addition by greedy: 91
gradient0 in heuristiic: 91
calculating all possible bipartitions ...
Number of Clusters After Adding All possible clusters: 1023
partitions formed in 0.199 secs
Dynamic Programming starting after 0.199 secs
Using tree-based weight calculation.
Using polytree-based weight calculation.
Polytree max score: 2774
Polytree building time: 0.012 seconds.
Number of quartet trees in the gene trees: 2774
Size of largest cluster: 10
Greedy score: 2676
estimationFactor: 1.0366218236173392
Sub-optimal score: 2676
Total Number of elements weighted: 1126
Normalized score (portion of input quartet trees satisfied before correcting for multiple individuals): 0.9646719538572458
Optimization score: 2676
Optimal tree inferred in 0.301 secs.
(t6,(t7,(t10,(t9,(t3,(t8,((t1,t4),(t2,t5))))))));
Final quartet score is: 2676
Final normalized quartet score is: 0.9646719538572458
Extended species tree:
(t3,((t8,((t1,t4)1:1.6441234704219905,(t2,t5)1:2.884179787648245)1:1.1585104302491784)1:4.657129924918797,(t9,(t10,(t7,t6)1:3.721669276936928)1:0.48835276791393223)1:1.0386488239005525));
Weight calculation took 0.058788719 secs
ASTRAL finished in 0.383 secs
