
================== ASTRAL ===================== 

This is ASTRAL version 5.7.8
Gene trees are treated as unrooted
4889 trees read from quartet_temp.txt
index0
All output trees will be *arbitrarily* rooted at t10

======== Running the main analysis
Number of taxa: 10 (10 species)
Taxa: [t10, t9, t1, t2, t3, t4, t5, t6, t7, t8]
Taxon occupancy: {t4=1688, t5=1880, t10=1487, t6=1954, t7=1884, t8=1812, t9=1846, t1=2398, t2=2277, t3=2330}
Number of gene trees: 4889
4889 trees have missing taxa
Calculating quartet distance matrix (for completion of X)
Species tree distances calculated ...
Will attempt to complete bipartitions from X before adding using a distance matrix.
Building set of clusters (X) from gene trees 
------------------------------
gradient0: 53
Number of Clusters after addition by distance: 53
calculating extra bipartitions to be added at level 1 ...
Adding to X using resolutions of greedy consensus ...
Limit for sigma of degrees:300
polytomy size limit : 3
discarded polytomies:  []
Threshold 0.0:
Threshold 0.01:
Threshold 0.02:
Threshold 0.05:
Threshold 0.1:
Threshold 0.2:
Threshold 0.3333333333333333:
max k is :0
Number of Clusters after addition by greedy: 53
gradient0 in heuristiic: 53
calculating all possible bipartitions ...
Number of Clusters After Adding All possible clusters: 1023
partitions formed in 0.243 secs
Dynamic Programming starting after 0.243 secs
Using tree-based weight calculation.
Using polytree-based weight calculation.
Polytree max score: 4889
Polytree building time: 0.026 seconds.
Number of quartet trees in the gene trees: 4889
Size of largest cluster: 10
Greedy score: 4859
estimationFactor: 1.0061741098991561
Sub-optimal score: 4859
Total Number of elements weighted: 1024
Normalized score (portion of input quartet trees satisfied before correcting for multiple individuals): 0.9938637758232768
Optimization score: 4859
Optimal tree inferred in 0.401 secs.
(t9,(t10,(t5,((t6,t7),(t4,((t3,t8),(t1,t2)))))));
Final quartet score is: 4859
Final normalized quartet score is: 0.9938637758232768
Extended species tree:
(t10,((t5,((t6,t7)1:4.657129924918797,(t4,((t3,t8)1:4.39032543748858,(t1,t2)1:4.1896547420264305)1:5.786897381366732)1:3.756538102587751)0.99:0.42488319396526597)1:2.606796467397036,t9));
Weight calculation took 0.096945798 secs
ASTRAL finished in 0.499 secs
