
================== ASTRAL ===================== 

This is ASTRAL version 5.7.8
Gene trees are treated as unrooted
2169 trees read from quartet_temp.txt
index0
All output trees will be *arbitrarily* rooted at t5

======== Running the main analysis
Number of taxa: 10 (10 species)
Taxa: [t5, t6, t1, t2, t3, t4, t8, t9, t10, t7]
Taxon occupancy: {t4=953, t5=987, t6=1129, t10=985, t7=880, t8=745, t9=814, t1=670, t2=700, t3=813}
Number of gene trees: 2169
2169 trees have missing taxa
Calculating quartet distance matrix (for completion of X)
Species tree distances calculated ...
Will attempt to complete bipartitions from X before adding using a distance matrix.
Building set of clusters (X) from gene trees 
------------------------------
gradient0: 127
Number of Clusters after addition by distance: 127
calculating extra bipartitions to be added at level 1 ...
Adding to X using resolutions of greedy consensus ...
Limit for sigma of degrees:300
polytomy size limit : 3
discarded polytomies:  []
Threshold 0.0:
Threshold 0.01:
Threshold 0.02:
Threshold 0.05:
Threshold 0.1:
Threshold 0.2:
Threshold 0.3333333333333333:
max k is :0
Number of Clusters after addition by greedy: 127
gradient0 in heuristiic: 127
calculating all possible bipartitions ...
Number of Clusters After Adding All possible clusters: 1023
partitions formed in 0.144 secs
Dynamic Programming starting after 0.144 secs
Using tree-based weight calculation.
Using polytree-based weight calculation.
Polytree max score: 2169
Polytree building time: 0.011 seconds.
Number of quartet trees in the gene trees: 2169
Size of largest cluster: 10
Greedy score: 1906
estimationFactor: 1.1379853095487933
Sub-optimal score: 1942
Total Number of elements weighted: 1243
Normalized score (portion of input quartet trees satisfied before correcting for multiple individuals): 0.8953434762563394
Optimization score: 1942
Optimal tree inferred in 0.252 secs.
(t6,(t5,(t7,((t4,t10),((t2,t9),(t1,(t3,t8)))))));
Final quartet score is: 1942
Final normalized quartet score is: 0.8953434762563394
Extended species tree:
(t5,((t7,((t4,t10)1:2.730029107820986,((t2,t9)1:0.8754687373538999,(t1,(t3,t8)1:0.6505875661411494)1:0.45319651092935437)1:1.376991968457577)1:0.9724610033412097)1:1.497519996230115,t6));
Weight calculation took 0.063005375 secs
ASTRAL finished in 0.323 secs
