
================== ASTRAL ===================== 

This is ASTRAL version 5.7.8
Gene trees are treated as unrooted
7059 trees read from quartet_temp.txt
index0
All output trees will be *arbitrarily* rooted at t3

======== Running the main analysis
Number of taxa: 10 (10 species)
Taxa: [t3, t8, t1, t2, t4, t5, t6, t9, t7, t10]
Taxon occupancy: {t4=2722, t5=3214, t6=2685, t10=2472, t7=2804, t8=3073, t9=2466, t1=2639, t2=3116, t3=3045}
Number of gene trees: 7059
7059 trees have missing taxa
Calculating quartet distance matrix (for completion of X)
Species tree distances calculated ...
Will attempt to complete bipartitions from X before adding using a distance matrix.
Building set of clusters (X) from gene trees 
------------------------------
gradient0: 71
Number of Clusters after addition by distance: 71
calculating extra bipartitions to be added at level 1 ...
Adding to X using resolutions of greedy consensus ...
Limit for sigma of degrees:300
polytomy size limit : 3
discarded polytomies:  []
Threshold 0.0:
Threshold 0.01:
Threshold 0.02:
Threshold 0.05:
Threshold 0.1:
Threshold 0.2:
Threshold 0.3333333333333333:
max k is :0
Number of Clusters after addition by greedy: 71
gradient0 in heuristiic: 71
calculating all possible bipartitions ...
Number of Clusters After Adding All possible clusters: 1023
partitions formed in 0.327 secs
Dynamic Programming starting after 0.327 secs
Using tree-based weight calculation.
Using polytree-based weight calculation.
Polytree max score: 7059
Polytree building time: 0.023 seconds.
Number of quartet trees in the gene trees: 7059
Size of largest cluster: 10
Greedy score: 6990
estimationFactor: 1.0098712446351932
Sub-optimal score: 6990
Total Number of elements weighted: 1066
Normalized score (portion of input quartet trees satisfied before correcting for multiple individuals): 0.9902252443688908
Optimization score: 6990
Optimal tree inferred in 0.485 secs.
(t8,(t7,(t9,((t3,t10),(t1,(t4,(t2,(t5,t6))))))));
Final quartet score is: 6990
Final normalized quartet score is: 0.9902252443688908
Extended species tree:
(t3,(t10,((t1,(t4,(t2,(t5,t6)1:2.4022149339428878)1:0.8472978603872037)1:2.956892440237726)1:6.56055907899789,(t9,(t7,t8)1:2.7048705481848305)1:1.2367626271489267)1:1.445134861142824));
Weight calculation took 0.097573167 secs
ASTRAL finished in 0.609 secs
