
================== ASTRAL ===================== 

This is ASTRAL version 5.7.8
Gene trees are treated as unrooted
3153 trees read from quartet_temp.txt
index0
All output trees will be *arbitrarily* rooted at t10

======== Running the main analysis
Number of taxa: 10 (10 species)
Taxa: [t10, t6, t1, t2, t3, t4, t5, t7, t8, t9]
Taxon occupancy: {t4=1253, t5=1272, t10=1380, t6=1338, t7=1067, t8=1393, t9=1460, t1=969, t2=1300, t3=1180}
Number of gene trees: 3153
3153 trees have missing taxa
Calculating quartet distance matrix (for completion of X)
Species tree distances calculated ...
Will attempt to complete bipartitions from X before adding using a distance matrix.
Building set of clusters (X) from gene trees 
------------------------------
gradient0: 73
Number of Clusters after addition by distance: 73
calculating extra bipartitions to be added at level 1 ...
Adding to X using resolutions of greedy consensus ...
Limit for sigma of degrees:300
polytomy size limit : 3
discarded polytomies:  []
Threshold 0.0:
Threshold 0.01:
Threshold 0.02:
Threshold 0.05:
Threshold 0.1:
Threshold 0.2:
Threshold 0.3333333333333333:
max k is :0
Number of Clusters after addition by greedy: 73
gradient0 in heuristiic: 73
calculating all possible bipartitions ...
Number of Clusters After Adding All possible clusters: 1023
partitions formed in 0.221 secs
Dynamic Programming starting after 0.221 secs
Using tree-based weight calculation.
Using polytree-based weight calculation.
Polytree max score: 3153
Polytree building time: 0.018 seconds.
Number of quartet trees in the gene trees: 3153
Size of largest cluster: 10
Greedy score: 2937
estimationFactor: 1.0735444330949948
Sub-optimal score: 3017
Total Number of elements weighted: 1020
Normalized score (portion of input quartet trees satisfied before correcting for multiple individuals): 0.9568664763717095
Optimization score: 3017
Optimal tree inferred in 0.335 secs.
(t6,(t10,((t1,(t5,t9)),((t4,t8),(t7,(t2,t3))))));
Final quartet score is: 3017
Final normalized quartet score is: 0.9568664763717095
Extended species tree:
(t10,(((t1,(t5,t9)1:2.5238220660376744)1:1.309333319983762,((t4,t8)1:4.377851263263398,(t7,(t2,t3)1:3.951243718581431)1:3.4552646029324334)1:0.6519042220258963)1:5.42934562895445,t6));
Weight calculation took 0.065940046 secs
ASTRAL finished in 0.417 secs
