
================== ASTRAL ===================== 

This is ASTRAL version 5.7.8
Gene trees are treated as unrooted
7557 trees read from quartet_temp.txt
index0
All output trees will be *arbitrarily* rooted at t10

======== Running the main analysis
Number of taxa: 10 (10 species)
Taxa: [t10, t2, t1, t3, t6, t7, t8, t9, t4, t5]
Taxon occupancy: {t4=2976, t5=3195, t10=3256, t6=2803, t7=2724, t8=3000, t9=3112, t1=2825, t2=3252, t3=3085}
Number of gene trees: 7557
7557 trees have missing taxa
Calculating quartet distance matrix (for completion of X)
Species tree distances calculated ...
Will attempt to complete bipartitions from X before adding using a distance matrix.
Building set of clusters (X) from gene trees 
------------------------------
gradient0: 107
Number of Clusters after addition by distance: 107
calculating extra bipartitions to be added at level 1 ...
Adding to X using resolutions of greedy consensus ...
Limit for sigma of degrees:300
polytomy size limit : 3
discarded polytomies:  []
Threshold 0.0:
Threshold 0.01:
Threshold 0.02:
Threshold 0.05:
Threshold 0.1:
Threshold 0.2:
Threshold 0.3333333333333333:
max k is :0
Number of Clusters after addition by greedy: 107
gradient0 in heuristiic: 107
calculating all possible bipartitions ...
Number of Clusters After Adding All possible clusters: 1023
partitions formed in 0.343 secs
Dynamic Programming starting after 0.343 secs
Using tree-based weight calculation.
Using polytree-based weight calculation.
Polytree max score: 7557
Polytree building time: 0.02 seconds.
Number of quartet trees in the gene trees: 7557
Size of largest cluster: 10
Greedy score: 7184
estimationFactor: 1.0519209354120267
Sub-optimal score: 7184
Total Number of elements weighted: 1200
Normalized score (portion of input quartet trees satisfied before correcting for multiple individuals): 0.9506417890697366
Optimization score: 7184
Optimal tree inferred in 0.578 secs.
(t2,(t10,((t4,t5),((t6,t7),(t1,(t8,(t3,t9)))))));
Final quartet score is: 7184
Final normalized quartet score is: 0.9506417890697366
Extended species tree:
(t10,(((t4,t5)1:3.5937544423501393,((t6,t7)1:1.5214691394881432,(t1,(t8,(t3,t9)1:2.2335922215070947)0.96:0.20312468442371776)1:2.5955722176755196)1:0.23808513131240894)1:5.060483099823812,t2));
Weight calculation took 0.16656318 secs
ASTRAL finished in 0.693 secs
