
================== ASTRAL ===================== 

This is ASTRAL version 5.7.8
Gene trees are treated as unrooted
435 trees read from quartet_temp.txt
index0
All output trees will be *arbitrarily* rooted at t2

======== Running the main analysis
Number of taxa: 10 (10 species)
Taxa: [t2, t3, t1, t8, t5, t10, t4, t6, t7, t9]
Taxon occupancy: {t4=168, t5=159, t10=138, t6=119, t7=153, t8=216, t9=247, t1=182, t2=196, t3=162}
Number of gene trees: 435
435 trees have missing taxa
Calculating quartet distance matrix (for completion of X)
Species tree distances calculated ...
Will attempt to complete bipartitions from X before adding using a distance matrix.
Building set of clusters (X) from gene trees 
------------------------------
gradient0: 43
Number of Clusters after addition by distance: 43
calculating extra bipartitions to be added at level 1 ...
Adding to X using resolutions of greedy consensus ...
Limit for sigma of degrees:300
polytomy size limit : 3
discarded polytomies:  []
Threshold 0.0:
Threshold 0.01:
Threshold 0.02:
Threshold 0.05:
Threshold 0.1:
Threshold 0.2:
Threshold 0.3333333333333333:
max k is :0
Number of Clusters after addition by greedy: 43
gradient0 in heuristiic: 43
calculating all possible bipartitions ...
Number of Clusters After Adding All possible clusters: 1023
partitions formed in 0.054 secs
Dynamic Programming starting after 0.054 secs
Using tree-based weight calculation.
Using polytree-based weight calculation.
Polytree max score: 435
Polytree building time: 0.004 seconds.
Number of quartet trees in the gene trees: 435
Size of largest cluster: 10
Greedy score: 433
estimationFactor: 1.0046189376443417
Sub-optimal score: 433
Total Number of elements weighted: 824
Normalized score (portion of input quartet trees satisfied before correcting for multiple individuals): 0.9954022988505747
Optimization score: 433
Optimal tree inferred in 0.101 secs.
(t3,((t5,(t10,t4)),((t6,(t2,t7)),(t1,(t8,t9)))));
Final quartet score is: 433
Final normalized quartet score is: 0.9954022988505747
You may want to ignore posterior probabilities and other statistics related to the following branch branch because the effective number of genes impacting it is only 17:
	{t8, t9}
You may want to ignore posterior probabilities and other statistics related to the following branch branch because the effective number of genes impacting it is only 6:
	{t10, t4}
You may want to ignore posterior probabilities and other statistics related to the following branch branch because the effective number of genes impacting it is only 7:
	{t5, t10, t4}
You may want to ignore posterior probabilities and other statistics related to the following branch branch because the effective number of genes impacting it is only 4:
	{t3, t5, t10, t4}
You may want to ignore posterior probabilities and other statistics related to the following branch branch because the effective number of genes impacting it is only 2:
	{t3, t1, t8, t5, t10, t4, t9}
Extended species tree:
(t2,(t7,(t6,((t1,(t8,t9)1:2.484906649788)1:3.768922161787476,((t5,(t10,t4)1:1.5404450409471486)0.93:0.5753641449035618,t3)0.98:1.2039728043259361)0.87:0.6931471805599453)1:2.6390573296152575));
Weight calculation took 0.019972243 secs
ASTRAL finished in 0.142 secs
