
================== ASTRAL ===================== 

This is ASTRAL version 5.7.8
Gene trees are treated as unrooted
690 trees read from quartet_temp.txt
index0
All output trees will be *arbitrarily* rooted at t7

======== Running the main analysis
Number of taxa: 10 (10 species)
Taxa: [t7, t8, t1, t2, t4, t5, t3, t10, t9, t6]
Taxon occupancy: {t4=214, t5=199, t10=360, t6=180, t7=307, t8=305, t9=230, t1=249, t2=314, t3=402}
Number of gene trees: 690
690 trees have missing taxa
Calculating quartet distance matrix (for completion of X)
Species tree distances calculated ...
Will attempt to complete bipartitions from X before adding using a distance matrix.
Building set of clusters (X) from gene trees 
------------------------------
gradient0: 61
Number of Clusters after addition by distance: 61
calculating extra bipartitions to be added at level 1 ...
Adding to X using resolutions of greedy consensus ...
Limit for sigma of degrees:300
polytomy size limit : 3
discarded polytomies:  []
Threshold 0.0:
Threshold 0.01:
Threshold 0.02:
Threshold 0.05:
Threshold 0.1:
Threshold 0.2:
Threshold 0.3333333333333333:
max k is :0
Number of Clusters after addition by greedy: 61
gradient0 in heuristiic: 61
calculating all possible bipartitions ...
Number of Clusters After Adding All possible clusters: 1023
partitions formed in 0.071 secs
Dynamic Programming starting after 0.071 secs
Using tree-based weight calculation.
Using polytree-based weight calculation.
Polytree max score: 690
Polytree building time: 0.006 seconds.
Number of quartet trees in the gene trees: 690
Size of largest cluster: 10
Greedy score: 679
estimationFactor: 1.01620029455081
Sub-optimal score: 679
Total Number of elements weighted: 1349
Normalized score (portion of input quartet trees satisfied before correcting for multiple individuals): 0.9840579710144928
Optimization score: 679
Optimal tree inferred in 0.138 secs.
(t8,(t7,(t2,(t5,((t4,t6),(t1,(t3,(t10,t9))))))));
Final quartet score is: 679
Final normalized quartet score is: 0.9840579710144928
You may want to ignore posterior probabilities and other statistics related to the following branch branch because the effective number of genes impacting it is only 5:
	{t4, t6}
You may want to ignore posterior probabilities and other statistics related to the following branch branch because the effective number of genes impacting it is only 11:
	{t10, t9}
You may want to ignore posterior probabilities and other statistics related to the following branch branch because the effective number of genes impacting it is only 8:
	{t1, t4, t3, t10, t9, t6}
You may want to ignore posterior probabilities and other statistics related to the following branch branch because the effective number of genes impacting it is only 4:
	{t1, t4, t5, t3, t10, t9, t6}
Extended species tree:
(t7,((t2,(t5,((t4,t6)0.67:0.2876820724517809,(t1,(t3,(t10,t9)1:0.9808292530117262)1:2.159484249353373)1:2.92673940206704)1:1.0986122886681098)0.98:1.2039728043259361)1:2.92673940206704,t8));
Weight calculation took 0.036859946 secs
ASTRAL finished in 0.19 secs
