
================== ASTRAL ===================== 

This is ASTRAL version 5.7.8
Gene trees are treated as unrooted
775 trees read from quartet_temp.txt
index0
All output trees will be *arbitrarily* rooted at t7

======== Running the main analysis
Number of taxa: 10 (10 species)
Taxa: [t7, t8, t2, t4, t5, t6, t3, t9, t10, t1]
Taxon occupancy: {t4=317, t5=366, t6=184, t10=264, t7=294, t8=288, t9=240, t1=334, t2=416, t3=397}
Number of gene trees: 775
775 trees have missing taxa
Calculating quartet distance matrix (for completion of X)
Species tree distances calculated ...
Will attempt to complete bipartitions from X before adding using a distance matrix.
Building set of clusters (X) from gene trees 
------------------------------
gradient0: 63
Number of Clusters after addition by distance: 63
calculating extra bipartitions to be added at level 1 ...
Adding to X using resolutions of greedy consensus ...
Limit for sigma of degrees:300
polytomy size limit : 3
discarded polytomies:  []
Threshold 0.0:
Threshold 0.01:
Threshold 0.02:
Threshold 0.05:
Threshold 0.1:
Threshold 0.2:
Threshold 0.3333333333333333:
max k is :0
Number of Clusters after addition by greedy: 63
gradient0 in heuristiic: 63
calculating all possible bipartitions ...
Number of Clusters After Adding All possible clusters: 1023
partitions formed in 0.076 secs
Dynamic Programming starting after 0.076 secs
Using tree-based weight calculation.
Using polytree-based weight calculation.
Polytree max score: 775
Polytree building time: 0.009 seconds.
Number of quartet trees in the gene trees: 775
Size of largest cluster: 10
Greedy score: 749
estimationFactor: 1.034712950600801
Sub-optimal score: 749
Total Number of elements weighted: 1562
Normalized score (portion of input quartet trees satisfied before correcting for multiple individuals): 0.9664516129032258
Optimization score: 749
Optimal tree inferred in 0.152 secs.
(t8,(t7,(t9,(t3,(t10,(t1,(t4,(t2,(t5,t6)))))))));
Final quartet score is: 749
Final normalized quartet score is: 0.9664516129032258
You may want to ignore posterior probabilities and other statistics related to the following branch branch because the effective number of genes impacting it is only 18:
	{t2, t4, t5, t6}
You may want to ignore posterior probabilities and other statistics related to the following branch branch because the effective number of genes impacting it is only 8:
	{t2, t4, t5, t6, t10, t1}
You may want to ignore posterior probabilities and other statistics related to the following branch branch because the effective number of genes impacting it is only 8:
	{t2, t4, t5, t6, t3, t10, t1}
You may want to ignore posterior probabilities and other statistics related to the following branch branch because the effective number of genes impacting it is only 15:
	{t2, t4, t5, t6, t3, t9, t10, t1}
Extended species tree:
(t7,((t9,(t3,(t10,(t1,(t4,(t2,(t5,t6)1:0.9162907318741549)1:0.8472978603872037)1:1.1526795099383855)1:4.094344562222104)1:1.0986122886681098)0.82:0.40546510810816444)1:0.7576857016975165,t8));
Weight calculation took 0.042942153 secs
ASTRAL finished in 0.205 secs
