
================== ASTRAL ===================== 

This is ASTRAL version 5.7.8
Gene trees are treated as unrooted
144 trees read from quartet_temp.txt
index0
All output trees will be *arbitrarily* rooted at t6

======== Running the main analysis
Number of taxa: 10 (10 species)
Taxa: [t6, t7, t10, t4, t9, t8, t3, t5, t1, t2]
Taxon occupancy: {t4=62, t5=47, t6=92, t10=60, t7=51, t8=50, t9=59, t1=52, t2=46, t3=57}
Number of gene trees: 144
144 trees have missing taxa
Calculating quartet distance matrix (for completion of X)
Species tree distances calculated ...
Will attempt to complete bipartitions from X before adding using a distance matrix.
Building set of clusters (X) from gene trees 
------------------------------
gradient0: 53
Number of Clusters after addition by distance: 53
calculating extra bipartitions to be added at level 1 ...
Adding to X using resolutions of greedy consensus ...
Limit for sigma of degrees:300
polytomy size limit : 3
discarded polytomies:  []
Threshold 0.0:
Threshold 0.01:
Threshold 0.02:
Threshold 0.05:
Threshold 0.1:
Threshold 0.2:
Threshold 0.3333333333333333:
max k is :0
Number of Clusters after addition by greedy: 53
gradient0 in heuristiic: 53
calculating all possible bipartitions ...
Number of Clusters After Adding All possible clusters: 1023
partitions formed in 0.035 secs
Dynamic Programming starting after 0.035 secs
Using tree-based weight calculation.
Using polytree-based weight calculation.
Polytree max score: 144
Polytree building time: 0.003 seconds.
Number of quartet trees in the gene trees: 144
Size of largest cluster: 10
Greedy score: 139
estimationFactor: 1.0359712230215827
Sub-optimal score: 140
Total Number of elements weighted: 930
Normalized score (portion of input quartet trees satisfied before correcting for multiple individuals): 0.9722222222222222
Optimization score: 140
Optimal tree inferred in 0.073 secs.
(t7,((t6,t5),((t10,t4),((t9,t2),(t1,(t8,t3))))));
Final quartet score is: 140
Final normalized quartet score is: 0.9722222222222222
You may want to ignore posterior probabilities and other statistics related to the following branch branch because the effective number of genes impacting it is only 3:
	{t9, t2}
You may want to ignore posterior probabilities and other statistics related to the following branch branch because the effective number of genes impacting it is only 3:
	{t8, t3}
You may want to ignore posterior probabilities and other statistics related to the following branch branch because the effective number of genes impacting it is only 5:
	{t8, t3, t1}
You may want to ignore posterior probabilities and other statistics related to the following branch branch because the effective number of genes impacting it is only 7:
	{t9, t8, t3, t1, t2}
You may want to ignore posterior probabilities and other statistics related to the following branch branch because the effective number of genes impacting it is only 2:
	{t10, t4, t9, t8, t3, t1, t2}
You may want to ignore posterior probabilities and other statistics related to the following branch branch because the effective number of genes impacting it is only 10:
	{t7, t10, t4, t9, t8, t3, t1, t2}
Extended species tree:
(t6,(t5,(((t10,t4)1:2.772588722239782,((t9,t2)0.67:0.2876820724517809,(t1,(t8,t3)0.95:0.9808292530117262)0.99:1.3862943611198908)0.99:0.9808292530117262)0.87:0.6931471805599453,t7)1:1.9924301646902058));
Weight calculation took 0.014217576 secs
ASTRAL finished in 0.103 secs
