
================== ASTRAL ===================== 

This is ASTRAL version 5.7.8
Gene trees are treated as unrooted
518 trees read from quartet_temp.txt
index0
All output trees will be *arbitrarily* rooted at t3

======== Running the main analysis
Number of taxa: 10 (10 species)
Taxa: [t3, t4, t1, t8, t6, t7, t2, t9, t10, t5]
Taxon occupancy: {t4=251, t5=171, t6=177, t10=218, t7=201, t8=260, t9=234, t1=111, t2=224, t3=225}
Number of gene trees: 518
518 trees have missing taxa
Calculating quartet distance matrix (for completion of X)
Species tree distances calculated ...
Will attempt to complete bipartitions from X before adding using a distance matrix.
Building set of clusters (X) from gene trees 
------------------------------
gradient0: 69
Number of Clusters after addition by distance: 69
calculating extra bipartitions to be added at level 1 ...
Adding to X using resolutions of greedy consensus ...
Limit for sigma of degrees:300
polytomy size limit : 3
discarded polytomies:  []
Threshold 0.0:
Threshold 0.01:
Threshold 0.02:
Threshold 0.05:
Threshold 0.1:
Threshold 0.2:
Threshold 0.3333333333333333:
max k is :0
Number of Clusters after addition by greedy: 69
gradient0 in heuristiic: 69
calculating all possible bipartitions ...
Number of Clusters After Adding All possible clusters: 1023
partitions formed in 0.062 secs
Dynamic Programming starting after 0.062 secs
Using tree-based weight calculation.
Using polytree-based weight calculation.
Polytree max score: 518
Polytree building time: 0.005 seconds.
Number of quartet trees in the gene trees: 518
Size of largest cluster: 10
Greedy score: 501
estimationFactor: 1.033932135728543
Sub-optimal score: 502
Total Number of elements weighted: 1094
Normalized score (portion of input quartet trees satisfied before correcting for multiple individuals): 0.9691119691119691
Optimization score: 502
Optimal tree inferred in 0.12 secs.
(t4,((t3,(t5,(t2,t9))),(t6,(t7,(t1,(t8,t10))))));
Final quartet score is: 502
Final normalized quartet score is: 0.9691119691119691
You may want to ignore posterior probabilities and other statistics related to the following branch branch because the effective number of genes impacting it is only 10:
	{t2, t9}
You may want to ignore posterior probabilities and other statistics related to the following branch branch because the effective number of genes impacting it is only 5:
	{t2, t9, t5}
You may want to ignore posterior probabilities and other statistics related to the following branch branch because the effective number of genes impacting it is only 1:
	{t8, t10}
You may want to ignore posterior probabilities and other statistics related to the following branch branch because the effective number of genes impacting it is only 2:
	{t1, t8, t10}
You may want to ignore posterior probabilities and other statistics related to the following branch branch because the effective number of genes impacting it is only 10:
	{t1, t8, t7, t10}
You may want to ignore posterior probabilities and other statistics related to the following branch branch because the effective number of genes impacting it is only 14:
	{t4, t1, t8, t6, t7, t10}
Extended species tree:
(t3,((t5,(t2,t9)0.99:0.8938178760220965)0.99:1.3862943611198908,((t6,(t7,(t1,(t8,t10)0.67:0.2876820724517809)0.42:0.0)1:1.9924301646902058)1:3.6720723357975578,t4)0.95:0.5108256237659905));
Weight calculation took 0.030909902 secs
ASTRAL finished in 0.166 secs
