
================== ASTRAL ===================== 

This is ASTRAL version 5.7.8
Gene trees are treated as unrooted
456 trees read from quartet_temp.txt
index0
All output trees will be *arbitrarily* rooted at t3

======== Running the main analysis
Number of taxa: 10 (10 species)
Taxa: [t3, t5, t1, t4, t6, t7, t2, t10, t8, t9]
Taxon occupancy: {t4=205, t5=221, t6=252, t10=269, t7=171, t8=141, t9=146, t1=75, t2=183, t3=161}
Number of gene trees: 456
456 trees have missing taxa
Calculating quartet distance matrix (for completion of X)
Species tree distances calculated ...
Will attempt to complete bipartitions from X before adding using a distance matrix.
Building set of clusters (X) from gene trees 
------------------------------
gradient0: 47
Number of Clusters after addition by distance: 47
calculating extra bipartitions to be added at level 1 ...
Adding to X using resolutions of greedy consensus ...
Limit for sigma of degrees:300
polytomy size limit : 3
discarded polytomies:  []
Threshold 0.0:
Threshold 0.01:
Threshold 0.02:
Threshold 0.05:
Threshold 0.1:
Threshold 0.2:
Threshold 0.3333333333333333:
max k is :0
Number of Clusters after addition by greedy: 47
gradient0 in heuristiic: 47
calculating all possible bipartitions ...
Number of Clusters After Adding All possible clusters: 1023
partitions formed in 0.054 secs
Dynamic Programming starting after 0.054 secs
Using tree-based weight calculation.
Using polytree-based weight calculation.
Polytree max score: 456
Polytree building time: 0.005 seconds.
Number of quartet trees in the gene trees: 456
Size of largest cluster: 10
Greedy score: 441
estimationFactor: 1.034013605442177
Sub-optimal score: 441
Total Number of elements weighted: 1233
Normalized score (portion of input quartet trees satisfied before correcting for multiple individuals): 0.9671052631578947
Optimization score: 441
Optimal tree inferred in 0.112 secs.
(t5,((t3,t4),((t1,(t6,t10)),(t2,(t7,(t8,t9))))));
Final quartet score is: 441
Final normalized quartet score is: 0.9671052631578947
You may want to ignore posterior probabilities and other statistics related to the following branch branch because the effective number of genes impacting it is only 7:
	{t6, t10}
You may want to ignore posterior probabilities and other statistics related to the following branch branch because the effective number of genes impacting it is only 19:
	{t1, t6, t10}
You may want to ignore posterior probabilities and other statistics related to the following branch branch because the effective number of genes impacting it is only 5:
	{t8, t9}
You may want to ignore posterior probabilities and other statistics related to the following branch branch because the effective number of genes impacting it is only 9:
	{t7, t8, t9}
You may want to ignore posterior probabilities and other statistics related to the following branch branch because the effective number of genes impacting it is only 0:
	{t1, t6, t7, t2, t10, t8, t9}
You may want to ignore posterior probabilities and other statistics related to the following branch branch because the effective number of genes impacting it is only 12:
	{t5, t1, t6, t7, t2, t10, t8, t9}
Extended species tree:
(t3,(t4,(((t1,(t6,t10)1:1.6739764335716716)1:2.590267165445826,(t2,(t7,(t8,t9)0.99:1.3862943611198908)0.93:0.5108256237659905)1:0.6931471805599453)0.33:0.0,t5)1:1.0608719606852628));
Weight calculation took 0.029256387 secs
ASTRAL finished in 0.154 secs
