
================== ASTRAL ===================== 

This is ASTRAL version 5.7.8
Gene trees are treated as unrooted
504 trees read from quartet_temp.txt
index0
All output trees will be *arbitrarily* rooted at t6

======== Running the main analysis
Number of taxa: 10 (10 species)
Taxa: [t6, t7, t2, t3, t5, t8, t4, t9, t1, t10]
Taxon occupancy: {t4=238, t5=315, t6=293, t10=84, t7=148, t8=265, t9=198, t1=108, t2=158, t3=209}
Number of gene trees: 504
504 trees have missing taxa
Calculating quartet distance matrix (for completion of X)
Species tree distances calculated ...
Will attempt to complete bipartitions from X before adding using a distance matrix.
Building set of clusters (X) from gene trees 
------------------------------
gradient0: 43
Number of Clusters after addition by distance: 43
calculating extra bipartitions to be added at level 1 ...
Adding to X using resolutions of greedy consensus ...
Limit for sigma of degrees:300
polytomy size limit : 3
discarded polytomies:  []
Threshold 0.0:
Threshold 0.01:
Threshold 0.02:
Threshold 0.05:
Threshold 0.1:
Threshold 0.2:
Threshold 0.3333333333333333:
max k is :0
Number of Clusters after addition by greedy: 43
gradient0 in heuristiic: 43
calculating all possible bipartitions ...
Number of Clusters After Adding All possible clusters: 1023
partitions formed in 0.056 secs
Dynamic Programming starting after 0.056 secs
Using tree-based weight calculation.
Using polytree-based weight calculation.
Polytree max score: 504
Polytree building time: 0.005 seconds.
Number of quartet trees in the gene trees: 504
Size of largest cluster: 10
Greedy score: 501
estimationFactor: 1.0059880239520957
Sub-optimal score: 501
Total Number of elements weighted: 857
Normalized score (portion of input quartet trees satisfied before correcting for multiple individuals): 0.9940476190476191
Optimization score: 501
Optimal tree inferred in 0.106 secs.
(t7,((t1,t10),((t6,t5),((t4,t9),(t3,(t2,t8))))));
Final quartet score is: 501
Final normalized quartet score is: 0.9940476190476191
You may want to ignore posterior probabilities and other statistics related to the following branch branch because the effective number of genes impacting it is only 17:
	{t4, t9}
You may want to ignore posterior probabilities and other statistics related to the following branch branch because the effective number of genes impacting it is only 2:
	{t2, t8}
You may want to ignore posterior probabilities and other statistics related to the following branch branch because the effective number of genes impacting it is only 16:
	{t2, t3, t8}
You may want to ignore posterior probabilities and other statistics related to the following branch branch because the effective number of genes impacting it is only 9:
	{t1, t10}
You may want to ignore posterior probabilities and other statistics related to the following branch branch because the effective number of genes impacting it is only 0:
	{t7, t1, t10}
Extended species tree:
(t6,(t5,(((t4,t9)1:2.484906649788,(t3,(t2,t8)0.87:0.6931471805599453)1:2.4277482359480516)1:3.0602707946915624,((t1,t10)1:1.8971199848858815,t7)0.33:0.0)1:1.9924301646902058));
Weight calculation took 0.02174415 secs
ASTRAL finished in 0.15 secs
