
================== ASTRAL ===================== 

This is ASTRAL version 5.7.8
Gene trees are treated as unrooted
484 trees read from quartet_temp.txt
index0
All output trees will be *arbitrarily* rooted at t10

======== Running the main analysis
Number of taxa: 10 (10 species)
Taxa: [t10, t4, t3, t8, t2, t1, t6, t5, t7, t9]
Taxon occupancy: {t4=245, t5=222, t10=249, t6=162, t7=89, t8=174, t9=138, t1=203, t2=169, t3=285}
Number of gene trees: 484
484 trees have missing taxa
Calculating quartet distance matrix (for completion of X)
Species tree distances calculated ...
Will attempt to complete bipartitions from X before adding using a distance matrix.
Building set of clusters (X) from gene trees 
------------------------------
gradient0: 61
Number of Clusters after addition by distance: 61
calculating extra bipartitions to be added at level 1 ...
Adding to X using resolutions of greedy consensus ...
Limit for sigma of degrees:300
polytomy size limit : 3
discarded polytomies:  []
Threshold 0.0:
Threshold 0.01:
Threshold 0.02:
Threshold 0.05:
Threshold 0.1:
Threshold 0.2:
Threshold 0.3333333333333333:
max k is :0
Number of Clusters after addition by greedy: 61
gradient0 in heuristiic: 61
calculating all possible bipartitions ...
Number of Clusters After Adding All possible clusters: 1023
partitions formed in 0.057 secs
Dynamic Programming starting after 0.057 secs
Using tree-based weight calculation.
Using polytree-based weight calculation.
Polytree max score: 484
Polytree building time: 0.005 seconds.
Number of quartet trees in the gene trees: 484
Size of largest cluster: 10
Greedy score: 472
estimationFactor: 1.0254237288135593
Sub-optimal score: 472
Total Number of elements weighted: 1038
Normalized score (portion of input quartet trees satisfied before correcting for multiple individuals): 0.9793388429752066
Optimization score: 474
Optimal tree inferred in 0.112 secs.
(t4,(t10,((t1,(t7,(t6,t9))),(t2,(t8,(t3,t5))))));
Final quartet score is: 474
Final normalized quartet score is: 0.9793388429752066
You may want to ignore posterior probabilities and other statistics related to the following branch branch because the effective number of genes impacting it is only 0:
	{t6, t9}
You may want to ignore posterior probabilities and other statistics related to the following branch branch because the effective number of genes impacting it is only 18:
	{t6, t7, t9}
You may want to ignore posterior probabilities and other statistics related to the following branch branch because the effective number of genes impacting it is only 6:
	{t1, t6, t7, t9}
You may want to ignore posterior probabilities and other statistics related to the following branch branch because the effective number of genes impacting it is only 13:
	{t3, t8, t5}
You may want to ignore posterior probabilities and other statistics related to the following branch branch because the effective number of genes impacting it is only 12:
	{t3, t8, t2, t5}
Extended species tree:
(t10,(((t1,(t7,(t6,t9)0.33:0.0)1:2.538973871058275)0.83:0.4418327522790392,(t2,(t8,(t3,t5)1:1.3437347467010947)1:1.5404450409471486)1:1.0608719606852628)1:3.884994333040223,t4));
Weight calculation took 0.026877866 secs
ASTRAL finished in 0.155 secs
