
================== ASTRAL ===================== 

This is ASTRAL version 5.7.8
Gene trees are treated as unrooted
1420 trees read from quartet_temp.txt
index0
All output trees will be *arbitrarily* rooted at t7

======== Running the main analysis
Number of taxa: 10 (10 species)
Taxa: [t7, t8, t2, t4, t5, t6, t10, t1, t3, t9]
Taxon occupancy: {t4=727, t5=643, t6=475, t10=586, t7=451, t8=707, t9=648, t1=386, t2=613, t3=444}
Number of gene trees: 1420
1420 trees have missing taxa
Calculating quartet distance matrix (for completion of X)
Species tree distances calculated ...
Will attempt to complete bipartitions from X before adding using a distance matrix.
Building set of clusters (X) from gene trees 
------------------------------
gradient0: 51
Number of Clusters after addition by distance: 51
calculating extra bipartitions to be added at level 1 ...
Adding to X using resolutions of greedy consensus ...
Limit for sigma of degrees:300
polytomy size limit : 3
discarded polytomies:  []
Threshold 0.0:
Threshold 0.01:
Threshold 0.02:
Threshold 0.05:
Threshold 0.1:
Threshold 0.2:
Threshold 0.3333333333333333:
max k is :0
Number of Clusters after addition by greedy: 51
gradient0 in heuristiic: 51
calculating all possible bipartitions ...
Number of Clusters After Adding All possible clusters: 1023
partitions formed in 0.103 secs
Dynamic Programming starting after 0.103 secs
Using tree-based weight calculation.
Using polytree-based weight calculation.
Polytree max score: 1420
Polytree building time: 0.009 seconds.
Number of quartet trees in the gene trees: 1420
Size of largest cluster: 10
Greedy score: 1393
estimationFactor: 1.0193826274228284
Sub-optimal score: 1393
Total Number of elements weighted: 1213
Normalized score (portion of input quartet trees satisfied before correcting for multiple individuals): 0.9809859154929578
Optimization score: 1393
Optimal tree inferred in 0.19 secs.
(t8,(t9,(t10,(t7,((t4,t5),(t6,(t2,(t1,t3))))))));
Final quartet score is: 1393
Final normalized quartet score is: 0.9809859154929578
You may want to ignore posterior probabilities and other statistics related to the following branch branch because the effective number of genes impacting it is only 15:
	{t1, t3}
Extended species tree:
(t7,(((t4,t5)1:1.0414538748281608,(t6,(t2,(t1,t3)1:2.367123614131617)1:2.799987696427895)0.98:0.4418327522790392)1:4.557379522151745,(t10,(t9,t8)1:1.252762968495368)1:2.302585092994046));
Weight calculation took 0.050304179 secs
ASTRAL finished in 0.253 secs
