
================== ASTRAL ===================== 

This is ASTRAL version 5.7.8
Gene trees are treated as unrooted
240 trees read from quartet_temp.txt
index0
All output trees will be *arbitrarily* rooted at t6

======== Running the main analysis
Number of taxa: 10 (10 species)
Taxa: [t6, t7, t10, t4, t9, t5, t2, t3, t1, t8]
Taxon occupancy: {t4=75, t5=100, t6=134, t10=104, t7=98, t8=92, t9=103, t1=82, t2=78, t3=94}
Number of gene trees: 240
240 trees have missing taxa
Calculating quartet distance matrix (for completion of X)
Species tree distances calculated ...
Will attempt to complete bipartitions from X before adding using a distance matrix.
Building set of clusters (X) from gene trees 
------------------------------
gradient0: 61
Number of Clusters after addition by distance: 61
calculating extra bipartitions to be added at level 1 ...
Adding to X using resolutions of greedy consensus ...
Limit for sigma of degrees:300
polytomy size limit : 3
discarded polytomies:  []
Threshold 0.0:
Threshold 0.01:
Threshold 0.02:
Threshold 0.05:
Threshold 0.1:
Threshold 0.2:
Threshold 0.3333333333333333:
max k is :0
Number of Clusters after addition by greedy: 61
gradient0 in heuristiic: 61
calculating all possible bipartitions ...
Number of Clusters After Adding All possible clusters: 1023
partitions formed in 0.041 secs
Dynamic Programming starting after 0.041 secs
Using tree-based weight calculation.
Using polytree-based weight calculation.
Polytree max score: 240
Polytree building time: 0.005 seconds.
Number of quartet trees in the gene trees: 240
Size of largest cluster: 10
Greedy score: 229
estimationFactor: 1.0480349344978166
Sub-optimal score: 229
Total Number of elements weighted: 967
Normalized score (portion of input quartet trees satisfied before correcting for multiple individuals): 0.9541666666666667
Optimization score: 229
Optimal tree inferred in 0.088 secs.
(t7,(t6,((t5,(t10,t4)),((t9,t2),(t1,(t3,t8))))));
Final quartet score is: 229
Final normalized quartet score is: 0.9541666666666667
You may want to ignore posterior probabilities and other statistics related to the following branch branch because the effective number of genes impacting it is only 11:
	{t10, t4}
You may want to ignore posterior probabilities and other statistics related to the following branch branch because the effective number of genes impacting it is only 15:
	{t10, t4, t5}
You may want to ignore posterior probabilities and other statistics related to the following branch branch because the effective number of genes impacting it is only 8:
	{t9, t2}
You may want to ignore posterior probabilities and other statistics related to the following branch branch because the effective number of genes impacting it is only 3:
	{t3, t8}
You may want to ignore posterior probabilities and other statistics related to the following branch branch because the effective number of genes impacting it is only 8:
	{t3, t1, t8}
You may want to ignore posterior probabilities and other statistics related to the following branch branch because the effective number of genes impacting it is only 10:
	{t10, t4, t9, t5, t2, t3, t1, t8}
Extended species tree:
(t6,(((t5,(t10,t4)1:2.0794415416798353)1:0.7576857016975165,((t9,t2)1:1.7917594692280545,(t1,(t3,t8)0.95:0.9808292530117262)1:1.7917594692280545)1:2.9957322735539913)0.82:0.38299225225610567,t7));
Weight calculation took 0.018932382 secs
ASTRAL finished in 0.122 secs
