
================== ASTRAL ===================== 

This is ASTRAL version 5.7.8
Gene trees are treated as unrooted
2811 trees read from quartet_temp.txt
index0
All output trees will be *arbitrarily* rooted at t2

======== Running the main analysis
Number of taxa: 10 (10 species)
Taxa: [t2, t9, t1, t3, t6, t7, t10, t8, t4, t5]
Taxon occupancy: {t4=565, t5=836, t6=1253, t10=1301, t7=1223, t8=1143, t9=1388, t1=923, t2=1254, t3=1358}
Number of gene trees: 2811
2811 trees have missing taxa
Calculating quartet distance matrix (for completion of X)
Species tree distances calculated ...
Will attempt to complete bipartitions from X before adding using a distance matrix.
Building set of clusters (X) from gene trees 
------------------------------
gradient0: 57
Number of Clusters after addition by distance: 57
calculating extra bipartitions to be added at level 1 ...
Adding to X using resolutions of greedy consensus ...
Limit for sigma of degrees:300
polytomy size limit : 3
discarded polytomies:  []
Threshold 0.0:
Threshold 0.01:
Threshold 0.02:
Threshold 0.05:
Threshold 0.1:
Threshold 0.2:
Threshold 0.3333333333333333:
max k is :0
Number of Clusters after addition by greedy: 57
gradient0 in heuristiic: 57
calculating all possible bipartitions ...
Number of Clusters After Adding All possible clusters: 1023
partitions formed in 0.164 secs
Dynamic Programming starting after 0.164 secs
Using tree-based weight calculation.
Using polytree-based weight calculation.
Polytree max score: 2811
Polytree building time: 0.011 seconds.
Number of quartet trees in the gene trees: 2811
Size of largest cluster: 10
Greedy score: 2796
estimationFactor: 1.0053648068669527
Sub-optimal score: 2796
Total Number of elements weighted: 1050
Normalized score (portion of input quartet trees satisfied before correcting for multiple individuals): 0.9946638207043756
Optimization score: 2796
Optimal tree inferred in 0.268 secs.
(t9,(t3,(t8,(t1,((t4,t5),((t6,t7),(t2,t10)))))));
Final quartet score is: 2796
Final normalized quartet score is: 0.9946638207043756
Extended species tree:
(t2,(t10,((t6,t7)1:3.444682493601893,((t4,t5)1:2.4277482359480516,(t1,(t8,(t3,t9)1:2.793208009442516)1:1.9459101490553135)1:4.770684624465674)1:2.890371757896163)1:3.7942399697717617));
Weight calculation took 0.061735504 secs
ASTRAL finished in 0.348 secs
