
================== ASTRAL ===================== 

This is ASTRAL version 5.7.8
Gene trees are treated as unrooted
1218 trees read from quartet_temp.txt
index0
All output trees will be *arbitrarily* rooted at t6

======== Running the main analysis
Number of taxa: 10 (10 species)
Taxa: [t6, t7, t1, t2, t3, t4, t8, t9, t10, t5]
Taxon occupancy: {t4=410, t5=441, t6=560, t10=610, t7=522, t8=252, t9=587, t1=273, t2=598, t3=619}
Number of gene trees: 1218
1218 trees have missing taxa
Calculating quartet distance matrix (for completion of X)
Species tree distances calculated ...
Will attempt to complete bipartitions from X before adding using a distance matrix.
Building set of clusters (X) from gene trees 
------------------------------
gradient0: 47
Number of Clusters after addition by distance: 47
calculating extra bipartitions to be added at level 1 ...
Adding to X using resolutions of greedy consensus ...
Limit for sigma of degrees:300
polytomy size limit : 3
discarded polytomies:  []
Threshold 0.0:
Threshold 0.01:
Threshold 0.02:
Threshold 0.05:
Threshold 0.1:
Threshold 0.2:
Threshold 0.3333333333333333:
max k is :0
Number of Clusters after addition by greedy: 47
gradient0 in heuristiic: 47
calculating all possible bipartitions ...
Number of Clusters After Adding All possible clusters: 1023
partitions formed in 0.099 secs
Dynamic Programming starting after 0.099 secs
Using tree-based weight calculation.
Using polytree-based weight calculation.
Polytree max score: 1218
Polytree building time: 0.007 seconds.
Number of quartet trees in the gene trees: 1218
Size of largest cluster: 10
Greedy score: 1212
estimationFactor: 1.004950495049505
Sub-optimal score: 1212
Total Number of elements weighted: 1017
Normalized score (portion of input quartet trees satisfied before correcting for multiple individuals): 0.9950738916256158
Optimization score: 1212
Optimal tree inferred in 0.178 secs.
(t7,(t6,(t5,((t9,t10),((t4,t8),(t1,(t2,t3)))))));
Final quartet score is: 1212
Final normalized quartet score is: 0.9950738916256158
You may want to ignore posterior probabilities and other statistics related to the following branch branch because the effective number of genes impacting it is only 3:
	{t4, t8}
You may want to ignore posterior probabilities and other statistics related to the following branch branch because the effective number of genes impacting it is only 9:
	{t1, t2, t3, t4, t8, t9, t10}
Extended species tree:
(t6,((t5,((t9,t10)1:3.98898404656427,((t4,t8)0.95:0.9808292530117262,(t1,(t2,t3)1:3.149882953381249)1:2.9957322735539913)1:3.5263605246161593)1:1.8971199848858815)1:1.8971199848858815,t7));
Weight calculation took 0.045994186 secs
ASTRAL finished in 0.239 secs
