
================== ASTRAL ===================== 

This is ASTRAL version 5.7.8
Gene trees are treated as unrooted
440 trees read from quartet_temp.txt
index0
All output trees will be *arbitrarily* rooted at t7

======== Running the main analysis
Number of taxa: 10 (10 species)
Taxa: [t7, t8, t10, t6, t5, t9, t1, t2, t4, t3]
Taxon occupancy: {t4=218, t5=208, t10=262, t6=236, t7=86, t8=140, t9=197, t1=127, t2=176, t3=110}
Number of gene trees: 440
440 trees have missing taxa
Calculating quartet distance matrix (for completion of X)
Species tree distances calculated ...
Will attempt to complete bipartitions from X before adding using a distance matrix.
Building set of clusters (X) from gene trees 
------------------------------
gradient0: 45
Number of Clusters after addition by distance: 45
calculating extra bipartitions to be added at level 1 ...
Adding to X using resolutions of greedy consensus ...
Limit for sigma of degrees:300
polytomy size limit : 3
discarded polytomies:  []
Threshold 0.0:
Threshold 0.01:
Threshold 0.02:
Threshold 0.05:
Threshold 0.1:
Threshold 0.2:
Threshold 0.3333333333333333:
max k is :0
Number of Clusters after addition by greedy: 45
gradient0 in heuristiic: 45
calculating all possible bipartitions ...
Number of Clusters After Adding All possible clusters: 1023
partitions formed in 0.055 secs
Dynamic Programming starting after 0.055 secs
Using tree-based weight calculation.
Using polytree-based weight calculation.
Polytree max score: 440
Polytree building time: 0.005 seconds.
Number of quartet trees in the gene trees: 440
Size of largest cluster: 10
Greedy score: 438
estimationFactor: 1.004566210045662
Sub-optimal score: 438
Total Number of elements weighted: 812
Normalized score (portion of input quartet trees satisfied before correcting for multiple individuals): 0.9954545454545455
Optimization score: 438
Optimal tree inferred in 0.104 secs.
(t8,((t1,(t2,(t10,t6))),(t7,((t5,t4),(t9,t3)))));
Final quartet score is: 438
Final normalized quartet score is: 0.9954545454545455
You may want to ignore posterior probabilities and other statistics related to the following branch branch because the effective number of genes impacting it is only 3:
	{t5, t4}
You may want to ignore posterior probabilities and other statistics related to the following branch branch because the effective number of genes impacting it is only 1:
	{t9, t3}
You may want to ignore posterior probabilities and other statistics related to the following branch branch because the effective number of genes impacting it is only 16:
	{t5, t9, t4, t3}
You may want to ignore posterior probabilities and other statistics related to the following branch branch because the effective number of genes impacting it is only 18:
	{t10, t6}
You may want to ignore posterior probabilities and other statistics related to the following branch branch because the effective number of genes impacting it is only 3:
	{t10, t6, t2}
You may want to ignore posterior probabilities and other statistics related to the following branch branch because the effective number of genes impacting it is only 18:
	{t10, t6, t1, t2}
You may want to ignore posterior probabilities and other statistics related to the following branch branch because the effective number of genes impacting it is only 3:
	{t8, t10, t6, t1, t2}
Extended species tree:
(t7,(((t5,t4)0.95:0.9808292530117262,(t9,t3)0.67:0.2876820724517809)1:2.4277482359480516,((t1,(t2,(t10,t6)1:2.538973871058275)0.95:0.9808292530117262)1:2.538973871058275,t8)0.95:0.9808292530117262));
Weight calculation took 0.021642829 secs
ASTRAL finished in 0.15 secs
