
================== ASTRAL ===================== 

This is ASTRAL version 5.7.8
Gene trees are treated as unrooted
730 trees read from quartet_temp.txt
index0
All output trees will be *arbitrarily* rooted at t5

======== Running the main analysis
Number of taxa: 10 (10 species)
Taxa: [t5, t7, t10, t4, t8, t9, t1, t2, t3, t6]
Taxon occupancy: {t4=382, t5=381, t10=433, t6=180, t7=377, t8=226, t9=277, t1=191, t2=305, t3=168}
Number of gene trees: 730
730 trees have missing taxa
Calculating quartet distance matrix (for completion of X)
Species tree distances calculated ...
Will attempt to complete bipartitions from X before adding using a distance matrix.
Building set of clusters (X) from gene trees 
------------------------------
gradient0: 63
Number of Clusters after addition by distance: 63
calculating extra bipartitions to be added at level 1 ...
Adding to X using resolutions of greedy consensus ...
Limit for sigma of degrees:300
polytomy size limit : 3
discarded polytomies:  []
Threshold 0.0:
Threshold 0.01:
Threshold 0.02:
Threshold 0.05:
Threshold 0.1:
Threshold 0.2:
Threshold 0.3333333333333333:
max k is :0
Number of Clusters after addition by greedy: 63
gradient0 in heuristiic: 63
calculating all possible bipartitions ...
Number of Clusters After Adding All possible clusters: 1023
partitions formed in 0.077 secs
Dynamic Programming starting after 0.077 secs
Using tree-based weight calculation.
Using polytree-based weight calculation.
Polytree max score: 730
Polytree building time: 0.009 seconds.
Number of quartet trees in the gene trees: 730
Size of largest cluster: 10
Greedy score: 691
estimationFactor: 1.0564399421128798
Sub-optimal score: 691
Total Number of elements weighted: 1453
Normalized score (portion of input quartet trees satisfied before correcting for multiple individuals): 0.9465753424657535
Optimization score: 691
Optimal tree inferred in 0.16 secs.
(t7,(t5,(t8,(t9,(t6,(t2,(t1,(t3,(t10,t4)))))))));
Final quartet score is: 691
Final normalized quartet score is: 0.9465753424657535
You may want to ignore posterior probabilities and other statistics related to the following branch branch because the effective number of genes impacting it is only 12:
	{t10, t4}
You may want to ignore posterior probabilities and other statistics related to the following branch branch because the effective number of genes impacting it is only 5:
	{t10, t4, t3}
You may want to ignore posterior probabilities and other statistics related to the following branch branch because the effective number of genes impacting it is only 10:
	{t10, t4, t1, t2, t3}
You may want to ignore posterior probabilities and other statistics related to the following branch branch because the effective number of genes impacting it is only 12:
	{t10, t4, t9, t1, t2, t3, t6}
Extended species tree:
(t5,((t8,(t9,(t6,(t2,(t1,(t3,(t10,t4)1:1.0608719606852628)0.99:1.3862943611198908)1:2.92673940206704)0.48:0.20067069546215124)1:0.6061358035703156)0.48:0.21357410029805904)1:3.120895416507997,t7));
Weight calculation took 0.047068831 secs
ASTRAL finished in 0.215 secs
