
================== ASTRAL ===================== 

This is ASTRAL version 5.7.8
Gene trees are treated as unrooted
320 trees read from quartet_temp.txt
index0
All output trees will be *arbitrarily* rooted at t10

======== Running the main analysis
Number of taxa: 10 (10 species)
Taxa: [t10, t6, t4, t8, t5, t9, t1, t7, t3, t2]
Taxon occupancy: {t4=139, t5=114, t10=194, t6=200, t7=96, t8=172, t9=143, t1=100, t2=74, t3=48}
Number of gene trees: 320
320 trees have missing taxa
Calculating quartet distance matrix (for completion of X)
Species tree distances calculated ...
Will attempt to complete bipartitions from X before adding using a distance matrix.
Building set of clusters (X) from gene trees 
------------------------------
gradient0: 55
Number of Clusters after addition by distance: 55
calculating extra bipartitions to be added at level 1 ...
Adding to X using resolutions of greedy consensus ...
Limit for sigma of degrees:300
polytomy size limit : 3
discarded polytomies:  []
Threshold 0.0:
Threshold 0.01:
Threshold 0.02:
Threshold 0.05:
Threshold 0.1:
Threshold 0.2:
Threshold 0.3333333333333333:
max k is :0
Number of Clusters after addition by greedy: 55
gradient0 in heuristiic: 55
calculating all possible bipartitions ...
Number of Clusters After Adding All possible clusters: 1023
partitions formed in 0.047 secs
Dynamic Programming starting after 0.047 secs
Using tree-based weight calculation.
Using polytree-based weight calculation.
Polytree max score: 320
Polytree building time: 0.004 seconds.
Number of quartet trees in the gene trees: 320
Size of largest cluster: 10
Greedy score: 276
estimationFactor: 1.1594202898550725
Sub-optimal score: 290
Total Number of elements weighted: 1554
Normalized score (portion of input quartet trees satisfied before correcting for multiple individuals): 0.9375
Optimization score: 300
Optimal tree inferred in 0.106 secs.
(t6,(t10,((t4,t8),(t1,((t5,t9),(t3,(t7,t2)))))));
Final quartet score is: 300
Final normalized quartet score is: 0.9375
You may want to ignore posterior probabilities and other statistics related to the following branch branch because the effective number of genes impacting it is only 0:
	{t7, t2}
You may want to ignore posterior probabilities and other statistics related to the following branch branch because the effective number of genes impacting it is only 3:
	{t7, t3, t2}
You may want to ignore posterior probabilities and other statistics related to the following branch branch because the effective number of genes impacting it is only 6:
	{t5, t9, t7, t3, t2}
You may want to ignore posterior probabilities and other statistics related to the following branch branch because the effective number of genes impacting it is only 14:
	{t5, t9, t1, t7, t3, t2}
Extended species tree:
(t10,(((t4,t8)1:0.9808292530117262,(t1,((t5,t9)1:1.586965056582042,(t3,(t7,t2)0.33:0.0)0.95:0.9808292530117262)0.83:0.4418327522790392)0.99:0.6931471805599453)1:3.2321210516182224,t6));
Weight calculation took 0.031298019 secs
ASTRAL finished in 0.143 secs
