
================== ASTRAL ===================== 

This is ASTRAL version 5.7.8
Gene trees are treated as unrooted
306 trees read from quartet_temp.txt
index0
All output trees will be *arbitrarily* rooted at t3

======== Running the main analysis
Number of taxa: 10 (10 species)
Taxa: [t3, t4, t1, t2, t10, t5, t6, t7, t8, t9]
Taxon occupancy: {t4=156, t5=148, t10=66, t6=157, t7=134, t8=96, t9=105, t1=66, t2=135, t3=161}
Number of gene trees: 306
306 trees have missing taxa
Calculating quartet distance matrix (for completion of X)
Species tree distances calculated ...
Will attempt to complete bipartitions from X before adding using a distance matrix.
Building set of clusters (X) from gene trees 
------------------------------
gradient0: 61
Number of Clusters after addition by distance: 61
calculating extra bipartitions to be added at level 1 ...
Adding to X using resolutions of greedy consensus ...
Limit for sigma of degrees:300
polytomy size limit : 3
discarded polytomies:  []
Threshold 0.0:
Threshold 0.01:
Threshold 0.02:
Threshold 0.05:
Threshold 0.1:
Threshold 0.2:
Threshold 0.3333333333333333:
max k is :0
Number of Clusters after addition by greedy: 61
gradient0 in heuristiic: 61
calculating all possible bipartitions ...
Number of Clusters After Adding All possible clusters: 1023
partitions formed in 0.047 secs
Dynamic Programming starting after 0.047 secs
Using tree-based weight calculation.
Using polytree-based weight calculation.
Polytree max score: 306
Polytree building time: 0.004 seconds.
Number of quartet trees in the gene trees: 306
Size of largest cluster: 10
Greedy score: 298
estimationFactor: 1.0268456375838926
Sub-optimal score: 298
Total Number of elements weighted: 843
Normalized score (portion of input quartet trees satisfied before correcting for multiple individuals): 0.9738562091503268
Optimization score: 298
Optimal tree inferred in 0.093 secs.
(t4,((t3,(t5,t6)),(t8,(t9,((t10,t7),(t1,t2))))));
Final quartet score is: 298
Final normalized quartet score is: 0.9738562091503268
You may want to ignore posterior probabilities and other statistics related to the following branch branch because the effective number of genes impacting it is only 14:
	{t5, t6}
You may want to ignore posterior probabilities and other statistics related to the following branch branch because the effective number of genes impacting it is only 3:
	{t10, t7}
You may want to ignore posterior probabilities and other statistics related to the following branch branch because the effective number of genes impacting it is only 2:
	{t1, t2}
You may want to ignore posterior probabilities and other statistics related to the following branch branch because the effective number of genes impacting it is only 4:
	{t1, t2, t10, t7}
You may want to ignore posterior probabilities and other statistics related to the following branch branch because the effective number of genes impacting it is only 1:
	{t1, t2, t10, t7, t9}
You may want to ignore posterior probabilities and other statistics related to the following branch branch because the effective number of genes impacting it is only 10:
	{t4, t1, t2, t10, t7, t8, t9}
Extended species tree:
(t3,((t5,t6)0.95:0.5108256237659905,((t8,(t9,((t10,t7)0.67:0.2876820724517809,(t1,t2)0.87:0.6931471805599453)0.98:1.2039728043259361)0.67:0.2876820724517809)1:3.1780538303479453,t4)0.99:0.8938178760220965));
Weight calculation took 0.018176137 secs
ASTRAL finished in 0.13 secs
