
================== ASTRAL ===================== 

This is ASTRAL version 5.7.8
Gene trees are treated as unrooted
824 trees read from quartet_temp.txt
index0
All output trees will be *arbitrarily* rooted at t2

======== Running the main analysis
Number of taxa: 10 (10 species)
Taxa: [t2, t6, t1, t5, t9, t10, t4, t8, t3, t7]
Taxon occupancy: {t4=373, t5=182, t6=409, t10=517, t7=363, t8=379, t9=486, t1=160, t2=219, t3=208}
Number of gene trees: 824
824 trees have missing taxa
Calculating quartet distance matrix (for completion of X)
Species tree distances calculated ...
Will attempt to complete bipartitions from X before adding using a distance matrix.
Building set of clusters (X) from gene trees 
------------------------------
gradient0: 57
Number of Clusters after addition by distance: 57
calculating extra bipartitions to be added at level 1 ...
Adding to X using resolutions of greedy consensus ...
Limit for sigma of degrees:300
polytomy size limit : 3
discarded polytomies:  []
Threshold 0.0:
Threshold 0.01:
Threshold 0.02:
Threshold 0.05:
Threshold 0.1:
Threshold 0.2:
Threshold 0.3333333333333333:
max k is :0
Number of Clusters after addition by greedy: 57
gradient0 in heuristiic: 57
calculating all possible bipartitions ...
Number of Clusters After Adding All possible clusters: 1023
partitions formed in 0.079 secs
Dynamic Programming starting after 0.079 secs
Using tree-based weight calculation.
Using polytree-based weight calculation.
Polytree max score: 824
Polytree building time: 0.006 seconds.
Number of quartet trees in the gene trees: 824
Size of largest cluster: 10
Greedy score: 815
estimationFactor: 1.011042944785276
Sub-optimal score: 815
Total Number of elements weighted: 1066
Normalized score (portion of input quartet trees satisfied before correcting for multiple individuals): 0.9890776699029126
Optimization score: 815
Optimal tree inferred in 0.147 secs.
(t6,(t2,((t4,t8),(t1,(t5,(t3,(t7,(t9,t10))))))));
Final quartet score is: 815
Final normalized quartet score is: 0.9890776699029126
You may want to ignore posterior probabilities and other statistics related to the following branch branch because the effective number of genes impacting it is only 16:
	{t9, t10, t7}
You may want to ignore posterior probabilities and other statistics related to the following branch branch because the effective number of genes impacting it is only 2:
	{t5, t9, t10, t3, t7}
You may want to ignore posterior probabilities and other statistics related to the following branch branch because the effective number of genes impacting it is only 6:
	{t1, t5, t9, t10, t3, t7}
You may want to ignore posterior probabilities and other statistics related to the following branch branch because the effective number of genes impacting it is only 7:
	{t1, t5, t9, t10, t4, t8, t3, t7}
Extended species tree:
(t2,(((t4,t8)1:3.205452804536062,(t1,(t5,(t3,(t7,(t9,t10)1:1.8971199848858815)1:2.4277482359480516)1:3.0602707946915624)0.87:0.6931471805599453)1:1.5404450409471486)0.74:0.2876820724517809,t6));
Weight calculation took 0.036667746 secs
ASTRAL finished in 0.2 secs
