
================== ASTRAL ===================== 

This is ASTRAL version 5.7.8
Gene trees are treated as unrooted
489 trees read from quartet_temp.txt
index0
All output trees will be *arbitrarily* rooted at t4

======== Running the main analysis
Number of taxa: 10 (10 species)
Taxa: [t4, t5, t1, t2, t9, t10, t6, t7, t8, t3]
Taxon occupancy: {t4=246, t5=287, t10=270, t6=267, t7=156, t8=135, t9=213, t1=130, t2=120, t3=132}
Number of gene trees: 489
489 trees have missing taxa
Calculating quartet distance matrix (for completion of X)
Species tree distances calculated ...
Will attempt to complete bipartitions from X before adding using a distance matrix.
Building set of clusters (X) from gene trees 
------------------------------
gradient0: 63
Number of Clusters after addition by distance: 63
calculating extra bipartitions to be added at level 1 ...
Adding to X using resolutions of greedy consensus ...
Limit for sigma of degrees:300
polytomy size limit : 3
discarded polytomies:  []
Threshold 0.0:
Threshold 0.01:
Threshold 0.02:
Threshold 0.05:
Threshold 0.1:
Threshold 0.2:
Threshold 0.3333333333333333:
max k is :0
Number of Clusters after addition by greedy: 63
gradient0 in heuristiic: 63
calculating all possible bipartitions ...
Number of Clusters After Adding All possible clusters: 1023
partitions formed in 0.058 secs
Dynamic Programming starting after 0.058 secs
Using tree-based weight calculation.
Using polytree-based weight calculation.
Polytree max score: 489
Polytree building time: 0.005 seconds.
Number of quartet trees in the gene trees: 489
Size of largest cluster: 10
Greedy score: 484
estimationFactor: 1.0103305785123966
Sub-optimal score: 484
Total Number of elements weighted: 1064
Normalized score (portion of input quartet trees satisfied before correcting for multiple individuals): 0.9897750511247444
Optimization score: 484
Optimal tree inferred in 0.115 secs.
(t5,(t4,(t9,(t3,(t7,(t8,(t1,(t2,(t10,t6)))))))));
Final quartet score is: 484
Final normalized quartet score is: 0.9897750511247444
You may want to ignore posterior probabilities and other statistics related to the following branch branch because the effective number of genes impacting it is only 9:
	{t10, t6}
You may want to ignore posterior probabilities and other statistics related to the following branch branch because the effective number of genes impacting it is only 2:
	{t2, t10, t6}
You may want to ignore posterior probabilities and other statistics related to the following branch branch because the effective number of genes impacting it is only 2:
	{t1, t2, t10, t6}
You may want to ignore posterior probabilities and other statistics related to the following branch branch because the effective number of genes impacting it is only 9:
	{t1, t2, t10, t6, t8}
You may want to ignore posterior probabilities and other statistics related to the following branch branch because the effective number of genes impacting it is only 14:
	{t1, t2, t10, t6, t7, t8, t3}
You may want to ignore posterior probabilities and other statistics related to the following branch branch because the effective number of genes impacting it is only 7:
	{t1, t2, t9, t10, t6, t7, t8, t3}
Extended species tree:
(t4,((t9,(t3,(t7,(t8,(t1,(t2,(t10,t6)1:1.8971199848858815)0.87:0.6931471805599453)0.87:0.6931471805599453)1:1.8971199848858815)1:1.076139432816051)1:2.302585092994046)0.99:0.9808292530117262,t5));
Weight calculation took 0.030028928 secs
ASTRAL finished in 0.159 secs
