
================== ASTRAL ===================== 

This is ASTRAL version 5.7.8
Gene trees are treated as unrooted
568 trees read from quartet_temp.txt
index0
All output trees will be *arbitrarily* rooted at t3

======== Running the main analysis
Number of taxa: 10 (10 species)
Taxa: [t3, t5, t1, t2, t8, t10, t9, t6, t7, t4]
Taxon occupancy: {t4=302, t5=276, t10=325, t6=302, t7=122, t8=207, t9=239, t1=165, t2=177, t3=157}
Number of gene trees: 568
568 trees have missing taxa
Calculating quartet distance matrix (for completion of X)
Species tree distances calculated ...
Will attempt to complete bipartitions from X before adding using a distance matrix.
Building set of clusters (X) from gene trees 
------------------------------
gradient0: 67
Number of Clusters after addition by distance: 67
calculating extra bipartitions to be added at level 1 ...
Adding to X using resolutions of greedy consensus ...
Limit for sigma of degrees:300
polytomy size limit : 3
discarded polytomies:  []
Threshold 0.0:
Threshold 0.01:
Threshold 0.02:
Threshold 0.05:
Threshold 0.1:
Threshold 0.2:
Threshold 0.3333333333333333:
max k is :0
Number of Clusters after addition by greedy: 67
gradient0 in heuristiic: 67
calculating all possible bipartitions ...
Number of Clusters After Adding All possible clusters: 1023
partitions formed in 0.065 secs
Dynamic Programming starting after 0.065 secs
Using tree-based weight calculation.
Using polytree-based weight calculation.
Polytree max score: 568
Polytree building time: 0.006 seconds.
Number of quartet trees in the gene trees: 568
Size of largest cluster: 10
Greedy score: 549
estimationFactor: 1.034608378870674
Sub-optimal score: 549
Total Number of elements weighted: 1545
Normalized score (portion of input quartet trees satisfied before correcting for multiple individuals): 0.9665492957746479
Optimization score: 549
Optimal tree inferred in 0.138 secs.
(t5,(t9,(t4,(t3,(t7,(t8,(t1,(t2,(t10,t6)))))))));
Final quartet score is: 549
Final normalized quartet score is: 0.9665492957746479
You may want to ignore posterior probabilities and other statistics related to the following branch branch because the effective number of genes impacting it is only 6:
	{t2, t10, t6}
You may want to ignore posterior probabilities and other statistics related to the following branch branch because the effective number of genes impacting it is only 15:
	{t1, t2, t10, t6}
You may want to ignore posterior probabilities and other statistics related to the following branch branch because the effective number of genes impacting it is only 4:
	{t1, t2, t8, t10, t6}
You may want to ignore posterior probabilities and other statistics related to the following branch branch because the effective number of genes impacting it is only 17:
	{t1, t2, t8, t10, t6, t7}
You may want to ignore posterior probabilities and other statistics related to the following branch branch because the effective number of genes impacting it is only 7:
	{t5, t9}
You may want to ignore posterior probabilities and other statistics related to the following branch branch because the effective number of genes impacting it is only 9:
	{t5, t9, t4}
Extended species tree:
(t3,((t7,(t8,(t1,(t2,(t10,t6)1:0.9808292530117262)0.97:0.8472978603872037)0.77:0.2876820724517809)0.98:1.2039728043259361)1:2.484906649788,(t4,(t9,t5)0.67:0.2876820724517809)1:1.8971199848858815));
Weight calculation took 0.039898276 secs
ASTRAL finished in 0.183 secs
