
================== ASTRAL ===================== 

This is ASTRAL version 5.7.8
Gene trees are treated as unrooted
429 trees read from quartet_temp.txt
index0
All output trees will be *arbitrarily* rooted at t2

======== Running the main analysis
Number of taxa: 10 (10 species)
Taxa: [t2, t3, t1, t8, t5, t10, t4, t6, t7, t9]
Taxon occupancy: {t4=188, t5=154, t10=152, t6=137, t7=160, t8=182, t9=194, t1=160, t2=223, t3=166}
Number of gene trees: 429
429 trees have missing taxa
Calculating quartet distance matrix (for completion of X)
Species tree distances calculated ...
Will attempt to complete bipartitions from X before adding using a distance matrix.
Building set of clusters (X) from gene trees 
------------------------------
gradient0: 63
Number of Clusters after addition by distance: 63
calculating extra bipartitions to be added at level 1 ...
Adding to X using resolutions of greedy consensus ...
Limit for sigma of degrees:300
polytomy size limit : 3
discarded polytomies:  []
Threshold 0.0:
Threshold 0.01:
Threshold 0.02:
Threshold 0.05:
Threshold 0.1:
Threshold 0.2:
Threshold 0.3333333333333333:
max k is :0
Number of Clusters after addition by greedy: 63
gradient0 in heuristiic: 63
calculating all possible bipartitions ...
Number of Clusters After Adding All possible clusters: 1023
partitions formed in 0.054 secs
Dynamic Programming starting after 0.054 secs
Using tree-based weight calculation.
Using polytree-based weight calculation.
Polytree max score: 429
Polytree building time: 0.005 seconds.
Number of quartet trees in the gene trees: 429
Size of largest cluster: 10
Greedy score: 407
estimationFactor: 1.054054054054054
Sub-optimal score: 407
Total Number of elements weighted: 1291
Normalized score (portion of input quartet trees satisfied before correcting for multiple individuals): 0.9533799533799534
Optimization score: 409
Optimal tree inferred in 0.118 secs.
(t3,((t5,(t10,t4)),((t6,(t2,t7)),(t1,(t8,t9)))));
Final quartet score is: 409
Final normalized quartet score is: 0.9533799533799534
You may want to ignore posterior probabilities and other statistics related to the following branch branch because the effective number of genes impacting it is only 19:
	{t8, t9}
You may want to ignore posterior probabilities and other statistics related to the following branch branch because the effective number of genes impacting it is only 2:
	{t10, t4}
You may want to ignore posterior probabilities and other statistics related to the following branch branch because the effective number of genes impacting it is only 17:
	{t5, t10, t4}
You may want to ignore posterior probabilities and other statistics related to the following branch branch because the effective number of genes impacting it is only 8:
	{t3, t1, t8, t5, t10, t4, t9}
Extended species tree:
(t2,(t7,(t6,((t1,(t8,t9)1:0.9808292530117262)1:2.6390573296152575,((t5,(t10,t4)0.87:0.6931471805599453)1:0.8754687373538999,t3)1:2.0794415416798353)0.82:0.40546510810816444)1:2.268683541318364));
Weight calculation took 0.036063578 secs
ASTRAL finished in 0.161 secs
