
================== ASTRAL ===================== 

This is ASTRAL version 5.7.8
Gene trees are treated as unrooted
515 trees read from quartet_temp.txt
index0
All output trees will be *arbitrarily* rooted at t6

======== Running the main analysis
Number of taxa: 10 (10 species)
Taxa: [t6, t7, t2, t9, t8, t3, t4, t10, t1, t5]
Taxon occupancy: {t4=216, t5=138, t6=184, t10=201, t7=229, t8=211, t9=251, t1=166, t2=268, t3=196}
Number of gene trees: 515
515 trees have missing taxa
Calculating quartet distance matrix (for completion of X)
Species tree distances calculated ...
Will attempt to complete bipartitions from X before adding using a distance matrix.
Building set of clusters (X) from gene trees 
------------------------------
gradient0: 61
Number of Clusters after addition by distance: 61
calculating extra bipartitions to be added at level 1 ...
Adding to X using resolutions of greedy consensus ...
Limit for sigma of degrees:300
polytomy size limit : 3
discarded polytomies:  []
Threshold 0.0:
Threshold 0.01:
Threshold 0.02:
Threshold 0.05:
Threshold 0.1:
Threshold 0.2:
Threshold 0.3333333333333333:
max k is :0
Number of Clusters after addition by greedy: 61
gradient0 in heuristiic: 61
calculating all possible bipartitions ...
Number of Clusters After Adding All possible clusters: 1023
partitions formed in 0.06 secs
Dynamic Programming starting after 0.06 secs
Using tree-based weight calculation.
Using polytree-based weight calculation.
Polytree max score: 515
Polytree building time: 0.005 seconds.
Number of quartet trees in the gene trees: 515
Size of largest cluster: 10
Greedy score: 495
estimationFactor: 1.0404040404040404
Sub-optimal score: 495
Total Number of elements weighted: 1006
Normalized score (portion of input quartet trees satisfied before correcting for multiple individuals): 0.970873786407767
Optimization score: 500
Optimal tree inferred in 0.116 secs.
(t7,((t10,(t8,t1)),(t6,(t4,(t3,(t5,(t2,t9)))))));
Final quartet score is: 500
Final normalized quartet score is: 0.970873786407767
You may want to ignore posterior probabilities and other statistics related to the following branch branch because the effective number of genes impacting it is only 16:
	{t2, t9}
You may want to ignore posterior probabilities and other statistics related to the following branch branch because the effective number of genes impacting it is only 3:
	{t2, t9, t5}
You may want to ignore posterior probabilities and other statistics related to the following branch branch because the effective number of genes impacting it is only 7:
	{t2, t9, t3, t5}
You may want to ignore posterior probabilities and other statistics related to the following branch branch because the effective number of genes impacting it is only 0:
	{t8, t1}
You may want to ignore posterior probabilities and other statistics related to the following branch branch because the effective number of genes impacting it is only 13:
	{t7, t8, t10, t1}
Extended species tree:
(t6,((t4,(t3,(t5,(t2,t9)1:2.4277482359480516)0.95:0.9808292530117262)0.67:0.2876820724517809)1:2.1972245773362196,((t10,(t8,t1)0.33:0.0)1:3.1780538303479453,t7)0.94:0.4418327522790392));
Weight calculation took 0.028035958 secs
ASTRAL finished in 0.163 secs
