
================== ASTRAL ===================== 

This is ASTRAL version 5.7.8
Gene trees are treated as unrooted
764 trees read from quartet_temp.txt
index0
All output trees will be *arbitrarily* rooted at t2

======== Running the main analysis
Number of taxa: 10 (10 species)
Taxa: [t2, t3, t1, t6, t8, t5, t7, t10, t4, t9]
Taxon occupancy: {t4=325, t5=444, t6=290, t10=289, t7=137, t8=356, t9=241, t1=334, t2=415, t3=225}
Number of gene trees: 764
764 trees have missing taxa
Calculating quartet distance matrix (for completion of X)
Species tree distances calculated ...
Will attempt to complete bipartitions from X before adding using a distance matrix.
Building set of clusters (X) from gene trees 
------------------------------
gradient0: 115
Number of Clusters after addition by distance: 115
calculating extra bipartitions to be added at level 1 ...
Adding to X using resolutions of greedy consensus ...
Limit for sigma of degrees:300
polytomy size limit : 3
discarded polytomies:  []
Threshold 0.0:
Threshold 0.01:
Threshold 0.02:
Threshold 0.05:
Threshold 0.1:
Threshold 0.2:
Threshold 0.3333333333333333:
max k is :0
Number of Clusters after addition by greedy: 115
gradient0 in heuristiic: 115
calculating all possible bipartitions ...
Number of Clusters After Adding All possible clusters: 1023
partitions formed in 0.078 secs
Dynamic Programming starting after 0.078 secs
Using tree-based weight calculation.
Using polytree-based weight calculation.
Polytree max score: 764
Polytree building time: 0.01 seconds.
Number of quartet trees in the gene trees: 764
Size of largest cluster: 10
Greedy score: 705
estimationFactor: 1.0836879432624114
Sub-optimal score: 723
Total Number of elements weighted: 2153
Normalized score (portion of input quartet trees satisfied before correcting for multiple individuals): 0.9463350785340314
Optimization score: 723
Optimal tree inferred in 0.168 secs.
(t3,((t4,(t6,t10)),((t9,(t8,t5)),(t7,(t2,t1)))));
Final quartet score is: 723
Final normalized quartet score is: 0.9463350785340314
You may want to ignore posterior probabilities and other statistics related to the following branch branch because the effective number of genes impacting it is only 18:
	{t6, t10}
You may want to ignore posterior probabilities and other statistics related to the following branch branch because the effective number of genes impacting it is only 19:
	{t3, t6, t8, t5, t10, t4, t9}
You may want to ignore posterior probabilities and other statistics related to the following branch branch because the effective number of genes impacting it is only 5:
	{t3, t6, t8, t5, t7, t10, t4, t9}
Extended species tree:
(t2,(t1,(t7,((t9,(t8,t5)1:1.5404450409471486)1:2.961830721878311,((t4,(t6,t10)1:1.8458266904983307)1:3.205452804536062,t3)1:1.4271163556401456)1:0.7985076962177715)0.67:0.2876820724517809));
Weight calculation took 0.054498984 secs
ASTRAL finished in 0.219 secs
