
================== ASTRAL ===================== 

This is ASTRAL version 5.7.8
Gene trees are treated as unrooted
819 trees read from quartet_temp.txt
index0
All output trees will be *arbitrarily* rooted at t7

======== Running the main analysis
Number of taxa: 10 (10 species)
Taxa: [t7, t8, t1, t2, t9, t10, t3, t4, t6, t5]
Taxon occupancy: {t4=229, t5=229, t10=399, t6=226, t7=353, t8=315, t9=348, t1=351, t2=372, t3=454}
Number of gene trees: 819
819 trees have missing taxa
Calculating quartet distance matrix (for completion of X)
Species tree distances calculated ...
Will attempt to complete bipartitions from X before adding using a distance matrix.
Building set of clusters (X) from gene trees 
------------------------------
gradient0: 53
Number of Clusters after addition by distance: 53
calculating extra bipartitions to be added at level 1 ...
Adding to X using resolutions of greedy consensus ...
Limit for sigma of degrees:300
polytomy size limit : 3
discarded polytomies:  []
Threshold 0.0:
Threshold 0.01:
Threshold 0.02:
Threshold 0.05:
Threshold 0.1:
Threshold 0.2:
Threshold 0.3333333333333333:
max k is :0
Number of Clusters after addition by greedy: 53
gradient0 in heuristiic: 53
calculating all possible bipartitions ...
Number of Clusters After Adding All possible clusters: 1023
partitions formed in 0.08 secs
Dynamic Programming starting after 0.08 secs
Using tree-based weight calculation.
Using polytree-based weight calculation.
Polytree max score: 819
Polytree building time: 0.006 seconds.
Number of quartet trees in the gene trees: 819
Size of largest cluster: 10
Greedy score: 818
estimationFactor: 1.0012224938875305
Sub-optimal score: 818
Total Number of elements weighted: 1272
Normalized score (portion of input quartet trees satisfied before correcting for multiple individuals): 0.9987789987789988
Optimization score: 818
Optimal tree inferred in 0.155 secs.
(t8,(t7,(t4,(t6,(t2,(t5,(t1,(t3,(t9,t10)))))))));
Final quartet score is: 818
Final normalized quartet score is: 0.9987789987789988
You may want to ignore posterior probabilities and other statistics related to the following branch branch because the effective number of genes impacting it is only 19:
	{t9, t10}
You may want to ignore posterior probabilities and other statistics related to the following branch branch because the effective number of genes impacting it is only 11:
	{t9, t10, t3}
You may want to ignore posterior probabilities and other statistics related to the following branch branch because the effective number of genes impacting it is only 4:
	{t1, t9, t10, t3, t5}
You may want to ignore posterior probabilities and other statistics related to the following branch branch because the effective number of genes impacting it is only 0:
	{t1, t2, t9, t10, t3, t5}
You may want to ignore posterior probabilities and other statistics related to the following branch branch because the effective number of genes impacting it is only 0:
	{t1, t2, t9, t10, t3, t6, t5}
Extended species tree:
(t7,((t4,(t6,(t2,(t5,(t1,(t3,(t9,t10)1:1.8971199848858815)1:2.0794415416798353)1:3.9639827443588604)0.98:1.2039728043259361)0.33:0.0)0.33:0.0)1:3.1780538303479453,t8));
Weight calculation took 0.043361044 secs
ASTRAL finished in 0.21 secs
