
================== ASTRAL ===================== 

This is ASTRAL version 5.7.8
Gene trees are treated as unrooted
972 trees read from quartet_temp.txt
index0
All output trees will be *arbitrarily* rooted at t5

======== Running the main analysis
Number of taxa: 10 (10 species)
Taxa: [t5, t7, t10, t4, t9, t2, t8, t1, t6, t3]
Taxon occupancy: {t4=546, t5=474, t10=562, t6=216, t7=474, t8=311, t9=365, t1=337, t2=363, t3=240}
Number of gene trees: 972
972 trees have missing taxa
Calculating quartet distance matrix (for completion of X)
Species tree distances calculated ...
Will attempt to complete bipartitions from X before adding using a distance matrix.
Building set of clusters (X) from gene trees 
------------------------------
gradient0: 63
Number of Clusters after addition by distance: 63
calculating extra bipartitions to be added at level 1 ...
Adding to X using resolutions of greedy consensus ...
Limit for sigma of degrees:300
polytomy size limit : 3
discarded polytomies:  []
Threshold 0.0:
Threshold 0.01:
Threshold 0.02:
Threshold 0.05:
Threshold 0.1:
Threshold 0.2:
Threshold 0.3333333333333333:
max k is :0
Number of Clusters after addition by greedy: 63
gradient0 in heuristiic: 63
calculating all possible bipartitions ...
Number of Clusters After Adding All possible clusters: 1023
partitions formed in 0.092 secs
Dynamic Programming starting after 0.092 secs
Using tree-based weight calculation.
Using polytree-based weight calculation.
Polytree max score: 972
Polytree building time: 0.007 seconds.
Number of quartet trees in the gene trees: 972
Size of largest cluster: 10
Greedy score: 965
estimationFactor: 1.0072538860103626
Sub-optimal score: 965
Total Number of elements weighted: 1003
Normalized score (portion of input quartet trees satisfied before correcting for multiple individuals): 0.992798353909465
Optimization score: 965
Optimal tree inferred in 0.162 secs.
(t7,(t5,((t9,t8),(t6,(t2,(t1,(t3,(t10,t4))))))));
Final quartet score is: 965
Final normalized quartet score is: 0.992798353909465
You may want to ignore posterior probabilities and other statistics related to the following branch branch because the effective number of genes impacting it is only 16:
	{t9, t8}
You may want to ignore posterior probabilities and other statistics related to the following branch branch because the effective number of genes impacting it is only 8:
	{t10, t4, t3}
You may want to ignore posterior probabilities and other statistics related to the following branch branch because the effective number of genes impacting it is only 12:
	{t10, t4, t2, t1, t3}
You may want to ignore posterior probabilities and other statistics related to the following branch branch because the effective number of genes impacting it is only 19:
	{t10, t4, t2, t1, t6, t3}
Extended species tree:
(t5,(((t9,t8)1:1.7346010553881062,(t6,(t2,(t1,(t3,(t10,t4)1:2.6855773452501523)1:1.7917594692280545)1:3.401197381662154)1:1.0608719606852628)1:2.590267165445826)1:3.0602707946915624,t7));
Weight calculation took 0.038571719 secs
ASTRAL finished in 0.218 secs
