
================== ASTRAL ===================== 

This is ASTRAL version 5.7.8
Gene trees are treated as unrooted
472 trees read from quartet_temp.txt
index0
All output trees will be *arbitrarily* rooted at t10

======== Running the main analysis
Number of taxa: 10 (10 species)
Taxa: [t10, t8, t1, t4, t6, t7, t3, t5, t9, t2]
Taxon occupancy: {t4=225, t5=152, t10=225, t6=126, t7=179, t8=214, t9=191, t1=268, t2=225, t3=83}
Number of gene trees: 472
472 trees have missing taxa
Calculating quartet distance matrix (for completion of X)
Species tree distances calculated ...
Will attempt to complete bipartitions from X before adding using a distance matrix.
Building set of clusters (X) from gene trees 
------------------------------
gradient0: 49
Number of Clusters after addition by distance: 49
calculating extra bipartitions to be added at level 1 ...
Adding to X using resolutions of greedy consensus ...
Limit for sigma of degrees:300
polytomy size limit : 3
discarded polytomies:  []
Threshold 0.0:
Threshold 0.01:
Threshold 0.02:
Threshold 0.05:
Threshold 0.1:
Threshold 0.2:
Threshold 0.3333333333333333:
max k is :0
Number of Clusters after addition by greedy: 49
gradient0 in heuristiic: 49
calculating all possible bipartitions ...
Number of Clusters After Adding All possible clusters: 1023
partitions formed in 0.056 secs
Dynamic Programming starting after 0.056 secs
Using tree-based weight calculation.
Using polytree-based weight calculation.
Polytree max score: 472
Polytree building time: 0.005 seconds.
Number of quartet trees in the gene trees: 472
Size of largest cluster: 10
Greedy score: 467
estimationFactor: 1.0107066381156318
Sub-optimal score: 467
Total Number of elements weighted: 865
Normalized score (portion of input quartet trees satisfied before correcting for multiple individuals): 0.989406779661017
Optimization score: 467
Optimal tree inferred in 0.107 secs.
(t8,((t10,t9),((t4,t7),(t3,(t6,(t2,(t1,t5)))))));
Final quartet score is: 467
Final normalized quartet score is: 0.989406779661017
You may want to ignore posterior probabilities and other statistics related to the following branch branch because the effective number of genes impacting it is only 2:
	{t4, t7}
You may want to ignore posterior probabilities and other statistics related to the following branch branch because the effective number of genes impacting it is only 13:
	{t1, t5}
You may want to ignore posterior probabilities and other statistics related to the following branch branch because the effective number of genes impacting it is only 10:
	{t1, t5, t2}
You may want to ignore posterior probabilities and other statistics related to the following branch branch because the effective number of genes impacting it is only 2:
	{t1, t6, t5, t2}
You may want to ignore posterior probabilities and other statistics related to the following branch branch because the effective number of genes impacting it is only 12:
	{t1, t6, t3, t5, t2}
Extended species tree:
(t10,(t9,(((t4,t7)0.87:0.6931471805599453,(t3,(t6,(t2,(t1,t5)1:2.2335922215070947)0.99:0.8938178760220965)0.87:0.6931471805599453)1:2.159484249353373)1:1.6314168191528755,t8)1:2.772588722239782));
Weight calculation took 0.022590424 secs
ASTRAL finished in 0.151 secs
