
================== ASTRAL ===================== 

This is ASTRAL version 5.7.8
Gene trees are treated as unrooted
511 trees read from quartet_temp.txt
index0
All output trees will be *arbitrarily* rooted at t3

======== Running the main analysis
Number of taxa: 10 (10 species)
Taxa: [t3, t5, t1, t2, t4, t6, t8, t10, t9, t7]
Taxon occupancy: {t4=285, t5=237, t6=163, t10=318, t7=57, t8=191, t9=105, t1=211, t2=207, t3=270}
Number of gene trees: 511
511 trees have missing taxa
Calculating quartet distance matrix (for completion of X)
Species tree distances calculated ...
Will attempt to complete bipartitions from X before adding using a distance matrix.
Building set of clusters (X) from gene trees 
------------------------------
gradient0: 57
Number of Clusters after addition by distance: 57
calculating extra bipartitions to be added at level 1 ...
Adding to X using resolutions of greedy consensus ...
Limit for sigma of degrees:300
polytomy size limit : 3
discarded polytomies:  []
Threshold 0.0:
Threshold 0.01:
Threshold 0.02:
Threshold 0.05:
Threshold 0.1:
Threshold 0.2:
Threshold 0.3333333333333333:
max k is :0
Number of Clusters after addition by greedy: 57
gradient0 in heuristiic: 57
calculating all possible bipartitions ...
Number of Clusters After Adding All possible clusters: 1023
partitions formed in 0.058 secs
Dynamic Programming starting after 0.058 secs
Using tree-based weight calculation.
Using polytree-based weight calculation.
Polytree max score: 511
Polytree building time: 0.005 seconds.
Number of quartet trees in the gene trees: 511
Size of largest cluster: 10
Greedy score: 508
estimationFactor: 1.0059055118110236
Sub-optimal score: 508
Total Number of elements weighted: 1056
Normalized score (portion of input quartet trees satisfied before correcting for multiple individuals): 0.9941291585127201
Optimization score: 508
Optimal tree inferred in 0.114 secs.
(t5,(t3,(t8,(t2,(t1,((t4,t10),(t9,(t6,t7))))))));
Final quartet score is: 508
Final normalized quartet score is: 0.9941291585127201
You may want to ignore posterior probabilities and other statistics related to the following branch branch because the effective number of genes impacting it is only 0:
	{t6, t7}
You may want to ignore posterior probabilities and other statistics related to the following branch branch because the effective number of genes impacting it is only 5:
	{t6, t9, t7}
You may want to ignore posterior probabilities and other statistics related to the following branch branch because the effective number of genes impacting it is only 5:
	{t4, t6, t10, t9, t7}
You may want to ignore posterior probabilities and other statistics related to the following branch branch because the effective number of genes impacting it is only 10:
	{t1, t4, t6, t10, t9, t7}
You may want to ignore posterior probabilities and other statistics related to the following branch branch because the effective number of genes impacting it is only 4:
	{t1, t2, t4, t6, t8, t10, t9, t7}
Extended species tree:
(t3,((t8,(t2,(t1,((t4,t10)1:3.2321210516182224,(t9,(t6,t7)0.33:0.0)0.99:1.3862943611198908)0.99:1.3862943611198908)1:1.9924301646902058)1:3.091042453358317)0.98:1.2039728043259361,t5));
Weight calculation took 0.027999775 secs
ASTRAL finished in 0.158 secs
