
================== ASTRAL ===================== 

This is ASTRAL version 5.7.8
Gene trees are treated as unrooted
469 trees read from quartet_temp.txt
index0
All output trees will be *arbitrarily* rooted at t10

======== Running the main analysis
Number of taxa: 10 (10 species)
Taxa: [t10, t8, t4, t5, t6, t3, t2, t9, t1, t7]
Taxon occupancy: {t4=214, t5=170, t10=126, t6=188, t7=195, t8=236, t9=215, t1=122, t2=211, t3=199}
Number of gene trees: 469
469 trees have missing taxa
Calculating quartet distance matrix (for completion of X)
Species tree distances calculated ...
Will attempt to complete bipartitions from X before adding using a distance matrix.
Building set of clusters (X) from gene trees 
------------------------------
gradient0: 69
Number of Clusters after addition by distance: 69
calculating extra bipartitions to be added at level 1 ...
Adding to X using resolutions of greedy consensus ...
Limit for sigma of degrees:300
polytomy size limit : 3
discarded polytomies:  []
Threshold 0.0:
Threshold 0.01:
Threshold 0.02:
Threshold 0.05:
Threshold 0.1:
Threshold 0.2:
Threshold 0.3333333333333333:
max k is :0
Number of Clusters after addition by greedy: 69
gradient0 in heuristiic: 69
calculating all possible bipartitions ...
Number of Clusters After Adding All possible clusters: 1023
partitions formed in 0.055 secs
Dynamic Programming starting after 0.055 secs
Using tree-based weight calculation.
Using polytree-based weight calculation.
Polytree max score: 469
Polytree building time: 0.005 seconds.
Number of quartet trees in the gene trees: 469
Size of largest cluster: 10
Greedy score: 446
estimationFactor: 1.0515695067264574
Sub-optimal score: 446
Total Number of elements weighted: 1267
Normalized score (portion of input quartet trees satisfied before correcting for multiple individuals): 0.9509594882729211
Optimization score: 446
Optimal tree inferred in 0.12 secs.
(t8,(t10,(t1,(t7,(t6,(t4,(t3,(t5,(t2,t9)))))))));
Final quartet score is: 446
Final normalized quartet score is: 0.9509594882729211
You may want to ignore posterior probabilities and other statistics related to the following branch branch because the effective number of genes impacting it is only 18:
	{t2, t9}
You may want to ignore posterior probabilities and other statistics related to the following branch branch because the effective number of genes impacting it is only 6:
	{t5, t2, t9}
You may want to ignore posterior probabilities and other statistics related to the following branch branch because the effective number of genes impacting it is only 7:
	{t4, t5, t6, t3, t2, t9}
You may want to ignore posterior probabilities and other statistics related to the following branch branch because the effective number of genes impacting it is only 2:
	{t4, t5, t6, t3, t2, t9, t1, t7}
Extended species tree:
(t10,((t1,(t7,(t6,(t4,(t3,(t5,(t2,t9)1:2.538973871058275)0.83:0.4418327522790392)1:1.586965056582042)1:2.022283127839887)1:1.6739764335716716)1:1.4271163556401456)0.42:0.0,t8));
Weight calculation took 0.036858582 secs
ASTRAL finished in 0.163 secs
