
================== ASTRAL ===================== 

This is ASTRAL version 5.7.8
Gene trees are treated as unrooted
1729 trees read from quartet_temp.txt
index0
All output trees will be *arbitrarily* rooted at t7

======== Running the main analysis
Number of taxa: 10 (10 species)
Taxa: [t7, t8, t2, t4, t5, t6, t10, t9, t1, t3]
Taxon occupancy: {t4=828, t5=782, t6=512, t10=678, t7=504, t8=757, t9=721, t1=665, t2=840, t3=629}
Number of gene trees: 1729
1729 trees have missing taxa
Calculating quartet distance matrix (for completion of X)
Species tree distances calculated ...
Will attempt to complete bipartitions from X before adding using a distance matrix.
Building set of clusters (X) from gene trees 
------------------------------
gradient0: 55
Number of Clusters after addition by distance: 55
calculating extra bipartitions to be added at level 1 ...
Adding to X using resolutions of greedy consensus ...
Limit for sigma of degrees:300
polytomy size limit : 3
discarded polytomies:  []
Threshold 0.0:
Threshold 0.01:
Threshold 0.02:
Threshold 0.05:
Threshold 0.1:
Threshold 0.2:
Threshold 0.3333333333333333:
max k is :0
Number of Clusters after addition by greedy: 55
gradient0 in heuristiic: 55
calculating all possible bipartitions ...
Number of Clusters After Adding All possible clusters: 1023
partitions formed in 0.116 secs
Dynamic Programming starting after 0.116 secs
Using tree-based weight calculation.
Using polytree-based weight calculation.
Polytree max score: 1729
Polytree building time: 0.009 seconds.
Number of quartet trees in the gene trees: 1729
Size of largest cluster: 10
Greedy score: 1709
estimationFactor: 1.0117027501462843
Sub-optimal score: 1709
Total Number of elements weighted: 1051
Normalized score (portion of input quartet trees satisfied before correcting for multiple individuals): 0.9884326200115674
Optimization score: 1709
Optimal tree inferred in 0.219 secs.
(t8,(t9,(t10,(t7,((t4,t5),(t6,(t2,(t1,t3))))))));
Final quartet score is: 1709
Final normalized quartet score is: 0.9884326200115674
You may want to ignore posterior probabilities and other statistics related to the following branch branch because the effective number of genes impacting it is only 14:
	{t4, t5}
You may want to ignore posterior probabilities and other statistics related to the following branch branch because the effective number of genes impacting it is only 11:
	{t1, t3}
Extended species tree:
(t7,(((t4,t5)1:2.302585092994046,(t6,(t2,(t1,t3)1:0.9808292530117262)1:4.060443010546421)1:2.670309873119364)1:4.492374691842744,(t10,(t9,t8)0.6:0.17435338714477766)1:2.022283127839887));
Weight calculation took 0.063416 secs
ASTRAL finished in 0.286 secs
