
================== ASTRAL ===================== 

This is ASTRAL version 5.7.8
Gene trees are treated as unrooted
953 trees read from quartet_temp.txt
index0
All output trees will be *arbitrarily* rooted at t10

======== Running the main analysis
Number of taxa: 10 (10 species)
Taxa: [t10, t9, t2, t6, t8, t7, t4, t1, t3, t5]
Taxon occupancy: {t4=481, t5=153, t10=573, t6=438, t7=448, t8=472, t9=554, t1=162, t2=252, t3=279}
Number of gene trees: 953
953 trees have missing taxa
Calculating quartet distance matrix (for completion of X)
Species tree distances calculated ...
Will attempt to complete bipartitions from X before adding using a distance matrix.
Building set of clusters (X) from gene trees 
------------------------------
gradient0: 61
Number of Clusters after addition by distance: 61
calculating extra bipartitions to be added at level 1 ...
Adding to X using resolutions of greedy consensus ...
Limit for sigma of degrees:300
polytomy size limit : 3
discarded polytomies:  []
Threshold 0.0:
Threshold 0.01:
Threshold 0.02:
Threshold 0.05:
Threshold 0.1:
Threshold 0.2:
Threshold 0.3333333333333333:
max k is :0
Number of Clusters after addition by greedy: 61
gradient0 in heuristiic: 61
calculating all possible bipartitions ...
Number of Clusters After Adding All possible clusters: 1023
partitions formed in 0.088 secs
Dynamic Programming starting after 0.088 secs
Using tree-based weight calculation.
Using polytree-based weight calculation.
Polytree max score: 953
Polytree building time: 0.006 seconds.
Number of quartet trees in the gene trees: 953
Size of largest cluster: 10
Greedy score: 949
estimationFactor: 1.0042149631190727
Sub-optimal score: 950
Total Number of elements weighted: 1066
Normalized score (portion of input quartet trees satisfied before correcting for multiple individuals): 0.9968520461699895
Optimization score: 950
Optimal tree inferred in 0.165 secs.
(t9,(t10,(t7,(t3,(t5,((t8,t4),(t1,(t2,t6))))))));
Final quartet score is: 950
Final normalized quartet score is: 0.9968520461699895
You may want to ignore posterior probabilities and other statistics related to the following branch branch because the effective number of genes impacting it is only 0:
	{t2, t6}
You may want to ignore posterior probabilities and other statistics related to the following branch branch because the effective number of genes impacting it is only 3:
	{t2, t6, t1}
You may want to ignore posterior probabilities and other statistics related to the following branch branch because the effective number of genes impacting it is only 10:
	{t2, t6, t8, t4, t1}
You may want to ignore posterior probabilities and other statistics related to the following branch branch because the effective number of genes impacting it is only 6:
	{t2, t6, t8, t4, t1, t3, t5}
Extended species tree:
(t10,((t7,(t3,(t5,((t8,t4)1:2.730029107820986,(t1,(t2,t6)0.33:0.0)0.67:0.2876820724517809)1:1.9924301646902058)1:2.890371757896163)1:1.5404450409471486)1:3.0602707946915624,t9));
Weight calculation took 0.044050138 secs
ASTRAL finished in 0.219 secs
