
================== ASTRAL ===================== 

This is ASTRAL version 5.7.8
Gene trees are treated as unrooted
877 trees read from quartet_temp.txt
index0
All output trees will be *arbitrarily* rooted at t5

======== Running the main analysis
Number of taxa: 10 (10 species)
Taxa: [t5, t7, t10, t4, t8, t9, t1, t3, t2, t6]
Taxon occupancy: {t4=473, t5=426, t10=495, t6=224, t7=458, t8=294, t9=358, t1=270, t2=334, t3=176}
Number of gene trees: 877
877 trees have missing taxa
Calculating quartet distance matrix (for completion of X)
Species tree distances calculated ...
Will attempt to complete bipartitions from X before adding using a distance matrix.
Building set of clusters (X) from gene trees 
------------------------------
gradient0: 55
Number of Clusters after addition by distance: 55
calculating extra bipartitions to be added at level 1 ...
Adding to X using resolutions of greedy consensus ...
Limit for sigma of degrees:300
polytomy size limit : 3
discarded polytomies:  []
Threshold 0.0:
Threshold 0.01:
Threshold 0.02:
Threshold 0.05:
Threshold 0.1:
Threshold 0.2:
Threshold 0.3333333333333333:
max k is :0
Number of Clusters after addition by greedy: 55
gradient0 in heuristiic: 55
calculating all possible bipartitions ...
Number of Clusters After Adding All possible clusters: 1023
partitions formed in 0.086 secs
Dynamic Programming starting after 0.086 secs
Using tree-based weight calculation.
Using polytree-based weight calculation.
Polytree max score: 877
Polytree building time: 0.006 seconds.
Number of quartet trees in the gene trees: 877
Size of largest cluster: 10
Greedy score: 867
estimationFactor: 1.011534025374856
Sub-optimal score: 867
Total Number of elements weighted: 1003
Normalized score (portion of input quartet trees satisfied before correcting for multiple individuals): 0.9885974914481186
Optimization score: 867
Optimal tree inferred in 0.156 secs.
(t7,(t5,((t8,t9),(t6,(t2,(t1,(t3,(t10,t4))))))));
Final quartet score is: 867
Final normalized quartet score is: 0.9885974914481186
You may want to ignore posterior probabilities and other statistics related to the following branch branch because the effective number of genes impacting it is only 13:
	{t10, t4}
You may want to ignore posterior probabilities and other statistics related to the following branch branch because the effective number of genes impacting it is only 6:
	{t10, t4, t3}
You may want to ignore posterior probabilities and other statistics related to the following branch branch because the effective number of genes impacting it is only 15:
	{t10, t4, t1, t3, t2}
Extended species tree:
(t5,(((t8,t9)1:1.076139432816051,(t6,(t2,(t1,(t3,(t10,t4)1:2.2335922215070947)1:1.5404450409471486)1:2.6855773452501523)1:2.367123614131617)1:3.2321210516182224)1:1.9694406464655068,t7));
Weight calculation took 0.038077287 secs
ASTRAL finished in 0.209 secs
