
================== ASTRAL ===================== 

This is ASTRAL version 5.7.8
Gene trees are treated as unrooted
256 trees read from quartet_temp.txt
index0
All output trees will be *arbitrarily* rooted at t2

======== Running the main analysis
Number of taxa: 10 (10 species)
Taxa: [t2, t5, t1, t8, t6, t7, t9, t4, t3, t10]
Taxon occupancy: {t4=124, t5=80, t6=120, t10=78, t7=133, t8=65, t9=71, t1=141, t2=128, t3=84}
Number of gene trees: 256
256 trees have missing taxa
Calculating quartet distance matrix (for completion of X)
Species tree distances calculated ...
Will attempt to complete bipartitions from X before adding using a distance matrix.
Building set of clusters (X) from gene trees 
------------------------------
gradient0: 67
Number of Clusters after addition by distance: 67
calculating extra bipartitions to be added at level 1 ...
Adding to X using resolutions of greedy consensus ...
Limit for sigma of degrees:300
polytomy size limit : 3
discarded polytomies:  []
Threshold 0.0:
Threshold 0.01:
Threshold 0.02:
Threshold 0.05:
Threshold 0.1:
Threshold 0.2:
Threshold 0.3333333333333333:
max k is :0
Number of Clusters after addition by greedy: 67
gradient0 in heuristiic: 67
calculating all possible bipartitions ...
Number of Clusters After Adding All possible clusters: 1023
partitions formed in 0.047 secs
Dynamic Programming starting after 0.047 secs
Using tree-based weight calculation.
Using polytree-based weight calculation.
Polytree max score: 256
Polytree building time: 0.003 seconds.
Number of quartet trees in the gene trees: 256
Size of largest cluster: 10
Greedy score: 239
estimationFactor: 1.0711297071129706
Sub-optimal score: 240
Total Number of elements weighted: 1251
Normalized score (portion of input quartet trees satisfied before correcting for multiple individuals): 0.94140625
Optimization score: 241
Optimal tree inferred in 0.097 secs.
(t5,(t2,(t1,(t4,(t8,((t6,t7),(t9,(t3,t10))))))));
Final quartet score is: 241
Final normalized quartet score is: 0.94140625
You may want to ignore posterior probabilities and other statistics related to the following branch branch because the effective number of genes impacting it is only 1:
	{t3, t10}
You may want to ignore posterior probabilities and other statistics related to the following branch branch because the effective number of genes impacting it is only 3:
	{t9, t3, t10}
You may want to ignore posterior probabilities and other statistics related to the following branch branch because the effective number of genes impacting it is only 11:
	{t6, t7, t9, t3, t10}
You may want to ignore posterior probabilities and other statistics related to the following branch branch because the effective number of genes impacting it is only 4:
	{t8, t6, t7, t9, t3, t10}
You may want to ignore posterior probabilities and other statistics related to the following branch branch because the effective number of genes impacting it is only 9:
	{t8, t6, t7, t9, t4, t3, t10}
You may want to ignore posterior probabilities and other statistics related to the following branch branch because the effective number of genes impacting it is only 16:
	{t1, t8, t6, t7, t9, t4, t3, t10}
Extended species tree:
(t2,((t1,(t4,(t8,((t6,t7)1:1.5404450409471486,(t9,(t3,t10)0.67:0.2876820724517809)0.67:0.2876820724517809)1:1.3862943611198908)0.98:1.2039728043259361)0.91:0.5108256237659905)1:1.3291359472799418,t5));
Weight calculation took 0.023142265 secs
ASTRAL finished in 0.132 secs
