
================== ASTRAL ===================== 

This is ASTRAL version 5.7.8
Gene trees are treated as unrooted
1625 trees read from quartet_temp.txt
index0
All output trees will be *arbitrarily* rooted at t3

======== Running the main analysis
Number of taxa: 10 (10 species)
Taxa: [t3, t9, t2, t4, t6, t8, t10, t7, t1, t5]
Taxon occupancy: {t4=781, t5=409, t6=844, t10=439, t7=544, t8=560, t9=629, t1=750, t2=937, t3=607}
Number of gene trees: 1625
1625 trees have missing taxa
Calculating quartet distance matrix (for completion of X)
Species tree distances calculated ...
Will attempt to complete bipartitions from X before adding using a distance matrix.
Building set of clusters (X) from gene trees 
------------------------------
gradient0: 69
Number of Clusters after addition by distance: 69
calculating extra bipartitions to be added at level 1 ...
Adding to X using resolutions of greedy consensus ...
Limit for sigma of degrees:300
polytomy size limit : 3
discarded polytomies:  []
Threshold 0.0:
Threshold 0.01:
Threshold 0.02:
Threshold 0.05:
Threshold 0.1:
Threshold 0.2:
Threshold 0.3333333333333333:
max k is :0
Number of Clusters after addition by greedy: 69
gradient0 in heuristiic: 69
calculating all possible bipartitions ...
Number of Clusters After Adding All possible clusters: 1023
partitions formed in 0.118 secs
Dynamic Programming starting after 0.118 secs
Using tree-based weight calculation.
Using polytree-based weight calculation.
Polytree max score: 1625
Polytree building time: 0.013 seconds.
Number of quartet trees in the gene trees: 1625
Size of largest cluster: 10
Greedy score: 1569
estimationFactor: 1.035691523263225
Sub-optimal score: 1569
Total Number of elements weighted: 1514
Normalized score (portion of input quartet trees satisfied before correcting for multiple individuals): 0.9661538461538461
Optimization score: 1570
Optimal tree inferred in 0.216 secs.
(t9,(t10,(t6,(t8,(t7,(t3,(t5,(t1,(t2,t4)))))))));
Final quartet score is: 1570
Final normalized quartet score is: 0.9661538461538461
You may want to ignore posterior probabilities and other statistics related to the following branch branch because the effective number of genes impacting it is only 18:
	{t9, t6, t10}
Extended species tree:
(t3,((t5,(t1,(t2,t4)1:3.3787245258100977)1:3.8985999850960074)1:2.6390573296152575,(t7,(t8,(t6,(t10,t9)1:1.8971199848858815)0.58:0.14107859825990549)1:1.7411157364092997)1:1.309333319983762));
Weight calculation took 0.054480257 secs
ASTRAL finished in 0.28 secs
