
================== ASTRAL ===================== 

This is ASTRAL version 5.7.8
Gene trees are treated as unrooted
409 trees read from quartet_temp.txt
index0
All output trees will be *arbitrarily* rooted at t3

======== Running the main analysis
Number of taxa: 10 (10 species)
Taxa: [t3, t5, t1, t2, t8, t10, t9, t6, t7, t4]
Taxon occupancy: {t4=192, t5=219, t10=265, t6=254, t7=56, t8=128, t9=214, t1=108, t2=86, t3=114}
Number of gene trees: 409
409 trees have missing taxa
Calculating quartet distance matrix (for completion of X)
Species tree distances calculated ...
Will attempt to complete bipartitions from X before adding using a distance matrix.
Building set of clusters (X) from gene trees 
------------------------------
gradient0: 59
Number of Clusters after addition by distance: 59
calculating extra bipartitions to be added at level 1 ...
Adding to X using resolutions of greedy consensus ...
Limit for sigma of degrees:300
polytomy size limit : 3
discarded polytomies:  []
Threshold 0.0:
Threshold 0.01:
Threshold 0.02:
Threshold 0.05:
Threshold 0.1:
Threshold 0.2:
Threshold 0.3333333333333333:
max k is :0
Number of Clusters after addition by greedy: 59
gradient0 in heuristiic: 59
calculating all possible bipartitions ...
Number of Clusters After Adding All possible clusters: 1023
partitions formed in 0.054 secs
Dynamic Programming starting after 0.054 secs
Using tree-based weight calculation.
Using polytree-based weight calculation.
Polytree max score: 409
Polytree building time: 0.004 seconds.
Number of quartet trees in the gene trees: 409
Size of largest cluster: 10
Greedy score: 401
estimationFactor: 1.0199501246882794
Sub-optimal score: 402
Total Number of elements weighted: 1196
Normalized score (portion of input quartet trees satisfied before correcting for multiple individuals): 0.9828850855745721
Optimization score: 402
Optimal tree inferred in 0.11 secs.
(t5,(t4,(t9,(t3,(t8,(t1,(t7,(t2,(t10,t6)))))))));
Final quartet score is: 402
Final normalized quartet score is: 0.9828850855745721
You may want to ignore posterior probabilities and other statistics related to the following branch branch because the effective number of genes impacting it is only 11:
	{t10, t6}
You may want to ignore posterior probabilities and other statistics related to the following branch branch because the effective number of genes impacting it is only 5:
	{t2, t10, t6}
You may want to ignore posterior probabilities and other statistics related to the following branch branch because the effective number of genes impacting it is only 1:
	{t2, t10, t6, t7}
You may want to ignore posterior probabilities and other statistics related to the following branch branch because the effective number of genes impacting it is only 8:
	{t1, t2, t10, t6, t7}
You may want to ignore posterior probabilities and other statistics related to the following branch branch because the effective number of genes impacting it is only 18:
	{t1, t2, t8, t10, t6, t7}
You may want to ignore posterior probabilities and other statistics related to the following branch branch because the effective number of genes impacting it is only 13:
	{t5, t4}
You may want to ignore posterior probabilities and other statistics related to the following branch branch because the effective number of genes impacting it is only 5:
	{t5, t9, t4}
Extended species tree:
(t3,((t8,(t1,(t7,(t2,(t10,t6)0.99:0.6931471805599453)0.67:0.2876820724517809)0.67:0.2876820724517809)1:1.7917594692280545)1:2.538973871058275,(t9,(t4,t5)1:2.2335922215070947)0.99:1.3862943611198908));
Weight calculation took 0.026815623 secs
ASTRAL finished in 0.149 secs
