
================== ASTRAL ===================== 

This is ASTRAL version 5.7.8
Gene trees are treated as unrooted
452 trees read from quartet_temp.txt
index0
All output trees will be *arbitrarily* rooted at t10

======== Running the main analysis
Number of taxa: 10 (10 species)
Taxa: [t10, t6, t2, t3, t4, t5, t1, t9, t8, t7]
Taxon occupancy: {t4=274, t5=137, t10=131, t6=201, t7=137, t8=107, t9=178, t1=184, t2=174, t3=285}
Number of gene trees: 452
452 trees have missing taxa
Calculating quartet distance matrix (for completion of X)
Species tree distances calculated ...
Will attempt to complete bipartitions from X before adding using a distance matrix.
Building set of clusters (X) from gene trees 
------------------------------
gradient0: 47
Number of Clusters after addition by distance: 47
calculating extra bipartitions to be added at level 1 ...
Adding to X using resolutions of greedy consensus ...
Limit for sigma of degrees:300
polytomy size limit : 3
discarded polytomies:  []
Threshold 0.0:
Threshold 0.01:
Threshold 0.02:
Threshold 0.05:
Threshold 0.1:
Threshold 0.2:
Threshold 0.3333333333333333:
max k is :0
Number of Clusters after addition by greedy: 47
gradient0 in heuristiic: 47
calculating all possible bipartitions ...
Number of Clusters After Adding All possible clusters: 1023
partitions formed in 0.055 secs
Dynamic Programming starting after 0.055 secs
Using tree-based weight calculation.
Using polytree-based weight calculation.
Polytree max score: 452
Polytree building time: 0.005 seconds.
Number of quartet trees in the gene trees: 452
Size of largest cluster: 10
Greedy score: 448
estimationFactor: 1.0089285714285714
Sub-optimal score: 448
Total Number of elements weighted: 1051
Normalized score (portion of input quartet trees satisfied before correcting for multiple individuals): 0.9911504424778761
Optimization score: 448
Optimal tree inferred in 0.111 secs.
(t6,(t1,(t9,(t10,((t3,t4),(t2,(t8,(t5,t7))))))));
Final quartet score is: 448
Final normalized quartet score is: 0.9911504424778761
You may want to ignore posterior probabilities and other statistics related to the following branch branch because the effective number of genes impacting it is only 0:
	{t5, t7}
You may want to ignore posterior probabilities and other statistics related to the following branch branch because the effective number of genes impacting it is only 12:
	{t5, t8, t7}
You may want to ignore posterior probabilities and other statistics related to the following branch branch because the effective number of genes impacting it is only 18:
	{t2, t5, t8, t7}
You may want to ignore posterior probabilities and other statistics related to the following branch branch because the effective number of genes impacting it is only 9:
	{t2, t3, t4, t5, t8, t7}
You may want to ignore posterior probabilities and other statistics related to the following branch branch because the effective number of genes impacting it is only 4:
	{t6, t1}
You may want to ignore posterior probabilities and other statistics related to the following branch branch because the effective number of genes impacting it is only 16:
	{t6, t1, t9}
Extended species tree:
(t10,(((t3,t4)1:3.283414346005771,(t2,(t8,(t5,t7)0.33:0.0)1:2.159484249353373)1:1.8458266904983307)1:1.8971199848858815,(t9,(t1,t6)0.98:1.2039728043259361)1:2.4277482359480516));
Weight calculation took 0.027333071 secs
ASTRAL finished in 0.153 secs
