
================== ASTRAL ===================== 

This is ASTRAL version 5.7.8
Gene trees are treated as unrooted
812 trees read from quartet_temp.txt
index0
All output trees will be *arbitrarily* rooted at t5

======== Running the main analysis
Number of taxa: 10 (10 species)
Taxa: [t5, t8, t2, t3, t10, t6, t4, t9, t7, t1]
Taxon occupancy: {t4=257, t5=362, t10=389, t6=304, t7=333, t8=361, t9=164, t1=285, t2=405, t3=388}
Number of gene trees: 812
812 trees have missing taxa
Calculating quartet distance matrix (for completion of X)
Species tree distances calculated ...
Will attempt to complete bipartitions from X before adding using a distance matrix.
Building set of clusters (X) from gene trees 
------------------------------
gradient0: 71
Number of Clusters after addition by distance: 71
calculating extra bipartitions to be added at level 1 ...
Adding to X using resolutions of greedy consensus ...
Limit for sigma of degrees:300
polytomy size limit : 3
discarded polytomies:  []
Threshold 0.0:
Threshold 0.01:
Threshold 0.02:
Threshold 0.05:
Threshold 0.1:
Threshold 0.2:
Threshold 0.3333333333333333:
max k is :0
Number of Clusters after addition by greedy: 71
gradient0 in heuristiic: 71
calculating all possible bipartitions ...
Number of Clusters After Adding All possible clusters: 1023
partitions formed in 0.083 secs
Dynamic Programming starting after 0.083 secs
Using tree-based weight calculation.
Using polytree-based weight calculation.
Polytree max score: 812
Polytree building time: 0.006 seconds.
Number of quartet trees in the gene trees: 812
Size of largest cluster: 10
Greedy score: 783
estimationFactor: 1.037037037037037
Sub-optimal score: 783
Total Number of elements weighted: 1240
Normalized score (portion of input quartet trees satisfied before correcting for multiple individuals): 0.9642857142857143
Optimization score: 783
Optimal tree inferred in 0.164 secs.
(t8,(t10,(t7,(t5,(t6,(t9,((t4,t1),(t2,t3))))))));
Final quartet score is: 783
Final normalized quartet score is: 0.9642857142857143
You may want to ignore posterior probabilities and other statistics related to the following branch branch because the effective number of genes impacting it is only 3:
	{t4, t1}
You may want to ignore posterior probabilities and other statistics related to the following branch branch because the effective number of genes impacting it is only 0:
	{t2, t3, t4, t9, t1}
You may want to ignore posterior probabilities and other statistics related to the following branch branch because the effective number of genes impacting it is only 8:
	{t8, t10}
Extended species tree:
(t5,((t6,(t9,((t4,t1)0.95:0.9808292530117262,(t2,t3)1:2.9957322735539913)1:2.302585092994046)0.33:0.0)1:1.1526795099383855,(t7,(t10,t8)1:1.7917594692280545)1:1.81373837594683));
Weight calculation took 0.047274581 secs
ASTRAL finished in 0.216 secs
