
================== ASTRAL ===================== 

This is ASTRAL version 5.7.8
Gene trees are treated as unrooted
314 trees read from quartet_temp.txt
index0
All output trees will be *arbitrarily* rooted at t4

======== Running the main analysis
Number of taxa: 10 (10 species)
Taxa: [t4, t5, t3, t7, t10, t6, t8, t9, t2, t1]
Taxon occupancy: {t4=177, t5=142, t10=90, t6=110, t7=145, t8=186, t9=92, t1=111, t2=96, t3=107}
Number of gene trees: 314
314 trees have missing taxa
Calculating quartet distance matrix (for completion of X)
Species tree distances calculated ...
Will attempt to complete bipartitions from X before adding using a distance matrix.
Building set of clusters (X) from gene trees 
------------------------------
gradient0: 53
Number of Clusters after addition by distance: 53
calculating extra bipartitions to be added at level 1 ...
Adding to X using resolutions of greedy consensus ...
Limit for sigma of degrees:300
polytomy size limit : 3
discarded polytomies:  []
Threshold 0.0:
Threshold 0.01:
Threshold 0.02:
Threshold 0.05:
Threshold 0.1:
Threshold 0.2:
Threshold 0.3333333333333333:
max k is :0
Number of Clusters after addition by greedy: 53
gradient0 in heuristiic: 53
calculating all possible bipartitions ...
Number of Clusters After Adding All possible clusters: 1023
partitions formed in 0.048 secs
Dynamic Programming starting after 0.048 secs
Using tree-based weight calculation.
Using polytree-based weight calculation.
Polytree max score: 314
Polytree building time: 0.005 seconds.
Number of quartet trees in the gene trees: 314
Size of largest cluster: 10
Greedy score: 303
estimationFactor: 1.0363036303630364
Sub-optimal score: 303
Total Number of elements weighted: 1439
Normalized score (portion of input quartet trees satisfied before correcting for multiple individuals): 0.964968152866242
Optimization score: 303
Optimal tree inferred in 0.103 secs.
(t5,(t2,((t4,t8),(t10,(t6,((t3,t9),(t7,t1)))))));
Final quartet score is: 303
Final normalized quartet score is: 0.964968152866242
You may want to ignore posterior probabilities and other statistics related to the following branch branch because the effective number of genes impacting it is only 4:
	{t3, t9}
You may want to ignore posterior probabilities and other statistics related to the following branch branch because the effective number of genes impacting it is only 7:
	{t3, t7, t9, t1}
You may want to ignore posterior probabilities and other statistics related to the following branch branch because the effective number of genes impacting it is only 13:
	{t3, t7, t6, t9, t1}
You may want to ignore posterior probabilities and other statistics related to the following branch branch because the effective number of genes impacting it is only 5:
	{t3, t7, t10, t6, t9, t1}
You may want to ignore posterior probabilities and other statistics related to the following branch branch because the effective number of genes impacting it is only 18:
	{t5, t2}
Extended species tree:
(t4,(t8,((t10,(t6,((t3,t9)0.98:1.2039728043259361,(t7,t1)1:2.92673940206704)0.92:0.5753641449035618)0.47:0.15415067982725836)0.93:0.6931471805599453,(t2,t5)1:1.8458266904983307)1:3.444682493601893));
Weight calculation took 0.027413127 secs
ASTRAL finished in 0.144 secs
