
================== ASTRAL ===================== 

This is ASTRAL version 5.7.8
Gene trees are treated as unrooted
933 trees read from quartet_temp.txt
index0
All output trees will be *arbitrarily* rooted at t2

======== Running the main analysis
Number of taxa: 10 (10 species)
Taxa: [t2, t6, t1, t4, t5, t3, t8, t10, t7, t9]
Taxon occupancy: {t4=370, t5=483, t6=274, t10=337, t7=305, t8=366, t9=278, t1=315, t2=523, t3=481}
Number of gene trees: 933
933 trees have missing taxa
Calculating quartet distance matrix (for completion of X)
Species tree distances calculated ...
Will attempt to complete bipartitions from X before adding using a distance matrix.
Building set of clusters (X) from gene trees 
------------------------------
gradient0: 57
Number of Clusters after addition by distance: 57
calculating extra bipartitions to be added at level 1 ...
Adding to X using resolutions of greedy consensus ...
Limit for sigma of degrees:300
polytomy size limit : 3
discarded polytomies:  []
Threshold 0.0:
Threshold 0.01:
Threshold 0.02:
Threshold 0.05:
Threshold 0.1:
Threshold 0.2:
Threshold 0.3333333333333333:
max k is :0
Number of Clusters after addition by greedy: 57
gradient0 in heuristiic: 57
calculating all possible bipartitions ...
Number of Clusters After Adding All possible clusters: 1023
partitions formed in 0.087 secs
Dynamic Programming starting after 0.087 secs
Using tree-based weight calculation.
Using polytree-based weight calculation.
Polytree max score: 933
Polytree building time: 0.007 seconds.
Number of quartet trees in the gene trees: 933
Size of largest cluster: 10
Greedy score: 916
estimationFactor: 1.0185589519650655
Sub-optimal score: 916
Total Number of elements weighted: 1064
Normalized score (portion of input quartet trees satisfied before correcting for multiple individuals): 0.9817792068595927
Optimization score: 916
Optimal tree inferred in 0.161 secs.
(t6,(t5,(t2,(t4,(t1,(t9,(t10,(t3,(t8,t7)))))))));
Final quartet score is: 916
Final normalized quartet score is: 0.9817792068595927
You may want to ignore posterior probabilities and other statistics related to the following branch branch because the effective number of genes impacting it is only 0:
	{t3, t8, t7}
You may want to ignore posterior probabilities and other statistics related to the following branch branch because the effective number of genes impacting it is only 6:
	{t3, t8, t10, t7}
You may want to ignore posterior probabilities and other statistics related to the following branch branch because the effective number of genes impacting it is only 16:
	{t1, t4, t3, t8, t10, t7, t9}
Extended species tree:
(t2,((t4,(t1,(t9,(t10,(t3,(t8,t7)1:2.730029107820986)0.33:0.0)0.97:0.8472978603872037)1:3.6198865826269824)1:1.2367626271489267)1:1.7346010553881062,(t5,t6)1:1.252762968495368));
Weight calculation took 0.041975281 secs
ASTRAL finished in 0.217 secs
