
================== ASTRAL ===================== 

This is ASTRAL version 5.7.8
Gene trees are treated as unrooted
310 trees read from quartet_temp.txt
index0
All output trees will be *arbitrarily* rooted at t4

======== Running the main analysis
Number of taxa: 10 (10 species)
Taxa: [t4, t8, t2, t3, t5, t9, t1, t7, t10, t6]
Taxon occupancy: {t4=161, t5=199, t10=93, t6=117, t7=102, t8=189, t9=89, t1=98, t2=129, t3=63}
Number of gene trees: 310
310 trees have missing taxa
Calculating quartet distance matrix (for completion of X)
Species tree distances calculated ...
Will attempt to complete bipartitions from X before adding using a distance matrix.
Building set of clusters (X) from gene trees 
------------------------------
gradient0: 79
Number of Clusters after addition by distance: 79
calculating extra bipartitions to be added at level 1 ...
Adding to X using resolutions of greedy consensus ...
Limit for sigma of degrees:300
polytomy size limit : 3
discarded polytomies:  []
Threshold 0.0:
Threshold 0.01:
Threshold 0.02:
Threshold 0.05:
Threshold 0.1:
Threshold 0.2:
Threshold 0.3333333333333333:
max k is :0
Number of Clusters after addition by greedy: 79
gradient0 in heuristiic: 79
calculating all possible bipartitions ...
Number of Clusters After Adding All possible clusters: 1023
partitions formed in 0.048 secs
Dynamic Programming starting after 0.048 secs
Using tree-based weight calculation.
Using polytree-based weight calculation.
Polytree max score: 310
Polytree building time: 0.004 seconds.
Number of quartet trees in the gene trees: 310
Size of largest cluster: 10
Greedy score: 285
estimationFactor: 1.087719298245614
Sub-optimal score: 285
Total Number of elements weighted: 1526
Normalized score (portion of input quartet trees satisfied before correcting for multiple individuals): 0.9290322580645162
Optimization score: 288
Optimal tree inferred in 0.104 secs.
(t8,(t4,(t10,(t6,((t3,t9),((t1,t7),(t2,t5)))))));
Final quartet score is: 288
Final normalized quartet score is: 0.9290322580645162
You may want to ignore posterior probabilities and other statistics related to the following branch branch because the effective number of genes impacting it is only 8:
	{t3, t9}
You may want to ignore posterior probabilities and other statistics related to the following branch branch because the effective number of genes impacting it is only 13:
	{t1, t7}
You may want to ignore posterior probabilities and other statistics related to the following branch branch because the effective number of genes impacting it is only 15:
	{t2, t5}
You may want to ignore posterior probabilities and other statistics related to the following branch branch because the effective number of genes impacting it is only 9:
	{t2, t5, t1, t7}
You may want to ignore posterior probabilities and other statistics related to the following branch branch because the effective number of genes impacting it is only 7:
	{t2, t3, t5, t9, t1, t7}
You may want to ignore posterior probabilities and other statistics related to the following branch branch because the effective number of genes impacting it is only 4:
	{t2, t3, t5, t9, t1, t7, t6}
Extended species tree:
(t4,((t10,(t6,((t3,t9)0.82:0.40546510810816444,((t1,t7)1:1.1349799328389845,(t2,t5)1:1.6739764335716716)0.91:0.5108256237659905)0.99:0.9808292530117262)0.98:1.2039728043259361)1:2.0368819272610392,t8));
Weight calculation took 0.029285376 secs
ASTRAL finished in 0.141 secs
