
================== ASTRAL ===================== 

This is ASTRAL version 5.7.8
Gene trees are treated as unrooted
579 trees read from quartet_temp.txt
index0
All output trees will be *arbitrarily* rooted at t3

======== Running the main analysis
Number of taxa: 10 (10 species)
Taxa: [t3, t5, t1, t4, t6, t7, t8, t9, t10, t2]
Taxon occupancy: {t4=273, t5=264, t6=219, t10=285, t7=138, t8=156, t9=203, t1=249, t2=196, t3=333}
Number of gene trees: 579
579 trees have missing taxa
Calculating quartet distance matrix (for completion of X)
Species tree distances calculated ...
Will attempt to complete bipartitions from X before adding using a distance matrix.
Building set of clusters (X) from gene trees 
------------------------------
gradient0: 57
Number of Clusters after addition by distance: 57
calculating extra bipartitions to be added at level 1 ...
Adding to X using resolutions of greedy consensus ...
Limit for sigma of degrees:300
polytomy size limit : 3
discarded polytomies:  []
Threshold 0.0:
Threshold 0.01:
Threshold 0.02:
Threshold 0.05:
Threshold 0.1:
Threshold 0.2:
Threshold 0.3333333333333333:
max k is :0
Number of Clusters after addition by greedy: 57
gradient0 in heuristiic: 57
calculating all possible bipartitions ...
Number of Clusters After Adding All possible clusters: 1023
partitions formed in 0.062 secs
Dynamic Programming starting after 0.062 secs
Using tree-based weight calculation.
Using polytree-based weight calculation.
Polytree max score: 579
Polytree building time: 0.005 seconds.
Number of quartet trees in the gene trees: 579
Size of largest cluster: 10
Greedy score: 566
estimationFactor: 1.0229681978798586
Sub-optimal score: 566
Total Number of elements weighted: 1056
Normalized score (portion of input quartet trees satisfied before correcting for multiple individuals): 0.9775474956822107
Optimization score: 566
Optimal tree inferred in 0.126 secs.
(t5,(t3,(t8,(t2,(t1,((t4,t10),(t7,(t6,t9))))))));
Final quartet score is: 566
Final normalized quartet score is: 0.9775474956822107
You may want to ignore posterior probabilities and other statistics related to the following branch branch because the effective number of genes impacting it is only 15:
	{t4, t10}
You may want to ignore posterior probabilities and other statistics related to the following branch branch because the effective number of genes impacting it is only 0:
	{t6, t9}
You may want to ignore posterior probabilities and other statistics related to the following branch branch because the effective number of genes impacting it is only 13:
	{t6, t7, t9}
You may want to ignore posterior probabilities and other statistics related to the following branch branch because the effective number of genes impacting it is only 7:
	{t1, t4, t6, t7, t9, t10}
You may want to ignore posterior probabilities and other statistics related to the following branch branch because the effective number of genes impacting it is only 8:
	{t1, t4, t6, t7, t9, t10, t2}
You may want to ignore posterior probabilities and other statistics related to the following branch branch because the effective number of genes impacting it is only 16:
	{t1, t4, t6, t7, t8, t9, t10, t2}
Extended species tree:
(t3,((t8,(t2,(t1,((t4,t10)1:2.367123614131617,(t7,(t6,t9)0.33:0.0)0.98:0.6241543090729941)1:3.5457786104732607)0.93:0.5753641449035618)0.97:0.6931471805599453)1:1.7346010553881062,t5));
Weight calculation took 0.034076982 secs
ASTRAL finished in 0.173 secs
