
================== ASTRAL ===================== 

This is ASTRAL version 5.7.8
Gene trees are treated as unrooted
371 trees read from quartet_temp.txt
index0
All output trees will be *arbitrarily* rooted at t3

======== Running the main analysis
Number of taxa: 10 (10 species)
Taxa: [t3, t4, t1, t6, t8, t10, t5, t7, t2, t9]
Taxon occupancy: {t4=208, t5=86, t6=156, t10=133, t7=139, t8=133, t9=111, t1=134, t2=158, t3=226}
Number of gene trees: 371
371 trees have missing taxa
Calculating quartet distance matrix (for completion of X)
Species tree distances calculated ...
Will attempt to complete bipartitions from X before adding using a distance matrix.
Building set of clusters (X) from gene trees 
------------------------------
gradient0: 53
Number of Clusters after addition by distance: 53
calculating extra bipartitions to be added at level 1 ...
Adding to X using resolutions of greedy consensus ...
Limit for sigma of degrees:300
polytomy size limit : 3
discarded polytomies:  []
Threshold 0.0:
Threshold 0.01:
Threshold 0.02:
Threshold 0.05:
Threshold 0.1:
Threshold 0.2:
Threshold 0.3333333333333333:
max k is :0
Number of Clusters after addition by greedy: 53
gradient0 in heuristiic: 53
calculating all possible bipartitions ...
Number of Clusters After Adding All possible clusters: 1023
partitions formed in 0.053 secs
Dynamic Programming starting after 0.053 secs
Using tree-based weight calculation.
Using polytree-based weight calculation.
Polytree max score: 371
Polytree building time: 0.004 seconds.
Number of quartet trees in the gene trees: 371
Size of largest cluster: 10
Greedy score: 362
estimationFactor: 1.0248618784530388
Sub-optimal score: 362
Total Number of elements weighted: 1067
Normalized score (portion of input quartet trees satisfied before correcting for multiple individuals): 0.9757412398921833
Optimization score: 362
Optimal tree inferred in 0.1 secs.
(t4,(t3,(t2,((t5,(t8,t7)),(t10,(t9,(t1,t6)))))));
Final quartet score is: 362
Final normalized quartet score is: 0.9757412398921833
You may want to ignore posterior probabilities and other statistics related to the following branch branch because the effective number of genes impacting it is only 6:
	{t8, t7}
You may want to ignore posterior probabilities and other statistics related to the following branch branch because the effective number of genes impacting it is only 17:
	{t8, t5, t7}
You may want to ignore posterior probabilities and other statistics related to the following branch branch because the effective number of genes impacting it is only 1:
	{t1, t6}
You may want to ignore posterior probabilities and other statistics related to the following branch branch because the effective number of genes impacting it is only 0:
	{t1, t6, t9}
You may want to ignore posterior probabilities and other statistics related to the following branch branch because the effective number of genes impacting it is only 11:
	{t1, t6, t10, t9}
You may want to ignore posterior probabilities and other statistics related to the following branch branch because the effective number of genes impacting it is only 8:
	{t1, t6, t8, t10, t5, t7, t9}
Extended species tree:
(t3,((t2,((t5,(t8,t7)0.46:0.15415067982725836)1:2.484906649788,(t10,(t9,(t1,t6)0.67:0.2876820724517809)0.33:0.0)1:0.9808292530117262)0.47:0.1823215567939546)1:2.772588722239782,t4));
Weight calculation took 0.020797782 secs
ASTRAL finished in 0.138 secs
