
================== ASTRAL ===================== 

This is ASTRAL version 5.7.8
Gene trees are treated as unrooted
89 trees read from quartet_temp.txt
index0
All output trees will be *arbitrarily* rooted at t2

======== Running the main analysis
Number of taxa: 10 (10 species)
Taxa: [t2, t3, t1, t7, t8, t5, t4, t9, t10, t6]
Taxon occupancy: {t4=12, t5=38, t10=37, t6=28, t7=31, t8=32, t9=20, t1=26, t2=68, t3=64}
Number of gene trees: 89
89 trees have missing taxa
Calculating quartet distance matrix (for completion of X)
Species tree distances calculated ...
Will attempt to complete bipartitions from X before adding using a distance matrix.
Building set of clusters (X) from gene trees 
------------------------------
gradient0: 79
Number of Clusters after addition by distance: 79
calculating extra bipartitions to be added at level 1 ...
Adding to X using resolutions of greedy consensus ...
Limit for sigma of degrees:300
polytomy size limit : 3
discarded polytomies:  []
Threshold 0.0:
Threshold 0.01:
Threshold 0.02:
Threshold 0.05:
Threshold 0.1:
Threshold 0.2:
Threshold 0.3333333333333333:
max k is :0
Number of Clusters after addition by greedy: 79
gradient0 in heuristiic: 79
calculating all possible bipartitions ...
Number of Clusters After Adding All possible clusters: 1023
partitions formed in 0.036 secs
Dynamic Programming starting after 0.036 secs
Using tree-based weight calculation.
Using polytree-based weight calculation.
Polytree max score: 89
Polytree building time: 0.003 seconds.
Number of quartet trees in the gene trees: 89
Size of largest cluster: 10
Greedy score: 87
estimationFactor: 1.0229885057471264
Sub-optimal score: 87
Total Number of elements weighted: 1063
Normalized score (portion of input quartet trees satisfied before correcting for multiple individuals): 0.9775280898876404
Optimization score: 87
Optimal tree inferred in 0.078 secs.
(t3,(t2,(t4,(t5,(t7,(t8,((t10,t6),(t1,t9))))))));
Final quartet score is: 87
Final normalized quartet score is: 0.9775280898876404
You may want to ignore posterior probabilities and other statistics related to the following branch branch because the effective number of genes impacting it is only 4:
	{t10, t6}
You may want to ignore posterior probabilities and other statistics related to the following branch branch because the effective number of genes impacting it is only 2:
	{t1, t9}
You may want to ignore posterior probabilities and other statistics related to the following branch branch because the effective number of genes impacting it is only 0:
	{t1, t9, t10, t6}
You may want to ignore posterior probabilities and other statistics related to the following branch branch because the effective number of genes impacting it is only 3:
	{t1, t8, t9, t10, t6}
You may want to ignore posterior probabilities and other statistics related to the following branch branch because the effective number of genes impacting it is only 4:
	{t1, t7, t8, t9, t10, t6}
You may want to ignore posterior probabilities and other statistics related to the following branch branch because the effective number of genes impacting it is only 2:
	{t1, t7, t8, t5, t9, t10, t6}
You may want to ignore posterior probabilities and other statistics related to the following branch branch because the effective number of genes impacting it is only 9:
	{t1, t7, t8, t5, t4, t9, t10, t6}
Extended species tree:
(t2,((t4,(t5,(t7,(t8,((t10,t6)0.98:1.2039728043259361,(t1,t9)0.87:0.6931471805599453)0.33:0.0)0.95:0.9808292530117262)0.98:1.2039728043259361)0.87:0.6931471805599453)1:1.8971199848858815,t3));
Weight calculation took 0.011523024 secs
ASTRAL finished in 0.108 secs
