
================== ASTRAL ===================== 

This is ASTRAL version 5.7.8
Gene trees are treated as unrooted
231 trees read from quartet_temp.txt
index0
All output trees will be *arbitrarily* rooted at t5

======== Running the main analysis
Number of taxa: 10 (10 species)
Taxa: [t5, t6, t1, t2, t3, t4, t9, t10, t7, t8]
Taxon occupancy: {t4=99, t5=130, t6=70, t10=92, t7=97, t8=93, t9=32, t1=77, t2=125, t3=109}
Number of gene trees: 231
231 trees have missing taxa
Calculating quartet distance matrix (for completion of X)
Species tree distances calculated ...
Will attempt to complete bipartitions from X before adding using a distance matrix.
Building set of clusters (X) from gene trees 
------------------------------
gradient0: 65
Number of Clusters after addition by distance: 65
calculating extra bipartitions to be added at level 1 ...
Adding to X using resolutions of greedy consensus ...
Limit for sigma of degrees:300
polytomy size limit : 3
discarded polytomies:  []
Threshold 0.0:
Threshold 0.01:
Threshold 0.02:
Threshold 0.05:
Threshold 0.1:
Threshold 0.2:
Threshold 0.3333333333333333:
max k is :0
Number of Clusters after addition by greedy: 65
gradient0 in heuristiic: 65
calculating all possible bipartitions ...
Number of Clusters After Adding All possible clusters: 1023
partitions formed in 0.042 secs
Dynamic Programming starting after 0.042 secs
Using tree-based weight calculation.
Using polytree-based weight calculation.
Polytree max score: 231
Polytree building time: 0.004 seconds.
Number of quartet trees in the gene trees: 231
Size of largest cluster: 10
Greedy score: 227
estimationFactor: 1.0176211453744493
Sub-optimal score: 227
Total Number of elements weighted: 1168
Normalized score (portion of input quartet trees satisfied before correcting for multiple individuals): 0.9826839826839827
Optimization score: 227
Optimal tree inferred in 0.089 secs.
(t6,(t5,(t2,(t4,(t1,(t7,(t8,(t9,(t3,t10)))))))));
Final quartet score is: 227
Final normalized quartet score is: 0.9826839826839827
You may want to ignore posterior probabilities and other statistics related to the following branch branch because the effective number of genes impacting it is only 0:
	{t3, t10}
You may want to ignore posterior probabilities and other statistics related to the following branch branch because the effective number of genes impacting it is only 6:
	{t3, t9, t10}
You may want to ignore posterior probabilities and other statistics related to the following branch branch because the effective number of genes impacting it is only 0:
	{t3, t9, t10, t8}
You may want to ignore posterior probabilities and other statistics related to the following branch branch because the effective number of genes impacting it is only 2:
	{t1, t3, t9, t10, t7, t8}
You may want to ignore posterior probabilities and other statistics related to the following branch branch because the effective number of genes impacting it is only 4:
	{t1, t3, t4, t9, t10, t7, t8}
Extended species tree:
(t5,((t2,(t4,(t1,(t7,(t8,(t9,(t3,t10)0.33:0.0)1:1.5404450409471486)0.33:0.0)1:2.1972245773362196)0.42:0.0)0.98:1.2039728043259361)1:2.730029107820986,t6));
Weight calculation took 0.017597452 secs
ASTRAL finished in 0.125 secs
