
================== ASTRAL ===================== 

This is ASTRAL version 5.7.8
Gene trees are treated as unrooted
536 trees read from quartet_temp.txt
index0
All output trees will be *arbitrarily* rooted at t10

======== Running the main analysis
Number of taxa: 10 (10 species)
Taxa: [t10, t9, t6, t7, t2, t4, t1, t3, t5, t8]
Taxon occupancy: {t4=181, t5=196, t10=303, t6=286, t7=242, t8=148, t9=303, t1=75, t2=203, t3=207}
Number of gene trees: 536
536 trees have missing taxa
Calculating quartet distance matrix (for completion of X)
Species tree distances calculated ...
Will attempt to complete bipartitions from X before adding using a distance matrix.
Building set of clusters (X) from gene trees 
------------------------------
gradient0: 47
Number of Clusters after addition by distance: 47
calculating extra bipartitions to be added at level 1 ...
Adding to X using resolutions of greedy consensus ...
Limit for sigma of degrees:300
polytomy size limit : 3
discarded polytomies:  []
Threshold 0.0:
Threshold 0.01:
Threshold 0.02:
Threshold 0.05:
Threshold 0.1:
Threshold 0.2:
Threshold 0.3333333333333333:
max k is :0
Number of Clusters after addition by greedy: 47
gradient0 in heuristiic: 47
calculating all possible bipartitions ...
Number of Clusters After Adding All possible clusters: 1023
partitions formed in 0.066 secs
Dynamic Programming starting after 0.066 secs
Using tree-based weight calculation.
Using polytree-based weight calculation.
Polytree max score: 536
Polytree building time: 0.005 seconds.
Number of quartet trees in the gene trees: 536
Size of largest cluster: 10
Greedy score: 530
estimationFactor: 1.0113207547169811
Sub-optimal score: 530
Total Number of elements weighted: 1117
Normalized score (portion of input quartet trees satisfied before correcting for multiple individuals): 0.9888059701492538
Optimization score: 530
Optimal tree inferred in 0.124 secs.
(t9,(t10,((t5,(t6,t7)),((t4,t8),(t1,(t2,t3))))));
Final quartet score is: 530
Final normalized quartet score is: 0.9888059701492538
You may want to ignore posterior probabilities and other statistics related to the following branch branch because the effective number of genes impacting it is only 19:
	{t6, t7}
You may want to ignore posterior probabilities and other statistics related to the following branch branch because the effective number of genes impacting it is only 7:
	{t6, t7, t5}
You may want to ignore posterior probabilities and other statistics related to the following branch branch because the effective number of genes impacting it is only 3:
	{t4, t8}
You may want to ignore posterior probabilities and other statistics related to the following branch branch because the effective number of genes impacting it is only 3:
	{t2, t3}
You may want to ignore posterior probabilities and other statistics related to the following branch branch because the effective number of genes impacting it is only 12:
	{t2, t1, t3}
You may want to ignore posterior probabilities and other statistics related to the following branch branch because the effective number of genes impacting it is only 1:
	{t2, t4, t1, t3, t8}
Extended species tree:
(t10,(((t5,(t6,t7)1:0.6443570163905135)1:1.6739764335716716,((t4,t8)0.95:0.9808292530117262,(t1,(t2,t3)0.95:0.9808292530117262)1:2.159484249353373)0.67:0.2876820724517809)1:3.5457786104732607,t9));
Weight calculation took 0.027829912 secs
ASTRAL finished in 0.177 secs
