
================== ASTRAL ===================== 

This is ASTRAL version 5.7.8
Gene trees are treated as unrooted
119 trees read from quartet_temp.txt
index0
All output trees will be *arbitrarily* rooted at t2

======== Running the main analysis
Number of taxa: 10 (10 species)
Taxa: [t2, t7, t1, t6, t10, t8, t9, t3, t4, t5]
Taxon occupancy: {t4=67, t5=46, t6=72, t10=70, t7=35, t8=35, t9=32, t1=17, t2=38, t3=64}
Number of gene trees: 119
119 trees have missing taxa
Calculating quartet distance matrix (for completion of X)
Species tree distances calculated ...
Will attempt to complete bipartitions from X before adding using a distance matrix.
Building set of clusters (X) from gene trees 
------------------------------
gradient0: 65
Number of Clusters after addition by distance: 65
calculating extra bipartitions to be added at level 1 ...
Adding to X using resolutions of greedy consensus ...
Limit for sigma of degrees:300
polytomy size limit : 3
discarded polytomies:  []
Threshold 0.0:
Threshold 0.01:
Threshold 0.02:
Threshold 0.05:
Threshold 0.1:
Threshold 0.2:
Threshold 0.3333333333333333:
max k is :0
Number of Clusters after addition by greedy: 65
gradient0 in heuristiic: 65
calculating all possible bipartitions ...
Number of Clusters After Adding All possible clusters: 1023
partitions formed in 0.034 secs
Dynamic Programming starting after 0.034 secs
Using tree-based weight calculation.
Using polytree-based weight calculation.
Polytree max score: 119
Polytree building time: 0.003 seconds.
Number of quartet trees in the gene trees: 119
Size of largest cluster: 10
Greedy score: 116
estimationFactor: 1.0258620689655173
Sub-optimal score: 116
Total Number of elements weighted: 929
Normalized score (portion of input quartet trees satisfied before correcting for multiple individuals): 0.9831932773109243
Optimization score: 117
Optimal tree inferred in 0.073 secs.
(t7,((t8,t9),((t5,(t3,t4)),(t2,(t1,(t6,t10))))));
Final quartet score is: 117
Final normalized quartet score is: 0.9831932773109243
You may want to ignore posterior probabilities and other statistics related to the following branch branch because the effective number of genes impacting it is only 4:
	{t6, t10}
You may want to ignore posterior probabilities and other statistics related to the following branch branch because the effective number of genes impacting it is only 2:
	{t1, t6, t10}
You may want to ignore posterior probabilities and other statistics related to the following branch branch because the effective number of genes impacting it is only 2:
	{t3, t4}
You may want to ignore posterior probabilities and other statistics related to the following branch branch because the effective number of genes impacting it is only 10:
	{t3, t4, t5}
You may want to ignore posterior probabilities and other statistics related to the following branch branch because the effective number of genes impacting it is only 2:
	{t8, t9}
You may want to ignore posterior probabilities and other statistics related to the following branch branch because the effective number of genes impacting it is only 0:
	{t7, t8, t9}
You may want to ignore posterior probabilities and other statistics related to the following branch branch because the effective number of genes impacting it is only 1:
	{t7, t8, t9, t3, t4, t5}
Extended species tree:
(t2,((t1,(t6,t10)0.98:1.2039728043259361)0.87:0.6931471805599453,((t5,(t3,t4)0.87:0.6931471805599453)0.99:0.8938178760220965,((t8,t9)0.87:0.6931471805599453,t7)0.33:0.0)0.67:0.2876820724517809));
Weight calculation took 0.011623372 secs
ASTRAL finished in 0.104 secs
