
================== ASTRAL ===================== 

This is ASTRAL version 5.7.8
Gene trees are treated as unrooted
72 trees read from quartet_temp.txt
index0
All output trees will be *arbitrarily* rooted at t6

======== Running the main analysis
Number of taxa: 10 (10 species)
Taxa: [t6, t7, t2, t4, t10, t5, t1, t3, t9, t8]
Taxon occupancy: {t4=28, t5=25, t6=57, t10=15, t7=47, t8=25, t9=23, t1=24, t2=15, t3=29}
Number of gene trees: 72
72 trees have missing taxa
Calculating quartet distance matrix (for completion of X)
Species tree distances calculated ...
Will attempt to complete bipartitions from X before adding using a distance matrix.
Building set of clusters (X) from gene trees 
------------------------------
gradient0: 141
Number of Clusters after addition by distance: 141
calculating extra bipartitions to be added at level 1 ...
Adding to X using resolutions of greedy consensus ...
Limit for sigma of degrees:300
polytomy size limit : 4
discarded polytomies:  [4]
Threshold 0.0:
Threshold 0.01:
Threshold 0.02:
Threshold 0.05:
Threshold 0.1:
Threshold 0.2:
Threshold 0.3333333333333333:
polytomy of size 4; rounds with additions with at least 5 support: 0; clusters: 141
max k is :0
Number of Clusters after addition by greedy: 141
gradient0 in heuristiic: 141
calculating all possible bipartitions ...
Number of Clusters After Adding All possible clusters: 1023
partitions formed in 0.043 secs
Dynamic Programming starting after 0.043 secs
Using tree-based weight calculation.
Using polytree-based weight calculation.
Polytree max score: 72
Polytree building time: 0.002 seconds.
Number of quartet trees in the gene trees: 72
Size of largest cluster: 10
Greedy score: 49
estimationFactor: 1.469387755102041
Sub-optimal score: 58
Total Number of elements weighted: 2293
Normalized score (portion of input quartet trees satisfied before correcting for multiple individuals): 0.875
Optimization score: 63
Optimal tree inferred in 0.091 secs.
(t7,((t6,t5),(t1,(t2,((t4,t10),(t8,(t3,t9)))))));
Final quartet score is: 63
Final normalized quartet score is: 0.875
You may want to ignore posterior probabilities and other statistics related to the following branch branch because the effective number of genes impacting it is only 6:
	{t4, t10}
You may want to ignore posterior probabilities and other statistics related to the following branch branch because the effective number of genes impacting it is only 2:
	{t3, t9}
You may want to ignore posterior probabilities and other statistics related to the following branch branch because the effective number of genes impacting it is only 5:
	{t3, t9, t8}
You may want to ignore posterior probabilities and other statistics related to the following branch branch because the effective number of genes impacting it is only 0:
	{t4, t10, t3, t9, t8}
You may want to ignore posterior probabilities and other statistics related to the following branch branch because the effective number of genes impacting it is only 0:
	{t2, t4, t10, t3, t9, t8}
You may want to ignore posterior probabilities and other statistics related to the following branch branch because the effective number of genes impacting it is only 9:
	{t2, t4, t10, t1, t3, t9, t8}
You may want to ignore posterior probabilities and other statistics related to the following branch branch because the effective number of genes impacting it is only 9:
	{t7, t2, t4, t10, t1, t3, t9, t8}
Extended species tree:
(t6,(t5,((t1,(t2,((t4,t10)1:1.5404450409471486,(t8,(t3,t9)0.87:0.6931471805599453)0.99:1.3862943611198908)0.33:0.0)0.33:0.0)1:1.8971199848858815,t7)0.91:0.5108256237659905));
Weight calculation took 0.017307933 secs
ASTRAL finished in 0.118 secs
