
================== ASTRAL ===================== 

This is ASTRAL version 5.7.8
Gene trees are treated as unrooted
118 trees read from quartet_temp.txt
index0
All output trees will be *arbitrarily* rooted at t4

======== Running the main analysis
Number of taxa: 10 (10 species)
Taxa: [t4, t5, t1, t6, t10, t8, t9, t2, t3, t7]
Taxon occupancy: {t4=67, t5=66, t6=62, t10=85, t7=24, t8=24, t9=58, t1=21, t2=32, t3=33}
Number of gene trees: 118
118 trees have missing taxa
Calculating quartet distance matrix (for completion of X)
Species tree distances calculated ...
Will attempt to complete bipartitions from X before adding using a distance matrix.
Building set of clusters (X) from gene trees 
------------------------------
gradient0: 61
Number of Clusters after addition by distance: 61
calculating extra bipartitions to be added at level 1 ...
Adding to X using resolutions of greedy consensus ...
Limit for sigma of degrees:300
polytomy size limit : 3
discarded polytomies:  []
Threshold 0.0:
Threshold 0.01:
Threshold 0.02:
Threshold 0.05:
Threshold 0.1:
Threshold 0.2:
Threshold 0.3333333333333333:
max k is :0
Number of Clusters after addition by greedy: 61
gradient0 in heuristiic: 61
calculating all possible bipartitions ...
Number of Clusters After Adding All possible clusters: 1023
partitions formed in 0.034 secs
Dynamic Programming starting after 0.034 secs
Using tree-based weight calculation.
Using polytree-based weight calculation.
Polytree max score: 118
Polytree building time: 0.003 seconds.
Number of quartet trees in the gene trees: 118
Size of largest cluster: 10
Greedy score: 117
estimationFactor: 1.0085470085470085
Sub-optimal score: 117
Total Number of elements weighted: 1064
Normalized score (portion of input quartet trees satisfied before correcting for multiple individuals): 0.9915254237288136
Optimization score: 117
Optimal tree inferred in 0.075 secs.
(t5,(t4,(t9,(t3,(t8,(t7,(t2,(t1,(t6,t10)))))))));
Final quartet score is: 117
Final normalized quartet score is: 0.9915254237288136
You may want to ignore posterior probabilities and other statistics related to the following branch branch because the effective number of genes impacting it is only 2:
	{t6, t10}
You may want to ignore posterior probabilities and other statistics related to the following branch branch because the effective number of genes impacting it is only 0:
	{t1, t6, t10}
You may want to ignore posterior probabilities and other statistics related to the following branch branch because the effective number of genes impacting it is only 0:
	{t1, t6, t10, t2}
You may want to ignore posterior probabilities and other statistics related to the following branch branch because the effective number of genes impacting it is only 0:
	{t1, t6, t10, t2, t7}
You may want to ignore posterior probabilities and other statistics related to the following branch branch because the effective number of genes impacting it is only 3:
	{t1, t6, t10, t8, t2, t7}
You may want to ignore posterior probabilities and other statistics related to the following branch branch because the effective number of genes impacting it is only 4:
	{t1, t6, t10, t8, t2, t3, t7}
You may want to ignore posterior probabilities and other statistics related to the following branch branch because the effective number of genes impacting it is only 2:
	{t1, t6, t10, t8, t9, t2, t3, t7}
Extended species tree:
(t4,((t9,(t3,(t8,(t7,(t2,(t1,(t6,t10)0.87:0.6931471805599453)0.33:0.0)0.33:0.0)0.33:0.0)0.95:0.9808292530117262)0.98:1.2039728043259361)0.87:0.6931471805599453,t5));
Weight calculation took 0.013230393 secs
ASTRAL finished in 0.106 secs
