
================== ASTRAL ===================== 

This is ASTRAL version 5.7.8
Gene trees are treated as unrooted
143 trees read from quartet_temp.txt
index0
All output trees will be *arbitrarily* rooted at t3

======== Running the main analysis
Number of taxa: 10 (10 species)
Taxa: [t3, t4, t1, t6, t8, t10, t5, t2, t9, t7]
Taxon occupancy: {t4=87, t5=73, t6=84, t10=90, t7=33, t8=50, t9=49, t1=30, t2=36, t3=40}
Number of gene trees: 143
143 trees have missing taxa
Calculating quartet distance matrix (for completion of X)
Species tree distances calculated ...
Will attempt to complete bipartitions from X before adding using a distance matrix.
Building set of clusters (X) from gene trees 
------------------------------
gradient0: 59
Number of Clusters after addition by distance: 59
calculating extra bipartitions to be added at level 1 ...
Adding to X using resolutions of greedy consensus ...
Limit for sigma of degrees:300
polytomy size limit : 3
discarded polytomies:  []
Threshold 0.0:
Threshold 0.01:
Threshold 0.02:
Threshold 0.05:
Threshold 0.1:
Threshold 0.2:
Threshold 0.3333333333333333:
max k is :0
Number of Clusters after addition by greedy: 59
gradient0 in heuristiic: 59
calculating all possible bipartitions ...
Number of Clusters After Adding All possible clusters: 1023
partitions formed in 0.042 secs
Dynamic Programming starting after 0.042 secs
Using tree-based weight calculation.
Using polytree-based weight calculation.
Polytree max score: 143
Polytree building time: 0.004 seconds.
Number of quartet trees in the gene trees: 143
Size of largest cluster: 10
Greedy score: 137
estimationFactor: 1.0437956204379562
Sub-optimal score: 137
Total Number of elements weighted: 1076
Normalized score (portion of input quartet trees satisfied before correcting for multiple individuals): 0.972027972027972
Optimization score: 139
Optimal tree inferred in 0.086 secs.
(t4,(t5,(t9,(t3,(t1,(t7,(t2,(t8,(t6,t10)))))))));
Final quartet score is: 139
Final normalized quartet score is: 0.972027972027972
You may want to ignore posterior probabilities and other statistics related to the following branch branch because the effective number of genes impacting it is only 5:
	{t6, t10}
You may want to ignore posterior probabilities and other statistics related to the following branch branch because the effective number of genes impacting it is only 7:
	{t6, t8, t10}
You may want to ignore posterior probabilities and other statistics related to the following branch branch because the effective number of genes impacting it is only 2:
	{t6, t8, t10, t2}
You may want to ignore posterior probabilities and other statistics related to the following branch branch because the effective number of genes impacting it is only 2:
	{t6, t8, t10, t2, t7}
You may want to ignore posterior probabilities and other statistics related to the following branch branch because the effective number of genes impacting it is only 6:
	{t1, t6, t8, t10, t2, t7}
You may want to ignore posterior probabilities and other statistics related to the following branch branch because the effective number of genes impacting it is only 4:
	{t4, t5}
You may want to ignore posterior probabilities and other statistics related to the following branch branch because the effective number of genes impacting it is only 4:
	{t4, t5, t9}
Extended species tree:
(t3,((t1,(t7,(t2,(t8,(t6,t10)0.99:1.3862943611198908)1:1.6739764335716716)0.87:0.6931471805599453)0.87:0.6931471805599453)1:1.5404450409471486,(t9,(t5,t4)0.84:0.5108256237659905)0.98:1.2039728043259361));
Weight calculation took 0.01564587 secs
ASTRAL finished in 0.123 secs
