
================== ASTRAL ===================== 

This is ASTRAL version 5.7.8
Gene trees are treated as unrooted
88 trees read from quartet_temp.txt
index0
All output trees will be *arbitrarily* rooted at t2

======== Running the main analysis
Number of taxa: 10 (10 species)
Taxa: [t2, t3, t1, t6, t10, t7, t4, t8, t5, t9]
Taxon occupancy: {t4=32, t5=26, t6=48, t10=55, t7=30, t8=44, t9=24, t1=23, t2=35, t3=35}
Number of gene trees: 88
88 trees have missing taxa
Calculating quartet distance matrix (for completion of X)
Species tree distances calculated ...
Will attempt to complete bipartitions from X before adding using a distance matrix.
Building set of clusters (X) from gene trees 
------------------------------
gradient0: 51
Number of Clusters after addition by distance: 51
calculating extra bipartitions to be added at level 1 ...
Adding to X using resolutions of greedy consensus ...
Limit for sigma of degrees:300
polytomy size limit : 3
discarded polytomies:  []
Threshold 0.0:
Threshold 0.01:
Threshold 0.02:
Threshold 0.05:
Threshold 0.1:
Threshold 0.2:
Threshold 0.3333333333333333:
max k is :0
Number of Clusters after addition by greedy: 51
gradient0 in heuristiic: 51
calculating all possible bipartitions ...
Number of Clusters After Adding All possible clusters: 1023
partitions formed in 0.029 secs
Dynamic Programming starting after 0.029 secs
Using tree-based weight calculation.
Using polytree-based weight calculation.
Polytree max score: 88
Polytree building time: 0.001 seconds.
Number of quartet trees in the gene trees: 88
Size of largest cluster: 10
Greedy score: 81
estimationFactor: 1.0864197530864197
Sub-optimal score: 81
Total Number of elements weighted: 2438
Normalized score (portion of input quartet trees satisfied before correcting for multiple individuals): 0.9204545454545454
Optimization score: 81
Optimal tree inferred in 0.077 secs.
(t3,(t2,((t4,(t7,t8)),((t5,t9),(t1,(t6,t10))))));
Final quartet score is: 81
Final normalized quartet score is: 0.9204545454545454
You may want to ignore posterior probabilities and other statistics related to the following branch branch because the effective number of genes impacting it is only 6:
	{t7, t8}
You may want to ignore posterior probabilities and other statistics related to the following branch branch because the effective number of genes impacting it is only 2:
	{t7, t4, t8}
You may want to ignore posterior probabilities and other statistics related to the following branch branch because the effective number of genes impacting it is only 1:
	{t5, t9}
You may want to ignore posterior probabilities and other statistics related to the following branch branch because the effective number of genes impacting it is only 10:
	{t6, t10}
You may want to ignore posterior probabilities and other statistics related to the following branch branch because the effective number of genes impacting it is only 0:
	{t1, t6, t10}
You may want to ignore posterior probabilities and other statistics related to the following branch branch because the effective number of genes impacting it is only 4:
	{t1, t6, t10, t5, t9}
You may want to ignore posterior probabilities and other statistics related to the following branch branch because the effective number of genes impacting it is only 6:
	{t1, t6, t10, t7, t4, t8, t5, t9}
Extended species tree:
(t2,(((t4,(t7,t8)0.46:0.15415067982725836)0.87:0.6931471805599453,((t5,t9)0.67:0.2876820724517809,(t1,(t6,t10)0.96:0.6061358035703156)0.33:0.0)0.98:1.2039728043259361)1:1.5404450409471486,t3));
Weight calculation took 0.02231771 secs
ASTRAL finished in 0.105 secs
