
================== ASTRAL ===================== 

This is ASTRAL version 5.7.8
Gene trees are treated as unrooted
65 trees read from quartet_temp.txt
index0
All output trees will be *arbitrarily* rooted at t10

======== Running the main analysis
Number of taxa: 10 (10 species)
Taxa: [t10, t9, t1, t7, t6, t3, t8, t5, t2, t4]
Taxon occupancy: {t4=28, t5=25, t10=19, t6=31, t7=34, t8=32, t9=28, t1=13, t2=25, t3=25}
Number of gene trees: 65
65 trees have missing taxa
Calculating quartet distance matrix (for completion of X)
Species tree distances calculated ...
Will attempt to complete bipartitions from X before adding using a distance matrix.
Building set of clusters (X) from gene trees 
------------------------------
gradient0: 67
Number of Clusters after addition by distance: 67
calculating extra bipartitions to be added at level 1 ...
Adding to X using resolutions of greedy consensus ...
Limit for sigma of degrees:300
polytomy size limit : 3
discarded polytomies:  []
Threshold 0.0:
Threshold 0.01:
Threshold 0.02:
Threshold 0.05:
Threshold 0.1:
Threshold 0.2:
Threshold 0.3333333333333333:
max k is :0
Number of Clusters after addition by greedy: 67
gradient0 in heuristiic: 67
calculating all possible bipartitions ...
Number of Clusters After Adding All possible clusters: 1023
partitions formed in 0.036 secs
Dynamic Programming starting after 0.036 secs
Using tree-based weight calculation.
Using polytree-based weight calculation.
Polytree max score: 65
Polytree building time: 0.002 seconds.
Number of quartet trees in the gene trees: 65
Size of largest cluster: 10
Greedy score: 65
estimationFactor: 1.0
Sub-optimal score: 65
Total Number of elements weighted: 824
Normalized score (portion of input quartet trees satisfied before correcting for multiple individuals): 1.0
Optimization score: 65
Optimal tree inferred in 0.079 secs.
(t9,((t8,(t5,t4)),((t6,(t1,t7)),(t10,(t3,t2)))));
Final quartet score is: 65
Final normalized quartet score is: 1.0
You may want to ignore posterior probabilities and other statistics related to the following branch branch because the effective number of genes impacting it is only 1:
	{t3, t2}
You may want to ignore posterior probabilities and other statistics related to the following branch branch because the effective number of genes impacting it is only 3:
	{t1, t7}
You may want to ignore posterior probabilities and other statistics related to the following branch branch because the effective number of genes impacting it is only 7:
	{t1, t7, t6}
You may want to ignore posterior probabilities and other statistics related to the following branch branch because the effective number of genes impacting it is only 5:
	{t5, t4}
You may want to ignore posterior probabilities and other statistics related to the following branch branch because the effective number of genes impacting it is only 1:
	{t8, t5, t4}
You may want to ignore posterior probabilities and other statistics related to the following branch branch because the effective number of genes impacting it is only 8:
	{t9, t8, t5, t4}
You may want to ignore posterior probabilities and other statistics related to the following branch branch because the effective number of genes impacting it is only 1:
	{t9, t1, t7, t6, t8, t5, t4}
Extended species tree:
(t10,((t3,t2)0.67:0.2876820724517809,((t6,(t1,t7)0.95:0.9808292530117262)1:1.6739764335716716,((t8,(t5,t4)0.99:1.3862943611198908)0.67:0.2876820724517809,t9)1:1.7917594692280545)0.67:0.2876820724517809));
Weight calculation took 0.008410906 secs
ASTRAL finished in 0.111 secs
