
================== ASTRAL ===================== 

This is ASTRAL version 5.7.8
Gene trees are treated as unrooted
1275 trees read from quartet_temp.txt
index0
All output trees will be *arbitrarily* rooted at t10

======== Running the main analysis
Number of taxa: 10 (10 species)
Taxa: [t10, t2, t1, t3, t9, t4, t5, t8, t6, t7]
Taxon occupancy: {t4=168, t5=292, t10=561, t6=691, t7=651, t8=517, t9=622, t1=449, t2=490, t3=659}
Number of gene trees: 1275
1275 trees have missing taxa
Calculating quartet distance matrix (for completion of X)
Species tree distances calculated ...
Will attempt to complete bipartitions from X before adding using a distance matrix.
Building set of clusters (X) from gene trees 
------------------------------
gradient0: 49
Number of Clusters after addition by distance: 49
calculating extra bipartitions to be added at level 1 ...
Adding to X using resolutions of greedy consensus ...
Limit for sigma of degrees:300
polytomy size limit : 3
discarded polytomies:  []
Threshold 0.0:
Threshold 0.01:
Threshold 0.02:
Threshold 0.05:
Threshold 0.1:
Threshold 0.2:
Threshold 0.3333333333333333:
max k is :0
Number of Clusters after addition by greedy: 49
gradient0 in heuristiic: 49
calculating all possible bipartitions ...
Number of Clusters After Adding All possible clusters: 1023
partitions formed in 0.107 secs
Dynamic Programming starting after 0.107 secs
Using tree-based weight calculation.
Using polytree-based weight calculation.
Polytree max score: 1275
Polytree building time: 0.008 seconds.
Number of quartet trees in the gene trees: 1275
Size of largest cluster: 10
Greedy score: 1245
estimationFactor: 1.0240963855421688
Sub-optimal score: 1259
Total Number of elements weighted: 1081
Normalized score (portion of input quartet trees satisfied before correcting for multiple individuals): 0.9874509803921568
Optimization score: 1259
Optimal tree inferred in 0.193 secs.
(t2,(t10,(((t6,t7),(t4,t5)),(t1,(t8,(t3,t9))))));
Final quartet score is: 1259
Final normalized quartet score is: 0.9874509803921568
You may want to ignore posterior probabilities and other statistics related to the following branch branch because the effective number of genes impacting it is only 8:
	{t4, t5}
You may want to ignore posterior probabilities and other statistics related to the following branch branch because the effective number of genes impacting it is only 4:
	{t3, t9, t8}
Extended species tree:
(t10,((((t6,t7)1:1.0826119473216684,(t4,t5)1:1.7917594692280545)0.99:0.5328045304847661,(t1,(t8,(t3,t9)1:3.149882953381249)0.98:1.2039728043259361)1:3.8985999850960074)1:3.601868077124306,t2));
Weight calculation took 0.05001662 secs
ASTRAL finished in 0.256 secs
