
================== ASTRAL ===================== 

This is ASTRAL version 5.7.8
Gene trees are treated as unrooted
16 trees read from quartet_temp.txt
index0
All output trees will be *arbitrarily* rooted at t10

======== Running the main analysis
Number of taxa: 10 (10 species)
Taxa: [t10, t9, t4, t8, t2, t1, t5, t6, t7, t3]
Taxon occupancy: {t4=9, t5=7, t10=7, t6=6, t7=3, t8=1, t9=8, t1=8, t2=9, t3=6}
Number of gene trees: 16
16 trees have missing taxa
Calculating quartet distance matrix (for completion of X)
Species tree distances calculated ...
Will attempt to complete bipartitions from X before adding using a distance matrix.
Building set of clusters (X) from gene trees 
------------------------------
gradient0: 59
Number of Clusters after addition by distance: 59
calculating extra bipartitions to be added at level 1 ...
Adding to X using resolutions of greedy consensus ...
Limit for sigma of degrees:300
polytomy size limit : 3
discarded polytomies:  []
Threshold 0.0:
Threshold 0.01:
Threshold 0.02:
Threshold 0.05:
Threshold 0.1:
Threshold 0.2:
Threshold 0.3333333333333333:
max k is :0
Number of Clusters after addition by greedy: 59
gradient0 in heuristiic: 59
calculating all possible bipartitions ...
Number of Clusters After Adding All possible clusters: 1023
partitions formed in 0.02 secs
Dynamic Programming starting after 0.02 secs
Using tree-based weight calculation.
Using polytree-based weight calculation.
Polytree max score: 16
Polytree building time: 0.001 seconds.
Number of quartet trees in the gene trees: 16
Size of largest cluster: 10
Greedy score: 16
estimationFactor: 1.0
Sub-optimal score: 16
Total Number of elements weighted: 1063
Normalized score (portion of input quartet trees satisfied before correcting for multiple individuals): 1.0
Optimization score: 16
Optimal tree inferred in 0.049 secs.
(t9,(t10,(t3,(t6,(t7,(t8,((t2,t5),(t4,t1))))))));
Final quartet score is: 16
Final normalized quartet score is: 1.0
You may want to ignore posterior probabilities and other statistics related to the following branch branch because the effective number of genes impacting it is only 1:
	{t2, t5}
You may want to ignore posterior probabilities and other statistics related to the following branch branch because the effective number of genes impacting it is only 2:
	{t4, t1}
You may want to ignore posterior probabilities and other statistics related to the following branch branch because the effective number of genes impacting it is only 0:
	{t4, t2, t1, t5}
You may want to ignore posterior probabilities and other statistics related to the following branch branch because the effective number of genes impacting it is only 0:
	{t4, t8, t2, t1, t5}
You may want to ignore posterior probabilities and other statistics related to the following branch branch because the effective number of genes impacting it is only 0:
	{t4, t8, t2, t1, t5, t7}
You may want to ignore posterior probabilities and other statistics related to the following branch branch because the effective number of genes impacting it is only 2:
	{t4, t8, t2, t1, t5, t6, t7}
You may want to ignore posterior probabilities and other statistics related to the following branch branch because the effective number of genes impacting it is only 1:
	{t4, t8, t2, t1, t5, t6, t7, t3}
Extended species tree:
(t10,((t3,(t6,(t7,(t8,((t2,t5)0.67:0.2876820724517809,(t4,t1)0.87:0.6931471805599453)0.33:0.0)0.33:0.0)0.33:0.0)0.87:0.6931471805599453)0.67:0.2876820724517809,t9));
Weight calculation took 0.004023175 secs
ASTRAL finished in 0.069 secs
