
================== ASTRAL ===================== 

This is ASTRAL version 5.7.8
Gene trees are treated as unrooted
136 trees read from quartet_temp.txt
index0
All output trees will be *arbitrarily* rooted at t4

======== Running the main analysis
Number of taxa: 10 (10 species)
Taxa: [t4, t9, t1, t2, t3, t10, t6, t5, t8, t7]
Taxon occupancy: {t4=79, t5=48, t10=70, t6=33, t7=9, t8=48, t9=33, t1=63, t2=64, t3=97}
Number of gene trees: 136
136 trees have missing taxa
Calculating quartet distance matrix (for completion of X)
Species tree distances calculated ...
Will attempt to complete bipartitions from X before adding using a distance matrix.
Building set of clusters (X) from gene trees 
------------------------------
gradient0: 63
Number of Clusters after addition by distance: 63
calculating extra bipartitions to be added at level 1 ...
Adding to X using resolutions of greedy consensus ...
Limit for sigma of degrees:300
polytomy size limit : 3
discarded polytomies:  []
Threshold 0.0:
Threshold 0.01:
Threshold 0.02:
Threshold 0.05:
Threshold 0.1:
Threshold 0.2:
Threshold 0.3333333333333333:
max k is :0
Number of Clusters after addition by greedy: 63
gradient0 in heuristiic: 63
calculating all possible bipartitions ...
Number of Clusters After Adding All possible clusters: 1023
partitions formed in 0.035 secs
Dynamic Programming starting after 0.035 secs
Using tree-based weight calculation.
Using polytree-based weight calculation.
Polytree max score: 136
Polytree building time: 0.002 seconds.
Number of quartet trees in the gene trees: 136
Size of largest cluster: 10
Greedy score: 136
estimationFactor: 1.0
Sub-optimal score: 136
Total Number of elements weighted: 1025
Normalized score (portion of input quartet trees satisfied before correcting for multiple individuals): 1.0
Optimization score: 136
Optimal tree inferred in 0.075 secs.
(t9,(t6,(t7,((t4,t10),(t1,(t2,(t8,(t3,t5))))))));
Final quartet score is: 136
Final normalized quartet score is: 1.0
You may want to ignore posterior probabilities and other statistics related to the following branch branch because the effective number of genes impacting it is only 3:
	{t3, t5}
You may want to ignore posterior probabilities and other statistics related to the following branch branch because the effective number of genes impacting it is only 15:
	{t3, t5, t8}
You may want to ignore posterior probabilities and other statistics related to the following branch branch because the effective number of genes impacting it is only 6:
	{t2, t3, t5, t8}
You may want to ignore posterior probabilities and other statistics related to the following branch branch because the effective number of genes impacting it is only 4:
	{t1, t2, t3, t5, t8}
You may want to ignore posterior probabilities and other statistics related to the following branch branch because the effective number of genes impacting it is only 0:
	{t9, t6}
You may want to ignore posterior probabilities and other statistics related to the following branch branch because the effective number of genes impacting it is only 0:
	{t9, t6, t7}
You may want to ignore posterior probabilities and other statistics related to the following branch branch because the effective number of genes impacting it is only 6:
	{t9, t1, t2, t3, t6, t5, t8, t7}
Extended species tree:
(t4,(t10,((t1,(t2,(t8,(t3,t5)0.95:0.9808292530117262)1:2.367123614131617)1:1.5404450409471486)0.98:1.2039728043259361,(t7,(t6,t9)0.33:0.0)0.33:0.0)1:1.5404450409471486));
Weight calculation took 0.012957155 secs
ASTRAL finished in 0.106 secs
