
================== ASTRAL ===================== 

This is ASTRAL version 5.7.8
Gene trees are treated as unrooted
148 trees read from quartet_temp.txt
index0
All output trees will be *arbitrarily* rooted at t7

======== Running the main analysis
Number of taxa: 10 (10 species)
Taxa: [t7, t9, t10, t6, t4, t5, t1, t8, t3, t2]
Taxon occupancy: {t4=37, t5=76, t10=94, t6=94, t7=66, t8=6, t9=57, t1=46, t2=53, t3=63}
Number of gene trees: 148
148 trees have missing taxa
Calculating quartet distance matrix (for completion of X)
Species tree distances calculated ...
Will attempt to complete bipartitions from X before adding using a distance matrix.
Building set of clusters (X) from gene trees 
------------------------------
gradient0: 61
Number of Clusters after addition by distance: 61
calculating extra bipartitions to be added at level 1 ...
Adding to X using resolutions of greedy consensus ...
Limit for sigma of degrees:300
polytomy size limit : 3
discarded polytomies:  [3]
Threshold 0.0:
Threshold 0.01:
Threshold 0.02:
Threshold 0.05:
Threshold 0.1:
Threshold 0.2:
Threshold 0.3333333333333333:
polytomy of size 3; rounds with additions with at least 5 support: 0; clusters: 61
max k is :0
Number of Clusters after addition by greedy: 61
gradient0 in heuristiic: 61
calculating all possible bipartitions ...
Number of Clusters After Adding All possible clusters: 1023
partitions formed in 0.041 secs
Dynamic Programming starting after 0.041 secs
Using tree-based weight calculation.
Using polytree-based weight calculation.
Polytree max score: 148
Polytree building time: 0.003 seconds.
Number of quartet trees in the gene trees: 148
Size of largest cluster: 10
Greedy score: 147
estimationFactor: 1.0068027210884354
Sub-optimal score: 147
Total Number of elements weighted: 1064
Normalized score (portion of input quartet trees satisfied before correcting for multiple individuals): 0.9932432432432432
Optimization score: 147
Optimal tree inferred in 0.079 secs.
(t9,(t5,(t4,(t8,(t7,(t1,(t3,(t2,(t10,t6)))))))));
Final quartet score is: 147
Final normalized quartet score is: 0.9932432432432432
You may want to ignore posterior probabilities and other statistics related to the following branch branch because the effective number of genes impacting it is only 0:
	{t10, t6, t2}
You may want to ignore posterior probabilities and other statistics related to the following branch branch because the effective number of genes impacting it is only 3:
	{t10, t6, t3, t2}
You may want to ignore posterior probabilities and other statistics related to the following branch branch because the effective number of genes impacting it is only 9:
	{t10, t6, t1, t3, t2}
You may want to ignore posterior probabilities and other statistics related to the following branch branch because the effective number of genes impacting it is only 4:
	{t9, t5}
You may want to ignore posterior probabilities and other statistics related to the following branch branch because the effective number of genes impacting it is only 2:
	{t9, t4, t5}
You may want to ignore posterior probabilities and other statistics related to the following branch branch because the effective number of genes impacting it is only 0:
	{t9, t4, t5, t8}
Extended species tree:
(t7,((t1,(t3,(t2,(t10,t6)1:2.6855773452501523)0.33:0.0)0.95:0.9808292530117262)1:1.8971199848858815,(t8,(t4,(t5,t9)0.84:0.5108256237659905)0.87:0.6931471805599453)0.33:0.0));
Weight calculation took 0.01188186 secs
ASTRAL finished in 0.109 secs
