
================== ASTRAL ===================== 

This is ASTRAL version 5.7.8
Gene trees are treated as unrooted
222 trees read from quartet_temp.txt
index0
All output trees will be *arbitrarily* rooted at t4

======== Running the main analysis
Number of taxa: 10 (10 species)
Taxa: [t4, t6, t1, t2, t7, t3, t5, t8, t9, t10]
Taxon occupancy: {t4=109, t5=117, t6=97, t10=68, t7=44, t8=103, t9=38, t1=96, t2=138, t3=78}
Number of gene trees: 222
222 trees have missing taxa
Calculating quartet distance matrix (for completion of X)
Species tree distances calculated ...
Will attempt to complete bipartitions from X before adding using a distance matrix.
Building set of clusters (X) from gene trees 
------------------------------
gradient0: 53
Number of Clusters after addition by distance: 53
calculating extra bipartitions to be added at level 1 ...
Adding to X using resolutions of greedy consensus ...
Limit for sigma of degrees:300
polytomy size limit : 3
discarded polytomies:  []
Threshold 0.0:
Threshold 0.01:
Threshold 0.02:
Threshold 0.05:
Threshold 0.1:
Threshold 0.2:
Threshold 0.3333333333333333:
max k is :0
Number of Clusters after addition by greedy: 53
gradient0 in heuristiic: 53
calculating all possible bipartitions ...
Number of Clusters After Adding All possible clusters: 1023
partitions formed in 0.04 secs
Dynamic Programming starting after 0.04 secs
Using tree-based weight calculation.
Using polytree-based weight calculation.
Polytree max score: 222
Polytree building time: 0.004 seconds.
Number of quartet trees in the gene trees: 222
Size of largest cluster: 10
Greedy score: 222
estimationFactor: 1.0
Sub-optimal score: 222
Total Number of elements weighted: 1056
Normalized score (portion of input quartet trees satisfied before correcting for multiple individuals): 1.0
Optimization score: 222
Optimal tree inferred in 0.085 secs.
(t6,(t10,(t4,(t3,(t7,((t1,t2),(t9,(t5,t8))))))));
Final quartet score is: 222
Final normalized quartet score is: 1.0
You may want to ignore posterior probabilities and other statistics related to the following branch branch because the effective number of genes impacting it is only 9:
	{t1, t2}
You may want to ignore posterior probabilities and other statistics related to the following branch branch because the effective number of genes impacting it is only 4:
	{t5, t8}
You may want to ignore posterior probabilities and other statistics related to the following branch branch because the effective number of genes impacting it is only 8:
	{t5, t8, t9}
You may want to ignore posterior probabilities and other statistics related to the following branch branch because the effective number of genes impacting it is only 0:
	{t1, t2, t5, t8, t9}
You may want to ignore posterior probabilities and other statistics related to the following branch branch because the effective number of genes impacting it is only 8:
	{t1, t2, t7, t5, t8, t9}
You may want to ignore posterior probabilities and other statistics related to the following branch branch because the effective number of genes impacting it is only 2:
	{t6, t10}
Extended species tree:
(t4,((t3,(t7,((t1,t2)1:1.8971199848858815,(t9,(t5,t8)0.98:1.2039728043259361)1:1.7917594692280545)0.33:0.0)1:1.7917594692280545)1:2.8134107167600355,(t10,t6)0.87:0.6931471805599453));
Weight calculation took 0.017416873 secs
ASTRAL finished in 0.118 secs
