
================== ASTRAL ===================== 

This is ASTRAL version 5.7.8
Gene trees are treated as unrooted
397 trees read from quartet_temp.txt
index0
All output trees will be *arbitrarily* rooted at t10

======== Running the main analysis
Number of taxa: 10 (10 species)
Taxa: [t10, t8, t4, t6, t2, t3, t1, t9, t5, t7]
Taxon occupancy: {t4=222, t5=210, t10=96, t6=110, t7=91, t8=208, t9=213, t1=135, t2=163, t3=140}
Number of gene trees: 397
397 trees have missing taxa
Calculating quartet distance matrix (for completion of X)
Species tree distances calculated ...
Will attempt to complete bipartitions from X before adding using a distance matrix.
Building set of clusters (X) from gene trees 
------------------------------
gradient0: 75
Number of Clusters after addition by distance: 75
calculating extra bipartitions to be added at level 1 ...
Adding to X using resolutions of greedy consensus ...
Limit for sigma of degrees:300
polytomy size limit : 3
discarded polytomies:  []
Threshold 0.0:
Threshold 0.01:
Threshold 0.02:
Threshold 0.05:
Threshold 0.1:
Threshold 0.2:
Threshold 0.3333333333333333:
max k is :0
Number of Clusters after addition by greedy: 75
gradient0 in heuristiic: 75
calculating all possible bipartitions ...
Number of Clusters After Adding All possible clusters: 1023
partitions formed in 0.05 secs
Dynamic Programming starting after 0.05 secs
Using tree-based weight calculation.
Using polytree-based weight calculation.
Polytree max score: 397
Polytree building time: 0.005 seconds.
Number of quartet trees in the gene trees: 397
Size of largest cluster: 10
Greedy score: 361
estimationFactor: 1.0997229916897506
Sub-optimal score: 370
Total Number of elements weighted: 1538
Normalized score (portion of input quartet trees satisfied before correcting for multiple individuals): 0.9370277078085643
Optimization score: 372
Optimal tree inferred in 0.118 secs.
(t8,(t9,(t10,(t7,((t2,(t3,t1)),(t6,(t4,t5)))))));
Final quartet score is: 372
Final normalized quartet score is: 0.9370277078085643
You may want to ignore posterior probabilities and other statistics related to the following branch branch because the effective number of genes impacting it is only 9:
	{t3, t1}
You may want to ignore posterior probabilities and other statistics related to the following branch branch because the effective number of genes impacting it is only 16:
	{t4, t5}
You may want to ignore posterior probabilities and other statistics related to the following branch branch because the effective number of genes impacting it is only 10:
	{t4, t6, t5}
You may want to ignore posterior probabilities and other statistics related to the following branch branch because the effective number of genes impacting it is only 18:
	{t4, t6, t2, t3, t1, t5}
You may want to ignore posterior probabilities and other statistics related to the following branch branch because the effective number of genes impacting it is only 4:
	{t4, t6, t2, t3, t1, t5, t7}
You may want to ignore posterior probabilities and other statistics related to the following branch branch because the effective number of genes impacting it is only 7:
	{t8, t9}
Extended species tree:
(t10,((t7,((t2,(t3,t1)0.99:0.7985076962177715)1:1.076139432816051,(t6,(t4,t5)1:2.4277482359480516)0.82:0.38299225225610567)0.81:0.3417492937220567)0.98:1.2039728043259361,(t9,t8)1:1.6739764335716716));
Weight calculation took 0.039001075 secs
ASTRAL finished in 0.16 secs
