
================== ASTRAL ===================== 

This is ASTRAL version 5.7.8
Gene trees are treated as unrooted
113 trees read from quartet_temp.txt
index0
All output trees will be *arbitrarily* rooted at t3

======== Running the main analysis
Number of taxa: 10 (10 species)
Taxa: [t3, t4, t2, t6, t7, t8, t9, t10, t1, t5]
Taxon occupancy: {t4=57, t5=43, t6=32, t10=53, t7=38, t8=38, t9=56, t1=64, t2=45, t3=26}
Number of gene trees: 113
113 trees have missing taxa
Calculating quartet distance matrix (for completion of X)
Species tree distances calculated ...
Will attempt to complete bipartitions from X before adding using a distance matrix.
Building set of clusters (X) from gene trees 
------------------------------
gradient0: 43
Number of Clusters after addition by distance: 43
calculating extra bipartitions to be added at level 1 ...
Adding to X using resolutions of greedy consensus ...
Limit for sigma of degrees:300
polytomy size limit : 3
discarded polytomies:  []
Threshold 0.0:
Threshold 0.01:
Threshold 0.02:
Threshold 0.05:
Threshold 0.1:
Threshold 0.2:
Threshold 0.3333333333333333:
max k is :0
Number of Clusters after addition by greedy: 43
gradient0 in heuristiic: 43
calculating all possible bipartitions ...
Number of Clusters After Adding All possible clusters: 1023
partitions formed in 0.031 secs
Dynamic Programming starting after 0.031 secs
Using tree-based weight calculation.
Using polytree-based weight calculation.
Polytree max score: 113
Polytree building time: 0.003 seconds.
Number of quartet trees in the gene trees: 113
Size of largest cluster: 10
Greedy score: 113
estimationFactor: 1.0
Sub-optimal score: 113
Total Number of elements weighted: 965
Normalized score (portion of input quartet trees satisfied before correcting for multiple individuals): 1.0
Optimization score: 113
Optimal tree inferred in 0.068 secs.
(t4,(t7,((t8,(t9,t10)),(t3,(t2,(t6,(t1,t5)))))));
Final quartet score is: 113
Final normalized quartet score is: 1.0
You may want to ignore posterior probabilities and other statistics related to the following branch branch because the effective number of genes impacting it is only 7:
	{t1, t5}
You may want to ignore posterior probabilities and other statistics related to the following branch branch because the effective number of genes impacting it is only 0:
	{t6, t1, t5}
You may want to ignore posterior probabilities and other statistics related to the following branch branch because the effective number of genes impacting it is only 7:
	{t2, t6, t1, t5}
You may want to ignore posterior probabilities and other statistics related to the following branch branch because the effective number of genes impacting it is only 3:
	{t9, t10}
You may want to ignore posterior probabilities and other statistics related to the following branch branch because the effective number of genes impacting it is only 2:
	{t8, t9, t10}
You may want to ignore posterior probabilities and other statistics related to the following branch branch because the effective number of genes impacting it is only 2:
	{t4, t7}
You may want to ignore posterior probabilities and other statistics related to the following branch branch because the effective number of genes impacting it is only 1:
	{t4, t7, t8, t9, t10}
Extended species tree:
(t3,((t2,(t6,(t1,t5)1:1.6739764335716716)0.33:0.0)1:1.6739764335716716,((t8,(t9,t10)0.95:0.9808292530117262)0.87:0.6931471805599453,(t7,t4)0.87:0.6931471805599453)0.67:0.2876820724517809));
Weight calculation took 0.012328259 secs
ASTRAL finished in 0.096 secs
