
================== ASTRAL ===================== 

This is ASTRAL version 5.7.8
Gene trees are treated as unrooted
154 trees read from quartet_temp.txt
index0
All output trees will be *arbitrarily* rooted at t3

======== Running the main analysis
Number of taxa: 10 (10 species)
Taxa: [t3, t5, t2, t6, t9, t10, t7, t8, t4, t1]
Taxon occupancy: {t4=88, t5=90, t6=98, t10=102, t7=28, t8=45, t9=65, t1=29, t2=46, t3=25}
Number of gene trees: 154
154 trees have missing taxa
Calculating quartet distance matrix (for completion of X)
Species tree distances calculated ...
Will attempt to complete bipartitions from X before adding using a distance matrix.
Building set of clusters (X) from gene trees 
------------------------------
gradient0: 83
Number of Clusters after addition by distance: 83
calculating extra bipartitions to be added at level 1 ...
Adding to X using resolutions of greedy consensus ...
Limit for sigma of degrees:300
polytomy size limit : 3
discarded polytomies:  []
Threshold 0.0:
Threshold 0.01:
Threshold 0.02:
Threshold 0.05:
Threshold 0.1:
Threshold 0.2:
Threshold 0.3333333333333333:
max k is :0
Number of Clusters after addition by greedy: 83
gradient0 in heuristiic: 83
calculating all possible bipartitions ...
Number of Clusters After Adding All possible clusters: 1023
partitions formed in 0.038 secs
Dynamic Programming starting after 0.038 secs
Using tree-based weight calculation.
Using polytree-based weight calculation.
Polytree max score: 154
Polytree building time: 0.003 seconds.
Number of quartet trees in the gene trees: 154
Size of largest cluster: 10
Greedy score: 140
estimationFactor: 1.1
Sub-optimal score: 148
Total Number of elements weighted: 1978
Normalized score (portion of input quartet trees satisfied before correcting for multiple individuals): 0.9675324675324676
Optimization score: 149
Optimal tree inferred in 0.088 secs.
(t5,(t4,(t9,(t3,(t1,((t7,t8),(t10,(t2,t6))))))));
Final quartet score is: 149
Final normalized quartet score is: 0.9675324675324676
You may want to ignore posterior probabilities and other statistics related to the following branch branch because the effective number of genes impacting it is only 6:
	{t7, t8}
You may want to ignore posterior probabilities and other statistics related to the following branch branch because the effective number of genes impacting it is only 5:
	{t2, t6}
You may want to ignore posterior probabilities and other statistics related to the following branch branch because the effective number of genes impacting it is only 17:
	{t2, t6, t10}
You may want to ignore posterior probabilities and other statistics related to the following branch branch because the effective number of genes impacting it is only 0:
	{t2, t6, t10, t7, t8}
You may want to ignore posterior probabilities and other statistics related to the following branch branch because the effective number of genes impacting it is only 1:
	{t2, t6, t10, t7, t8, t1}
You may want to ignore posterior probabilities and other statistics related to the following branch branch because the effective number of genes impacting it is only 6:
	{t5, t4}
You may want to ignore posterior probabilities and other statistics related to the following branch branch because the effective number of genes impacting it is only 0:
	{t5, t9, t4}
Extended species tree:
(t3,((t1,((t7,t8)1:1.5404450409471486,(t10,(t2,t6)0.67:0.2876820724517809)1:1.7917594692280545)0.33:0.0)0.67:0.2876820724517809,(t9,(t4,t5)0.97:0.8472978603872037)0.33:0.0));
Weight calculation took 0.023153594 secs
ASTRAL finished in 0.117 secs
