
================== ASTRAL ===================== 

This is ASTRAL version 5.7.8
Gene trees are treated as unrooted
164 trees read from quartet_temp.txt
index0
All output trees will be *arbitrarily* rooted at t2

======== Running the main analysis
Number of taxa: 10 (10 species)
Taxa: [t2, t9, t1, t4, t5, t7, t8, t10, t3, t6]
Taxon occupancy: {t4=72, t5=116, t10=89, t6=34, t7=111, t8=52, t9=55, t1=43, t2=47, t3=37}
Number of gene trees: 164
164 trees have missing taxa
Calculating quartet distance matrix (for completion of X)
Species tree distances calculated ...
Will attempt to complete bipartitions from X before adding using a distance matrix.
Building set of clusters (X) from gene trees 
------------------------------
gradient0: 53
Number of Clusters after addition by distance: 53
calculating extra bipartitions to be added at level 1 ...
Adding to X using resolutions of greedy consensus ...
Limit for sigma of degrees:300
polytomy size limit : 3
discarded polytomies:  []
Threshold 0.0:
Threshold 0.01:
Threshold 0.02:
Threshold 0.05:
Threshold 0.1:
Threshold 0.2:
Threshold 0.3333333333333333:
max k is :0
Number of Clusters after addition by greedy: 53
gradient0 in heuristiic: 53
calculating all possible bipartitions ...
Number of Clusters After Adding All possible clusters: 1023
partitions formed in 0.037 secs
Dynamic Programming starting after 0.037 secs
Using tree-based weight calculation.
Using polytree-based weight calculation.
Polytree max score: 164
Polytree building time: 0.003 seconds.
Number of quartet trees in the gene trees: 164
Size of largest cluster: 10
Greedy score: 164
estimationFactor: 1.0
Sub-optimal score: 164
Total Number of elements weighted: 1025
Normalized score (portion of input quartet trees satisfied before correcting for multiple individuals): 1.0
Optimization score: 164
Optimal tree inferred in 0.077 secs.
(t9,(t8,(t6,((t5,t7),(t2,(t3,(t1,(t4,t10))))))));
Final quartet score is: 164
Final normalized quartet score is: 1.0
You may want to ignore posterior probabilities and other statistics related to the following branch branch because the effective number of genes impacting it is only 3:
	{t4, t10}
You may want to ignore posterior probabilities and other statistics related to the following branch branch because the effective number of genes impacting it is only 0:
	{t1, t4, t10}
You may want to ignore posterior probabilities and other statistics related to the following branch branch because the effective number of genes impacting it is only 5:
	{t1, t4, t10, t3}
You may want to ignore posterior probabilities and other statistics related to the following branch branch because the effective number of genes impacting it is only 6:
	{t9, t8}
You may want to ignore posterior probabilities and other statistics related to the following branch branch because the effective number of genes impacting it is only 0:
	{t9, t8, t6}
You may want to ignore posterior probabilities and other statistics related to the following branch branch because the effective number of genes impacting it is only 6:
	{t9, t5, t7, t8, t6}
Extended species tree:
(t2,((t3,(t1,(t4,t10)0.95:0.9808292530117262)0.33:0.0)0.99:1.3862943611198908,((t5,t7)1:2.8134107167600355,(t6,(t8,t9)1:1.5404450409471486)0.33:0.0)1:1.5404450409471486));
Weight calculation took 0.015019987 secs
ASTRAL finished in 0.108 secs
