
================== ASTRAL ===================== 

This is ASTRAL version 5.7.8
Gene trees are treated as unrooted
223 trees read from quartet_temp.txt
index0
All output trees will be *arbitrarily* rooted at t5

======== Running the main analysis
Number of taxa: 10 (10 species)
Taxa: [t5, t7, t1, t3, t6, t10, t9, t4, t2, t8]
Taxon occupancy: {t4=78, t5=133, t6=145, t10=127, t7=76, t8=28, t9=105, t1=73, t2=63, t3=64}
Number of gene trees: 223
223 trees have missing taxa
Calculating quartet distance matrix (for completion of X)
Species tree distances calculated ...
Will attempt to complete bipartitions from X before adding using a distance matrix.
Building set of clusters (X) from gene trees 
------------------------------
gradient0: 73
Number of Clusters after addition by distance: 73
calculating extra bipartitions to be added at level 1 ...
Adding to X using resolutions of greedy consensus ...
Limit for sigma of degrees:300
polytomy size limit : 3
discarded polytomies:  []
Threshold 0.0:
Threshold 0.01:
Threshold 0.02:
Threshold 0.05:
Threshold 0.1:
Threshold 0.2:
Threshold 0.3333333333333333:
max k is :0
Number of Clusters after addition by greedy: 73
gradient0 in heuristiic: 73
calculating all possible bipartitions ...
Number of Clusters After Adding All possible clusters: 1023
partitions formed in 0.042 secs
Dynamic Programming starting after 0.042 secs
Using tree-based weight calculation.
Using polytree-based weight calculation.
Polytree max score: 223
Polytree building time: 0.003 seconds.
Number of quartet trees in the gene trees: 223
Size of largest cluster: 10
Greedy score: 212
estimationFactor: 1.0518867924528301
Sub-optimal score: 216
Total Number of elements weighted: 1454
Normalized score (portion of input quartet trees satisfied before correcting for multiple individuals): 0.968609865470852
Optimization score: 216
Optimal tree inferred in 0.094 secs.
(t7,((t5,t9),(t4,(t2,(t3,(t1,(t8,(t6,t10))))))));
Final quartet score is: 216
Final normalized quartet score is: 0.968609865470852
You may want to ignore posterior probabilities and other statistics related to the following branch branch because the effective number of genes impacting it is only 3:
	{t6, t10}
You may want to ignore posterior probabilities and other statistics related to the following branch branch because the effective number of genes impacting it is only 4:
	{t6, t10, t8}
You may want to ignore posterior probabilities and other statistics related to the following branch branch because the effective number of genes impacting it is only 2:
	{t1, t6, t10, t8}
You may want to ignore posterior probabilities and other statistics related to the following branch branch because the effective number of genes impacting it is only 0:
	{t1, t3, t6, t10, t8}
You may want to ignore posterior probabilities and other statistics related to the following branch branch because the effective number of genes impacting it is only 15:
	{t1, t3, t6, t10, t2, t8}
You may want to ignore posterior probabilities and other statistics related to the following branch branch because the effective number of genes impacting it is only 8:
	{t1, t3, t6, t10, t4, t2, t8}
You may want to ignore posterior probabilities and other statistics related to the following branch branch because the effective number of genes impacting it is only 4:
	{t7, t1, t3, t6, t10, t4, t2, t8}
Extended species tree:
(t5,(t9,((t4,(t2,(t3,(t1,(t8,(t6,t10)0.95:0.9808292530117262)0.98:1.2039728043259361)0.87:0.6931471805599453)0.33:0.0)1:1.6739764335716716)0.97:0.6931471805599453,t7)0.98:1.2039728043259361));
Weight calculation took 0.021321205 secs
ASTRAL finished in 0.127 secs
