
================== ASTRAL ===================== 

This is ASTRAL version 5.7.8
Gene trees are treated as unrooted
94 trees read from quartet_temp.txt
index0
All output trees will be *arbitrarily* rooted at t5

======== Running the main analysis
Number of taxa: 10 (10 species)
Taxa: [t5, t7, t2, t3, t10, t6, t1, t9, t4, t8]
Taxon occupancy: {t4=23, t5=44, t10=55, t6=61, t7=32, t8=15, t9=10, t1=21, t2=56, t3=59}
Number of gene trees: 94
94 trees have missing taxa
Calculating quartet distance matrix (for completion of X)
Species tree distances calculated ...
Will attempt to complete bipartitions from X before adding using a distance matrix.
Building set of clusters (X) from gene trees 
------------------------------
gradient0: 77
Number of Clusters after addition by distance: 77
calculating extra bipartitions to be added at level 1 ...
Adding to X using resolutions of greedy consensus ...
Limit for sigma of degrees:300
polytomy size limit : 3
discarded polytomies:  []
Threshold 0.0:
Threshold 0.01:
Threshold 0.02:
Threshold 0.05:
Threshold 0.1:
Threshold 0.2:
Threshold 0.3333333333333333:
max k is :0
Number of Clusters after addition by greedy: 77
gradient0 in heuristiic: 77
calculating all possible bipartitions ...
Number of Clusters After Adding All possible clusters: 1023
partitions formed in 0.033 secs
Dynamic Programming starting after 0.033 secs
Using tree-based weight calculation.
Using polytree-based weight calculation.
Polytree max score: 94
Polytree building time: 0.002 seconds.
Number of quartet trees in the gene trees: 94
Size of largest cluster: 10
Greedy score: 94
estimationFactor: 1.0
Sub-optimal score: 94
Total Number of elements weighted: 1017
Normalized score (portion of input quartet trees satisfied before correcting for multiple individuals): 1.0
Optimization score: 94
Optimal tree inferred in 0.071 secs.
(t7,(t5,(t8,((t10,t6),((t1,t9),(t4,(t2,t3)))))));
Final quartet score is: 94
Final normalized quartet score is: 1.0
You may want to ignore posterior probabilities and other statistics related to the following branch branch because the effective number of genes impacting it is only 18:
	{t10, t6}
You may want to ignore posterior probabilities and other statistics related to the following branch branch because the effective number of genes impacting it is only 1:
	{t1, t9}
You may want to ignore posterior probabilities and other statistics related to the following branch branch because the effective number of genes impacting it is only 0:
	{t2, t3}
You may want to ignore posterior probabilities and other statistics related to the following branch branch because the effective number of genes impacting it is only 6:
	{t2, t3, t4}
You may want to ignore posterior probabilities and other statistics related to the following branch branch because the effective number of genes impacting it is only 0:
	{t2, t3, t1, t9, t4}
You may want to ignore posterior probabilities and other statistics related to the following branch branch because the effective number of genes impacting it is only 0:
	{t2, t3, t10, t6, t1, t9, t4}
You may want to ignore posterior probabilities and other statistics related to the following branch branch because the effective number of genes impacting it is only 3:
	{t2, t3, t10, t6, t1, t9, t4, t8}
Extended species tree:
(t5,((t8,((t10,t6)1:2.538973871058275,((t1,t9)0.67:0.2876820724517809,(t4,(t2,t3)0.33:0.0)1:1.5404450409471486)0.33:0.0)0.33:0.0)0.95:0.9808292530117262,t7));
Weight calculation took 0.011953577 secs
ASTRAL finished in 0.097 secs
