
================== ASTRAL ===================== 

This is ASTRAL version 5.7.8
Gene trees are treated as unrooted
62 trees read from quartet_temp.txt
index0
All output trees will be *arbitrarily* rooted at t4

======== Running the main analysis
Number of taxa: 10 (10 species)
Taxa: [t4, t9, t3, t8, t6, t2, t5, t10, t7, t1]
Taxon occupancy: {t4=24, t5=47, t6=49, t10=14, t7=4, t8=41, t9=19, t1=13, t2=26, t3=11}
Number of gene trees: 62
62 trees have missing taxa
Calculating quartet distance matrix (for completion of X)
Species tree distances calculated ...
Will attempt to complete bipartitions from X before adding using a distance matrix.
Building set of clusters (X) from gene trees 
------------------------------
gradient0: 57
Number of Clusters after addition by distance: 57
calculating extra bipartitions to be added at level 1 ...
Adding to X using resolutions of greedy consensus ...
Limit for sigma of degrees:300
polytomy size limit : 3
discarded polytomies:  []
Threshold 0.0:
Threshold 0.01:
Threshold 0.02:
Threshold 0.05:
Threshold 0.1:
Threshold 0.2:
Threshold 0.3333333333333333:
max k is :0
Number of Clusters after addition by greedy: 57
gradient0 in heuristiic: 57
calculating all possible bipartitions ...
Number of Clusters After Adding All possible clusters: 1023
partitions formed in 0.027 secs
Dynamic Programming starting after 0.027 secs
Using tree-based weight calculation.
Using polytree-based weight calculation.
Polytree max score: 62
Polytree building time: 0.002 seconds.
Number of quartet trees in the gene trees: 62
Size of largest cluster: 10
Greedy score: 62
estimationFactor: 1.0
Sub-optimal score: 62
Total Number of elements weighted: 1051
Normalized score (portion of input quartet trees satisfied before correcting for multiple individuals): 1.0
Optimization score: 62
Optimal tree inferred in 0.057 secs.
(t9,(t7,(t4,(t3,((t6,t5),(t8,(t2,(t10,t1))))))));
Final quartet score is: 62
Final normalized quartet score is: 1.0
You may want to ignore posterior probabilities and other statistics related to the following branch branch because the effective number of genes impacting it is only 19:
	{t6, t5}
You may want to ignore posterior probabilities and other statistics related to the following branch branch because the effective number of genes impacting it is only 2:
	{t10, t1}
You may want to ignore posterior probabilities and other statistics related to the following branch branch because the effective number of genes impacting it is only 2:
	{t2, t10, t1}
You may want to ignore posterior probabilities and other statistics related to the following branch branch because the effective number of genes impacting it is only 2:
	{t8, t2, t10, t1}
You may want to ignore posterior probabilities and other statistics related to the following branch branch because the effective number of genes impacting it is only 0:
	{t8, t6, t2, t5, t10, t1}
You may want to ignore posterior probabilities and other statistics related to the following branch branch because the effective number of genes impacting it is only 4:
	{t3, t8, t6, t2, t5, t10, t1}
You may want to ignore posterior probabilities and other statistics related to the following branch branch because the effective number of genes impacting it is only 0:
	{t9, t7}
Extended species tree:
(t4,((t3,((t6,t5)1:2.590267165445826,(t8,(t2,(t10,t1)0.87:0.6931471805599453)0.87:0.6931471805599453)0.87:0.6931471805599453)0.33:0.0)0.98:1.2039728043259361,(t7,t9)0.33:0.0));
Weight calculation took 0.00654667 secs
ASTRAL finished in 0.082 secs
