
================== ASTRAL ===================== 

This is ASTRAL version 5.7.8
Gene trees are treated as unrooted
671 trees read from quartet_temp.txt
index0
All output trees will be *arbitrarily* rooted at t5

======== Running the main analysis
Number of taxa: 10 (10 species)
Taxa: [t5, t6, t1, t2, t3, t8, t7, t9, t10, t4]
Taxon occupancy: {t4=188, t5=232, t6=331, t10=366, t7=310, t8=166, t9=371, t1=143, t2=290, t3=287}
Number of gene trees: 671
671 trees have missing taxa
Calculating quartet distance matrix (for completion of X)
Species tree distances calculated ...
Will attempt to complete bipartitions from X before adding using a distance matrix.
Building set of clusters (X) from gene trees 
------------------------------
gradient0: 41
Number of Clusters after addition by distance: 41
calculating extra bipartitions to be added at level 1 ...
Adding to X using resolutions of greedy consensus ...
Limit for sigma of degrees:300
polytomy size limit : 3
discarded polytomies:  []
Threshold 0.0:
Threshold 0.01:
Threshold 0.02:
Threshold 0.05:
Threshold 0.1:
Threshold 0.2:
Threshold 0.3333333333333333:
max k is :0
Number of Clusters after addition by greedy: 41
gradient0 in heuristiic: 41
calculating all possible bipartitions ...
Number of Clusters After Adding All possible clusters: 1023
partitions formed in 0.068 secs
Dynamic Programming starting after 0.068 secs
Using tree-based weight calculation.
Using polytree-based weight calculation.
Polytree max score: 671
Polytree building time: 0.006 seconds.
Number of quartet trees in the gene trees: 671
Size of largest cluster: 10
Greedy score: 667
estimationFactor: 1.0059970014992503
Sub-optimal score: 667
Total Number of elements weighted: 1025
Normalized score (portion of input quartet trees satisfied before correcting for multiple individuals): 0.9940387481371088
Optimization score: 667
Optimal tree inferred in 0.131 secs.
(t6,(t7,(t5,((t9,t10),(t8,(t4,(t1,(t2,t3))))))));
Final quartet score is: 667
Final normalized quartet score is: 0.9940387481371088
You may want to ignore posterior probabilities and other statistics related to the following branch branch because the effective number of genes impacting it is only 13:
	{t2, t3}
You may want to ignore posterior probabilities and other statistics related to the following branch branch because the effective number of genes impacting it is only 12:
	{t1, t2, t3}
You may want to ignore posterior probabilities and other statistics related to the following branch branch because the effective number of genes impacting it is only 0:
	{t1, t2, t3, t4}
You may want to ignore posterior probabilities and other statistics related to the following branch branch because the effective number of genes impacting it is only 5:
	{t1, t2, t3, t8, t9, t10, t4}
You may want to ignore posterior probabilities and other statistics related to the following branch branch because the effective number of genes impacting it is only 14:
	{t6, t7}
Extended species tree:
(t5,(((t9,t10)1:2.538973871058275,(t8,(t4,(t1,(t2,t3)1:2.2335922215070947)1:2.159484249353373)0.33:0.0)1:3.205452804536062)0.99:1.3862943611198908,(t7,t6)1:2.302585092994046));
Weight calculation took 0.032934181 secs
ASTRAL finished in 0.182 secs
