
================== ASTRAL ===================== 

This is ASTRAL version 5.7.8
Gene trees are treated as unrooted
115 trees read from quartet_temp.txt
index0
All output trees will be *arbitrarily* rooted at t5

======== Running the main analysis
Number of taxa: 10 (10 species)
Taxa: [t5, t7, t3, t4, t10, t6, t2, t9, t8, t1]
Taxon occupancy: {t4=80, t5=22, t10=30, t6=55, t7=46, t8=28, t9=38, t1=34, t2=39, t3=88}
Number of gene trees: 115
115 trees have missing taxa
Calculating quartet distance matrix (for completion of X)
Species tree distances calculated ...
Will attempt to complete bipartitions from X before adding using a distance matrix.
Building set of clusters (X) from gene trees 
------------------------------
gradient0: 59
Number of Clusters after addition by distance: 59
calculating extra bipartitions to be added at level 1 ...
Adding to X using resolutions of greedy consensus ...
Limit for sigma of degrees:300
polytomy size limit : 3
discarded polytomies:  []
Threshold 0.0:
Threshold 0.01:
Threshold 0.02:
Threshold 0.05:
Threshold 0.1:
Threshold 0.2:
Threshold 0.3333333333333333:
max k is :0
Number of Clusters after addition by greedy: 59
gradient0 in heuristiic: 59
calculating all possible bipartitions ...
Number of Clusters After Adding All possible clusters: 1023
partitions formed in 0.032 secs
Dynamic Programming starting after 0.032 secs
Using tree-based weight calculation.
Using polytree-based weight calculation.
Polytree max score: 115
Polytree building time: 0.002 seconds.
Number of quartet trees in the gene trees: 115
Size of largest cluster: 10
Greedy score: 111
estimationFactor: 1.0360360360360361
Sub-optimal score: 111
Total Number of elements weighted: 1953
Normalized score (portion of input quartet trees satisfied before correcting for multiple individuals): 0.9652173913043478
Optimization score: 111
Optimal tree inferred in 0.077 secs.
(t7,(t8,(t5,(t6,(t1,((t10,t9),(t2,(t3,t4))))))));
Final quartet score is: 111
Final normalized quartet score is: 0.9652173913043478
You may want to ignore posterior probabilities and other statistics related to the following branch branch because the effective number of genes impacting it is only 3:
	{t10, t9}
You may want to ignore posterior probabilities and other statistics related to the following branch branch because the effective number of genes impacting it is only 15:
	{t3, t4}
You may want to ignore posterior probabilities and other statistics related to the following branch branch because the effective number of genes impacting it is only 6:
	{t3, t4, t2}
You may want to ignore posterior probabilities and other statistics related to the following branch branch because the effective number of genes impacting it is only 2:
	{t3, t4, t10, t2, t9}
You may want to ignore posterior probabilities and other statistics related to the following branch branch because the effective number of genes impacting it is only 1:
	{t3, t4, t10, t2, t9, t1}
You may want to ignore posterior probabilities and other statistics related to the following branch branch because the effective number of genes impacting it is only 3:
	{t3, t4, t10, t6, t2, t9, t1}
You may want to ignore posterior probabilities and other statistics related to the following branch branch because the effective number of genes impacting it is only 0:
	{t7, t8}
Extended species tree:
(t5,((t6,(t1,((t10,t9)0.95:0.9808292530117262,(t2,(t3,t4)1:0.9808292530117262)1:1.5404450409471486)0.42:0.0)0.67:0.2876820724517809)0.95:0.9808292530117262,(t8,t7)0.33:0.0));
Weight calculation took 0.018444537 secs
ASTRAL finished in 0.103 secs
