
================== ASTRAL ===================== 

This is ASTRAL version 5.7.8
Gene trees are treated as unrooted
395 trees read from quartet_temp.txt
index0
All output trees will be *arbitrarily* rooted at t4

======== Running the main analysis
Number of taxa: 10 (10 species)
Taxa: [t4, t5, t1, t2, t6, t10, t8, t9, t3, t7]
Taxon occupancy: {t4=218, t5=214, t6=132, t10=163, t7=93, t8=215, t9=187, t1=95, t2=156, t3=107}
Number of gene trees: 395
395 trees have missing taxa
Calculating quartet distance matrix (for completion of X)
Species tree distances calculated ...
Will attempt to complete bipartitions from X before adding using a distance matrix.
Building set of clusters (X) from gene trees 
------------------------------
gradient0: 83
Number of Clusters after addition by distance: 83
calculating extra bipartitions to be added at level 1 ...
Adding to X using resolutions of greedy consensus ...
Limit for sigma of degrees:300
polytomy size limit : 3
discarded polytomies:  []
Threshold 0.0:
Threshold 0.01:
Threshold 0.02:
Threshold 0.05:
Threshold 0.1:
Threshold 0.2:
Threshold 0.3333333333333333:
max k is :0
Number of Clusters after addition by greedy: 83
gradient0 in heuristiic: 83
calculating all possible bipartitions ...
Number of Clusters After Adding All possible clusters: 1023
partitions formed in 0.053 secs
Dynamic Programming starting after 0.053 secs
Using tree-based weight calculation.
Using polytree-based weight calculation.
Polytree max score: 395
Polytree building time: 0.004 seconds.
Number of quartet trees in the gene trees: 395
Size of largest cluster: 10
Greedy score: 343
estimationFactor: 1.151603498542274
Sub-optimal score: 351
Total Number of elements weighted: 2400
Normalized score (portion of input quartet trees satisfied before correcting for multiple individuals): 0.9139240506329114
Optimization score: 361
Optimal tree inferred in 0.127 secs.
(t5,(t4,((t1,(t2,t3)),(t6,(t7,(t10,(t8,t9)))))));
Final quartet score is: 361
Final normalized quartet score is: 0.9139240506329114
You may want to ignore posterior probabilities and other statistics related to the following branch branch because the effective number of genes impacting it is only 1:
	{t2, t3}
You may want to ignore posterior probabilities and other statistics related to the following branch branch because the effective number of genes impacting it is only 17:
	{t1, t2, t3}
You may want to ignore posterior probabilities and other statistics related to the following branch branch because the effective number of genes impacting it is only 6:
	{t8, t9}
You may want to ignore posterior probabilities and other statistics related to the following branch branch because the effective number of genes impacting it is only 3:
	{t10, t8, t9}
You may want to ignore posterior probabilities and other statistics related to the following branch branch because the effective number of genes impacting it is only 19:
	{t10, t8, t9, t7}
You may want to ignore posterior probabilities and other statistics related to the following branch branch because the effective number of genes impacting it is only 13:
	{t6, t10, t8, t9, t7}
Extended species tree:
(t4,(((t1,(t2,t3)0.67:0.2876820724517809)1:2.484906649788,(t6,(t7,(t10,(t8,t9)1:1.5404450409471486)0.67:0.2876820724517809)1:1.2039728043259361)0.58:0.15415067982725836)0.98:0.48835276791393223,t5));
Weight calculation took 0.042269761 secs
ASTRAL finished in 0.165 secs
