
================== ASTRAL ===================== 

This is ASTRAL version 5.7.8
Gene trees are treated as unrooted
234 trees read from quartet_temp.txt
index0
All output trees will be *arbitrarily* rooted at t7

======== Running the main analysis
Number of taxa: 10 (10 species)
Taxa: [t7, t8, t5, t9, t4, t2, t3, t6, t10, t1]
Taxon occupancy: {t4=89, t5=115, t6=151, t10=153, t7=72, t8=24, t9=83, t1=64, t2=101, t3=84}
Number of gene trees: 234
234 trees have missing taxa
Calculating quartet distance matrix (for completion of X)
Species tree distances calculated ...
Will attempt to complete bipartitions from X before adding using a distance matrix.
Building set of clusters (X) from gene trees 
------------------------------
gradient0: 63
Number of Clusters after addition by distance: 63
calculating extra bipartitions to be added at level 1 ...
Adding to X using resolutions of greedy consensus ...
Limit for sigma of degrees:300
polytomy size limit : 3
discarded polytomies:  []
Threshold 0.0:
Threshold 0.01:
Threshold 0.02:
Threshold 0.05:
Threshold 0.1:
Threshold 0.2:
Threshold 0.3333333333333333:
max k is :0
Number of Clusters after addition by greedy: 63
gradient0 in heuristiic: 63
calculating all possible bipartitions ...
Number of Clusters After Adding All possible clusters: 1023
partitions formed in 0.041 secs
Dynamic Programming starting after 0.041 secs
Using tree-based weight calculation.
Using polytree-based weight calculation.
Polytree max score: 234
Polytree building time: 0.006 seconds.
Number of quartet trees in the gene trees: 234
Size of largest cluster: 10
Greedy score: 232
estimationFactor: 1.0086206896551724
Sub-optimal score: 232
Total Number of elements weighted: 1241
Normalized score (portion of input quartet trees satisfied before correcting for multiple individuals): 0.9914529914529915
Optimization score: 232
Optimal tree inferred in 0.089 secs.
(t8,((t6,t10),(t1,(t2,(t3,(t7,(t4,(t5,t9))))))));
Final quartet score is: 232
Final normalized quartet score is: 0.9914529914529915
You may want to ignore posterior probabilities and other statistics related to the following branch branch because the effective number of genes impacting it is only 5:
	{t5, t9}
You may want to ignore posterior probabilities and other statistics related to the following branch branch because the effective number of genes impacting it is only 0:
	{t5, t9, t4}
You may want to ignore posterior probabilities and other statistics related to the following branch branch because the effective number of genes impacting it is only 5:
	{t6, t10}
You may want to ignore posterior probabilities and other statistics related to the following branch branch because the effective number of genes impacting it is only 4:
	{t8, t6, t10}
You may want to ignore posterior probabilities and other statistics related to the following branch branch because the effective number of genes impacting it is only 1:
	{t8, t6, t10, t1}
You may want to ignore posterior probabilities and other statistics related to the following branch branch because the effective number of genes impacting it is only 1:
	{t8, t2, t6, t10, t1}
You may want to ignore posterior probabilities and other statistics related to the following branch branch because the effective number of genes impacting it is only 18:
	{t8, t2, t3, t6, t10, t1}
Extended species tree:
(t7,((t4,(t5,t9)0.67:0.2876820724517809)0.33:0.0,(t3,(t2,(t1,((t6,t10)0.99:1.3862943611198908,t8)0.98:1.2039728043259361)0.67:0.2876820724517809)0.67:0.2876820724517809)1:2.538973871058275));
Weight calculation took 0.018423595 secs
ASTRAL finished in 0.122 secs
