
================== ASTRAL ===================== 

This is ASTRAL version 5.7.8
Gene trees are treated as unrooted
251 trees read from quartet_temp.txt
index0
All output trees will be *arbitrarily* rooted at t3

======== Running the main analysis
Number of taxa: 10 (10 species)
Taxa: [t3, t9, t1, t4, t5, t10, t6, t7, t8, t2]
Taxon occupancy: {t4=106, t5=75, t10=123, t6=58, t7=106, t8=91, t9=80, t1=109, t2=111, t3=145}
Number of gene trees: 251
251 trees have missing taxa
Calculating quartet distance matrix (for completion of X)
Species tree distances calculated ...
Will attempt to complete bipartitions from X before adding using a distance matrix.
Building set of clusters (X) from gene trees 
------------------------------
gradient0: 55
Number of Clusters after addition by distance: 55
calculating extra bipartitions to be added at level 1 ...
Adding to X using resolutions of greedy consensus ...
Limit for sigma of degrees:300
polytomy size limit : 3
discarded polytomies:  []
Threshold 0.0:
Threshold 0.01:
Threshold 0.02:
Threshold 0.05:
Threshold 0.1:
Threshold 0.2:
Threshold 0.3333333333333333:
max k is :0
Number of Clusters after addition by greedy: 55
gradient0 in heuristiic: 55
calculating all possible bipartitions ...
Number of Clusters After Adding All possible clusters: 1023
partitions formed in 0.044 secs
Dynamic Programming starting after 0.044 secs
Using tree-based weight calculation.
Using polytree-based weight calculation.
Polytree max score: 251
Polytree building time: 0.004 seconds.
Number of quartet trees in the gene trees: 251
Size of largest cluster: 10
Greedy score: 250
estimationFactor: 1.004
Sub-optimal score: 250
Total Number of elements weighted: 1063
Normalized score (portion of input quartet trees satisfied before correcting for multiple individuals): 0.9960159362549801
Optimization score: 250
Optimal tree inferred in 0.092 secs.
(t9,(t10,(t3,(t1,(t6,(t5,((t7,t8),(t4,t2))))))));
Final quartet score is: 250
Final normalized quartet score is: 0.9960159362549801
You may want to ignore posterior probabilities and other statistics related to the following branch branch because the effective number of genes impacting it is only 16:
	{t7, t8}
You may want to ignore posterior probabilities and other statistics related to the following branch branch because the effective number of genes impacting it is only 1:
	{t4, t2}
You may want to ignore posterior probabilities and other statistics related to the following branch branch because the effective number of genes impacting it is only 0:
	{t4, t7, t8, t2}
You may want to ignore posterior probabilities and other statistics related to the following branch branch because the effective number of genes impacting it is only 0:
	{t4, t5, t7, t8, t2}
You may want to ignore posterior probabilities and other statistics related to the following branch branch because the effective number of genes impacting it is only 12:
	{t4, t5, t6, t7, t8, t2}
You may want to ignore posterior probabilities and other statistics related to the following branch branch because the effective number of genes impacting it is only 11:
	{t1, t4, t5, t6, t7, t8, t2}
You may want to ignore posterior probabilities and other statistics related to the following branch branch because the effective number of genes impacting it is only 4:
	{t9, t10}
Extended species tree:
(t3,((t1,(t6,(t5,((t7,t8)1:2.4277482359480516,(t4,t2)0.67:0.2876820724517809)0.33:0.0)0.33:0.0)1:2.159484249353373)1:1.3862943611198908,(t10,t9)0.98:1.2039728043259361));
Weight calculation took 0.019435433 secs
ASTRAL finished in 0.128 secs
