
================== ASTRAL ===================== 

This is ASTRAL version 5.7.8
Gene trees are treated as unrooted
453 trees read from quartet_temp.txt
index0
All output trees will be *arbitrarily* rooted at t5

======== Running the main analysis
Number of taxa: 10 (10 species)
Taxa: [t5, t6, t4, t8, t10, t9, t2, t3, t7, t1]
Taxon occupancy: {t4=143, t5=166, t6=263, t10=280, t7=223, t8=91, t9=271, t1=55, t2=156, t3=164}
Number of gene trees: 453
453 trees have missing taxa
Calculating quartet distance matrix (for completion of X)
Species tree distances calculated ...
Will attempt to complete bipartitions from X before adding using a distance matrix.
Building set of clusters (X) from gene trees 
------------------------------
gradient0: 53
Number of Clusters after addition by distance: 53
calculating extra bipartitions to be added at level 1 ...
Adding to X using resolutions of greedy consensus ...
Limit for sigma of degrees:300
polytomy size limit : 3
discarded polytomies:  []
Threshold 0.0:
Threshold 0.01:
Threshold 0.02:
Threshold 0.05:
Threshold 0.1:
Threshold 0.2:
Threshold 0.3333333333333333:
max k is :0
Number of Clusters after addition by greedy: 53
gradient0 in heuristiic: 53
calculating all possible bipartitions ...
Number of Clusters After Adding All possible clusters: 1023
partitions formed in 0.054 secs
Dynamic Programming starting after 0.054 secs
Using tree-based weight calculation.
Using polytree-based weight calculation.
Polytree max score: 453
Polytree building time: 0.005 seconds.
Number of quartet trees in the gene trees: 453
Size of largest cluster: 10
Greedy score: 453
estimationFactor: 1.0
Sub-optimal score: 453
Total Number of elements weighted: 1050
Normalized score (portion of input quartet trees satisfied before correcting for multiple individuals): 1.0
Optimization score: 453
Optimal tree inferred in 0.104 secs.
(t6,(t7,(t5,(t1,((t10,t9),((t2,t3),(t4,t8)))))));
Final quartet score is: 453
Final normalized quartet score is: 1.0
You may want to ignore posterior probabilities and other statistics related to the following branch branch because the effective number of genes impacting it is only 1:
	{t4, t8}
You may want to ignore posterior probabilities and other statistics related to the following branch branch because the effective number of genes impacting it is only 0:
	{t4, t8, t2, t3}
You may want to ignore posterior probabilities and other statistics related to the following branch branch because the effective number of genes impacting it is only 0:
	{t4, t8, t10, t9, t2, t3}
You may want to ignore posterior probabilities and other statistics related to the following branch branch because the effective number of genes impacting it is only 6:
	{t4, t8, t10, t9, t2, t3, t1}
Extended species tree:
(t5,((t1,((t10,t9)1:3.2580965380214812,((t2,t3)1:2.9957322735539913,(t4,t8)0.67:0.2876820724517809)0.33:0.0)0.33:0.0)1:1.5404450409471486,(t7,t6)1:2.8526314299133184));
Weight calculation took 0.021222147 secs
ASTRAL finished in 0.146 secs
