
================== ASTRAL ===================== 

This is ASTRAL version 5.7.8
Gene trees are treated as unrooted
181 trees read from quartet_temp.txt
index0
All output trees will be *arbitrarily* rooted at t8

======== Running the main analysis
Number of taxa: 10 (10 species)
Taxa: [t8, t9, t5, t6, t10, t4, t1, t3, t2, t7]
Taxon occupancy: {t4=100, t5=88, t6=47, t10=77, t7=52, t8=28, t9=91, t1=48, t2=98, t3=95}
Number of gene trees: 181
181 trees have missing taxa
Calculating quartet distance matrix (for completion of X)
Species tree distances calculated ...
Will attempt to complete bipartitions from X before adding using a distance matrix.
Building set of clusters (X) from gene trees 
------------------------------
gradient0: 81
Number of Clusters after addition by distance: 81
calculating extra bipartitions to be added at level 1 ...
Adding to X using resolutions of greedy consensus ...
Limit for sigma of degrees:300
polytomy size limit : 3
discarded polytomies:  [3]
Threshold 0.0:
Threshold 0.01:
Threshold 0.02:
Threshold 0.05:
Threshold 0.1:
Threshold 0.2:
Threshold 0.3333333333333333:
polytomy of size 3; rounds with additions with at least 5 support: 0; clusters: 81
max k is :0
Number of Clusters after addition by greedy: 81
gradient0 in heuristiic: 81
calculating all possible bipartitions ...
Number of Clusters After Adding All possible clusters: 1023
partitions formed in 0.046 secs
Dynamic Programming starting after 0.046 secs
Using tree-based weight calculation.
Using polytree-based weight calculation.
Polytree max score: 181
Polytree building time: 0.003 seconds.
Number of quartet trees in the gene trees: 181
Size of largest cluster: 10
Greedy score: 181
estimationFactor: 1.0
Sub-optimal score: 181
Total Number of elements weighted: 1064
Normalized score (portion of input quartet trees satisfied before correcting for multiple individuals): 1.0
Optimization score: 181
Optimal tree inferred in 0.086 secs.
(t9,(t10,(t8,(t6,(t7,(t1,(t3,(t2,(t5,t4)))))))));
Final quartet score is: 181
Final normalized quartet score is: 1.0
You may want to ignore posterior probabilities and other statistics related to the following branch branch because the effective number of genes impacting it is only 17:
	{t5, t4}
You may want to ignore posterior probabilities and other statistics related to the following branch branch because the effective number of genes impacting it is only 0:
	{t5, t4, t2}
You may want to ignore posterior probabilities and other statistics related to the following branch branch because the effective number of genes impacting it is only 19:
	{t5, t4, t3, t2}
You may want to ignore posterior probabilities and other statistics related to the following branch branch because the effective number of genes impacting it is only 1:
	{t5, t4, t1, t3, t2}
You may want to ignore posterior probabilities and other statistics related to the following branch branch because the effective number of genes impacting it is only 2:
	{t5, t4, t1, t3, t2, t7}
You may want to ignore posterior probabilities and other statistics related to the following branch branch because the effective number of genes impacting it is only 2:
	{t5, t6, t4, t1, t3, t2, t7}
You may want to ignore posterior probabilities and other statistics related to the following branch branch because the effective number of genes impacting it is only 0:
	{t9, t10}
Extended species tree:
(t8,((t6,(t7,(t1,(t3,(t2,(t5,t4)1:2.484906649788)0.33:0.0)1:2.590267165445826)0.67:0.2876820724517809)0.87:0.6931471805599453)0.87:0.6931471805599453,(t10,t9)0.33:0.0));
Weight calculation took 0.014789986 secs
ASTRAL finished in 0.119 secs
