
================== ASTRAL ===================== 

This is ASTRAL version 5.7.8
Gene trees are treated as unrooted
73 trees read from quartet_temp.txt
index0
All output trees will be *arbitrarily* rooted at t5

======== Running the main analysis
Number of taxa: 10 (10 species)
Taxa: [t5, t7, t4, t8, t9, t10, t6, t2, t3, t1]
Taxon occupancy: {t4=48, t5=43, t10=26, t6=27, t7=18, t8=52, t9=31, t1=10, t2=21, t3=16}
Number of gene trees: 73
73 trees have missing taxa
Calculating quartet distance matrix (for completion of X)
Species tree distances calculated ...
Will attempt to complete bipartitions from X before adding using a distance matrix.
Building set of clusters (X) from gene trees 
------------------------------
gradient0: 87
Number of Clusters after addition by distance: 87
calculating extra bipartitions to be added at level 1 ...
Adding to X using resolutions of greedy consensus ...
Limit for sigma of degrees:300
polytomy size limit : 3
discarded polytomies:  []
Threshold 0.0:
Threshold 0.01:
Threshold 0.02:
Threshold 0.05:
Threshold 0.1:
Threshold 0.2:
Threshold 0.3333333333333333:
max k is :0
Number of Clusters after addition by greedy: 87
gradient0 in heuristiic: 87
calculating all possible bipartitions ...
Number of Clusters After Adding All possible clusters: 1023
partitions formed in 0.032 secs
Dynamic Programming starting after 0.032 secs
Using tree-based weight calculation.
Using polytree-based weight calculation.
Polytree max score: 73
Polytree building time: 0.001 seconds.
Number of quartet trees in the gene trees: 73
Size of largest cluster: 10
Greedy score: 58
estimationFactor: 1.2586206896551724
Sub-optimal score: 62
Total Number of elements weighted: 3842
Normalized score (portion of input quartet trees satisfied before correcting for multiple individuals): 0.9452054794520548
Optimization score: 69
Optimal tree inferred in 0.083 secs.
(t7,(t1,((t9,t3),(t6,((t5,t2),(t10,(t4,t8)))))));
Final quartet score is: 69
Final normalized quartet score is: 0.9452054794520548
You may want to ignore posterior probabilities and other statistics related to the following branch branch because the effective number of genes impacting it is only 14:
	{t4, t8}
You may want to ignore posterior probabilities and other statistics related to the following branch branch because the effective number of genes impacting it is only 4:
	{t4, t8, t10}
You may want to ignore posterior probabilities and other statistics related to the following branch branch because the effective number of genes impacting it is only 1:
	{t9, t3}
You may want to ignore posterior probabilities and other statistics related to the following branch branch because the effective number of genes impacting it is only 0:
	{t7, t1}
You may want to ignore posterior probabilities and other statistics related to the following branch branch because the effective number of genes impacting it is only 2:
	{t7, t9, t3, t1}
You may want to ignore posterior probabilities and other statistics related to the following branch branch because the effective number of genes impacting it is only 5:
	{t7, t9, t6, t3, t1}
You may want to ignore posterior probabilities and other statistics related to the following branch branch because the effective number of genes impacting it is only 4:
	{t7, t4, t8, t9, t10, t6, t3, t1}
Extended species tree:
(t5,(t2,((t10,(t4,t8)1:2.302585092994046)0.98:1.2039728043259361,(t6,((t9,t3)0.67:0.2876820724517809,(t1,t7)0.33:0.0)0.42:0.0)0.93:0.6931471805599453)0.98:1.2039728043259361));
Weight calculation took 0.023197404 secs
ASTRAL finished in 0.107 secs
