
================== ASTRAL ===================== 

This is ASTRAL version 5.7.8
Gene trees are treated as unrooted
71 trees read from quartet_temp.txt
index0
All output trees will be *arbitrarily* rooted at t4

======== Running the main analysis
Number of taxa: 10 (10 species)
Taxa: [t4, t5, t2, t3, t10, t6, t1, t9, t8, t7]
Taxon occupancy: {t4=33, t5=35, t10=21, t6=18, t7=32, t8=25, t9=27, t1=27, t2=38, t3=28}
Number of gene trees: 71
71 trees have missing taxa
Calculating quartet distance matrix (for completion of X)
Species tree distances calculated ...
Will attempt to complete bipartitions from X before adding using a distance matrix.
Building set of clusters (X) from gene trees 
------------------------------
gradient0: 65
Number of Clusters after addition by distance: 65
calculating extra bipartitions to be added at level 1 ...
Adding to X using resolutions of greedy consensus ...
Limit for sigma of degrees:300
polytomy size limit : 3
discarded polytomies:  []
Threshold 0.0:
Threshold 0.01:
Threshold 0.02:
Threshold 0.05:
Threshold 0.1:
Threshold 0.2:
Threshold 0.3333333333333333:
max k is :0
Number of Clusters after addition by greedy: 65
gradient0 in heuristiic: 65
calculating all possible bipartitions ...
Number of Clusters After Adding All possible clusters: 1023
partitions formed in 0.029 secs
Dynamic Programming starting after 0.029 secs
Using tree-based weight calculation.
Using polytree-based weight calculation.
Polytree max score: 71
Polytree building time: 0.002 seconds.
Number of quartet trees in the gene trees: 71
Size of largest cluster: 10
Greedy score: 69
estimationFactor: 1.0289855072463767
Sub-optimal score: 69
Total Number of elements weighted: 903
Normalized score (portion of input quartet trees satisfied before correcting for multiple individuals): 0.971830985915493
Optimization score: 69
Optimal tree inferred in 0.063 secs.
(t5,((t4,t10),(t3,(t6,(t1,((t9,t8),(t2,t7)))))));
Final quartet score is: 69
Final normalized quartet score is: 0.971830985915493
You may want to ignore posterior probabilities and other statistics related to the following branch branch because the effective number of genes impacting it is only 1:
	{t9, t8}
You may want to ignore posterior probabilities and other statistics related to the following branch branch because the effective number of genes impacting it is only 9:
	{t2, t7}
You may want to ignore posterior probabilities and other statistics related to the following branch branch because the effective number of genes impacting it is only 0:
	{t2, t9, t8, t7}
You may want to ignore posterior probabilities and other statistics related to the following branch branch because the effective number of genes impacting it is only 4:
	{t2, t1, t9, t8, t7}
You may want to ignore posterior probabilities and other statistics related to the following branch branch because the effective number of genes impacting it is only 2:
	{t2, t6, t1, t9, t8, t7}
You may want to ignore posterior probabilities and other statistics related to the following branch branch because the effective number of genes impacting it is only 5:
	{t2, t3, t6, t1, t9, t8, t7}
You may want to ignore posterior probabilities and other statistics related to the following branch branch because the effective number of genes impacting it is only 4:
	{t5, t2, t3, t6, t1, t9, t8, t7}
Extended species tree:
(t4,(t10,((t3,(t6,(t1,((t9,t8)0.67:0.2876820724517809,(t2,t7)1:1.8971199848858815)0.33:0.0)0.98:1.2039728043259361)0.87:0.6931471805599453)0.67:0.2876820724517809,t5)0.98:1.2039728043259361));
Weight calculation took 0.00850893 secs
ASTRAL finished in 0.088 secs
