
================== ASTRAL ===================== 

This is ASTRAL version 5.7.8
Gene trees are treated as unrooted
110 trees read from quartet_temp.txt
index0
All output trees will be *arbitrarily* rooted at t2

======== Running the main analysis
Number of taxa: 10 (10 species)
Taxa: [t2, t3, t1, t7, t8, t5, t4, t9, t10, t6]
Taxon occupancy: {t4=28, t5=54, t10=51, t6=62, t7=34, t8=28, t9=12, t1=24, t2=71, t3=76}
Number of gene trees: 110
110 trees have missing taxa
Calculating quartet distance matrix (for completion of X)
Species tree distances calculated ...
Will attempt to complete bipartitions from X before adding using a distance matrix.
Building set of clusters (X) from gene trees 
------------------------------
gradient0: 69
Number of Clusters after addition by distance: 69
calculating extra bipartitions to be added at level 1 ...
Adding to X using resolutions of greedy consensus ...
Limit for sigma of degrees:300
polytomy size limit : 3
discarded polytomies:  []
Threshold 0.0:
Threshold 0.01:
Threshold 0.02:
Threshold 0.05:
Threshold 0.1:
Threshold 0.2:
Threshold 0.3333333333333333:
max k is :0
Number of Clusters after addition by greedy: 69
gradient0 in heuristiic: 69
calculating all possible bipartitions ...
Number of Clusters After Adding All possible clusters: 1023
partitions formed in 0.032 secs
Dynamic Programming starting after 0.032 secs
Using tree-based weight calculation.
Using polytree-based weight calculation.
Polytree max score: 110
Polytree building time: 0.002 seconds.
Number of quartet trees in the gene trees: 110
Size of largest cluster: 10
Greedy score: 105
estimationFactor: 1.0476190476190477
Sub-optimal score: 105
Total Number of elements weighted: 1079
Normalized score (portion of input quartet trees satisfied before correcting for multiple individuals): 0.9636363636363636
Optimization score: 106
Optimal tree inferred in 0.071 secs.
(t3,(t2,(t4,(t5,(t1,(t7,(t8,(t9,(t10,t6)))))))));
Final quartet score is: 106
Final normalized quartet score is: 0.9636363636363636
You may want to ignore posterior probabilities and other statistics related to the following branch branch because the effective number of genes impacting it is only 1:
	{t10, t6}
You may want to ignore posterior probabilities and other statistics related to the following branch branch because the effective number of genes impacting it is only 0:
	{t9, t10, t6}
You may want to ignore posterior probabilities and other statistics related to the following branch branch because the effective number of genes impacting it is only 2:
	{t8, t9, t10, t6}
You may want to ignore posterior probabilities and other statistics related to the following branch branch because the effective number of genes impacting it is only 0:
	{t7, t8, t9, t10, t6}
You may want to ignore posterior probabilities and other statistics related to the following branch branch because the effective number of genes impacting it is only 7:
	{t1, t7, t8, t9, t10, t6}
You may want to ignore posterior probabilities and other statistics related to the following branch branch because the effective number of genes impacting it is only 3:
	{t1, t7, t8, t5, t9, t10, t6}
You may want to ignore posterior probabilities and other statistics related to the following branch branch because the effective number of genes impacting it is only 4:
	{t1, t7, t8, t5, t4, t9, t10, t6}
Extended species tree:
(t2,((t4,(t5,(t1,(t7,(t8,(t9,(t10,t6)0.67:0.2876820724517809)0.33:0.0)0.87:0.6931471805599453)0.33:0.0)1:1.6739764335716716)0.95:0.9808292530117262)0.98:1.2039728043259361,t3));
Weight calculation took 0.012644368 secs
ASTRAL finished in 0.098 secs
