
================== ASTRAL ===================== 

This is ASTRAL version 5.7.8
Gene trees are treated as unrooted
130 trees read from quartet_temp.txt
index0
All output trees will be *arbitrarily* rooted at t3

======== Running the main analysis
Number of taxa: 10 (10 species)
Taxa: [t3, t5, t2, t6, t9, t10, t8, t1, t7, t4]
Taxon occupancy: {t4=69, t5=86, t6=71, t10=82, t7=26, t8=32, t9=53, t1=24, t2=57, t3=20}
Number of gene trees: 130
130 trees have missing taxa
Calculating quartet distance matrix (for completion of X)
Species tree distances calculated ...
Will attempt to complete bipartitions from X before adding using a distance matrix.
Building set of clusters (X) from gene trees 
------------------------------
gradient0: 79
Number of Clusters after addition by distance: 79
calculating extra bipartitions to be added at level 1 ...
Adding to X using resolutions of greedy consensus ...
Limit for sigma of degrees:300
polytomy size limit : 3
discarded polytomies:  []
Threshold 0.0:
Threshold 0.01:
Threshold 0.02:
Threshold 0.05:
Threshold 0.1:
Threshold 0.2:
Threshold 0.3333333333333333:
max k is :0
Number of Clusters after addition by greedy: 79
gradient0 in heuristiic: 79
calculating all possible bipartitions ...
Number of Clusters After Adding All possible clusters: 1023
partitions formed in 0.036 secs
Dynamic Programming starting after 0.036 secs
Using tree-based weight calculation.
Using polytree-based weight calculation.
Polytree max score: 130
Polytree building time: 0.002 seconds.
Number of quartet trees in the gene trees: 130
Size of largest cluster: 10
Greedy score: 122
estimationFactor: 1.0655737704918034
Sub-optimal score: 122
Total Number of elements weighted: 2032
Normalized score (portion of input quartet trees satisfied before correcting for multiple individuals): 0.9384615384615385
Optimization score: 122
Optimal tree inferred in 0.084 secs.
(t5,(t4,(t9,(t7,(t3,(t8,(t1,(t2,(t6,t10)))))))));
Final quartet score is: 122
Final normalized quartet score is: 0.9384615384615385
You may want to ignore posterior probabilities and other statistics related to the following branch branch because the effective number of genes impacting it is only 9:
	{t6, t10}
You may want to ignore posterior probabilities and other statistics related to the following branch branch because the effective number of genes impacting it is only 3:
	{t2, t6, t10}
You may want to ignore posterior probabilities and other statistics related to the following branch branch because the effective number of genes impacting it is only 1:
	{t2, t6, t10, t1}
You may want to ignore posterior probabilities and other statistics related to the following branch branch because the effective number of genes impacting it is only 1:
	{t2, t6, t10, t8, t1}
You may want to ignore posterior probabilities and other statistics related to the following branch branch because the effective number of genes impacting it is only 4:
	{t5, t4}
You may want to ignore posterior probabilities and other statistics related to the following branch branch because the effective number of genes impacting it is only 5:
	{t5, t9, t4}
You may want to ignore posterior probabilities and other statistics related to the following branch branch because the effective number of genes impacting it is only 4:
	{t5, t9, t7, t4}
Extended species tree:
(t3,((t8,(t1,(t2,(t6,t10)0.67:0.2876820724517809)0.67:0.2876820724517809)0.67:0.2876820724517809)0.67:0.2876820724517809,(t7,(t9,(t4,t5)0.98:1.2039728043259361)0.99:1.3862943611198908)0.44:0.1053605156578264));
Weight calculation took 0.02127176 secs
ASTRAL finished in 0.113 secs
