
================== ASTRAL ===================== 

This is ASTRAL version 5.7.8
Gene trees are treated as unrooted
37 trees read from quartet_temp.txt
index0
All output trees will be *arbitrarily* rooted at t10

======== Running the main analysis
Number of taxa: 10 (10 species)
Taxa: [t10, t8, t6, t7, t2, t4, t5, t1, t3, t9]
Taxon occupancy: {t4=16, t5=15, t10=9, t6=19, t7=15, t8=12, t9=8, t1=17, t2=21, t3=16}
Number of gene trees: 37
37 trees have missing taxa
Calculating quartet distance matrix (for completion of X)
Species tree distances calculated ...
Will attempt to complete bipartitions from X before adding using a distance matrix.
Building set of clusters (X) from gene trees 
------------------------------
gradient0: 79
Number of Clusters after addition by distance: 79
calculating extra bipartitions to be added at level 1 ...
Adding to X using resolutions of greedy consensus ...
Limit for sigma of degrees:300
polytomy size limit : 3
discarded polytomies:  []
Threshold 0.0:
Threshold 0.01:
Threshold 0.02:
Threshold 0.05:
Threshold 0.1:
Threshold 0.2:
Threshold 0.3333333333333333:
max k is :0
Number of Clusters after addition by greedy: 79
gradient0 in heuristiic: 79
calculating all possible bipartitions ...
Number of Clusters After Adding All possible clusters: 1023
partitions formed in 0.025 secs
Dynamic Programming starting after 0.025 secs
Using tree-based weight calculation.
Using polytree-based weight calculation.
Polytree max score: 37
Polytree building time: 0.001 seconds.
Number of quartet trees in the gene trees: 37
Size of largest cluster: 10
Greedy score: 34
estimationFactor: 1.088235294117647
Sub-optimal score: 34
Total Number of elements weighted: 2545
Normalized score (portion of input quartet trees satisfied before correcting for multiple individuals): 0.918918918918919
Optimization score: 34
Optimal tree inferred in 0.064 secs.
(t8,(t9,((t2,t5),(t10,((t4,t1),(t3,(t6,t7)))))));
Final quartet score is: 34
Final normalized quartet score is: 0.918918918918919
You may want to ignore posterior probabilities and other statistics related to the following branch branch because the effective number of genes impacting it is only 3:
	{t4, t1}
You may want to ignore posterior probabilities and other statistics related to the following branch branch because the effective number of genes impacting it is only 6:
	{t6, t7}
You may want to ignore posterior probabilities and other statistics related to the following branch branch because the effective number of genes impacting it is only 2:
	{t6, t7, t3}
You may want to ignore posterior probabilities and other statistics related to the following branch branch because the effective number of genes impacting it is only 0:
	{t6, t7, t4, t1, t3}
You may want to ignore posterior probabilities and other statistics related to the following branch branch because the effective number of genes impacting it is only 4:
	{t2, t5}
You may want to ignore posterior probabilities and other statistics related to the following branch branch because the effective number of genes impacting it is only 0:
	{t8, t9}
You may want to ignore posterior probabilities and other statistics related to the following branch branch because the effective number of genes impacting it is only 2:
	{t8, t2, t5, t9}
Extended species tree:
(t10,(((t4,t1)0.95:0.9808292530117262,(t3,(t6,t7)0.46:0.15415067982725836)0.87:0.6931471805599453)0.33:0.0,((t2,t5)0.98:1.2039728043259361,(t9,t8)0.33:0.0)0.87:0.6931471805599453));
Weight calculation took 0.010982311 secs
ASTRAL finished in 0.086 secs
