
================== ASTRAL ===================== 

This is ASTRAL version 5.7.8
Gene trees are treated as unrooted
163 trees read from quartet_temp.txt
index0
All output trees will be *arbitrarily* rooted at t2

======== Running the main analysis
Number of taxa: 10 (10 species)
Taxa: [t2, t6, t1, t10, t8, t3, t5, t4, t9, t7]
Taxon occupancy: {t4=30, t5=56, t6=75, t10=76, t7=54, t8=62, t9=75, t1=77, t2=58, t3=89}
Number of gene trees: 163
163 trees have missing taxa
Calculating quartet distance matrix (for completion of X)
Species tree distances calculated ...
Will attempt to complete bipartitions from X before adding using a distance matrix.
Building set of clusters (X) from gene trees 
------------------------------
gradient0: 57
Number of Clusters after addition by distance: 57
calculating extra bipartitions to be added at level 1 ...
Adding to X using resolutions of greedy consensus ...
Limit for sigma of degrees:300
polytomy size limit : 3
discarded polytomies:  []
Threshold 0.0:
Threshold 0.01:
Threshold 0.02:
Threshold 0.05:
Threshold 0.1:
Threshold 0.2:
Threshold 0.3333333333333333:
max k is :0
Number of Clusters after addition by greedy: 57
gradient0 in heuristiic: 57
calculating all possible bipartitions ...
Number of Clusters After Adding All possible clusters: 1023
partitions formed in 0.039 secs
Dynamic Programming starting after 0.039 secs
Using tree-based weight calculation.
Using polytree-based weight calculation.
Polytree max score: 163
Polytree building time: 0.003 seconds.
Number of quartet trees in the gene trees: 163
Size of largest cluster: 10
Greedy score: 154
estimationFactor: 1.0584415584415585
Sub-optimal score: 155
Total Number of elements weighted: 1813
Normalized score (portion of input quartet trees satisfied before correcting for multiple individuals): 0.9570552147239264
Optimization score: 156
Optimal tree inferred in 0.087 secs.
(t6,(t5,((t7,(t1,t10)),(t9,((t8,t3),(t2,t4))))));
Final quartet score is: 156
Final normalized quartet score is: 0.9570552147239264
You may want to ignore posterior probabilities and other statistics related to the following branch branch because the effective number of genes impacting it is only 11:
	{t8, t3}
You may want to ignore posterior probabilities and other statistics related to the following branch branch because the effective number of genes impacting it is only 2:
	{t1, t10, t7}
You may want to ignore posterior probabilities and other statistics related to the following branch branch because the effective number of genes impacting it is only 2:
	{t6, t5}
You may want to ignore posterior probabilities and other statistics related to the following branch branch because the effective number of genes impacting it is only 3:
	{t6, t1, t10, t5, t7}
You may want to ignore posterior probabilities and other statistics related to the following branch branch because the effective number of genes impacting it is only 7:
	{t6, t1, t10, t8, t3, t5, t9, t7}
Extended species tree:
(t2,(t4,((t8,t3)1:0.9808292530117262,(t9,((t7,(t1,t10)1:2.6855773452501523)0.87:0.6931471805599453,(t5,t6)0.42:0.0)0.67:0.2876820724517809)1:2.8134107167600355)0.67:0.2876820724517809));
Weight calculation took 0.021149912 secs
ASTRAL finished in 0.123 secs
