
================== ASTRAL ===================== 

This is ASTRAL version 5.7.8
Gene trees are treated as unrooted
64 trees read from quartet_temp.txt
index0
All output trees will be *arbitrarily* rooted at t10

======== Running the main analysis
Number of taxa: 10 (10 species)
Taxa: [t10, t7, t3, t4, t5, t6, t8, t9, t1, t2]
Taxon occupancy: {t4=31, t5=26, t10=45, t6=31, t7=38, t8=13, t9=12, t1=12, t2=17, t3=31}
Number of gene trees: 64
64 trees have missing taxa
Calculating quartet distance matrix (for completion of X)
Species tree distances calculated ...
Will attempt to complete bipartitions from X before adding using a distance matrix.
Building set of clusters (X) from gene trees 
------------------------------
gradient0: 73
Number of Clusters after addition by distance: 73
calculating extra bipartitions to be added at level 1 ...
Adding to X using resolutions of greedy consensus ...
Limit for sigma of degrees:300
polytomy size limit : 3
discarded polytomies:  []
Threshold 0.0:
Threshold 0.01:
Threshold 0.02:
Threshold 0.05:
Threshold 0.1:
Threshold 0.2:
Threshold 0.3333333333333333:
max k is :0
Number of Clusters after addition by greedy: 73
gradient0 in heuristiic: 73
calculating all possible bipartitions ...
Number of Clusters After Adding All possible clusters: 1023
partitions formed in 0.027 secs
Dynamic Programming starting after 0.027 secs
Using tree-based weight calculation.
Using polytree-based weight calculation.
Polytree max score: 64
Polytree building time: 0.002 seconds.
Number of quartet trees in the gene trees: 64
Size of largest cluster: 10
Greedy score: 63
estimationFactor: 1.0158730158730158
Sub-optimal score: 64
Total Number of elements weighted: 1228
Normalized score (portion of input quartet trees satisfied before correcting for multiple individuals): 1.0
Optimization score: 64
Optimal tree inferred in 0.063 secs.
(t7,(t10,((t1,t2),(t8,(t9,(t5,(t6,(t3,t4))))))));
Final quartet score is: 64
Final normalized quartet score is: 1.0
You may want to ignore posterior probabilities and other statistics related to the following branch branch because the effective number of genes impacting it is only 1:
	{t1, t2}
You may want to ignore posterior probabilities and other statistics related to the following branch branch because the effective number of genes impacting it is only 1:
	{t3, t4}
You may want to ignore posterior probabilities and other statistics related to the following branch branch because the effective number of genes impacting it is only 6:
	{t3, t4, t6}
You may want to ignore posterior probabilities and other statistics related to the following branch branch because the effective number of genes impacting it is only 2:
	{t3, t4, t5, t6}
You may want to ignore posterior probabilities and other statistics related to the following branch branch because the effective number of genes impacting it is only 0:
	{t3, t4, t5, t6, t9}
You may want to ignore posterior probabilities and other statistics related to the following branch branch because the effective number of genes impacting it is only 3:
	{t3, t4, t5, t6, t8, t9}
You may want to ignore posterior probabilities and other statistics related to the following branch branch because the effective number of genes impacting it is only 2:
	{t3, t4, t5, t6, t8, t9, t1, t2}
Extended species tree:
(t10,(((t1,t2)0.67:0.2876820724517809,(t8,(t9,(t5,(t6,(t3,t4)0.67:0.2876820724517809)1:1.5404450409471486)0.87:0.6931471805599453)0.33:0.0)0.95:0.9808292530117262)0.87:0.6931471805599453,t7));
Weight calculation took 0.00939391 secs
ASTRAL finished in 0.088 secs
