
================== ASTRAL ===================== 

This is ASTRAL version 5.7.8
Gene trees are treated as unrooted
156 trees read from quartet_temp.txt
index0
All output trees will be *arbitrarily* rooted at t4

======== Running the main analysis
Number of taxa: 10 (10 species)
Taxa: [t4, t5, t3, t8, t6, t7, t2, t9, t10, t1]
Taxon occupancy: {t4=86, t5=54, t6=51, t10=55, t7=65, t8=65, t9=64, t1=30, t2=87, t3=67}
Number of gene trees: 156
156 trees have missing taxa
Calculating quartet distance matrix (for completion of X)
Species tree distances calculated ...
Will attempt to complete bipartitions from X before adding using a distance matrix.
Building set of clusters (X) from gene trees 
------------------------------
gradient0: 53
Number of Clusters after addition by distance: 53
calculating extra bipartitions to be added at level 1 ...
Adding to X using resolutions of greedy consensus ...
Limit for sigma of degrees:300
polytomy size limit : 3
discarded polytomies:  []
Threshold 0.0:
Threshold 0.01:
Threshold 0.02:
Threshold 0.05:
Threshold 0.1:
Threshold 0.2:
Threshold 0.3333333333333333:
max k is :0
Number of Clusters after addition by greedy: 53
gradient0 in heuristiic: 53
calculating all possible bipartitions ...
Number of Clusters After Adding All possible clusters: 1023
partitions formed in 0.035 secs
Dynamic Programming starting after 0.035 secs
Using tree-based weight calculation.
Using polytree-based weight calculation.
Polytree max score: 156
Polytree building time: 0.003 seconds.
Number of quartet trees in the gene trees: 156
Size of largest cluster: 10
Greedy score: 154
estimationFactor: 1.0129870129870129
Sub-optimal score: 154
Total Number of elements weighted: 865
Normalized score (portion of input quartet trees satisfied before correcting for multiple individuals): 0.9871794871794872
Optimization score: 154
Optimal tree inferred in 0.074 secs.
(t5,((t4,t3),((t2,t9),(t6,(t7,(t1,(t8,t10)))))));
Final quartet score is: 154
Final normalized quartet score is: 0.9871794871794872
You may want to ignore posterior probabilities and other statistics related to the following branch branch because the effective number of genes impacting it is only 0:
	{t8, t10}
You may want to ignore posterior probabilities and other statistics related to the following branch branch because the effective number of genes impacting it is only 2:
	{t8, t10, t1}
You may want to ignore posterior probabilities and other statistics related to the following branch branch because the effective number of genes impacting it is only 0:
	{t8, t7, t10, t1}
You may want to ignore posterior probabilities and other statistics related to the following branch branch because the effective number of genes impacting it is only 9:
	{t8, t6, t7, t10, t1}
You may want to ignore posterior probabilities and other statistics related to the following branch branch because the effective number of genes impacting it is only 3:
	{t8, t6, t7, t2, t9, t10, t1}
You may want to ignore posterior probabilities and other statistics related to the following branch branch because the effective number of genes impacting it is only 5:
	{t5, t8, t6, t7, t2, t9, t10, t1}
Extended species tree:
(t4,(t3,(((t2,t9)1:2.730029107820986,(t6,(t7,(t1,(t8,t10)0.33:0.0)0.87:0.6931471805599453)0.33:0.0)1:1.8971199848858815)0.95:0.9808292530117262,t5)0.93:0.6931471805599453));
Weight calculation took 0.013686996 secs
ASTRAL finished in 0.106 secs
