
================== ASTRAL ===================== 

This is ASTRAL version 5.7.8
Gene trees are treated as unrooted
233 trees read from quartet_temp.txt
index0
All output trees will be *arbitrarily* rooted at t5

======== Running the main analysis
Number of taxa: 10 (10 species)
Taxa: [t5, t7, t1, t3, t6, t10, t9, t2, t4, t8]
Taxon occupancy: {t4=67, t5=132, t6=148, t10=152, t7=81, t8=14, t9=109, t1=63, t2=89, t3=77}
Number of gene trees: 233
233 trees have missing taxa
Calculating quartet distance matrix (for completion of X)
Species tree distances calculated ...
Will attempt to complete bipartitions from X before adding using a distance matrix.
Building set of clusters (X) from gene trees 
------------------------------
gradient0: 53
Number of Clusters after addition by distance: 53
calculating extra bipartitions to be added at level 1 ...
Adding to X using resolutions of greedy consensus ...
Limit for sigma of degrees:300
polytomy size limit : 3
discarded polytomies:  []
Threshold 0.0:
Threshold 0.01:
Threshold 0.02:
Threshold 0.05:
Threshold 0.1:
Threshold 0.2:
Threshold 0.3333333333333333:
max k is :0
Number of Clusters after addition by greedy: 53
gradient0 in heuristiic: 53
calculating all possible bipartitions ...
Number of Clusters After Adding All possible clusters: 1023
partitions formed in 0.042 secs
Dynamic Programming starting after 0.042 secs
Using tree-based weight calculation.
Using polytree-based weight calculation.
Polytree max score: 233
Polytree building time: 0.006 seconds.
Number of quartet trees in the gene trees: 233
Size of largest cluster: 10
Greedy score: 220
estimationFactor: 1.059090909090909
Sub-optimal score: 222
Total Number of elements weighted: 1347
Normalized score (portion of input quartet trees satisfied before correcting for multiple individuals): 0.9785407725321889
Optimization score: 228
Optimal tree inferred in 0.09 secs.
(t7,(t4,(t5,(t9,(t2,((t1,t3),(t8,(t6,t10))))))));
Final quartet score is: 228
Final normalized quartet score is: 0.9785407725321889
You may want to ignore posterior probabilities and other statistics related to the following branch branch because the effective number of genes impacting it is only 2:
	{t1, t3}
You may want to ignore posterior probabilities and other statistics related to the following branch branch because the effective number of genes impacting it is only 3:
	{t6, t10}
You may want to ignore posterior probabilities and other statistics related to the following branch branch because the effective number of genes impacting it is only 4:
	{t6, t10, t8}
You may want to ignore posterior probabilities and other statistics related to the following branch branch because the effective number of genes impacting it is only 3:
	{t1, t3, t6, t10, t8}
You may want to ignore posterior probabilities and other statistics related to the following branch branch because the effective number of genes impacting it is only 6:
	{t1, t3, t6, t10, t9, t2, t8}
You may want to ignore posterior probabilities and other statistics related to the following branch branch because the effective number of genes impacting it is only 4:
	{t7, t4}
Extended species tree:
(t5,((t9,(t2,((t1,t3)0.87:0.6931471805599453,(t8,(t6,t10)0.95:0.9808292530117262)0.98:1.2039728043259361)0.67:0.2876820724517809)1:2.8134107167600355)0.83:0.4418327522790392,(t4,t7)0.84:0.5108256237659905));
Weight calculation took 0.019723919 secs
ASTRAL finished in 0.123 secs
