
================== ASTRAL ===================== 

This is ASTRAL version 5.7.8
Gene trees are treated as unrooted
183 trees read from quartet_temp.txt
index0
All output trees will be *arbitrarily* rooted at t2

======== Running the main analysis
Number of taxa: 10 (10 species)
Taxa: [t2, t9, t1, t4, t5, t7, t10, t6, t8, t3]
Taxon occupancy: {t4=106, t5=106, t10=113, t6=33, t7=108, t8=75, t9=74, t1=27, t2=60, t3=30}
Number of gene trees: 183
183 trees have missing taxa
Calculating quartet distance matrix (for completion of X)
Species tree distances calculated ...
Will attempt to complete bipartitions from X before adding using a distance matrix.
Building set of clusters (X) from gene trees 
------------------------------
gradient0: 61
Number of Clusters after addition by distance: 61
calculating extra bipartitions to be added at level 1 ...
Adding to X using resolutions of greedy consensus ...
Limit for sigma of degrees:300
polytomy size limit : 3
discarded polytomies:  []
Threshold 0.0:
Threshold 0.01:
Threshold 0.02:
Threshold 0.05:
Threshold 0.1:
Threshold 0.2:
Threshold 0.3333333333333333:
max k is :0
Number of Clusters after addition by greedy: 61
gradient0 in heuristiic: 61
calculating all possible bipartitions ...
Number of Clusters After Adding All possible clusters: 1023
partitions formed in 0.04 secs
Dynamic Programming starting after 0.04 secs
Using tree-based weight calculation.
Using polytree-based weight calculation.
Polytree max score: 183
Polytree building time: 0.003 seconds.
Number of quartet trees in the gene trees: 183
Size of largest cluster: 10
Greedy score: 180
estimationFactor: 1.0166666666666666
Sub-optimal score: 180
Total Number of elements weighted: 1038
Normalized score (portion of input quartet trees satisfied before correcting for multiple individuals): 0.9836065573770492
Optimization score: 180
Optimal tree inferred in 0.08 secs.
(t9,(t8,(t6,((t2,(t5,t7)),(t3,(t1,(t4,t10)))))));
Final quartet score is: 180
Final normalized quartet score is: 0.9836065573770492
You may want to ignore posterior probabilities and other statistics related to the following branch branch because the effective number of genes impacting it is only 7:
	{t4, t10}
You may want to ignore posterior probabilities and other statistics related to the following branch branch because the effective number of genes impacting it is only 0:
	{t1, t4, t10}
You may want to ignore posterior probabilities and other statistics related to the following branch branch because the effective number of genes impacting it is only 13:
	{t1, t4, t10, t3}
You may want to ignore posterior probabilities and other statistics related to the following branch branch because the effective number of genes impacting it is only 4:
	{t9, t8}
You may want to ignore posterior probabilities and other statistics related to the following branch branch because the effective number of genes impacting it is only 0:
	{t9, t6, t8}
You may want to ignore posterior probabilities and other statistics related to the following branch branch because the effective number of genes impacting it is only 0:
	{t9, t1, t4, t10, t6, t8, t3}
Extended species tree:
(t2,((t5,t7)1:1.4271163556401456,((t3,(t1,(t4,t10)1:1.6739764335716716)0.33:0.0)1:2.2335922215070947,(t6,(t8,t9)0.98:1.2039728043259361)0.33:0.0)0.33:0.0));
Weight calculation took 0.014447848 secs
ASTRAL finished in 0.112 secs
