
================== ASTRAL ===================== 

This is ASTRAL version 5.7.8
Gene trees are treated as unrooted
173 trees read from quartet_temp.txt
index0
All output trees will be *arbitrarily* rooted at t4

======== Running the main analysis
Number of taxa: 10 (10 species)
Taxa: [t4, t6, t2, t3, t7, t10, t1, t5, t8, t9]
Taxon occupancy: {t4=74, t5=103, t6=55, t10=57, t7=26, t8=90, t9=53, t1=85, t2=105, t3=44}
Number of gene trees: 173
173 trees have missing taxa
Calculating quartet distance matrix (for completion of X)
Species tree distances calculated ...
Will attempt to complete bipartitions from X before adding using a distance matrix.
Building set of clusters (X) from gene trees 
------------------------------
gradient0: 51
Number of Clusters after addition by distance: 51
calculating extra bipartitions to be added at level 1 ...
Adding to X using resolutions of greedy consensus ...
Limit for sigma of degrees:300
polytomy size limit : 3
discarded polytomies:  []
Threshold 0.0:
Threshold 0.01:
Threshold 0.02:
Threshold 0.05:
Threshold 0.1:
Threshold 0.2:
Threshold 0.3333333333333333:
max k is :0
Number of Clusters after addition by greedy: 51
gradient0 in heuristiic: 51
calculating all possible bipartitions ...
Number of Clusters After Adding All possible clusters: 1023
partitions formed in 0.038 secs
Dynamic Programming starting after 0.038 secs
Using tree-based weight calculation.
Using polytree-based weight calculation.
Polytree max score: 173
Polytree building time: 0.003 seconds.
Number of quartet trees in the gene trees: 173
Size of largest cluster: 10
Greedy score: 166
estimationFactor: 1.0421686746987953
Sub-optimal score: 166
Total Number of elements weighted: 1935
Normalized score (portion of input quartet trees satisfied before correcting for multiple individuals): 0.9595375722543352
Optimization score: 166
Optimal tree inferred in 0.089 secs.
(t6,(t4,(t10,(t7,(t3,(t2,(t1,(t9,(t5,t8)))))))));
Final quartet score is: 166
Final normalized quartet score is: 0.9595375722543352
You may want to ignore posterior probabilities and other statistics related to the following branch branch because the effective number of genes impacting it is only 9:
	{t5, t8}
You may want to ignore posterior probabilities and other statistics related to the following branch branch because the effective number of genes impacting it is only 10:
	{t5, t8, t9}
You may want to ignore posterior probabilities and other statistics related to the following branch branch because the effective number of genes impacting it is only 5:
	{t1, t5, t8, t9}
You may want to ignore posterior probabilities and other statistics related to the following branch branch because the effective number of genes impacting it is only 4:
	{t2, t1, t5, t8, t9}
You may want to ignore posterior probabilities and other statistics related to the following branch branch because the effective number of genes impacting it is only 0:
	{t2, t3, t1, t5, t8, t9}
You may want to ignore posterior probabilities and other statistics related to the following branch branch because the effective number of genes impacting it is only 5:
	{t2, t3, t7, t1, t5, t8, t9}
You may want to ignore posterior probabilities and other statistics related to the following branch branch because the effective number of genes impacting it is only 4:
	{t2, t3, t7, t10, t1, t5, t8, t9}
Extended species tree:
(t4,((t10,(t7,(t3,(t2,(t1,(t9,(t5,t8)0.99:0.7985076962177715)1:1.9924301646902058)0.67:0.2876820724517809)0.84:0.5108256237659905)0.33:0.0)0.99:1.3862943611198908)0.98:1.2039728043259361,t6));
Weight calculation took 0.022165277 secs
ASTRAL finished in 0.126 secs
