
================== ASTRAL ===================== 

This is ASTRAL version 5.7.8
Gene trees are treated as unrooted
235 trees read from quartet_temp.txt
index0
All output trees will be *arbitrarily* rooted at t2

======== Running the main analysis
Number of taxa: 10 (10 species)
Taxa: [t2, t8, t1, t5, t10, t9, t7, t4, t3, t6]
Taxon occupancy: {t4=119, t5=38, t10=167, t6=100, t7=97, t8=124, t9=154, t1=35, t2=60, t3=46}
Number of gene trees: 235
235 trees have missing taxa
Calculating quartet distance matrix (for completion of X)
Species tree distances calculated ...
Will attempt to complete bipartitions from X before adding using a distance matrix.
Building set of clusters (X) from gene trees 
------------------------------
gradient0: 81
Number of Clusters after addition by distance: 81
calculating extra bipartitions to be added at level 1 ...
Adding to X using resolutions of greedy consensus ...
Limit for sigma of degrees:300
polytomy size limit : 3
discarded polytomies:  [3]
Threshold 0.0:
Threshold 0.01:
Threshold 0.02:
Threshold 0.05:
Threshold 0.1:
Threshold 0.2:
Threshold 0.3333333333333333:
polytomy of size 3; rounds with additions with at least 5 support: 0; clusters: 81
max k is :0
Number of Clusters after addition by greedy: 81
gradient0 in heuristiic: 81
calculating all possible bipartitions ...
Number of Clusters After Adding All possible clusters: 1023
partitions formed in 0.055 secs
Dynamic Programming starting after 0.055 secs
Using tree-based weight calculation.
Using polytree-based weight calculation.
Polytree max score: 235
Polytree building time: 0.004 seconds.
Number of quartet trees in the gene trees: 235
Size of largest cluster: 10
Greedy score: 233
estimationFactor: 1.0085836909871244
Sub-optimal score: 233
Total Number of elements weighted: 1031
Normalized score (portion of input quartet trees satisfied before correcting for multiple individuals): 0.9914893617021276
Optimization score: 233
Optimal tree inferred in 0.097 secs.
(t8,(t4,((t2,t6),(t1,(t3,(t5,(t7,(t10,t9))))))));
Final quartet score is: 233
Final normalized quartet score is: 0.9914893617021276
You may want to ignore posterior probabilities and other statistics related to the following branch branch because the effective number of genes impacting it is only 11:
	{t10, t9}
You may want to ignore posterior probabilities and other statistics related to the following branch branch because the effective number of genes impacting it is only 6:
	{t10, t9, t7}
You may want to ignore posterior probabilities and other statistics related to the following branch branch because the effective number of genes impacting it is only 0:
	{t5, t10, t9, t7}
You may want to ignore posterior probabilities and other statistics related to the following branch branch because the effective number of genes impacting it is only 6:
	{t5, t10, t9, t7, t3}
You may want to ignore posterior probabilities and other statistics related to the following branch branch because the effective number of genes impacting it is only 1:
	{t1, t5, t10, t9, t7, t3}
You may want to ignore posterior probabilities and other statistics related to the following branch branch because the effective number of genes impacting it is only 4:
	{t8, t4}
You may want to ignore posterior probabilities and other statistics related to the following branch branch because the effective number of genes impacting it is only 3:
	{t8, t1, t5, t10, t9, t7, t4, t3}
Extended species tree:
(t2,(t6,((t1,(t3,(t5,(t7,(t10,t9)1:2.0794415416798353)0.97:0.8472978603872037)0.33:0.0)1:1.5404450409471486)0.67:0.2876820724517809,(t4,t8)0.84:0.5108256237659905)0.95:0.9808292530117262));
Weight calculation took 0.015991802 secs
ASTRAL finished in 0.134 secs
