
================== ASTRAL ===================== 

This is ASTRAL version 5.7.8
Gene trees are treated as unrooted
1426 trees read from quartet_temp.txt
index0
All output trees will be *arbitrarily* rooted at t10

======== Running the main analysis
Number of taxa: 10 (10 species)
Taxa: [t10, t2, t1, t3, t9, t4, t5, t8, t6, t7]
Taxon occupancy: {t4=184, t5=309, t10=618, t6=719, t7=701, t8=604, t9=694, t1=512, t2=635, t3=728}
Number of gene trees: 1426
1426 trees have missing taxa
Calculating quartet distance matrix (for completion of X)
Species tree distances calculated ...
Will attempt to complete bipartitions from X before adding using a distance matrix.
Building set of clusters (X) from gene trees 
------------------------------
gradient0: 53
Number of Clusters after addition by distance: 53
calculating extra bipartitions to be added at level 1 ...
Adding to X using resolutions of greedy consensus ...
Limit for sigma of degrees:300
polytomy size limit : 3
discarded polytomies:  []
Threshold 0.0:
Threshold 0.01:
Threshold 0.02:
Threshold 0.05:
Threshold 0.1:
Threshold 0.2:
Threshold 0.3333333333333333:
max k is :0
Number of Clusters after addition by greedy: 53
gradient0 in heuristiic: 53
calculating all possible bipartitions ...
Number of Clusters After Adding All possible clusters: 1023
partitions formed in 0.109 secs
Dynamic Programming starting after 0.109 secs
Using tree-based weight calculation.
Using polytree-based weight calculation.
Polytree max score: 1426
Polytree building time: 0.008 seconds.
Number of quartet trees in the gene trees: 1426
Size of largest cluster: 10
Greedy score: 1401
estimationFactor: 1.0178443968593862
Sub-optimal score: 1411
Total Number of elements weighted: 1068
Normalized score (portion of input quartet trees satisfied before correcting for multiple individuals): 0.9894810659186536
Optimization score: 1411
Optimal tree inferred in 0.188 secs.
(t2,(t10,((t6,t7),((t4,t5),(t1,(t8,(t3,t9)))))));
Final quartet score is: 1411
Final normalized quartet score is: 0.9894810659186536
You may want to ignore posterior probabilities and other statistics related to the following branch branch because the effective number of genes impacting it is only 18:
	{t6, t7}
You may want to ignore posterior probabilities and other statistics related to the following branch branch because the effective number of genes impacting it is only 10:
	{t4, t5}
You may want to ignore posterior probabilities and other statistics related to the following branch branch because the effective number of genes impacting it is only 12:
	{t3, t9, t8}
You may want to ignore posterior probabilities and other statistics related to the following branch branch because the effective number of genes impacting it is only 18:
	{t1, t3, t9, t4, t5, t8}
Extended species tree:
(t10,(((t6,t7)1:2.538973871058275,((t4,t5)1:1.9924301646902058,(t1,(t8,(t3,t9)1:2.961830721878311)1:1.0608719606852628)1:0.962810747509048)1:2.538973871058275)1:3.6375861597263826,t2));
Weight calculation took 0.044349106 secs
ASTRAL finished in 0.253 secs
