
================== ASTRAL ===================== 

This is ASTRAL version 5.7.8
Gene trees are treated as unrooted
163 trees read from quartet_temp.txt
index0
All output trees will be *arbitrarily* rooted at t7

======== Running the main analysis
Number of taxa: 10 (10 species)
Taxa: [t7, t8, t1, t3, t6, t9, t10, t2, t4, t5]
Taxon occupancy: {t4=57, t5=31, t6=57, t10=64, t7=81, t8=84, t9=38, t1=79, t2=57, t3=104}
Number of gene trees: 163
163 trees have missing taxa
Calculating quartet distance matrix (for completion of X)
Species tree distances calculated ...
Will attempt to complete bipartitions from X before adding using a distance matrix.
Building set of clusters (X) from gene trees 
------------------------------
gradient0: 55
Number of Clusters after addition by distance: 55
calculating extra bipartitions to be added at level 1 ...
Adding to X using resolutions of greedy consensus ...
Limit for sigma of degrees:300
polytomy size limit : 3
discarded polytomies:  []
Threshold 0.0:
Threshold 0.01:
Threshold 0.02:
Threshold 0.05:
Threshold 0.1:
Threshold 0.2:
Threshold 0.3333333333333333:
max k is :0
Number of Clusters after addition by greedy: 55
gradient0 in heuristiic: 55
calculating all possible bipartitions ...
Number of Clusters After Adding All possible clusters: 1023
partitions formed in 0.039 secs
Dynamic Programming starting after 0.039 secs
Using tree-based weight calculation.
Using polytree-based weight calculation.
Polytree max score: 163
Polytree building time: 0.003 seconds.
Number of quartet trees in the gene trees: 163
Size of largest cluster: 10
Greedy score: 163
estimationFactor: 1.0
Sub-optimal score: 163
Total Number of elements weighted: 1064
Normalized score (portion of input quartet trees satisfied before correcting for multiple individuals): 1.0
Optimization score: 163
Optimal tree inferred in 0.08 secs.
(t8,(t7,(t2,(t4,(t6,(t5,(t9,(t10,(t1,t3)))))))));
Final quartet score is: 163
Final normalized quartet score is: 1.0
You may want to ignore posterior probabilities and other statistics related to the following branch branch because the effective number of genes impacting it is only 9:
	{t1, t3}
You may want to ignore posterior probabilities and other statistics related to the following branch branch because the effective number of genes impacting it is only 0:
	{t1, t3, t10}
You may want to ignore posterior probabilities and other statistics related to the following branch branch because the effective number of genes impacting it is only 1:
	{t1, t3, t9, t10}
You may want to ignore posterior probabilities and other statistics related to the following branch branch because the effective number of genes impacting it is only 0:
	{t1, t3, t9, t10, t5}
You may want to ignore posterior probabilities and other statistics related to the following branch branch because the effective number of genes impacting it is only 0:
	{t1, t3, t6, t9, t10, t5}
You may want to ignore posterior probabilities and other statistics related to the following branch branch because the effective number of genes impacting it is only 0:
	{t1, t3, t6, t9, t10, t4, t5}
You may want to ignore posterior probabilities and other statistics related to the following branch branch because the effective number of genes impacting it is only 18:
	{t1, t3, t6, t9, t10, t2, t4, t5}
Extended species tree:
(t7,((t2,(t4,(t6,(t5,(t9,(t10,(t1,t3)1:1.8971199848858815)0.33:0.0)0.67:0.2876820724517809)0.33:0.0)0.33:0.0)0.33:0.0)1:2.538973871058275,t8));
Weight calculation took 0.014349673 secs
ASTRAL finished in 0.113 secs
