
================== ASTRAL ===================== 

This is ASTRAL version 5.7.8
Gene trees are treated as unrooted
209 trees read from quartet_temp.txt
index0
All output trees will be *arbitrarily* rooted at t10

======== Running the main analysis
Number of taxa: 10 (10 species)
Taxa: [t10, t6, t1, t2, t3, t4, t5, t7, t8, t9]
Taxon occupancy: {t4=110, t5=97, t10=78, t6=98, t7=37, t8=58, t9=35, t1=126, t2=140, t3=57}
Number of gene trees: 209
209 trees have missing taxa
Calculating quartet distance matrix (for completion of X)
Species tree distances calculated ...
Will attempt to complete bipartitions from X before adding using a distance matrix.
Building set of clusters (X) from gene trees 
------------------------------
gradient0: 55
Number of Clusters after addition by distance: 55
calculating extra bipartitions to be added at level 1 ...
Adding to X using resolutions of greedy consensus ...
Limit for sigma of degrees:300
polytomy size limit : 3
discarded polytomies:  []
Threshold 0.0:
Threshold 0.01:
Threshold 0.02:
Threshold 0.05:
Threshold 0.1:
Threshold 0.2:
Threshold 0.3333333333333333:
max k is :0
Number of Clusters after addition by greedy: 55
gradient0 in heuristiic: 55
calculating all possible bipartitions ...
Number of Clusters After Adding All possible clusters: 1023
partitions formed in 0.04 secs
Dynamic Programming starting after 0.04 secs
Using tree-based weight calculation.
Using polytree-based weight calculation.
Polytree max score: 209
Polytree building time: 0.003 seconds.
Number of quartet trees in the gene trees: 209
Size of largest cluster: 10
Greedy score: 196
estimationFactor: 1.066326530612245
Sub-optimal score: 200
Total Number of elements weighted: 1511
Normalized score (portion of input quartet trees satisfied before correcting for multiple individuals): 0.9569377990430622
Optimization score: 200
Optimal tree inferred in 0.089 secs.
(t6,(t10,(t4,(t3,(t7,((t1,t2),(t8,(t5,t9))))))));
Final quartet score is: 200
Final normalized quartet score is: 0.9569377990430622
You may want to ignore posterior probabilities and other statistics related to the following branch branch because the effective number of genes impacting it is only 8:
	{t1, t2}
You may want to ignore posterior probabilities and other statistics related to the following branch branch because the effective number of genes impacting it is only 0:
	{t5, t9}
You may want to ignore posterior probabilities and other statistics related to the following branch branch because the effective number of genes impacting it is only 14:
	{t5, t8, t9}
You may want to ignore posterior probabilities and other statistics related to the following branch branch because the effective number of genes impacting it is only 4:
	{t1, t2, t5, t8, t9}
You may want to ignore posterior probabilities and other statistics related to the following branch branch because the effective number of genes impacting it is only 4:
	{t1, t2, t5, t7, t8, t9}
You may want to ignore posterior probabilities and other statistics related to the following branch branch because the effective number of genes impacting it is only 6:
	{t1, t2, t3, t5, t7, t8, t9}
You may want to ignore posterior probabilities and other statistics related to the following branch branch because the effective number of genes impacting it is only 5:
	{t1, t2, t3, t4, t5, t7, t8, t9}
Extended species tree:
(t10,((t4,(t3,(t7,((t1,t2)1:1.7917594692280545,(t8,(t5,t9)0.33:0.0)0.81:0.35667494393873245)0.98:1.2039728043259361)0.98:1.2039728043259361)0.97:0.8472978603872037)0.93:0.6931471805599453,t6));
Weight calculation took 0.021309954 secs
ASTRAL finished in 0.124 secs
