
================== ASTRAL ===================== 

This is ASTRAL version 5.7.8
Gene trees are treated as unrooted
454 trees read from quartet_temp.txt
index0
All output trees will be *arbitrarily* rooted at t7

======== Running the main analysis
Number of taxa: 10 (10 species)
Taxa: [t7, t9, t5, t8, t10, t2, t3, t1, t4, t6]
Taxon occupancy: {t4=276, t5=232, t10=150, t6=146, t7=170, t8=240, t9=172, t1=109, t2=194, t3=127}
Number of gene trees: 454
454 trees have missing taxa
Calculating quartet distance matrix (for completion of X)
Species tree distances calculated ...
Will attempt to complete bipartitions from X before adding using a distance matrix.
Building set of clusters (X) from gene trees 
------------------------------
gradient0: 63
Number of Clusters after addition by distance: 63
calculating extra bipartitions to be added at level 1 ...
Adding to X using resolutions of greedy consensus ...
Limit for sigma of degrees:300
polytomy size limit : 3
discarded polytomies:  []
Threshold 0.0:
Threshold 0.01:
Threshold 0.02:
Threshold 0.05:
Threshold 0.1:
Threshold 0.2:
Threshold 0.3333333333333333:
max k is :0
Number of Clusters after addition by greedy: 63
gradient0 in heuristiic: 63
calculating all possible bipartitions ...
Number of Clusters After Adding All possible clusters: 1023
partitions formed in 0.056 secs
Dynamic Programming starting after 0.056 secs
Using tree-based weight calculation.
Using polytree-based weight calculation.
Polytree max score: 454
Polytree building time: 0.005 seconds.
Number of quartet trees in the gene trees: 454
Size of largest cluster: 10
Greedy score: 423
estimationFactor: 1.0732860520094563
Sub-optimal score: 429
Total Number of elements weighted: 2103
Normalized score (portion of input quartet trees satisfied before correcting for multiple individuals): 0.9493392070484582
Optimization score: 431
Optimal tree inferred in 0.139 secs.
(t9,(t8,((t7,t10),((t5,t4),(t6,(t2,(t3,t1)))))));
Final quartet score is: 431
Final normalized quartet score is: 0.9493392070484582
You may want to ignore posterior probabilities and other statistics related to the following branch branch because the effective number of genes impacting it is only 13:
	{t5, t4}
You may want to ignore posterior probabilities and other statistics related to the following branch branch because the effective number of genes impacting it is only 9:
	{t3, t1}
You may want to ignore posterior probabilities and other statistics related to the following branch branch because the effective number of genes impacting it is only 11:
	{t2, t3, t1}
You may want to ignore posterior probabilities and other statistics related to the following branch branch because the effective number of genes impacting it is only 8:
	{t2, t3, t1, t6}
You may want to ignore posterior probabilities and other statistics related to the following branch branch because the effective number of genes impacting it is only 9:
	{t9, t8}
You may want to ignore posterior probabilities and other statistics related to the following branch branch because the effective number of genes impacting it is only 9:
	{t9, t5, t8, t2, t3, t1, t4, t6}
Extended species tree:
(t7,(t10,(((t5,t4)0.67:0.2876820724517809,(t6,(t2,(t3,t1)0.67:0.2876820724517809)1:0.9808292530117262)0.86:0.40546510810816444)1:3.814042597067946,(t8,t9)0.99:0.7985076962177715)0.67:0.2876820724517809));
Weight calculation took 0.052823726 secs
ASTRAL finished in 0.184 secs
