
================== ASTRAL ===================== 

This is ASTRAL version 5.7.8
Gene trees are treated as unrooted
464 trees read from quartet_temp.txt
index0
All output trees will be *arbitrarily* rooted at t4

======== Running the main analysis
Number of taxa: 10 (10 species)
Taxa: [t4, t5, t1, t2, t10, t9, t7, t8, t3, t6]
Taxon occupancy: {t4=238, t5=105, t10=173, t6=141, t7=84, t8=130, t9=201, t1=345, t2=349, t3=90}
Number of gene trees: 464
464 trees have missing taxa
Calculating quartet distance matrix (for completion of X)
Species tree distances calculated ...
Will attempt to complete bipartitions from X before adding using a distance matrix.
Building set of clusters (X) from gene trees 
------------------------------
gradient0: 67
Number of Clusters after addition by distance: 67
calculating extra bipartitions to be added at level 1 ...
Adding to X using resolutions of greedy consensus ...
Limit for sigma of degrees:300
polytomy size limit : 3
discarded polytomies:  []
Threshold 0.0:
Threshold 0.01:
Threshold 0.02:
Threshold 0.05:
Threshold 0.1:
Threshold 0.2:
Threshold 0.3333333333333333:
max k is :0
Number of Clusters after addition by greedy: 67
gradient0 in heuristiic: 67
calculating all possible bipartitions ...
Number of Clusters After Adding All possible clusters: 1023
partitions formed in 0.057 secs
Dynamic Programming starting after 0.057 secs
Using tree-based weight calculation.
Using polytree-based weight calculation.
Polytree max score: 464
Polytree building time: 0.005 seconds.
Number of quartet trees in the gene trees: 464
Size of largest cluster: 10
Greedy score: 457
estimationFactor: 1.0153172866520788
Sub-optimal score: 457
Total Number of elements weighted: 1355
Normalized score (portion of input quartet trees satisfied before correcting for multiple individuals): 0.9849137931034483
Optimization score: 457
Optimal tree inferred in 0.116 secs.
(t5,(t4,((t10,(t9,t6)),((t7,t8),(t3,(t1,t2))))));
Final quartet score is: 457
Final normalized quartet score is: 0.9849137931034483
You may want to ignore posterior probabilities and other statistics related to the following branch branch because the effective number of genes impacting it is only 5:
	{t9, t6}
You may want to ignore posterior probabilities and other statistics related to the following branch branch because the effective number of genes impacting it is only 11:
	{t10, t9, t6}
You may want to ignore posterior probabilities and other statistics related to the following branch branch because the effective number of genes impacting it is only 5:
	{t7, t8}
You may want to ignore posterior probabilities and other statistics related to the following branch branch because the effective number of genes impacting it is only 3:
	{t1, t2, t3}
You may want to ignore posterior probabilities and other statistics related to the following branch branch because the effective number of genes impacting it is only 18:
	{t1, t2, t7, t8, t3}
You may want to ignore posterior probabilities and other statistics related to the following branch branch because the effective number of genes impacting it is only 3:
	{t1, t2, t10, t9, t7, t8, t3, t6}
Extended species tree:
(t4,(((t10,(t9,t6)0.67:0.2876820724517809)1:0.9808292530117262,((t7,t8)0.99:1.3862943611198908,(t3,(t1,t2)1:3.0285220963769826)0.95:0.9808292530117262)1:2.538973871058275)0.67:0.2876820724517809,t5));
Weight calculation took 0.027169078 secs
ASTRAL finished in 0.161 secs
