
================== ASTRAL ===================== 

This is ASTRAL version 5.7.8
Gene trees are treated as unrooted
120 trees read from quartet_temp.txt
index0
All output trees will be *arbitrarily* rooted at t3

======== Running the main analysis
Number of taxa: 10 (10 species)
Taxa: [t3, t6, t1, t10, t8, t9, t4, t2, t5, t7]
Taxon occupancy: {t4=68, t5=32, t6=44, t10=36, t7=59, t8=57, t9=49, t1=34, t2=43, t3=58}
Number of gene trees: 120
120 trees have missing taxa
Calculating quartet distance matrix (for completion of X)
Species tree distances calculated ...
Will attempt to complete bipartitions from X before adding using a distance matrix.
Building set of clusters (X) from gene trees 
------------------------------
gradient0: 41
Number of Clusters after addition by distance: 41
calculating extra bipartitions to be added at level 1 ...
Adding to X using resolutions of greedy consensus ...
Limit for sigma of degrees:300
polytomy size limit : 3
discarded polytomies:  []
Threshold 0.0:
Threshold 0.01:
Threshold 0.02:
Threshold 0.05:
Threshold 0.1:
Threshold 0.2:
Threshold 0.3333333333333333:
max k is :0
Number of Clusters after addition by greedy: 41
gradient0 in heuristiic: 41
calculating all possible bipartitions ...
Number of Clusters After Adding All possible clusters: 1023
partitions formed in 0.032 secs
Dynamic Programming starting after 0.032 secs
Using tree-based weight calculation.
Using polytree-based weight calculation.
Polytree max score: 120
Polytree building time: 0.002 seconds.
Number of quartet trees in the gene trees: 120
Size of largest cluster: 10
Greedy score: 117
estimationFactor: 1.0256410256410255
Sub-optimal score: 117
Total Number of elements weighted: 974
Normalized score (portion of input quartet trees satisfied before correcting for multiple individuals): 0.9833333333333333
Optimization score: 118
Optimal tree inferred in 0.067 secs.
(t6,(t7,((t8,(t1,t10)),(t5,((t9,t2),(t3,t4))))));
Final quartet score is: 118
Final normalized quartet score is: 0.9833333333333333
You may want to ignore posterior probabilities and other statistics related to the following branch branch because the effective number of genes impacting it is only 7:
	{t9, t2}
You may want to ignore posterior probabilities and other statistics related to the following branch branch because the effective number of genes impacting it is only 4:
	{t1, t10}
You may want to ignore posterior probabilities and other statistics related to the following branch branch because the effective number of genes impacting it is only 5:
	{t1, t10, t8}
You may want to ignore posterior probabilities and other statistics related to the following branch branch because the effective number of genes impacting it is only 1:
	{t6, t7}
You may want to ignore posterior probabilities and other statistics related to the following branch branch because the effective number of genes impacting it is only 15:
	{t6, t1, t10, t8, t7}
You may want to ignore posterior probabilities and other statistics related to the following branch branch because the effective number of genes impacting it is only 0:
	{t6, t1, t10, t8, t5, t7}
You may want to ignore posterior probabilities and other statistics related to the following branch branch because the effective number of genes impacting it is only 4:
	{t6, t1, t10, t8, t9, t2, t5, t7}
Extended species tree:
(t3,(t4,((t9,t2)1:1.6739764335716716,(t5,((t8,(t1,t10)0.98:1.2039728043259361)0.99:1.3862943611198908,(t7,t6)0.67:0.2876820724517809)1:2.367123614131617)0.33:0.0)0.98:1.2039728043259361));
Weight calculation took 0.012443042 secs
ASTRAL finished in 0.098 secs
