
================== ASTRAL ===================== 

This is ASTRAL version 5.7.8
Gene trees are treated as unrooted
86 trees read from quartet_temp.txt
index0
All output trees will be *arbitrarily* rooted at t3

======== Running the main analysis
Number of taxa: 10 (10 species)
Taxa: [t3, t4, t2, t8, t1, t10, t6, t9, t5, t7]
Taxon occupancy: {t4=51, t5=25, t10=33, t6=33, t7=11, t8=30, t9=33, t1=32, t2=31, t3=65}
Number of gene trees: 86
86 trees have missing taxa
Calculating quartet distance matrix (for completion of X)
Species tree distances calculated ...
Will attempt to complete bipartitions from X before adding using a distance matrix.
Building set of clusters (X) from gene trees 
------------------------------
gradient0: 53
Number of Clusters after addition by distance: 53
calculating extra bipartitions to be added at level 1 ...
Adding to X using resolutions of greedy consensus ...
Limit for sigma of degrees:300
polytomy size limit : 3
discarded polytomies:  []
Threshold 0.0:
Threshold 0.01:
Threshold 0.02:
Threshold 0.05:
Threshold 0.1:
Threshold 0.2:
Threshold 0.3333333333333333:
max k is :0
Number of Clusters after addition by greedy: 53
gradient0 in heuristiic: 53
calculating all possible bipartitions ...
Number of Clusters After Adding All possible clusters: 1023
partitions formed in 0.03 secs
Dynamic Programming starting after 0.03 secs
Using tree-based weight calculation.
Using polytree-based weight calculation.
Polytree max score: 86
Polytree building time: 0.005 seconds.
Number of quartet trees in the gene trees: 86
Size of largest cluster: 10
Greedy score: 86
estimationFactor: 1.0
Sub-optimal score: 86
Total Number of elements weighted: 1044
Normalized score (portion of input quartet trees satisfied before correcting for multiple individuals): 1.0
Optimization score: 86
Optimal tree inferred in 0.067 secs.
(t4,(t3,(t2,(t10,((t1,(t6,t9)),(t5,(t8,t7)))))));
Final quartet score is: 86
Final normalized quartet score is: 1.0
You may want to ignore posterior probabilities and other statistics related to the following branch branch because the effective number of genes impacting it is only 1:
	{t6, t9}
You may want to ignore posterior probabilities and other statistics related to the following branch branch because the effective number of genes impacting it is only 1:
	{t1, t6, t9}
You may want to ignore posterior probabilities and other statistics related to the following branch branch because the effective number of genes impacting it is only 0:
	{t8, t7}
You may want to ignore posterior probabilities and other statistics related to the following branch branch because the effective number of genes impacting it is only 8:
	{t8, t5, t7}
You may want to ignore posterior probabilities and other statistics related to the following branch branch because the effective number of genes impacting it is only 0:
	{t8, t1, t6, t9, t5, t7}
You may want to ignore posterior probabilities and other statistics related to the following branch branch because the effective number of genes impacting it is only 4:
	{t8, t1, t10, t6, t9, t5, t7}
You may want to ignore posterior probabilities and other statistics related to the following branch branch because the effective number of genes impacting it is only 10:
	{t2, t8, t1, t10, t6, t9, t5, t7}
Extended species tree:
(t3,((t2,(t10,((t1,(t6,t9)0.67:0.2876820724517809)0.67:0.2876820724517809,(t5,(t8,t7)0.33:0.0)1:1.7917594692280545)0.33:0.0)0.98:1.2039728043259361)1:1.9924301646902058,t4));
Weight calculation took 0.009872839 secs
ASTRAL finished in 0.095 secs
