
================== ASTRAL ===================== 

This is ASTRAL version 5.7.8
Gene trees are treated as unrooted
678 trees read from quartet_temp.txt
index0
All output trees will be *arbitrarily* rooted at t2

======== Running the main analysis
Number of taxa: 10 (10 species)
Taxa: [t2, t6, t1, t9, t10, t8, t3, t4, t5, t7]
Taxon occupancy: {t4=369, t5=307, t6=277, t10=244, t7=302, t8=316, t9=207, t1=124, t2=154, t3=412}
Number of gene trees: 678
678 trees have missing taxa
Calculating quartet distance matrix (for completion of X)
Species tree distances calculated ...
Will attempt to complete bipartitions from X before adding using a distance matrix.
Building set of clusters (X) from gene trees 
------------------------------
gradient0: 49
Number of Clusters after addition by distance: 49
calculating extra bipartitions to be added at level 1 ...
Adding to X using resolutions of greedy consensus ...
Limit for sigma of degrees:300
polytomy size limit : 3
discarded polytomies:  [3]
Threshold 0.0:
Threshold 0.01:
Threshold 0.02:
Threshold 0.05:
Threshold 0.1:
Threshold 0.2:
Threshold 0.3333333333333333:
polytomy of size 3; rounds with additions with at least 5 support: 0; clusters: 49
max k is :0
Number of Clusters after addition by greedy: 49
gradient0 in heuristiic: 49
calculating all possible bipartitions ...
Number of Clusters After Adding All possible clusters: 1023
partitions formed in 0.089 secs
Dynamic Programming starting after 0.089 secs
Using tree-based weight calculation.
Using polytree-based weight calculation.
Polytree max score: 678
Polytree building time: 0.006 seconds.
Number of quartet trees in the gene trees: 678
Size of largest cluster: 10
Greedy score: 673
estimationFactor: 1.0074294205052006
Sub-optimal score: 673
Total Number of elements weighted: 995
Normalized score (portion of input quartet trees satisfied before correcting for multiple individuals): 0.9926253687315634
Optimization score: 673
Optimal tree inferred in 0.155 secs.
(t6,(t9,((t2,t7),(t1,((t10,t8),(t5,(t3,t4)))))));
Final quartet score is: 673
Final normalized quartet score is: 0.9926253687315634
You may want to ignore posterior probabilities and other statistics related to the following branch branch because the effective number of genes impacting it is only 8:
	{t3, t4}
You may want to ignore posterior probabilities and other statistics related to the following branch branch because the effective number of genes impacting it is only 0:
	{t10, t8, t3, t4, t5}
You may want to ignore posterior probabilities and other statistics related to the following branch branch because the effective number of genes impacting it is only 4:
	{t6, t9}
You may want to ignore posterior probabilities and other statistics related to the following branch branch because the effective number of genes impacting it is only 10:
	{t6, t1, t9, t10, t8, t3, t4, t5}
Extended species tree:
(t2,(t7,((t1,((t10,t8)1:3.120895416507997,(t5,(t3,t4)1:1.7917594692280545)1:4.267363726353742)0.33:0.0)1:1.0296194171811581,(t9,t6)0.84:0.5108256237659905)1:1.9924301646902058));
Weight calculation took 0.033796011 secs
ASTRAL finished in 0.205 secs
