
================== ASTRAL ===================== 

This is ASTRAL version 5.7.8
Gene trees are treated as unrooted
65 trees read from quartet_temp.txt
index0
All output trees will be *arbitrarily* rooted at t10

======== Running the main analysis
Number of taxa: 10 (10 species)
Taxa: [t10, t9, t1, t7, t6, t3, t8, t5, t2, t4]
Taxon occupancy: {t4=31, t5=36, t10=20, t6=11, t7=27, t8=30, t9=27, t1=16, t2=31, t3=31}
Number of gene trees: 65
65 trees have missing taxa
Calculating quartet distance matrix (for completion of X)
Species tree distances calculated ...
Will attempt to complete bipartitions from X before adding using a distance matrix.
Building set of clusters (X) from gene trees 
------------------------------
gradient0: 63
Number of Clusters after addition by distance: 63
calculating extra bipartitions to be added at level 1 ...
Adding to X using resolutions of greedy consensus ...
Limit for sigma of degrees:300
polytomy size limit : 3
discarded polytomies:  []
Threshold 0.0:
Threshold 0.01:
Threshold 0.02:
Threshold 0.05:
Threshold 0.1:
Threshold 0.2:
Threshold 0.3333333333333333:
max k is :0
Number of Clusters after addition by greedy: 63
gradient0 in heuristiic: 63
calculating all possible bipartitions ...
Number of Clusters After Adding All possible clusters: 1023
partitions formed in 0.028 secs
Dynamic Programming starting after 0.028 secs
Using tree-based weight calculation.
Using polytree-based weight calculation.
Polytree max score: 65
Polytree building time: 0.002 seconds.
Number of quartet trees in the gene trees: 65
Size of largest cluster: 10
Greedy score: 56
estimationFactor: 1.1607142857142858
Sub-optimal score: 60
Total Number of elements weighted: 2233
Normalized score (portion of input quartet trees satisfied before correcting for multiple individuals): 0.9230769230769231
Optimization score: 60
Optimal tree inferred in 0.069 secs.
(t9,(t8,((t5,t4),(t3,(t6,(t2,(t10,(t1,t7))))))));
Final quartet score is: 60
Final normalized quartet score is: 0.9230769230769231
You may want to ignore posterior probabilities and other statistics related to the following branch branch because the effective number of genes impacting it is only 1:
	{t1, t7}
You may want to ignore posterior probabilities and other statistics related to the following branch branch because the effective number of genes impacting it is only 4:
	{t5, t4}
You may want to ignore posterior probabilities and other statistics related to the following branch branch because the effective number of genes impacting it is only 2:
	{t9, t8}
You may want to ignore posterior probabilities and other statistics related to the following branch branch because the effective number of genes impacting it is only 10:
	{t9, t8, t5, t4}
You may want to ignore posterior probabilities and other statistics related to the following branch branch because the effective number of genes impacting it is only 3:
	{t9, t3, t8, t5, t4}
You may want to ignore posterior probabilities and other statistics related to the following branch branch because the effective number of genes impacting it is only 1:
	{t9, t6, t3, t8, t5, t4}
You may want to ignore posterior probabilities and other statistics related to the following branch branch because the effective number of genes impacting it is only 4:
	{t9, t6, t3, t8, t5, t2, t4}
Extended species tree:
(t10,((t1,t7)0.67:0.2876820724517809,(t2,(t6,(t3,((t5,t4)0.98:1.2039728043259361,(t8,t9)0.87:0.6931471805599453)0.82:0.38299225225610567)0.67:0.2876820724517809)0.67:0.2876820724517809)0.98:1.2039728043259361));
Weight calculation took 0.013090869 secs
ASTRAL finished in 0.093 secs
