
================== ASTRAL ===================== 

This is ASTRAL version 5.7.8
Gene trees are treated as unrooted
250 trees read from quartet_temp.txt
index0
All output trees will be *arbitrarily* rooted at t5

======== Running the main analysis
Number of taxa: 10 (10 species)
Taxa: [t5, t6, t1, t2, t3, t4, t9, t10, t7, t8]
Taxon occupancy: {t4=106, t5=127, t6=75, t10=102, t7=78, t8=81, t9=55, t1=104, t2=146, t3=126}
Number of gene trees: 250
250 trees have missing taxa
Calculating quartet distance matrix (for completion of X)
Species tree distances calculated ...
Will attempt to complete bipartitions from X before adding using a distance matrix.
Building set of clusters (X) from gene trees 
------------------------------
gradient0: 59
Number of Clusters after addition by distance: 59
calculating extra bipartitions to be added at level 1 ...
Adding to X using resolutions of greedy consensus ...
Limit for sigma of degrees:300
polytomy size limit : 3
discarded polytomies:  []
Threshold 0.0:
Threshold 0.01:
Threshold 0.02:
Threshold 0.05:
Threshold 0.1:
Threshold 0.2:
Threshold 0.3333333333333333:
max k is :0
Number of Clusters after addition by greedy: 59
gradient0 in heuristiic: 59
calculating all possible bipartitions ...
Number of Clusters After Adding All possible clusters: 1023
partitions formed in 0.044 secs
Dynamic Programming starting after 0.044 secs
Using tree-based weight calculation.
Using polytree-based weight calculation.
Polytree max score: 250
Polytree building time: 0.004 seconds.
Number of quartet trees in the gene trees: 250
Size of largest cluster: 10
Greedy score: 246
estimationFactor: 1.016260162601626
Sub-optimal score: 246
Total Number of elements weighted: 1185
Normalized score (portion of input quartet trees satisfied before correcting for multiple individuals): 0.984
Optimization score: 246
Optimal tree inferred in 0.096 secs.
(t6,(t5,(t2,(t1,(t4,(t9,((t3,t10),(t7,t8))))))));
Final quartet score is: 246
Final normalized quartet score is: 0.984
You may want to ignore posterior probabilities and other statistics related to the following branch branch because the effective number of genes impacting it is only 4:
	{t3, t10}
You may want to ignore posterior probabilities and other statistics related to the following branch branch because the effective number of genes impacting it is only 2:
	{t7, t8}
You may want to ignore posterior probabilities and other statistics related to the following branch branch because the effective number of genes impacting it is only 0:
	{t3, t10, t7, t8}
You may want to ignore posterior probabilities and other statistics related to the following branch branch because the effective number of genes impacting it is only 16:
	{t3, t9, t10, t7, t8}
You may want to ignore posterior probabilities and other statistics related to the following branch branch because the effective number of genes impacting it is only 1:
	{t3, t4, t9, t10, t7, t8}
You may want to ignore posterior probabilities and other statistics related to the following branch branch because the effective number of genes impacting it is only 7:
	{t1, t3, t4, t9, t10, t7, t8}
Extended species tree:
(t5,((t2,(t1,(t4,(t9,((t3,t10)0.98:1.2039728043259361,(t7,t8)0.87:0.6931471805599453)0.33:0.0)1:2.4277482359480516)0.67:0.2876820724517809)0.92:0.5753641449035618)1:2.772588722239782,t6));
Weight calculation took 0.020199152 secs
ASTRAL finished in 0.133 secs
