
================== ASTRAL ===================== 

This is ASTRAL version 5.7.8
Gene trees are treated as unrooted
80 trees read from quartet_temp.txt
index0
All output trees will be *arbitrarily* rooted at t5

======== Running the main analysis
Number of taxa: 10 (10 species)
Taxa: [t5, t7, t2, t4, t10, t6, t3, t1, t9, t8]
Taxon occupancy: {t4=23, t5=40, t10=41, t6=36, t7=31, t8=15, t9=16, t1=19, t2=51, t3=48}
Number of gene trees: 80
80 trees have missing taxa
Calculating quartet distance matrix (for completion of X)
Species tree distances calculated ...
Will attempt to complete bipartitions from X before adding using a distance matrix.
Building set of clusters (X) from gene trees 
------------------------------
gradient0: 53
Number of Clusters after addition by distance: 53
calculating extra bipartitions to be added at level 1 ...
Adding to X using resolutions of greedy consensus ...
Limit for sigma of degrees:300
polytomy size limit : 3
discarded polytomies:  []
Threshold 0.0:
Threshold 0.01:
Threshold 0.02:
Threshold 0.05:
Threshold 0.1:
Threshold 0.2:
Threshold 0.3333333333333333:
max k is :0
Number of Clusters after addition by greedy: 53
gradient0 in heuristiic: 53
calculating all possible bipartitions ...
Number of Clusters After Adding All possible clusters: 1023
partitions formed in 0.034 secs
Dynamic Programming starting after 0.034 secs
Using tree-based weight calculation.
Using polytree-based weight calculation.
Polytree max score: 80
Polytree building time: 0.002 seconds.
Number of quartet trees in the gene trees: 80
Size of largest cluster: 10
Greedy score: 76
estimationFactor: 1.0526315789473684
Sub-optimal score: 78
Total Number of elements weighted: 1371
Normalized score (portion of input quartet trees satisfied before correcting for multiple individuals): 0.9875
Optimization score: 79
Optimal tree inferred in 0.08 secs.
(t7,(t5,(t8,((t10,t6),(t4,((t1,t9),(t2,t3)))))));
Final quartet score is: 79
Final normalized quartet score is: 0.9875
You may want to ignore posterior probabilities and other statistics related to the following branch branch because the effective number of genes impacting it is only 5:
	{t10, t6}
You may want to ignore posterior probabilities and other statistics related to the following branch branch because the effective number of genes impacting it is only 6:
	{t1, t9}
You may want to ignore posterior probabilities and other statistics related to the following branch branch because the effective number of genes impacting it is only 3:
	{t2, t3}
You may want to ignore posterior probabilities and other statistics related to the following branch branch because the effective number of genes impacting it is only 0:
	{t2, t3, t1, t9}
You may want to ignore posterior probabilities and other statistics related to the following branch branch because the effective number of genes impacting it is only 5:
	{t2, t4, t3, t1, t9}
You may want to ignore posterior probabilities and other statistics related to the following branch branch because the effective number of genes impacting it is only 4:
	{t2, t4, t10, t6, t3, t1, t9}
You may want to ignore posterior probabilities and other statistics related to the following branch branch because the effective number of genes impacting it is only 2:
	{t2, t4, t10, t6, t3, t1, t9, t8}
Extended species tree:
(t5,((t8,((t10,t6)0.99:1.3862943611198908,(t4,((t1,t9)1:1.5404450409471486,(t2,t3)0.95:0.9808292530117262)0.33:0.0)0.99:1.3862943611198908)0.98:1.2039728043259361)0.87:0.6931471805599453,t7));
Weight calculation took 0.013515363 secs
ASTRAL finished in 0.112 secs
