
================== ASTRAL ===================== 

This is ASTRAL version 5.7.8
Gene trees are treated as unrooted
278 trees read from quartet_temp.txt
index0
All output trees will be *arbitrarily* rooted at t3

======== Running the main analysis
Number of taxa: 10 (10 species)
Taxa: [t3, t7, t2, t5, t6, t10, t9, t1, t4, t8]
Taxon occupancy: {t4=118, t5=65, t6=129, t10=189, t7=127, t8=132, t9=186, t1=31, t2=83, t3=52}
Number of gene trees: 278
278 trees have missing taxa
Calculating quartet distance matrix (for completion of X)
Species tree distances calculated ...
Will attempt to complete bipartitions from X before adding using a distance matrix.
Building set of clusters (X) from gene trees 
------------------------------
gradient0: 65
Number of Clusters after addition by distance: 65
calculating extra bipartitions to be added at level 1 ...
Adding to X using resolutions of greedy consensus ...
Limit for sigma of degrees:300
polytomy size limit : 3
discarded polytomies:  [3]
Threshold 0.0:
Threshold 0.01:
Threshold 0.02:
Threshold 0.05:
Threshold 0.1:
Threshold 0.2:
Threshold 0.3333333333333333:
polytomy of size 3; rounds with additions with at least 5 support: 0; clusters: 65
max k is :0
Number of Clusters after addition by greedy: 65
gradient0 in heuristiic: 65
calculating all possible bipartitions ...
Number of Clusters After Adding All possible clusters: 1023
partitions formed in 0.058 secs
Dynamic Programming starting after 0.058 secs
Using tree-based weight calculation.
Using polytree-based weight calculation.
Polytree max score: 278
Polytree building time: 0.004 seconds.
Number of quartet trees in the gene trees: 278
Size of largest cluster: 10
Greedy score: 278
estimationFactor: 1.0
Sub-optimal score: 278
Total Number of elements weighted: 896
Normalized score (portion of input quartet trees satisfied before correcting for multiple individuals): 1.0
Optimization score: 278
Optimal tree inferred in 0.099 secs.
(t7,((t10,t9),(t3,(t1,((t2,t6),(t5,(t4,t8)))))));
Final quartet score is: 278
Final normalized quartet score is: 1.0
You may want to ignore posterior probabilities and other statistics related to the following branch branch because the effective number of genes impacting it is only 9:
	{t2, t6}
You may want to ignore posterior probabilities and other statistics related to the following branch branch because the effective number of genes impacting it is only 10:
	{t4, t8}
You may want to ignore posterior probabilities and other statistics related to the following branch branch because the effective number of genes impacting it is only 2:
	{t5, t4, t8}
You may want to ignore posterior probabilities and other statistics related to the following branch branch because the effective number of genes impacting it is only 0:
	{t2, t5, t6, t4, t8}
You may want to ignore posterior probabilities and other statistics related to the following branch branch because the effective number of genes impacting it is only 2:
	{t2, t5, t6, t1, t4, t8}
You may want to ignore posterior probabilities and other statistics related to the following branch branch because the effective number of genes impacting it is only 2:
	{t7, t10, t9}
Extended species tree:
(t3,((t1,((t2,t6)1:1.8971199848858815,(t5,(t4,t8)1:1.9924301646902058)0.87:0.6931471805599453)0.33:0.0)0.87:0.6931471805599453,((t10,t9)1:2.8526314299133184,t7)0.87:0.6931471805599453));
Weight calculation took 0.015279816 secs
ASTRAL finished in 0.14 secs
