
================== ASTRAL ===================== 

This is ASTRAL version 5.7.8
Gene trees are treated as unrooted
187 trees read from quartet_temp.txt
index0
All output trees will be *arbitrarily* rooted at t5

======== Running the main analysis
Number of taxa: 10 (10 species)
Taxa: [t5, t6, t1, t2, t9, t7, t8, t4, t3, t10]
Taxon occupancy: {t4=104, t5=99, t6=98, t10=30, t7=121, t8=55, t9=68, t1=71, t2=67, t3=35}
Number of gene trees: 187
187 trees have missing taxa
Calculating quartet distance matrix (for completion of X)
Species tree distances calculated ...
Will attempt to complete bipartitions from X before adding using a distance matrix.
Building set of clusters (X) from gene trees 
------------------------------
gradient0: 53
Number of Clusters after addition by distance: 53
calculating extra bipartitions to be added at level 1 ...
Adding to X using resolutions of greedy consensus ...
Limit for sigma of degrees:300
polytomy size limit : 3
discarded polytomies:  []
Threshold 0.0:
Threshold 0.01:
Threshold 0.02:
Threshold 0.05:
Threshold 0.1:
Threshold 0.2:
Threshold 0.3333333333333333:
max k is :0
Number of Clusters after addition by greedy: 53
gradient0 in heuristiic: 53
calculating all possible bipartitions ...
Number of Clusters After Adding All possible clusters: 1023
partitions formed in 0.038 secs
Dynamic Programming starting after 0.038 secs
Using tree-based weight calculation.
Using polytree-based weight calculation.
Polytree max score: 187
Polytree building time: 0.003 seconds.
Number of quartet trees in the gene trees: 187
Size of largest cluster: 10
Greedy score: 180
estimationFactor: 1.038888888888889
Sub-optimal score: 181
Total Number of elements weighted: 1133
Normalized score (portion of input quartet trees satisfied before correcting for multiple individuals): 0.9679144385026738
Optimization score: 181
Optimal tree inferred in 0.08 secs.
(t6,(t5,((t3,(t7,t4)),(t10,((t1,t9),(t2,t8))))));
Final quartet score is: 181
Final normalized quartet score is: 0.9679144385026738
You may want to ignore posterior probabilities and other statistics related to the following branch branch because the effective number of genes impacting it is only 6:
	{t7, t4}
You may want to ignore posterior probabilities and other statistics related to the following branch branch because the effective number of genes impacting it is only 3:
	{t7, t4, t3}
You may want to ignore posterior probabilities and other statistics related to the following branch branch because the effective number of genes impacting it is only 7:
	{t1, t9}
You may want to ignore posterior probabilities and other statistics related to the following branch branch because the effective number of genes impacting it is only 5:
	{t2, t8}
You may want to ignore posterior probabilities and other statistics related to the following branch branch because the effective number of genes impacting it is only 4:
	{t1, t2, t9, t8}
You may want to ignore posterior probabilities and other statistics related to the following branch branch because the effective number of genes impacting it is only 1:
	{t1, t2, t9, t8, t10}
Extended species tree:
(t5,(((t3,(t7,t4)0.97:0.8472978603872037)0.67:0.2876820724517809,(t10,((t1,t9)1:1.6739764335716716,(t2,t8)0.67:0.2876820724517809)0.98:1.2039728043259361)0.67:0.2876820724517809)1:1.8281271133989303,t6));
Weight calculation took 0.017450421 secs
ASTRAL finished in 0.113 secs
