
================== ASTRAL ===================== 

This is ASTRAL version 5.7.8
Gene trees are treated as unrooted
74 trees read from quartet_temp.txt
index0
All output trees will be *arbitrarily* rooted at t5

======== Running the main analysis
Number of taxa: 10 (10 species)
Taxa: [t5, t8, t3, t4, t6, t9, t10, t1, t7, t2]
Taxon occupancy: {t4=59, t5=9, t6=35, t10=21, t7=11, t8=13, t9=37, t1=24, t2=26, t3=61}
Number of gene trees: 74
74 trees have missing taxa
Calculating quartet distance matrix (for completion of X)
Species tree distances calculated ...
Will attempt to complete bipartitions from X before adding using a distance matrix.
Building set of clusters (X) from gene trees 
------------------------------
gradient0: 99
Number of Clusters after addition by distance: 99
calculating extra bipartitions to be added at level 1 ...
Adding to X using resolutions of greedy consensus ...
Limit for sigma of degrees:300
polytomy size limit : 3
discarded polytomies:  []
Threshold 0.0:
Threshold 0.01:
Threshold 0.02:
Threshold 0.05:
Threshold 0.1:
Threshold 0.2:
Threshold 0.3333333333333333:
max k is :0
Number of Clusters after addition by greedy: 99
gradient0 in heuristiic: 99
calculating all possible bipartitions ...
Number of Clusters After Adding All possible clusters: 1023
partitions formed in 0.036 secs
Dynamic Programming starting after 0.036 secs
Using tree-based weight calculation.
Using polytree-based weight calculation.
Polytree max score: 74
Polytree building time: 0.003 seconds.
Number of quartet trees in the gene trees: 74
Size of largest cluster: 10
Greedy score: 72
estimationFactor: 1.0277777777777777
Sub-optimal score: 72
Total Number of elements weighted: 1756
Normalized score (portion of input quartet trees satisfied before correcting for multiple individuals): 0.972972972972973
Optimization score: 72
Optimal tree inferred in 0.083 secs.
(t8,(t7,(t5,(t1,(t10,(t9,(t6,(t2,(t3,t4)))))))));
Final quartet score is: 72
Final normalized quartet score is: 0.972972972972973
You may want to ignore posterior probabilities and other statistics related to the following branch branch because the effective number of genes impacting it is only 16:
	{t3, t4}
You may want to ignore posterior probabilities and other statistics related to the following branch branch because the effective number of genes impacting it is only 4:
	{t3, t4, t2}
You may want to ignore posterior probabilities and other statistics related to the following branch branch because the effective number of genes impacting it is only 4:
	{t3, t4, t6, t2}
You may want to ignore posterior probabilities and other statistics related to the following branch branch because the effective number of genes impacting it is only 0:
	{t3, t4, t6, t9, t2}
You may want to ignore posterior probabilities and other statistics related to the following branch branch because the effective number of genes impacting it is only 0:
	{t3, t4, t6, t9, t10, t2}
You may want to ignore posterior probabilities and other statistics related to the following branch branch because the effective number of genes impacting it is only 1:
	{t3, t4, t6, t9, t10, t1, t2}
You may want to ignore posterior probabilities and other statistics related to the following branch branch because the effective number of genes impacting it is only 0:
	{t8, t7}
Extended species tree:
(t5,((t1,(t10,(t9,(t6,(t2,(t3,t4)1:2.4277482359480516)0.98:1.2039728043259361)0.53:0.1053605156578264)0.33:0.0)0.33:0.0)0.67:0.2876820724517809,(t7,t8)0.33:0.0));
Weight calculation took 0.012265505 secs
ASTRAL finished in 0.113 secs
