
================== ASTRAL ===================== 

This is ASTRAL version 5.7.8
Gene trees are treated as unrooted
196 trees read from quartet_temp.txt
index0
All output trees will be *arbitrarily* rooted at t10

======== Running the main analysis
Number of taxa: 10 (10 species)
Taxa: [t10, t9, t1, t6, t4, t5, t3, t7, t8, t2]
Taxon occupancy: {t4=38, t5=36, t10=96, t6=65, t7=116, t8=115, t9=63, t1=72, t2=65, t3=118}
Number of gene trees: 196
196 trees have missing taxa
Calculating quartet distance matrix (for completion of X)
Species tree distances calculated ...
Will attempt to complete bipartitions from X before adding using a distance matrix.
Building set of clusters (X) from gene trees 
------------------------------
gradient0: 63
Number of Clusters after addition by distance: 63
calculating extra bipartitions to be added at level 1 ...
Adding to X using resolutions of greedy consensus ...
Limit for sigma of degrees:300
polytomy size limit : 3
discarded polytomies:  [3]
Threshold 0.0:
Threshold 0.01:
Threshold 0.02:
Threshold 0.05:
Threshold 0.1:
Threshold 0.2:
Threshold 0.3333333333333333:
polytomy of size 3; rounds with additions with at least 5 support: 0; clusters: 63
max k is :0
Number of Clusters after addition by greedy: 63
gradient0 in heuristiic: 63
calculating all possible bipartitions ...
Number of Clusters After Adding All possible clusters: 1023
partitions formed in 0.046 secs
Dynamic Programming starting after 0.046 secs
Using tree-based weight calculation.
Using polytree-based weight calculation.
Polytree max score: 196
Polytree building time: 0.004 seconds.
Number of quartet trees in the gene trees: 196
Size of largest cluster: 10
Greedy score: 194
estimationFactor: 1.0103092783505154
Sub-optimal score: 194
Total Number of elements weighted: 1147
Normalized score (portion of input quartet trees satisfied before correcting for multiple individuals): 0.9897959183673469
Optimization score: 194
Optimal tree inferred in 0.089 secs.
(t9,(t10,(t3,(t1,(t4,(t5,(t6,(t2,(t7,t8)))))))));
Final quartet score is: 194
Final normalized quartet score is: 0.9897959183673469
You may want to ignore posterior probabilities and other statistics related to the following branch branch because the effective number of genes impacting it is only 17:
	{t7, t8}
You may want to ignore posterior probabilities and other statistics related to the following branch branch because the effective number of genes impacting it is only 2:
	{t7, t8, t2}
You may want to ignore posterior probabilities and other statistics related to the following branch branch because the effective number of genes impacting it is only 0:
	{t6, t7, t8, t2}
You may want to ignore posterior probabilities and other statistics related to the following branch branch because the effective number of genes impacting it is only 0:
	{t6, t5, t7, t8, t2}
You may want to ignore posterior probabilities and other statistics related to the following branch branch because the effective number of genes impacting it is only 9:
	{t6, t4, t5, t7, t8, t2}
You may want to ignore posterior probabilities and other statistics related to the following branch branch because the effective number of genes impacting it is only 5:
	{t1, t6, t4, t5, t7, t8, t2}
You may want to ignore posterior probabilities and other statistics related to the following branch branch because the effective number of genes impacting it is only 8:
	{t1, t6, t4, t5, t3, t7, t8, t2}
Extended species tree:
(t10,((t3,(t1,(t4,(t5,(t6,(t2,(t7,t8)1:2.484906649788)0.42:0.0)0.33:0.0)0.33:0.0)1:1.8971199848858815)0.99:1.3862943611198908)1:1.0986122886681098,t9));
Weight calculation took 0.01575881 secs
ASTRAL finished in 0.123 secs
