
================== ASTRAL ===================== 

This is ASTRAL version 5.7.8
Gene trees are treated as unrooted
30 trees read from quartet_temp.txt
index0
All output trees will be *arbitrarily* rooted at t5

======== Running the main analysis
Number of taxa: 10 (10 species)
Taxa: [t5, t6, t3, t7, t1, t4, t9, t10, t2, t8]
Taxon occupancy: {t4=10, t5=15, t6=15, t10=15, t7=20, t8=12, t9=12, t1=6, t2=3, t3=12}
Number of gene trees: 30
30 trees have missing taxa
Calculating quartet distance matrix (for completion of X)
Species tree distances calculated ...
Will attempt to complete bipartitions from X before adding using a distance matrix.
Building set of clusters (X) from gene trees 
------------------------------
gradient0: 41
Number of Clusters after addition by distance: 41
calculating extra bipartitions to be added at level 1 ...
Adding to X using resolutions of greedy consensus ...
Limit for sigma of degrees:300
polytomy size limit : 3
discarded polytomies:  []
Threshold 0.0:
Threshold 0.01:
Threshold 0.02:
Threshold 0.05:
Threshold 0.1:
Threshold 0.2:
Threshold 0.3333333333333333:
max k is :0
Number of Clusters after addition by greedy: 41
gradient0 in heuristiic: 41
calculating all possible bipartitions ...
Number of Clusters After Adding All possible clusters: 1023
partitions formed in 0.022 secs
Dynamic Programming starting after 0.022 secs
Using tree-based weight calculation.
Using polytree-based weight calculation.
Polytree max score: 30
Polytree building time: 0.001 seconds.
Number of quartet trees in the gene trees: 30
Size of largest cluster: 10
Greedy score: 30
estimationFactor: 1.0
Sub-optimal score: 30
Total Number of elements weighted: 1064
Normalized score (portion of input quartet trees satisfied before correcting for multiple individuals): 1.0
Optimization score: 30
Optimal tree inferred in 0.05 secs.
(t6,(t5,(t4,(t3,(t10,(t2,(t7,(t1,(t9,t8)))))))));
Final quartet score is: 30
Final normalized quartet score is: 1.0
You may want to ignore posterior probabilities and other statistics related to the following branch branch because the effective number of genes impacting it is only 1:
	{t9, t8}
You may want to ignore posterior probabilities and other statistics related to the following branch branch because the effective number of genes impacting it is only 2:
	{t1, t9, t8}
You may want to ignore posterior probabilities and other statistics related to the following branch branch because the effective number of genes impacting it is only 0:
	{t7, t1, t9, t8}
You may want to ignore posterior probabilities and other statistics related to the following branch branch because the effective number of genes impacting it is only 0:
	{t7, t1, t9, t2, t8}
You may want to ignore posterior probabilities and other statistics related to the following branch branch because the effective number of genes impacting it is only 4:
	{t7, t1, t9, t10, t2, t8}
You may want to ignore posterior probabilities and other statistics related to the following branch branch because the effective number of genes impacting it is only 0:
	{t3, t7, t1, t9, t10, t2, t8}
You may want to ignore posterior probabilities and other statistics related to the following branch branch because the effective number of genes impacting it is only 2:
	{t3, t7, t1, t4, t9, t10, t2, t8}
Extended species tree:
(t5,((t4,(t3,(t10,(t2,(t7,(t1,(t9,t8)0.67:0.2876820724517809)0.87:0.6931471805599453)0.33:0.0)0.33:0.0)0.98:1.2039728043259361)0.33:0.0)0.87:0.6931471805599453,t6));
Weight calculation took 0.005158216 secs
ASTRAL finished in 0.072 secs
