
================== ASTRAL ===================== 

This is ASTRAL version 5.7.8
Gene trees are treated as unrooted
208 trees read from quartet_temp.txt
index0
All output trees will be *arbitrarily* rooted at t5

======== Running the main analysis
Number of taxa: 10 (10 species)
Taxa: [t5, t6, t2, t3, t10, t9, t8, t1, t7, t4]
Taxon occupancy: {t4=47, t5=111, t6=94, t10=101, t7=49, t8=72, t9=89, t1=79, t2=59, t3=131}
Number of gene trees: 208
208 trees have missing taxa
Calculating quartet distance matrix (for completion of X)
Species tree distances calculated ...
Will attempt to complete bipartitions from X before adding using a distance matrix.
Building set of clusters (X) from gene trees 
------------------------------
gradient0: 53
Number of Clusters after addition by distance: 53
calculating extra bipartitions to be added at level 1 ...
Adding to X using resolutions of greedy consensus ...
Limit for sigma of degrees:300
polytomy size limit : 3
discarded polytomies:  []
Threshold 0.0:
Threshold 0.01:
Threshold 0.02:
Threshold 0.05:
Threshold 0.1:
Threshold 0.2:
Threshold 0.3333333333333333:
max k is :0
Number of Clusters after addition by greedy: 53
gradient0 in heuristiic: 53
calculating all possible bipartitions ...
Number of Clusters After Adding All possible clusters: 1023
partitions formed in 0.039 secs
Dynamic Programming starting after 0.039 secs
Using tree-based weight calculation.
Using polytree-based weight calculation.
Polytree max score: 208
Polytree building time: 0.004 seconds.
Number of quartet trees in the gene trees: 208
Size of largest cluster: 10
Greedy score: 202
estimationFactor: 1.0297029702970297
Sub-optimal score: 202
Total Number of elements weighted: 1276
Normalized score (portion of input quartet trees satisfied before correcting for multiple individuals): 0.9711538461538461
Optimization score: 202
Optimal tree inferred in 0.083 secs.
(t6,(t9,(t5,(t7,((t10,t1),(t4,(t2,(t3,t8))))))));
Final quartet score is: 202
Final normalized quartet score is: 0.9711538461538461
You may want to ignore posterior probabilities and other statistics related to the following branch branch because the effective number of genes impacting it is only 9:
	{t10, t1}
You may want to ignore posterior probabilities and other statistics related to the following branch branch because the effective number of genes impacting it is only 2:
	{t3, t8}
You may want to ignore posterior probabilities and other statistics related to the following branch branch because the effective number of genes impacting it is only 1:
	{t2, t3, t8}
You may want to ignore posterior probabilities and other statistics related to the following branch branch because the effective number of genes impacting it is only 1:
	{t2, t3, t8, t4}
You may want to ignore posterior probabilities and other statistics related to the following branch branch because the effective number of genes impacting it is only 2:
	{t2, t3, t10, t8, t1, t4}
You may want to ignore posterior probabilities and other statistics related to the following branch branch because the effective number of genes impacting it is only 9:
	{t2, t3, t10, t8, t1, t7, t4}
You may want to ignore posterior probabilities and other statistics related to the following branch branch because the effective number of genes impacting it is only 3:
	{t6, t9}
Extended species tree:
(t5,((t7,((t10,t1)1:1.8971199848858815,(t4,(t2,(t3,t8)0.87:0.6931471805599453)0.67:0.2876820724517809)0.67:0.2876820724517809)0.42:0.0)0.91:0.5108256237659905,(t9,t6)0.95:0.9808292530117262));
Weight calculation took 0.018050865 secs
ASTRAL finished in 0.115 secs
