
================== ASTRAL ===================== 

This is ASTRAL version 5.7.8
Gene trees are treated as unrooted
339 trees read from quartet_temp.txt
index0
All output trees will be *arbitrarily* rooted at t6

======== Running the main analysis
Number of taxa: 10 (10 species)
Taxa: [t6, t9, t1, t2, t10, t5, t7, t4, t3, t8]
Taxon occupancy: {t4=108, t5=167, t6=171, t10=64, t7=165, t8=66, t9=121, t1=204, t2=198, t3=92}
Number of gene trees: 339
339 trees have missing taxa
Calculating quartet distance matrix (for completion of X)
Species tree distances calculated ...
Will attempt to complete bipartitions from X before adding using a distance matrix.
Building set of clusters (X) from gene trees 
------------------------------
gradient0: 53
Number of Clusters after addition by distance: 53
calculating extra bipartitions to be added at level 1 ...
Adding to X using resolutions of greedy consensus ...
Limit for sigma of degrees:300
polytomy size limit : 3
discarded polytomies:  []
Threshold 0.0:
Threshold 0.01:
Threshold 0.02:
Threshold 0.05:
Threshold 0.1:
Threshold 0.2:
Threshold 0.3333333333333333:
max k is :0
Number of Clusters after addition by greedy: 53
gradient0 in heuristiic: 53
calculating all possible bipartitions ...
Number of Clusters After Adding All possible clusters: 1023
partitions formed in 0.049 secs
Dynamic Programming starting after 0.049 secs
Using tree-based weight calculation.
Using polytree-based weight calculation.
Polytree max score: 339
Polytree building time: 0.004 seconds.
Number of quartet trees in the gene trees: 339
Size of largest cluster: 10
Greedy score: 337
estimationFactor: 1.0059347181008902
Sub-optimal score: 337
Total Number of elements weighted: 1024
Normalized score (portion of input quartet trees satisfied before correcting for multiple individuals): 0.9941002949852508
Optimization score: 337
Optimal tree inferred in 0.098 secs.
(t9,(t10,(t5,((t6,t7),(t4,((t3,t8),(t1,t2)))))));
Final quartet score is: 337
Final normalized quartet score is: 0.9941002949852508
You may want to ignore posterior probabilities and other statistics related to the following branch branch because the effective number of genes impacting it is only 9:
	{t3, t8}
You may want to ignore posterior probabilities and other statistics related to the following branch branch because the effective number of genes impacting it is only 3:
	{t1, t2}
You may want to ignore posterior probabilities and other statistics related to the following branch branch because the effective number of genes impacting it is only 9:
	{t1, t2, t3, t8}
You may want to ignore posterior probabilities and other statistics related to the following branch branch because the effective number of genes impacting it is only 9:
	{t9, t10}
You may want to ignore posterior probabilities and other statistics related to the following branch branch because the effective number of genes impacting it is only 2:
	{t9, t10, t5}
You may want to ignore posterior probabilities and other statistics related to the following branch branch because the effective number of genes impacting it is only 18:
	{t9, t1, t2, t10, t5, t4, t3, t8}
Extended species tree:
(t6,(t7,((t4,((t3,t8)1:1.8971199848858815,(t1,t2)0.95:0.9808292530117262)1:1.8971199848858815)1:2.8526314299133184,(t5,(t10,t9)0.99:0.7985076962177715)0.87:0.6931471805599453)1:2.538973871058275));
Weight calculation took 0.021393964 secs
ASTRAL finished in 0.136 secs
