
================== ASTRAL ===================== 

This is ASTRAL version 5.7.8
Gene trees are treated as unrooted
50 trees read from quartet_temp.txt
index0
All output trees will be *arbitrarily* rooted at t5

======== Running the main analysis
Number of taxa: 10 (10 species)
Taxa: [t5, t6, t2, t8, t10, t3, t4, t7, t1, t9]
Taxon occupancy: {t4=27, t5=27, t6=18, t10=17, t7=27, t8=16, t9=15, t1=10, t2=17, t3=26}
Number of gene trees: 50
50 trees have missing taxa
Calculating quartet distance matrix (for completion of X)
Species tree distances calculated ...
Will attempt to complete bipartitions from X before adding using a distance matrix.
Building set of clusters (X) from gene trees 
------------------------------
gradient0: 63
Number of Clusters after addition by distance: 63
calculating extra bipartitions to be added at level 1 ...
Adding to X using resolutions of greedy consensus ...
Limit for sigma of degrees:300
polytomy size limit : 3
discarded polytomies:  []
Threshold 0.0:
Threshold 0.01:
Threshold 0.02:
Threshold 0.05:
Threshold 0.1:
Threshold 0.2:
Threshold 0.3333333333333333:
max k is :0
Number of Clusters after addition by greedy: 63
gradient0 in heuristiic: 63
calculating all possible bipartitions ...
Number of Clusters After Adding All possible clusters: 1023
partitions formed in 0.028 secs
Dynamic Programming starting after 0.028 secs
Using tree-based weight calculation.
Using polytree-based weight calculation.
Polytree max score: 50
Polytree building time: 0.002 seconds.
Number of quartet trees in the gene trees: 50
Size of largest cluster: 10
Greedy score: 50
estimationFactor: 1.0
Sub-optimal score: 50
Total Number of elements weighted: 1064
Normalized score (portion of input quartet trees satisfied before correcting for multiple individuals): 1.0
Optimization score: 50
Optimal tree inferred in 0.06 secs.
(t6,(t5,(t3,(t4,(t1,(t7,(t2,(t10,(t8,t9)))))))));
Final quartet score is: 50
Final normalized quartet score is: 1.0
You may want to ignore posterior probabilities and other statistics related to the following branch branch because the effective number of genes impacting it is only 1:
	{t8, t9}
You may want to ignore posterior probabilities and other statistics related to the following branch branch because the effective number of genes impacting it is only 1:
	{t8, t10, t9}
You may want to ignore posterior probabilities and other statistics related to the following branch branch because the effective number of genes impacting it is only 0:
	{t2, t8, t10, t9}
You may want to ignore posterior probabilities and other statistics related to the following branch branch because the effective number of genes impacting it is only 3:
	{t2, t8, t10, t7, t9}
You may want to ignore posterior probabilities and other statistics related to the following branch branch because the effective number of genes impacting it is only 3:
	{t2, t8, t10, t7, t1, t9}
You may want to ignore posterior probabilities and other statistics related to the following branch branch because the effective number of genes impacting it is only 0:
	{t2, t8, t10, t4, t7, t1, t9}
You may want to ignore posterior probabilities and other statistics related to the following branch branch because the effective number of genes impacting it is only 4:
	{t2, t8, t10, t3, t4, t7, t1, t9}
Extended species tree:
(t5,((t3,(t4,(t1,(t7,(t2,(t10,(t8,t9)0.67:0.2876820724517809)0.67:0.2876820724517809)0.33:0.0)0.95:0.9808292530117262)0.95:0.9808292530117262)0.33:0.0)0.98:1.2039728043259361,t6));
Weight calculation took 0.007103534 secs
ASTRAL finished in 0.085 secs
