
================== ASTRAL ===================== 

This is ASTRAL version 5.7.8
Gene trees are treated as unrooted
359 trees read from quartet_temp.txt
index0
All output trees will be *arbitrarily* rooted at t6

======== Running the main analysis
Number of taxa: 10 (10 species)
Taxa: [t6, t9, t1, t2, t10, t5, t7, t4, t3, t8]
Taxon occupancy: {t4=94, t5=174, t6=181, t10=60, t7=171, t8=73, t9=130, t1=224, t2=212, t3=117}
Number of gene trees: 359
359 trees have missing taxa
Calculating quartet distance matrix (for completion of X)
Species tree distances calculated ...
Will attempt to complete bipartitions from X before adding using a distance matrix.
Building set of clusters (X) from gene trees 
------------------------------
gradient0: 65
Number of Clusters after addition by distance: 65
calculating extra bipartitions to be added at level 1 ...
Adding to X using resolutions of greedy consensus ...
Limit for sigma of degrees:300
polytomy size limit : 3
discarded polytomies:  []
Threshold 0.0:
Threshold 0.01:
Threshold 0.02:
Threshold 0.05:
Threshold 0.1:
Threshold 0.2:
Threshold 0.3333333333333333:
max k is :0
Number of Clusters after addition by greedy: 65
gradient0 in heuristiic: 65
calculating all possible bipartitions ...
Number of Clusters After Adding All possible clusters: 1023
partitions formed in 0.051 secs
Dynamic Programming starting after 0.051 secs
Using tree-based weight calculation.
Using polytree-based weight calculation.
Polytree max score: 359
Polytree building time: 0.004 seconds.
Number of quartet trees in the gene trees: 359
Size of largest cluster: 10
Greedy score: 351
estimationFactor: 1.0227920227920229
Sub-optimal score: 351
Total Number of elements weighted: 1189
Normalized score (portion of input quartet trees satisfied before correcting for multiple individuals): 0.9777158774373259
Optimization score: 351
Optimal tree inferred in 0.102 secs.
(t9,(t10,((t5,(t6,t7)),(t4,((t3,t8),(t1,t2))))));
Final quartet score is: 351
Final normalized quartet score is: 0.9777158774373259
You may want to ignore posterior probabilities and other statistics related to the following branch branch because the effective number of genes impacting it is only 7:
	{t3, t8}
You may want to ignore posterior probabilities and other statistics related to the following branch branch because the effective number of genes impacting it is only 7:
	{t1, t2}
You may want to ignore posterior probabilities and other statistics related to the following branch branch because the effective number of genes impacting it is only 11:
	{t1, t2, t3, t8}
You may want to ignore posterior probabilities and other statistics related to the following branch branch because the effective number of genes impacting it is only 9:
	{t1, t2, t4, t3, t8}
You may want to ignore posterior probabilities and other statistics related to the following branch branch because the effective number of genes impacting it is only 4:
	{t9, t10}
You may want to ignore posterior probabilities and other statistics related to the following branch branch because the effective number of genes impacting it is only 8:
	{t9, t1, t2, t10, t4, t3, t8}
Extended species tree:
(t6,(t7,(t5,((t4,((t3,t8)1:1.6739764335716716,(t1,t2)1:1.6739764335716716)1:1.3862943611198908)1:1.8971199848858815,(t10,t9)0.98:1.2039728043259361)0.47:0.1823215567939546)1:2.335374915817036));
Weight calculation took 0.023246379 secs
ASTRAL finished in 0.145 secs
