
================== ASTRAL ===================== 

This is ASTRAL version 5.7.8
Gene trees are treated as unrooted
98 trees read from quartet_temp.txt
index0
All output trees will be *arbitrarily* rooted at t3

======== Running the main analysis
Number of taxa: 10 (10 species)
Taxa: [t3, t7, t1, t4, t8, t6, t5, t9, t10, t2]
Taxon occupancy: {t4=31, t5=48, t6=43, t10=48, t7=22, t8=43, t9=46, t1=34, t2=34, t3=43}
Number of gene trees: 98
98 trees have missing taxa
Calculating quartet distance matrix (for completion of X)
Species tree distances calculated ...
Will attempt to complete bipartitions from X before adding using a distance matrix.
Building set of clusters (X) from gene trees 
------------------------------
gradient0: 47
Number of Clusters after addition by distance: 47
calculating extra bipartitions to be added at level 1 ...
Adding to X using resolutions of greedy consensus ...
Limit for sigma of degrees:300
polytomy size limit : 3
discarded polytomies:  []
Threshold 0.0:
Threshold 0.01:
Threshold 0.02:
Threshold 0.05:
Threshold 0.1:
Threshold 0.2:
Threshold 0.3333333333333333:
max k is :0
Number of Clusters after addition by greedy: 47
gradient0 in heuristiic: 47
calculating all possible bipartitions ...
Number of Clusters After Adding All possible clusters: 1023
partitions formed in 0.031 secs
Dynamic Programming starting after 0.031 secs
Using tree-based weight calculation.
Using polytree-based weight calculation.
Polytree max score: 98
Polytree building time: 0.002 seconds.
Number of quartet trees in the gene trees: 98
Size of largest cluster: 10
Greedy score: 95
estimationFactor: 1.0315789473684212
Sub-optimal score: 95
Total Number of elements weighted: 1181
Normalized score (portion of input quartet trees satisfied before correcting for multiple individuals): 0.9693877551020408
Optimization score: 95
Optimal tree inferred in 0.071 secs.
(t7,((t3,t2),((t4,t8),((t6,t10),(t1,(t5,t9))))));
Final quartet score is: 95
Final normalized quartet score is: 0.9693877551020408
You may want to ignore posterior probabilities and other statistics related to the following branch branch because the effective number of genes impacting it is only 4:
	{t4, t8}
You may want to ignore posterior probabilities and other statistics related to the following branch branch because the effective number of genes impacting it is only 11:
	{t6, t10}
You may want to ignore posterior probabilities and other statistics related to the following branch branch because the effective number of genes impacting it is only 2:
	{t5, t9}
You may want to ignore posterior probabilities and other statistics related to the following branch branch because the effective number of genes impacting it is only 4:
	{t1, t5, t9}
You may want to ignore posterior probabilities and other statistics related to the following branch branch because the effective number of genes impacting it is only 1:
	{t1, t6, t5, t9, t10}
You may want to ignore posterior probabilities and other statistics related to the following branch branch because the effective number of genes impacting it is only 3:
	{t1, t4, t8, t6, t5, t9, t10}
You may want to ignore posterior probabilities and other statistics related to the following branch branch because the effective number of genes impacting it is only 1:
	{t7, t1, t4, t8, t6, t5, t9, t10}
Extended species tree:
(t3,(t2,(((t4,t8)0.98:1.2039728043259361,((t6,t10)0.98:0.6931471805599453,(t1,(t5,t9)0.87:0.6931471805599453)0.98:1.2039728043259361)0.67:0.2876820724517809)0.95:0.9808292530117262,t7)0.67:0.2876820724517809));
Weight calculation took 0.013161219 secs
ASTRAL finished in 0.103 secs
