
================== ASTRAL ===================== 

This is ASTRAL version 5.7.8
Gene trees are treated as unrooted
1108 trees read from quartet_temp.txt
index0
All output trees will be *arbitrarily* rooted at t5

======== Running the main analysis
Number of taxa: 10 (10 species)
Taxa: [t5, t7, t1, t2, t3, t9, t10, t6, t4, t8]
Taxon occupancy: {t4=392, t5=579, t10=595, t6=577, t7=415, t8=181, t9=444, t1=439, t2=448, t3=362}
Number of gene trees: 1108
1108 trees have missing taxa
Calculating quartet distance matrix (for completion of X)
Species tree distances calculated ...
Will attempt to complete bipartitions from X before adding using a distance matrix.
Building set of clusters (X) from gene trees 
------------------------------
gradient0: 69
Number of Clusters after addition by distance: 69
calculating extra bipartitions to be added at level 1 ...
Adding to X using resolutions of greedy consensus ...
Limit for sigma of degrees:300
polytomy size limit : 3
discarded polytomies:  []
Threshold 0.0:
Threshold 0.01:
Threshold 0.02:
Threshold 0.05:
Threshold 0.1:
Threshold 0.2:
Threshold 0.3333333333333333:
max k is :0
Number of Clusters after addition by greedy: 69
gradient0 in heuristiic: 69
calculating all possible bipartitions ...
Number of Clusters After Adding All possible clusters: 1023
partitions formed in 0.303 secs
Dynamic Programming starting after 0.303 secs
Using tree-based weight calculation.
Using polytree-based weight calculation.
Polytree max score: 1108
Polytree building time: 0.025 seconds.
Number of quartet trees in the gene trees: 1108
Size of largest cluster: 10
Greedy score: 1065
estimationFactor: 1.0403755868544602
Sub-optimal score: 1065
Total Number of elements weighted: 1370
Normalized score (portion of input quartet trees satisfied before correcting for multiple individuals): 0.9684115523465704
Optimization score: 1073
Optimal tree inferred in 0.573 secs.
(t7,((t5,t9),(t4,((t1,(t2,t3)),(t8,(t10,t6))))));
Final quartet score is: 1073
Final normalized quartet score is: 0.9684115523465704
You may want to ignore posterior probabilities and other statistics related to the following branch branch because the effective number of genes impacting it is only 14:
	{t1, t2, t3}
You may want to ignore posterior probabilities and other statistics related to the following branch branch because the effective number of genes impacting it is only 18:
	{t10, t6}
You may want to ignore posterior probabilities and other statistics related to the following branch branch because the effective number of genes impacting it is only 18:
	{t10, t6, t8}
You may want to ignore posterior probabilities and other statistics related to the following branch branch because the effective number of genes impacting it is only 14:
	{t1, t2, t3, t10, t6, t4, t8}
You may want to ignore posterior probabilities and other statistics related to the following branch branch because the effective number of genes impacting it is only 14:
	{t7, t1, t2, t3, t10, t6, t4, t8}
Extended species tree:
(t5,(t9,((t4,((t1,(t2,t3)1:0.739667196194838)0.81:0.35667494393873245,(t8,(t10,t6)1:2.538973871058275)1:2.538973871058275)1:1.498772344546581)0.99:0.6931471805599453,t7)1:1.6094379124341005));
Weight calculation took 0.153679349 secs
ASTRAL finished in 0.779 secs
