
================== ASTRAL ===================== 

This is ASTRAL version 5.7.8
Gene trees are treated as unrooted
941 trees read from quartet_temp.txt
index0
All output trees will be *arbitrarily* rooted at t3

======== Running the main analysis
Number of taxa: 10 (10 species)
Taxa: [t3, t6, t1, t2, t5, t8, t4, t7, t10, t9]
Taxon occupancy: {t4=413, t5=540, t6=409, t10=331, t7=169, t8=452, t9=222, t1=394, t2=489, t3=345}
Number of gene trees: 941
941 trees have missing taxa
Calculating quartet distance matrix (for completion of X)
Species tree distances calculated ...
Will attempt to complete bipartitions from X before adding using a distance matrix.
Building set of clusters (X) from gene trees 
------------------------------
gradient0: 107
Number of Clusters after addition by distance: 107
calculating extra bipartitions to be added at level 1 ...
Adding to X using resolutions of greedy consensus ...
Limit for sigma of degrees:300
polytomy size limit : 3
discarded polytomies:  []
Threshold 0.0:
Threshold 0.01:
Threshold 0.02:
Threshold 0.05:
Threshold 0.1:
Threshold 0.2:
Threshold 0.3333333333333333:
max k is :0
Number of Clusters after addition by greedy: 107
gradient0 in heuristiic: 107
calculating all possible bipartitions ...
Number of Clusters After Adding All possible clusters: 1023
partitions formed in 0.29 secs
Dynamic Programming starting after 0.29 secs
Using tree-based weight calculation.
Using polytree-based weight calculation.
Polytree max score: 941
Polytree building time: 0.012 seconds.
Number of quartet trees in the gene trees: 941
Size of largest cluster: 10
Greedy score: 883
estimationFactor: 1.0656851642129106
Sub-optimal score: 883
Total Number of elements weighted: 1274
Normalized score (portion of input quartet trees satisfied before correcting for multiple individuals): 0.9426142401700319
Optimization score: 887
Optimal tree inferred in 0.609 secs.
(t6,(t10,(t4,(t3,((t9,(t5,t8)),(t1,(t2,t7)))))));
Final quartet score is: 887
Final normalized quartet score is: 0.9426142401700319
You may want to ignore posterior probabilities and other statistics related to the following branch branch because the effective number of genes impacting it is only 7:
	{t2, t7}
You may want to ignore posterior probabilities and other statistics related to the following branch branch because the effective number of genes impacting it is only 18:
	{t1, t2, t5, t8, t7, t9}
You may want to ignore posterior probabilities and other statistics related to the following branch branch because the effective number of genes impacting it is only 12:
	{t6, t10}
Extended species tree:
(t3,(((t9,(t5,t8)1:3.0285220963769826)1:2.573460047129446,(t1,(t2,t7)0.67:0.2876820724517809)1:0.7672551527136672)0.99:0.5930637220029626,(t4,(t10,t6)1:1.466337068793427)1:3.768922161787476));
Weight calculation took 0.159713462 secs
ASTRAL finished in 0.824 secs
