
================== ASTRAL ===================== 

This is ASTRAL version 5.7.8
Gene trees are treated as unrooted
396 trees read from quartet_temp.txt
index0
All output trees will be *arbitrarily* rooted at t3

======== Running the main analysis
Number of taxa: 10 (10 species)
Taxa: [t3, t5, t2, t7, t9, t10, t4, t8, t1, t6]
Taxon occupancy: {t4=254, t5=208, t10=130, t6=135, t7=117, t8=256, t9=142, t1=88, t2=132, t3=122}
Number of gene trees: 396
396 trees have missing taxa
Calculating quartet distance matrix (for completion of X)
Species tree distances calculated ...
Will attempt to complete bipartitions from X before adding using a distance matrix.
Building set of clusters (X) from gene trees 
------------------------------
gradient0: 83
Number of Clusters after addition by distance: 83
calculating extra bipartitions to be added at level 1 ...
Adding to X using resolutions of greedy consensus ...
Limit for sigma of degrees:300
polytomy size limit : 3
discarded polytomies:  []
Threshold 0.0:
Threshold 0.01:
Threshold 0.02:
Threshold 0.05:
Threshold 0.1:
Threshold 0.2:
Threshold 0.3333333333333333:
max k is :0
Number of Clusters after addition by greedy: 83
gradient0 in heuristiic: 83
calculating all possible bipartitions ...
Number of Clusters After Adding All possible clusters: 1023
partitions formed in 0.204 secs
Dynamic Programming starting after 0.204 secs
Using tree-based weight calculation.
Using polytree-based weight calculation.
Polytree max score: 396
Polytree building time: 0.01 seconds.
Number of quartet trees in the gene trees: 396
Size of largest cluster: 10
Greedy score: 361
estimationFactor: 1.0969529085872576
Sub-optimal score: 361
Total Number of elements weighted: 1712
Normalized score (portion of input quartet trees satisfied before correcting for multiple individuals): 0.9343434343434344
Optimization score: 370
Optimal tree inferred in 0.441 secs.
(t5,(t2,((t7,t1),((t3,t9),(t6,(t10,(t4,t8)))))));
Final quartet score is: 370
Final normalized quartet score is: 0.9343434343434344
You may want to ignore posterior probabilities and other statistics related to the following branch branch because the effective number of genes impacting it is only 8:
	{t10, t4, t8}
You may want to ignore posterior probabilities and other statistics related to the following branch branch because the effective number of genes impacting it is only 3:
	{t10, t4, t8, t6}
You may want to ignore posterior probabilities and other statistics related to the following branch branch because the effective number of genes impacting it is only 5:
	{t5, t2}
You may want to ignore posterior probabilities and other statistics related to the following branch branch because the effective number of genes impacting it is only 18:
	{t5, t2, t7, t1}
You may want to ignore posterior probabilities and other statistics related to the following branch branch because the effective number of genes impacting it is only 18:
	{t5, t2, t7, t10, t4, t8, t1, t6}
Extended species tree:
(t3,(t9,((t6,(t10,(t4,t8)1:2.6855773452501523)1:1.7917594692280545)0.95:0.9808292530117262,((t7,t1)1:1.586965056582042,(t2,t5)0.93:0.6931471805599453)0.64:0.23638877806423023)1:1.845826690498331));
Weight calculation took 0.133330735 secs
ASTRAL finished in 0.586 secs
