
================== ASTRAL ===================== 

This is ASTRAL version 5.7.8
Gene trees are treated as unrooted
306 trees read from quartet_temp.txt
index0
All output trees will be *arbitrarily* rooted at t4

======== Running the main analysis
Number of taxa: 10 (10 species)
Taxa: [t4, t8, t1, t7, t9, t10, t6, t2, t5, t3]
Taxon occupancy: {t4=109, t5=117, t10=173, t6=178, t7=100, t8=150, t9=123, t1=76, t2=113, t3=85}
Number of gene trees: 306
306 trees have missing taxa
Calculating quartet distance matrix (for completion of X)
Species tree distances calculated ...
Will attempt to complete bipartitions from X before adding using a distance matrix.
Building set of clusters (X) from gene trees 
------------------------------
gradient0: 63
Number of Clusters after addition by distance: 63
calculating extra bipartitions to be added at level 1 ...
Adding to X using resolutions of greedy consensus ...
Limit for sigma of degrees:300
polytomy size limit : 3
discarded polytomies:  []
Threshold 0.0:
Threshold 0.01:
Threshold 0.02:
Threshold 0.05:
Threshold 0.1:
Threshold 0.2:
Threshold 0.3333333333333333:
max k is :0
Number of Clusters after addition by greedy: 63
gradient0 in heuristiic: 63
calculating all possible bipartitions ...
Number of Clusters After Adding All possible clusters: 1023
partitions formed in 0.199 secs
Dynamic Programming starting after 0.199 secs
Using tree-based weight calculation.
Using polytree-based weight calculation.
Polytree max score: 306
Polytree building time: 0.009 seconds.
Number of quartet trees in the gene trees: 306
Size of largest cluster: 10
Greedy score: 299
estimationFactor: 1.0234113712374582
Sub-optimal score: 299
Total Number of elements weighted: 1076
Normalized score (portion of input quartet trees satisfied before correcting for multiple individuals): 0.9771241830065359
Optimization score: 299
Optimal tree inferred in 0.384 secs.
(t8,(t4,((t9,t5),((t1,(t10,t6)),(t7,(t2,t3))))));
Final quartet score is: 299
Final normalized quartet score is: 0.9771241830065359
You may want to ignore posterior probabilities and other statistics related to the following branch branch because the effective number of genes impacting it is only 16:
	{t9, t5}
You may want to ignore posterior probabilities and other statistics related to the following branch branch because the effective number of genes impacting it is only 7:
	{t1, t10, t6}
You may want to ignore posterior probabilities and other statistics related to the following branch branch because the effective number of genes impacting it is only 10:
	{t2, t3}
You may want to ignore posterior probabilities and other statistics related to the following branch branch because the effective number of genes impacting it is only 11:
	{t7, t2, t3}
You may want to ignore posterior probabilities and other statistics related to the following branch branch because the effective number of genes impacting it is only 6:
	{t1, t7, t10, t6, t2, t3}
Extended species tree:
(t4,(((t9,t5)1:2.4277482359480516,((t1,(t10,t6)1:3.0602707946915624)1:1.6739764335716716,(t7,(t2,t3)1:1.9924301646902058)0.91:0.4700036292457356)0.83:0.4418327522790392)1:2.730029107820986,t8));
Weight calculation took 0.102857258 secs
ASTRAL finished in 0.515 secs
