
================== ASTRAL ===================== 

This is ASTRAL version 5.7.8
Gene trees are treated as unrooted
360 trees read from quartet_temp.txt
index0
All output trees will be *arbitrarily* rooted at t5

======== Running the main analysis
Number of taxa: 10 (10 species)
Taxa: [t5, t7, t2, t6, t8, t10, t3, t4, t1, t9]
Taxon occupancy: {t4=160, t5=119, t6=108, t10=97, t7=137, t8=156, t9=196, t1=177, t2=159, t3=131}
Number of gene trees: 360
360 trees have missing taxa
Calculating quartet distance matrix (for completion of X)
Species tree distances calculated ...
Will attempt to complete bipartitions from X before adding using a distance matrix.
Building set of clusters (X) from gene trees 
------------------------------
gradient0: 67
Number of Clusters after addition by distance: 67
calculating extra bipartitions to be added at level 1 ...
Adding to X using resolutions of greedy consensus ...
Limit for sigma of degrees:300
polytomy size limit : 3
discarded polytomies:  []
Threshold 0.0:
Threshold 0.01:
Threshold 0.02:
Threshold 0.05:
Threshold 0.1:
Threshold 0.2:
Threshold 0.3333333333333333:
max k is :0
Number of Clusters after addition by greedy: 67
gradient0 in heuristiic: 67
calculating all possible bipartitions ...
Number of Clusters After Adding All possible clusters: 1023
partitions formed in 0.2 secs
Dynamic Programming starting after 0.2 secs
Using tree-based weight calculation.
Using polytree-based weight calculation.
Polytree max score: 360
Polytree building time: 0.023 seconds.
Number of quartet trees in the gene trees: 360
Size of largest cluster: 10
Greedy score: 349
estimationFactor: 1.0315186246418337
Sub-optimal score: 349
Total Number of elements weighted: 1023
Normalized score (portion of input quartet trees satisfied before correcting for multiple individuals): 0.9694444444444444
Optimization score: 349
Optimal tree inferred in 0.354 secs.
(t7,(t2,(t6,((t1,(t8,t9)),(t3,(t5,(t10,t4)))))));
Final quartet score is: 349
Final normalized quartet score is: 0.9694444444444444
You may want to ignore posterior probabilities and other statistics related to the following branch branch because the effective number of genes impacting it is only 8:
	{t10, t4}
You may want to ignore posterior probabilities and other statistics related to the following branch branch because the effective number of genes impacting it is only 11:
	{t8, t9}
You may want to ignore posterior probabilities and other statistics related to the following branch branch because the effective number of genes impacting it is only 14:
	{t7, t2}
You may want to ignore posterior probabilities and other statistics related to the following branch branch because the effective number of genes impacting it is only 4:
	{t7, t2, t6}
You may want to ignore posterior probabilities and other statistics related to the following branch branch because the effective number of genes impacting it is only 11:
	{t7, t2, t6, t8, t1, t9}
You may want to ignore posterior probabilities and other statistics related to the following branch branch because the effective number of genes impacting it is only 5:
	{t7, t2, t6, t8, t3, t1, t9}
Extended species tree:
(t5,((t10,t4)1:1.0986122886681098,(t3,((t1,(t8,t9)1:1.3862943611198908)1:2.0149030205422647,(t6,(t2,t7)1:0.9162907318741549)0.98:1.2039728043259361)1:2.0794415416798353)0.99:1.3862943611198908));
Weight calculation took 0.062540215 secs
ASTRAL finished in 0.49 secs
