
================== ASTRAL ===================== 

This is ASTRAL version 5.7.8
Gene trees are treated as unrooted
966 trees read from quartet_temp.txt
index0
All output trees will be *arbitrarily* rooted at t4

======== Running the main analysis
Number of taxa: 10 (10 species)
Taxa: [t4, t5, t2, t3, t6, t7, t8, t9, t10, t1]
Taxon occupancy: {t4=451, t5=435, t6=332, t10=373, t7=293, t8=283, t9=465, t1=285, t2=512, t3=435}
Number of gene trees: 966
966 trees have missing taxa
Calculating quartet distance matrix (for completion of X)
Species tree distances calculated ...
Will attempt to complete bipartitions from X before adding using a distance matrix.
Building set of clusters (X) from gene trees 
------------------------------
gradient0: 59
Number of Clusters after addition by distance: 59
calculating extra bipartitions to be added at level 1 ...
Adding to X using resolutions of greedy consensus ...
Limit for sigma of degrees:300
polytomy size limit : 3
discarded polytomies:  []
Threshold 0.0:
Threshold 0.01:
Threshold 0.02:
Threshold 0.05:
Threshold 0.1:
Threshold 0.2:
Threshold 0.3333333333333333:
max k is :0
Number of Clusters after addition by greedy: 59
gradient0 in heuristiic: 59
calculating all possible bipartitions ...
Number of Clusters After Adding All possible clusters: 1023
partitions formed in 0.323 secs
Dynamic Programming starting after 0.323 secs
Using tree-based weight calculation.
Using polytree-based weight calculation.
Polytree max score: 966
Polytree building time: 0.025 seconds.
Number of quartet trees in the gene trees: 966
Size of largest cluster: 10
Greedy score: 952
estimationFactor: 1.0147058823529411
Sub-optimal score: 954
Total Number of elements weighted: 1041
Normalized score (portion of input quartet trees satisfied before correcting for multiple individuals): 0.9875776397515528
Optimization score: 954
Optimal tree inferred in 0.553 secs.
(t5,(t4,((t2,t3),(t1,((t9,t10),(t8,(t6,t7)))))));
Final quartet score is: 954
Final normalized quartet score is: 0.9875776397515528
You may want to ignore posterior probabilities and other statistics related to the following branch branch because the effective number of genes impacting it is only 14:
	{t2, t3}
You may want to ignore posterior probabilities and other statistics related to the following branch branch because the effective number of genes impacting it is only 6:
	{t9, t10}
You may want to ignore posterior probabilities and other statistics related to the following branch branch because the effective number of genes impacting it is only 8:
	{t6, t7}
You may want to ignore posterior probabilities and other statistics related to the following branch branch because the effective number of genes impacting it is only 4:
	{t6, t7, t8}
Extended species tree:
(t4,(((t2,t3)1:1.2039728043259361,(t1,((t9,t10)0.97:0.8472978603872037,(t8,(t6,t7)1:1.0986122886681098)0.53:0.1053605156578264)1:4.060443010546421)1:3.1780538303479453)1:1.8632184332102002,t5));
Weight calculation took 0.098737581 secs
ASTRAL finished in 0.743 secs
