
================== ASTRAL ===================== 

This is ASTRAL version 5.7.8
Gene trees are treated as unrooted
1490 trees read from quartet_temp.txt
index0
All output trees will be *arbitrarily* rooted at t10

======== Running the main analysis
Number of taxa: 10 (10 species)
Taxa: [t10, t9, t3, t5, t6, t1, t4, t7, t2, t8]
Taxon occupancy: {t4=762, t5=390, t10=254, t6=756, t7=489, t8=529, t9=608, t1=652, t2=890, t3=630}
Number of gene trees: 1490
1490 trees have missing taxa
Calculating quartet distance matrix (for completion of X)
Species tree distances calculated ...
Will attempt to complete bipartitions from X before adding using a distance matrix.
Building set of clusters (X) from gene trees 
------------------------------
gradient0: 57
Number of Clusters after addition by distance: 57
calculating extra bipartitions to be added at level 1 ...
Adding to X using resolutions of greedy consensus ...
Limit for sigma of degrees:300
polytomy size limit : 3
discarded polytomies:  []
Threshold 0.0:
Threshold 0.01:
Threshold 0.02:
Threshold 0.05:
Threshold 0.1:
Threshold 0.2:
Threshold 0.3333333333333333:
max k is :0
Number of Clusters after addition by greedy: 57
gradient0 in heuristiic: 57
calculating all possible bipartitions ...
Number of Clusters After Adding All possible clusters: 1023
partitions formed in 0.346 secs
Dynamic Programming starting after 0.346 secs
Using tree-based weight calculation.
Using polytree-based weight calculation.
Polytree max score: 1490
Polytree building time: 0.023 seconds.
Number of quartet trees in the gene trees: 1490
Size of largest cluster: 10
Greedy score: 1446
estimationFactor: 1.0304287690179805
Sub-optimal score: 1446
Total Number of elements weighted: 1514
Normalized score (portion of input quartet trees satisfied before correcting for multiple individuals): 0.9704697986577181
Optimization score: 1446
Optimal tree inferred in 0.719 secs.
(t9,(t10,(t8,(t6,(t7,(t3,(t5,(t1,(t4,t2)))))))));
Final quartet score is: 1446
Final normalized quartet score is: 0.9704697986577181
You may want to ignore posterior probabilities and other statistics related to the following branch branch because the effective number of genes impacting it is only 16:
	{t3, t5, t6, t1, t4, t7, t2}
You may want to ignore posterior probabilities and other statistics related to the following branch branch because the effective number of genes impacting it is only 12:
	{t3, t5, t6, t1, t4, t7, t2, t8}
Extended species tree:
(t10,((t8,(t6,(t7,(t3,(t5,(t1,(t4,t2)1:2.484906649788)1:3.3787245258100977)1:1.8971199848858815)1:1.3437347467010947)1:1.3555227024531369)0.99:0.6359887667199969)1:1.466337068793427,t9));
Weight calculation took 0.203338857 secs
ASTRAL finished in 0.947 secs
