
================== ASTRAL ===================== 

This is ASTRAL version 5.7.8
Gene trees are treated as unrooted
1058 trees read from quartet_temp.txt
index0
All output trees will be *arbitrarily* rooted at t7

======== Running the main analysis
Number of taxa: 10 (10 species)
Taxa: [t7, t9, t2, t4, t6, t8, t10, t1, t3, t5]
Taxon occupancy: {t4=495, t5=178, t6=518, t10=672, t7=486, t8=456, t9=637, t1=175, t2=365, t3=250}
Number of gene trees: 1058
1058 trees have missing taxa
Calculating quartet distance matrix (for completion of X)
Species tree distances calculated ...
Will attempt to complete bipartitions from X before adding using a distance matrix.
Building set of clusters (X) from gene trees 
------------------------------
gradient0: 63
Number of Clusters after addition by distance: 63
calculating extra bipartitions to be added at level 1 ...
Adding to X using resolutions of greedy consensus ...
Limit for sigma of degrees:300
polytomy size limit : 3
discarded polytomies:  []
Threshold 0.0:
Threshold 0.01:
Threshold 0.02:
Threshold 0.05:
Threshold 0.1:
Threshold 0.2:
Threshold 0.3333333333333333:
max k is :0
Number of Clusters after addition by greedy: 63
gradient0 in heuristiic: 63
calculating all possible bipartitions ...
Number of Clusters After Adding All possible clusters: 1023
partitions formed in 0.296 secs
Dynamic Programming starting after 0.296 secs
Using tree-based weight calculation.
Using polytree-based weight calculation.
Polytree max score: 1058
Polytree building time: 0.026 seconds.
Number of quartet trees in the gene trees: 1058
Size of largest cluster: 10
Greedy score: 1045
estimationFactor: 1.0124401913875598
Sub-optimal score: 1045
Total Number of elements weighted: 1078
Normalized score (portion of input quartet trees satisfied before correcting for multiple individuals): 0.9877126654064272
Optimization score: 1045
Optimal tree inferred in 0.615 secs.
(t9,(t10,(t7,(t3,(t5,(t1,((t2,t6),(t4,t8))))))));
Final quartet score is: 1045
Final normalized quartet score is: 0.9877126654064272
You may want to ignore posterior probabilities and other statistics related to the following branch branch because the effective number of genes impacting it is only 6:
	{t2, t6}
You may want to ignore posterior probabilities and other statistics related to the following branch branch because the effective number of genes impacting it is only 6:
	{t2, t4, t6, t8}
You may want to ignore posterior probabilities and other statistics related to the following branch branch because the effective number of genes impacting it is only 7:
	{t2, t4, t6, t8, t1}
Extended species tree:
(t7,((t3,(t5,(t1,((t2,t6)1:1.5404450409471486,(t4,t8)1:1.5404450409471486)1:1.5404450409471486)0.92:0.5753641449035618)1:1.2039728043259361)1:2.159484249353373,(t10,t9)1:3.0602707946915624));
Weight calculation took 0.192096161 secs
ASTRAL finished in 0.973 secs
