
================== ASTRAL ===================== 

This is ASTRAL version 5.7.8
Gene trees are treated as unrooted
635 trees read from quartet_temp.txt
index0
All output trees will be *arbitrarily* rooted at t3

======== Running the main analysis
Number of taxa: 10 (10 species)
Taxa: [t3, t9, t1, t2, t7, t4, t6, t10, t5, t8]
Taxon occupancy: {t4=327, t5=356, t6=244, t10=208, t7=122, t8=283, t9=182, t1=275, t2=340, t3=203}
Number of gene trees: 635
635 trees have missing taxa
Calculating quartet distance matrix (for completion of X)
Species tree distances calculated ...
Will attempt to complete bipartitions from X before adding using a distance matrix.
Building set of clusters (X) from gene trees 
------------------------------
gradient0: 65
Number of Clusters after addition by distance: 65
calculating extra bipartitions to be added at level 1 ...
Adding to X using resolutions of greedy consensus ...
Limit for sigma of degrees:300
polytomy size limit : 3
discarded polytomies:  []
Threshold 0.0:
Threshold 0.01:
Threshold 0.02:
Threshold 0.05:
Threshold 0.1:
Threshold 0.2:
Threshold 0.3333333333333333:
max k is :0
Number of Clusters after addition by greedy: 65
gradient0 in heuristiic: 65
calculating all possible bipartitions ...
Number of Clusters After Adding All possible clusters: 1023
partitions formed in 0.25 secs
Dynamic Programming starting after 0.25 secs
Using tree-based weight calculation.
Using polytree-based weight calculation.
Polytree max score: 635
Polytree building time: 0.011 seconds.
Number of quartet trees in the gene trees: 635
Size of largest cluster: 10
Greedy score: 624
estimationFactor: 1.017628205128205
Sub-optimal score: 624
Total Number of elements weighted: 1025
Normalized score (portion of input quartet trees satisfied before correcting for multiple individuals): 0.984251968503937
Optimization score: 625
Optimal tree inferred in 0.423 secs.
(t9,((t5,t8),((t7,(t1,t2)),(t3,(t4,(t6,t10))))));
Final quartet score is: 625
Final normalized quartet score is: 0.984251968503937
You may want to ignore posterior probabilities and other statistics related to the following branch branch because the effective number of genes impacting it is only 14:
	{t6, t10}
You may want to ignore posterior probabilities and other statistics related to the following branch branch because the effective number of genes impacting it is only 0:
	{t1, t2}
You may want to ignore posterior probabilities and other statistics related to the following branch branch because the effective number of genes impacting it is only 6:
	{t1, t2, t7}
You may want to ignore posterior probabilities and other statistics related to the following branch branch because the effective number of genes impacting it is only 14:
	{t5, t8}
You may want to ignore posterior probabilities and other statistics related to the following branch branch because the effective number of genes impacting it is only 14:
	{t9, t1, t2, t7, t5, t8}
Extended species tree:
(t3,((t4,(t6,t10)1:1.6094379124341005)1:1.7635885922613583,((t7,(t1,t2)0.33:0.0)1:1.5404450409471486,((t5,t8)1:2.302585092994046,t9)1:3.6375861597263826)1:2.302585092994046));
Weight calculation took 0.060740314 secs
ASTRAL finished in 0.606 secs
