
================== ASTRAL ===================== 

This is ASTRAL version 5.7.8
Gene trees are treated as unrooted
738 trees read from quartet_temp.txt
index0
All output trees will be *arbitrarily* rooted at t3

======== Running the main analysis
Number of taxa: 10 (10 species)
Taxa: [t3, t4, t1, t10, t2, t5, t7, t9, t8, t6]
Taxon occupancy: {t4=139, t5=296, t10=328, t6=261, t7=176, t8=377, t9=295, t1=295, t2=310, t3=475}
Number of gene trees: 738
738 trees have missing taxa
Calculating quartet distance matrix (for completion of X)
Species tree distances calculated ...
Will attempt to complete bipartitions from X before adding using a distance matrix.
Building set of clusters (X) from gene trees 
------------------------------
gradient0: 59
Number of Clusters after addition by distance: 59
calculating extra bipartitions to be added at level 1 ...
Adding to X using resolutions of greedy consensus ...
Limit for sigma of degrees:300
polytomy size limit : 3
discarded polytomies:  []
Threshold 0.0:
Threshold 0.01:
Threshold 0.02:
Threshold 0.05:
Threshold 0.1:
Threshold 0.2:
Threshold 0.3333333333333333:
max k is :0
Number of Clusters after addition by greedy: 59
gradient0 in heuristiic: 59
calculating all possible bipartitions ...
Number of Clusters After Adding All possible clusters: 1023
partitions formed in 0.264 secs
Dynamic Programming starting after 0.264 secs
Using tree-based weight calculation.
Using polytree-based weight calculation.
Polytree max score: 738
Polytree building time: 0.015 seconds.
Number of quartet trees in the gene trees: 738
Size of largest cluster: 10
Greedy score: 718
estimationFactor: 1.0278551532033426
Sub-optimal score: 724
Total Number of elements weighted: 874
Normalized score (portion of input quartet trees satisfied before correcting for multiple individuals): 0.981029810298103
Optimization score: 724
Optimal tree inferred in 0.483 secs.
(t4,((t2,(t3,t8)),((t1,t10),(t7,(t6,(t5,t9))))));
Final quartet score is: 724
Final normalized quartet score is: 0.981029810298103
You may want to ignore posterior probabilities and other statistics related to the following branch branch because the effective number of genes impacting it is only 5:
	{t5, t9}
You may want to ignore posterior probabilities and other statistics related to the following branch branch because the effective number of genes impacting it is only 8:
	{t5, t9, t6}
You may want to ignore posterior probabilities and other statistics related to the following branch branch because the effective number of genes impacting it is only 6:
	{t5, t7, t9, t6}
You may want to ignore posterior probabilities and other statistics related to the following branch branch because the effective number of genes impacting it is only 18:
	{t4, t1, t10, t5, t7, t9, t6}
You may want to ignore posterior probabilities and other statistics related to the following branch branch because the effective number of genes impacting it is only 18:
	{t4, t1, t10, t2, t5, t7, t9, t6}
Extended species tree:
(t3,(t8,(t2,(((t1,t10)1:3.4231762883809314,(t7,(t6,(t5,t9)0.93:0.6931471805599453)0.97:0.6931471805599453)1:1.5404450409471486)1:2.772588722239782,t4)1:2.538973871058275)1:1.845826690498331));
Weight calculation took 0.093786972 secs
ASTRAL finished in 0.66 secs
