
================== ASTRAL ===================== 

This is ASTRAL version 5.7.8
Gene trees are treated as unrooted
416 trees read from quartet_temp.txt
index0
All output trees will be *arbitrarily* rooted at t10

======== Running the main analysis
Number of taxa: 10 (10 species)
Taxa: [t10, t8, t1, t7, t9, t5, t6, t4, t2, t3]
Taxon occupancy: {t4=230, t5=232, t10=129, t6=175, t7=129, t8=267, t9=138, t1=99, t2=147, t3=118}
Number of gene trees: 416
416 trees have missing taxa
Calculating quartet distance matrix (for completion of X)
Species tree distances calculated ...
Will attempt to complete bipartitions from X before adding using a distance matrix.
Building set of clusters (X) from gene trees 
------------------------------
gradient0: 63
Number of Clusters after addition by distance: 63
calculating extra bipartitions to be added at level 1 ...
Adding to X using resolutions of greedy consensus ...
Limit for sigma of degrees:300
polytomy size limit : 3
discarded polytomies:  []
Threshold 0.0:
Threshold 0.01:
Threshold 0.02:
Threshold 0.05:
Threshold 0.1:
Threshold 0.2:
Threshold 0.3333333333333333:
max k is :0
Number of Clusters after addition by greedy: 63
gradient0 in heuristiic: 63
calculating all possible bipartitions ...
Number of Clusters After Adding All possible clusters: 1023
partitions formed in 0.219 secs
Dynamic Programming starting after 0.219 secs
Using tree-based weight calculation.
Using polytree-based weight calculation.
Polytree max score: 416
Polytree building time: 0.009 seconds.
Number of quartet trees in the gene trees: 416
Size of largest cluster: 10
Greedy score: 377
estimationFactor: 1.103448275862069
Sub-optimal score: 386
Total Number of elements weighted: 1319
Normalized score (portion of input quartet trees satisfied before correcting for multiple individuals): 0.9278846153846154
Optimization score: 386
Optimal tree inferred in 0.437 secs.
(t8,(t4,(t10,((t9,t3),(t6,((t5,t2),(t1,t7)))))));
Final quartet score is: 386
Final normalized quartet score is: 0.9278846153846154
You may want to ignore posterior probabilities and other statistics related to the following branch branch because the effective number of genes impacting it is only 10:
	{t9, t3}
You may want to ignore posterior probabilities and other statistics related to the following branch branch because the effective number of genes impacting it is only 8:
	{t5, t2}
You may want to ignore posterior probabilities and other statistics related to the following branch branch because the effective number of genes impacting it is only 15:
	{t1, t7}
You may want to ignore posterior probabilities and other statistics related to the following branch branch because the effective number of genes impacting it is only 10:
	{t1, t7, t5, t2}
You may want to ignore posterior probabilities and other statistics related to the following branch branch because the effective number of genes impacting it is only 8:
	{t1, t7, t9, t5, t6, t2, t3}
Extended species tree:
(t10,(((t9,t3)1:1.299282984130261,(t6,((t5,t2)1:1.7917594692280545,(t1,t7)1:2.367123614131617)0.82:0.3829922522561057)1:0.6931471805599453)0.47:0.1823215567939546,(t4,t8)1:2.9957322735539913));
Weight calculation took 0.104744713 secs
ASTRAL finished in 0.575 secs
