
================== ASTRAL ===================== 

This is ASTRAL version 5.7.8
Gene trees are treated as unrooted
1791 trees read from quartet_temp.txt
index0
All output trees will be *arbitrarily* rooted at t10

======== Running the main analysis
Number of taxa: 10 (10 species)
Taxa: [t10, t7, t2, t3, t8, t9, t1, t4, t5, t6]
Taxon occupancy: {t4=841, t5=779, t10=791, t6=580, t7=478, t8=868, t9=809, t1=551, t2=849, t3=618}
Number of gene trees: 1791
1791 trees have missing taxa
Calculating quartet distance matrix (for completion of X)
Species tree distances calculated ...
Will attempt to complete bipartitions from X before adding using a distance matrix.
Building set of clusters (X) from gene trees 
------------------------------
gradient0: 59
Number of Clusters after addition by distance: 59
calculating extra bipartitions to be added at level 1 ...
Adding to X using resolutions of greedy consensus ...
Limit for sigma of degrees:300
polytomy size limit : 3
discarded polytomies:  []
Threshold 0.0:
Threshold 0.01:
Threshold 0.02:
Threshold 0.05:
Threshold 0.1:
Threshold 0.2:
Threshold 0.3333333333333333:
max k is :0
Number of Clusters after addition by greedy: 59
gradient0 in heuristiic: 59
calculating all possible bipartitions ...
Number of Clusters After Adding All possible clusters: 1023
partitions formed in 0.394 secs
Dynamic Programming starting after 0.394 secs
Using tree-based weight calculation.
Using polytree-based weight calculation.
Polytree max score: 1791
Polytree building time: 0.017 seconds.
Number of quartet trees in the gene trees: 1791
Size of largest cluster: 10
Greedy score: 1764
estimationFactor: 1.0153061224489797
Sub-optimal score: 1764
Total Number of elements weighted: 831
Normalized score (portion of input quartet trees satisfied before correcting for multiple individuals): 0.9849246231155779
Optimization score: 1764
Optimal tree inferred in 0.821 secs.
(t7,((t10,(t8,t9)),((t4,t5),(t6,(t2,(t3,t1))))));
Final quartet score is: 1764
Final normalized quartet score is: 0.9849246231155779
You may want to ignore posterior probabilities and other statistics related to the following branch branch because the effective number of genes impacting it is only 9:
	{t4, t5}
You may want to ignore posterior probabilities and other statistics related to the following branch branch because the effective number of genes impacting it is only 13:
	{t3, t1}
Extended species tree:
(t10,((t8,t9)1:0.4418327522790392,(((t4,t5)1:1.8971199848858815,(t6,(t2,(t3,t1)1:1.1349799328389845)1:3.784189633918262)1:2.354544831924757)1:3.705408756065146,t7)1:2.335374915817036));
Weight calculation took 0.305353507 secs
ASTRAL finished in 1.027 secs
