
================== ASTRAL ===================== 

This is ASTRAL version 5.7.8
Gene trees are treated as unrooted
3049 trees read from quartet_temp.txt
index0
All output trees will be *arbitrarily* rooted at t2

======== Running the main analysis
Number of taxa: 10 (10 species)
Taxa: [t2, t4, t1, t3, t8, t6, t7, t10, t9, t5]
Taxon occupancy: {t4=659, t5=892, t6=1403, t10=1352, t7=1331, t8=1271, t9=1444, t1=1054, t2=1303, t3=1487}
Number of gene trees: 3049
3049 trees have missing taxa
Calculating quartet distance matrix (for completion of X)
Species tree distances calculated ...
Will attempt to complete bipartitions from X before adding using a distance matrix.
Building set of clusters (X) from gene trees 
------------------------------
gradient0: 51
Number of Clusters after addition by distance: 51
calculating extra bipartitions to be added at level 1 ...
Adding to X using resolutions of greedy consensus ...
Limit for sigma of degrees:300
polytomy size limit : 3
discarded polytomies:  []
Threshold 0.0:
Threshold 0.01:
Threshold 0.02:
Threshold 0.05:
Threshold 0.1:
Threshold 0.2:
Threshold 0.3333333333333333:
max k is :0
Number of Clusters after addition by greedy: 51
gradient0 in heuristiic: 51
calculating all possible bipartitions ...
Number of Clusters After Adding All possible clusters: 1023
partitions formed in 0.548 secs
Dynamic Programming starting after 0.549 secs
Using tree-based weight calculation.
Using polytree-based weight calculation.
Polytree max score: 3049
Polytree building time: 0.041 seconds.
Number of quartet trees in the gene trees: 3049
Size of largest cluster: 10
Greedy score: 3031
estimationFactor: 1.0059386341141539
Sub-optimal score: 3031
Total Number of elements weighted: 1041
Normalized score (portion of input quartet trees satisfied before correcting for multiple individuals): 0.9940964250573958
Optimization score: 3031
Optimal tree inferred in 0.925 secs.
(t4,(t5,((t2,t10),((t6,t7),(t1,(t8,(t3,t9)))))));
Final quartet score is: 3031
Final normalized quartet score is: 0.9940964250573958
You may want to ignore posterior probabilities and other statistics related to the following branch branch because the effective number of genes impacting it is only 8:
	{t1, t3, t8, t6, t7, t9}
Extended species tree:
(t2,(t10,(((t6,t7)1:1.0055218656020977,(t1,(t8,(t3,t9)1:3.2321210516182224)1:0.826678573184468)1:5.347107530717472)0.97:0.6931471805599453,(t5,t4)1:3.9765615265657206)1:4.127134385045093));
Weight calculation took 0.165323352 secs
ASTRAL finished in 1.182 secs
