
================== ASTRAL ===================== 

This is ASTRAL version 5.7.8
Gene trees are treated as unrooted
750 trees read from quartet_temp.txt
index0
All output trees will be *arbitrarily* rooted at t10

======== Running the main analysis
Number of taxa: 10 (10 species)
Taxa: [t10, t9, t1, t3, t5, t8, t2, t4, t7, t6]
Taxon occupancy: {t4=364, t5=250, t10=333, t6=247, t7=275, t8=311, t9=310, t1=432, t2=355, t3=123}
Number of gene trees: 750
750 trees have missing taxa
Calculating quartet distance matrix (for completion of X)
Species tree distances calculated ...
Will attempt to complete bipartitions from X before adding using a distance matrix.
Building set of clusters (X) from gene trees 
------------------------------
gradient0: 37
Number of Clusters after addition by distance: 37
calculating extra bipartitions to be added at level 1 ...
Adding to X using resolutions of greedy consensus ...
Limit for sigma of degrees:300
polytomy size limit : 3
discarded polytomies:  []
Threshold 0.0:
Threshold 0.01:
Threshold 0.02:
Threshold 0.05:
Threshold 0.1:
Threshold 0.2:
Threshold 0.3333333333333333:
max k is :0
Number of Clusters after addition by greedy: 37
gradient0 in heuristiic: 37
calculating all possible bipartitions ...
Number of Clusters After Adding All possible clusters: 1023
partitions formed in 0.279 secs
Dynamic Programming starting after 0.279 secs
Using tree-based weight calculation.
Using polytree-based weight calculation.
Polytree max score: 750
Polytree building time: 0.013 seconds.
Number of quartet trees in the gene trees: 750
Size of largest cluster: 10
Greedy score: 750
estimationFactor: 1.0
Sub-optimal score: 750
Total Number of elements weighted: 1024
Normalized score (portion of input quartet trees satisfied before correcting for multiple individuals): 1.0
Optimization score: 750
Optimal tree inferred in 0.475 secs.
(t9,(t10,(t8,((t4,t7),(t3,((t2,t6),(t1,t5)))))));
Final quartet score is: 750
Final normalized quartet score is: 1.0
You may want to ignore posterior probabilities and other statistics related to the following branch branch because the effective number of genes impacting it is only 4:
	{t4, t7}
You may want to ignore posterior probabilities and other statistics related to the following branch branch because the effective number of genes impacting it is only 5:
	{t2, t6}
You may want to ignore posterior probabilities and other statistics related to the following branch branch because the effective number of genes impacting it is only 14:
	{t1, t5, t2, t6}
You may want to ignore posterior probabilities and other statistics related to the following branch branch because the effective number of genes impacting it is only 14:
	{t1, t3, t5, t2, t6}
Extended species tree:
(t10,((t8,((t4,t7)0.98:1.2039728043259361,(t3,((t2,t6)0.99:1.3862943611198908,(t1,t5)1:2.730029107820986)1:2.302585092994046)1:2.302585092994046)1:3.0285220963769826)1:2.6390573296152575,t9));
Weight calculation took 0.076247023 secs
ASTRAL finished in 0.644 secs
