
================== ASTRAL ===================== 

This is ASTRAL version 5.7.8
Gene trees are treated as unrooted
800 trees read from quartet_temp.txt
index0
All output trees will be *arbitrarily* rooted at t5

======== Running the main analysis
Number of taxa: 10 (10 species)
Taxa: [t5, t7, t10, t4, t9, t2, t1, t3, t6, t8]
Taxon occupancy: {t4=505, t5=408, t10=495, t6=175, t7=405, t8=289, t9=277, t1=227, t2=291, t3=128}
Number of gene trees: 800
800 trees have missing taxa
Calculating quartet distance matrix (for completion of X)
Species tree distances calculated ...
Will attempt to complete bipartitions from X before adding using a distance matrix.
Building set of clusters (X) from gene trees 
------------------------------
gradient0: 65
Number of Clusters after addition by distance: 65
calculating extra bipartitions to be added at level 1 ...
Adding to X using resolutions of greedy consensus ...
Limit for sigma of degrees:300
polytomy size limit : 3
discarded polytomies:  []
Threshold 0.0:
Threshold 0.01:
Threshold 0.02:
Threshold 0.05:
Threshold 0.1:
Threshold 0.2:
Threshold 0.3333333333333333:
max k is :0
Number of Clusters after addition by greedy: 65
gradient0 in heuristiic: 65
calculating all possible bipartitions ...
Number of Clusters After Adding All possible clusters: 1023
partitions formed in 0.261 secs
Dynamic Programming starting after 0.261 secs
Using tree-based weight calculation.
Using polytree-based weight calculation.
Polytree max score: 800
Polytree building time: 0.024 seconds.
Number of quartet trees in the gene trees: 800
Size of largest cluster: 10
Greedy score: 777
estimationFactor: 1.0296010296010296
Sub-optimal score: 781
Total Number of elements weighted: 1053
Normalized score (portion of input quartet trees satisfied before correcting for multiple individuals): 0.97625
Optimization score: 781
Optimal tree inferred in 0.482 secs.
(t7,(t5,((t9,t8),((t2,t6),(t1,(t3,(t10,t4)))))));
Final quartet score is: 781
Final normalized quartet score is: 0.97625
You may want to ignore posterior probabilities and other statistics related to the following branch branch because the effective number of genes impacting it is only 4:
	{t9, t8}
You may want to ignore posterior probabilities and other statistics related to the following branch branch because the effective number of genes impacting it is only 4:
	{t2, t6}
You may want to ignore posterior probabilities and other statistics related to the following branch branch because the effective number of genes impacting it is only 14:
	{t10, t4}
You may want to ignore posterior probabilities and other statistics related to the following branch branch because the effective number of genes impacting it is only 5:
	{t10, t4, t3}
Extended species tree:
(t5,(((t9,t8)0.98:1.2039728043259361,((t2,t6)0.98:1.2039728043259361,(t1,(t3,(t10,t4)1:1.6094379124341005)0.99:1.3862943611198908)1:2.961830721878311)1:1.072636802264849)1:1.413693335308005,t7));
Weight calculation took 0.084619836 secs
ASTRAL finished in 0.668 secs
