
================== ASTRAL ===================== 

This is ASTRAL version 5.7.8
Gene trees are treated as unrooted
2088 trees read from quartet_temp.txt
index0
All output trees will be *arbitrarily* rooted at t3

======== Running the main analysis
Number of taxa: 10 (10 species)
Taxa: [t3, t6, t1, t2, t4, t5, t9, t7, t10, t8]
Taxon occupancy: {t4=965, t5=674, t6=1094, t10=579, t7=509, t8=804, t9=914, t1=941, t2=1127, t3=745}
Number of gene trees: 2088
2088 trees have missing taxa
Calculating quartet distance matrix (for completion of X)
Species tree distances calculated ...
Will attempt to complete bipartitions from X before adding using a distance matrix.
Building set of clusters (X) from gene trees 
------------------------------
gradient0: 73
Number of Clusters after addition by distance: 73
calculating extra bipartitions to be added at level 1 ...
Adding to X using resolutions of greedy consensus ...
Limit for sigma of degrees:300
polytomy size limit : 3
discarded polytomies:  []
Threshold 0.0:
Threshold 0.01:
Threshold 0.02:
Threshold 0.05:
Threshold 0.1:
Threshold 0.2:
Threshold 0.3333333333333333:
max k is :0
Number of Clusters after addition by greedy: 73
gradient0 in heuristiic: 73
calculating all possible bipartitions ...
Number of Clusters After Adding All possible clusters: 1023
partitions formed in 0.507 secs
Dynamic Programming starting after 0.507 secs
Using tree-based weight calculation.
Using polytree-based weight calculation.
Polytree max score: 2088
Polytree building time: 0.015 seconds.
Number of quartet trees in the gene trees: 2088
Size of largest cluster: 10
Greedy score: 2065
estimationFactor: 1.011138014527845
Sub-optimal score: 2065
Total Number of elements weighted: 844
Normalized score (portion of input quartet trees satisfied before correcting for multiple individuals): 0.9889846743295019
Optimization score: 2065
Optimal tree inferred in 0.808 secs.
(t6,((t8,(t9,t10)),(t7,(t3,(t5,(t1,(t2,t4)))))));
Final quartet score is: 2065
Final normalized quartet score is: 0.9889846743295019
You may want to ignore posterior probabilities and other statistics related to the following branch branch because the effective number of genes impacting it is only 19:
	{t9, t10}
Extended species tree:
(t3,((t5,(t1,(t2,t4)1:2.005333569526114)1:3.784189633918262)1:3.091042453358317,(t7,((t8,(t9,t10)1:2.590267165445826)1:0.7576857016975165,t6)1:3.1110431200649846)1:2.302585092994046));
Weight calculation took 0.151929457 secs
ASTRAL finished in 1.039 secs
