
================== ASTRAL ===================== 

This is ASTRAL version 5.7.8
Gene trees are treated as unrooted
1679 trees read from quartet_temp.txt
index0
All output trees will be *arbitrarily* rooted at t6

======== Running the main analysis
Number of taxa: 10 (10 species)
Taxa: [t6, t8, t1, t2, t9, t10, t3, t7, t4, t5]
Taxon occupancy: {t4=738, t5=414, t6=883, t10=529, t7=534, t8=588, t9=673, t1=816, t2=954, t3=587}
Number of gene trees: 1679
1679 trees have missing taxa
Calculating quartet distance matrix (for completion of X)
Species tree distances calculated ...
Will attempt to complete bipartitions from X before adding using a distance matrix.
Building set of clusters (X) from gene trees 
------------------------------
gradient0: 55
Number of Clusters after addition by distance: 55
calculating extra bipartitions to be added at level 1 ...
Adding to X using resolutions of greedy consensus ...
Limit for sigma of degrees:300
polytomy size limit : 3
discarded polytomies:  []
Threshold 0.0:
Threshold 0.01:
Threshold 0.02:
Threshold 0.05:
Threshold 0.1:
Threshold 0.2:
Threshold 0.3333333333333333:
max k is :0
Number of Clusters after addition by greedy: 55
gradient0 in heuristiic: 55
calculating all possible bipartitions ...
Number of Clusters After Adding All possible clusters: 1023
partitions formed in 0.38 secs
Dynamic Programming starting after 0.38 secs
Using tree-based weight calculation.
Using polytree-based weight calculation.
Polytree max score: 1679
Polytree building time: 0.028 seconds.
Number of quartet trees in the gene trees: 1679
Size of largest cluster: 10
Greedy score: 1667
estimationFactor: 1.0071985602879423
Sub-optimal score: 1667
Total Number of elements weighted: 904
Normalized score (portion of input quartet trees satisfied before correcting for multiple individuals): 0.9928528886241811
Optimization score: 1667
Optimal tree inferred in 0.613 secs.
(t8,((t9,t10),(t6,(t7,(t3,(t5,(t1,(t2,t4))))))));
Final quartet score is: 1667
Final normalized quartet score is: 0.9928528886241811
You may want to ignore posterior probabilities and other statistics related to the following branch branch because the effective number of genes impacting it is only 13:
	{t1, t2, t4, t5}
You may want to ignore posterior probabilities and other statistics related to the following branch branch because the effective number of genes impacting it is only 16:
	{t9, t10}
You may want to ignore posterior probabilities and other statistics related to the following branch branch because the effective number of genes impacting it is only 15:
	{t8, t9, t10}
Extended species tree:
(t6,((t7,(t3,(t5,(t1,(t2,t4)1:2.938573859714043)1:2.447166321805153)1:1.1349799328389845)1:2.8526314299133184)1:4.521788577049036,((t9,t10)1:1.7346010553881062,t8)1:0.9808292530117262));
Weight calculation took 0.080198792 secs
ASTRAL finished in 0.828 secs
