
================== ASTRAL ===================== 

This is ASTRAL version 5.7.8
Gene trees are treated as unrooted
593 trees read from quartet_temp.txt
index0
All output trees will be *arbitrarily* rooted at t4

======== Running the main analysis
Number of taxa: 10 (10 species)
Taxa: [t4, t9, t2, t6, t10, t1, t5, t7, t8, t3]
Taxon occupancy: {t4=268, t5=208, t6=146, t10=292, t7=219, t8=229, t9=266, t1=318, t2=299, t3=127}
Number of gene trees: 593
593 trees have missing taxa
Calculating quartet distance matrix (for completion of X)
Species tree distances calculated ...
Will attempt to complete bipartitions from X before adding using a distance matrix.
Building set of clusters (X) from gene trees 
------------------------------
gradient0: 49
Number of Clusters after addition by distance: 49
calculating extra bipartitions to be added at level 1 ...
Adding to X using resolutions of greedy consensus ...
Limit for sigma of degrees:300
polytomy size limit : 3
discarded polytomies:  []
Threshold 0.0:
Threshold 0.01:
Threshold 0.02:
Threshold 0.05:
Threshold 0.1:
Threshold 0.2:
Threshold 0.3333333333333333:
max k is :0
Number of Clusters after addition by greedy: 49
gradient0 in heuristiic: 49
calculating all possible bipartitions ...
Number of Clusters After Adding All possible clusters: 1023
partitions formed in 0.264 secs
Dynamic Programming starting after 0.264 secs
Using tree-based weight calculation.
Using polytree-based weight calculation.
Polytree max score: 593
Polytree building time: 0.011 seconds.
Number of quartet trees in the gene trees: 593
Size of largest cluster: 10
Greedy score: 587
estimationFactor: 1.010221465076661
Sub-optimal score: 587
Total Number of elements weighted: 1024
Normalized score (portion of input quartet trees satisfied before correcting for multiple individuals): 0.9898819561551433
Optimization score: 587
Optimal tree inferred in 0.425 secs.
(t9,(t10,(t8,((t4,t7),(t3,((t1,t5),(t2,t6)))))));
Final quartet score is: 587
Final normalized quartet score is: 0.9898819561551433
You may want to ignore posterior probabilities and other statistics related to the following branch branch because the effective number of genes impacting it is only 8:
	{t1, t5}
You may want to ignore posterior probabilities and other statistics related to the following branch branch because the effective number of genes impacting it is only 8:
	{t2, t6}
You may want to ignore posterior probabilities and other statistics related to the following branch branch because the effective number of genes impacting it is only 18:
	{t2, t6, t1, t5, t3}
You may want to ignore posterior probabilities and other statistics related to the following branch branch because the effective number of genes impacting it is only 11:
	{t9, t10}
You may want to ignore posterior probabilities and other statistics related to the following branch branch because the effective number of genes impacting it is only 5:
	{t9, t2, t6, t10, t1, t5, t8, t3}
Extended species tree:
(t4,(t7,((t3,((t1,t5)1:1.7917594692280545,(t2,t6)1:1.7917594692280545)1:2.772588722239782)1:2.538973871058275,(t8,(t10,t9)1:2.0794415416798353)1:1.5686159179138457)0.93:0.6931471805599453));
Weight calculation took 0.082067314 secs
ASTRAL finished in 0.598 secs
