
================== ASTRAL ===================== 

This is ASTRAL version 5.7.8
Gene trees are treated as unrooted
468 trees read from quartet_temp.txt
index0
All output trees will be *arbitrarily* rooted at t10

======== Running the main analysis
Number of taxa: 10 (10 species)
Taxa: [t10, t6, t1, t8, t9, t5, t2, t3, t4, t7]
Taxon occupancy: {t4=111, t5=193, t10=259, t6=235, t7=146, t8=114, t9=135, t1=157, t2=263, t3=259}
Number of gene trees: 468
468 trees have missing taxa
Calculating quartet distance matrix (for completion of X)
Species tree distances calculated ...
Will attempt to complete bipartitions from X before adding using a distance matrix.
Building set of clusters (X) from gene trees 
------------------------------
gradient0: 67
Number of Clusters after addition by distance: 67
calculating extra bipartitions to be added at level 1 ...
Adding to X using resolutions of greedy consensus ...
Limit for sigma of degrees:300
polytomy size limit : 3
discarded polytomies:  []
Threshold 0.0:
Threshold 0.01:
Threshold 0.02:
Threshold 0.05:
Threshold 0.1:
Threshold 0.2:
Threshold 0.3333333333333333:
max k is :0
Number of Clusters after addition by greedy: 67
gradient0 in heuristiic: 67
calculating all possible bipartitions ...
Number of Clusters After Adding All possible clusters: 1023
partitions formed in 0.23 secs
Dynamic Programming starting after 0.23 secs
Using tree-based weight calculation.
Using polytree-based weight calculation.
Polytree max score: 468
Polytree building time: 0.011 seconds.
Number of quartet trees in the gene trees: 468
Size of largest cluster: 10
Greedy score: 458
estimationFactor: 1.0218340611353711
Sub-optimal score: 458
Total Number of elements weighted: 1063
Normalized score (portion of input quartet trees satisfied before correcting for multiple individuals): 0.9786324786324786
Optimization score: 458
Optimal tree inferred in 0.402 secs.
(t6,(t10,((t9,(t1,t8)),((t5,t7),(t4,(t2,t3))))));
Final quartet score is: 458
Final normalized quartet score is: 0.9786324786324786
You may want to ignore posterior probabilities and other statistics related to the following branch branch because the effective number of genes impacting it is only 4:
	{t1, t8}
You may want to ignore posterior probabilities and other statistics related to the following branch branch because the effective number of genes impacting it is only 11:
	{t2, t3}
You may want to ignore posterior probabilities and other statistics related to the following branch branch because the effective number of genes impacting it is only 16:
	{t2, t3, t4}
You may want to ignore posterior probabilities and other statistics related to the following branch branch because the effective number of genes impacting it is only 17:
	{t5, t2, t3, t4, t7}
Extended species tree:
(t10,(((t9,(t1,t8)0.44:0.1053605156578264)1:2.890371757896163,((t5,t7)1:2.890371757896163,(t4,(t2,t3)0.99:0.6931471805599453)1:0.8183103235139515)1:2.484906649788)1:3.332204510175203,t6));
Weight calculation took 0.075461882 secs
ASTRAL finished in 0.547 secs
