
================== ASTRAL ===================== 

This is ASTRAL version 5.7.8
Gene trees are treated as unrooted
508 trees read from quartet_temp.txt
index0
All output trees will be *arbitrarily* rooted at t5

======== Running the main analysis
Number of taxa: 10 (10 species)
Taxa: [t5, t7, t2, t6, t8, t10, t3, t4, t1, t9]
Taxon occupancy: {t4=209, t5=188, t6=133, t10=162, t7=167, t8=241, t9=290, t1=263, t2=209, t3=170}
Number of gene trees: 508
508 trees have missing taxa
Calculating quartet distance matrix (for completion of X)
Species tree distances calculated ...
Will attempt to complete bipartitions from X before adding using a distance matrix.
Building set of clusters (X) from gene trees 
------------------------------
gradient0: 57
Number of Clusters after addition by distance: 57
calculating extra bipartitions to be added at level 1 ...
Adding to X using resolutions of greedy consensus ...
Limit for sigma of degrees:300
polytomy size limit : 3
discarded polytomies:  []
Threshold 0.0:
Threshold 0.01:
Threshold 0.02:
Threshold 0.05:
Threshold 0.1:
Threshold 0.2:
Threshold 0.3333333333333333:
max k is :0
Number of Clusters after addition by greedy: 57
gradient0 in heuristiic: 57
calculating all possible bipartitions ...
Number of Clusters After Adding All possible clusters: 1023
partitions formed in 0.232 secs
Dynamic Programming starting after 0.232 secs
Using tree-based weight calculation.
Using polytree-based weight calculation.
Polytree max score: 508
Polytree building time: 0.019 seconds.
Number of quartet trees in the gene trees: 508
Size of largest cluster: 10
Greedy score: 495
estimationFactor: 1.0262626262626262
Sub-optimal score: 495
Total Number of elements weighted: 1038
Normalized score (portion of input quartet trees satisfied before correcting for multiple individuals): 0.9744094488188977
Optimization score: 495
Optimal tree inferred in 0.429 secs.
(t7,(t2,((t3,(t5,(t10,t4))),(t6,(t1,(t8,t9))))));
Final quartet score is: 495
Final normalized quartet score is: 0.9744094488188977
You may want to ignore posterior probabilities and other statistics related to the following branch branch because the effective number of genes impacting it is only 2:
	{t10, t4}
You may want to ignore posterior probabilities and other statistics related to the following branch branch because the effective number of genes impacting it is only 16:
	{t8, t9}
You may want to ignore posterior probabilities and other statistics related to the following branch branch because the effective number of genes impacting it is only 6:
	{t6, t8, t1, t9}
You may want to ignore posterior probabilities and other statistics related to the following branch branch because the effective number of genes impacting it is only 12:
	{t7, t2}
You may want to ignore posterior probabilities and other statistics related to the following branch branch because the effective number of genes impacting it is only 7:
	{t7, t2, t6, t8, t3, t1, t9}
Extended species tree:
(t5,((t10,t4)0.87:0.6931471805599453,(t3,((t6,(t1,(t8,t9)1:2.4277482359480516)1:1.498772344546581)0.83:0.4418327522790392,(t2,t7)1:1.0608719606852628)1:1.5404450409471486)1:1.6739764335716716));
Weight calculation took 0.078981214 secs
ASTRAL finished in 0.574 secs
