
================== ASTRAL ===================== 

This is ASTRAL version 5.7.8
Gene trees are treated as unrooted
4817 trees read from tmp_quartet_xkKCudue8LyZ7.txt
index0
All output trees will be *arbitrarily* rooted at t8

======== Running the main analysis
Number of taxa: 10 (10 species)
Taxa: [t8, t9, t1, t2, t3, t4, t5, t6, t7, t10]
Taxon occupancy: {t4=1902, t5=1704, t6=1540, t10=2074, t7=1791, t8=2217, t9=2199, t1=1761, t2=2052, t3=2028}
Number of gene trees: 4817
4817 trees have missing taxa
Calculating quartet distance matrix (for completion of X)
Species tree distances calculated ...
Will attempt to complete bipartitions from X before adding using a distance matrix.
Building set of clusters (X) from gene trees 
------------------------------
gradient0: 65
Number of Clusters after addition by distance: 65
calculating extra bipartitions to be added at level 1 ...
Adding to X using resolutions of greedy consensus ...
Limit for sigma of degrees:300
polytomy size limit : 3
discarded polytomies:  []
Threshold 0.0:
Threshold 0.01:
Threshold 0.02:
Threshold 0.05:
Threshold 0.1:
Threshold 0.2:
Threshold 0.3333333333333333:
max k is :0
Number of Clusters after addition by greedy: 65
gradient0 in heuristiic: 65
calculating all possible bipartitions ...
Number of Clusters After Adding All possible clusters: 1023
partitions formed in 1.716 secs
Dynamic Programming starting after 1.716 secs
Using tree-based weight calculation.
Using polytree-based weight calculation.
Polytree max score: 4817
Polytree building time: 0.088 seconds.
Number of quartet trees in the gene trees: 4817
Size of largest cluster: 10
Greedy score: 4773
estimationFactor: 1.0092185208464277
Sub-optimal score: 4777
Total Number of elements weighted: 1081
Normalized score (portion of input quartet trees satisfied before correcting for multiple individuals): 0.9916960763960971
Optimization score: 4777
Optimal tree inferred in 2.705 secs.
(t9,(t8,(t10,(t7,((t4,t5),(t6,(t2,(t1,t3))))))));
Final quartet score is: 4777
Final normalized quartet score is: 0.9916960763960971
Extended species tree:
(t8,((t10,(t7,((t4,t5)0.79:0.18924199963852842,(t6,(t2,(t1,t3)1:2.6508917872622604)1:3.1668805297498217)1:2.5973846332146913)1:6.027474984631025)1:3.5263605246161593)1:3.0122615755052005,t9));
Weight calculation took 0.742154727 secs
ASTRAL finished in 3.147 secs
