
================== ASTRAL ===================== 

This is ASTRAL version 5.7.8
Gene trees are treated as unrooted
6180 trees read from tmp_quartet_xkKCudue8LyZ7.txt
index0
All output trees will be *arbitrarily* rooted at t2

======== Running the main analysis
Number of taxa: 10 (10 species)
Taxa: [t2, t6, t1, t3, t8, t9, t7, t10, t4, t5]
Taxon occupancy: {t4=2187, t5=2546, t6=2398, t10=2869, t7=2281, t8=2332, t9=2531, t1=2291, t2=2759, t3=2526}
Number of gene trees: 6180
6180 trees have missing taxa
Calculating quartet distance matrix (for completion of X)
Species tree distances calculated ...
Will attempt to complete bipartitions from X before adding using a distance matrix.
Building set of clusters (X) from gene trees 
------------------------------
gradient0: 67
Number of Clusters after addition by distance: 67
calculating extra bipartitions to be added at level 1 ...
Adding to X using resolutions of greedy consensus ...
Limit for sigma of degrees:300
polytomy size limit : 3
discarded polytomies:  []
Threshold 0.0:
Threshold 0.01:
Threshold 0.02:
Threshold 0.05:
Threshold 0.1:
Threshold 0.2:
Threshold 0.3333333333333333:
max k is :0
Number of Clusters after addition by greedy: 67
gradient0 in heuristiic: 67
calculating all possible bipartitions ...
Number of Clusters After Adding All possible clusters: 1023
partitions formed in 1.768 secs
Dynamic Programming starting after 1.769 secs
Using tree-based weight calculation.
Using polytree-based weight calculation.
Polytree max score: 6180
Polytree building time: 0.11 seconds.
Number of quartet trees in the gene trees: 6180
Size of largest cluster: 10
Greedy score: 6115
estimationFactor: 1.0106295993458707
Sub-optimal score: 6115
Total Number of elements weighted: 990
Normalized score (portion of input quartet trees satisfied before correcting for multiple individuals): 0.9894822006472492
Optimization score: 6115
Optimal tree inferred in 2.768 secs.
(t6,(t7,((t2,t10),((t4,t5),(t1,(t8,(t3,t9)))))));
Final quartet score is: 6115
Final normalized quartet score is: 0.9894822006472492
Extended species tree:
(t2,(t10,(((t4,t5)1:3.418146939975927,(t1,(t8,(t3,t9)1:2.708050201102211)0.99:0.49247648509779407)1:4.360121799285831)1:1.9081698210724665,(t7,t6)1:2.730029107820986)1:5.966146739123696));
Weight calculation took 0.717665059 secs
ASTRAL finished in 3.267 secs
