
================== ASTRAL ===================== 

This is ASTRAL version 5.7.8
Gene trees are treated as unrooted
1342 trees read from tmp_quartet_xkKCudue8LyZ7.txt
index0
All output trees will be *arbitrarily* rooted at t5

======== Running the main analysis
Number of taxa: 10 (10 species)
Taxa: [t5, t6, t1, t2, t3, t4, t7, t8, t9, t10]
Taxon occupancy: {t4=615, t5=503, t6=693, t10=643, t7=558, t8=479, t9=441, t1=427, t2=474, t3=535}
Number of gene trees: 1342
1342 trees have missing taxa
Calculating quartet distance matrix (for completion of X)
Species tree distances calculated ...
Will attempt to complete bipartitions from X before adding using a distance matrix.
Building set of clusters (X) from gene trees 
------------------------------
gradient0: 75
Number of Clusters after addition by distance: 75
calculating extra bipartitions to be added at level 1 ...
Adding to X using resolutions of greedy consensus ...
Limit for sigma of degrees:300
polytomy size limit : 3
discarded polytomies:  []
Threshold 0.0:
Threshold 0.01:
Threshold 0.02:
Threshold 0.05:
Threshold 0.1:
Threshold 0.2:
Threshold 0.3333333333333333:
max k is :0
Number of Clusters after addition by greedy: 75
gradient0 in heuristiic: 75
calculating all possible bipartitions ...
Number of Clusters After Adding All possible clusters: 1023
partitions formed in 0.504 secs
Dynamic Programming starting after 0.504 secs
Using tree-based weight calculation.
Using polytree-based weight calculation.
Polytree max score: 1342
Polytree building time: 0.02 seconds.
Number of quartet trees in the gene trees: 1342
Size of largest cluster: 10
Greedy score: 1258
estimationFactor: 1.066772655007949
Sub-optimal score: 1258
Total Number of elements weighted: 1179
Normalized score (portion of input quartet trees satisfied before correcting for multiple individuals): 0.9374068554396423
Optimization score: 1258
Optimal tree inferred in 0.893 secs.
(t6,(t5,(t7,((t4,t10),((t2,t9),(t1,(t3,t8)))))));
Final quartet score is: 1258
Final normalized quartet score is: 0.9374068554396423
You may want to ignore posterior probabilities and other statistics related to the following branch branch because the effective number of genes impacting it is only 15:
	{t2, t9}
You may want to ignore posterior probabilities and other statistics related to the following branch branch because the effective number of genes impacting it is only 14:
	{t3, t8}
Extended species tree:
(t5,((t7,((t4,t10)1:3.6607085771472407,((t2,t9)0.98:0.5753641449035618,(t1,(t3,t8)1:1.2039728043259361)1:1.8632184332102002)1:1.320989262712124)1:0.6114691495456782)1:2.447166321805153,t6));
Weight calculation took 0.262277682 secs
ASTRAL finished in 1.174 secs
