
================== ASTRAL ===================== 

This is ASTRAL version 5.7.8
Gene trees are treated as unrooted
3384 trees read from tmp_quartet_xkKCudue8LyZ7.txt
index0
All output trees will be *arbitrarily* rooted at t3

======== Running the main analysis
Number of taxa: 10 (10 species)
Taxa: [t3, t4, t1, t6, t9, t10, t2, t5, t8, t7]
Taxon occupancy: {t4=1396, t5=1442, t6=1404, t10=1224, t7=1416, t8=1334, t9=1198, t1=1202, t2=1444, t3=1476}
Number of gene trees: 3384
3384 trees have missing taxa
Calculating quartet distance matrix (for completion of X)
Species tree distances calculated ...
Will attempt to complete bipartitions from X before adding using a distance matrix.
Building set of clusters (X) from gene trees 
------------------------------
gradient0: 91
Number of Clusters after addition by distance: 91
calculating extra bipartitions to be added at level 1 ...
Adding to X using resolutions of greedy consensus ...
Limit for sigma of degrees:300
polytomy size limit : 3
discarded polytomies:  []
Threshold 0.0:
Threshold 0.01:
Threshold 0.02:
Threshold 0.05:
Threshold 0.1:
Threshold 0.2:
Threshold 0.3333333333333333:
max k is :0
Number of Clusters after addition by greedy: 91
gradient0 in heuristiic: 91
calculating all possible bipartitions ...
Number of Clusters After Adding All possible clusters: 1023
partitions formed in 1.008 secs
Dynamic Programming starting after 1.008 secs
Using tree-based weight calculation.
Using polytree-based weight calculation.
Polytree max score: 3384
Polytree building time: 0.079 seconds.
Number of quartet trees in the gene trees: 3384
Size of largest cluster: 10
Greedy score: 3292
estimationFactor: 1.0279465370595382
Sub-optimal score: 3292
Total Number of elements weighted: 960
Normalized score (portion of input quartet trees satisfied before correcting for multiple individuals): 0.9728132387706856
Optimization score: 3292
Optimal tree inferred in 1.709 secs.
(t4,(t3,((t2,(t5,(t8,t7))),(t10,(t9,(t1,t6))))));
Final quartet score is: 3292
Final normalized quartet score is: 0.9728132387706856
Extended species tree:
(t3,(((t2,(t5,(t8,t7)1:1.845826690498331)1:2.984558972955867)1:2.8067217286092383,(t10,(t9,(t1,t6)1:1.252762968495368)1:0.9808292530117262)1:2.2201088711698076)1:2.5283917617277387,t4));
Weight calculation took 0.489631359 secs
ASTRAL finished in 2.092 secs
