
================== ASTRAL ===================== 

This is ASTRAL version 5.7.8
Gene trees are treated as unrooted
5120 trees read from tmp_quartet_xkKCudue8LyZ7.txt
index0
All output trees will be *arbitrarily* rooted at t4

======== Running the main analysis
Number of taxa: 10 (10 species)
Taxa: [t4, t8, t1, t5, t6, t7, t9, t10, t2, t3]
Taxon occupancy: {t4=1861, t5=1800, t6=2056, t10=2106, t7=1932, t8=1630, t9=2097, t1=1913, t2=2574, t3=2511}
Number of gene trees: 5120
5120 trees have missing taxa
Calculating quartet distance matrix (for completion of X)
Species tree distances calculated ...
Will attempt to complete bipartitions from X before adding using a distance matrix.
Building set of clusters (X) from gene trees 
------------------------------
gradient0: 57
Number of Clusters after addition by distance: 57
calculating extra bipartitions to be added at level 1 ...
Adding to X using resolutions of greedy consensus ...
Limit for sigma of degrees:300
polytomy size limit : 3
discarded polytomies:  []
Threshold 0.0:
Threshold 0.01:
Threshold 0.02:
Threshold 0.05:
Threshold 0.1:
Threshold 0.2:
Threshold 0.3333333333333333:
max k is :0
Number of Clusters after addition by greedy: 57
gradient0 in heuristiic: 57
calculating all possible bipartitions ...
Number of Clusters After Adding All possible clusters: 1023
partitions formed in 1.497 secs
Dynamic Programming starting after 1.497 secs
Using tree-based weight calculation.
Using polytree-based weight calculation.
Polytree max score: 5120
Polytree building time: 0.095 seconds.
Number of quartet trees in the gene trees: 5120
Size of largest cluster: 10
Greedy score: 5091
estimationFactor: 1.0056963268513062
Sub-optimal score: 5091
Total Number of elements weighted: 957
Normalized score (portion of input quartet trees satisfied before correcting for multiple individuals): 0.9943359375
Optimization score: 5091
Optimal tree inferred in 2.343 secs.
(t8,(t4,((t1,(t2,t3)),((t9,t10),(t5,(t6,t7))))));
Final quartet score is: 5091
Final normalized quartet score is: 0.9943359375
Extended species tree:
(t4,(((t1,(t2,t3)1:3.1640675883732072)1:5.365976015021851,((t9,t10)1:5.534706144612264,(t5,(t6,t7)1:3.9120230054281477)1:1.6314168191528755)1:3.4106761256166993)1:4.238925791033211,t8));
Weight calculation took 0.587998372 secs
ASTRAL finished in 2.855 secs
