
================== ASTRAL ===================== 

This is ASTRAL version 5.7.8
Gene trees are treated as unrooted
2206 trees read from quartet_temp.txt
index0
All output trees will be *arbitrarily* rooted at t10

======== Running the main analysis
Number of taxa: 10 (10 species)
Taxa: [t10, t4, t3, t5, t2, t7, t1, t8, t9, t6]
Taxon occupancy: {t4=935, t5=819, t10=830, t6=511, t7=815, t8=1043, t9=1212, t1=957, t2=914, t3=788}
Number of gene trees: 2206
2206 trees have missing taxa
Calculating quartet distance matrix (for completion of X)
Species tree distances calculated ...
Will attempt to complete bipartitions from X before adding using a distance matrix.
Building set of clusters (X) from gene trees 
------------------------------
gradient0: 47
Number of Clusters after addition by distance: 47
calculating extra bipartitions to be added at level 1 ...
Adding to X using resolutions of greedy consensus ...
Limit for sigma of degrees:300
polytomy size limit : 3
discarded polytomies:  []
Threshold 0.0:
Threshold 0.01:
Threshold 0.02:
Threshold 0.05:
Threshold 0.1:
Threshold 0.2:
Threshold 0.3333333333333333:
max k is :0
Number of Clusters after addition by greedy: 47
gradient0 in heuristiic: 47
calculating all possible bipartitions ...
Number of Clusters After Adding All possible clusters: 1023
partitions formed in 0.143 secs
Dynamic Programming starting after 0.143 secs
Using tree-based weight calculation.
Using polytree-based weight calculation.
Polytree max score: 2206
Polytree building time: 0.01 seconds.
Number of quartet trees in the gene trees: 2206
Size of largest cluster: 10
Greedy score: 2200
estimationFactor: 1.0027272727272727
Sub-optimal score: 2200
Total Number of elements weighted: 1051
Normalized score (portion of input quartet trees satisfied before correcting for multiple individuals): 0.9972801450589301
Optimization score: 2200
Optimal tree inferred in 0.24 secs.
(t4,(t10,(t5,(t3,((t2,t7),(t6,(t1,(t8,t9))))))));
Final quartet score is: 2200
Final normalized quartet score is: 0.9972801450589301
You may want to ignore posterior probabilities and other statistics related to the following branch branch because the effective number of genes impacting it is only 10:
	{t1, t8, t9, t6}
Extended species tree:
(t10,((t5,(t3,((t2,t7)1:4.469732215092986,(t6,(t1,(t8,t9)1:3.737669618283365)1:4.484884020113582)1:1.9924301646902058)1:1.7261621867422416)1:3.8430301339411983)1:3.2321210516182224,t4));
Weight calculation took 0.055611251 secs
ASTRAL finished in 0.315 secs
