
================== ASTRAL ===================== 

This is ASTRAL version 5.7.8
Gene trees are treated as unrooted
1522 trees read from quartet_temp.txt
index0
All output trees will be *arbitrarily* rooted at t2

======== Running the main analysis
Number of taxa: 10 (10 species)
Taxa: [t2, t5, t1, t3, t4, t9, t6, t7, t8, t10]
Taxon occupancy: {t4=622, t5=638, t6=730, t10=570, t7=733, t8=351, t9=405, t1=741, t2=743, t3=555}
Number of gene trees: 1522
1522 trees have missing taxa
Calculating quartet distance matrix (for completion of X)
Species tree distances calculated ...
Will attempt to complete bipartitions from X before adding using a distance matrix.
Building set of clusters (X) from gene trees 
------------------------------
gradient0: 71
Number of Clusters after addition by distance: 71
calculating extra bipartitions to be added at level 1 ...
Adding to X using resolutions of greedy consensus ...
Limit for sigma of degrees:300
polytomy size limit : 3
discarded polytomies:  []
Threshold 0.0:
Threshold 0.01:
Threshold 0.02:
Threshold 0.05:
Threshold 0.1:
Threshold 0.2:
Threshold 0.3333333333333333:
max k is :0
Number of Clusters after addition by greedy: 71
gradient0 in heuristiic: 71
calculating all possible bipartitions ...
Number of Clusters After Adding All possible clusters: 1023
partitions formed in 0.109 secs
Dynamic Programming starting after 0.109 secs
Using tree-based weight calculation.
Using polytree-based weight calculation.
Polytree max score: 1522
Polytree building time: 0.008 seconds.
Number of quartet trees in the gene trees: 1522
Size of largest cluster: 10
Greedy score: 1504
estimationFactor: 1.011968085106383
Sub-optimal score: 1504
Total Number of elements weighted: 1069
Normalized score (portion of input quartet trees satisfied before correcting for multiple individuals): 0.988173455978975
Optimization score: 1504
Optimal tree inferred in 0.203 secs.
(t5,(t2,((t1,t4),(t8,(t3,(t9,(t10,(t6,t7))))))));
Final quartet score is: 1504
Final normalized quartet score is: 0.988173455978975
You may want to ignore posterior probabilities and other statistics related to the following branch branch because the effective number of genes impacting it is only 0:
	{t6, t7, t10}
You may want to ignore posterior probabilities and other statistics related to the following branch branch because the effective number of genes impacting it is only 5:
	{t3, t9, t6, t7, t8, t10}
Extended species tree:
(t2,(((t1,t4)1:4.001254139156088,(t8,(t3,(t9,(t10,(t6,t7)1:3.0757749812275272)0.33:0.0)1:1.9459101490553135)1:3.2451931331855737)0.93:0.6931471805599453)1:3.4965075614664793,t5));
Weight calculation took 0.057347322 secs
ASTRAL finished in 0.27 secs
