
================== ASTRAL ===================== 

This is ASTRAL version 5.7.8
Gene trees are treated as unrooted
3495 trees read from quartet_temp.txt
index0
All output trees will be *arbitrarily* rooted at t2

======== Running the main analysis
Number of taxa: 10 (10 species)
Taxa: [t2, t7, t1, t3, t4, t10, t5, t6, t8, t9]
Taxon occupancy: {t4=1512, t5=1744, t10=1276, t6=1689, t7=1547, t8=1109, t9=1107, t1=1080, t2=1302, t3=1614}
Number of gene trees: 3495
3495 trees have missing taxa
Calculating quartet distance matrix (for completion of X)
Species tree distances calculated ...
Will attempt to complete bipartitions from X before adding using a distance matrix.
Building set of clusters (X) from gene trees 
------------------------------
gradient0: 77
Number of Clusters after addition by distance: 77
calculating extra bipartitions to be added at level 1 ...
Adding to X using resolutions of greedy consensus ...
Limit for sigma of degrees:300
polytomy size limit : 3
discarded polytomies:  []
Threshold 0.0:
Threshold 0.01:
Threshold 0.02:
Threshold 0.05:
Threshold 0.1:
Threshold 0.2:
Threshold 0.3333333333333333:
max k is :0
Number of Clusters after addition by greedy: 77
gradient0 in heuristiic: 77
calculating all possible bipartitions ...
Number of Clusters After Adding All possible clusters: 1023
partitions formed in 0.194 secs
Dynamic Programming starting after 0.194 secs
Using tree-based weight calculation.
Using polytree-based weight calculation.
Polytree max score: 3495
Polytree building time: 0.013 seconds.
Number of quartet trees in the gene trees: 3495
Size of largest cluster: 10
Greedy score: 3441
estimationFactor: 1.015693112467306
Sub-optimal score: 3446
Total Number of elements weighted: 1214
Normalized score (portion of input quartet trees satisfied before correcting for multiple individuals): 0.9859799713876967
Optimization score: 3446
Optimal tree inferred in 0.323 secs.
(t7,((t2,t10),(t1,((t8,t9),((t5,t6),(t3,t4))))));
Final quartet score is: 3446
Final normalized quartet score is: 0.9859799713876967
You may want to ignore posterior probabilities and other statistics related to the following branch branch because the effective number of genes impacting it is only 8:
	{t3, t4}
You may want to ignore posterior probabilities and other statistics related to the following branch branch because the effective number of genes impacting it is only 15:
	{t7, t1, t3, t4, t5, t6, t8, t9}
Extended species tree:
(t2,(t10,((t1,((t8,t9)1:0.6405034470745234,((t5,t6)1:3.6720723357975578,(t3,t4)0.97:0.6931471805599453)1:4.631487494305473)1:3.205452804536062)1:1.5404450409471486,t7)0.94:0.42121346507630353));
Weight calculation took 0.077807985 secs
ASTRAL finished in 0.406 secs
