
================== ASTRAL ===================== 

This is ASTRAL version 5.7.8
Gene trees are treated as unrooted
1673 trees read from quartet_temp.txt
index0
All output trees will be *arbitrarily* rooted at t10

======== Running the main analysis
Number of taxa: 10 (10 species)
Taxa: [t10, t4, t1, t2, t3, t5, t6, t7, t8, t9]
Taxon occupancy: {t4=786, t5=582, t10=781, t6=856, t7=681, t8=623, t9=613, t1=581, t2=549, t3=640}
Number of gene trees: 1673
1673 trees have missing taxa
Calculating quartet distance matrix (for completion of X)
Species tree distances calculated ...
Will attempt to complete bipartitions from X before adding using a distance matrix.
Building set of clusters (X) from gene trees 
------------------------------
gradient0: 61
Number of Clusters after addition by distance: 61
calculating extra bipartitions to be added at level 1 ...
Adding to X using resolutions of greedy consensus ...
Limit for sigma of degrees:300
polytomy size limit : 3
discarded polytomies:  []
Threshold 0.0:
Threshold 0.01:
Threshold 0.02:
Threshold 0.05:
Threshold 0.1:
Threshold 0.2:
Threshold 0.3333333333333333:
max k is :0
Number of Clusters after addition by greedy: 61
gradient0 in heuristiic: 61
calculating all possible bipartitions ...
Number of Clusters After Adding All possible clusters: 1023
partitions formed in 0.116 secs
Dynamic Programming starting after 0.116 secs
Using tree-based weight calculation.
Using polytree-based weight calculation.
Polytree max score: 1673
Polytree building time: 0.01 seconds.
Number of quartet trees in the gene trees: 1673
Size of largest cluster: 10
Greedy score: 1590
estimationFactor: 1.0522012578616353
Sub-optimal score: 1590
Total Number of elements weighted: 1061
Normalized score (portion of input quartet trees satisfied before correcting for multiple individuals): 0.9593544530783025
Optimization score: 1605
Optimal tree inferred in 0.212 secs.
(t4,(t10,((t7,(t5,t6)),((t2,t9),(t1,(t3,t8))))));
Final quartet score is: 1605
Final normalized quartet score is: 0.9593544530783025
You may want to ignore posterior probabilities and other statistics related to the following branch branch because the effective number of genes impacting it is only 1:
	{t3, t8}
Extended species tree:
(t10,(((t7,(t5,t6)1:3.3557350075853964)1:0.5260930958967792,((t2,t9)1:0.6418538861723948,(t1,(t3,t8)0.67:0.2876820724517809)1:0.826678573184468)1:2.274113418912734)1:4.830976854721778,t4));
Weight calculation took 0.055699439 secs
ASTRAL finished in 0.277 secs
