
================== ASTRAL ===================== 

This is ASTRAL version 5.7.8
Gene trees are treated as unrooted
5355 trees read from quartet_temp.txt
index0
All output trees will be *arbitrarily* rooted at t7

======== Running the main analysis
Number of taxa: 10 (10 species)
Taxa: [t7, t8, t1, t2, t3, t4, t6, t9, t10, t5]
Taxon occupancy: {t4=2114, t5=1965, t6=1831, t10=2121, t7=1741, t8=2537, t9=2370, t1=2060, t2=2404, t3=2277}
Number of gene trees: 5355
5355 trees have missing taxa
Calculating quartet distance matrix (for completion of X)
Species tree distances calculated ...
Will attempt to complete bipartitions from X before adding using a distance matrix.
Building set of clusters (X) from gene trees 
------------------------------
gradient0: 69
Number of Clusters after addition by distance: 69
calculating extra bipartitions to be added at level 1 ...
Adding to X using resolutions of greedy consensus ...
Limit for sigma of degrees:300
polytomy size limit : 3
discarded polytomies:  []
Threshold 0.0:
Threshold 0.01:
Threshold 0.02:
Threshold 0.05:
Threshold 0.1:
Threshold 0.2:
Threshold 0.3333333333333333:
max k is :0
Number of Clusters after addition by greedy: 69
gradient0 in heuristiic: 69
calculating all possible bipartitions ...
Number of Clusters After Adding All possible clusters: 1023
partitions formed in 0.258 secs
Dynamic Programming starting after 0.258 secs
Using tree-based weight calculation.
Using polytree-based weight calculation.
Polytree max score: 5355
Polytree building time: 0.02 seconds.
Number of quartet trees in the gene trees: 5355
Size of largest cluster: 10
Greedy score: 5259
estimationFactor: 1.0182544209925841
Sub-optimal score: 5259
Total Number of elements weighted: 1213
Normalized score (portion of input quartet trees satisfied before correcting for multiple individuals): 0.9820728291316526
Optimization score: 5259
Optimal tree inferred in 0.41 secs.
(t8,(t9,(t10,(t7,((t4,t5),(t6,(t2,(t1,t3))))))));
Final quartet score is: 5259
Final normalized quartet score is: 0.9820728291316526
Extended species tree:
(t7,(((t4,t5)1:0.8410673106365676,(t6,(t2,(t1,t3)1:1.8018098050815565)1:4.11994010941106)1:1.1420974006078486)1:5.774551545544389,(t10,(t9,t8)1:2.744417845273086)1:2.3978952727983716));
Weight calculation took 0.095630904 secs
ASTRAL finished in 0.506 secs
