
================== ASTRAL ===================== 

This is ASTRAL version 5.7.8
Gene trees are treated as unrooted
3879 trees read from quartet_temp.txt
index0
All output trees will be *arbitrarily* rooted at t5

======== Running the main analysis
Number of taxa: 10 (10 species)
Taxa: [t5, t6, t1, t2, t3, t4, t7, t8, t9, t10]
Taxon occupancy: {t4=1642, t5=2268, t6=2266, t10=1104, t7=1740, t8=1204, t9=1344, t1=1298, t2=1233, t3=1417}
Number of gene trees: 3879
3879 trees have missing taxa
Calculating quartet distance matrix (for completion of X)
Species tree distances calculated ...
Will attempt to complete bipartitions from X before adding using a distance matrix.
Building set of clusters (X) from gene trees 
------------------------------
gradient0: 93
Number of Clusters after addition by distance: 93
calculating extra bipartitions to be added at level 1 ...
Adding to X using resolutions of greedy consensus ...
Limit for sigma of degrees:300
polytomy size limit : 3
discarded polytomies:  []
Threshold 0.0:
Threshold 0.01:
Threshold 0.02:
Threshold 0.05:
Threshold 0.1:
Threshold 0.2:
Threshold 0.3333333333333333:
max k is :0
Number of Clusters after addition by greedy: 93
gradient0 in heuristiic: 93
calculating all possible bipartitions ...
Number of Clusters After Adding All possible clusters: 1023
partitions formed in 0.274 secs
Dynamic Programming starting after 0.274 secs
Using tree-based weight calculation.
Using polytree-based weight calculation.
Polytree max score: 3879
Polytree building time: 0.015 seconds.
Number of quartet trees in the gene trees: 3879
Size of largest cluster: 10
Greedy score: 3690
estimationFactor: 1.051219512195122
Sub-optimal score: 3690
Total Number of elements weighted: 1659
Normalized score (portion of input quartet trees satisfied before correcting for multiple individuals): 0.951276102088167
Optimization score: 3690
Optimal tree inferred in 0.425 secs.
(t6,(t5,(t10,((t3,(t4,t7)),((t1,t9),(t2,t8))))));
Final quartet score is: 3690
Final normalized quartet score is: 0.951276102088167
Extended species tree:
(t5,((t10,((t3,(t4,t7)1:1.8191584434161694)1:3.5179216559702975,((t1,t9)1:1.182695405878651,(t2,t8)1:0.6931471805599453)1:0.39390428570708824)1:1.0941579383187294)1:5.257495372027785,t6));
Weight calculation took 0.101136404 secs
ASTRAL finished in 0.52 secs
