
================== ASTRAL ===================== 

This is ASTRAL version 5.7.8
Gene trees are treated as unrooted
304 trees read from quartet_temp.txt
index0
All output trees will be *arbitrarily* rooted at t10

======== Running the main analysis
Number of taxa: 10 (10 species)
Taxa: [t10, t7, t2, t6, t9, t4, t8, t3, t1, t5]
Taxon occupancy: {t4=142, t5=34, t10=225, t6=148, t7=126, t8=140, t9=219, t1=38, t2=93, t3=51}
Number of gene trees: 304
304 trees have missing taxa
Calculating quartet distance matrix (for completion of X)
Species tree distances calculated ...
Will attempt to complete bipartitions from X before adding using a distance matrix.
Building set of clusters (X) from gene trees 
------------------------------
gradient0: 59
Number of Clusters after addition by distance: 59
calculating extra bipartitions to be added at level 1 ...
Adding to X using resolutions of greedy consensus ...
Limit for sigma of degrees:300
polytomy size limit : 3
discarded polytomies:  []
Threshold 0.0:
Threshold 0.01:
Threshold 0.02:
Threshold 0.05:
Threshold 0.1:
Threshold 0.2:
Threshold 0.3333333333333333:
max k is :0
Number of Clusters after addition by greedy: 59
gradient0 in heuristiic: 59
calculating all possible bipartitions ...
Number of Clusters After Adding All possible clusters: 1023
partitions formed in 0.22 secs
Dynamic Programming starting after 0.22 secs
Using tree-based weight calculation.
Using polytree-based weight calculation.
Polytree max score: 304
Polytree building time: 0.015 seconds.
Number of quartet trees in the gene trees: 304
Size of largest cluster: 10
Greedy score: 304
estimationFactor: 1.0
Sub-optimal score: 304
Total Number of elements weighted: 904
Normalized score (portion of input quartet trees satisfied before correcting for multiple individuals): 1.0
Optimization score: 304
Optimal tree inferred in 0.395 secs.
(t7,((t10,t9),(t3,(t1,(t5,(t2,(t6,(t4,t8))))))));
Final quartet score is: 304
Final normalized quartet score is: 1.0
You may want to ignore posterior probabilities and other statistics related to the following branch branch because the effective number of genes impacting it is only 10:
	{t4, t8}
You may want to ignore posterior probabilities and other statistics related to the following branch branch because the effective number of genes impacting it is only 0:
	{t6, t4, t8}
You may want to ignore posterior probabilities and other statistics related to the following branch branch because the effective number of genes impacting it is only 2:
	{t2, t6, t4, t8}
You may want to ignore posterior probabilities and other statistics related to the following branch branch because the effective number of genes impacting it is only 0:
	{t2, t6, t4, t8, t5}
You may want to ignore posterior probabilities and other statistics related to the following branch branch because the effective number of genes impacting it is only 3:
	{t2, t6, t4, t8, t1, t5}
You may want to ignore posterior probabilities and other statistics related to the following branch branch because the effective number of genes impacting it is only 2:
	{t2, t6, t4, t8, t3, t1, t5}
Extended species tree:
(t10,(t9,((t3,(t1,(t5,(t2,(t6,(t4,t8)1:1.9924301646902058)0.33:0.0)0.87:0.6931471805599453)0.33:0.0)0.95:0.9808292530117262)0.87:0.6931471805599453,t7)1:2.772588722239782));
Weight calculation took 0.061342249 secs
ASTRAL finished in 0.554 secs
