
================== ASTRAL ===================== 

This is ASTRAL version 5.7.8
Gene trees are treated as unrooted
94 trees read from quartet_temp.txt
index0
All output trees will be *arbitrarily* rooted at t3

======== Running the main analysis
Number of taxa: 10 (10 species)
Taxa: [t3, t4, t1, t5, t6, t9, t7, t2, t8, t10]
Taxon occupancy: {t4=65, t5=16, t6=42, t10=34, t7=28, t8=32, t9=24, t1=34, t2=32, t3=69}
Number of gene trees: 94
94 trees have missing taxa
Calculating quartet distance matrix (for completion of X)
Species tree distances calculated ...
Will attempt to complete bipartitions from X before adding using a distance matrix.
Building set of clusters (X) from gene trees 
------------------------------
gradient0: 73
Number of Clusters after addition by distance: 73
calculating extra bipartitions to be added at level 1 ...
Adding to X using resolutions of greedy consensus ...
Limit for sigma of degrees:300
polytomy size limit : 3
discarded polytomies:  [3]
Threshold 0.0:
Threshold 0.01:
Threshold 0.02:
Threshold 0.05:
Threshold 0.1:
Threshold 0.2:
Threshold 0.3333333333333333:
polytomy of size 3; rounds with additions with at least 5 support: 0; clusters: 73
max k is :0
Number of Clusters after addition by greedy: 73
gradient0 in heuristiic: 73
calculating all possible bipartitions ...
Number of Clusters After Adding All possible clusters: 1023
partitions formed in 0.186 secs
Dynamic Programming starting after 0.186 secs
Using tree-based weight calculation.
Using polytree-based weight calculation.
Polytree max score: 94
Polytree building time: 0.01 seconds.
Number of quartet trees in the gene trees: 94
Size of largest cluster: 10
Greedy score: 91
estimationFactor: 1.032967032967033
Sub-optimal score: 91
Total Number of elements weighted: 1279
Normalized score (portion of input quartet trees satisfied before correcting for multiple individuals): 0.9680851063829787
Optimization score: 91
Optimal tree inferred in 0.341 secs.
(t4,(t3,(t9,(t2,(t10,((t1,t6),(t7,(t5,t8))))))));
Final quartet score is: 91
Final normalized quartet score is: 0.9680851063829787
You may want to ignore posterior probabilities and other statistics related to the following branch branch because the effective number of genes impacting it is only 1:
	{t1, t6}
You may want to ignore posterior probabilities and other statistics related to the following branch branch because the effective number of genes impacting it is only 0:
	{t5, t8}
You may want to ignore posterior probabilities and other statistics related to the following branch branch because the effective number of genes impacting it is only 2:
	{t5, t7, t8}
You may want to ignore posterior probabilities and other statistics related to the following branch branch because the effective number of genes impacting it is only 0:
	{t1, t5, t6, t7, t8}
You may want to ignore posterior probabilities and other statistics related to the following branch branch because the effective number of genes impacting it is only 8:
	{t1, t5, t6, t7, t8, t10}
You may want to ignore posterior probabilities and other statistics related to the following branch branch because the effective number of genes impacting it is only 0:
	{t1, t5, t6, t7, t2, t8, t10}
You may want to ignore posterior probabilities and other statistics related to the following branch branch because the effective number of genes impacting it is only 15:
	{t1, t5, t6, t9, t7, t2, t8, t10}
Extended species tree:
(t3,((t9,(t2,(t10,((t1,t6)0.67:0.2876820724517809,(t7,(t5,t8)0.33:0.0)0.87:0.6931471805599453)0.33:0.0)0.97:0.6931471805599453)0.33:0.0)1:2.367123614131617,t4));
Weight calculation took 0.046608632 secs
ASTRAL finished in 0.448 secs
