
================== ASTRAL ===================== 

This is ASTRAL version 5.7.8
Gene trees are treated as unrooted
276 trees read from quartet_temp.txt
index0
All output trees will be *arbitrarily* rooted at t3

======== Running the main analysis
Number of taxa: 10 (10 species)
Taxa: [t3, t7, t2, t6, t4, t8, t10, t9, t5, t1]
Taxon occupancy: {t4=137, t5=28, t6=139, t10=201, t7=101, t8=142, t9=186, t1=47, t2=78, t3=45}
Number of gene trees: 276
276 trees have missing taxa
Calculating quartet distance matrix (for completion of X)
Species tree distances calculated ...
Will attempt to complete bipartitions from X before adding using a distance matrix.
Building set of clusters (X) from gene trees 
------------------------------
gradient0: 51
Number of Clusters after addition by distance: 51
calculating extra bipartitions to be added at level 1 ...
Adding to X using resolutions of greedy consensus ...
Limit for sigma of degrees:300
polytomy size limit : 3
discarded polytomies:  []
Threshold 0.0:
Threshold 0.01:
Threshold 0.02:
Threshold 0.05:
Threshold 0.1:
Threshold 0.2:
Threshold 0.3333333333333333:
max k is :0
Number of Clusters after addition by greedy: 51
gradient0 in heuristiic: 51
calculating all possible bipartitions ...
Number of Clusters After Adding All possible clusters: 1023
partitions formed in 0.213 secs
Dynamic Programming starting after 0.213 secs
Using tree-based weight calculation.
Using polytree-based weight calculation.
Polytree max score: 276
Polytree building time: 0.018 seconds.
Number of quartet trees in the gene trees: 276
Size of largest cluster: 10
Greedy score: 273
estimationFactor: 1.010989010989011
Sub-optimal score: 273
Total Number of elements weighted: 1002
Normalized score (portion of input quartet trees satisfied before correcting for multiple individuals): 0.9891304347826086
Optimization score: 273
Optimal tree inferred in 0.386 secs.
(t7,(t3,((t10,t9),(t5,(t1,((t4,t8),(t2,t6)))))));
Final quartet score is: 273
Final normalized quartet score is: 0.9891304347826086
You may want to ignore posterior probabilities and other statistics related to the following branch branch because the effective number of genes impacting it is only 14:
	{t10, t9}
You may want to ignore posterior probabilities and other statistics related to the following branch branch because the effective number of genes impacting it is only 6:
	{t4, t8}
You may want to ignore posterior probabilities and other statistics related to the following branch branch because the effective number of genes impacting it is only 9:
	{t2, t6}
You may want to ignore posterior probabilities and other statistics related to the following branch branch because the effective number of genes impacting it is only 4:
	{t2, t6, t4, t8}
You may want to ignore posterior probabilities and other statistics related to the following branch branch because the effective number of genes impacting it is only 0:
	{t2, t6, t4, t8, t1}
You may want to ignore posterior probabilities and other statistics related to the following branch branch because the effective number of genes impacting it is only 4:
	{t2, t6, t4, t8, t5, t1}
You may want to ignore posterior probabilities and other statistics related to the following branch branch because the effective number of genes impacting it is only 0:
	{t2, t6, t4, t8, t10, t9, t5, t1}
Extended species tree:
(t3,(((t10,t9)1:0.9162907318741549,(t5,(t1,((t4,t8)1:1.5404450409471486,(t2,t6)1:1.8971199848858815)0.98:1.2039728043259361)0.33:0.0)0.98:1.2039728043259361)0.33:0.0,t7));
Weight calculation took 0.057795919 secs
ASTRAL finished in 0.544 secs
