
================== ASTRAL ===================== 

This is ASTRAL version 5.7.8
Gene trees are treated as unrooted
584 trees read from quartet_temp.txt
index0
All output trees will be *arbitrarily* rooted at t4

======== Running the main analysis
Number of taxa: 10 (10 species)
Taxa: [t4, t6, t1, t2, t9, t3, t8, t5, t10, t7]
Taxon occupancy: {t4=294, t5=166, t6=113, t10=205, t7=157, t8=170, t9=260, t1=433, t2=424, t3=114}
Number of gene trees: 584
584 trees have missing taxa
Calculating quartet distance matrix (for completion of X)
Species tree distances calculated ...
Will attempt to complete bipartitions from X before adding using a distance matrix.
Building set of clusters (X) from gene trees 
------------------------------
gradient0: 43
Number of Clusters after addition by distance: 43
calculating extra bipartitions to be added at level 1 ...
Adding to X using resolutions of greedy consensus ...
Limit for sigma of degrees:300
polytomy size limit : 3
discarded polytomies:  []
Threshold 0.0:
Threshold 0.01:
Threshold 0.02:
Threshold 0.05:
Threshold 0.1:
Threshold 0.2:
Threshold 0.3333333333333333:
max k is :0
Number of Clusters after addition by greedy: 43
gradient0 in heuristiic: 43
calculating all possible bipartitions ...
Number of Clusters After Adding All possible clusters: 1023
partitions formed in 0.31 secs
Dynamic Programming starting after 0.311 secs
Using tree-based weight calculation.
Using polytree-based weight calculation.
Polytree max score: 584
Polytree building time: 0.023 seconds.
Number of quartet trees in the gene trees: 584
Size of largest cluster: 10
Greedy score: 581
estimationFactor: 1.0051635111876076
Sub-optimal score: 581
Total Number of elements weighted: 1226
Normalized score (portion of input quartet trees satisfied before correcting for multiple individuals): 0.9948630136986302
Optimization score: 581
Optimal tree inferred in 0.572 secs.
(t6,(t9,(t10,(t4,(t5,(t8,(t7,(t3,(t1,t2)))))))));
Final quartet score is: 581
Final normalized quartet score is: 0.9948630136986302
You may want to ignore posterior probabilities and other statistics related to the following branch branch because the effective number of genes impacting it is only 16:
	{t1, t2, t3}
You may want to ignore posterior probabilities and other statistics related to the following branch branch because the effective number of genes impacting it is only 0:
	{t1, t2, t3, t7}
You may want to ignore posterior probabilities and other statistics related to the following branch branch because the effective number of genes impacting it is only 6:
	{t1, t2, t3, t8, t5, t7}
You may want to ignore posterior probabilities and other statistics related to the following branch branch because the effective number of genes impacting it is only 2:
	{t6, t9}
You may want to ignore posterior probabilities and other statistics related to the following branch branch because the effective number of genes impacting it is only 18:
	{t6, t9, t10}
Extended species tree:
(t4,((t5,(t8,(t7,(t3,(t1,t2)1:2.6390573296152575)1:2.4277482359480516)0.33:0.0)1:2.92673940206704)0.46:0.15415067982725836,(t10,(t9,t6)0.87:0.6931471805599453)1:2.538973871058275));
Weight calculation took 0.120170209 secs
ASTRAL finished in 0.788 secs
