
================== ASTRAL ===================== 

This is ASTRAL version 5.7.8
Gene trees are treated as unrooted
154 trees read from quartet_temp.txt
index0
All output trees will be *arbitrarily* rooted at t3

======== Running the main analysis
Number of taxa: 10 (10 species)
Taxa: [t3, t4, t2, t8, t10, t5, t7, t1, t6, t9]
Taxon occupancy: {t4=72, t5=70, t10=109, t6=105, t7=62, t8=40, t9=26, t1=12, t2=53, t3=67}
Number of gene trees: 154
154 trees have missing taxa
Calculating quartet distance matrix (for completion of X)
Species tree distances calculated ...
Will attempt to complete bipartitions from X before adding using a distance matrix.
Building set of clusters (X) from gene trees 
------------------------------
gradient0: 61
Number of Clusters after addition by distance: 61
calculating extra bipartitions to be added at level 1 ...
Adding to X using resolutions of greedy consensus ...
Limit for sigma of degrees:300
polytomy size limit : 3
discarded polytomies:  [3]
Threshold 0.0:
Threshold 0.01:
Threshold 0.02:
Threshold 0.05:
Threshold 0.1:
Threshold 0.2:
Threshold 0.3333333333333333:
polytomy of size 3; rounds with additions with at least 5 support: 0; clusters: 61
max k is :0
Number of Clusters after addition by greedy: 61
gradient0 in heuristiic: 61
calculating all possible bipartitions ...
Number of Clusters After Adding All possible clusters: 1023
partitions formed in 0.231 secs
Dynamic Programming starting after 0.239 secs
Using tree-based weight calculation.
Using polytree-based weight calculation.
Polytree max score: 154
Polytree building time: 0.01 seconds.
Number of quartet trees in the gene trees: 154
Size of largest cluster: 10
Greedy score: 154
estimationFactor: 1.0
Sub-optimal score: 154
Total Number of elements weighted: 960
Normalized score (portion of input quartet trees satisfied before correcting for multiple individuals): 1.0
Optimization score: 154
Optimal tree inferred in 0.376 secs.
(t4,(t3,((t9,(t8,(t2,t7))),(t5,(t1,(t10,t6))))));
Final quartet score is: 154
Final normalized quartet score is: 1.0
You may want to ignore posterior probabilities and other statistics related to the following branch branch because the effective number of genes impacting it is only 4:
	{t2, t7}
You may want to ignore posterior probabilities and other statistics related to the following branch branch because the effective number of genes impacting it is only 0:
	{t2, t8, t7}
You may want to ignore posterior probabilities and other statistics related to the following branch branch because the effective number of genes impacting it is only 2:
	{t2, t8, t7, t9}
You may want to ignore posterior probabilities and other statistics related to the following branch branch because the effective number of genes impacting it is only 1:
	{t10, t6}
You may want to ignore posterior probabilities and other statistics related to the following branch branch because the effective number of genes impacting it is only 0:
	{t10, t1, t6}
You may want to ignore posterior probabilities and other statistics related to the following branch branch because the effective number of genes impacting it is only 6:
	{t10, t5, t1, t6}
You may want to ignore posterior probabilities and other statistics related to the following branch branch because the effective number of genes impacting it is only 10:
	{t2, t8, t10, t5, t7, t1, t6, t9}
Extended species tree:
(t3,(((t9,(t8,(t2,t7)0.98:1.2039728043259361)0.33:0.0)0.87:0.6931471805599453,(t5,(t1,(t10,t6)0.67:0.2876820724517809)0.33:0.0)1:1.5404450409471486)1:1.9924301646902058,t4));
Weight calculation took 0.031206014 secs
ASTRAL finished in 0.508 secs
