
================== ASTRAL ===================== 

This is ASTRAL version 5.7.8
Gene trees are treated as unrooted
136 trees read from quartet_temp.txt
index0
All output trees will be *arbitrarily* rooted at t3

======== Running the main analysis
Number of taxa: 10 (10 species)
Taxa: [t3, t4, t1, t9, t10, t7, t6, t2, t8, t5]
Taxon occupancy: {t4=92, t5=45, t10=20, t6=56, t7=24, t8=23, t9=64, t1=54, t2=65, t3=101}
Number of gene trees: 136
136 trees have missing taxa
Calculating quartet distance matrix (for completion of X)
Species tree distances calculated ...
Will attempt to complete bipartitions from X before adding using a distance matrix.
Building set of clusters (X) from gene trees 
------------------------------
gradient0: 83
Number of Clusters after addition by distance: 83
calculating extra bipartitions to be added at level 1 ...
Adding to X using resolutions of greedy consensus ...
Limit for sigma of degrees:300
polytomy size limit : 3
discarded polytomies:  [3]
Threshold 0.0:
Threshold 0.01:
Threshold 0.02:
Threshold 0.05:
Threshold 0.1:
Threshold 0.2:
Threshold 0.3333333333333333:
polytomy of size 3; rounds with additions with at least 5 support: 0; clusters: 83
max k is :0
Number of Clusters after addition by greedy: 83
gradient0 in heuristiic: 83
calculating all possible bipartitions ...
Number of Clusters After Adding All possible clusters: 1023
partitions formed in 0.22 secs
Dynamic Programming starting after 0.224 secs
Using tree-based weight calculation.
Using polytree-based weight calculation.
Polytree max score: 136
Polytree building time: 0.019 seconds.
Number of quartet trees in the gene trees: 136
Size of largest cluster: 10
Greedy score: 111
estimationFactor: 1.2252252252252251
Sub-optimal score: 124
Total Number of elements weighted: 1975
Normalized score (portion of input quartet trees satisfied before correcting for multiple individuals): 0.9117647058823529
Optimization score: 124
Optimal tree inferred in 0.409 secs.
(t4,(t3,(t10,((t6,(t1,t9)),(t2,(t8,(t7,t5)))))));
Final quartet score is: 124
Final normalized quartet score is: 0.9117647058823529
You may want to ignore posterior probabilities and other statistics related to the following branch branch because the effective number of genes impacting it is only 2:
	{t1, t9}
You may want to ignore posterior probabilities and other statistics related to the following branch branch because the effective number of genes impacting it is only 0:
	{t7, t5}
You may want to ignore posterior probabilities and other statistics related to the following branch branch because the effective number of genes impacting it is only 3:
	{t7, t8, t5}
You may want to ignore posterior probabilities and other statistics related to the following branch branch because the effective number of genes impacting it is only 7:
	{t7, t2, t8, t5}
You may want to ignore posterior probabilities and other statistics related to the following branch branch because the effective number of genes impacting it is only 1:
	{t1, t9, t7, t6, t2, t8, t5}
You may want to ignore posterior probabilities and other statistics related to the following branch branch because the effective number of genes impacting it is only 16:
	{t1, t9, t10, t7, t6, t2, t8, t5}
Extended species tree:
(t3,((t10,((t6,(t1,t9)0.87:0.6931471805599453)0.87:0.33647223662121306,(t2,(t8,(t7,t5)0.33:0.0)0.95:0.9808292530117262)0.99:0.9808292530117262)0.67:0.2876820724517809)1:1.3291359472799418,t4));
Weight calculation took 0.089038685 secs
ASTRAL finished in 0.538 secs
