
================== ASTRAL ===================== 

This is ASTRAL version 5.7.8
Gene trees are treated as unrooted
516 trees read from quartet_temp.txt
index0
All output trees will be *arbitrarily* rooted at t4

======== Running the main analysis
Number of taxa: 10 (10 species)
Taxa: [t4, t5, t3, t8, t9, t10, t1, t2, t6, t7]
Taxon occupancy: {t4=301, t5=279, t10=207, t6=132, t7=135, t8=273, t9=238, t1=110, t2=233, t3=156}
Number of gene trees: 516
516 trees have missing taxa
Calculating quartet distance matrix (for completion of X)
Species tree distances calculated ...
Will attempt to complete bipartitions from X before adding using a distance matrix.
Building set of clusters (X) from gene trees 
------------------------------
gradient0: 59
Number of Clusters after addition by distance: 59
calculating extra bipartitions to be added at level 1 ...
Adding to X using resolutions of greedy consensus ...
Limit for sigma of degrees:300
polytomy size limit : 3
discarded polytomies:  []
Threshold 0.0:
Threshold 0.01:
Threshold 0.02:
Threshold 0.05:
Threshold 0.1:
Threshold 0.2:
Threshold 0.3333333333333333:
max k is :0
Number of Clusters after addition by greedy: 59
gradient0 in heuristiic: 59
calculating all possible bipartitions ...
Number of Clusters After Adding All possible clusters: 1023
partitions formed in 0.284 secs
Dynamic Programming starting after 0.293 secs
Using tree-based weight calculation.
Using polytree-based weight calculation.
Polytree max score: 516
Polytree building time: 0.021 seconds.
Number of quartet trees in the gene trees: 516
Size of largest cluster: 10
Greedy score: 500
estimationFactor: 1.032
Sub-optimal score: 500
Total Number of elements weighted: 1053
Normalized score (portion of input quartet trees satisfied before correcting for multiple individuals): 0.9689922480620154
Optimization score: 500
Optimal tree inferred in 0.533 secs.
(t5,(t4,((t6,(t2,(t3,t1))),(t7,(t10,(t8,t9))))));
Final quartet score is: 500
Final normalized quartet score is: 0.9689922480620154
You may want to ignore posterior probabilities and other statistics related to the following branch branch because the effective number of genes impacting it is only 2:
	{t3, t1}
You may want to ignore posterior probabilities and other statistics related to the following branch branch because the effective number of genes impacting it is only 14:
	{t3, t1, t2}
You may want to ignore posterior probabilities and other statistics related to the following branch branch because the effective number of genes impacting it is only 5:
	{t3, t1, t2, t6}
You may want to ignore posterior probabilities and other statistics related to the following branch branch because the effective number of genes impacting it is only 12:
	{t8, t9, t10}
You may want to ignore posterior probabilities and other statistics related to the following branch branch because the effective number of genes impacting it is only 8:
	{t3, t8, t9, t10, t1, t2, t6, t7}
Extended species tree:
(t4,(((t6,(t2,(t3,t1)0.42:0.0)1:0.9162907318741549)0.93:0.6931471805599453,(t7,(t10,(t8,t9)0.99:0.5328045304847661)0.99:0.7731898882334817)1:2.6855773452501523)1:1.7917594692280545,t5));
Weight calculation took 0.106452058 secs
ASTRAL finished in 0.732 secs
