
================== ASTRAL ===================== 

This is ASTRAL version 5.7.8
Gene trees are treated as unrooted
81 trees read from quartet_temp.txt
index0
All output trees will be *arbitrarily* rooted at t4

======== Running the main analysis
Number of taxa: 10 (10 species)
Taxa: [t4, t5, t1, t7, t10, t8, t9, t2, t6, t3]
Taxon occupancy: {t4=52, t5=53, t10=28, t6=28, t7=27, t8=27, t9=22, t1=16, t2=33, t3=38}
Number of gene trees: 81
81 trees have missing taxa
Calculating quartet distance matrix (for completion of X)
Species tree distances calculated ...
Will attempt to complete bipartitions from X before adding using a distance matrix.
Building set of clusters (X) from gene trees 
------------------------------
gradient0: 63
Number of Clusters after addition by distance: 63
calculating extra bipartitions to be added at level 1 ...
Adding to X using resolutions of greedy consensus ...
Limit for sigma of degrees:300
polytomy size limit : 3
discarded polytomies:  []
Threshold 0.0:
Threshold 0.01:
Threshold 0.02:
Threshold 0.05:
Threshold 0.1:
Threshold 0.2:
Threshold 0.3333333333333333:
max k is :0
Number of Clusters after addition by greedy: 63
gradient0 in heuristiic: 63
calculating all possible bipartitions ...
Number of Clusters After Adding All possible clusters: 1023
partitions formed in 0.191 secs
Dynamic Programming starting after 0.191 secs
Using tree-based weight calculation.
Using polytree-based weight calculation.
Polytree max score: 81
Polytree building time: 0.017 seconds.
Number of quartet trees in the gene trees: 81
Size of largest cluster: 10
Greedy score: 81
estimationFactor: 1.0
Sub-optimal score: 81
Total Number of elements weighted: 1003
Normalized score (portion of input quartet trees satisfied before correcting for multiple individuals): 1.0
Optimization score: 81
Optimal tree inferred in 0.351 secs.
(t5,(t4,((t8,t9),(t6,(t2,(t3,(t10,(t1,t7))))))));
Final quartet score is: 81
Final normalized quartet score is: 1.0
You may want to ignore posterior probabilities and other statistics related to the following branch branch because the effective number of genes impacting it is only 1:
	{t8, t9}
You may want to ignore posterior probabilities and other statistics related to the following branch branch because the effective number of genes impacting it is only 0:
	{t1, t7}
You may want to ignore posterior probabilities and other statistics related to the following branch branch because the effective number of genes impacting it is only 3:
	{t1, t7, t10}
You may want to ignore posterior probabilities and other statistics related to the following branch branch because the effective number of genes impacting it is only 2:
	{t1, t7, t10, t3}
You may want to ignore posterior probabilities and other statistics related to the following branch branch because the effective number of genes impacting it is only 2:
	{t1, t7, t10, t2, t3}
You may want to ignore posterior probabilities and other statistics related to the following branch branch because the effective number of genes impacting it is only 11:
	{t1, t7, t10, t2, t6, t3}
You may want to ignore posterior probabilities and other statistics related to the following branch branch because the effective number of genes impacting it is only 5:
	{t1, t7, t10, t8, t9, t2, t6, t3}
Extended species tree:
(t4,(((t8,t9)0.67:0.2876820724517809,(t6,(t2,(t3,(t10,(t1,t7)0.33:0.0)0.95:0.9808292530117262)0.87:0.6931471805599453)0.87:0.6931471805599453)1:2.0794415416798353)0.99:1.3862943611198908,t5));
Weight calculation took 0.041571688 secs
ASTRAL finished in 0.958 secs
