
================== ASTRAL ===================== 

This is ASTRAL version 5.7.8
Gene trees are treated as unrooted
56 trees read from quartet_temp.txt
index0
All output trees will be *arbitrarily* rooted at t10

======== Running the main analysis
Number of taxa: 10 (10 species)
Taxa: [t10, t3, t1, t2, t8, t6, t7, t4, t9, t5]
Taxon occupancy: {t4=35, t5=18, t10=33, t6=12, t7=10, t8=10, t9=19, t1=38, t2=22, t3=27}
Number of gene trees: 56
56 trees have missing taxa
Calculating quartet distance matrix (for completion of X)
Species tree distances calculated ...
Will attempt to complete bipartitions from X before adding using a distance matrix.
Building set of clusters (X) from gene trees 
------------------------------
gradient0: 69
Number of Clusters after addition by distance: 69
calculating extra bipartitions to be added at level 1 ...
Adding to X using resolutions of greedy consensus ...
Limit for sigma of degrees:300
polytomy size limit : 3
discarded polytomies:  []
Threshold 0.0:
Threshold 0.01:
Threshold 0.02:
Threshold 0.05:
Threshold 0.1:
Threshold 0.2:
Threshold 0.3333333333333333:
max k is :0
Number of Clusters after addition by greedy: 69
gradient0 in heuristiic: 69
calculating all possible bipartitions ...
Number of Clusters After Adding All possible clusters: 1023
partitions formed in 0.151 secs
Dynamic Programming starting after 0.151 secs
Using tree-based weight calculation.
Using polytree-based weight calculation.
Polytree max score: 56
Polytree building time: 0.006 seconds.
Number of quartet trees in the gene trees: 56
Size of largest cluster: 10
Greedy score: 56
estimationFactor: 1.0
Sub-optimal score: 56
Total Number of elements weighted: 1063
Normalized score (portion of input quartet trees satisfied before correcting for multiple individuals): 1.0
Optimization score: 56
Optimal tree inferred in 0.28 secs.
(t3,(t7,(t6,(t10,(t9,(t8,((t1,t4),(t2,t5))))))));
Final quartet score is: 56
Final normalized quartet score is: 1.0
You may want to ignore posterior probabilities and other statistics related to the following branch branch because the effective number of genes impacting it is only 4:
	{t1, t4}
You may want to ignore posterior probabilities and other statistics related to the following branch branch because the effective number of genes impacting it is only 1:
	{t2, t5}
You may want to ignore posterior probabilities and other statistics related to the following branch branch because the effective number of genes impacting it is only 0:
	{t1, t2, t4, t5}
You may want to ignore posterior probabilities and other statistics related to the following branch branch because the effective number of genes impacting it is only 0:
	{t1, t2, t8, t4, t5}
You may want to ignore posterior probabilities and other statistics related to the following branch branch because the effective number of genes impacting it is only 5:
	{t1, t2, t8, t4, t9, t5}
You may want to ignore posterior probabilities and other statistics related to the following branch branch because the effective number of genes impacting it is only 0:
	{t3, t7}
You may want to ignore posterior probabilities and other statistics related to the following branch branch because the effective number of genes impacting it is only 1:
	{t3, t6, t7}
Extended species tree:
(t10,((t9,(t8,((t1,t4)0.98:1.2039728043259361,(t2,t5)0.67:0.2876820724517809)0.33:0.0)0.33:0.0)0.99:1.3862943611198908,(t6,(t7,t3)0.33:0.0)0.67:0.2876820724517809));
Weight calculation took 0.029845517 secs
ASTRAL finished in 1.025 secs
