
================== ASTRAL ===================== 

This is ASTRAL version 5.7.8
Gene trees are treated as unrooted
94 trees read from quartet_temp.txt
index0
All output trees will be *arbitrarily* rooted at t6

======== Running the main analysis
Number of taxa: 10 (10 species)
Taxa: [t6, t9, t1, t3, t4, t5, t8, t2, t7, t10]
Taxon occupancy: {t4=33, t5=31, t6=58, t10=34, t7=45, t8=42, t9=23, t1=54, t2=21, t3=35}
Number of gene trees: 94
94 trees have missing taxa
Calculating quartet distance matrix (for completion of X)
Species tree distances calculated ...
Will attempt to complete bipartitions from X before adding using a distance matrix.
Building set of clusters (X) from gene trees 
------------------------------
gradient0: 93
Number of Clusters after addition by distance: 93
calculating extra bipartitions to be added at level 1 ...
Adding to X using resolutions of greedy consensus ...
Limit for sigma of degrees:300
polytomy size limit : 3
discarded polytomies:  []
Threshold 0.0:
Threshold 0.01:
Threshold 0.02:
Threshold 0.05:
Threshold 0.1:
Threshold 0.2:
Threshold 0.3333333333333333:
max k is :0
Number of Clusters after addition by greedy: 93
gradient0 in heuristiic: 93
calculating all possible bipartitions ...
Number of Clusters After Adding All possible clusters: 1023
partitions formed in 0.172 secs
Dynamic Programming starting after 0.172 secs
Using tree-based weight calculation.
Using polytree-based weight calculation.
Polytree max score: 94
Polytree building time: 0.019 seconds.
Number of quartet trees in the gene trees: 94
Size of largest cluster: 10
Greedy score: 53
estimationFactor: 1.7735849056603774
Sub-optimal score: 59
Total Number of elements weighted: 9401
Normalized score (portion of input quartet trees satisfied before correcting for multiple individuals): 0.7446808510638298
Optimization score: 70
Optimal tree inferred in 0.638 secs.
(t9,(t8,((t6,t7),((t1,t3),(t2,(t5,(t4,t10)))))));
Final quartet score is: 70
Final normalized quartet score is: 0.7446808510638298
You may want to ignore posterior probabilities and other statistics related to the following branch branch because the effective number of genes impacting it is only 9:
	{t1, t3}
You may want to ignore posterior probabilities and other statistics related to the following branch branch because the effective number of genes impacting it is only 0:
	{t4, t10}
You may want to ignore posterior probabilities and other statistics related to the following branch branch because the effective number of genes impacting it is only 0:
	{t4, t5, t10}
You may want to ignore posterior probabilities and other statistics related to the following branch branch because the effective number of genes impacting it is only 8:
	{t4, t5, t2, t10}
You may want to ignore posterior probabilities and other statistics related to the following branch branch because the effective number of genes impacting it is only 0:
	{t9, t8}
You may want to ignore posterior probabilities and other statistics related to the following branch branch because the effective number of genes impacting it is only 7:
	{t9, t1, t3, t4, t5, t8, t2, t10}
Extended species tree:
(t6,(t7,(((t1,t3)1:1.2039728043259361,(t2,(t5,(t4,t10)0.33:0.0)0.33:0.0)0.82:0.40546510810816444)0.76:0.20067069546215124,(t8,t9)0.33:0.0)0.92:0.5753641449035618));
Weight calculation took 0.270387824 secs
ASTRAL finished in 0.767 secs
