
================== ASTRAL ===================== 

This is ASTRAL version 5.7.8
Gene trees are treated as unrooted
279 trees read from quartet_temp.txt
index0
All output trees will be *arbitrarily* rooted at t4

======== Running the main analysis
Number of taxa: 10 (10 species)
Taxa: [t4, t5, t2, t3, t7, t10, t8, t1, t9, t6]
Taxon occupancy: {t4=160, t5=138, t10=117, t6=55, t7=110, t8=79, t9=139, t1=67, t2=122, t3=129}
Number of gene trees: 279
279 trees have missing taxa
Calculating quartet distance matrix (for completion of X)
Species tree distances calculated ...
Will attempt to complete bipartitions from X before adding using a distance matrix.
Building set of clusters (X) from gene trees 
------------------------------
gradient0: 53
Number of Clusters after addition by distance: 53
calculating extra bipartitions to be added at level 1 ...
Adding to X using resolutions of greedy consensus ...
Limit for sigma of degrees:300
polytomy size limit : 3
discarded polytomies:  []
Threshold 0.0:
Threshold 0.01:
Threshold 0.02:
Threshold 0.05:
Threshold 0.1:
Threshold 0.2:
Threshold 0.3333333333333333:
max k is :0
Number of Clusters after addition by greedy: 53
gradient0 in heuristiic: 53
calculating all possible bipartitions ...
Number of Clusters After Adding All possible clusters: 1023
partitions formed in 0.208 secs
Dynamic Programming starting after 0.208 secs
Using tree-based weight calculation.
Using polytree-based weight calculation.
Polytree max score: 279
Polytree building time: 0.013 seconds.
Number of quartet trees in the gene trees: 279
Size of largest cluster: 10
Greedy score: 273
estimationFactor: 1.021978021978022
Sub-optimal score: 273
Total Number of elements weighted: 1177
Normalized score (portion of input quartet trees satisfied before correcting for multiple individuals): 0.978494623655914
Optimization score: 273
Optimal tree inferred in 0.383 secs.
(t5,(t4,(t2,(t3,(t1,((t10,t9),(t8,(t7,t6))))))));
Final quartet score is: 273
Final normalized quartet score is: 0.978494623655914
You may want to ignore posterior probabilities and other statistics related to the following branch branch because the effective number of genes impacting it is only 6:
	{t10, t9}
You may want to ignore posterior probabilities and other statistics related to the following branch branch because the effective number of genes impacting it is only 2:
	{t7, t6}
You may want to ignore posterior probabilities and other statistics related to the following branch branch because the effective number of genes impacting it is only 11:
	{t7, t8, t6}
You may want to ignore posterior probabilities and other statistics related to the following branch branch because the effective number of genes impacting it is only 6:
	{t7, t10, t8, t9, t6}
You may want to ignore posterior probabilities and other statistics related to the following branch branch because the effective number of genes impacting it is only 0:
	{t3, t7, t10, t8, t1, t9, t6}
Extended species tree:
(t4,((t2,(t3,(t1,((t10,t9)0.97:0.8472978603872037,(t8,(t7,t6)0.42:0.0)0.99:0.6931471805599453)1:1.5404450409471486)1:2.730029107820986)0.33:0.0)1:2.6855773452501523,t5));
Weight calculation took 0.05610944 secs
ASTRAL finished in 0.548 secs
