
================== ASTRAL ===================== 

This is ASTRAL version 5.7.8
Gene trees are treated as unrooted
122 trees read from quartet_temp.txt
index0
All output trees will be *arbitrarily* rooted at t10

======== Running the main analysis
Number of taxa: 10 (10 species)
Taxa: [t10, t7, t1, t2, t5, t6, t3, t4, t8, t9]
Taxon occupancy: {t4=59, t5=47, t10=60, t6=35, t7=44, t8=39, t9=57, t1=70, t2=50, t3=27}
Number of gene trees: 122
122 trees have missing taxa
Calculating quartet distance matrix (for completion of X)
Species tree distances calculated ...
Will attempt to complete bipartitions from X before adding using a distance matrix.
Building set of clusters (X) from gene trees 
------------------------------
gradient0: 49
Number of Clusters after addition by distance: 49
calculating extra bipartitions to be added at level 1 ...
Adding to X using resolutions of greedy consensus ...
Limit for sigma of degrees:300
polytomy size limit : 3
discarded polytomies:  []
Threshold 0.0:
Threshold 0.01:
Threshold 0.02:
Threshold 0.05:
Threshold 0.1:
Threshold 0.2:
Threshold 0.3333333333333333:
max k is :0
Number of Clusters after addition by greedy: 49
gradient0 in heuristiic: 49
calculating all possible bipartitions ...
Number of Clusters After Adding All possible clusters: 1023
partitions formed in 0.213 secs
Dynamic Programming starting after 0.213 secs
Using tree-based weight calculation.
Using polytree-based weight calculation.
Polytree max score: 122
Polytree building time: 0.016 seconds.
Number of quartet trees in the gene trees: 122
Size of largest cluster: 10
Greedy score: 122
estimationFactor: 1.0
Sub-optimal score: 122
Total Number of elements weighted: 965
Normalized score (portion of input quartet trees satisfied before correcting for multiple individuals): 1.0
Optimization score: 122
Optimal tree inferred in 0.362 secs.
(t7,(t4,((t8,(t10,t9)),(t3,(t6,(t2,(t1,t5)))))));
Final quartet score is: 122
Final normalized quartet score is: 1.0
You may want to ignore posterior probabilities and other statistics related to the following branch branch because the effective number of genes impacting it is only 2:
	{t1, t5}
You may want to ignore posterior probabilities and other statistics related to the following branch branch because the effective number of genes impacting it is only 0:
	{t1, t2, t5}
You may want to ignore posterior probabilities and other statistics related to the following branch branch because the effective number of genes impacting it is only 7:
	{t1, t2, t5, t6}
You may want to ignore posterior probabilities and other statistics related to the following branch branch because the effective number of genes impacting it is only 1:
	{t1, t2, t5, t6, t3}
You may want to ignore posterior probabilities and other statistics related to the following branch branch because the effective number of genes impacting it is only 2:
	{t7, t4}
You may want to ignore posterior probabilities and other statistics related to the following branch branch because the effective number of genes impacting it is only 2:
	{t7, t1, t2, t5, t6, t3, t4}
You may want to ignore posterior probabilities and other statistics related to the following branch branch because the effective number of genes impacting it is only 3:
	{t7, t1, t2, t5, t6, t3, t4, t8}
Extended species tree:
(t10,(t9,(t8,((t3,(t6,(t2,(t1,t5)0.87:0.6931471805599453)0.33:0.0)1:1.6739764335716716)0.67:0.2876820724517809,(t4,t7)0.87:0.6931471805599453)0.87:0.6931471805599453)0.95:0.9808292530117262));
Weight calculation took 0.034384344 secs
ASTRAL finished in 1.0 secs
