
================== ASTRAL ===================== 

This is ASTRAL version 5.7.8
Gene trees are treated as unrooted
106 trees read from quartet_temp.txt
index0
All output trees will be *arbitrarily* rooted at t3

======== Running the main analysis
Number of taxa: 10 (10 species)
Taxa: [t3, t7, t1, t4, t8, t6, t5, t9, t10, t2]
Taxon occupancy: {t4=36, t5=42, t6=44, t10=46, t7=37, t8=42, t9=41, t1=36, t2=47, t3=53}
Number of gene trees: 106
106 trees have missing taxa
Calculating quartet distance matrix (for completion of X)
Species tree distances calculated ...
Will attempt to complete bipartitions from X before adding using a distance matrix.
Building set of clusters (X) from gene trees 
------------------------------
gradient0: 61
Number of Clusters after addition by distance: 61
calculating extra bipartitions to be added at level 1 ...
Adding to X using resolutions of greedy consensus ...
Limit for sigma of degrees:300
polytomy size limit : 3
discarded polytomies:  []
Threshold 0.0:
Threshold 0.01:
Threshold 0.02:
Threshold 0.05:
Threshold 0.1:
Threshold 0.2:
Threshold 0.3333333333333333:
max k is :0
Number of Clusters after addition by greedy: 61
gradient0 in heuristiic: 61
calculating all possible bipartitions ...
Number of Clusters After Adding All possible clusters: 1023
partitions formed in 0.153 secs
Dynamic Programming starting after 0.153 secs
Using tree-based weight calculation.
Using polytree-based weight calculation.
Polytree max score: 106
Polytree building time: 0.012 seconds.
Number of quartet trees in the gene trees: 106
Size of largest cluster: 10
Greedy score: 95
estimationFactor: 1.1157894736842104
Sub-optimal score: 97
Total Number of elements weighted: 1092
Normalized score (portion of input quartet trees satisfied before correcting for multiple individuals): 0.9528301886792453
Optimization score: 101
Optimal tree inferred in 0.298 secs.
(t7,((t3,t2),((t4,t8),((t6,t10),(t5,(t1,t9))))));
Final quartet score is: 101
Final normalized quartet score is: 0.9528301886792453
You may want to ignore posterior probabilities and other statistics related to the following branch branch because the effective number of genes impacting it is only 6:
	{t4, t8}
You may want to ignore posterior probabilities and other statistics related to the following branch branch because the effective number of genes impacting it is only 11:
	{t6, t10}
You may want to ignore posterior probabilities and other statistics related to the following branch branch because the effective number of genes impacting it is only 0:
	{t1, t9}
You may want to ignore posterior probabilities and other statistics related to the following branch branch because the effective number of genes impacting it is only 13:
	{t1, t5, t9}
You may want to ignore posterior probabilities and other statistics related to the following branch branch because the effective number of genes impacting it is only 0:
	{t1, t6, t5, t9, t10}
You may want to ignore posterior probabilities and other statistics related to the following branch branch because the effective number of genes impacting it is only 2:
	{t1, t4, t8, t6, t5, t9, t10}
You may want to ignore posterior probabilities and other statistics related to the following branch branch because the effective number of genes impacting it is only 10:
	{t7, t1, t4, t8, t6, t5, t9, t10}
Extended species tree:
(t3,(t2,(((t4,t8)1:1.5404450409471486,((t6,t10)0.98:0.6931471805599453,(t5,(t1,t9)0.33:0.0)1:2.2335922215070947)0.33:0.0)0.87:0.6931471805599453,t7)1:1.9924301646902058));
Weight calculation took 0.042143226 secs
ASTRAL finished in 0.423 secs
