
================== ASTRAL ===================== 

This is ASTRAL version 5.7.8
Gene trees are treated as unrooted
601 trees read from quartet_temp.txt
index0
All output trees will be *arbitrarily* rooted at t4

======== Running the main analysis
Number of taxa: 10 (10 species)
Taxa: [t4, t6, t1, t2, t9, t10, t5, t3, t7, t8]
Taxon occupancy: {t4=298, t5=173, t6=153, t10=236, t7=143, t8=187, t9=253, t1=410, t2=407, t3=144}
Number of gene trees: 601
601 trees have missing taxa
Calculating quartet distance matrix (for completion of X)
Species tree distances calculated ...
Will attempt to complete bipartitions from X before adding using a distance matrix.
Building set of clusters (X) from gene trees 
------------------------------
gradient0: 49
Number of Clusters after addition by distance: 49
calculating extra bipartitions to be added at level 1 ...
Adding to X using resolutions of greedy consensus ...
Limit for sigma of degrees:300
polytomy size limit : 3
discarded polytomies:  []
Threshold 0.0:
Threshold 0.01:
Threshold 0.02:
Threshold 0.05:
Threshold 0.1:
Threshold 0.2:
Threshold 0.3333333333333333:
max k is :0
Number of Clusters after addition by greedy: 49
gradient0 in heuristiic: 49
calculating all possible bipartitions ...
Number of Clusters After Adding All possible clusters: 1023
partitions formed in 0.301 secs
Dynamic Programming starting after 0.306 secs
Using tree-based weight calculation.
Using polytree-based weight calculation.
Polytree max score: 601
Polytree building time: 0.014 seconds.
Number of quartet trees in the gene trees: 601
Size of largest cluster: 10
Greedy score: 581
estimationFactor: 1.0344234079173837
Sub-optimal score: 581
Total Number of elements weighted: 2022
Normalized score (portion of input quartet trees satisfied before correcting for multiple individuals): 0.9667221297836939
Optimization score: 581
Optimal tree inferred in 0.614 secs.
(t6,((t9,t10),((t3,(t1,t2)),((t7,t8),(t4,t5)))));
Final quartet score is: 581
Final normalized quartet score is: 0.9667221297836939
You may want to ignore posterior probabilities and other statistics related to the following branch branch because the effective number of genes impacting it is only 3:
	{t9, t10}
You may want to ignore posterior probabilities and other statistics related to the following branch branch because the effective number of genes impacting it is only 8:
	{t6, t9, t10}
You may want to ignore posterior probabilities and other statistics related to the following branch branch because the effective number of genes impacting it is only 16:
	{t6, t1, t2, t9, t10, t3}
You may want to ignore posterior probabilities and other statistics related to the following branch branch because the effective number of genes impacting it is only 9:
	{t6, t1, t2, t9, t10, t3, t7, t8}
Extended species tree:
(t4,(t5,((t7,t8)1:0.7985076962177715,((t3,(t1,t2)1:3.0285220963769826)1:3.149882953381249,((t9,t10)0.67:0.2876820724517809,t6)1:1.7917594692280545)0.49:0.23052365861183224)1:1.8971199848858815));
Weight calculation took 0.184966314 secs
ASTRAL finished in 0.836 secs
