
================== ASTRAL ===================== 

This is ASTRAL version 5.7.8
Gene trees are treated as unrooted
248 trees read from quartet_temp.txt
index0
All output trees will be *arbitrarily* rooted at t5

======== Running the main analysis
Number of taxa: 10 (10 species)
Taxa: [t5, t7, t1, t2, t10, t6, t9, t8, t3, t4]
Taxon occupancy: {t4=68, t5=148, t10=131, t6=146, t7=99, t8=31, t9=111, t1=87, t2=99, t3=72}
Number of gene trees: 248
248 trees have missing taxa
Calculating quartet distance matrix (for completion of X)
Species tree distances calculated ...
Will attempt to complete bipartitions from X before adding using a distance matrix.
Building set of clusters (X) from gene trees 
------------------------------
gradient0: 75
Number of Clusters after addition by distance: 75
calculating extra bipartitions to be added at level 1 ...
Adding to X using resolutions of greedy consensus ...
Limit for sigma of degrees:300
polytomy size limit : 3
discarded polytomies:  []
Threshold 0.0:
Threshold 0.01:
Threshold 0.02:
Threshold 0.05:
Threshold 0.1:
Threshold 0.2:
Threshold 0.3333333333333333:
max k is :0
Number of Clusters after addition by greedy: 75
gradient0 in heuristiic: 75
calculating all possible bipartitions ...
Number of Clusters After Adding All possible clusters: 1023
partitions formed in 0.21 secs
Dynamic Programming starting after 0.21 secs
Using tree-based weight calculation.
Using polytree-based weight calculation.
Polytree max score: 248
Polytree building time: 0.02 seconds.
Number of quartet trees in the gene trees: 248
Size of largest cluster: 10
Greedy score: 224
estimationFactor: 1.1071428571428572
Sub-optimal score: 228
Total Number of elements weighted: 2019
Normalized score (portion of input quartet trees satisfied before correcting for multiple individuals): 0.9354838709677419
Optimization score: 232
Optimal tree inferred in 0.434 secs.
(t7,((t5,t9),(t4,(t3,(t8,(t1,(t2,(t10,t6))))))));
Final quartet score is: 232
Final normalized quartet score is: 0.9354838709677419
You may want to ignore posterior probabilities and other statistics related to the following branch branch because the effective number of genes impacting it is only 0:
	{t2, t10, t6}
You may want to ignore posterior probabilities and other statistics related to the following branch branch because the effective number of genes impacting it is only 1:
	{t1, t2, t10, t6}
You may want to ignore posterior probabilities and other statistics related to the following branch branch because the effective number of genes impacting it is only 4:
	{t1, t2, t10, t6, t8}
You may want to ignore posterior probabilities and other statistics related to the following branch branch because the effective number of genes impacting it is only 12:
	{t1, t2, t10, t6, t8, t3}
You may want to ignore posterior probabilities and other statistics related to the following branch branch because the effective number of genes impacting it is only 3:
	{t1, t2, t10, t6, t8, t3, t4}
You may want to ignore posterior probabilities and other statistics related to the following branch branch because the effective number of genes impacting it is only 11:
	{t7, t1, t2, t10, t6, t8, t3, t4}
Extended species tree:
(t5,(t9,((t4,(t3,(t8,(t1,(t2,(t10,t6)1:2.92673940206704)0.33:0.0)0.67:0.2876820724517809)0.98:1.2039728043259361)0.96:0.5500463369192721)0.95:0.9808292530117262,t7)0.98:0.6931471805599453));
Weight calculation took 0.085097368 secs
ASTRAL finished in 0.579 secs
