
================== ASTRAL ===================== 

This is ASTRAL version 5.7.8
Gene trees are treated as unrooted
216 trees read from quartet_temp.txt
index0
All output trees will be *arbitrarily* rooted at t5

======== Running the main analysis
Number of taxa: 10 (10 species)
Taxa: [t5, t6, t1, t4, t7, t8, t9, t10, t2, t3]
Taxon occupancy: {t4=84, t5=134, t6=116, t10=66, t7=121, t8=74, t9=86, t1=62, t2=58, t3=63}
Number of gene trees: 216
216 trees have missing taxa
Calculating quartet distance matrix (for completion of X)
Species tree distances calculated ...
Will attempt to complete bipartitions from X before adding using a distance matrix.
Building set of clusters (X) from gene trees 
------------------------------
gradient0: 67
Number of Clusters after addition by distance: 67
calculating extra bipartitions to be added at level 1 ...
Adding to X using resolutions of greedy consensus ...
Limit for sigma of degrees:300
polytomy size limit : 3
discarded polytomies:  []
Threshold 0.0:
Threshold 0.01:
Threshold 0.02:
Threshold 0.05:
Threshold 0.1:
Threshold 0.2:
Threshold 0.3333333333333333:
max k is :0
Number of Clusters after addition by greedy: 67
gradient0 in heuristiic: 67
calculating all possible bipartitions ...
Number of Clusters After Adding All possible clusters: 1023
partitions formed in 0.201 secs
Dynamic Programming starting after 0.201 secs
Using tree-based weight calculation.
Using polytree-based weight calculation.
Polytree max score: 216
Polytree building time: 0.011 seconds.
Number of quartet trees in the gene trees: 216
Size of largest cluster: 10
Greedy score: 195
estimationFactor: 1.1076923076923078
Sub-optimal score: 199
Total Number of elements weighted: 2048
Normalized score (portion of input quartet trees satisfied before correcting for multiple individuals): 0.9212962962962963
Optimization score: 199
Optimal tree inferred in 0.429 secs.
(t6,(t5,(t10,((t8,t2),(t9,(t1,(t3,(t4,t7))))))));
Final quartet score is: 199
Final normalized quartet score is: 0.9212962962962963
You may want to ignore posterior probabilities and other statistics related to the following branch branch because the effective number of genes impacting it is only 4:
	{t8, t2}
You may want to ignore posterior probabilities and other statistics related to the following branch branch because the effective number of genes impacting it is only 4:
	{t4, t7}
You may want to ignore posterior probabilities and other statistics related to the following branch branch because the effective number of genes impacting it is only 5:
	{t4, t7, t3}
You may want to ignore posterior probabilities and other statistics related to the following branch branch because the effective number of genes impacting it is only 8:
	{t1, t4, t7, t3}
You may want to ignore posterior probabilities and other statistics related to the following branch branch because the effective number of genes impacting it is only 18:
	{t1, t4, t7, t9, t3}
You may want to ignore posterior probabilities and other statistics related to the following branch branch because the effective number of genes impacting it is only 3:
	{t1, t4, t7, t8, t9, t2, t3}
Extended species tree:
(t5,((t10,((t8,t2)0.98:1.2039728043259361,(t9,(t1,(t3,(t4,t7)0.84:0.5108256237659905)0.99:1.3862943611198908)0.47:0.1823215567939546)0.99:0.5930637220029626)0.95:0.9808292530117262)1:2.1202635362000914,t6));
Weight calculation took 0.086782854 secs
ASTRAL finished in 0.577 secs
