
================== ASTRAL ===================== 

This is ASTRAL version 5.7.8
Gene trees are treated as unrooted
333 trees read from quartet_temp.txt
index0
All output trees will be *arbitrarily* rooted at t3

======== Running the main analysis
Number of taxa: 10 (10 species)
Taxa: [t3, t7, t2, t6, t4, t8, t10, t9, t5, t1]
Taxon occupancy: {t4=164, t5=58, t6=147, t10=240, t7=124, t8=154, t9=230, t1=63, t2=106, t3=46}
Number of gene trees: 333
333 trees have missing taxa
Calculating quartet distance matrix (for completion of X)
Species tree distances calculated ...
Will attempt to complete bipartitions from X before adding using a distance matrix.
Building set of clusters (X) from gene trees 
------------------------------
gradient0: 47
Number of Clusters after addition by distance: 47
calculating extra bipartitions to be added at level 1 ...
Adding to X using resolutions of greedy consensus ...
Limit for sigma of degrees:300
polytomy size limit : 3
discarded polytomies:  []
Threshold 0.0:
Threshold 0.01:
Threshold 0.02:
Threshold 0.05:
Threshold 0.1:
Threshold 0.2:
Threshold 0.3333333333333333:
max k is :0
Number of Clusters after addition by greedy: 47
gradient0 in heuristiic: 47
calculating all possible bipartitions ...
Number of Clusters After Adding All possible clusters: 1023
partitions formed in 0.238 secs
Dynamic Programming starting after 0.238 secs
Using tree-based weight calculation.
Using polytree-based weight calculation.
Polytree max score: 333
Polytree building time: 0.016 seconds.
Number of quartet trees in the gene trees: 333
Size of largest cluster: 10
Greedy score: 330
estimationFactor: 1.009090909090909
Sub-optimal score: 330
Total Number of elements weighted: 1002
Normalized score (portion of input quartet trees satisfied before correcting for multiple individuals): 0.990990990990991
Optimization score: 330
Optimal tree inferred in 0.415 secs.
(t7,(t3,((t10,t9),(t5,(t1,((t4,t8),(t2,t6)))))));
Final quartet score is: 330
Final normalized quartet score is: 0.990990990990991
You may want to ignore posterior probabilities and other statistics related to the following branch branch because the effective number of genes impacting it is only 10:
	{t10, t9}
You may want to ignore posterior probabilities and other statistics related to the following branch branch because the effective number of genes impacting it is only 2:
	{t4, t8}
You may want to ignore posterior probabilities and other statistics related to the following branch branch because the effective number of genes impacting it is only 10:
	{t2, t6}
You may want to ignore posterior probabilities and other statistics related to the following branch branch because the effective number of genes impacting it is only 4:
	{t2, t6, t4, t8}
You may want to ignore posterior probabilities and other statistics related to the following branch branch because the effective number of genes impacting it is only 6:
	{t2, t6, t4, t8, t1}
You may want to ignore posterior probabilities and other statistics related to the following branch branch because the effective number of genes impacting it is only 10:
	{t2, t6, t4, t8, t5, t1}
You may want to ignore posterior probabilities and other statistics related to the following branch branch because the effective number of genes impacting it is only 0:
	{t2, t6, t4, t8, t10, t9, t5, t1}
Extended species tree:
(t3,(((t10,t9)0.96:0.6061358035703156,(t5,(t1,((t4,t8)0.87:0.6931471805599453,(t2,t6)1:1.9924301646902058)0.98:1.2039728043259361)1:1.5404450409471486)1:1.9924301646902058)0.33:0.0,t7));
Weight calculation took 0.078165415 secs
ASTRAL finished in 0.581 secs
