
================== ASTRAL ===================== 

This is ASTRAL version 5.7.8
Gene trees are treated as unrooted
276 trees read from quartet_temp.txt
index0
All output trees will be *arbitrarily* rooted at t7

======== Running the main analysis
Number of taxa: 10 (10 species)
Taxa: [t7, t8, t6, t9, t10, t1, t3, t2, t4, t5]
Taxon occupancy: {t4=93, t5=88, t6=88, t10=124, t7=122, t8=118, t9=120, t1=97, t2=118, t3=136}
Number of gene trees: 276
276 trees have missing taxa
Calculating quartet distance matrix (for completion of X)
Species tree distances calculated ...
Will attempt to complete bipartitions from X before adding using a distance matrix.
Building set of clusters (X) from gene trees 
------------------------------
gradient0: 59
Number of Clusters after addition by distance: 59
calculating extra bipartitions to be added at level 1 ...
Adding to X using resolutions of greedy consensus ...
Limit for sigma of degrees:300
polytomy size limit : 3
discarded polytomies:  []
Threshold 0.0:
Threshold 0.01:
Threshold 0.02:
Threshold 0.05:
Threshold 0.1:
Threshold 0.2:
Threshold 0.3333333333333333:
max k is :0
Number of Clusters after addition by greedy: 59
gradient0 in heuristiic: 59
calculating all possible bipartitions ...
Number of Clusters After Adding All possible clusters: 1023
partitions formed in 0.21 secs
Dynamic Programming starting after 0.21 secs
Using tree-based weight calculation.
Using polytree-based weight calculation.
Polytree max score: 276
Polytree building time: 0.016 seconds.
Number of quartet trees in the gene trees: 276
Size of largest cluster: 10
Greedy score: 265
estimationFactor: 1.0415094339622641
Sub-optimal score: 265
Total Number of elements weighted: 1354
Normalized score (portion of input quartet trees satisfied before correcting for multiple individuals): 0.967391304347826
Optimization score: 267
Optimal tree inferred in 0.397 secs.
(t8,(t7,(t2,(t5,((t6,t4),((t1,t3),(t9,t10)))))));
Final quartet score is: 267
Final normalized quartet score is: 0.967391304347826
You may want to ignore posterior probabilities and other statistics related to the following branch branch because the effective number of genes impacting it is only 3:
	{t6, t4}
You may want to ignore posterior probabilities and other statistics related to the following branch branch because the effective number of genes impacting it is only 5:
	{t1, t3}
You may want to ignore posterior probabilities and other statistics related to the following branch branch because the effective number of genes impacting it is only 7:
	{t9, t10}
You may want to ignore posterior probabilities and other statistics related to the following branch branch because the effective number of genes impacting it is only 4:
	{t6, t9, t10, t1, t3, t4}
You may want to ignore posterior probabilities and other statistics related to the following branch branch because the effective number of genes impacting it is only 6:
	{t6, t9, t10, t1, t3, t4, t5}
You may want to ignore posterior probabilities and other statistics related to the following branch branch because the effective number of genes impacting it is only 18:
	{t6, t9, t10, t1, t3, t2, t4, t5}
Extended species tree:
(t7,((t2,(t5,((t6,t4)0.67:0.2876820724517809,((t1,t3)0.99:1.3862943611198908,(t9,t10)1:1.6739764335716716)1:3.2321210516182224)0.44:0.1053605156578264)0.83:0.4418327522790392)1:2.538973871058275,t8));
Weight calculation took 0.072926435 secs
ASTRAL finished in 0.572 secs
