
================== ASTRAL ===================== 

This is ASTRAL version 5.7.8
Gene trees are treated as unrooted
203 trees read from quartet_temp.txt
index0
All output trees will be *arbitrarily* rooted at t7

======== Running the main analysis
Number of taxa: 10 (10 species)
Taxa: [t7, t8, t6, t9, t10, t1, t3, t2, t4, t5]
Taxon occupancy: {t4=68, t5=48, t6=63, t10=87, t7=96, t8=100, t9=59, t1=101, t2=69, t3=121}
Number of gene trees: 203
203 trees have missing taxa
Calculating quartet distance matrix (for completion of X)
Species tree distances calculated ...
Will attempt to complete bipartitions from X before adding using a distance matrix.
Building set of clusters (X) from gene trees 
------------------------------
gradient0: 61
Number of Clusters after addition by distance: 61
calculating extra bipartitions to be added at level 1 ...
Adding to X using resolutions of greedy consensus ...
Limit for sigma of degrees:300
polytomy size limit : 3
discarded polytomies:  []
Threshold 0.0:
Threshold 0.01:
Threshold 0.02:
Threshold 0.05:
Threshold 0.1:
Threshold 0.2:
Threshold 0.3333333333333333:
max k is :0
Number of Clusters after addition by greedy: 61
gradient0 in heuristiic: 61
calculating all possible bipartitions ...
Number of Clusters After Adding All possible clusters: 1023
partitions formed in 0.193 secs
Dynamic Programming starting after 0.193 secs
Using tree-based weight calculation.
Using polytree-based weight calculation.
Polytree max score: 203
Polytree building time: 0.011 seconds.
Number of quartet trees in the gene trees: 203
Size of largest cluster: 10
Greedy score: 203
estimationFactor: 1.0
Sub-optimal score: 203
Total Number of elements weighted: 1063
Normalized score (portion of input quartet trees satisfied before correcting for multiple individuals): 1.0
Optimization score: 203
Optimal tree inferred in 0.368 secs.
(t8,(t7,(t2,(t5,(t4,(t6,((t1,t3),(t9,t10))))))));
Final quartet score is: 203
Final normalized quartet score is: 1.0
You may want to ignore posterior probabilities and other statistics related to the following branch branch because the effective number of genes impacting it is only 8:
	{t1, t3}
You may want to ignore posterior probabilities and other statistics related to the following branch branch because the effective number of genes impacting it is only 3:
	{t9, t10}
You may want to ignore posterior probabilities and other statistics related to the following branch branch because the effective number of genes impacting it is only 0:
	{t6, t9, t10, t1, t3}
You may want to ignore posterior probabilities and other statistics related to the following branch branch because the effective number of genes impacting it is only 0:
	{t6, t9, t10, t1, t3, t4}
You may want to ignore posterior probabilities and other statistics related to the following branch branch because the effective number of genes impacting it is only 2:
	{t6, t9, t10, t1, t3, t4, t5}
You may want to ignore posterior probabilities and other statistics related to the following branch branch because the effective number of genes impacting it is only 18:
	{t6, t9, t10, t1, t3, t2, t4, t5}
Extended species tree:
(t7,((t2,(t5,(t4,(t6,((t1,t3)1:1.7917594692280545,(t9,t10)0.95:0.9808292530117262)1:2.772588722239782)0.33:0.0)0.33:0.0)0.87:0.6931471805599453)1:2.538973871058275,t8));
Weight calculation took 0.059867269 secs
ASTRAL finished in 1.068 secs
