
================== ASTRAL ===================== 

This is ASTRAL version 5.7.8
Gene trees are treated as unrooted
179 trees read from quartet_temp.txt
index0
All output trees will be *arbitrarily* rooted at t5

======== Running the main analysis
Number of taxa: 10 (10 species)
Taxa: [t5, t6, t2, t4, t9, t10, t7, t8, t1, t3]
Taxon occupancy: {t4=50, t5=83, t6=62, t10=83, t7=104, t8=82, t9=44, t1=35, t2=104, t3=69}
Number of gene trees: 179
179 trees have missing taxa
Calculating quartet distance matrix (for completion of X)
Species tree distances calculated ...
Will attempt to complete bipartitions from X before adding using a distance matrix.
Building set of clusters (X) from gene trees 
------------------------------
gradient0: 73
Number of Clusters after addition by distance: 73
calculating extra bipartitions to be added at level 1 ...
Adding to X using resolutions of greedy consensus ...
Limit for sigma of degrees:300
polytomy size limit : 3
discarded polytomies:  []
Threshold 0.0:
Threshold 0.01:
Threshold 0.02:
Threshold 0.05:
Threshold 0.1:
Threshold 0.2:
Threshold 0.3333333333333333:
max k is :0
Number of Clusters after addition by greedy: 73
gradient0 in heuristiic: 73
calculating all possible bipartitions ...
Number of Clusters After Adding All possible clusters: 1023
partitions formed in 0.203 secs
Dynamic Programming starting after 0.203 secs
Using tree-based weight calculation.
Using polytree-based weight calculation.
Polytree max score: 179
Polytree building time: 0.016 seconds.
Number of quartet trees in the gene trees: 179
Size of largest cluster: 10
Greedy score: 146
estimationFactor: 1.226027397260274
Sub-optimal score: 158
Total Number of elements weighted: 3772
Normalized score (portion of input quartet trees satisfied before correcting for multiple individuals): 0.88268156424581
Optimization score: 158
Optimal tree inferred in 0.537 secs.
(t6,((t5,(t10,(t7,t8))),(t9,(t1,(t4,(t2,t3))))));
Final quartet score is: 158
Final normalized quartet score is: 0.88268156424581
You may want to ignore posterior probabilities and other statistics related to the following branch branch because the effective number of genes impacting it is only 5:
	{t7, t8}
You may want to ignore posterior probabilities and other statistics related to the following branch branch because the effective number of genes impacting it is only 18:
	{t10, t7, t8}
You may want to ignore posterior probabilities and other statistics related to the following branch branch because the effective number of genes impacting it is only 6:
	{t2, t3}
You may want to ignore posterior probabilities and other statistics related to the following branch branch because the effective number of genes impacting it is only 0:
	{t2, t4, t3}
You may want to ignore posterior probabilities and other statistics related to the following branch branch because the effective number of genes impacting it is only 1:
	{t2, t4, t1, t3}
You may want to ignore posterior probabilities and other statistics related to the following branch branch because the effective number of genes impacting it is only 6:
	{t2, t4, t9, t1, t3}
You may want to ignore posterior probabilities and other statistics related to the following branch branch because the effective number of genes impacting it is only 11:
	{t6, t2, t4, t9, t1, t3}
Extended species tree:
(t5,((t10,(t7,t8)0.93:0.6931471805599453)0.64:0.14107859825990549,((t9,(t1,(t4,(t2,t3)1:1.5404450409471486)0.33:0.0)0.67:0.2876820724517809)1:1.5404450409471486,t6)0.98:0.6931471805599453));
Weight calculation took 0.190915658 secs
ASTRAL finished in 1.196 secs
