
================== ASTRAL ===================== 

This is ASTRAL version 5.7.8
Gene trees are treated as unrooted
213 trees read from quartet_temp.txt
index0
All output trees will be *arbitrarily* rooted at t3

======== Running the main analysis
Number of taxa: 10 (10 species)
Taxa: [t3, t9, t2, t6, t10, t7, t8, t4, t5, t1]
Taxon occupancy: {t4=55, t5=50, t6=55, t10=121, t7=104, t8=99, t9=96, t1=75, t2=83, t3=114}
Number of gene trees: 213
213 trees have missing taxa
Calculating quartet distance matrix (for completion of X)
Species tree distances calculated ...
Will attempt to complete bipartitions from X before adding using a distance matrix.
Building set of clusters (X) from gene trees 
------------------------------
gradient0: 43
Number of Clusters after addition by distance: 43
calculating extra bipartitions to be added at level 1 ...
Adding to X using resolutions of greedy consensus ...
Limit for sigma of degrees:300
polytomy size limit : 3
discarded polytomies:  []
Threshold 0.0:
Threshold 0.01:
Threshold 0.02:
Threshold 0.05:
Threshold 0.1:
Threshold 0.2:
Threshold 0.3333333333333333:
max k is :0
Number of Clusters after addition by greedy: 43
gradient0 in heuristiic: 43
calculating all possible bipartitions ...
Number of Clusters After Adding All possible clusters: 1023
partitions formed in 0.2 secs
Dynamic Programming starting after 0.201 secs
Using tree-based weight calculation.
Using polytree-based weight calculation.
Polytree max score: 213
Polytree building time: 0.021 seconds.
Number of quartet trees in the gene trees: 213
Size of largest cluster: 10
Greedy score: 213
estimationFactor: 1.0
Sub-optimal score: 213
Total Number of elements weighted: 1056
Normalized score (portion of input quartet trees satisfied before correcting for multiple individuals): 1.0
Optimization score: 213
Optimal tree inferred in 0.361 secs.
(t9,(t10,(t3,(t1,(t5,((t7,t8),(t4,(t2,t6))))))));
Final quartet score is: 213
Final normalized quartet score is: 1.0
You may want to ignore posterior probabilities and other statistics related to the following branch branch because the effective number of genes impacting it is only 13:
	{t7, t8}
You may want to ignore posterior probabilities and other statistics related to the following branch branch because the effective number of genes impacting it is only 0:
	{t2, t6}
You may want to ignore posterior probabilities and other statistics related to the following branch branch because the effective number of genes impacting it is only 4:
	{t2, t6, t4}
You may want to ignore posterior probabilities and other statistics related to the following branch branch because the effective number of genes impacting it is only 0:
	{t2, t6, t7, t8, t4}
You may want to ignore posterior probabilities and other statistics related to the following branch branch because the effective number of genes impacting it is only 6:
	{t2, t6, t7, t8, t4, t5}
You may want to ignore posterior probabilities and other statistics related to the following branch branch because the effective number of genes impacting it is only 1:
	{t2, t6, t7, t8, t4, t5, t1}
You may want to ignore posterior probabilities and other statistics related to the following branch branch because the effective number of genes impacting it is only 17:
	{t9, t10}
Extended species tree:
(t3,((t1,(t5,((t7,t8)1:2.2335922215070947,(t4,(t2,t6)0.33:0.0)0.98:1.2039728043259361)0.33:0.0)1:1.5404450409471486)0.67:0.2876820724517809,(t10,t9)1:2.484906649788));
Weight calculation took 0.045272589 secs
ASTRAL finished in 1.057 secs
