
================== ASTRAL ===================== 

This is ASTRAL version 5.7.8
Gene trees are treated as unrooted
602 trees read from quartet_temp.txt
index0
All output trees will be *arbitrarily* rooted at t4

======== Running the main analysis
Number of taxa: 10 (10 species)
Taxa: [t4, t5, t3, t8, t9, t10, t1, t2, t6, t7]
Taxon occupancy: {t4=349, t5=321, t10=212, t6=205, t7=166, t8=307, t9=221, t1=190, t2=267, t3=170}
Number of gene trees: 602
602 trees have missing taxa
Calculating quartet distance matrix (for completion of X)
Species tree distances calculated ...
Will attempt to complete bipartitions from X before adding using a distance matrix.
Building set of clusters (X) from gene trees 
------------------------------
gradient0: 95
Number of Clusters after addition by distance: 95
calculating extra bipartitions to be added at level 1 ...
Adding to X using resolutions of greedy consensus ...
Limit for sigma of degrees:300
polytomy size limit : 3
discarded polytomies:  []
Threshold 0.0:
Threshold 0.01:
Threshold 0.02:
Threshold 0.05:
Threshold 0.1:
Threshold 0.2:
Threshold 0.3333333333333333:
max k is :0
Number of Clusters after addition by greedy: 95
gradient0 in heuristiic: 95
calculating all possible bipartitions ...
Number of Clusters After Adding All possible clusters: 1023
partitions formed in 0.335 secs
Dynamic Programming starting after 0.335 secs
Using tree-based weight calculation.
Using polytree-based weight calculation.
Polytree max score: 602
Polytree building time: 0.021 seconds.
Number of quartet trees in the gene trees: 602
Size of largest cluster: 10
Greedy score: 555
estimationFactor: 1.0846846846846847
Sub-optimal score: 555
Total Number of elements weighted: 1200
Normalized score (portion of input quartet trees satisfied before correcting for multiple individuals): 0.9219269102990033
Optimization score: 555
Optimal tree inferred in 0.564 secs.
(t5,(t4,((t6,(t2,(t3,t1))),(t7,(t10,(t8,t9))))));
Final quartet score is: 555
Final normalized quartet score is: 0.9219269102990033
You may want to ignore posterior probabilities and other statistics related to the following branch branch because the effective number of genes impacting it is only 1:
	{t3, t1}
You may want to ignore posterior probabilities and other statistics related to the following branch branch because the effective number of genes impacting it is only 8:
	{t8, t9}
You may want to ignore posterior probabilities and other statistics related to the following branch branch because the effective number of genes impacting it is only 9:
	{t8, t9, t10}
Extended species tree:
(t4,(((t6,(t2,(t3,t1)0.67:0.2876820724517809)1:1.1631508098056806)1:0.6931471805599453,(t7,(t10,(t8,t9)1:1.7917594692280545)0.91:0.5108256237659905)1:1.8718021769015918)1:0.9490805546971459,t5));
Weight calculation took 0.095344872 secs
ASTRAL finished in 1.311 secs
