
================== ASTRAL ===================== 

This is ASTRAL version 5.7.8
Gene trees are treated as unrooted
236 trees read from quartet_temp.txt
index0
All output trees will be *arbitrarily* rooted at t5

======== Running the main analysis
Number of taxa: 10 (10 species)
Taxa: [t5, t7, t1, t2, t4, t6, t8, t9, t10, t3]
Taxon occupancy: {t4=125, t5=146, t6=41, t10=118, t7=134, t8=97, t9=95, t1=71, t2=82, t3=35}
Number of gene trees: 236
236 trees have missing taxa
Calculating quartet distance matrix (for completion of X)
Species tree distances calculated ...
Will attempt to complete bipartitions from X before adding using a distance matrix.
Building set of clusters (X) from gene trees 
------------------------------
gradient0: 63
Number of Clusters after addition by distance: 63
calculating extra bipartitions to be added at level 1 ...
Adding to X using resolutions of greedy consensus ...
Limit for sigma of degrees:300
polytomy size limit : 3
discarded polytomies:  []
Threshold 0.0:
Threshold 0.01:
Threshold 0.02:
Threshold 0.05:
Threshold 0.1:
Threshold 0.2:
Threshold 0.3333333333333333:
max k is :0
Number of Clusters after addition by greedy: 63
gradient0 in heuristiic: 63
calculating all possible bipartitions ...
Number of Clusters After Adding All possible clusters: 1023
partitions formed in 0.204 secs
Dynamic Programming starting after 0.204 secs
Using tree-based weight calculation.
Using polytree-based weight calculation.
Polytree max score: 236
Polytree building time: 0.011 seconds.
Number of quartet trees in the gene trees: 236
Size of largest cluster: 10
Greedy score: 227
estimationFactor: 1.039647577092511
Sub-optimal score: 230
Total Number of elements weighted: 1086
Normalized score (portion of input quartet trees satisfied before correcting for multiple individuals): 0.9745762711864406
Optimization score: 230
Optimal tree inferred in 0.374 secs.
(t7,(t5,((t8,t9),(t6,(t2,(t1,(t3,(t4,t10))))))));
Final quartet score is: 230
Final normalized quartet score is: 0.9745762711864406
You may want to ignore posterior probabilities and other statistics related to the following branch branch because the effective number of genes impacting it is only 10:
	{t8, t9}
You may want to ignore posterior probabilities and other statistics related to the following branch branch because the effective number of genes impacting it is only 3:
	{t4, t10}
You may want to ignore posterior probabilities and other statistics related to the following branch branch because the effective number of genes impacting it is only 2:
	{t4, t10, t3}
You may want to ignore posterior probabilities and other statistics related to the following branch branch because the effective number of genes impacting it is only 2:
	{t1, t4, t10, t3}
You may want to ignore posterior probabilities and other statistics related to the following branch branch because the effective number of genes impacting it is only 4:
	{t1, t2, t4, t10, t3}
You may want to ignore posterior probabilities and other statistics related to the following branch branch because the effective number of genes impacting it is only 4:
	{t1, t2, t4, t6, t10, t3}
You may want to ignore posterior probabilities and other statistics related to the following branch branch because the effective number of genes impacting it is only 13:
	{t1, t2, t4, t6, t8, t9, t10, t3}
Extended species tree:
(t5,(((t8,t9)0.99:0.8938178760220965,(t6,(t2,(t1,(t3,(t4,t10)0.95:0.9808292530117262)0.87:0.6931471805599453)0.87:0.6931471805599453)0.44:0.1053605156578264)0.98:1.2039728043259361)1:1.5404450409471486,t7));
Weight calculation took 0.039292656 secs
ASTRAL finished in 1.069 secs
