
================== ASTRAL ===================== 

This is ASTRAL version 5.7.8
Gene trees are treated as unrooted
107 trees read from quartet_temp.txt
index0
All output trees will be *arbitrarily* rooted at t5

======== Running the main analysis
Number of taxa: 10 (10 species)
Taxa: [t5, t7, t1, t2, t4, t6, t10, t3, t8, t9]
Taxon occupancy: {t4=70, t5=35, t6=48, t10=30, t7=48, t8=14, t9=43, t1=40, t2=32, t3=68}
Number of gene trees: 107
107 trees have missing taxa
Calculating quartet distance matrix (for completion of X)
Species tree distances calculated ...
Will attempt to complete bipartitions from X before adding using a distance matrix.
Building set of clusters (X) from gene trees 
------------------------------
gradient0: 61
Number of Clusters after addition by distance: 61
calculating extra bipartitions to be added at level 1 ...
Adding to X using resolutions of greedy consensus ...
Limit for sigma of degrees:300
polytomy size limit : 3
discarded polytomies:  []
Threshold 0.0:
Threshold 0.01:
Threshold 0.02:
Threshold 0.05:
Threshold 0.1:
Threshold 0.2:
Threshold 0.3333333333333333:
max k is :0
Number of Clusters after addition by greedy: 61
gradient0 in heuristiic: 61
calculating all possible bipartitions ...
Number of Clusters After Adding All possible clusters: 1023
partitions formed in 0.158 secs
Dynamic Programming starting after 0.158 secs
Using tree-based weight calculation.
Using polytree-based weight calculation.
Polytree max score: 107
Polytree building time: 0.01 seconds.
Number of quartet trees in the gene trees: 107
Size of largest cluster: 10
Greedy score: 100
estimationFactor: 1.07
Sub-optimal score: 100
Total Number of elements weighted: 1529
Normalized score (portion of input quartet trees satisfied before correcting for multiple individuals): 0.9439252336448598
Optimization score: 101
Optimal tree inferred in 0.318 secs.
(t7,(t8,(t5,(t2,((t4,t3),(t10,(t9,(t1,t6))))))));
Final quartet score is: 101
Final normalized quartet score is: 0.9439252336448598
You may want to ignore posterior probabilities and other statistics related to the following branch branch because the effective number of genes impacting it is only 7:
	{t4, t3}
You may want to ignore posterior probabilities and other statistics related to the following branch branch because the effective number of genes impacting it is only 2:
	{t1, t6}
You may want to ignore posterior probabilities and other statistics related to the following branch branch because the effective number of genes impacting it is only 0:
	{t1, t6, t9}
You may want to ignore posterior probabilities and other statistics related to the following branch branch because the effective number of genes impacting it is only 5:
	{t1, t6, t10, t9}
You may want to ignore posterior probabilities and other statistics related to the following branch branch because the effective number of genes impacting it is only 6:
	{t1, t4, t6, t10, t3, t9}
You may want to ignore posterior probabilities and other statistics related to the following branch branch because the effective number of genes impacting it is only 8:
	{t1, t2, t4, t6, t10, t3, t9}
You may want to ignore posterior probabilities and other statistics related to the following branch branch because the effective number of genes impacting it is only 0:
	{t7, t8}
Extended species tree:
(t5,((t2,((t4,t3)1:1.6739764335716716,(t10,(t9,(t1,t6)0.42:0.0)0.33:0.0)0.99:1.3862943611198908)0.83:0.4418327522790392)1:1.7917594692280545,(t8,t7)0.33:0.0));
Weight calculation took 0.034142231 secs
ASTRAL finished in 0.961 secs
