
================== ASTRAL ===================== 

This is ASTRAL version 5.7.8
Gene trees are treated as unrooted
69 trees read from quartet_temp.txt
index0
All output trees will be *arbitrarily* rooted at t8

======== Running the main analysis
Number of taxa: 10 (10 species)
Taxa: [t8, t9, t3, t4, t5, t2, t6, t1, t10, t7]
Taxon occupancy: {t4=40, t5=30, t6=19, t10=23, t7=22, t8=25, t9=35, t1=30, t2=30, t3=22}
Number of gene trees: 69
69 trees have missing taxa
Calculating quartet distance matrix (for completion of X)
Species tree distances calculated ...
Will attempt to complete bipartitions from X before adding using a distance matrix.
Building set of clusters (X) from gene trees 
------------------------------
gradient0: 59
Number of Clusters after addition by distance: 59
calculating extra bipartitions to be added at level 1 ...
Adding to X using resolutions of greedy consensus ...
Limit for sigma of degrees:300
polytomy size limit : 3
discarded polytomies:  []
Threshold 0.0:
Threshold 0.01:
Threshold 0.02:
Threshold 0.05:
Threshold 0.1:
Threshold 0.2:
Threshold 0.3333333333333333:
max k is :0
Number of Clusters after addition by greedy: 59
gradient0 in heuristiic: 59
calculating all possible bipartitions ...
Number of Clusters After Adding All possible clusters: 1023
partitions formed in 0.139 secs
Dynamic Programming starting after 0.139 secs
Using tree-based weight calculation.
Using polytree-based weight calculation.
Polytree max score: 69
Polytree building time: 0.01 seconds.
Number of quartet trees in the gene trees: 69
Size of largest cluster: 10
Greedy score: 66
estimationFactor: 1.0454545454545454
Sub-optimal score: 66
Total Number of elements weighted: 1069
Normalized score (portion of input quartet trees satisfied before correcting for multiple individuals): 0.9565217391304348
Optimization score: 66
Optimal tree inferred in 0.273 secs.
(t9,(t8,(t1,((t6,(t2,t7)),(t5,(t3,(t4,t10)))))));
Final quartet score is: 66
Final normalized quartet score is: 0.9565217391304348
You may want to ignore posterior probabilities and other statistics related to the following branch branch because the effective number of genes impacting it is only 3:
	{t2, t7}
You may want to ignore posterior probabilities and other statistics related to the following branch branch because the effective number of genes impacting it is only 2:
	{t2, t6, t7}
You may want to ignore posterior probabilities and other statistics related to the following branch branch because the effective number of genes impacting it is only 4:
	{t4, t10}
You may want to ignore posterior probabilities and other statistics related to the following branch branch because the effective number of genes impacting it is only 5:
	{t3, t4, t10}
You may want to ignore posterior probabilities and other statistics related to the following branch branch because the effective number of genes impacting it is only 0:
	{t3, t4, t5, t10}
You may want to ignore posterior probabilities and other statistics related to the following branch branch because the effective number of genes impacting it is only 4:
	{t3, t4, t5, t2, t6, t10, t7}
You may want to ignore posterior probabilities and other statistics related to the following branch branch because the effective number of genes impacting it is only 3:
	{t3, t4, t5, t2, t6, t1, t10, t7}
Extended species tree:
(t8,((t1,((t6,(t2,t7)0.95:0.9808292530117262)0.87:0.6931471805599453,(t5,(t3,(t4,t10)0.98:1.2039728043259361)0.67:0.2876820724517809)0.33:0.0)0.98:1.2039728043259361)0.95:0.9808292530117262,t9));
Weight calculation took 0.046533372 secs
ASTRAL finished in 0.379 secs
