
================== ASTRAL ===================== 

This is ASTRAL version 5.7.8
Gene trees are treated as unrooted
61 trees read from quartet_temp.txt
index0
All output trees will be *arbitrarily* rooted at t2

======== Running the main analysis
Number of taxa: 10 (10 species)
Taxa: [t2, t5, t1, t8, t3, t4, t6, t7, t9, t10]
Taxon occupancy: {t4=30, t5=29, t6=17, t10=18, t7=29, t8=15, t9=22, t1=35, t2=36, t3=13}
Number of gene trees: 61
61 trees have missing taxa
Calculating quartet distance matrix (for completion of X)
Species tree distances calculated ...
Will attempt to complete bipartitions from X before adding using a distance matrix.
Building set of clusters (X) from gene trees 
------------------------------
gradient0: 79
Number of Clusters after addition by distance: 79
calculating extra bipartitions to be added at level 1 ...
Adding to X using resolutions of greedy consensus ...
Limit for sigma of degrees:300
polytomy size limit : 3
discarded polytomies:  []
Threshold 0.0:
Threshold 0.01:
Threshold 0.02:
Threshold 0.05:
Threshold 0.1:
Threshold 0.2:
Threshold 0.3333333333333333:
max k is :0
Number of Clusters after addition by greedy: 79
gradient0 in heuristiic: 79
calculating all possible bipartitions ...
Number of Clusters After Adding All possible clusters: 1023
partitions formed in 0.156 secs
Dynamic Programming starting after 0.156 secs
Using tree-based weight calculation.
Using polytree-based weight calculation.
Polytree max score: 61
Polytree building time: 0.007 seconds.
Number of quartet trees in the gene trees: 61
Size of largest cluster: 10
Greedy score: 48
estimationFactor: 1.2708333333333333
Sub-optimal score: 53
Total Number of elements weighted: 1281
Normalized score (portion of input quartet trees satisfied before correcting for multiple individuals): 0.9672131147540983
Optimization score: 59
Optimal tree inferred in 0.293 secs.
(t5,(t2,(t1,(t4,(t3,(t8,(t10,(t9,(t6,t7)))))))));
Final quartet score is: 59
Final normalized quartet score is: 0.9672131147540983
You may want to ignore posterior probabilities and other statistics related to the following branch branch because the effective number of genes impacting it is only 4:
	{t6, t7}
You may want to ignore posterior probabilities and other statistics related to the following branch branch because the effective number of genes impacting it is only 1:
	{t6, t7, t9}
You may want to ignore posterior probabilities and other statistics related to the following branch branch because the effective number of genes impacting it is only 1:
	{t6, t7, t9, t10}
You may want to ignore posterior probabilities and other statistics related to the following branch branch because the effective number of genes impacting it is only 1:
	{t8, t6, t7, t9, t10}
You may want to ignore posterior probabilities and other statistics related to the following branch branch because the effective number of genes impacting it is only 3:
	{t8, t3, t6, t7, t9, t10}
You may want to ignore posterior probabilities and other statistics related to the following branch branch because the effective number of genes impacting it is only 5:
	{t8, t3, t4, t6, t7, t9, t10}
You may want to ignore posterior probabilities and other statistics related to the following branch branch because the effective number of genes impacting it is only 8:
	{t1, t8, t3, t4, t6, t7, t9, t10}
Extended species tree:
(t2,((t1,(t4,(t3,(t8,(t10,(t9,(t6,t7)0.98:1.2039728043259361)0.67:0.2876820724517809)0.67:0.2876820724517809)0.67:0.2876820724517809)0.95:0.9808292530117262)0.93:0.6931471805599453)1:1.7917594692280545,t5));
Weight calculation took 0.029959703 secs
ASTRAL finished in 0.409 secs
