
================== ASTRAL ===================== 

This is ASTRAL version 5.7.8
Gene trees are treated as unrooted
1704 trees read from quartet_temp.txt
index0
All output trees will be *arbitrarily* rooted at t3

======== Running the main analysis
Number of taxa: 10 (10 species)
Taxa: [t3, t9, t10, t2, t4, t5, t6, t7, t1, t8]
Taxon occupancy: {t4=270, t5=327, t10=777, t6=853, t7=845, t8=664, t9=845, t1=626, t2=732, t3=877}
Number of gene trees: 1704
1704 trees have missing taxa
Calculating quartet distance matrix (for completion of X)
Species tree distances calculated ...
Will attempt to complete bipartitions from X before adding using a distance matrix.
Building set of clusters (X) from gene trees 
------------------------------
gradient0: 67
Number of Clusters after addition by distance: 67
calculating extra bipartitions to be added at level 1 ...
Adding to X using resolutions of greedy consensus ...
Limit for sigma of degrees:300
polytomy size limit : 3
discarded polytomies:  []
Threshold 0.0:
Threshold 0.01:
Threshold 0.02:
Threshold 0.05:
Threshold 0.1:
Threshold 0.2:
Threshold 0.3333333333333333:
max k is :0
Number of Clusters after addition by greedy: 67
gradient0 in heuristiic: 67
calculating all possible bipartitions ...
Number of Clusters After Adding All possible clusters: 1023
partitions formed in 0.56 secs
Dynamic Programming starting after 0.56 secs
Using tree-based weight calculation.
Using polytree-based weight calculation.
Polytree max score: 1704
Polytree building time: 0.054 seconds.
Number of quartet trees in the gene trees: 1704
Size of largest cluster: 10
Greedy score: 1652
estimationFactor: 1.0314769975786926
Sub-optimal score: 1652
Total Number of elements weighted: 1113
Normalized score (portion of input quartet trees satisfied before correcting for multiple individuals): 0.9694835680751174
Optimization score: 1652
Optimal tree inferred in 1.042 secs.
(t9,(t3,(t8,(t1,((t4,t5),((t6,t7),(t10,t2)))))));
Final quartet score is: 1652
Final normalized quartet score is: 0.9694835680751174
Extended species tree:
(t3,((t8,(t1,((t4,t5)1:3.1780538303479453,((t6,t7)1:3.0285220963769826,(t10,t2)1:2.538973871058275)1:1.2039728043259361)1:0.7772302977704869)1:0.6061358035703156)1:1.067840630001356,t9));
Weight calculation took 0.278963272 secs
ASTRAL finished in 1.345 secs
