
================== ASTRAL ===================== 

This is ASTRAL version 5.7.8
Gene trees are treated as unrooted
261 trees read from quartet_temp.txt
index0
All output trees will be *arbitrarily* rooted at t3

======== Running the main analysis
Number of taxa: 10 (10 species)
Taxa: [t3, t7, t2, t5, t9, t4, t1, t6, t8, t10]
Taxon occupancy: {t4=119, t5=168, t6=170, t10=24, t7=148, t8=83, t9=96, t1=82, t2=65, t3=89}
Number of gene trees: 261
261 trees have missing taxa
Calculating quartet distance matrix (for completion of X)
Species tree distances calculated ...
Will attempt to complete bipartitions from X before adding using a distance matrix.
Building set of clusters (X) from gene trees 
------------------------------
gradient0: 67
Number of Clusters after addition by distance: 67
calculating extra bipartitions to be added at level 1 ...
Adding to X using resolutions of greedy consensus ...
Limit for sigma of degrees:300
polytomy size limit : 3
discarded polytomies:  []
Threshold 0.0:
Threshold 0.01:
Threshold 0.02:
Threshold 0.05:
Threshold 0.1:
Threshold 0.2:
Threshold 0.3333333333333333:
max k is :0
Number of Clusters after addition by greedy: 67
gradient0 in heuristiic: 67
calculating all possible bipartitions ...
Number of Clusters After Adding All possible clusters: 1023
partitions formed in 0.21 secs
Dynamic Programming starting after 0.21 secs
Using tree-based weight calculation.
Using polytree-based weight calculation.
Polytree max score: 261
Polytree building time: 0.011 seconds.
Number of quartet trees in the gene trees: 261
Size of largest cluster: 10
Greedy score: 252
estimationFactor: 1.0357142857142858
Sub-optimal score: 256
Total Number of elements weighted: 1151
Normalized score (portion of input quartet trees satisfied before correcting for multiple individuals): 0.9808429118773946
Optimization score: 256
Optimal tree inferred in 0.389 secs.
(t7,(t4,(t3,((t9,t1),(t2,(t8,(t10,(t5,t6))))))));
Final quartet score is: 256
Final normalized quartet score is: 0.9808429118773946
You may want to ignore posterior probabilities and other statistics related to the following branch branch because the effective number of genes impacting it is only 7:
	{t9, t1}
You may want to ignore posterior probabilities and other statistics related to the following branch branch because the effective number of genes impacting it is only 9:
	{t5, t6}
You may want to ignore posterior probabilities and other statistics related to the following branch branch because the effective number of genes impacting it is only 3:
	{t5, t6, t10}
You may want to ignore posterior probabilities and other statistics related to the following branch branch because the effective number of genes impacting it is only 2:
	{t5, t6, t8, t10}
You may want to ignore posterior probabilities and other statistics related to the following branch branch because the effective number of genes impacting it is only 5:
	{t2, t5, t6, t8, t10}
You may want to ignore posterior probabilities and other statistics related to the following branch branch because the effective number of genes impacting it is only 13:
	{t2, t5, t9, t1, t6, t8, t10}
You may want to ignore posterior probabilities and other statistics related to the following branch branch because the effective number of genes impacting it is only 5:
	{t7, t4}
Extended species tree:
(t3,(((t9,t1)0.99:0.9808292530117262,(t2,(t8,(t10,(t5,t6)0.99:0.7985076962177715)0.95:0.9808292530117262)0.87:0.6931471805599453)0.99:1.3862943611198908)1:1.5404450409471486,(t4,t7)0.99:1.3862943611198908));
Weight calculation took 0.064428656 secs
ASTRAL finished in 0.552 secs
