
================== ASTRAL ===================== 

This is ASTRAL version 5.7.8
Gene trees are treated as unrooted
250 trees read from quartet_temp.txt
index0
All output trees will be *arbitrarily* rooted at t10

======== Running the main analysis
Number of taxa: 10 (10 species)
Taxa: [t10, t4, t3, t8, t5, t7, t2, t6, t1, t9]
Taxon occupancy: {t4=139, t5=156, t10=141, t6=56, t7=149, t8=78, t9=87, t1=64, t2=89, t3=41}
Number of gene trees: 250
250 trees have missing taxa
Calculating quartet distance matrix (for completion of X)
Species tree distances calculated ...
Will attempt to complete bipartitions from X before adding using a distance matrix.
Building set of clusters (X) from gene trees 
------------------------------
gradient0: 57
Number of Clusters after addition by distance: 57
calculating extra bipartitions to be added at level 1 ...
Adding to X using resolutions of greedy consensus ...
Limit for sigma of degrees:300
polytomy size limit : 3
discarded polytomies:  []
Threshold 0.0:
Threshold 0.01:
Threshold 0.02:
Threshold 0.05:
Threshold 0.1:
Threshold 0.2:
Threshold 0.3333333333333333:
max k is :0
Number of Clusters after addition by greedy: 57
gradient0 in heuristiic: 57
calculating all possible bipartitions ...
Number of Clusters After Adding All possible clusters: 1023
partitions formed in 0.206 secs
Dynamic Programming starting after 0.206 secs
Using tree-based weight calculation.
Using polytree-based weight calculation.
Polytree max score: 250
Polytree building time: 0.017 seconds.
Number of quartet trees in the gene trees: 250
Size of largest cluster: 10
Greedy score: 240
estimationFactor: 1.0416666666666667
Sub-optimal score: 242
Total Number of elements weighted: 1735
Normalized score (portion of input quartet trees satisfied before correcting for multiple individuals): 0.968
Optimization score: 242
Optimal tree inferred in 0.417 secs.
(t4,(t10,(t1,(t3,((t2,t6),((t5,t7),(t8,t9)))))));
Final quartet score is: 242
Final normalized quartet score is: 0.968
You may want to ignore posterior probabilities and other statistics related to the following branch branch because the effective number of genes impacting it is only 4:
	{t2, t6}
You may want to ignore posterior probabilities and other statistics related to the following branch branch because the effective number of genes impacting it is only 19:
	{t5, t7}
You may want to ignore posterior probabilities and other statistics related to the following branch branch because the effective number of genes impacting it is only 4:
	{t8, t9}
You may want to ignore posterior probabilities and other statistics related to the following branch branch because the effective number of genes impacting it is only 13:
	{t8, t5, t7, t9}
You may want to ignore posterior probabilities and other statistics related to the following branch branch because the effective number of genes impacting it is only 0:
	{t8, t5, t7, t2, t6, t9}
You may want to ignore posterior probabilities and other statistics related to the following branch branch because the effective number of genes impacting it is only 0:
	{t3, t8, t5, t7, t2, t6, t9}
You may want to ignore posterior probabilities and other statistics related to the following branch branch because the effective number of genes impacting it is only 12:
	{t3, t8, t5, t7, t2, t6, t1, t9}
Extended species tree:
(t10,((t1,(t3,((t2,t6)0.84:0.5108256237659905,((t5,t7)1:1.4916548767777167,(t8,t9)0.98:1.2039728043259361)1:1.1349799328389845)0.33:0.0)0.33:0.0)1:2.159484249353373,t4));
Weight calculation took 0.098676881 secs
ASTRAL finished in 0.582 secs
