
================== ASTRAL ===================== 

This is ASTRAL version 5.7.8
Gene trees are treated as unrooted
1672 trees read from quartet_temp.txt
index0
All output trees will be *arbitrarily* rooted at t6

======== Running the main analysis
Number of taxa: 10 (10 species)
Taxa: [t6, t7, t10, t2, t5, t1, t4, t9, t3, t8]
Taxon occupancy: {t4=166, t5=313, t6=841, t10=796, t7=796, t8=721, t9=853, t1=579, t2=782, t3=841}
Number of gene trees: 1672
1672 trees have missing taxa
Calculating quartet distance matrix (for completion of X)
Species tree distances calculated ...
Will attempt to complete bipartitions from X before adding using a distance matrix.
Building set of clusters (X) from gene trees 
------------------------------
gradient0: 51
Number of Clusters after addition by distance: 51
calculating extra bipartitions to be added at level 1 ...
Adding to X using resolutions of greedy consensus ...
Limit for sigma of degrees:300
polytomy size limit : 3
discarded polytomies:  []
Threshold 0.0:
Threshold 0.01:
Threshold 0.02:
Threshold 0.05:
Threshold 0.1:
Threshold 0.2:
Threshold 0.3333333333333333:
max k is :0
Number of Clusters after addition by greedy: 51
gradient0 in heuristiic: 51
calculating all possible bipartitions ...
Number of Clusters After Adding All possible clusters: 1023
partitions formed in 0.595 secs
Dynamic Programming starting after 0.595 secs
Using tree-based weight calculation.
Using polytree-based weight calculation.
Polytree max score: 1672
Polytree building time: 0.027 seconds.
Number of quartet trees in the gene trees: 1672
Size of largest cluster: 10
Greedy score: 1650
estimationFactor: 1.0133333333333334
Sub-optimal score: 1650
Total Number of elements weighted: 1053
Normalized score (portion of input quartet trees satisfied before correcting for multiple individuals): 0.9868421052631579
Optimization score: 1650
Optimal tree inferred in 0.958 secs.
(t7,(t6,((t10,t2),((t5,t4),(t1,(t8,(t9,t3)))))));
Final quartet score is: 1650
Final normalized quartet score is: 0.9868421052631579
You may want to ignore posterior probabilities and other statistics related to the following branch branch because the effective number of genes impacting it is only 12:
	{t9, t3, t8}
You may want to ignore posterior probabilities and other statistics related to the following branch branch because the effective number of genes impacting it is only 9:
	{t10, t2, t5, t1, t4, t9, t3, t8}
Extended species tree:
(t6,(((t10,t2)1:4.10539439840869,((t5,t4)1:0.95265837604503,(t1,(t8,(t9,t3)1:2.564949357461536)1:2.159484249353373)1:1.1884686177899708)1:2.961830721878311)1:1.8971199848858815,t7));
Weight calculation took 0.202495506 secs
ASTRAL finished in 1.26 secs
