
================== ASTRAL ===================== 

This is ASTRAL version 5.7.8
Gene trees are treated as unrooted
129 trees read from quartet_temp.txt
index0
All output trees will be *arbitrarily* rooted at t4

======== Running the main analysis
Number of taxa: 10 (10 species)
Taxa: [t4, t7, t2, t6, t10, t5, t8, t9, t3, t1]
Taxon occupancy: {t4=30, t5=68, t6=61, t10=59, t7=45, t8=31, t9=30, t1=32, t2=79, t3=81}
Number of gene trees: 129
129 trees have missing taxa
Calculating quartet distance matrix (for completion of X)
Species tree distances calculated ...
Will attempt to complete bipartitions from X before adding using a distance matrix.
Building set of clusters (X) from gene trees 
------------------------------
gradient0: 61
Number of Clusters after addition by distance: 61
calculating extra bipartitions to be added at level 1 ...
Adding to X using resolutions of greedy consensus ...
Limit for sigma of degrees:300
polytomy size limit : 3
discarded polytomies:  []
Threshold 0.0:
Threshold 0.01:
Threshold 0.02:
Threshold 0.05:
Threshold 0.1:
Threshold 0.2:
Threshold 0.3333333333333333:
max k is :0
Number of Clusters after addition by greedy: 61
gradient0 in heuristiic: 61
calculating all possible bipartitions ...
Number of Clusters After Adding All possible clusters: 1023
partitions formed in 0.175 secs
Dynamic Programming starting after 0.175 secs
Using tree-based weight calculation.
Using polytree-based weight calculation.
Polytree max score: 129
Polytree building time: 0.009 seconds.
Number of quartet trees in the gene trees: 129
Size of largest cluster: 10
Greedy score: 120
estimationFactor: 1.075
Sub-optimal score: 120
Total Number of elements weighted: 3312
Normalized score (portion of input quartet trees satisfied before correcting for multiple individuals): 0.9302325581395349
Optimization score: 120
Optimal tree inferred in 0.394 secs.
(t7,((t8,(t9,t1)),(t5,(t4,((t2,t3),(t6,t10))))));
Final quartet score is: 120
Final normalized quartet score is: 0.9302325581395349
You may want to ignore posterior probabilities and other statistics related to the following branch branch because the effective number of genes impacting it is only 8:
	{t2, t3}
You may want to ignore posterior probabilities and other statistics related to the following branch branch because the effective number of genes impacting it is only 18:
	{t6, t10}
You may want to ignore posterior probabilities and other statistics related to the following branch branch because the effective number of genes impacting it is only 2:
	{t2, t6, t10, t3}
You may want to ignore posterior probabilities and other statistics related to the following branch branch because the effective number of genes impacting it is only 2:
	{t9, t1}
You may want to ignore posterior probabilities and other statistics related to the following branch branch because the effective number of genes impacting it is only 3:
	{t8, t9, t1}
You may want to ignore posterior probabilities and other statistics related to the following branch branch because the effective number of genes impacting it is only 5:
	{t7, t8, t9, t1}
You may want to ignore posterior probabilities and other statistics related to the following branch branch because the effective number of genes impacting it is only 12:
	{t7, t5, t8, t9, t1}
Extended species tree:
(t4,(((t2,t3)1:1.7917594692280545,(t6,t10)1:2.538973871058275)0.87:0.6931471805599453,(t5,((t8,(t9,t1)0.87:0.6931471805599453)0.95:0.9808292530117262,t7)0.93:0.6931471805599453)0.99:0.7731898882334817));
Weight calculation took 0.095407771 secs
ASTRAL finished in 0.522 secs
