
================== ASTRAL ===================== 

This is ASTRAL version 5.7.8
Gene trees are treated as unrooted
68 trees read from quartet_temp.txt
index0
All output trees will be *arbitrarily* rooted at t6

======== Running the main analysis
Number of taxa: 10 (10 species)
Taxa: [t6, t8, t1, t3, t9, t7, t2, t10, t4, t5]
Taxon occupancy: {t4=28, t5=18, t6=44, t10=29, t7=38, t8=18, t9=24, t1=19, t2=29, t3=25}
Number of gene trees: 68
68 trees have missing taxa
Calculating quartet distance matrix (for completion of X)
Species tree distances calculated ...
Will attempt to complete bipartitions from X before adding using a distance matrix.
Building set of clusters (X) from gene trees 
------------------------------
gradient0: 55
Number of Clusters after addition by distance: 55
calculating extra bipartitions to be added at level 1 ...
Adding to X using resolutions of greedy consensus ...
Limit for sigma of degrees:300
polytomy size limit : 3
discarded polytomies:  []
Threshold 0.0:
Threshold 0.01:
Threshold 0.02:
Threshold 0.05:
Threshold 0.1:
Threshold 0.2:
Threshold 0.3333333333333333:
max k is :0
Number of Clusters after addition by greedy: 55
gradient0 in heuristiic: 55
calculating all possible bipartitions ...
Number of Clusters After Adding All possible clusters: 1023
partitions formed in 0.137 secs
Dynamic Programming starting after 0.137 secs
Using tree-based weight calculation.
Using polytree-based weight calculation.
Polytree max score: 68
Polytree building time: 0.015 seconds.
Number of quartet trees in the gene trees: 68
Size of largest cluster: 10
Greedy score: 61
estimationFactor: 1.1147540983606556
Sub-optimal score: 66
Total Number of elements weighted: 1262
Normalized score (portion of input quartet trees satisfied before correcting for multiple individuals): 0.9705882352941176
Optimization score: 66
Optimal tree inferred in 0.272 secs.
(t8,(((t9,t2),(t1,t3)),((t10,t4),(t7,(t6,t5)))));
Final quartet score is: 66
Final normalized quartet score is: 0.9705882352941176
You may want to ignore posterior probabilities and other statistics related to the following branch branch because the effective number of genes impacting it is only 5:
	{t10, t4}
You may want to ignore posterior probabilities and other statistics related to the following branch branch because the effective number of genes impacting it is only 4:
	{t9, t2}
You may want to ignore posterior probabilities and other statistics related to the following branch branch because the effective number of genes impacting it is only 1:
	{t1, t3}
You may want to ignore posterior probabilities and other statistics related to the following branch branch because the effective number of genes impacting it is only 3:
	{t1, t3, t9, t2}
You may want to ignore posterior probabilities and other statistics related to the following branch branch because the effective number of genes impacting it is only 3:
	{t8, t1, t3, t9, t2}
You may want to ignore posterior probabilities and other statistics related to the following branch branch because the effective number of genes impacting it is only 6:
	{t8, t1, t3, t9, t2, t10, t4}
You may want to ignore posterior probabilities and other statistics related to the following branch branch because the effective number of genes impacting it is only 4:
	{t8, t1, t3, t9, t7, t2, t10, t4}
Extended species tree:
(t6,(t5,(t7,((t10,t4)0.99:1.3862943611198908,(((t9,t2)0.84:0.5108256237659905,(t1,t3)0.67:0.2876820724517809)0.67:0.2876820724517809,t8)0.95:0.9808292530117262)1:1.5404450409471486)0.98:1.2039728043259361));
Weight calculation took 0.047401864 secs
ASTRAL finished in 0.381 secs
