
================== ASTRAL ===================== 

This is ASTRAL version 5.7.8
Gene trees are treated as unrooted
265 trees read from quartet_temp.txt
index0
All output trees will be *arbitrarily* rooted at t10

======== Running the main analysis
Number of taxa: 10 (10 species)
Taxa: [t10, t8, t5, t9, t7, t3, t6, t2, t1, t4]
Taxon occupancy: {t4=63, t5=116, t10=108, t6=102, t7=120, t8=144, t9=85, t1=60, t2=127, t3=135}
Number of gene trees: 265
265 trees have missing taxa
Calculating quartet distance matrix (for completion of X)
Species tree distances calculated ...
Will attempt to complete bipartitions from X before adding using a distance matrix.
Building set of clusters (X) from gene trees 
------------------------------
gradient0: 55
Number of Clusters after addition by distance: 55
calculating extra bipartitions to be added at level 1 ...
Adding to X using resolutions of greedy consensus ...
Limit for sigma of degrees:300
polytomy size limit : 3
discarded polytomies:  []
Threshold 0.0:
Threshold 0.01:
Threshold 0.02:
Threshold 0.05:
Threshold 0.1:
Threshold 0.2:
Threshold 0.3333333333333333:
max k is :0
Number of Clusters after addition by greedy: 55
gradient0 in heuristiic: 55
calculating all possible bipartitions ...
Number of Clusters After Adding All possible clusters: 1023
partitions formed in 0.215 secs
Dynamic Programming starting after 0.215 secs
Using tree-based weight calculation.
Using polytree-based weight calculation.
Polytree max score: 265
Polytree building time: 0.017 seconds.
Number of quartet trees in the gene trees: 265
Size of largest cluster: 10
Greedy score: 263
estimationFactor: 1.0076045627376427
Sub-optimal score: 263
Total Number of elements weighted: 1078
Normalized score (portion of input quartet trees satisfied before correcting for multiple individuals): 0.9924528301886792
Optimization score: 263
Optimal tree inferred in 0.404 secs.
(t8,(t10,(t7,(t5,(t6,(t9,((t1,t4),(t3,t2))))))));
Final quartet score is: 263
Final normalized quartet score is: 0.9924528301886792
You may want to ignore posterior probabilities and other statistics related to the following branch branch because the effective number of genes impacting it is only 6:
	{t1, t4}
You may want to ignore posterior probabilities and other statistics related to the following branch branch because the effective number of genes impacting it is only 7:
	{t3, t2}
You may want to ignore posterior probabilities and other statistics related to the following branch branch because the effective number of genes impacting it is only 8:
	{t3, t2, t1, t4}
You may want to ignore posterior probabilities and other statistics related to the following branch branch because the effective number of genes impacting it is only 0:
	{t9, t3, t2, t1, t4}
You may want to ignore posterior probabilities and other statistics related to the following branch branch because the effective number of genes impacting it is only 12:
	{t9, t3, t6, t2, t1, t4}
You may want to ignore posterior probabilities and other statistics related to the following branch branch because the effective number of genes impacting it is only 16:
	{t5, t9, t3, t6, t2, t1, t4}
You may want to ignore posterior probabilities and other statistics related to the following branch branch because the effective number of genes impacting it is only 2:
	{t5, t9, t7, t3, t6, t2, t1, t4}
Extended species tree:
(t10,((t7,(t5,(t6,(t9,((t1,t4)0.83:0.4418327522790392,(t3,t2)1:1.6739764335716716)1:1.7917594692280545)0.33:0.0)1:2.159484249353373)1:2.4277482359480516)0.87:0.6931471805599453,t8));
Weight calculation took 0.070611918 secs
ASTRAL finished in 0.568 secs
