
================== ASTRAL ===================== 

This is ASTRAL version 5.7.8
Gene trees are treated as unrooted
298 trees read from quartet_temp.txt
index0
All output trees will be *arbitrarily* rooted at t10

======== Running the main analysis
Number of taxa: 10 (10 species)
Taxa: [t10, t7, t2, t6, t9, t4, t8, t3, t1, t5]
Taxon occupancy: {t4=121, t5=69, t10=203, t6=142, t7=136, t8=145, t9=199, t1=32, t2=85, t3=60}
Number of gene trees: 298
298 trees have missing taxa
Calculating quartet distance matrix (for completion of X)
Species tree distances calculated ...
Will attempt to complete bipartitions from X before adding using a distance matrix.
Building set of clusters (X) from gene trees 
------------------------------
gradient0: 63
Number of Clusters after addition by distance: 63
calculating extra bipartitions to be added at level 1 ...
Adding to X using resolutions of greedy consensus ...
Limit for sigma of degrees:300
polytomy size limit : 3
discarded polytomies:  []
Threshold 0.0:
Threshold 0.01:
Threshold 0.02:
Threshold 0.05:
Threshold 0.1:
Threshold 0.2:
Threshold 0.3333333333333333:
max k is :0
Number of Clusters after addition by greedy: 63
gradient0 in heuristiic: 63
calculating all possible bipartitions ...
Number of Clusters After Adding All possible clusters: 1023
partitions formed in 0.228 secs
Dynamic Programming starting after 0.228 secs
Using tree-based weight calculation.
Using polytree-based weight calculation.
Polytree max score: 298
Polytree building time: 0.02 seconds.
Number of quartet trees in the gene trees: 298
Size of largest cluster: 10
Greedy score: 296
estimationFactor: 1.0067567567567568
Sub-optimal score: 296
Total Number of elements weighted: 903
Normalized score (portion of input quartet trees satisfied before correcting for multiple individuals): 0.9932885906040269
Optimization score: 296
Optimal tree inferred in 0.383 secs.
(t7,((t10,t9),(t3,(t1,(t5,((t4,t8),(t2,t6)))))));
Final quartet score is: 296
Final normalized quartet score is: 0.9932885906040269
You may want to ignore posterior probabilities and other statistics related to the following branch branch because the effective number of genes impacting it is only 4:
	{t4, t8}
You may want to ignore posterior probabilities and other statistics related to the following branch branch because the effective number of genes impacting it is only 2:
	{t2, t6}
You may want to ignore posterior probabilities and other statistics related to the following branch branch because the effective number of genes impacting it is only 4:
	{t2, t6, t4, t8}
You may want to ignore posterior probabilities and other statistics related to the following branch branch because the effective number of genes impacting it is only 1:
	{t2, t6, t4, t8, t5}
You may want to ignore posterior probabilities and other statistics related to the following branch branch because the effective number of genes impacting it is only 2:
	{t2, t6, t4, t8, t1, t5}
You may want to ignore posterior probabilities and other statistics related to the following branch branch because the effective number of genes impacting it is only 2:
	{t2, t6, t4, t8, t3, t1, t5}
Extended species tree:
(t10,(t9,((t3,(t1,(t5,((t4,t8)0.98:1.2039728043259361,(t2,t6)0.87:0.6931471805599453)0.44:0.1053605156578264)0.67:0.2876820724517809)0.87:0.6931471805599453)0.87:0.6931471805599453,t7)1:2.961830721878311));
Weight calculation took 0.052337593 secs
ASTRAL finished in 0.554 secs
