
================== ASTRAL ===================== 

This is ASTRAL version 5.7.8
Gene trees are treated as unrooted
162 trees read from quartet_temp.txt
index0
All output trees will be *arbitrarily* rooted at t5

======== Running the main analysis
Number of taxa: 10 (10 species)
Taxa: [t5, t9, t4, t6, t7, t10, t1, t8, t2, t3]
Taxon occupancy: {t4=79, t5=48, t6=53, t10=72, t7=67, t8=78, t9=72, t1=62, t2=64, t3=53}
Number of gene trees: 162
162 trees have missing taxa
Calculating quartet distance matrix (for completion of X)
Species tree distances calculated ...
Will attempt to complete bipartitions from X before adding using a distance matrix.
Building set of clusters (X) from gene trees 
------------------------------
gradient0: 77
Number of Clusters after addition by distance: 77
calculating extra bipartitions to be added at level 1 ...
Adding to X using resolutions of greedy consensus ...
Limit for sigma of degrees:300
polytomy size limit : 3
discarded polytomies:  []
Threshold 0.0:
Threshold 0.01:
Threshold 0.02:
Threshold 0.05:
Threshold 0.1:
Threshold 0.2:
Threshold 0.3333333333333333:
max k is :0
Number of Clusters after addition by greedy: 77
gradient0 in heuristiic: 77
calculating all possible bipartitions ...
Number of Clusters After Adding All possible clusters: 1023
partitions formed in 0.041 secs
Dynamic Programming starting after 0.041 secs
Using tree-based weight calculation.
Using polytree-based weight calculation.
Polytree max score: 162
Polytree building time: 0.003 seconds.
Number of quartet trees in the gene trees: 162
Size of largest cluster: 10
Greedy score: 146
estimationFactor: 1.1095890410958904
Sub-optimal score: 151
Total Number of elements weighted: 1911
Normalized score (portion of input quartet trees satisfied before correcting for multiple individuals): 0.9382716049382716
Optimization score: 152
Optimal tree inferred in 0.098 secs.
(t9,(t2,((t7,(t1,(t10,t8))),(t6,(t3,(t5,t4))))));
Final quartet score is: 152
Final normalized quartet score is: 0.9382716049382716
You may want to ignore posterior probabilities and other statistics related to the following branch branch because the effective number of genes impacting it is only 1:
	{t10, t8}
You may want to ignore posterior probabilities and other statistics related to the following branch branch because the effective number of genes impacting it is only 17:
	{t10, t1, t8}
You may want to ignore posterior probabilities and other statistics related to the following branch branch because the effective number of genes impacting it is only 8:
	{t7, t10, t1, t8}
You may want to ignore posterior probabilities and other statistics related to the following branch branch because the effective number of genes impacting it is only 3:
	{t9, t7, t10, t1, t8, t2}
You may want to ignore posterior probabilities and other statistics related to the following branch branch because the effective number of genes impacting it is only 8:
	{t9, t6, t7, t10, t1, t8, t2}
You may want to ignore posterior probabilities and other statistics related to the following branch branch because the effective number of genes impacting it is only 4:
	{t9, t6, t7, t10, t1, t8, t2, t3}
Extended species tree:
(t5,(t4,(t3,(t6,((t7,(t1,(t10,t8)0.67:0.2876820724517809)1:2.484906649788)0.97:0.6931471805599453,(t2,t9)1:2.890371757896163)0.67:0.2876820724517809)1:1.7917594692280545)0.98:1.2039728043259361));
Weight calculation took 0.027100756 secs
ASTRAL finished in 0.134 secs
