
================== ASTRAL ===================== 

This is ASTRAL version 5.7.8
Gene trees are treated as unrooted
276 trees read from quartet_temp.txt
index0
All output trees will be *arbitrarily* rooted at t3

======== Running the main analysis
Number of taxa: 10 (10 species)
Taxa: [t3, t7, t2, t5, t9, t4, t1, t6, t8, t10]
Taxon occupancy: {t4=122, t5=168, t6=166, t10=33, t7=163, t8=86, t9=83, t1=88, t2=92, t3=103}
Number of gene trees: 276
276 trees have missing taxa
Calculating quartet distance matrix (for completion of X)
Species tree distances calculated ...
Will attempt to complete bipartitions from X before adding using a distance matrix.
Building set of clusters (X) from gene trees 
------------------------------
gradient0: 47
Number of Clusters after addition by distance: 47
calculating extra bipartitions to be added at level 1 ...
Adding to X using resolutions of greedy consensus ...
Limit for sigma of degrees:300
polytomy size limit : 3
discarded polytomies:  []
Threshold 0.0:
Threshold 0.01:
Threshold 0.02:
Threshold 0.05:
Threshold 0.1:
Threshold 0.2:
Threshold 0.3333333333333333:
max k is :0
Number of Clusters after addition by greedy: 47
gradient0 in heuristiic: 47
calculating all possible bipartitions ...
Number of Clusters After Adding All possible clusters: 1023
partitions formed in 0.046 secs
Dynamic Programming starting after 0.046 secs
Using tree-based weight calculation.
Using polytree-based weight calculation.
Polytree max score: 276
Polytree building time: 0.004 seconds.
Number of quartet trees in the gene trees: 276
Size of largest cluster: 10
Greedy score: 273
estimationFactor: 1.010989010989011
Sub-optimal score: 273
Total Number of elements weighted: 1301
Normalized score (portion of input quartet trees satisfied before correcting for multiple individuals): 0.9891304347826086
Optimization score: 273
Optimal tree inferred in 0.094 secs.
(t7,(t4,(t3,(t10,((t9,t1),((t2,t8),(t5,t6)))))));
Final quartet score is: 273
Final normalized quartet score is: 0.9891304347826086
You may want to ignore posterior probabilities and other statistics related to the following branch branch because the effective number of genes impacting it is only 7:
	{t9, t1}
You may want to ignore posterior probabilities and other statistics related to the following branch branch because the effective number of genes impacting it is only 3:
	{t2, t8}
You may want to ignore posterior probabilities and other statistics related to the following branch branch because the effective number of genes impacting it is only 3:
	{t2, t5, t6, t8}
You may want to ignore posterior probabilities and other statistics related to the following branch branch because the effective number of genes impacting it is only 2:
	{t2, t5, t9, t1, t6, t8}
You may want to ignore posterior probabilities and other statistics related to the following branch branch because the effective number of genes impacting it is only 10:
	{t2, t5, t9, t1, t6, t8, t10}
You may want to ignore posterior probabilities and other statistics related to the following branch branch because the effective number of genes impacting it is only 2:
	{t7, t4}
Extended species tree:
(t3,((t10,((t9,t1)1:1.6739764335716716,((t2,t8)0.95:0.9808292530117262,(t5,t6)1:3.332204510175203)0.67:0.2876820724517809)0.87:0.6931471805599453)1:1.9924301646902058,(t4,t7)0.87:0.6931471805599453));
Weight calculation took 0.021314088 secs
ASTRAL finished in 0.13 secs
