
================== ASTRAL ===================== 

This is ASTRAL version 5.7.8
Gene trees are treated as unrooted
193 trees read from quartet_temp.txt
index0
All output trees will be *arbitrarily* rooted at t7

======== Running the main analysis
Number of taxa: 10 (10 species)
Taxa: [t7, t9, t3, t4, t8, t10, t5, t1, t6, t2]
Taxon occupancy: {t4=102, t5=97, t10=24, t6=86, t7=122, t8=91, t9=75, t1=52, t2=59, t3=64}
Number of gene trees: 193
193 trees have missing taxa
Calculating quartet distance matrix (for completion of X)
Species tree distances calculated ...
Will attempt to complete bipartitions from X before adding using a distance matrix.
Building set of clusters (X) from gene trees 
------------------------------
gradient0: 69
Number of Clusters after addition by distance: 69
calculating extra bipartitions to be added at level 1 ...
Adding to X using resolutions of greedy consensus ...
Limit for sigma of degrees:300
polytomy size limit : 3
discarded polytomies:  []
Threshold 0.0:
Threshold 0.01:
Threshold 0.02:
Threshold 0.05:
Threshold 0.1:
Threshold 0.2:
Threshold 0.3333333333333333:
max k is :0
Number of Clusters after addition by greedy: 69
gradient0 in heuristiic: 69
calculating all possible bipartitions ...
Number of Clusters After Adding All possible clusters: 1023
partitions formed in 0.039 secs
Dynamic Programming starting after 0.039 secs
Using tree-based weight calculation.
Using polytree-based weight calculation.
Polytree max score: 193
Polytree building time: 0.003 seconds.
Number of quartet trees in the gene trees: 193
Size of largest cluster: 10
Greedy score: 181
estimationFactor: 1.0662983425414365
Sub-optimal score: 181
Total Number of elements weighted: 1902
Normalized score (portion of input quartet trees satisfied before correcting for multiple individuals): 0.9481865284974094
Optimization score: 183
Optimal tree inferred in 0.091 secs.
(t9,(t1,(t10,((t3,(t7,t4)),((t8,t2),(t5,t6))))));
Final quartet score is: 183
Final normalized quartet score is: 0.9481865284974094
You may want to ignore posterior probabilities and other statistics related to the following branch branch because the effective number of genes impacting it is only 2:
	{t8, t2}
You may want to ignore posterior probabilities and other statistics related to the following branch branch because the effective number of genes impacting it is only 8:
	{t8, t5, t6, t2}
You may want to ignore posterior probabilities and other statistics related to the following branch branch because the effective number of genes impacting it is only 1:
	{t9, t1}
You may want to ignore posterior probabilities and other statistics related to the following branch branch because the effective number of genes impacting it is only 2:
	{t9, t10, t1}
You may want to ignore posterior probabilities and other statistics related to the following branch branch because the effective number of genes impacting it is only 11:
	{t9, t8, t10, t5, t1, t6, t2}
You may want to ignore posterior probabilities and other statistics related to the following branch branch because the effective number of genes impacting it is only 13:
	{t9, t3, t8, t10, t5, t1, t6, t2}
Extended species tree:
(t7,(t4,(t3,(((t8,t2)0.87:0.6931471805599453,(t5,t6)1:2.772588722239782)1:1.7917594692280545,(t10,(t1,t9)0.67:0.2876820724517809)0.42:0.0)1:1.3862943611198908)1:1.5404450409471486));
Weight calculation took 0.025197986 secs
ASTRAL finished in 0.124 secs
