
================== ASTRAL ===================== 

This is ASTRAL version 5.7.8
Gene trees are treated as unrooted
126 trees read from quartet_temp.txt
index0
All output trees will be *arbitrarily* rooted at t5

======== Running the main analysis
Number of taxa: 10 (10 species)
Taxa: [t5, t8, t3, t6, t10, t9, t2, t1, t7, t4]
Taxon occupancy: {t4=28, t5=51, t6=100, t10=103, t7=47, t8=34, t9=43, t1=19, t2=33, t3=46}
Number of gene trees: 126
126 trees have missing taxa
Calculating quartet distance matrix (for completion of X)
Species tree distances calculated ...
Will attempt to complete bipartitions from X before adding using a distance matrix.
Building set of clusters (X) from gene trees 
------------------------------
gradient0: 111
Number of Clusters after addition by distance: 111
calculating extra bipartitions to be added at level 1 ...
Adding to X using resolutions of greedy consensus ...
Limit for sigma of degrees:300
polytomy size limit : 3
discarded polytomies:  [3]
Threshold 0.0:
Threshold 0.01:
Threshold 0.02:
Threshold 0.05:
Threshold 0.1:
Threshold 0.2:
Threshold 0.3333333333333333:
polytomy of size 3; rounds with additions with at least 5 support: 0; clusters: 111
max k is :0
Number of Clusters after addition by greedy: 111
gradient0 in heuristiic: 111
calculating all possible bipartitions ...
Number of Clusters After Adding All possible clusters: 1023
partitions formed in 0.045 secs
Dynamic Programming starting after 0.045 secs
Using tree-based weight calculation.
Using polytree-based weight calculation.
Polytree max score: 126
Polytree building time: 0.003 seconds.
Number of quartet trees in the gene trees: 126
Size of largest cluster: 10
Greedy score: 122
estimationFactor: 1.0327868852459017
Sub-optimal score: 124
Total Number of elements weighted: 2016
Normalized score (portion of input quartet trees satisfied before correcting for multiple individuals): 0.9841269841269841
Optimization score: 124
Optimal tree inferred in 0.087 secs.
(t8,(t9,((t2,t7),((t5,t4),(t3,(t1,(t6,t10)))))));
Final quartet score is: 124
Final normalized quartet score is: 0.9841269841269841
You may want to ignore posterior probabilities and other statistics related to the following branch branch because the effective number of genes impacting it is only 8:
	{t6, t10}
You may want to ignore posterior probabilities and other statistics related to the following branch branch because the effective number of genes impacting it is only 3:
	{t6, t10, t1}
You may want to ignore posterior probabilities and other statistics related to the following branch branch because the effective number of genes impacting it is only 4:
	{t3, t6, t10, t1}
You may want to ignore posterior probabilities and other statistics related to the following branch branch because the effective number of genes impacting it is only 2:
	{t2, t7}
You may want to ignore posterior probabilities and other statistics related to the following branch branch because the effective number of genes impacting it is only 2:
	{t8, t9}
You may want to ignore posterior probabilities and other statistics related to the following branch branch because the effective number of genes impacting it is only 4:
	{t8, t9, t2, t7}
You may want to ignore posterior probabilities and other statistics related to the following branch branch because the effective number of genes impacting it is only 2:
	{t8, t3, t6, t10, t9, t2, t1, t7}
Extended species tree:
(t5,(t4,((t3,(t1,(t6,t10)1:1.7917594692280545)0.95:0.9808292530117262)0.98:1.2039728043259361,((t2,t7)0.87:0.6931471805599453,(t9,t8)0.87:0.6931471805599453)0.98:1.2039728043259361)0.87:0.6931471805599453));
Weight calculation took 0.017675433 secs
ASTRAL finished in 0.118 secs
