
================== ASTRAL ===================== 

This is ASTRAL version 5.7.8
Gene trees are treated as unrooted
134 trees read from quartet_temp.txt
index0
All output trees will be *arbitrarily* rooted at t6

======== Running the main analysis
Number of taxa: 10 (10 species)
Taxa: [t6, t8, t5, t7, t10, t2, t3, t1, t9, t4]
Taxon occupancy: {t4=34, t5=52, t6=64, t10=54, t7=53, t8=20, t9=56, t1=51, t2=72, t3=80}
Number of gene trees: 134
134 trees have missing taxa
Calculating quartet distance matrix (for completion of X)
Species tree distances calculated ...
Will attempt to complete bipartitions from X before adding using a distance matrix.
Building set of clusters (X) from gene trees 
------------------------------
gradient0: 63
Number of Clusters after addition by distance: 63
calculating extra bipartitions to be added at level 1 ...
Adding to X using resolutions of greedy consensus ...
Limit for sigma of degrees:300
polytomy size limit : 3
discarded polytomies:  [3]
Threshold 0.0:
Threshold 0.01:
Threshold 0.02:
Threshold 0.05:
Threshold 0.1:
Threshold 0.2:
Threshold 0.3333333333333333:
polytomy of size 3; rounds with additions with at least 5 support: 0; clusters: 63
max k is :0
Number of Clusters after addition by greedy: 63
gradient0 in heuristiic: 63
calculating all possible bipartitions ...
Number of Clusters After Adding All possible clusters: 1023
partitions formed in 0.044 secs
Dynamic Programming starting after 0.044 secs
Using tree-based weight calculation.
Using polytree-based weight calculation.
Polytree max score: 134
Polytree building time: 0.003 seconds.
Number of quartet trees in the gene trees: 134
Size of largest cluster: 10
Greedy score: 131
estimationFactor: 1.0229007633587786
Sub-optimal score: 131
Total Number of elements weighted: 1280
Normalized score (portion of input quartet trees satisfied before correcting for multiple individuals): 0.9850746268656716
Optimization score: 132
Optimal tree inferred in 0.084 secs.
(t8,(t4,((t2,t3),((t5,t7),((t1,t9),(t6,t10))))));
Final quartet score is: 132
Final normalized quartet score is: 0.9850746268656716
You may want to ignore posterior probabilities and other statistics related to the following branch branch because the effective number of genes impacting it is only 11:
	{t1, t9}
You may want to ignore posterior probabilities and other statistics related to the following branch branch because the effective number of genes impacting it is only 4:
	{t5, t7}
You may want to ignore posterior probabilities and other statistics related to the following branch branch because the effective number of genes impacting it is only 9:
	{t2, t3}
You may want to ignore posterior probabilities and other statistics related to the following branch branch because the effective number of genes impacting it is only 0:
	{t8, t4}
You may want to ignore posterior probabilities and other statistics related to the following branch branch because the effective number of genes impacting it is only 5:
	{t8, t2, t3, t4}
You may want to ignore posterior probabilities and other statistics related to the following branch branch because the effective number of genes impacting it is only 1:
	{t8, t5, t7, t2, t3, t4}
You may want to ignore posterior probabilities and other statistics related to the following branch branch because the effective number of genes impacting it is only 6:
	{t8, t5, t7, t2, t3, t1, t9, t4}
Extended species tree:
(t6,(t10,((t1,t9)1:2.0794415416798353,((t5,t7)0.98:1.2039728043259361,((t2,t3)1:1.8971199848858815,(t4,t8)0.33:0.0)0.99:1.3862943611198908)0.67:0.2876820724517809)1:1.5404450409471486));
Weight calculation took 0.016625312 secs
ASTRAL finished in 0.114 secs
