
================== ASTRAL ===================== 

This is ASTRAL version 5.7.8
Gene trees are treated as unrooted
215 trees read from quartet_temp.txt
index0
All output trees will be *arbitrarily* rooted at t3

======== Running the main analysis
Number of taxa: 10 (10 species)
Taxa: [t3, t4, t1, t2, t5, t8, t10, t6, t9, t7]
Taxon occupancy: {t4=93, t5=93, t10=106, t6=77, t7=58, t8=62, t9=65, t1=98, t2=86, t3=122}
Number of gene trees: 215
215 trees have missing taxa
Calculating quartet distance matrix (for completion of X)
Species tree distances calculated ...
Will attempt to complete bipartitions from X before adding using a distance matrix.
Building set of clusters (X) from gene trees 
------------------------------
gradient0: 47
Number of Clusters after addition by distance: 47
calculating extra bipartitions to be added at level 1 ...
Adding to X using resolutions of greedy consensus ...
Limit for sigma of degrees:300
polytomy size limit : 3
discarded polytomies:  []
Threshold 0.0:
Threshold 0.01:
Threshold 0.02:
Threshold 0.05:
Threshold 0.1:
Threshold 0.2:
Threshold 0.3333333333333333:
max k is :0
Number of Clusters after addition by greedy: 47
gradient0 in heuristiic: 47
calculating all possible bipartitions ...
Number of Clusters After Adding All possible clusters: 1023
partitions formed in 0.039 secs
Dynamic Programming starting after 0.039 secs
Using tree-based weight calculation.
Using polytree-based weight calculation.
Polytree max score: 215
Polytree building time: 0.003 seconds.
Number of quartet trees in the gene trees: 215
Size of largest cluster: 10
Greedy score: 213
estimationFactor: 1.0093896713615023
Sub-optimal score: 213
Total Number of elements weighted: 1058
Normalized score (portion of input quartet trees satisfied before correcting for multiple individuals): 0.9906976744186047
Optimization score: 213
Optimal tree inferred in 0.086 secs.
(t4,(t10,(t7,((t6,t9),((t1,t2),(t5,(t3,t8)))))));
Final quartet score is: 213
Final normalized quartet score is: 0.9906976744186047
You may want to ignore posterior probabilities and other statistics related to the following branch branch because the effective number of genes impacting it is only 2:
	{t1, t2}
You may want to ignore posterior probabilities and other statistics related to the following branch branch because the effective number of genes impacting it is only 9:
	{t6, t9}
You may want to ignore posterior probabilities and other statistics related to the following branch branch because the effective number of genes impacting it is only 8:
	{t4, t10}
You may want to ignore posterior probabilities and other statistics related to the following branch branch because the effective number of genes impacting it is only 0:
	{t4, t10, t7}
You may want to ignore posterior probabilities and other statistics related to the following branch branch because the effective number of genes impacting it is only 6:
	{t4, t1, t2, t10, t6, t9, t7}
You may want to ignore posterior probabilities and other statistics related to the following branch branch because the effective number of genes impacting it is only 7:
	{t4, t1, t2, t5, t10, t6, t9, t7}
Extended species tree:
(t3,(t8,(t5,((t1,t2)0.87:0.6931471805599453,((t6,t9)1:1.8971199848858815,(t7,(t10,t4)1:1.7917594692280545)0.33:0.0)1:2.9957322735539913)1:1.5404450409471486)0.93:0.5753641449035618));
Weight calculation took 0.020665783 secs
ASTRAL finished in 0.121 secs
