
================== ASTRAL ===================== 

This is ASTRAL version 5.7.8
Gene trees are treated as unrooted
575 trees read from quartet_temp.txt
index0
All output trees will be *arbitrarily* rooted at t10

======== Running the main analysis
Number of taxa: 10 (10 species)
Taxa: [t10, t9, t4, t8, t7, t2, t3, t5, t6, t1]
Taxon occupancy: {t4=183, t5=208, t10=311, t6=310, t7=278, t8=130, t9=317, t1=109, t2=230, t3=224}
Number of gene trees: 575
575 trees have missing taxa
Calculating quartet distance matrix (for completion of X)
Species tree distances calculated ...
Will attempt to complete bipartitions from X before adding using a distance matrix.
Building set of clusters (X) from gene trees 
------------------------------
gradient0: 43
Number of Clusters after addition by distance: 43
calculating extra bipartitions to be added at level 1 ...
Adding to X using resolutions of greedy consensus ...
Limit for sigma of degrees:300
polytomy size limit : 3
discarded polytomies:  []
Threshold 0.0:
Threshold 0.01:
Threshold 0.02:
Threshold 0.05:
Threshold 0.1:
Threshold 0.2:
Threshold 0.3333333333333333:
max k is :0
Number of Clusters after addition by greedy: 43
gradient0 in heuristiic: 43
calculating all possible bipartitions ...
Number of Clusters After Adding All possible clusters: 1023
partitions formed in 0.07 secs
Dynamic Programming starting after 0.07 secs
Using tree-based weight calculation.
Using polytree-based weight calculation.
Polytree max score: 575
Polytree building time: 0.005 seconds.
Number of quartet trees in the gene trees: 575
Size of largest cluster: 10
Greedy score: 574
estimationFactor: 1.0017421602787457
Sub-optimal score: 574
Total Number of elements weighted: 957
Normalized score (portion of input quartet trees satisfied before correcting for multiple individuals): 0.9982608695652174
Optimization score: 574
Optimal tree inferred in 0.126 secs.
(t9,(t10,((t5,(t7,t6)),((t4,t8),(t1,(t2,t3))))));
Final quartet score is: 574
Final normalized quartet score is: 0.9982608695652174
You may want to ignore posterior probabilities and other statistics related to the following branch branch because the effective number of genes impacting it is only 11:
	{t7, t5, t6}
You may want to ignore posterior probabilities and other statistics related to the following branch branch because the effective number of genes impacting it is only 5:
	{t4, t8}
You may want to ignore posterior probabilities and other statistics related to the following branch branch because the effective number of genes impacting it is only 14:
	{t2, t3}
You may want to ignore posterior probabilities and other statistics related to the following branch branch because the effective number of genes impacting it is only 6:
	{t2, t3, t1}
You may want to ignore posterior probabilities and other statistics related to the following branch branch because the effective number of genes impacting it is only 12:
	{t4, t8, t2, t3, t1}
Extended species tree:
(t10,(((t5,(t7,t6)1:1.9459101490553135)1:2.0794415416798353,((t4,t8)0.99:1.3862943611198908,(t1,(t2,t3)1:2.302585092994046)1:1.5404450409471486)1:2.159484249353373)1:3.601868077124306,t9));
Weight calculation took 0.026100596 secs
ASTRAL finished in 0.175 secs
