
================== ASTRAL ===================== 

This is ASTRAL version 5.7.8
Gene trees are treated as unrooted
248 trees read from quartet_temp.txt
index0
All output trees will be *arbitrarily* rooted at t7

======== Running the main analysis
Number of taxa: 10 (10 species)
Taxa: [t7, t8, t2, t4, t5, t10, t3, t9, t1, t6]
Taxon occupancy: {t4=96, t5=120, t10=85, t6=81, t7=88, t8=100, t9=58, t1=94, t2=142, t3=128}
Number of gene trees: 248
248 trees have missing taxa
Calculating quartet distance matrix (for completion of X)
Species tree distances calculated ...
Will attempt to complete bipartitions from X before adding using a distance matrix.
Building set of clusters (X) from gene trees 
------------------------------
gradient0: 51
Number of Clusters after addition by distance: 51
calculating extra bipartitions to be added at level 1 ...
Adding to X using resolutions of greedy consensus ...
Limit for sigma of degrees:300
polytomy size limit : 3
discarded polytomies:  []
Threshold 0.0:
Threshold 0.01:
Threshold 0.02:
Threshold 0.05:
Threshold 0.1:
Threshold 0.2:
Threshold 0.3333333333333333:
max k is :0
Number of Clusters after addition by greedy: 51
gradient0 in heuristiic: 51
calculating all possible bipartitions ...
Number of Clusters After Adding All possible clusters: 1023
partitions formed in 0.042 secs
Dynamic Programming starting after 0.042 secs
Using tree-based weight calculation.
Using polytree-based weight calculation.
Polytree max score: 248
Polytree building time: 0.004 seconds.
Number of quartet trees in the gene trees: 248
Size of largest cluster: 10
Greedy score: 240
estimationFactor: 1.0333333333333334
Sub-optimal score: 242
Total Number of elements weighted: 1283
Normalized score (portion of input quartet trees satisfied before correcting for multiple individuals): 0.9758064516129032
Optimization score: 242
Optimal tree inferred in 0.097 secs.
(t8,(t7,((t10,t3),(t9,((t5,t6),(t1,(t2,t4)))))));
Final quartet score is: 242
Final normalized quartet score is: 0.9758064516129032
You may want to ignore posterior probabilities and other statistics related to the following branch branch because the effective number of genes impacting it is only 2:
	{t10, t3}
You may want to ignore posterior probabilities and other statistics related to the following branch branch because the effective number of genes impacting it is only 10:
	{t5, t6}
You may want to ignore posterior probabilities and other statistics related to the following branch branch because the effective number of genes impacting it is only 9:
	{t2, t4}
You may want to ignore posterior probabilities and other statistics related to the following branch branch because the effective number of genes impacting it is only 6:
	{t2, t4, t1}
You may want to ignore posterior probabilities and other statistics related to the following branch branch because the effective number of genes impacting it is only 15:
	{t2, t4, t5, t1, t6}
You may want to ignore posterior probabilities and other statistics related to the following branch branch because the effective number of genes impacting it is only 9:
	{t2, t4, t5, t9, t1, t6}
You may want to ignore posterior probabilities and other statistics related to the following branch branch because the effective number of genes impacting it is only 4:
	{t2, t4, t5, t10, t3, t9, t1, t6}
Extended species tree:
(t7,(((t10,t3)0.87:0.6931471805599453,(t9,((t5,t6)1:1.299282984130261,(t1,(t2,t4)0.99:0.7985076962177715)1:1.5404450409471486)1:2.367123614131617)0.91:0.5108256237659905)0.98:1.2039728043259361,t8));
Weight calculation took 0.026430689 secs
ASTRAL finished in 0.133 secs
