
================== ASTRAL ===================== 

This is ASTRAL version 5.7.8
Gene trees are treated as unrooted
267 trees read from quartet_temp.txt
index0
All output trees will be *arbitrarily* rooted at t7

======== Running the main analysis
Number of taxa: 10 (10 species)
Taxa: [t7, t8, t1, t2, t3, t5, t10, t6, t9, t4]
Taxon occupancy: {t4=80, t5=101, t10=107, t6=88, t7=126, t8=136, t9=91, t1=86, t2=140, t3=113}
Number of gene trees: 267
267 trees have missing taxa
Calculating quartet distance matrix (for completion of X)
Species tree distances calculated ...
Will attempt to complete bipartitions from X before adding using a distance matrix.
Building set of clusters (X) from gene trees 
------------------------------
gradient0: 37
Number of Clusters after addition by distance: 37
calculating extra bipartitions to be added at level 1 ...
Adding to X using resolutions of greedy consensus ...
Limit for sigma of degrees:300
polytomy size limit : 3
discarded polytomies:  []
Threshold 0.0:
Threshold 0.01:
Threshold 0.02:
Threshold 0.05:
Threshold 0.1:
Threshold 0.2:
Threshold 0.3333333333333333:
max k is :0
Number of Clusters after addition by greedy: 37
gradient0 in heuristiic: 37
calculating all possible bipartitions ...
Number of Clusters After Adding All possible clusters: 1023
partitions formed in 0.043 secs
Dynamic Programming starting after 0.043 secs
Using tree-based weight calculation.
Using polytree-based weight calculation.
Polytree max score: 267
Polytree building time: 0.004 seconds.
Number of quartet trees in the gene trees: 267
Size of largest cluster: 10
Greedy score: 266
estimationFactor: 1.0037593984962405
Sub-optimal score: 266
Total Number of elements weighted: 1050
Normalized score (portion of input quartet trees satisfied before correcting for multiple individuals): 0.9962546816479401
Optimization score: 266
Optimal tree inferred in 0.092 secs.
(t8,(t10,(t7,(t5,((t6,t9),((t1,t4),(t2,t3)))))));
Final quartet score is: 266
Final normalized quartet score is: 0.9962546816479401
You may want to ignore posterior probabilities and other statistics related to the following branch branch because the effective number of genes impacting it is only 3:
	{t6, t9}
You may want to ignore posterior probabilities and other statistics related to the following branch branch because the effective number of genes impacting it is only 6:
	{t1, t4}
You may want to ignore posterior probabilities and other statistics related to the following branch branch because the effective number of genes impacting it is only 5:
	{t2, t3}
You may want to ignore posterior probabilities and other statistics related to the following branch branch because the effective number of genes impacting it is only 14:
	{t1, t2, t3, t5, t6, t9, t4}
You may want to ignore posterior probabilities and other statistics related to the following branch branch because the effective number of genes impacting it is only 7:
	{t8, t10}
Extended species tree:
(t7,((t5,((t6,t9)0.95:0.9808292530117262,((t1,t4)1:1.5404450409471486,(t2,t3)0.99:1.3862943611198908)1:2.730029107820986)1:2.0368819272610392)1:2.302585092994046,(t10,t8)1:1.6739764335716716));
Weight calculation took 0.021948667 secs
ASTRAL finished in 0.129 secs
