
================== ASTRAL ===================== 

This is ASTRAL version 5.7.8
Gene trees are treated as unrooted
71 trees read from quartet_temp.txt
index0
All output trees will be *arbitrarily* rooted at t6

======== Running the main analysis
Number of taxa: 10 (10 species)
Taxa: [t6, t8, t1, t3, t9, t7, t2, t10, t4, t5]
Taxon occupancy: {t4=22, t5=23, t6=54, t10=29, t7=39, t8=21, t9=19, t1=31, t2=29, t3=17}
Number of gene trees: 71
71 trees have missing taxa
Calculating quartet distance matrix (for completion of X)
Species tree distances calculated ...
Will attempt to complete bipartitions from X before adding using a distance matrix.
Building set of clusters (X) from gene trees 
------------------------------
gradient0: 65
Number of Clusters after addition by distance: 65
calculating extra bipartitions to be added at level 1 ...
Adding to X using resolutions of greedy consensus ...
Limit for sigma of degrees:300
polytomy size limit : 3
discarded polytomies:  [3]
Threshold 0.0:
Threshold 0.01:
Threshold 0.02:
Threshold 0.05:
Threshold 0.1:
Threshold 0.2:
Threshold 0.3333333333333333:
polytomy of size 3; rounds with additions with at least 5 support: 0; clusters: 65
max k is :0
Number of Clusters after addition by greedy: 65
gradient0 in heuristiic: 65
calculating all possible bipartitions ...
Number of Clusters After Adding All possible clusters: 1023
partitions formed in 0.039 secs
Dynamic Programming starting after 0.039 secs
Using tree-based weight calculation.
Using polytree-based weight calculation.
Polytree max score: 71
Polytree building time: 0.001 seconds.
Number of quartet trees in the gene trees: 71
Size of largest cluster: 10
Greedy score: 69
estimationFactor: 1.0289855072463767
Sub-optimal score: 69
Total Number of elements weighted: 1208
Normalized score (portion of input quartet trees satisfied before correcting for multiple individuals): 0.971830985915493
Optimization score: 69
Optimal tree inferred in 0.075 secs.
(t8,((t1,t3),(t2,((t10,(t9,t4)),(t7,(t6,t5))))));
Final quartet score is: 69
Final normalized quartet score is: 0.971830985915493
You may want to ignore posterior probabilities and other statistics related to the following branch branch because the effective number of genes impacting it is only 0:
	{t9, t4}
You may want to ignore posterior probabilities and other statistics related to the following branch branch because the effective number of genes impacting it is only 7:
	{t9, t10, t4}
You may want to ignore posterior probabilities and other statistics related to the following branch branch because the effective number of genes impacting it is only 1:
	{t1, t3}
You may want to ignore posterior probabilities and other statistics related to the following branch branch because the effective number of genes impacting it is only 4:
	{t8, t1, t3}
You may want to ignore posterior probabilities and other statistics related to the following branch branch because the effective number of genes impacting it is only 6:
	{t8, t1, t3, t2}
You may want to ignore posterior probabilities and other statistics related to the following branch branch because the effective number of genes impacting it is only 10:
	{t8, t1, t3, t9, t2, t10, t4}
You may want to ignore posterior probabilities and other statistics related to the following branch branch because the effective number of genes impacting it is only 6:
	{t8, t1, t3, t9, t7, t2, t10, t4}
Extended species tree:
(t6,(t5,(t7,((t10,(t9,t4)0.33:0.0)1:1.6739764335716716,(t2,((t1,t3)0.67:0.2876820724517809,t8)0.98:1.2039728043259361)0.83:0.4418327522790392)1:1.9924301646902058)1:1.5404450409471486));
Weight calculation took 0.012859454 secs
ASTRAL finished in 0.102 secs
