
================== ASTRAL ===================== 

This is ASTRAL version 5.7.8
Gene trees are treated as unrooted
121 trees read from quartet_temp.txt
index0
All output trees will be *arbitrarily* rooted at t5

======== Running the main analysis
Number of taxa: 10 (10 species)
Taxa: [t5, t7, t3, t4, t6, t8, t2, t9, t10, t1]
Taxon occupancy: {t4=64, t5=67, t6=31, t10=25, t7=50, t8=77, t9=50, t1=35, t2=51, t3=34}
Number of gene trees: 121
121 trees have missing taxa
Calculating quartet distance matrix (for completion of X)
Species tree distances calculated ...
Will attempt to complete bipartitions from X before adding using a distance matrix.
Building set of clusters (X) from gene trees 
------------------------------
gradient0: 65
Number of Clusters after addition by distance: 65
calculating extra bipartitions to be added at level 1 ...
Adding to X using resolutions of greedy consensus ...
Limit for sigma of degrees:300
polytomy size limit : 3
discarded polytomies:  []
Threshold 0.0:
Threshold 0.01:
Threshold 0.02:
Threshold 0.05:
Threshold 0.1:
Threshold 0.2:
Threshold 0.3333333333333333:
max k is :0
Number of Clusters after addition by greedy: 65
gradient0 in heuristiic: 65
calculating all possible bipartitions ...
Number of Clusters After Adding All possible clusters: 1023
partitions formed in 0.033 secs
Dynamic Programming starting after 0.033 secs
Using tree-based weight calculation.
Using polytree-based weight calculation.
Polytree max score: 121
Polytree building time: 0.002 seconds.
Number of quartet trees in the gene trees: 121
Size of largest cluster: 10
Greedy score: 114
estimationFactor: 1.0614035087719298
Sub-optimal score: 115
Total Number of elements weighted: 1747
Normalized score (portion of input quartet trees satisfied before correcting for multiple individuals): 0.9504132231404959
Optimization score: 115
Optimal tree inferred in 0.08 secs.
(t7,(t1,((t5,t2),(t6,((t3,t9),(t10,(t4,t8)))))));
Final quartet score is: 115
Final normalized quartet score is: 0.9504132231404959
You may want to ignore posterior probabilities and other statistics related to the following branch branch because the effective number of genes impacting it is only 10:
	{t3, t9}
You may want to ignore posterior probabilities and other statistics related to the following branch branch because the effective number of genes impacting it is only 3:
	{t4, t8}
You may want to ignore posterior probabilities and other statistics related to the following branch branch because the effective number of genes impacting it is only 2:
	{t4, t8, t10}
You may want to ignore posterior probabilities and other statistics related to the following branch branch because the effective number of genes impacting it is only 2:
	{t3, t4, t8, t9, t10}
You may want to ignore posterior probabilities and other statistics related to the following branch branch because the effective number of genes impacting it is only 3:
	{t3, t4, t6, t8, t9, t10}
You may want to ignore posterior probabilities and other statistics related to the following branch branch because the effective number of genes impacting it is only 11:
	{t7, t1}
You may want to ignore posterior probabilities and other statistics related to the following branch branch because the effective number of genes impacting it is only 3:
	{t7, t3, t4, t6, t8, t9, t10, t1}
Extended species tree:
(t5,(t2,((t6,((t3,t9)1:1.9924301646902058,(t10,(t4,t8)0.95:0.9808292530117262)0.87:0.6931471805599453)0.87:0.6931471805599453)0.95:0.9808292530117262,(t1,t7)1:2.0794415416798353)0.67:0.2876820724517809));
Weight calculation took 0.019761755 secs
ASTRAL finished in 0.109 secs
