
================== ASTRAL ===================== 

This is ASTRAL version 5.7.8
Gene trees are treated as unrooted
216 trees read from quartet_temp.txt
index0
All output trees will be *arbitrarily* rooted at t6

======== Running the main analysis
Number of taxa: 10 (10 species)
Taxa: [t6, t8, t1, t10, t9, t5, t3, t4, t2, t7]
Taxon occupancy: {t4=24, t5=71, t6=86, t10=121, t7=41, t8=112, t9=100, t1=110, t2=61, t3=138}
Number of gene trees: 216
216 trees have missing taxa
Calculating quartet distance matrix (for completion of X)
Species tree distances calculated ...
Will attempt to complete bipartitions from X before adding using a distance matrix.
Building set of clusters (X) from gene trees 
------------------------------
gradient0: 51
Number of Clusters after addition by distance: 51
calculating extra bipartitions to be added at level 1 ...
Adding to X using resolutions of greedy consensus ...
Limit for sigma of degrees:300
polytomy size limit : 3
discarded polytomies:  []
Threshold 0.0:
Threshold 0.01:
Threshold 0.02:
Threshold 0.05:
Threshold 0.1:
Threshold 0.2:
Threshold 0.3333333333333333:
max k is :0
Number of Clusters after addition by greedy: 51
gradient0 in heuristiic: 51
calculating all possible bipartitions ...
Number of Clusters After Adding All possible clusters: 1023
partitions formed in 0.04 secs
Dynamic Programming starting after 0.04 secs
Using tree-based weight calculation.
Using polytree-based weight calculation.
Polytree max score: 216
Polytree building time: 0.003 seconds.
Number of quartet trees in the gene trees: 216
Size of largest cluster: 10
Greedy score: 216
estimationFactor: 1.0
Sub-optimal score: 216
Total Number of elements weighted: 1051
Normalized score (portion of input quartet trees satisfied before correcting for multiple individuals): 1.0
Optimization score: 216
Optimal tree inferred in 0.08 secs.
(t8,(t3,(t2,(t4,((t1,t10),(t7,(t9,(t6,t5))))))));
Final quartet score is: 216
Final normalized quartet score is: 1.0
You may want to ignore posterior probabilities and other statistics related to the following branch branch because the effective number of genes impacting it is only 13:
	{t1, t10}
You may want to ignore posterior probabilities and other statistics related to the following branch branch because the effective number of genes impacting it is only 5:
	{t8, t3}
You may want to ignore posterior probabilities and other statistics related to the following branch branch because the effective number of genes impacting it is only 2:
	{t8, t3, t2}
You may want to ignore posterior probabilities and other statistics related to the following branch branch because the effective number of genes impacting it is only 4:
	{t8, t3, t4, t2}
You may want to ignore posterior probabilities and other statistics related to the following branch branch because the effective number of genes impacting it is only 2:
	{t8, t1, t10, t3, t4, t2}
You may want to ignore posterior probabilities and other statistics related to the following branch branch because the effective number of genes impacting it is only 1:
	{t8, t1, t10, t3, t4, t2, t7}
You may want to ignore posterior probabilities and other statistics related to the following branch branch because the effective number of genes impacting it is only 0:
	{t8, t1, t10, t9, t3, t4, t2, t7}
Extended species tree:
(t6,(t5,(t9,(t7,((t1,t10)1:2.2335922215070947,(t4,(t2,(t3,t8)0.99:1.3862943611198908)0.87:0.6931471805599453)0.98:1.2039728043259361)0.87:0.6931471805599453)0.67:0.2876820724517809)0.33:0.0));
Weight calculation took 0.015248575 secs
ASTRAL finished in 0.116 secs
