
================== ASTRAL ===================== 

This is ASTRAL version 5.7.8
Gene trees are treated as unrooted
149 trees read from quartet_temp.txt
index0
All output trees will be *arbitrarily* rooted at t5

======== Running the main analysis
Number of taxa: 10 (10 species)
Taxa: [t5, t7, t4, t9, t6, t2, t8, t3, t1, t10]
Taxon occupancy: {t4=68, t5=87, t6=79, t10=16, t7=34, t8=97, t9=73, t1=19, t2=58, t3=65}
Number of gene trees: 149
149 trees have missing taxa
Calculating quartet distance matrix (for completion of X)
Species tree distances calculated ...
Will attempt to complete bipartitions from X before adding using a distance matrix.
Building set of clusters (X) from gene trees 
------------------------------
gradient0: 45
Number of Clusters after addition by distance: 45
calculating extra bipartitions to be added at level 1 ...
Adding to X using resolutions of greedy consensus ...
Limit for sigma of degrees:300
polytomy size limit : 3
discarded polytomies:  []
Threshold 0.0:
Threshold 0.01:
Threshold 0.02:
Threshold 0.05:
Threshold 0.1:
Threshold 0.2:
Threshold 0.3333333333333333:
max k is :0
Number of Clusters after addition by greedy: 45
gradient0 in heuristiic: 45
calculating all possible bipartitions ...
Number of Clusters After Adding All possible clusters: 1023
partitions formed in 0.033 secs
Dynamic Programming starting after 0.034 secs
Using tree-based weight calculation.
Using polytree-based weight calculation.
Polytree max score: 149
Polytree building time: 0.003 seconds.
Number of quartet trees in the gene trees: 149
Size of largest cluster: 10
Greedy score: 149
estimationFactor: 1.0
Sub-optimal score: 149
Total Number of elements weighted: 857
Normalized score (portion of input quartet trees satisfied before correcting for multiple individuals): 1.0
Optimization score: 149
Optimal tree inferred in 0.07 secs.
(t7,((t5,t6),((t1,t10),((t4,t9),(t3,(t2,t8))))));
Final quartet score is: 149
Final normalized quartet score is: 1.0
You may want to ignore posterior probabilities and other statistics related to the following branch branch because the effective number of genes impacting it is only 2:
	{t1, t10}
You may want to ignore posterior probabilities and other statistics related to the following branch branch because the effective number of genes impacting it is only 14:
	{t4, t9}
You may want to ignore posterior probabilities and other statistics related to the following branch branch because the effective number of genes impacting it is only 2:
	{t2, t8}
You may want to ignore posterior probabilities and other statistics related to the following branch branch because the effective number of genes impacting it is only 5:
	{t2, t8, t3}
You may want to ignore posterior probabilities and other statistics related to the following branch branch because the effective number of genes impacting it is only 0:
	{t4, t9, t2, t8, t3}
You may want to ignore posterior probabilities and other statistics related to the following branch branch because the effective number of genes impacting it is only 0:
	{t4, t9, t2, t8, t3, t1, t10}
You may want to ignore posterior probabilities and other statistics related to the following branch branch because the effective number of genes impacting it is only 10:
	{t7, t4, t9, t2, t8, t3, t1, t10}
Extended species tree:
(t5,(t6,(((t1,t10)0.87:0.6931471805599453,((t4,t9)1:2.302585092994046,(t3,(t2,t8)0.87:0.6931471805599453)0.99:1.3862943611198908)0.33:0.0)0.33:0.0,t7)1:1.9924301646902058));
Weight calculation took 0.012725353 secs
ASTRAL finished in 0.1 secs
