
================== ASTRAL ===================== 

This is ASTRAL version 5.7.8
Gene trees are treated as unrooted
760 trees read from quartet_temp.txt
index0
All output trees will be *arbitrarily* rooted at t2

======== Running the main analysis
Number of taxa: 10 (10 species)
Taxa: [t2, t7, t1, t6, t8, t10, t3, t4, t5, t9]
Taxon occupancy: {t4=417, t5=330, t6=306, t10=286, t7=340, t8=358, t9=231, t1=138, t2=183, t3=451}
Number of gene trees: 760
760 trees have missing taxa
Calculating quartet distance matrix (for completion of X)
Species tree distances calculated ...
Will attempt to complete bipartitions from X before adding using a distance matrix.
Building set of clusters (X) from gene trees 
------------------------------
gradient0: 53
Number of Clusters after addition by distance: 53
calculating extra bipartitions to be added at level 1 ...
Adding to X using resolutions of greedy consensus ...
Limit for sigma of degrees:300
polytomy size limit : 3
discarded polytomies:  []
Threshold 0.0:
Threshold 0.01:
Threshold 0.02:
Threshold 0.05:
Threshold 0.1:
Threshold 0.2:
Threshold 0.3333333333333333:
max k is :0
Number of Clusters after addition by greedy: 53
gradient0 in heuristiic: 53
calculating all possible bipartitions ...
Number of Clusters After Adding All possible clusters: 1023
partitions formed in 0.076 secs
Dynamic Programming starting after 0.076 secs
Using tree-based weight calculation.
Using polytree-based weight calculation.
Polytree max score: 760
Polytree building time: 0.006 seconds.
Number of quartet trees in the gene trees: 760
Size of largest cluster: 10
Greedy score: 751
estimationFactor: 1.0119840213049267
Sub-optimal score: 753
Total Number of elements weighted: 1053
Normalized score (portion of input quartet trees satisfied before correcting for multiple individuals): 0.9907894736842106
Optimization score: 753
Optimal tree inferred in 0.143 secs.
(t7,(t2,((t6,t9),((t8,t10),(t1,(t5,(t3,t4)))))));
Final quartet score is: 753
Final normalized quartet score is: 0.9907894736842106
You may want to ignore posterior probabilities and other statistics related to the following branch branch because the effective number of genes impacting it is only 4:
	{t6, t9}
You may want to ignore posterior probabilities and other statistics related to the following branch branch because the effective number of genes impacting it is only 8:
	{t3, t4}
You may want to ignore posterior probabilities and other statistics related to the following branch branch because the effective number of genes impacting it is only 4:
	{t1, t3, t4, t5}
You may want to ignore posterior probabilities and other statistics related to the following branch branch because the effective number of genes impacting it is only 16:
	{t1, t6, t8, t10, t3, t4, t5, t9}
Extended species tree:
(t2,(((t6,t9)0.84:0.5108256237659905,((t8,t10)1:3.6198865826269824,(t1,(t5,(t3,t4)1:1.7917594692280545)1:2.772588722239782)0.98:1.2039728043259361)1:1.2039728043259361)1:1.3291359472799418,t7));
Weight calculation took 0.035216457 secs
ASTRAL finished in 0.197 secs
