
================== ASTRAL ===================== 

This is ASTRAL version 5.7.8
Gene trees are treated as unrooted
225 trees read from quartet_temp.txt
index0
All output trees will be *arbitrarily* rooted at t6

======== Running the main analysis
Number of taxa: 10 (10 species)
Taxa: [t6, t7, t4, t5, t9, t8, t2, t1, t10, t3]
Taxon occupancy: {t4=106, t5=104, t6=81, t10=85, t7=72, t8=67, t9=106, t1=52, t2=125, t3=102}
Number of gene trees: 225
225 trees have missing taxa
Calculating quartet distance matrix (for completion of X)
Species tree distances calculated ...
Will attempt to complete bipartitions from X before adding using a distance matrix.
Building set of clusters (X) from gene trees 
------------------------------
gradient0: 49
Number of Clusters after addition by distance: 49
calculating extra bipartitions to be added at level 1 ...
Adding to X using resolutions of greedy consensus ...
Limit for sigma of degrees:300
polytomy size limit : 3
discarded polytomies:  []
Threshold 0.0:
Threshold 0.01:
Threshold 0.02:
Threshold 0.05:
Threshold 0.1:
Threshold 0.2:
Threshold 0.3333333333333333:
max k is :0
Number of Clusters after addition by greedy: 49
gradient0 in heuristiic: 49
calculating all possible bipartitions ...
Number of Clusters After Adding All possible clusters: 1023
partitions formed in 0.039 secs
Dynamic Programming starting after 0.039 secs
Using tree-based weight calculation.
Using polytree-based weight calculation.
Polytree max score: 225
Polytree building time: 0.003 seconds.
Number of quartet trees in the gene trees: 225
Size of largest cluster: 10
Greedy score: 224
estimationFactor: 1.0044642857142858
Sub-optimal score: 224
Total Number of elements weighted: 1309
Normalized score (portion of input quartet trees satisfied before correcting for multiple individuals): 0.9955555555555555
Optimization score: 224
Optimal tree inferred in 0.09 secs.
(t7,(t8,(t6,(t9,(t10,(t1,((t2,t3),(t4,t5))))))));
Final quartet score is: 224
Final normalized quartet score is: 0.9955555555555555
You may want to ignore posterior probabilities and other statistics related to the following branch branch because the effective number of genes impacting it is only 4:
	{t2, t3}
You may want to ignore posterior probabilities and other statistics related to the following branch branch because the effective number of genes impacting it is only 4:
	{t4, t5}
You may want to ignore posterior probabilities and other statistics related to the following branch branch because the effective number of genes impacting it is only 6:
	{t4, t5, t2, t3}
You may want to ignore posterior probabilities and other statistics related to the following branch branch because the effective number of genes impacting it is only 12:
	{t4, t5, t2, t1, t3}
You may want to ignore posterior probabilities and other statistics related to the following branch branch because the effective number of genes impacting it is only 0:
	{t4, t5, t2, t1, t10, t3}
You may want to ignore posterior probabilities and other statistics related to the following branch branch because the effective number of genes impacting it is only 8:
	{t4, t5, t9, t2, t1, t10, t3}
You may want to ignore posterior probabilities and other statistics related to the following branch branch because the effective number of genes impacting it is only 0:
	{t7, t8}
Extended species tree:
(t6,((t9,(t10,(t1,((t2,t3)0.98:1.2039728043259361,(t4,t5)0.98:1.2039728043259361)0.97:0.8472978603872037)1:2.159484249353373)0.33:0.0)1:1.7917594692280545,(t8,t7)0.33:0.0));
Weight calculation took 0.02250291 secs
ASTRAL finished in 0.125 secs
