
================== ASTRAL ===================== 

This is ASTRAL version 5.7.8
Gene trees are treated as unrooted
4912 trees read from tmp_quartet_teycmzk3yrfo9.txt
index0
All output trees will be *arbitrarily* rooted at t3
201 extra trees read from tmp_bipartitions_teycmzk3yrfo9.bootstrap.trees

======== Running the main analysis
Number of taxa: 10 (10 species)
Taxa: [t3, t4, t1, t2, t5, t6, t7, t9, t10, t8]
Taxon occupancy: {t4=1886, t5=2088, t6=1936, t10=1787, t7=2087, t8=2215, t9=1836, t1=1859, t2=1970, t3=1984}
Number of gene trees: 4912
4912 trees have missing taxa
Calculating quartet distance matrix (for completion of X)
Species tree distances calculated ...
Will attempt to complete bipartitions from X before adding using a distance matrix.
Building set of clusters (X) from gene trees 
------------------------------
gradient0: 103
Number of Clusters after addition by distance: 103
calculating extra bipartitions to be added at level 1 ...
Adding to X using resolutions of greedy consensus ...
Limit for sigma of degrees:300
polytomy size limit : 3
discarded polytomies:  []
Threshold 0.0:
Threshold 0.01:
Threshold 0.02:
Threshold 0.05:
Threshold 0.1:
Threshold 0.2:
Threshold 0.3333333333333333:
max k is :0
Number of Clusters after addition by greedy: 103
gradient0 in heuristiic: 103
calculating extra bipartitions from extra input trees ...
Number of Clusters after additions from extra trees: 117
partitions formed in 1.285 secs
Dynamic Programming starting after 1.294 secs
Using tree-based weight calculation.
Using polytree-based weight calculation.
Polytree max score: 4912
Polytree building time: 0.07 seconds.
Number of quartet trees in the gene trees: 4912
Size of largest cluster: 10
Greedy score: 4711
estimationFactor: 1.0426661006155806
Sub-optimal score: 4711
Total Number of elements weighted: 92
Normalized score (portion of input quartet trees satisfied before correcting for multiple individuals): 0.9590798045602605
Optimization score: 4711
Optimal tree inferred in 1.54 secs.
(t4,(t3,((t10,(t9,(t1,t6))),(t2,(t5,(t7,t8))))));
Final quartet score is: 4711
Final normalized quartet score is: 0.9590798045602605
Extended species tree:
(t3,(((t10,(t9,(t1,t6)0.85:0.20067069546215124)1:0.992663710658729)1:1.18904715410926,(t2,(t5,(t7,t8)1:1.4226620052907655)1:4.335109714886127)1:4.472273512521664)1:2.2280825656961243,t4));
Weight calculation took 0.083148442 secs
ASTRAL finished in 1.911 secs
