
================== ASTRAL ===================== 

This is ASTRAL version 5.7.8
Gene trees are treated as unrooted
6095 trees read from tmp_quartet_teycmzk3yrfo9.txt
index0
All output trees will be *arbitrarily* rooted at t10
201 extra trees read from tmp_bipartitions_teycmzk3yrfo9.bootstrap.trees

======== Running the main analysis
Number of taxa: 10 (10 species)
Taxa: [t10, t9, t1, t2, t3, t4, t5, t6, t7, t8]
Taxon occupancy: {t4=2917, t5=1981, t10=2054, t6=2526, t7=1906, t8=2318, t9=2536, t1=2646, t2=3234, t3=2262}
Number of gene trees: 6095
6095 trees have missing taxa
Calculating quartet distance matrix (for completion of X)
Species tree distances calculated ...
Will attempt to complete bipartitions from X before adding using a distance matrix.
Building set of clusters (X) from gene trees 
------------------------------
gradient0: 87
Number of Clusters after addition by distance: 87
calculating extra bipartitions to be added at level 1 ...
Adding to X using resolutions of greedy consensus ...
Limit for sigma of degrees:300
polytomy size limit : 3
discarded polytomies:  []
Threshold 0.0:
Threshold 0.01:
Threshold 0.02:
Threshold 0.05:
Threshold 0.1:
Threshold 0.2:
Threshold 0.3333333333333333:
max k is :0
Number of Clusters after addition by greedy: 87
gradient0 in heuristiic: 87
calculating extra bipartitions from extra input trees ...
Number of Clusters after additions from extra trees: 99
partitions formed in 1.406 secs
Dynamic Programming starting after 1.406 secs
Using tree-based weight calculation.
Using polytree-based weight calculation.
Polytree max score: 6095
Polytree building time: 0.087 seconds.
Number of quartet trees in the gene trees: 6095
Size of largest cluster: 10
Greedy score: 5810
estimationFactor: 1.049053356282272
Sub-optimal score: 5810
Total Number of elements weighted: 107
Normalized score (portion of input quartet trees satisfied before correcting for multiple individuals): 0.9532403609515997
Optimization score: 5810
Optimal tree inferred in 1.718 secs.
(t9,(t10,(t8,(t6,(t7,(t3,(t5,(t1,(t2,t4)))))))));
Final quartet score is: 5810
Final normalized quartet score is: 0.9532403609515997
Extended species tree:
(t10,((t8,(t6,(t7,(t3,(t5,(t1,(t2,t4)1:5.123963979403262)1:2.8310323181098562)1:0.9227216222044456)1:0.9911920400472728)1:2.1629746542931403)1:0.8342257788198508)1:1.845826690498331,t9));
Weight calculation took 0.061992318 secs
ASTRAL finished in 2.162 secs
