
================== ASTRAL ===================== 

This is ASTRAL version 5.7.8
Gene trees are treated as unrooted
5987 trees read from tmp_quartet_teycmzk3yrfo9.txt
index0
All output trees will be *arbitrarily* rooted at t4
201 extra trees read from tmp_bipartitions_teycmzk3yrfo9.bootstrap.trees

======== Running the main analysis
Number of taxa: 10 (10 species)
Taxa: [t4, t5, t1, t2, t3, t6, t7, t8, t10, t9]
Taxon occupancy: {t4=2843, t5=2719, t6=2851, t10=2815, t7=1787, t8=2042, t9=2705, t1=2048, t2=1984, t3=2154}
Number of gene trees: 5987
5987 trees have missing taxa
Calculating quartet distance matrix (for completion of X)
Species tree distances calculated ...
Will attempt to complete bipartitions from X before adding using a distance matrix.
Building set of clusters (X) from gene trees 
------------------------------
gradient0: 79
Number of Clusters after addition by distance: 79
calculating extra bipartitions to be added at level 1 ...
Adding to X using resolutions of greedy consensus ...
Limit for sigma of degrees:300
polytomy size limit : 3
discarded polytomies:  []
Threshold 0.0:
Threshold 0.01:
Threshold 0.02:
Threshold 0.05:
Threshold 0.1:
Threshold 0.2:
Threshold 0.3333333333333333:
max k is :0
Number of Clusters after addition by greedy: 79
gradient0 in heuristiic: 79
calculating extra bipartitions from extra input trees ...
Number of Clusters after additions from extra trees: 89
partitions formed in 1.46 secs
Dynamic Programming starting after 1.472 secs
Using tree-based weight calculation.
Using polytree-based weight calculation.
Polytree max score: 5987
Polytree building time: 0.102 seconds.
Number of quartet trees in the gene trees: 5987
Size of largest cluster: 10
Greedy score: 5879
estimationFactor: 1.0183704711685662
Sub-optimal score: 5879
Total Number of elements weighted: 78
Normalized score (portion of input quartet trees satisfied before correcting for multiple individuals): 0.9819609153165191
Optimization score: 5879
Optimal tree inferred in 1.754 secs.
(t5,(t4,(t9,(t3,(t7,(t8,(t1,(t2,(t6,t10)))))))));
Final quartet score is: 5879
Final normalized quartet score is: 0.9819609153165191
Extended species tree:
(t4,((t9,(t3,(t7,(t8,(t1,(t2,(t6,t10)1:2.264844765011199)1:0.7907856501238614)1:2.538973871058275)1:1.48870936654796)1:5.440973666949551)1:2.146580844517464)1:1.013619075834717,t5));
Weight calculation took 0.0614639 secs
ASTRAL finished in 2.178 secs
