
================== ASTRAL ===================== 

This is ASTRAL version 5.7.8
Gene trees are treated as unrooted
5295 trees read from tmp_quartet_teycmzk3yrfo9.txt
index0
All output trees will be *arbitrarily* rooted at t2
201 extra trees read from tmp_bipartitions_teycmzk3yrfo9.bootstrap.trees

======== Running the main analysis
Number of taxa: 10 (10 species)
Taxa: [t2, t6, t1, t3, t4, t5, t7, t8, t9, t10]
Taxon occupancy: {t4=2590, t5=2577, t6=1844, t10=2191, t7=2119, t8=2148, t9=1760, t1=1423, t2=1728, t3=2800}
Number of gene trees: 5295
5295 trees have missing taxa
Calculating quartet distance matrix (for completion of X)
Species tree distances calculated ...
Will attempt to complete bipartitions from X before adding using a distance matrix.
Building set of clusters (X) from gene trees 
------------------------------
gradient0: 109
Number of Clusters after addition by distance: 109
calculating extra bipartitions to be added at level 1 ...
Adding to X using resolutions of greedy consensus ...
Limit for sigma of degrees:300
polytomy size limit : 3
discarded polytomies:  []
Threshold 0.0:
Threshold 0.01:
Threshold 0.02:
Threshold 0.05:
Threshold 0.1:
Threshold 0.2:
Threshold 0.3333333333333333:
max k is :0
Number of Clusters after addition by greedy: 109
gradient0 in heuristiic: 109
calculating extra bipartitions from extra input trees ...
Number of Clusters after additions from extra trees: 123
partitions formed in 1.231 secs
Dynamic Programming starting after 1.244 secs
Using tree-based weight calculation.
Using polytree-based weight calculation.
Polytree max score: 5295
Polytree building time: 0.096 seconds.
Number of quartet trees in the gene trees: 5295
Size of largest cluster: 10
Greedy score: 4863
estimationFactor: 1.0888340530536706
Sub-optimal score: 4863
Total Number of elements weighted: 133
Normalized score (portion of input quartet trees satisfied before correcting for multiple individuals): 0.918413597733711
Optimization score: 4863
Optimal tree inferred in 1.564 secs.
(t6,(t9,(((t8,t10),(t2,t7)),(t1,(t5,(t3,t4))))));
Final quartet score is: 4863
Final normalized quartet score is: 0.918413597733711
Extended species tree:
(t2,(t7,((t8,t10)1:2.7693784466095326,((t1,(t5,(t3,t4)1:1.8845412026790214)1:2.703595850752831)1:1.458206942710177,(t9,t6)0.49:0.1053605156578264)1:0.4062641493012972)1:0.9133879722161935));
Weight calculation took 0.105697553 secs
ASTRAL finished in 1.959 secs
