
================== ASTRAL ===================== 

This is ASTRAL version 5.7.8
Gene trees are treated as unrooted
5320 trees read from tmp_quartet_teycmzk3yrfo9.txt
index0
All output trees will be *arbitrarily* rooted at t10
201 extra trees read from tmp_bipartitions_teycmzk3yrfo9.bootstrap.trees

======== Running the main analysis
Number of taxa: 10 (10 species)
Taxa: [t10, t6, t1, t3, t4, t5, t8, t9, t7, t2]
Taxon occupancy: {t4=2327, t5=2391, t10=2610, t6=2582, t7=1586, t8=1807, t9=2309, t1=1748, t2=1948, t3=1972}
Number of gene trees: 5320
5320 trees have missing taxa
Calculating quartet distance matrix (for completion of X)
Species tree distances calculated ...
Will attempt to complete bipartitions from X before adding using a distance matrix.
Building set of clusters (X) from gene trees 
------------------------------
gradient0: 85
Number of Clusters after addition by distance: 85
calculating extra bipartitions to be added at level 1 ...
Adding to X using resolutions of greedy consensus ...
Limit for sigma of degrees:300
polytomy size limit : 3
discarded polytomies:  []
Threshold 0.0:
Threshold 0.01:
Threshold 0.02:
Threshold 0.05:
Threshold 0.1:
Threshold 0.2:
Threshold 0.3333333333333333:
max k is :0
Number of Clusters after addition by greedy: 85
gradient0 in heuristiic: 85
calculating extra bipartitions from extra input trees ...
Number of Clusters after additions from extra trees: 103
partitions formed in 1.391 secs
Dynamic Programming starting after 1.392 secs
Using tree-based weight calculation.
Using polytree-based weight calculation.
Polytree max score: 5320
Polytree building time: 0.072 seconds.
Number of quartet trees in the gene trees: 5320
Size of largest cluster: 10
Greedy score: 5278
estimationFactor: 1.0079575596816976
Sub-optimal score: 5278
Total Number of elements weighted: 97
Normalized score (portion of input quartet trees satisfied before correcting for multiple individuals): 0.9921052631578947
Optimization score: 5278
Optimal tree inferred in 1.65 secs.
(t6,(t10,(t2,(t1,(t8,(t7,(t3,(t9,(t4,t5)))))))));
Final quartet score is: 5278
Final normalized quartet score is: 0.9921052631578947
You may want to ignore posterior probabilities and other statistics related to the following branch branch because the effective number of genes impacting it is only 13:
	{t4, t5}
Extended species tree:
(t10,((t2,(t1,(t8,(t7,(t3,(t9,(t4,t5)1:0.8472978603872037)1:2.772588722239782)1:4.45821577303143)1:3.0220495818713657)1:1.964778633359696)1:3.168751437685632)1:4.127134385045093,t6));
Weight calculation took 0.076124325 secs
ASTRAL finished in 2.028 secs
