
================== ASTRAL ===================== 

This is ASTRAL version 5.7.8
Gene trees are treated as unrooted
4020 trees read from tmp_quartet_teycmzk3yrfo9.txt
index0
All output trees will be *arbitrarily* rooted at t2
201 extra trees read from tmp_bipartitions_teycmzk3yrfo9.bootstrap.trees

======== Running the main analysis
Number of taxa: 10 (10 species)
Taxa: [t2, t3, t1, t6, t10, t4, t5, t7, t8, t9]
Taxon occupancy: {t4=1559, t5=1580, t6=2385, t10=2367, t7=1291, t8=1170, t9=1288, t1=1521, t2=1331, t3=1588}
Number of gene trees: 4020
4020 trees have missing taxa
Calculating quartet distance matrix (for completion of X)
Species tree distances calculated ...
Will attempt to complete bipartitions from X before adding using a distance matrix.
Building set of clusters (X) from gene trees 
------------------------------
gradient0: 49
Number of Clusters after addition by distance: 49
calculating extra bipartitions to be added at level 1 ...
Adding to X using resolutions of greedy consensus ...
Limit for sigma of degrees:300
polytomy size limit : 3
discarded polytomies:  []
Threshold 0.0:
Threshold 0.01:
Threshold 0.02:
Threshold 0.05:
Threshold 0.1:
Threshold 0.2:
Threshold 0.3333333333333333:
max k is :0
Number of Clusters after addition by greedy: 49
gradient0 in heuristiic: 49
calculating extra bipartitions from extra input trees ...
Number of Clusters after additions from extra trees: 97
partitions formed in 0.931 secs
Dynamic Programming starting after 0.94 secs
Using tree-based weight calculation.
Using polytree-based weight calculation.
Polytree max score: 4020
Polytree building time: 0.062 seconds.
Number of quartet trees in the gene trees: 4020
Size of largest cluster: 10
Greedy score: 3994
estimationFactor: 1.0065097646469705
Sub-optimal score: 3994
Total Number of elements weighted: 88
Normalized score (portion of input quartet trees satisfied before correcting for multiple individuals): 0.9935323383084577
Optimization score: 3994
Optimal tree inferred in 1.153 secs.
(t3,(t4,(t5,((t1,(t6,t10)),((t8,t9),(t2,t7))))));
Final quartet score is: 3994
Final normalized quartet score is: 0.9935323383084577
You may want to ignore posterior probabilities and other statistics related to the following branch branch because the effective number of genes impacting it is only 10:
	{t8, t9}
Extended species tree:
(t2,(t7,((t8,t9)0.99:0.8938178760220965,((t1,(t6,t10)1:3.925268232178164)1:5.959285648743762,(t5,(t4,t3)1:4.248495242049363)1:1.9023693407720246)1:4.267363726353742)1:3.7534179752515073));
Weight calculation took 0.045441168 secs
ASTRAL finished in 1.505 secs
