
================== ASTRAL ===================== 

This is ASTRAL version 5.7.8
Gene trees are treated as unrooted
5767 trees read from tmp_quartet_teycmzk3yrfo9.txt
index0
All output trees will be *arbitrarily* rooted at t2
201 extra trees read from tmp_bipartitions_teycmzk3yrfo9.bootstrap.trees

======== Running the main analysis
Number of taxa: 10 (10 species)
Taxa: [t2, t7, t1, t3, t4, t5, t6, t10, t8, t9]
Taxon occupancy: {t4=2685, t5=2690, t6=2477, t10=2251, t7=2377, t8=1957, t9=1970, t1=1916, t2=2048, t3=2697}
Number of gene trees: 5767
5767 trees have missing taxa
Calculating quartet distance matrix (for completion of X)
Species tree distances calculated ...
Will attempt to complete bipartitions from X before adding using a distance matrix.
Building set of clusters (X) from gene trees 
------------------------------
gradient0: 51
Number of Clusters after addition by distance: 51
calculating extra bipartitions to be added at level 1 ...
Adding to X using resolutions of greedy consensus ...
Limit for sigma of degrees:300
polytomy size limit : 3
discarded polytomies:  []
Threshold 0.0:
Threshold 0.01:
Threshold 0.02:
Threshold 0.05:
Threshold 0.1:
Threshold 0.2:
Threshold 0.3333333333333333:
max k is :0
Number of Clusters after addition by greedy: 51
gradient0 in heuristiic: 51
calculating extra bipartitions from extra input trees ...
Number of Clusters after additions from extra trees: 89
partitions formed in 1.567 secs
Dynamic Programming starting after 1.567 secs
Using tree-based weight calculation.
Using polytree-based weight calculation.
Polytree max score: 5767
Polytree building time: 0.109 seconds.
Number of quartet trees in the gene trees: 5767
Size of largest cluster: 10
Greedy score: 5736
estimationFactor: 1.0054044630404464
Sub-optimal score: 5736
Total Number of elements weighted: 80
Normalized score (portion of input quartet trees satisfied before correcting for multiple individuals): 0.9946245881740939
Optimization score: 5736
Optimal tree inferred in 1.869 secs.
(t7,((t2,t10),(t1,((t8,t9),((t5,t6),(t3,t4))))));
Final quartet score is: 5736
Final normalized quartet score is: 0.9946245881740939
You may want to ignore posterior probabilities and other statistics related to the following branch branch because the effective number of genes impacting it is only 18:
	{t5, t6}
You may want to ignore posterior probabilities and other statistics related to the following branch branch because the effective number of genes impacting it is only 16:
	{t3, t4}
Extended species tree:
(t2,(t10,((t1,((t8,t9)1:1.9190988916046567,((t5,t6)1:2.538973871058275,(t3,t4)1:2.4277482359480516)1:6.727830846787895)1:3.2580965380214812)1:2.786382044372116,t7)1:0.7339691750802005));
Weight calculation took 0.070698219 secs
ASTRAL finished in 2.287 secs
