
================== ASTRAL ===================== 

This is ASTRAL version 5.7.8
Gene trees are treated as unrooted
6361 trees read from tmp_quartet_teycmzk3yrfo9.txt
index0
All output trees will be *arbitrarily* rooted at t2
201 extra trees read from tmp_bipartitions_teycmzk3yrfo9.bootstrap.trees

======== Running the main analysis
Number of taxa: 10 (10 species)
Taxa: [t2, t4, t1, t7, t8, t9, t5, t6, t10, t3]
Taxon occupancy: {t4=2435, t5=2791, t6=2292, t10=2244, t7=2679, t8=2839, t9=2313, t1=2290, t2=2850, t3=2711}
Number of gene trees: 6361
6361 trees have missing taxa
Calculating quartet distance matrix (for completion of X)
Species tree distances calculated ...
Will attempt to complete bipartitions from X before adding using a distance matrix.
Building set of clusters (X) from gene trees 
------------------------------
gradient0: 47
Number of Clusters after addition by distance: 47
calculating extra bipartitions to be added at level 1 ...
Adding to X using resolutions of greedy consensus ...
Limit for sigma of degrees:300
polytomy size limit : 3
discarded polytomies:  []
Threshold 0.0:
Threshold 0.01:
Threshold 0.02:
Threshold 0.05:
Threshold 0.1:
Threshold 0.2:
Threshold 0.3333333333333333:
max k is :0
Number of Clusters after addition by greedy: 47
gradient0 in heuristiic: 47
calculating extra bipartitions from extra input trees ...
Number of Clusters after additions from extra trees: 67
partitions formed in 1.581 secs
Dynamic Programming starting after 1.581 secs
Using tree-based weight calculation.
Using polytree-based weight calculation.
Polytree max score: 6361
Polytree building time: 0.098 seconds.
Number of quartet trees in the gene trees: 6361
Size of largest cluster: 10
Greedy score: 6350
estimationFactor: 1.001732283464567
Sub-optimal score: 6350
Total Number of elements weighted: 47
Normalized score (portion of input quartet trees satisfied before correcting for multiple individuals): 0.9982707121521773
Optimization score: 6350
Optimal tree inferred in 1.857 secs.
(t4,((t2,(t5,t6)),(t1,((t10,t3),(t9,(t7,t8))))));
Final quartet score is: 6350
Final normalized quartet score is: 0.9982707121521773
Extended species tree:
(t2,((t5,t6)1:3.951243718581431,((t1,((t10,t3)1:1.3291359472799418,(t9,(t7,t8)1:4.484884020113582)1:1.3291359472799418)1:6.535724946960245)1:3.9120230054281477,t4)1:3.705408756065146));
Weight calculation took 0.034868235 secs
ASTRAL finished in 2.293 secs
