
================== ASTRAL ===================== 

This is ASTRAL version 5.7.8
Gene trees are treated as unrooted
5854 trees read from tmp_quartet_teycmzk3yrfo9.txt
index0
All output trees will be *arbitrarily* rooted at t4
201 extra trees read from tmp_bipartitions_teycmzk3yrfo9.bootstrap.trees

======== Running the main analysis
Number of taxa: 10 (10 species)
Taxa: [t4, t5, t1, t2, t3, t7, t9, t6, t8, t10]
Taxon occupancy: {t4=2106, t5=2706, t6=3016, t10=3126, t7=2371, t8=1811, t9=2411, t1=2020, t2=1933, t3=1916}
Number of gene trees: 5854
5854 trees have missing taxa
Calculating quartet distance matrix (for completion of X)
Species tree distances calculated ...
Will attempt to complete bipartitions from X before adding using a distance matrix.
Building set of clusters (X) from gene trees 
------------------------------
gradient0: 55
Number of Clusters after addition by distance: 55
calculating extra bipartitions to be added at level 1 ...
Adding to X using resolutions of greedy consensus ...
Limit for sigma of degrees:300
polytomy size limit : 3
discarded polytomies:  []
Threshold 0.0:
Threshold 0.01:
Threshold 0.02:
Threshold 0.05:
Threshold 0.1:
Threshold 0.2:
Threshold 0.3333333333333333:
max k is :0
Number of Clusters after addition by greedy: 55
gradient0 in heuristiic: 55
calculating extra bipartitions from extra input trees ...
Number of Clusters after additions from extra trees: 79
partitions formed in 1.237 secs
Dynamic Programming starting after 1.237 secs
Using tree-based weight calculation.
Using polytree-based weight calculation.
Polytree max score: 5854
Polytree building time: 0.081 seconds.
Number of quartet trees in the gene trees: 5854
Size of largest cluster: 10
Greedy score: 5822
estimationFactor: 1.005496392992099
Sub-optimal score: 5822
Total Number of elements weighted: 69
Normalized score (portion of input quartet trees satisfied before correcting for multiple individuals): 0.9945336522036214
Optimization score: 5822
Optimal tree inferred in 1.494 secs.
(t5,(t9,(t7,(t4,(t3,(t2,(t1,(t8,(t6,t10)))))))));
Final quartet score is: 5822
Final normalized quartet score is: 0.9945336522036214
You may want to ignore posterior probabilities and other statistics related to the following branch branch because the effective number of genes impacting it is only 9:
	{t1, t2, t6, t8, t10}
Extended species tree:
(t4,((t3,(t2,(t1,(t8,(t6,t10)1:3.5263605246161593)1:5.01506989116412)1:2.8526314299133184)0.91:0.5108256237659905)1:3.283414346005771,(t7,(t9,t5)1:1.9924301646902058)1:1.7805861686299294));
Weight calculation took 0.04889963 secs
ASTRAL finished in 1.917 secs
