
================== ASTRAL ===================== 

This is ASTRAL version 5.7.8
Gene trees are treated as unrooted
3035 trees read from tmp_quartet_teycmzk3yrfo9.txt
index0
All output trees will be *arbitrarily* rooted at t3
201 extra trees read from tmp_bipartitions_teycmzk3yrfo9.bootstrap.trees

======== Running the main analysis
Number of taxa: 10 (10 species)
Taxa: [t3, t4, t1, t5, t6, t8, t9, t7, t2, t10]
Taxon occupancy: {t4=1338, t5=1800, t6=1689, t10=970, t7=1425, t8=982, t9=964, t1=887, t2=931, t3=1154}
Number of gene trees: 3035
3035 trees have missing taxa
Calculating quartet distance matrix (for completion of X)
Species tree distances calculated ...
Will attempt to complete bipartitions from X before adding using a distance matrix.
Building set of clusters (X) from gene trees 
------------------------------
gradient0: 65
Number of Clusters after addition by distance: 65
calculating extra bipartitions to be added at level 1 ...
Adding to X using resolutions of greedy consensus ...
Limit for sigma of degrees:300
polytomy size limit : 3
discarded polytomies:  []
Threshold 0.0:
Threshold 0.01:
Threshold 0.02:
Threshold 0.05:
Threshold 0.1:
Threshold 0.2:
Threshold 0.3333333333333333:
max k is :0
Number of Clusters after addition by greedy: 65
gradient0 in heuristiic: 65
calculating extra bipartitions from extra input trees ...
Number of Clusters after additions from extra trees: 157
partitions formed in 0.773 secs
Dynamic Programming starting after 0.773 secs
Using tree-based weight calculation.
Using polytree-based weight calculation.
Polytree max score: 3035
Polytree building time: 0.05 seconds.
Number of quartet trees in the gene trees: 3035
Size of largest cluster: 10
Greedy score: 2958
estimationFactor: 1.026031102096011
Sub-optimal score: 2958
Total Number of elements weighted: 136
Normalized score (portion of input quartet trees satisfied before correcting for multiple individuals): 0.9746293245469522
Optimization score: 2958
Optimal tree inferred in 0.998 secs.
(t4,(t7,(t3,((t10,(t5,t6)),((t8,t2),(t1,t9))))));
Final quartet score is: 2958
Final normalized quartet score is: 0.9746293245469522
Extended species tree:
(t3,(((t10,(t5,t6)1:4.992697593409592)1:3.7270312200783153,((t8,t2)1:1.076139432816051,(t1,t9)1:0.6623755218931916)1:0.8778812837592839)1:3.1842076959223258,(t7,t4)1:2.5212742939588746));
Weight calculation took 0.084164844 secs
ASTRAL finished in 1.307 secs
