
================== ASTRAL ===================== 

This is ASTRAL version 5.7.8
Gene trees are treated as unrooted
3603 trees read from tmp_quartet_teycmzk3yrfo9.txt
index0
All output trees will be *arbitrarily* rooted at t2
201 extra trees read from tmp_bipartitions_teycmzk3yrfo9.bootstrap.trees

======== Running the main analysis
Number of taxa: 10 (10 species)
Taxa: [t2, t9, t1, t3, t4, t5, t6, t7, t8, t10]
Taxon occupancy: {t4=1312, t5=1453, t6=1333, t10=1247, t7=1309, t8=1465, t9=1956, t1=1124, t2=1781, t3=1432}
Number of gene trees: 3603
3603 trees have missing taxa
Calculating quartet distance matrix (for completion of X)
Species tree distances calculated ...
Will attempt to complete bipartitions from X before adding using a distance matrix.
Building set of clusters (X) from gene trees 
------------------------------
gradient0: 89
Number of Clusters after addition by distance: 89
calculating extra bipartitions to be added at level 1 ...
Adding to X using resolutions of greedy consensus ...
Limit for sigma of degrees:300
polytomy size limit : 3
discarded polytomies:  []
Threshold 0.0:
Threshold 0.01:
Threshold 0.02:
Threshold 0.05:
Threshold 0.1:
Threshold 0.2:
Threshold 0.3333333333333333:
max k is :0
Number of Clusters after addition by greedy: 89
gradient0 in heuristiic: 89
calculating extra bipartitions from extra input trees ...
Number of Clusters after additions from extra trees: 117
partitions formed in 0.902 secs
Dynamic Programming starting after 0.902 secs
Using tree-based weight calculation.
Using polytree-based weight calculation.
Polytree max score: 3603
Polytree building time: 0.07 seconds.
Number of quartet trees in the gene trees: 3603
Size of largest cluster: 10
Greedy score: 3493
estimationFactor: 1.0314915545376466
Sub-optimal score: 3493
Total Number of elements weighted: 110
Normalized score (portion of input quartet trees satisfied before correcting for multiple individuals): 0.9694698862059395
Optimization score: 3493
Optimal tree inferred in 1.129 secs.
(t9,(t2,(t5,(t3,(t4,(t6,(t7,(t8,(t1,t10)))))))));
Final quartet score is: 3493
Final normalized quartet score is: 0.9694698862059395
You may want to ignore posterior probabilities and other statistics related to the following branch branch because the effective number of genes impacting it is only 7:
	{t1, t10}
Extended species tree:
(t2,((t5,(t3,(t4,(t6,(t7,(t8,(t1,t10)0.67:0.2876820724517809)1:0.44895022004790336)1:1.9136492868370918)1:3.097753887946303)1:2.1335087629501115)1:2.100060828882572)1:3.5505747827367564,t9));
Weight calculation took 0.067389622 secs
ASTRAL finished in 1.501 secs
