
================== ASTRAL ===================== 

This is ASTRAL version 5.7.8
Gene trees are treated as unrooted
6079 trees read from tmp_quartet_teycmzk3yrfo9.txt
index0
All output trees will be *arbitrarily* rooted at t4
201 extra trees read from tmp_bipartitions_teycmzk3yrfo9.bootstrap.trees

======== Running the main analysis
Number of taxa: 10 (10 species)
Taxa: [t4, t5, t1, t2, t3, t7, t9, t6, t8, t10]
Taxon occupancy: {t4=2347, t5=2754, t6=3016, t10=3007, t7=2509, t8=1725, t9=2497, t1=2219, t2=2187, t3=2055}
Number of gene trees: 6079
6079 trees have missing taxa
Calculating quartet distance matrix (for completion of X)
Species tree distances calculated ...
Will attempt to complete bipartitions from X before adding using a distance matrix.
Building set of clusters (X) from gene trees 
------------------------------
gradient0: 47
Number of Clusters after addition by distance: 47
calculating extra bipartitions to be added at level 1 ...
Adding to X using resolutions of greedy consensus ...
Limit for sigma of degrees:300
polytomy size limit : 3
discarded polytomies:  []
Threshold 0.0:
Threshold 0.01:
Threshold 0.02:
Threshold 0.05:
Threshold 0.1:
Threshold 0.2:
Threshold 0.3333333333333333:
max k is :0
Number of Clusters after addition by greedy: 47
gradient0 in heuristiic: 47
calculating extra bipartitions from extra input trees ...
Number of Clusters after additions from extra trees: 71
partitions formed in 1.527 secs
Dynamic Programming starting after 1.54 secs
Using tree-based weight calculation.
Using polytree-based weight calculation.
Polytree max score: 6079
Polytree building time: 0.1 seconds.
Number of quartet trees in the gene trees: 6079
Size of largest cluster: 10
Greedy score: 6029
estimationFactor: 1.0082932492950738
Sub-optimal score: 6029
Total Number of elements weighted: 56
Normalized score (portion of input quartet trees satisfied before correcting for multiple individuals): 0.9917749629873335
Optimization score: 6029
Optimal tree inferred in 1.806 secs.
(t5,(t9,(t7,(t4,((t2,t3),(t1,(t8,(t6,t10))))))));
Final quartet score is: 6029
Final normalized quartet score is: 0.9917749629873335
Extended species tree:
(t4,(((t2,t3)1:4.127134385045093,(t1,(t8,(t6,t10)1:4.356708826689595)1:4.857225080796717)1:1.8632184332102002)1:4.6131383556372665,(t7,(t9,t5)1:1.845826690498331)1:0.5930637220029626));
Weight calculation took 0.070458449 secs
ASTRAL finished in 2.205 secs
