
================== ASTRAL ===================== 

This is ASTRAL version 5.7.8
Gene trees are treated as unrooted
3639 trees read from tmp_quartet_teycmzk3yrfo9.txt
index0
All output trees will be *arbitrarily* rooted at t5
201 extra trees read from tmp_bipartitions_teycmzk3yrfo9.bootstrap.trees

======== Running the main analysis
Number of taxa: 10 (10 species)
Taxa: [t5, t8, t1, t2, t3, t4, t6, t7, t9, t10]
Taxon occupancy: {t4=1716, t5=1928, t6=1644, t10=1418, t7=1005, t8=1795, t9=1289, t1=1243, t2=1388, t3=1130}
Number of gene trees: 3639
3639 trees have missing taxa
Calculating quartet distance matrix (for completion of X)
Species tree distances calculated ...
Will attempt to complete bipartitions from X before adding using a distance matrix.
Building set of clusters (X) from gene trees 
------------------------------
gradient0: 67
Number of Clusters after addition by distance: 67
calculating extra bipartitions to be added at level 1 ...
Adding to X using resolutions of greedy consensus ...
Limit for sigma of degrees:300
polytomy size limit : 3
discarded polytomies:  []
Threshold 0.0:
Threshold 0.01:
Threshold 0.02:
Threshold 0.05:
Threshold 0.1:
Threshold 0.2:
Threshold 0.3333333333333333:
max k is :0
Number of Clusters after addition by greedy: 67
gradient0 in heuristiic: 67
calculating extra bipartitions from extra input trees ...
Number of Clusters after additions from extra trees: 83
partitions formed in 0.851 secs
Dynamic Programming starting after 0.852 secs
Using tree-based weight calculation.
Using polytree-based weight calculation.
Polytree max score: 3639
Polytree building time: 0.051 seconds.
Number of quartet trees in the gene trees: 3639
Size of largest cluster: 10
Greedy score: 3555
estimationFactor: 1.0236286919831223
Sub-optimal score: 3555
Total Number of elements weighted: 69
Normalized score (portion of input quartet trees satisfied before correcting for multiple individuals): 0.9769167353668591
Optimization score: 3555
Optimal tree inferred in 1.062 secs.
(t8,(t5,(t9,((t1,(t2,t7)),(t3,(t4,(t6,t10)))))));
Final quartet score is: 3555
Final normalized quartet score is: 0.9769167353668591
You may want to ignore posterior probabilities and other statistics related to the following branch branch because the effective number of genes impacting it is only 14:
	{t2, t7}
Extended species tree:
(t5,((t9,((t1,(t2,t7)1:1.2039728043259361)1:3.9120230054281477,(t3,(t4,(t6,t10)1:1.1526795099383855)1:3.7573166156671682)1:0.4837969513780713)1:4.327805080507243)1:4.414816457496873,t8));
Weight calculation took 0.045058507 secs
ASTRAL finished in 1.386 secs
