
================== ASTRAL ===================== 

This is ASTRAL version 5.7.8
Gene trees are treated as unrooted
5487 trees read from tmp_quartet_teycmzk3yrfo9.txt
index0
All output trees will be *arbitrarily* rooted at t10
201 extra trees read from tmp_bipartitions_teycmzk3yrfo9.bootstrap.trees

======== Running the main analysis
Number of taxa: 10 (10 species)
Taxa: [t10, t6, t1, t3, t4, t5, t8, t9, t2, t7]
Taxon occupancy: {t4=2656, t5=2459, t10=2617, t6=2573, t7=1645, t8=1821, t9=2463, t1=1662, t2=2078, t3=1974}
Number of gene trees: 5487
5487 trees have missing taxa
Calculating quartet distance matrix (for completion of X)
Species tree distances calculated ...
Will attempt to complete bipartitions from X before adding using a distance matrix.
Building set of clusters (X) from gene trees 
------------------------------
gradient0: 107
Number of Clusters after addition by distance: 107
calculating extra bipartitions to be added at level 1 ...
Adding to X using resolutions of greedy consensus ...
Limit for sigma of degrees:300
polytomy size limit : 3
discarded polytomies:  []
Threshold 0.0:
Threshold 0.01:
Threshold 0.02:
Threshold 0.05:
Threshold 0.1:
Threshold 0.2:
Threshold 0.3333333333333333:
max k is :0
Number of Clusters after addition by greedy: 107
gradient0 in heuristiic: 107
calculating extra bipartitions from extra input trees ...
Number of Clusters after additions from extra trees: 129
partitions formed in 1.446 secs
Dynamic Programming starting after 1.447 secs
Using tree-based weight calculation.
Using polytree-based weight calculation.
Polytree max score: 5487
Polytree building time: 0.081 seconds.
Number of quartet trees in the gene trees: 5487
Size of largest cluster: 10
Greedy score: 5388
estimationFactor: 1.0183741648106903
Sub-optimal score: 5388
Total Number of elements weighted: 120
Normalized score (portion of input quartet trees satisfied before correcting for multiple individuals): 0.981957353745216
Optimization score: 5388
Optimal tree inferred in 1.734 secs.
(t6,(t10,(t2,(t1,(t8,(t7,(t3,(t9,(t4,t5)))))))));
Final quartet score is: 5388
Final normalized quartet score is: 0.981957353745216
Extended species tree:
(t10,((t2,(t1,(t8,(t7,(t3,(t9,(t4,t5)1:1.7635885922613583)1:2.184802057337663)1:3.8877303128591003)1:1.760987810561301)1:1.9123874570166695)1:2.1897895988487015)1:3.3557350075853964,t6));
Weight calculation took 0.076587027 secs
ASTRAL finished in 2.14 secs
