
================== ASTRAL ===================== 

This is ASTRAL version 5.7.8
Gene trees are treated as unrooted
5543 trees read from tmp_quartet_teycmzk3yrfo9.txt
index0
All output trees will be *arbitrarily* rooted at t4
201 extra trees read from tmp_bipartitions_teycmzk3yrfo9.bootstrap.trees

======== Running the main analysis
Number of taxa: 10 (10 species)
Taxa: [t4, t5, t1, t2, t3, t10, t6, t8, t9, t7]
Taxon occupancy: {t4=2390, t5=2431, t10=2381, t6=2001, t7=2039, t8=2169, t9=1972, t1=2024, t2=2375, t3=2390}
Number of gene trees: 5543
5543 trees have missing taxa
Calculating quartet distance matrix (for completion of X)
Species tree distances calculated ...
Will attempt to complete bipartitions from X before adding using a distance matrix.
Building set of clusters (X) from gene trees 
------------------------------
gradient0: 61
Number of Clusters after addition by distance: 61
calculating extra bipartitions to be added at level 1 ...
Adding to X using resolutions of greedy consensus ...
Limit for sigma of degrees:300
polytomy size limit : 3
discarded polytomies:  []
Threshold 0.0:
Threshold 0.01:
Threshold 0.02:
Threshold 0.05:
Threshold 0.1:
Threshold 0.2:
Threshold 0.3333333333333333:
max k is :0
Number of Clusters after addition by greedy: 61
gradient0 in heuristiic: 61
calculating extra bipartitions from extra input trees ...
Number of Clusters after additions from extra trees: 77
partitions formed in 1.264 secs
Dynamic Programming starting after 1.264 secs
Using tree-based weight calculation.
Using polytree-based weight calculation.
Polytree max score: 5543
Polytree building time: 0.092 seconds.
Number of quartet trees in the gene trees: 5543
Size of largest cluster: 10
Greedy score: 5477
estimationFactor: 1.0120503925506665
Sub-optimal score: 5477
Total Number of elements weighted: 61
Normalized score (portion of input quartet trees satisfied before correcting for multiple individuals): 0.9880930903842684
Optimization score: 5477
Optimal tree inferred in 1.517 secs.
(t5,(t4,(t9,(t8,(t6,(t7,(t1,(t10,(t2,t3)))))))));
Final quartet score is: 5477
Final normalized quartet score is: 0.9880930903842684
Extended species tree:
(t4,((t9,(t8,(t6,(t7,(t1,(t10,(t2,t3)1:3.721669276936928)0.95:0.31666960932503313)1:4.080358320247362)1:4.473541743509661)1:2.4737333491898745)1:1.0900285449767182)1:4.492374691842744,t5));
Weight calculation took 0.04453586 secs
ASTRAL finished in 1.924 secs
