
================== ASTRAL ===================== 

This is ASTRAL version 5.7.8
Gene trees are treated as unrooted
2168 trees read from tmp_quartet_teycmzk3yrfo9.txt
index0
All output trees will be *arbitrarily* rooted at t2
201 extra trees read from tmp_bipartitions_teycmzk3yrfo9.bootstrap.trees

======== Running the main analysis
Number of taxa: 10 (10 species)
Taxa: [t2, t9, t1, t3, t4, t5, t6, t7, t8, t10]
Taxon occupancy: {t4=968, t5=867, t6=1089, t10=898, t7=808, t8=872, t9=818, t1=757, t2=745, t3=850}
Number of gene trees: 2168
2168 trees have missing taxa
Calculating quartet distance matrix (for completion of X)
Species tree distances calculated ...
Will attempt to complete bipartitions from X before adding using a distance matrix.
Building set of clusters (X) from gene trees 
------------------------------
gradient0: 73
Number of Clusters after addition by distance: 73
calculating extra bipartitions to be added at level 1 ...
Adding to X using resolutions of greedy consensus ...
Limit for sigma of degrees:300
polytomy size limit : 3
discarded polytomies:  []
Threshold 0.0:
Threshold 0.01:
Threshold 0.02:
Threshold 0.05:
Threshold 0.1:
Threshold 0.2:
Threshold 0.3333333333333333:
max k is :0
Number of Clusters after addition by greedy: 73
gradient0 in heuristiic: 73
calculating extra bipartitions from extra input trees ...
Number of Clusters after additions from extra trees: 91
partitions formed in 0.571 secs
Dynamic Programming starting after 0.571 secs
Using tree-based weight calculation.
Using polytree-based weight calculation.
Polytree max score: 2168
Polytree building time: 0.037 seconds.
Number of quartet trees in the gene trees: 2168
Size of largest cluster: 10
Greedy score: 1920
estimationFactor: 1.1291666666666667
Sub-optimal score: 1983
Total Number of elements weighted: 90
Normalized score (portion of input quartet trees satisfied before correcting for multiple individuals): 0.9146678966789668
Optimization score: 1983
Optimal tree inferred in 0.729 secs.
(t9,(t2,((t1,(t3,t8)),((t4,t10),(t7,(t5,t6))))));
Final quartet score is: 1983
Final normalized quartet score is: 0.9146678966789668
Extended species tree:
(t2,(((t1,(t3,t8)0.94:0.24686007793152595)1:0.7731898882334817,((t4,t10)1:5.032614200815037,(t7,(t5,t6)1:1.6739764335716716)1:4.094344562222104)1:0.8711860755618992)1:1.4082732678386662,t9));
Weight calculation took 0.026624688 secs
ASTRAL finished in 1.015 secs
