
================== ASTRAL ===================== 

This is ASTRAL version 5.7.8
Gene trees are treated as unrooted
6921 trees read from tmp_quartet_teycmzk3yrfo9.txt
index0
All output trees will be *arbitrarily* rooted at t6
201 extra trees read from tmp_bipartitions_teycmzk3yrfo9.bootstrap.trees

======== Running the main analysis
Number of taxa: 10 (10 species)
Taxa: [t6, t7, t1, t2, t3, t4, t5, t9, t8, t10]
Taxon occupancy: {t4=3418, t5=3101, t6=2545, t10=2497, t7=2469, t8=2488, t9=2579, t1=2360, t2=3252, t3=2975}
Number of gene trees: 6921
6921 trees have missing taxa
Calculating quartet distance matrix (for completion of X)
Species tree distances calculated ...
Will attempt to complete bipartitions from X before adding using a distance matrix.
Building set of clusters (X) from gene trees 
------------------------------
gradient0: 73
Number of Clusters after addition by distance: 73
calculating extra bipartitions to be added at level 1 ...
Adding to X using resolutions of greedy consensus ...
Limit for sigma of degrees:300
polytomy size limit : 3
discarded polytomies:  []
Threshold 0.0:
Threshold 0.01:
Threshold 0.02:
Threshold 0.05:
Threshold 0.1:
Threshold 0.2:
Threshold 0.3333333333333333:
max k is :0
Number of Clusters after addition by greedy: 73
gradient0 in heuristiic: 73
calculating extra bipartitions from extra input trees ...
Number of Clusters after additions from extra trees: 85
partitions formed in 1.576 secs
Dynamic Programming starting after 1.576 secs
Using tree-based weight calculation.
Using polytree-based weight calculation.
Polytree max score: 6921
Polytree building time: 0.095 seconds.
Number of quartet trees in the gene trees: 6921
Size of largest cluster: 10
Greedy score: 6790
estimationFactor: 1.0192930780559646
Sub-optimal score: 6790
Total Number of elements weighted: 83
Normalized score (portion of input quartet trees satisfied before correcting for multiple individuals): 0.9810720994076001
Optimization score: 6790
Optimal tree inferred in 1.884 secs.
(t7,(t6,(t8,((t9,t10),(t1,((t4,t5),(t2,t3)))))));
Final quartet score is: 6790
Final normalized quartet score is: 0.9810720994076001
Extended species tree:
(t6,((t8,((t9,t10)1:1.7346010553881062,(t1,((t4,t5)1:2.8200552594787056,(t2,t3)1:1.1968043148473235)1:2.824774475410352)1:5.940171252720428)1:1.1267831656348062)1:0.6443570163905135,t7));
Weight calculation took 0.072713748 secs
ASTRAL finished in 2.359 secs
