
================== ASTRAL ===================== 

This is ASTRAL version 5.7.8
Gene trees are treated as unrooted
7860 trees read from tmp_quartet_teycmzk3yrfo9.txt
index0
All output trees will be *arbitrarily* rooted at t2
201 extra trees read from tmp_bipartitions_teycmzk3yrfo9.bootstrap.trees

======== Running the main analysis
Number of taxa: 10 (10 species)
Taxa: [t2, t6, t1, t3, t4, t5, t7, t8, t9, t10]
Taxon occupancy: {t4=2809, t5=3192, t6=2969, t10=3346, t7=2867, t8=3244, t9=3359, t1=3061, t2=3285, t3=3308}
Number of gene trees: 7860
7860 trees have missing taxa
Calculating quartet distance matrix (for completion of X)
Species tree distances calculated ...
Will attempt to complete bipartitions from X before adding using a distance matrix.
Building set of clusters (X) from gene trees 
------------------------------
gradient0: 89
Number of Clusters after addition by distance: 89
calculating extra bipartitions to be added at level 1 ...
Adding to X using resolutions of greedy consensus ...
Limit for sigma of degrees:300
polytomy size limit : 3
discarded polytomies:  []
Threshold 0.0:
Threshold 0.01:
Threshold 0.02:
Threshold 0.05:
Threshold 0.1:
Threshold 0.2:
Threshold 0.3333333333333333:
max k is :0
Number of Clusters after addition by greedy: 89
gradient0 in heuristiic: 89
calculating extra bipartitions from extra input trees ...
Number of Clusters after additions from extra trees: 99
partitions formed in 1.798 secs
Dynamic Programming starting after 1.799 secs
Using tree-based weight calculation.
Using polytree-based weight calculation.
Polytree max score: 7860
Polytree building time: 0.139 seconds.
Number of quartet trees in the gene trees: 7860
Size of largest cluster: 10
Greedy score: 7564
estimationFactor: 1.0391327340031729
Sub-optimal score: 7564
Total Number of elements weighted: 85
Normalized score (portion of input quartet trees satisfied before correcting for multiple individuals): 0.9623409669211196
Optimization score: 7564
Optimal tree inferred in 2.158 secs.
(t6,(t7,((t2,t10),((t4,t5),(t1,(t8,(t3,t9)))))));
Final quartet score is: 7564
Final normalized quartet score is: 0.9623409669211196
Extended species tree:
(t2,(t10,(((t4,t5)1:3.23626756758007,(t1,(t8,(t3,t9)1:1.2139231351791042)1:0.3091882776727445)1:3.0152927994084844)1:1.4502430857201642,(t7,t6)1:1.4508328822574619)1:4.688285092698604));
Weight calculation took 0.065469112 secs
ASTRAL finished in 2.809 secs
