
================== ASTRAL ===================== 

This is ASTRAL version 5.7.8
Gene trees are treated as unrooted
6960 trees read from tmp_quartet_teycmzk3yrfo9.txt
index0
All output trees will be *arbitrarily* rooted at t4
201 extra trees read from tmp_bipartitions_teycmzk3yrfo9.bootstrap.trees

======== Running the main analysis
Number of taxa: 10 (10 species)
Taxa: [t4, t5, t1, t2, t6, t10, t9, t7, t8, t3]
Taxon occupancy: {t4=3119, t5=3112, t6=3235, t10=3353, t7=2138, t8=2196, t9=3070, t1=2384, t2=2655, t3=2578}
Number of gene trees: 6960
6960 trees have missing taxa
Calculating quartet distance matrix (for completion of X)
Species tree distances calculated ...
Will attempt to complete bipartitions from X before adding using a distance matrix.
Building set of clusters (X) from gene trees 
------------------------------
gradient0: 85
Number of Clusters after addition by distance: 85
calculating extra bipartitions to be added at level 1 ...
Adding to X using resolutions of greedy consensus ...
Limit for sigma of degrees:300
polytomy size limit : 3
discarded polytomies:  []
Threshold 0.0:
Threshold 0.01:
Threshold 0.02:
Threshold 0.05:
Threshold 0.1:
Threshold 0.2:
Threshold 0.3333333333333333:
max k is :0
Number of Clusters after addition by greedy: 85
gradient0 in heuristiic: 85
calculating extra bipartitions from extra input trees ...
Number of Clusters after additions from extra trees: 95
partitions formed in 1.599 secs
Dynamic Programming starting after 1.599 secs
Using tree-based weight calculation.
Using polytree-based weight calculation.
Polytree max score: 6960
Polytree building time: 0.097 seconds.
Number of quartet trees in the gene trees: 6960
Size of largest cluster: 10
Greedy score: 6848
estimationFactor: 1.016355140186916
Sub-optimal score: 6848
Total Number of elements weighted: 89
Normalized score (portion of input quartet trees satisfied before correcting for multiple individuals): 0.9839080459770115
Optimization score: 6848
Optimal tree inferred in 1.923 secs.
(t5,(t4,(t9,(t3,(t7,(t8,(t1,(t2,(t6,t10)))))))));
Final quartet score is: 6848
Final normalized quartet score is: 0.9839080459770115
Extended species tree:
(t4,((t9,(t3,(t7,(t8,(t1,(t2,(t6,t10)1:1.409824858530085)1:3.044522437723423)1:2.2419604711776113)1:1.2769218039721033)1:5.446737371666302)1:1.5128570844283198)1:1.9694406464655068,t5));
Weight calculation took 0.097247368 secs
ASTRAL finished in 2.372 secs
