
================== ASTRAL ===================== 

This is ASTRAL version 5.7.8
Gene trees are treated as unrooted
3614 trees read from tmp_quartet_teycmzk3yrfo9.txt
index0
All output trees will be *arbitrarily* rooted at t10
201 extra trees read from tmp_bipartitions_teycmzk3yrfo9.bootstrap.trees

======== Running the main analysis
Number of taxa: 10 (10 species)
Taxa: [t10, t6, t2, t3, t4, t5, t7, t8, t1, t9]
Taxon occupancy: {t4=1201, t5=1386, t10=1473, t6=1554, t7=1311, t8=1421, t9=1589, t1=1406, t2=1562, t3=1553}
Number of gene trees: 3614
3614 trees have missing taxa
Calculating quartet distance matrix (for completion of X)
Species tree distances calculated ...
Will attempt to complete bipartitions from X before adding using a distance matrix.
Building set of clusters (X) from gene trees 
------------------------------
gradient0: 87
Number of Clusters after addition by distance: 87
calculating extra bipartitions to be added at level 1 ...
Adding to X using resolutions of greedy consensus ...
Limit for sigma of degrees:300
polytomy size limit : 3
discarded polytomies:  []
Threshold 0.0:
Threshold 0.01:
Threshold 0.02:
Threshold 0.05:
Threshold 0.1:
Threshold 0.2:
Threshold 0.3333333333333333:
max k is :0
Number of Clusters after addition by greedy: 87
gradient0 in heuristiic: 87
calculating extra bipartitions from extra input trees ...
Number of Clusters after additions from extra trees: 103
partitions formed in 0.908 secs
Dynamic Programming starting after 0.908 secs
Using tree-based weight calculation.
Using polytree-based weight calculation.
Polytree max score: 3614
Polytree building time: 0.064 seconds.
Number of quartet trees in the gene trees: 3614
Size of largest cluster: 10
Greedy score: 3395
estimationFactor: 1.0645066273932253
Sub-optimal score: 3395
Total Number of elements weighted: 77
Normalized score (portion of input quartet trees satisfied before correcting for multiple individuals): 0.9394023242944106
Optimization score: 3395
Optimal tree inferred in 1.135 secs.
(t6,(t10,((t8,(t1,t9)),((t5,t7),(t4,(t2,t3))))));
Final quartet score is: 3395
Final normalized quartet score is: 0.9394023242944106
Extended species tree:
(t10,(((t8,(t1,t9)1:1.6392908755837816)1:1.3291359472799418,((t5,t7)1:2.1812242359897778,(t4,(t2,t3)1:1.6314168191528755)1:2.474754278323982)1:1.341443794954539)1:1.942240420166351,t6));
Weight calculation took 0.065149056 secs
ASTRAL finished in 1.477 secs
