
================== ASTRAL ===================== 

This is ASTRAL version 5.7.8
Gene trees are treated as unrooted
4912 trees read from tmp_quartet_teycmzk3yrfo9.txt
index0
All output trees will be *arbitrarily* rooted at t5
201 extra trees read from tmp_bipartitions_teycmzk3yrfo9.bootstrap.trees

======== Running the main analysis
Number of taxa: 10 (10 species)
Taxa: [t5, t8, t1, t2, t3, t4, t6, t7, t9, t10]
Taxon occupancy: {t4=1691, t5=1840, t6=1590, t10=2337, t7=2192, t8=2271, t9=1448, t1=1988, t2=2132, t3=2159}
Number of gene trees: 4912
4912 trees have missing taxa
Calculating quartet distance matrix (for completion of X)
Species tree distances calculated ...
Will attempt to complete bipartitions from X before adding using a distance matrix.
Building set of clusters (X) from gene trees 
------------------------------
gradient0: 85
Number of Clusters after addition by distance: 85
calculating extra bipartitions to be added at level 1 ...
Adding to X using resolutions of greedy consensus ...
Limit for sigma of degrees:300
polytomy size limit : 3
discarded polytomies:  []
Threshold 0.0:
Threshold 0.01:
Threshold 0.02:
Threshold 0.05:
Threshold 0.1:
Threshold 0.2:
Threshold 0.3333333333333333:
max k is :0
Number of Clusters after addition by greedy: 85
gradient0 in heuristiic: 85
calculating extra bipartitions from extra input trees ...
Number of Clusters after additions from extra trees: 99
partitions formed in 1.334 secs
Dynamic Programming starting after 1.346 secs
Using tree-based weight calculation.
Using polytree-based weight calculation.
Polytree max score: 4912
Polytree building time: 0.071 seconds.
Number of quartet trees in the gene trees: 4912
Size of largest cluster: 10
Greedy score: 4743
estimationFactor: 1.0356314568838287
Sub-optimal score: 4743
Total Number of elements weighted: 87
Normalized score (portion of input quartet trees satisfied before correcting for multiple individuals): 0.9655944625407166
Optimization score: 4743
Optimal tree inferred in 1.609 secs.
(t8,(t10,(t7,(t5,(t6,(t9,((t1,t4),(t2,t3))))))));
Final quartet score is: 4743
Final normalized quartet score is: 0.9655944625407166
Extended species tree:
(t5,((t6,(t9,((t1,t4)1:0.7547050735593787,(t2,t3)1:1.7306717772482167)1:4.350994525426155)0.51:0.06213178110700616)1:2.2914117923959196,(t7,(t10,t8)1:1.2552660987134867)1:2.2298257387116176));
Weight calculation took 0.064322566 secs
ASTRAL finished in 1.972 secs
