
================== ASTRAL ===================== 

This is ASTRAL version 5.7.8
Gene trees are treated as unrooted
5914 trees read from tmp_quartet_teycmzk3yrfo9.txt
index0
All output trees will be *arbitrarily* rooted at t7
201 extra trees read from tmp_bipartitions_teycmzk3yrfo9.bootstrap.trees

======== Running the main analysis
Number of taxa: 10 (10 species)
Taxa: [t7, t8, t1, t2, t3, t4, t5, t6, t9, t10]
Taxon occupancy: {t4=2127, t5=1846, t6=2014, t10=2158, t7=2126, t8=2214, t9=2220, t1=3404, t2=3379, t3=2168}
Number of gene trees: 5914
5914 trees have missing taxa
Calculating quartet distance matrix (for completion of X)
Species tree distances calculated ...
Will attempt to complete bipartitions from X before adding using a distance matrix.
Building set of clusters (X) from gene trees 
------------------------------
gradient0: 91
Number of Clusters after addition by distance: 91
calculating extra bipartitions to be added at level 1 ...
Adding to X using resolutions of greedy consensus ...
Limit for sigma of degrees:300
polytomy size limit : 3
discarded polytomies:  []
Threshold 0.0:
Threshold 0.01:
Threshold 0.02:
Threshold 0.05:
Threshold 0.1:
Threshold 0.2:
Threshold 0.3333333333333333:
max k is :0
Number of Clusters after addition by greedy: 91
gradient0 in heuristiic: 91
calculating extra bipartitions from extra input trees ...
Number of Clusters after additions from extra trees: 105
partitions formed in 1.464 secs
Dynamic Programming starting after 1.476 secs
Using tree-based weight calculation.
Using polytree-based weight calculation.
Polytree max score: 5914
Polytree building time: 0.095 seconds.
Number of quartet trees in the gene trees: 5914
Size of largest cluster: 10
Greedy score: 5610
estimationFactor: 1.0541889483065954
Sub-optimal score: 5610
Total Number of elements weighted: 85
Normalized score (portion of input quartet trees satisfied before correcting for multiple individuals): 0.9504565437943862
Optimization score: 5621
Optimal tree inferred in 1.756 secs.
(t8,(t7,((t3,(t1,t2)),((t4,t5),(t10,(t6,t9))))));
Final quartet score is: 5621
Final normalized quartet score is: 0.9504565437943862
Extended species tree:
(t7,(((t3,(t1,t2)1:5.466652681367253)1:2.156828205295256,((t4,t5)0.99:0.2693329337835843,(t10,(t6,t9)1:0.6114691495456782)1:2.131401280610547)1:1.9820458553844893)1:1.0422820322253898,t8));
Weight calculation took 0.063862164 secs
ASTRAL finished in 2.196 secs
