
================== ASTRAL ===================== 

This is ASTRAL version 5.7.8
Gene trees are treated as unrooted
5244 trees read from tmp_quartet_teycmzk3yrfo9.txt
index0
All output trees will be *arbitrarily* rooted at t10
201 extra trees read from tmp_bipartitions_teycmzk3yrfo9.bootstrap.trees

======== Running the main analysis
Number of taxa: 10 (10 species)
Taxa: [t10, t6, t2, t3, t4, t5, t7, t8, t9, t1]
Taxon occupancy: {t4=2157, t5=2120, t10=2806, t6=2896, t7=1709, t8=1643, t9=1585, t1=2122, t2=1703, t3=2235}
Number of gene trees: 5244
5244 trees have missing taxa
Calculating quartet distance matrix (for completion of X)
Species tree distances calculated ...
Will attempt to complete bipartitions from X before adding using a distance matrix.
Building set of clusters (X) from gene trees 
------------------------------
gradient0: 81
Number of Clusters after addition by distance: 81
calculating extra bipartitions to be added at level 1 ...
Adding to X using resolutions of greedy consensus ...
Limit for sigma of degrees:300
polytomy size limit : 3
discarded polytomies:  []
Threshold 0.0:
Threshold 0.01:
Threshold 0.02:
Threshold 0.05:
Threshold 0.1:
Threshold 0.2:
Threshold 0.3333333333333333:
max k is :0
Number of Clusters after addition by greedy: 81
gradient0 in heuristiic: 81
calculating extra bipartitions from extra input trees ...
Number of Clusters after additions from extra trees: 93
partitions formed in 1.093 secs
Dynamic Programming starting after 1.093 secs
Using tree-based weight calculation.
Using polytree-based weight calculation.
Polytree max score: 5244
Polytree building time: 0.094 seconds.
Number of quartet trees in the gene trees: 5244
Size of largest cluster: 10
Greedy score: 4960
estimationFactor: 1.0572580645161291
Sub-optimal score: 5004
Total Number of elements weighted: 110
Normalized score (portion of input quartet trees satisfied before correcting for multiple individuals): 0.954233409610984
Optimization score: 5004
Optimal tree inferred in 1.383 secs.
(t6,(t10,(t1,((t5,(t3,t4)),(t8,(t9,(t2,t7)))))));
Final quartet score is: 5004
Final normalized quartet score is: 0.954233409610984
Extended species tree:
(t10,((t1,((t5,(t3,t4)1:3.4231762883809314)1:2.805378545062773,(t8,(t9,(t2,t7)1:0.616186139423817)0.62:0.19845093872383832)1:0.21825356602001794)1:6.221252641140822)1:2.1259615573147284,t6));
Weight calculation took 0.060048378 secs
ASTRAL finished in 1.786 secs
