
================== ASTRAL ===================== 

This is ASTRAL version 5.7.8
Gene trees are treated as unrooted
3671 trees read from quartet_temp.txt
index0
All output trees will be *arbitrarily* rooted at t6

======== Running the main analysis
Number of taxa: 10 (10 species)
Taxa: [t6, t7, t1, t2, t3, t4, t5, t8, t9, t10]
Taxon occupancy: {t4=1837, t5=1094, t6=1678, t10=1012, t7=1117, t8=1391, t9=1535, t1=1701, t2=1968, t3=1351}
Number of gene trees: 3671
3671 trees have missing taxa
Calculating quartet distance matrix (for completion of X)
Species tree distances calculated ...
Will attempt to complete bipartitions from X before adding using a distance matrix.
Building set of clusters (X) from gene trees 
------------------------------
gradient0: 87
Number of Clusters after addition by distance: 87
calculating extra bipartitions to be added at level 1 ...
Adding to X using resolutions of greedy consensus ...
Limit for sigma of degrees:300
polytomy size limit : 3
discarded polytomies:  []
Threshold 0.0:
Threshold 0.01:
Threshold 0.02:
Threshold 0.05:
Threshold 0.1:
Threshold 0.2:
Threshold 0.3333333333333333:
max k is :0
Number of Clusters after addition by greedy: 87
gradient0 in heuristiic: 87
calculating all possible bipartitions ...
Number of Clusters After Adding All possible clusters: 1023
partitions formed in 0.205 secs
Dynamic Programming starting after 0.205 secs
Using tree-based weight calculation.
Using polytree-based weight calculation.
Polytree max score: 3671
Polytree building time: 0.014 seconds.
Number of quartet trees in the gene trees: 3671
Size of largest cluster: 10
Greedy score: 3587
estimationFactor: 1.0234178979648731
Sub-optimal score: 3587
Total Number of elements weighted: 813
Normalized score (portion of input quartet trees satisfied before correcting for multiple individuals): 0.9771179515118497
Optimization score: 3587
Optimal tree inferred in 0.342 secs.
(t7,((t6,(t8,(t9,t10))),(t3,(t5,(t1,(t2,t4))))));
Final quartet score is: 3587
Final normalized quartet score is: 0.9771179515118497
Extended species tree:
(t6,((t8,(t9,t10)1:3.0285220963769826)1:0.5225216635291818,((t3,(t5,(t1,(t2,t4)1:2.367123614131617)1:4.6379600088110795)1:1.524444699600708)1:3.3711199264248757,t7)1:3.49313487698784));
Weight calculation took 0.08718188 secs
ASTRAL finished in 0.427 secs
