
================== ASTRAL ===================== 

This is ASTRAL version 5.7.8
Gene trees are treated as unrooted
4591 trees read from quartet_temp.txt
index0
All output trees will be *arbitrarily* rooted at t2

======== Running the main analysis
Number of taxa: 10 (10 species)
Taxa: [t2, t8, t1, t3, t4, t5, t6, t7, t9, t10]
Taxon occupancy: {t4=1046, t5=1430, t6=1963, t10=2233, t7=1853, t8=1952, t9=1955, t1=1714, t2=2208, t3=2010}
Number of gene trees: 4591
4591 trees have missing taxa
Calculating quartet distance matrix (for completion of X)
Species tree distances calculated ...
Will attempt to complete bipartitions from X before adding using a distance matrix.
Building set of clusters (X) from gene trees 
------------------------------
gradient0: 85
Number of Clusters after addition by distance: 85
calculating extra bipartitions to be added at level 1 ...
Adding to X using resolutions of greedy consensus ...
Limit for sigma of degrees:300
polytomy size limit : 3
discarded polytomies:  []
Threshold 0.0:
Threshold 0.01:
Threshold 0.02:
Threshold 0.05:
Threshold 0.1:
Threshold 0.2:
Threshold 0.3333333333333333:
max k is :0
Number of Clusters after addition by greedy: 85
gradient0 in heuristiic: 85
calculating all possible bipartitions ...
Number of Clusters After Adding All possible clusters: 1023
partitions formed in 0.239 secs
Dynamic Programming starting after 0.239 secs
Using tree-based weight calculation.
Using polytree-based weight calculation.
Polytree max score: 4591
Polytree building time: 0.017 seconds.
Number of quartet trees in the gene trees: 4591
Size of largest cluster: 10
Greedy score: 4475
estimationFactor: 1.0259217877094973
Sub-optimal score: 4475
Total Number of elements weighted: 1376
Normalized score (portion of input quartet trees satisfied before correcting for multiple individuals): 0.9747331736005228
Optimization score: 4475
Optimal tree inferred in 0.383 secs.
(t8,((t3,t9),(t1,((t4,t5),((t6,t7),(t2,t10))))));
Final quartet score is: 4475
Final normalized quartet score is: 0.9747331736005228
Extended species tree:
(t2,(t10,((t6,t7)1:3.7534179752515073,((t4,t5)1:3.41004699693914,(t1,((t3,t9)1:1.5546296759391052,t8)1:0.8472978603872037)1:2.7649841228545617)1:0.6216882165778003)1:4.644390899141376));
Weight calculation took 0.090965171 secs
ASTRAL finished in 0.48 secs
