
================== ASTRAL ===================== 

This is ASTRAL version 5.7.8
Gene trees are treated as unrooted
955 trees read from quartet_temp.txt
index0
All output trees will be *arbitrarily* rooted at t5

======== Running the main analysis
Number of taxa: 10 (10 species)
Taxa: [t5, t9, t2, t3, t6, t7, t8, t10, t4, t1]
Taxon occupancy: {t4=345, t5=360, t6=497, t10=524, t7=290, t8=426, t9=422, t1=237, t2=349, t3=370}
Number of gene trees: 955
955 trees have missing taxa
Calculating quartet distance matrix (for completion of X)
Species tree distances calculated ...
Will attempt to complete bipartitions from X before adding using a distance matrix.
Building set of clusters (X) from gene trees 
------------------------------
gradient0: 125
Number of Clusters after addition by distance: 125
calculating extra bipartitions to be added at level 1 ...
Adding to X using resolutions of greedy consensus ...
Limit for sigma of degrees:300
polytomy size limit : 3
discarded polytomies:  []
Threshold 0.0:
Threshold 0.01:
Threshold 0.02:
Threshold 0.05:
Threshold 0.1:
Threshold 0.2:
Threshold 0.3333333333333333:
max k is :0
Number of Clusters after addition by greedy: 125
gradient0 in heuristiic: 125
calculating all possible bipartitions ...
Number of Clusters After Adding All possible clusters: 1023
partitions formed in 0.093 secs
Dynamic Programming starting after 0.093 secs
Using tree-based weight calculation.
Using polytree-based weight calculation.
Polytree max score: 955
Polytree building time: 0.007 seconds.
Number of quartet trees in the gene trees: 955
Size of largest cluster: 10
Greedy score: 838
estimationFactor: 1.139618138424821
Sub-optimal score: 838
Total Number of elements weighted: 2440
Normalized score (portion of input quartet trees satisfied before correcting for multiple individuals): 0.8994764397905759
Optimization score: 859
Optimal tree inferred in 0.199 secs.
(t9,(t5,((t8,t4),((t1,(t6,t10)),(t7,(t2,t3))))));
Final quartet score is: 859
Final normalized quartet score is: 0.8994764397905759
You may want to ignore posterior probabilities and other statistics related to the following branch branch because the effective number of genes impacting it is only 13:
	{t6, t10, t1}
Extended species tree:
(t5,(((t8,t4)1:1.3237740041385568,((t1,(t6,t10)1:2.961830721878311)0.81:0.2876820724517809,(t7,(t2,t3)1:1.299282984130261)1:0.5753641449035618)1:0.6190392084062237)1:1.8230120127321598,t9));
Weight calculation took 0.070956832 secs
ASTRAL finished in 0.254 secs
