
================== ASTRAL ===================== 

This is ASTRAL version 5.7.8
Gene trees are treated as unrooted
3216 trees read from quartet_temp.txt
index0
All output trees will be *arbitrarily* rooted at t4

======== Running the main analysis
Number of taxa: 10 (10 species)
Taxa: [t4, t5, t1, t2, t3, t7, t8, t9, t10, t6]
Taxon occupancy: {t4=1398, t5=1265, t10=1277, t6=1110, t7=1048, t8=1578, t9=1590, t1=1099, t2=1426, t3=1073}
Number of gene trees: 3216
3216 trees have missing taxa
Calculating quartet distance matrix (for completion of X)
Species tree distances calculated ...
Will attempt to complete bipartitions from X before adding using a distance matrix.
Building set of clusters (X) from gene trees 
------------------------------
gradient0: 87
Number of Clusters after addition by distance: 87
calculating extra bipartitions to be added at level 1 ...
Adding to X using resolutions of greedy consensus ...
Limit for sigma of degrees:300
polytomy size limit : 3
discarded polytomies:  []
Threshold 0.0:
Threshold 0.01:
Threshold 0.02:
Threshold 0.05:
Threshold 0.1:
Threshold 0.2:
Threshold 0.3333333333333333:
max k is :0
Number of Clusters after addition by greedy: 87
gradient0 in heuristiic: 87
calculating all possible bipartitions ...
Number of Clusters After Adding All possible clusters: 1023
partitions formed in 0.179 secs
Dynamic Programming starting after 0.179 secs
Using tree-based weight calculation.
Using polytree-based weight calculation.
Polytree max score: 3216
Polytree building time: 0.012 seconds.
Number of quartet trees in the gene trees: 3216
Size of largest cluster: 10
Greedy score: 3139
estimationFactor: 1.0245301051290219
Sub-optimal score: 3139
Total Number of elements weighted: 960
Normalized score (portion of input quartet trees satisfied before correcting for multiple individuals): 0.9760572139303483
Optimization score: 3139
Optimal tree inferred in 0.288 secs.
(t5,(t4,((t7,(t10,(t8,t9))),(t6,(t2,(t1,t3))))));
Final quartet score is: 3139
Final normalized quartet score is: 0.9760572139303483
Extended species tree:
(t4,(((t7,(t10,(t8,t9)1:1.0414538748281608)1:2.8397280250774095)1:4.288936211607869,(t6,(t2,(t1,t3)1:1.8769172775683618)1:2.241497401014208)1:0.9808292530117262)1:2.3826278006675823,t5));
Weight calculation took 0.059758419 secs
ASTRAL finished in 0.369 secs
