
================== ASTRAL ===================== 

This is ASTRAL version 5.7.8
Gene trees are treated as unrooted
1473 trees read from quartet_temp.txt
index0
All output trees will be *arbitrarily* rooted at t10

======== Running the main analysis
Number of taxa: 10 (10 species)
Taxa: [t10, t6, t1, t2, t3, t5, t4, t8, t7, t9]
Taxon occupancy: {t4=783, t5=596, t10=790, t6=509, t7=347, t8=466, t9=462, t1=627, t2=587, t3=725}
Number of gene trees: 1473
1473 trees have missing taxa
Calculating quartet distance matrix (for completion of X)
Species tree distances calculated ...
Will attempt to complete bipartitions from X before adding using a distance matrix.
Building set of clusters (X) from gene trees 
------------------------------
gradient0: 61
Number of Clusters after addition by distance: 61
calculating extra bipartitions to be added at level 1 ...
Adding to X using resolutions of greedy consensus ...
Limit for sigma of degrees:300
polytomy size limit : 3
discarded polytomies:  []
Threshold 0.0:
Threshold 0.01:
Threshold 0.02:
Threshold 0.05:
Threshold 0.1:
Threshold 0.2:
Threshold 0.3333333333333333:
max k is :0
Number of Clusters after addition by greedy: 61
gradient0 in heuristiic: 61
calculating all possible bipartitions ...
Number of Clusters After Adding All possible clusters: 1023
partitions formed in 0.105 secs
Dynamic Programming starting after 0.105 secs
Using tree-based weight calculation.
Using polytree-based weight calculation.
Polytree max score: 1473
Polytree building time: 0.008 seconds.
Number of quartet trees in the gene trees: 1473
Size of largest cluster: 10
Greedy score: 1410
estimationFactor: 1.0446808510638297
Sub-optimal score: 1410
Total Number of elements weighted: 1233
Normalized score (portion of input quartet trees satisfied before correcting for multiple individuals): 0.9572301425661914
Optimization score: 1410
Optimal tree inferred in 0.186 secs.
(t6,(t9,((t7,(t10,t4)),(t1,(t2,(t8,(t3,t5)))))));
Final quartet score is: 1410
Final normalized quartet score is: 0.9572301425661914
Extended species tree:
(t10,(t4,(t7,((t1,(t2,(t8,(t3,t5)1:0.7339691750802005)1:1.0608719606852628)1:1.5260563034950494)1:4.365219516357503,(t9,t6)1:3.5835189384561117)0.5:0.2635845208727204)1:1.9136492868370918));
Weight calculation took 0.045473319 secs
ASTRAL finished in 0.249 secs
