
================== ASTRAL ===================== 

This is ASTRAL version 5.7.8
Gene trees are treated as unrooted
2641 trees read from quartet_temp.txt
index0
All output trees will be *arbitrarily* rooted at t10

======== Running the main analysis
Number of taxa: 10 (10 species)
Taxa: [t10, t6, t2, t4, t5, t9, t3, t1, t7, t8]
Taxon occupancy: {t4=1391, t5=1291, t10=1067, t6=923, t7=822, t8=798, t9=1051, t1=768, t2=1298, t3=1155}
Number of gene trees: 2641
2641 trees have missing taxa
Calculating quartet distance matrix (for completion of X)
Species tree distances calculated ...
Will attempt to complete bipartitions from X before adding using a distance matrix.
Building set of clusters (X) from gene trees 
------------------------------
gradient0: 93
Number of Clusters after addition by distance: 93
calculating extra bipartitions to be added at level 1 ...
Adding to X using resolutions of greedy consensus ...
Limit for sigma of degrees:300
polytomy size limit : 3
discarded polytomies:  []
Threshold 0.0:
Threshold 0.01:
Threshold 0.02:
Threshold 0.05:
Threshold 0.1:
Threshold 0.2:
Threshold 0.3333333333333333:
max k is :0
Number of Clusters after addition by greedy: 93
gradient0 in heuristiic: 93
calculating all possible bipartitions ...
Number of Clusters After Adding All possible clusters: 1023
partitions formed in 0.152 secs
Dynamic Programming starting after 0.152 secs
Using tree-based weight calculation.
Using polytree-based weight calculation.
Polytree max score: 2641
Polytree building time: 0.016 seconds.
Number of quartet trees in the gene trees: 2641
Size of largest cluster: 10
Greedy score: 2591
estimationFactor: 1.019297568506368
Sub-optimal score: 2598
Total Number of elements weighted: 1991
Normalized score (portion of input quartet trees satisfied before correcting for multiple individuals): 0.9837182885270731
Optimization score: 2598
Optimal tree inferred in 0.297 secs.
(t6,(t7,(t8,((t10,t9),(t1,((t2,t3),(t4,t5)))))));
Final quartet score is: 2598
Final normalized quartet score is: 0.9837182885270731
You may want to ignore posterior probabilities and other statistics related to the following branch branch because the effective number of genes impacting it is only 9:
	{t6, t7}
You may want to ignore posterior probabilities and other statistics related to the following branch branch because the effective number of genes impacting it is only 17:
	{t6, t2, t4, t5, t3, t1, t7, t8}
Extended species tree:
(t10,(t9,((t1,((t2,t3)1:2.4277482359480516,(t4,t5)1:2.517696472610992)1:3.0476920124847036)1:2.9755295662364705,(t8,(t7,t6)1:1.8971199848858815)1:1.120591195386885)0.98:0.5389965007326871));
Weight calculation took 0.094383885 secs
ASTRAL finished in 0.375 secs
