
================== ASTRAL ===================== 

This is ASTRAL version 5.7.8
Gene trees are treated as unrooted
3193 trees read from quartet_temp.txt
index0
All output trees will be *arbitrarily* rooted at t3

======== Running the main analysis
Number of taxa: 10 (10 species)
Taxa: [t3, t5, t1, t2, t6, t7, t8, t9, t4, t10]
Taxon occupancy: {t4=1712, t5=960, t6=1419, t10=1057, t7=857, t8=1137, t9=1304, t1=1480, t2=1788, t3=1058}
Number of gene trees: 3193
3193 trees have missing taxa
Calculating quartet distance matrix (for completion of X)
Species tree distances calculated ...
Will attempt to complete bipartitions from X before adding using a distance matrix.
Building set of clusters (X) from gene trees 
------------------------------
gradient0: 79
Number of Clusters after addition by distance: 79
calculating extra bipartitions to be added at level 1 ...
Adding to X using resolutions of greedy consensus ...
Limit for sigma of degrees:300
polytomy size limit : 3
discarded polytomies:  []
Threshold 0.0:
Threshold 0.01:
Threshold 0.02:
Threshold 0.05:
Threshold 0.1:
Threshold 0.2:
Threshold 0.3333333333333333:
max k is :0
Number of Clusters after addition by greedy: 79
gradient0 in heuristiic: 79
calculating all possible bipartitions ...
Number of Clusters After Adding All possible clusters: 1023
partitions formed in 0.175 secs
Dynamic Programming starting after 0.175 secs
Using tree-based weight calculation.
Using polytree-based weight calculation.
Polytree max score: 3193
Polytree building time: 0.013 seconds.
Number of quartet trees in the gene trees: 3193
Size of largest cluster: 10
Greedy score: 3154
estimationFactor: 1.0123652504755865
Sub-optimal score: 3154
Total Number of elements weighted: 844
Normalized score (portion of input quartet trees satisfied before correcting for multiple individuals): 0.9877857813968055
Optimization score: 3154
Optimal tree inferred in 0.294 secs.
(t5,((t1,(t2,t4)),(t3,(t7,(t6,(t8,(t9,t10)))))));
Final quartet score is: 3154
Final normalized quartet score is: 0.9877857813968055
Extended species tree:
(t3,((t7,(t6,(t8,(t9,t10)1:1.9459101490553135)1:1.97408102602201)1:2.302585092994046)1:2.148434413166788,((t1,(t2,t4)1:3.7765850345330403)1:4.557379522151745,t5)1:1.7346010553881062));
Weight calculation took 0.075919485 secs
ASTRAL finished in 0.388 secs
