
================== ASTRAL ===================== 

This is ASTRAL version 5.7.8
Gene trees are treated as unrooted
3243 trees read from quartet_temp.txt
index0
All output trees will be *arbitrarily* rooted at t6

======== Running the main analysis
Number of taxa: 10 (10 species)
Taxa: [t6, t7, t1, t2, t3, t4, t5, t8, t9, t10]
Taxon occupancy: {t4=1863, t5=1622, t6=1139, t10=1284, t7=1337, t8=1395, t9=1128, t1=484, t2=812, t3=1908}
Number of gene trees: 3243
3243 trees have missing taxa
Calculating quartet distance matrix (for completion of X)
Species tree distances calculated ...
Will attempt to complete bipartitions from X before adding using a distance matrix.
Building set of clusters (X) from gene trees 
------------------------------
gradient0: 91
Number of Clusters after addition by distance: 91
calculating extra bipartitions to be added at level 1 ...
Adding to X using resolutions of greedy consensus ...
Limit for sigma of degrees:300
polytomy size limit : 3
discarded polytomies:  []
Threshold 0.0:
Threshold 0.01:
Threshold 0.02:
Threshold 0.05:
Threshold 0.1:
Threshold 0.2:
Threshold 0.3333333333333333:
max k is :0
Number of Clusters after addition by greedy: 91
gradient0 in heuristiic: 91
calculating all possible bipartitions ...
Number of Clusters After Adding All possible clusters: 1023
partitions formed in 0.185 secs
Dynamic Programming starting after 0.185 secs
Using tree-based weight calculation.
Using polytree-based weight calculation.
Polytree max score: 3243
Polytree building time: 0.012 seconds.
Number of quartet trees in the gene trees: 3243
Size of largest cluster: 10
Greedy score: 3025
estimationFactor: 1.0720661157024793
Sub-optimal score: 3025
Total Number of elements weighted: 2038
Normalized score (portion of input quartet trees satisfied before correcting for multiple individuals): 0.9565217391304348
Optimization score: 3102
Optimal tree inferred in 0.336 secs.
(t7,(t2,((t8,t10),(t6,(t9,(t1,(t5,(t3,t4))))))));
Final quartet score is: 3102
Final normalized quartet score is: 0.9565217391304348
You may want to ignore posterior probabilities and other statistics related to the following branch branch because the effective number of genes impacting it is only 18:
	{t1, t3, t4, t5}
Extended species tree:
(t6,((t9,(t1,(t5,(t3,t4)1:1.59986846141795)1:4.605170185988085)1:2.538973871058275)0.92:0.21357410029805904,((t8,t10)1:4.477336814478208,(t2,t7)1:1.4534336639575187)1:1.0014485402144617));
Weight calculation took 0.104937438 secs
ASTRAL finished in 0.425 secs
