
================== ASTRAL ===================== 

This is ASTRAL version 5.7.8
Gene trees are treated as unrooted
745 trees read from quartet_temp.txt
index0
All output trees will be *arbitrarily* rooted at t2

======== Running the main analysis
Number of taxa: 10 (10 species)
Taxa: [t2, t5, t1, t4, t6, t7, t9, t10, t3, t8]
Taxon occupancy: {t4=351, t5=270, t6=369, t10=253, t7=369, t8=136, t9=244, t1=379, t2=362, t3=247}
Number of gene trees: 745
745 trees have missing taxa
Calculating quartet distance matrix (for completion of X)
Species tree distances calculated ...
Will attempt to complete bipartitions from X before adding using a distance matrix.
Building set of clusters (X) from gene trees 
------------------------------
gradient0: 59
Number of Clusters after addition by distance: 59
calculating extra bipartitions to be added at level 1 ...
Adding to X using resolutions of greedy consensus ...
Limit for sigma of degrees:300
polytomy size limit : 3
discarded polytomies:  []
Threshold 0.0:
Threshold 0.01:
Threshold 0.02:
Threshold 0.05:
Threshold 0.1:
Threshold 0.2:
Threshold 0.3333333333333333:
max k is :0
Number of Clusters after addition by greedy: 59
gradient0 in heuristiic: 59
calculating all possible bipartitions ...
Number of Clusters After Adding All possible clusters: 1023
partitions formed in 0.072 secs
Dynamic Programming starting after 0.072 secs
Using tree-based weight calculation.
Using polytree-based weight calculation.
Polytree max score: 745
Polytree building time: 0.006 seconds.
Number of quartet trees in the gene trees: 745
Size of largest cluster: 10
Greedy score: 730
estimationFactor: 1.0205479452054795
Sub-optimal score: 730
Total Number of elements weighted: 1228
Normalized score (portion of input quartet trees satisfied before correcting for multiple individuals): 0.9798657718120806
Optimization score: 730
Optimal tree inferred in 0.144 secs.
(t5,(t2,(t8,((t1,t4),(t3,(t9,(t10,(t6,t7))))))));
Final quartet score is: 730
Final normalized quartet score is: 0.9798657718120806
You may want to ignore posterior probabilities and other statistics related to the following branch branch because the effective number of genes impacting it is only 3:
	{t6, t7, t10}
You may want to ignore posterior probabilities and other statistics related to the following branch branch because the effective number of genes impacting it is only 8:
	{t6, t7, t9, t10}
You may want to ignore posterior probabilities and other statistics related to the following branch branch because the effective number of genes impacting it is only 6:
	{t1, t4, t6, t7, t9, t10, t3}
You may want to ignore posterior probabilities and other statistics related to the following branch branch because the effective number of genes impacting it is only 13:
	{t1, t4, t6, t7, t9, t10, t3, t8}
Extended species tree:
(t2,((t8,((t1,t4)1:2.324563999712822,(t3,(t9,(t10,(t6,t7)1:2.2801122371419864)0.95:0.9808292530117262)1:1.0986122886681098)1:3.3202283191284896)0.83:0.4418327522790392)1:2.2335922215070947,t5));
Weight calculation took 0.038749995 secs
ASTRAL finished in 0.197 secs
