
================== ASTRAL ===================== 

This is ASTRAL version 5.7.8
Gene trees are treated as unrooted
1871 trees read from quartet_temp.txt
index0
All output trees will be *arbitrarily* rooted at t10

======== Running the main analysis
Number of taxa: 10 (10 species)
Taxa: [t10, t6, t1, t2, t3, t4, t5, t8, t9, t7]
Taxon occupancy: {t4=850, t5=934, t10=813, t6=758, t7=483, t8=804, t9=567, t1=788, t2=877, t3=610}
Number of gene trees: 1871
1871 trees have missing taxa
Calculating quartet distance matrix (for completion of X)
Species tree distances calculated ...
Will attempt to complete bipartitions from X before adding using a distance matrix.
Building set of clusters (X) from gene trees 
------------------------------
gradient0: 55
Number of Clusters after addition by distance: 55
calculating extra bipartitions to be added at level 1 ...
Adding to X using resolutions of greedy consensus ...
Limit for sigma of degrees:300
polytomy size limit : 3
discarded polytomies:  []
Threshold 0.0:
Threshold 0.01:
Threshold 0.02:
Threshold 0.05:
Threshold 0.1:
Threshold 0.2:
Threshold 0.3333333333333333:
max k is :0
Number of Clusters after addition by greedy: 55
gradient0 in heuristiic: 55
calculating all possible bipartitions ...
Number of Clusters After Adding All possible clusters: 1023
partitions formed in 0.133 secs
Dynamic Programming starting after 0.133 secs
Using tree-based weight calculation.
Using polytree-based weight calculation.
Polytree max score: 1871
Polytree building time: 0.01 seconds.
Number of quartet trees in the gene trees: 1871
Size of largest cluster: 10
Greedy score: 1841
estimationFactor: 1.0162954915806628
Sub-optimal score: 1841
Total Number of elements weighted: 1206
Normalized score (portion of input quartet trees satisfied before correcting for multiple individuals): 0.9839657936932121
Optimization score: 1841
Optimal tree inferred in 0.235 secs.
(t6,(t10,(t4,(t3,((t9,(t5,t8)),(t7,(t1,t2)))))));
Final quartet score is: 1841
Final normalized quartet score is: 0.9839657936932121
You may want to ignore posterior probabilities and other statistics related to the following branch branch because the effective number of genes impacting it is only 10:
	{t1, t2}
Extended species tree:
(t10,((t4,(t3,((t9,(t5,t8)1:2.9789251552376093)1:3.004031076368686,(t7,(t1,t2)0.99:0.8938178760220965)1:1.5804503755608483)1:2.8526314299133184)1:2.387742901334353)1:2.772588722239782,t6));
Weight calculation took 0.06141018 secs
ASTRAL finished in 0.305 secs
