
================== ASTRAL ===================== 

This is ASTRAL version 5.7.8
Gene trees are treated as unrooted
2079 trees read from quartet_temp.txt
index0
All output trees will be *arbitrarily* rooted at t5

======== Running the main analysis
Number of taxa: 10 (10 species)
Taxa: [t5, t7, t3, t4, t10, t1, t8, t9, t2, t6]
Taxon occupancy: {t4=1115, t5=956, t10=1177, t6=597, t7=965, t8=709, t9=676, t1=709, t2=855, t3=557}
Number of gene trees: 2079
2079 trees have missing taxa
Calculating quartet distance matrix (for completion of X)
Species tree distances calculated ...
Will attempt to complete bipartitions from X before adding using a distance matrix.
Building set of clusters (X) from gene trees 
------------------------------
gradient0: 51
Number of Clusters after addition by distance: 51
calculating extra bipartitions to be added at level 1 ...
Adding to X using resolutions of greedy consensus ...
Limit for sigma of degrees:300
polytomy size limit : 3
discarded polytomies:  []
Threshold 0.0:
Threshold 0.01:
Threshold 0.02:
Threshold 0.05:
Threshold 0.1:
Threshold 0.2:
Threshold 0.3333333333333333:
max k is :0
Number of Clusters after addition by greedy: 51
gradient0 in heuristiic: 51
calculating all possible bipartitions ...
Number of Clusters After Adding All possible clusters: 1023
partitions formed in 0.135 secs
Dynamic Programming starting after 0.135 secs
Using tree-based weight calculation.
Using polytree-based weight calculation.
Polytree max score: 2079
Polytree building time: 0.01 seconds.
Number of quartet trees in the gene trees: 2079
Size of largest cluster: 10
Greedy score: 2062
estimationFactor: 1.0082444228903977
Sub-optimal score: 2062
Total Number of elements weighted: 1003
Normalized score (portion of input quartet trees satisfied before correcting for multiple individuals): 0.9918229918229918
Optimization score: 2062
Optimal tree inferred in 0.235 secs.
(t7,(t5,((t8,t9),(t6,(t2,(t1,(t3,(t4,t10))))))));
Final quartet score is: 2062
Final normalized quartet score is: 0.9918229918229918
Extended species tree:
(t5,(((t8,t9)1:1.5404450409471486,(t6,(t2,(t1,(t3,(t4,t10)1:2.961830721878311)1:3.3081069585961425)1:3.9765615265657206)1:0.8797331361403576)1:3.8985999850960074)1:2.8526314299133184,t7));
Weight calculation took 0.061752063 secs
ASTRAL finished in 0.306 secs
