
================== ASTRAL ===================== 

This is ASTRAL version 5.7.8
Gene trees are treated as unrooted
1214 trees read from quartet_temp.txt
index0
All output trees will be *arbitrarily* rooted at t2

======== Running the main analysis
Number of taxa: 10 (10 species)
Taxa: [t2, t3, t1, t9, t6, t7, t8, t4, t10, t5]
Taxon occupancy: {t4=400, t5=564, t6=537, t10=558, t7=442, t8=356, t9=461, t1=361, t2=580, t3=597}
Number of gene trees: 1214
1214 trees have missing taxa
Calculating quartet distance matrix (for completion of X)
Species tree distances calculated ...
Will attempt to complete bipartitions from X before adding using a distance matrix.
Building set of clusters (X) from gene trees 
------------------------------
gradient0: 69
Number of Clusters after addition by distance: 69
calculating extra bipartitions to be added at level 1 ...
Adding to X using resolutions of greedy consensus ...
Limit for sigma of degrees:300
polytomy size limit : 3
discarded polytomies:  []
Threshold 0.0:
Threshold 0.01:
Threshold 0.02:
Threshold 0.05:
Threshold 0.1:
Threshold 0.2:
Threshold 0.3333333333333333:
max k is :0
Number of Clusters after addition by greedy: 69
gradient0 in heuristiic: 69
calculating all possible bipartitions ...
Number of Clusters After Adding All possible clusters: 1023
partitions formed in 0.095 secs
Dynamic Programming starting after 0.095 secs
Using tree-based weight calculation.
Using polytree-based weight calculation.
Polytree max score: 1214
Polytree building time: 0.008 seconds.
Number of quartet trees in the gene trees: 1214
Size of largest cluster: 10
Greedy score: 1153
estimationFactor: 1.0529054640069384
Sub-optimal score: 1153
Total Number of elements weighted: 1179
Normalized score (portion of input quartet trees satisfied before correcting for multiple individuals): 0.9497528830313015
Optimization score: 1153
Optimal tree inferred in 0.175 secs.
(t3,(t2,(t4,((t7,t5),((t6,t10),(t8,(t1,t9)))))));
Final quartet score is: 1153
Final normalized quartet score is: 0.9497528830313015
You may want to ignore posterior probabilities and other statistics related to the following branch branch because the effective number of genes impacting it is only 8:
	{t1, t9, t6, t7, t8, t4, t10, t5}
Extended species tree:
(t2,((t4,((t7,t5)1:2.938573859714043,((t6,t10)1:1.5273729593797962,(t8,(t1,t9)1:1.7540191412452077)1:1.6739764335716716)1:2.261763098473791)1:1.0689365205219934)0.97:0.6931471805599453,t3));
Weight calculation took 0.045363397 secs
ASTRAL finished in 0.237 secs
