
================== ASTRAL ===================== 

This is ASTRAL version 5.7.8
Gene trees are treated as unrooted
2110 trees read from quartet_temp.txt
index0
All output trees will be *arbitrarily* rooted at t5

======== Running the main analysis
Number of taxa: 10 (10 species)
Taxa: [t5, t7, t2, t3, t4, t9, t10, t6, t1, t8]
Taxon occupancy: {t4=764, t5=1003, t10=1160, t6=1115, t7=749, t8=566, t9=875, t1=700, t2=735, t3=773}
Number of gene trees: 2110
2110 trees have missing taxa
Calculating quartet distance matrix (for completion of X)
Species tree distances calculated ...
Will attempt to complete bipartitions from X before adding using a distance matrix.
Building set of clusters (X) from gene trees 
------------------------------
gradient0: 43
Number of Clusters after addition by distance: 43
calculating extra bipartitions to be added at level 1 ...
Adding to X using resolutions of greedy consensus ...
Limit for sigma of degrees:300
polytomy size limit : 3
discarded polytomies:  []
Threshold 0.0:
Threshold 0.01:
Threshold 0.02:
Threshold 0.05:
Threshold 0.1:
Threshold 0.2:
Threshold 0.3333333333333333:
max k is :0
Number of Clusters after addition by greedy: 43
gradient0 in heuristiic: 43
calculating all possible bipartitions ...
Number of Clusters After Adding All possible clusters: 1023
partitions formed in 0.138 secs
Dynamic Programming starting after 0.138 secs
Using tree-based weight calculation.
Using polytree-based weight calculation.
Polytree max score: 2110
Polytree building time: 0.014 seconds.
Number of quartet trees in the gene trees: 2110
Size of largest cluster: 10
Greedy score: 2079
estimationFactor: 1.014911014911015
Sub-optimal score: 2083
Total Number of elements weighted: 1230
Normalized score (portion of input quartet trees satisfied before correcting for multiple individuals): 0.9872037914691943
Optimization score: 2083
Optimal tree inferred in 0.237 secs.
(t7,((t5,t9),(t4,((t2,t3),(t1,(t8,(t10,t6)))))));
Final quartet score is: 2083
Final normalized quartet score is: 0.9872037914691943
You may want to ignore posterior probabilities and other statistics related to the following branch branch because the effective number of genes impacting it is only 4:
	{t2, t3}
You may want to ignore posterior probabilities and other statistics related to the following branch branch because the effective number of genes impacting it is only 16:
	{t7, t2, t3, t4, t10, t6, t1, t8}
Extended species tree:
(t5,(t9,((t4,((t2,t3)0.98:1.2039728043259361,(t1,(t8,(t10,t6)1:2.730029107820986)1:4.169245870395222)1:0.8183103235139515)1:2.14006616349627)1:3.149882953381249,t7)1:2.4277482359480516));
Weight calculation took 0.056033797 secs
ASTRAL finished in 0.306 secs
