
================== ASTRAL ===================== 

This is ASTRAL version 5.7.8
Gene trees are treated as unrooted
1500 trees read from quartet_temp.txt
index0
All output trees will be *arbitrarily* rooted at t10

======== Running the main analysis
Number of taxa: 10 (10 species)
Taxa: [t10, t6, t2, t3, t7, t9, t4, t5, t8, t1]
Taxon occupancy: {t4=721, t5=784, t10=598, t6=696, t7=237, t8=702, t9=469, t1=603, t2=700, t3=490}
Number of gene trees: 1500
1500 trees have missing taxa
Calculating quartet distance matrix (for completion of X)
Species tree distances calculated ...
Will attempt to complete bipartitions from X before adding using a distance matrix.
Building set of clusters (X) from gene trees 
------------------------------
gradient0: 49
Number of Clusters after addition by distance: 49
calculating extra bipartitions to be added at level 1 ...
Adding to X using resolutions of greedy consensus ...
Limit for sigma of degrees:300
polytomy size limit : 3
discarded polytomies:  []
Threshold 0.0:
Threshold 0.01:
Threshold 0.02:
Threshold 0.05:
Threshold 0.1:
Threshold 0.2:
Threshold 0.3333333333333333:
max k is :0
Number of Clusters after addition by greedy: 49
gradient0 in heuristiic: 49
calculating all possible bipartitions ...
Number of Clusters After Adding All possible clusters: 1023
partitions formed in 0.107 secs
Dynamic Programming starting after 0.107 secs
Using tree-based weight calculation.
Using polytree-based weight calculation.
Polytree max score: 1500
Polytree building time: 0.009 seconds.
Number of quartet trees in the gene trees: 1500
Size of largest cluster: 10
Greedy score: 1491
estimationFactor: 1.0060362173038229
Sub-optimal score: 1491
Total Number of elements weighted: 1044
Normalized score (portion of input quartet trees satisfied before correcting for multiple individuals): 0.994
Optimization score: 1491
Optimal tree inferred in 0.191 secs.
(t6,(t10,(t4,(t3,((t1,(t2,t7)),(t9,(t5,t8)))))));
Final quartet score is: 1491
Final normalized quartet score is: 0.994
You may want to ignore posterior probabilities and other statistics related to the following branch branch because the effective number of genes impacting it is only 2:
	{t2, t7}
Extended species tree:
(t10,((t4,(t3,((t1,(t2,t7)0.42:0.0)1:1.81373837594683,(t9,(t5,t8)1:3.4657359027997248)1:4.313033763186934)1:2.573460047129446)1:4.179502370562407)1:3.3081069585961425,t6));
Weight calculation took 0.048696789 secs
ASTRAL finished in 0.257 secs
