
================== ASTRAL ===================== 

This is ASTRAL version 5.7.8
Gene trees are treated as unrooted
1396 trees read from quartet_temp.txt
index0
All output trees will be *arbitrarily* rooted at t4

======== Running the main analysis
Number of taxa: 10 (10 species)
Taxa: [t4, t7, t1, t8, t9, t3, t5, t2, t6, t10]
Taxon occupancy: {t4=606, t5=857, t6=799, t10=329, t7=740, t8=445, t9=456, t1=416, t2=449, t3=487}
Number of gene trees: 1396
1396 trees have missing taxa
Calculating quartet distance matrix (for completion of X)
Species tree distances calculated ...
Will attempt to complete bipartitions from X before adding using a distance matrix.
Building set of clusters (X) from gene trees 
------------------------------
gradient0: 63
Number of Clusters after addition by distance: 63
calculating extra bipartitions to be added at level 1 ...
Adding to X using resolutions of greedy consensus ...
Limit for sigma of degrees:300
polytomy size limit : 3
discarded polytomies:  []
Threshold 0.0:
Threshold 0.01:
Threshold 0.02:
Threshold 0.05:
Threshold 0.1:
Threshold 0.2:
Threshold 0.3333333333333333:
max k is :0
Number of Clusters after addition by greedy: 63
gradient0 in heuristiic: 63
calculating all possible bipartitions ...
Number of Clusters After Adding All possible clusters: 1023
partitions formed in 0.111 secs
Dynamic Programming starting after 0.111 secs
Using tree-based weight calculation.
Using polytree-based weight calculation.
Polytree max score: 1396
Polytree building time: 0.008 seconds.
Number of quartet trees in the gene trees: 1396
Size of largest cluster: 10
Greedy score: 1376
estimationFactor: 1.0145348837209303
Sub-optimal score: 1377
Total Number of elements weighted: 1015
Normalized score (portion of input quartet trees satisfied before correcting for multiple individuals): 0.9863896848137536
Optimization score: 1377
Optimal tree inferred in 0.192 secs.
(t7,(t4,(t3,((t10,(t5,t6)),((t1,t9),(t8,t2))))));
Final quartet score is: 1377
Final normalized quartet score is: 0.9863896848137536
You may want to ignore posterior probabilities and other statistics related to the following branch branch because the effective number of genes impacting it is only 3:
	{t1, t9}
You may want to ignore posterior probabilities and other statistics related to the following branch branch because the effective number of genes impacting it is only 16:
	{t8, t2}
Extended species tree:
(t4,((t3,((t10,(t5,t6)1:4.356708826689595)1:3.205452804536062,((t1,t9)0.67:0.2876820724517809,(t8,t2)1:1.0414538748281608)1:2.4567357728213035)1:1.5182219041624385)1:3.654977902438253,t7));
Weight calculation took 0.046345481 secs
ASTRAL finished in 0.256 secs
