
================== ASTRAL ===================== 

This is ASTRAL version 5.7.8
Gene trees are treated as unrooted
595 trees read from quartet_temp.txt
index0
All output trees will be *arbitrarily* rooted at t2

======== Running the main analysis
Number of taxa: 10 (10 species)
Taxa: [t2, t8, t1, t3, t9, t10, t6, t7, t4, t5]
Taxon occupancy: {t4=278, t5=231, t10=173, t6=307, t7=319, t8=154, t9=169, t1=290, t2=288, t3=171}
Number of gene trees: 595
595 trees have missing taxa
Calculating quartet distance matrix (for completion of X)
Species tree distances calculated ...
Will attempt to complete bipartitions from X before adding using a distance matrix.
Building set of clusters (X) from gene trees 
------------------------------
gradient0: 53
Number of Clusters after addition by distance: 53
calculating extra bipartitions to be added at level 1 ...
Adding to X using resolutions of greedy consensus ...
Limit for sigma of degrees:300
polytomy size limit : 3
discarded polytomies:  []
Threshold 0.0:
Threshold 0.01:
Threshold 0.02:
Threshold 0.05:
Threshold 0.1:
Threshold 0.2:
Threshold 0.3333333333333333:
max k is :0
Number of Clusters after addition by greedy: 53
gradient0 in heuristiic: 53
calculating all possible bipartitions ...
Number of Clusters After Adding All possible clusters: 1023
partitions formed in 0.065 secs
Dynamic Programming starting after 0.065 secs
Using tree-based weight calculation.
Using polytree-based weight calculation.
Polytree max score: 595
Polytree building time: 0.006 seconds.
Number of quartet trees in the gene trees: 595
Size of largest cluster: 10
Greedy score: 588
estimationFactor: 1.0119047619047619
Sub-optimal score: 588
Total Number of elements weighted: 865
Normalized score (portion of input quartet trees satisfied before correcting for multiple individuals): 0.9882352941176471
Optimization score: 588
Optimal tree inferred in 0.121 secs.
(t8,((t2,t5),((t1,t4),(t3,(t9,(t10,(t6,t7)))))));
Final quartet score is: 588
Final normalized quartet score is: 0.9882352941176471
You may want to ignore posterior probabilities and other statistics related to the following branch branch because the effective number of genes impacting it is only 0:
	{t10, t6, t7}
You may want to ignore posterior probabilities and other statistics related to the following branch branch because the effective number of genes impacting it is only 3:
	{t9, t10, t6, t7}
You may want to ignore posterior probabilities and other statistics related to the following branch branch because the effective number of genes impacting it is only 5:
	{t1, t3, t9, t10, t6, t7, t4}
Extended species tree:
(t2,(t5,(((t1,t4)1:3.4657359027997248,(t3,(t9,(t10,(t6,t7)1:3.1780538303479453)0.33:0.0)0.95:0.9808292530117262)1:2.159484249353373)0.67:0.2876820724517809,t8)1:2.6855773452501523));
Weight calculation took 0.028546406 secs
ASTRAL finished in 0.168 secs
