
================== ASTRAL ===================== 

This is ASTRAL version 5.7.8
Gene trees are treated as unrooted
1831 trees read from quartet_temp.txt
index0
All output trees will be *arbitrarily* rooted at t5

======== Running the main analysis
Number of taxa: 10 (10 species)
Taxa: [t5, t6, t2, t3, t10, t7, t9, t1, t4, t8]
Taxon occupancy: {t4=466, t5=715, t6=649, t10=838, t7=647, t8=731, t9=651, t1=738, t2=828, t3=1061}
Number of gene trees: 1831
1831 trees have missing taxa
Calculating quartet distance matrix (for completion of X)
Species tree distances calculated ...
Will attempt to complete bipartitions from X before adding using a distance matrix.
Building set of clusters (X) from gene trees 
------------------------------
gradient0: 69
Number of Clusters after addition by distance: 69
calculating extra bipartitions to be added at level 1 ...
Adding to X using resolutions of greedy consensus ...
Limit for sigma of degrees:300
polytomy size limit : 3
discarded polytomies:  []
Threshold 0.0:
Threshold 0.01:
Threshold 0.02:
Threshold 0.05:
Threshold 0.1:
Threshold 0.2:
Threshold 0.3333333333333333:
max k is :0
Number of Clusters after addition by greedy: 69
gradient0 in heuristiic: 69
calculating all possible bipartitions ...
Number of Clusters After Adding All possible clusters: 1023
partitions formed in 0.13 secs
Dynamic Programming starting after 0.13 secs
Using tree-based weight calculation.
Using polytree-based weight calculation.
Polytree max score: 1831
Polytree building time: 0.013 seconds.
Number of quartet trees in the gene trees: 1831
Size of largest cluster: 10
Greedy score: 1798
estimationFactor: 1.0183537263626252
Sub-optimal score: 1798
Total Number of elements weighted: 1213
Normalized score (portion of input quartet trees satisfied before correcting for multiple individuals): 0.9819770617149098
Optimization score: 1798
Optimal tree inferred in 0.231 secs.
(t6,(t9,(t5,(t7,((t10,t1),(t4,(t2,(t3,t8))))))));
Final quartet score is: 1798
Final normalized quartet score is: 0.9819770617149098
You may want to ignore posterior probabilities and other statistics related to the following branch branch because the effective number of genes impacting it is only 8:
	{t6, t9}
Extended species tree:
(t5,((t7,((t10,t1)1:4.2195077051761105,(t4,(t2,(t3,t8)1:2.9957322735539913)1:1.015920572822996)1:3.4587672334836355)1:1.455287232606842)1:2.3460702049337847,(t9,t6)0.97:0.6931471805599453));
Weight calculation took 0.060074206 secs
ASTRAL finished in 0.301 secs
