
================== ASTRAL ===================== 

This is ASTRAL version 5.7.8
Gene trees are treated as unrooted
1678 trees read from quartet_temp.txt
index0
All output trees will be *arbitrarily* rooted at t6

======== Running the main analysis
Number of taxa: 10 (10 species)
Taxa: [t6, t8, t1, t3, t4, t5, t10, t2, t9, t7]
Taxon occupancy: {t4=629, t5=781, t6=925, t10=950, t7=548, t8=385, t9=660, t1=626, t2=601, t3=607}
Number of gene trees: 1678
1678 trees have missing taxa
Calculating quartet distance matrix (for completion of X)
Species tree distances calculated ...
Will attempt to complete bipartitions from X before adding using a distance matrix.
Building set of clusters (X) from gene trees 
------------------------------
gradient0: 41
Number of Clusters after addition by distance: 41
calculating extra bipartitions to be added at level 1 ...
Adding to X using resolutions of greedy consensus ...
Limit for sigma of degrees:300
polytomy size limit : 3
discarded polytomies:  []
Threshold 0.0:
Threshold 0.01:
Threshold 0.02:
Threshold 0.05:
Threshold 0.1:
Threshold 0.2:
Threshold 0.3333333333333333:
max k is :0
Number of Clusters after addition by greedy: 41
gradient0 in heuristiic: 41
calculating all possible bipartitions ...
Number of Clusters After Adding All possible clusters: 1023
partitions formed in 0.112 secs
Dynamic Programming starting after 0.112 secs
Using tree-based weight calculation.
Using polytree-based weight calculation.
Polytree max score: 1678
Polytree building time: 0.013 seconds.
Number of quartet trees in the gene trees: 1678
Size of largest cluster: 10
Greedy score: 1672
estimationFactor: 1.0035885167464116
Sub-optimal score: 1672
Total Number of elements weighted: 891
Normalized score (portion of input quartet trees satisfied before correcting for multiple individuals): 0.9964243146603099
Optimization score: 1672
Optimal tree inferred in 0.196 secs.
(t8,((t6,t10),(t1,((t3,t2),(t4,(t7,(t5,t9)))))));
Final quartet score is: 1672
Final normalized quartet score is: 0.9964243146603099
You may want to ignore posterior probabilities and other statistics related to the following branch branch because the effective number of genes impacting it is only 11:
	{t3, t2}
You may want to ignore posterior probabilities and other statistics related to the following branch branch because the effective number of genes impacting it is only 18:
	{t5, t9}
You may want to ignore posterior probabilities and other statistics related to the following branch branch because the effective number of genes impacting it is only 7:
	{t3, t4, t5, t2, t9, t7}
Extended species tree:
(t6,(t10,((t1,((t3,t2)1:2.0794415416798353,(t4,(t7,(t5,t9)1:1.1526795099383855)1:2.961830721878311)1:4.650780697240144)0.67:0.2876820724517809)1:3.6375861597263826,t8)1:3.564826805443958));
Weight calculation took 0.045176545 secs
ASTRAL finished in 0.262 secs
