
================== ASTRAL ===================== 

This is ASTRAL version 5.7.8
Gene trees are treated as unrooted
1817 trees read from quartet_temp.txt
index0
All output trees will be *arbitrarily* rooted at t4

======== Running the main analysis
Number of taxa: 10 (10 species)
Taxa: [t4, t5, t2, t3, t10, t6, t8, t9, t7, t1]
Taxon occupancy: {t4=828, t5=779, t10=803, t6=660, t7=755, t8=799, t9=639, t1=598, t2=551, t3=856}
Number of gene trees: 1817
1817 trees have missing taxa
Calculating quartet distance matrix (for completion of X)
Species tree distances calculated ...
Will attempt to complete bipartitions from X before adding using a distance matrix.
Building set of clusters (X) from gene trees 
------------------------------
gradient0: 57
Number of Clusters after addition by distance: 57
calculating extra bipartitions to be added at level 1 ...
Adding to X using resolutions of greedy consensus ...
Limit for sigma of degrees:300
polytomy size limit : 3
discarded polytomies:  []
Threshold 0.0:
Threshold 0.01:
Threshold 0.02:
Threshold 0.05:
Threshold 0.1:
Threshold 0.2:
Threshold 0.3333333333333333:
max k is :0
Number of Clusters after addition by greedy: 57
gradient0 in heuristiic: 57
calculating all possible bipartitions ...
Number of Clusters After Adding All possible clusters: 1023
partitions formed in 0.125 secs
Dynamic Programming starting after 0.125 secs
Using tree-based weight calculation.
Using polytree-based weight calculation.
Polytree max score: 1817
Polytree building time: 0.014 seconds.
Number of quartet trees in the gene trees: 1817
Size of largest cluster: 10
Greedy score: 1809
estimationFactor: 1.0044223327805417
Sub-optimal score: 1809
Total Number of elements weighted: 1064
Normalized score (portion of input quartet trees satisfied before correcting for multiple individuals): 0.9955971381397909
Optimization score: 1809
Optimal tree inferred in 0.215 secs.
(t5,(t4,(t9,(t8,(t6,(t7,(t1,(t10,(t2,t3)))))))));
Final quartet score is: 1809
Final normalized quartet score is: 0.9955971381397909
You may want to ignore posterior probabilities and other statistics related to the following branch branch because the effective number of genes impacting it is only 19:
	{t2, t3}
You may want to ignore posterior probabilities and other statistics related to the following branch branch because the effective number of genes impacting it is only 5:
	{t2, t3, t10}
You may want to ignore posterior probabilities and other statistics related to the following branch branch because the effective number of genes impacting it is only 6:
	{t2, t3, t10, t6, t8, t7, t1}
Extended species tree:
(t4,((t9,(t8,(t6,(t7,(t1,(t10,(t2,t3)1:2.590267165445826)0.99:1.3862943611198908)1:3.401197381662154)1:3.799227511282799)1:2.614959778036197)0.97:0.8472978603872037)1:2.302585092994046,t5));
Weight calculation took 0.049406959 secs
ASTRAL finished in 0.284 secs
