
================== ASTRAL ===================== 

This is ASTRAL version 5.7.8
Gene trees are treated as unrooted
825 trees read from quartet_temp.txt
index0
All output trees will be *arbitrarily* rooted at t4

======== Running the main analysis
Number of taxa: 10 (10 species)
Taxa: [t4, t8, t1, t6, t10, t5, t9, t2, t7, t3]
Taxon occupancy: {t4=307, t5=385, t6=427, t10=421, t7=287, t8=368, t9=386, t1=168, t2=292, t3=259}
Number of gene trees: 825
825 trees have missing taxa
Calculating quartet distance matrix (for completion of X)
Species tree distances calculated ...
Will attempt to complete bipartitions from X before adding using a distance matrix.
Building set of clusters (X) from gene trees 
------------------------------
gradient0: 61
Number of Clusters after addition by distance: 61
calculating extra bipartitions to be added at level 1 ...
Adding to X using resolutions of greedy consensus ...
Limit for sigma of degrees:300
polytomy size limit : 3
discarded polytomies:  []
Threshold 0.0:
Threshold 0.01:
Threshold 0.02:
Threshold 0.05:
Threshold 0.1:
Threshold 0.2:
Threshold 0.3333333333333333:
max k is :0
Number of Clusters after addition by greedy: 61
gradient0 in heuristiic: 61
calculating all possible bipartitions ...
Number of Clusters After Adding All possible clusters: 1023
partitions formed in 0.079 secs
Dynamic Programming starting after 0.079 secs
Using tree-based weight calculation.
Using polytree-based weight calculation.
Polytree max score: 825
Polytree building time: 0.006 seconds.
Number of quartet trees in the gene trees: 825
Size of largest cluster: 10
Greedy score: 802
estimationFactor: 1.0286783042394014
Sub-optimal score: 804
Total Number of elements weighted: 1023
Normalized score (portion of input quartet trees satisfied before correcting for multiple individuals): 0.9769696969696969
Optimization score: 806
Optimal tree inferred in 0.149 secs.
(t8,(t4,((t6,t10),((t5,t9),(t1,(t7,(t2,t3)))))));
Final quartet score is: 806
Final normalized quartet score is: 0.9769696969696969
You may want to ignore posterior probabilities and other statistics related to the following branch branch because the effective number of genes impacting it is only 14:
	{t2, t3}
You may want to ignore posterior probabilities and other statistics related to the following branch branch because the effective number of genes impacting it is only 9:
	{t2, t7, t3}
You may want to ignore posterior probabilities and other statistics related to the following branch branch because the effective number of genes impacting it is only 6:
	{t1, t2, t7, t3}
Extended species tree:
(t4,(((t6,t10)1:4.158883083359675,((t5,t9)1:2.0607494086676836,(t1,(t7,(t2,t3)1:2.302585092994046)1:1.8971199848858815)0.83:0.4418327522790392)1:1.120591195386885)1:3.332204510175203,t8));
Weight calculation took 0.036855717 secs
ASTRAL finished in 0.204 secs
