
================== ASTRAL ===================== 

This is ASTRAL version 5.7.8
Gene trees are treated as unrooted
3009 trees read from quartet_temp.txt
index0
All output trees will be *arbitrarily* rooted at t4

======== Running the main analysis
Number of taxa: 10 (10 species)
Taxa: [t4, t6, t1, t2, t9, t10, t7, t8, t3, t5]
Taxon occupancy: {t4=1221, t5=942, t6=968, t10=1190, t7=968, t8=1064, t9=1218, t1=1826, t2=1808, t3=831}
Number of gene trees: 3009
3009 trees have missing taxa
Calculating quartet distance matrix (for completion of X)
Species tree distances calculated ...
Will attempt to complete bipartitions from X before adding using a distance matrix.
Building set of clusters (X) from gene trees 
------------------------------
gradient0: 67
Number of Clusters after addition by distance: 67
calculating extra bipartitions to be added at level 1 ...
Adding to X using resolutions of greedy consensus ...
Limit for sigma of degrees:300
polytomy size limit : 3
discarded polytomies:  []
Threshold 0.0:
Threshold 0.01:
Threshold 0.02:
Threshold 0.05:
Threshold 0.1:
Threshold 0.2:
Threshold 0.3333333333333333:
max k is :0
Number of Clusters after addition by greedy: 67
gradient0 in heuristiic: 67
calculating all possible bipartitions ...
Number of Clusters After Adding All possible clusters: 1023
partitions formed in 0.169 secs
Dynamic Programming starting after 0.169 secs
Using tree-based weight calculation.
Using polytree-based weight calculation.
Polytree max score: 3009
Polytree building time: 0.012 seconds.
Number of quartet trees in the gene trees: 3009
Size of largest cluster: 10
Greedy score: 2958
estimationFactor: 1.0172413793103448
Sub-optimal score: 2958
Total Number of elements weighted: 1179
Normalized score (portion of input quartet trees satisfied before correcting for multiple individuals): 0.9830508474576272
Optimization score: 2958
Optimal tree inferred in 0.288 secs.
(t6,(t9,(t10,((t4,t5),((t7,t8),(t3,(t1,t2)))))));
Final quartet score is: 2958
Final normalized quartet score is: 0.9830508474576272
You may want to ignore posterior probabilities and other statistics related to the following branch branch because the effective number of genes impacting it is only 15:
	{t6, t9}
Extended species tree:
(t4,(t5,(((t7,t8)1:3.768922161787476,(t3,(t1,t2)1:4.56434819146784)1:4.248495242049363)1:1.1509802741854256,(t10,(t9,t6)1:1.2685113254635072)1:3.970291913552122)1:1.4469189829363254));
Weight calculation took 0.075345899 secs
ASTRAL finished in 0.37 secs
