
================== ASTRAL ===================== 

This is ASTRAL version 5.7.8
Gene trees are treated as unrooted
1925 trees read from quartet_temp.txt
index0
All output trees will be *arbitrarily* rooted at t5

======== Running the main analysis
Number of taxa: 10 (10 species)
Taxa: [t5, t6, t1, t2, t4, t7, t9, t10, t3, t8]
Taxon occupancy: {t4=754, t5=1241, t6=1175, t10=450, t7=928, t8=625, t9=698, t1=559, t2=586, t3=684}
Number of gene trees: 1925
1925 trees have missing taxa
Calculating quartet distance matrix (for completion of X)
Species tree distances calculated ...
Will attempt to complete bipartitions from X before adding using a distance matrix.
Building set of clusters (X) from gene trees 
------------------------------
gradient0: 81
Number of Clusters after addition by distance: 81
calculating extra bipartitions to be added at level 1 ...
Adding to X using resolutions of greedy consensus ...
Limit for sigma of degrees:300
polytomy size limit : 3
discarded polytomies:  []
Threshold 0.0:
Threshold 0.01:
Threshold 0.02:
Threshold 0.05:
Threshold 0.1:
Threshold 0.2:
Threshold 0.3333333333333333:
max k is :0
Number of Clusters after addition by greedy: 81
gradient0 in heuristiic: 81
calculating all possible bipartitions ...
Number of Clusters After Adding All possible clusters: 1023
partitions formed in 0.139 secs
Dynamic Programming starting after 0.139 secs
Using tree-based weight calculation.
Using polytree-based weight calculation.
Polytree max score: 1925
Polytree building time: 0.01 seconds.
Number of quartet trees in the gene trees: 1925
Size of largest cluster: 10
Greedy score: 1853
estimationFactor: 1.0388559093362115
Sub-optimal score: 1870
Total Number of elements weighted: 1570
Normalized score (portion of input quartet trees satisfied before correcting for multiple individuals): 0.9714285714285714
Optimization score: 1870
Optimal tree inferred in 0.246 secs.
(t6,(t5,(t10,((t3,(t4,t7)),((t1,t9),(t2,t8))))));
Final quartet score is: 1870
Final normalized quartet score is: 0.9714285714285714
You may want to ignore posterior probabilities and other statistics related to the following branch branch because the effective number of genes impacting it is only 10:
	{t1, t2, t4, t7, t9, t3, t8}
Extended species tree:
(t5,((t10,((t3,(t4,t7)1:2.92673940206704)1:2.54770755102703,((t1,t9)1:1.6226831391841212,(t2,t8)1:0.9490805546971459)1:0.4418327522790392)0.88:0.38299225225610567)1:4.846808319938475,t6));
Weight calculation took 0.067831346 secs
ASTRAL finished in 0.315 secs
