
================== ASTRAL ===================== 

This is ASTRAL version 5.7.8
Gene trees are treated as unrooted
2160 trees read from quartet_temp.txt
index0
All output trees will be *arbitrarily* rooted at t5

======== Running the main analysis
Number of taxa: 10 (10 species)
Taxa: [t5, t7, t2, t3, t4, t9, t10, t6, t1, t8]
Taxon occupancy: {t4=798, t5=1078, t10=1104, t6=1009, t7=898, t8=564, t9=798, t1=791, t2=789, t3=811}
Number of gene trees: 2160
2160 trees have missing taxa
Calculating quartet distance matrix (for completion of X)
Species tree distances calculated ...
Will attempt to complete bipartitions from X before adding using a distance matrix.
Building set of clusters (X) from gene trees 
------------------------------
gradient0: 39
Number of Clusters after addition by distance: 39
calculating extra bipartitions to be added at level 1 ...
Adding to X using resolutions of greedy consensus ...
Limit for sigma of degrees:300
polytomy size limit : 3
discarded polytomies:  []
Threshold 0.0:
Threshold 0.01:
Threshold 0.02:
Threshold 0.05:
Threshold 0.1:
Threshold 0.2:
Threshold 0.3333333333333333:
max k is :0
Number of Clusters after addition by greedy: 39
gradient0 in heuristiic: 39
calculating all possible bipartitions ...
Number of Clusters After Adding All possible clusters: 1023
partitions formed in 0.134 secs
Dynamic Programming starting after 0.134 secs
Using tree-based weight calculation.
Using polytree-based weight calculation.
Polytree max score: 2160
Polytree building time: 0.012 seconds.
Number of quartet trees in the gene trees: 2160
Size of largest cluster: 10
Greedy score: 2158
estimationFactor: 1.0009267840593141
Sub-optimal score: 2158
Total Number of elements weighted: 891
Normalized score (portion of input quartet trees satisfied before correcting for multiple individuals): 0.9990740740740741
Optimization score: 2158
Optimal tree inferred in 0.227 secs.
(t7,((t5,t9),(t4,((t2,t3),(t1,(t8,(t10,t6)))))));
Final quartet score is: 2158
Final normalized quartet score is: 0.9990740740740741
You may want to ignore posterior probabilities and other statistics related to the following branch branch because the effective number of genes impacting it is only 14:
	{t10, t6, t1, t8}
You may want to ignore posterior probabilities and other statistics related to the following branch branch because the effective number of genes impacting it is only 15:
	{t7, t2, t3, t4, t10, t6, t1, t8}
Extended species tree:
(t5,(t9,((t4,((t2,t3)1:3.4657359027997248,(t1,(t8,(t10,t6)1:3.120895416507997)1:3.654977902438253)1:2.302585092994046)1:5.066805565563314)1:2.0512706647131393,t7)1:2.367123614131617));
Weight calculation took 0.052516834 secs
ASTRAL finished in 0.301 secs
