
================== ASTRAL ===================== 

This is ASTRAL version 5.7.8
Gene trees are treated as unrooted
2564 trees read from quartet_temp.txt
index0
All output trees will be *arbitrarily* rooted at t4

======== Running the main analysis
Number of taxa: 10 (10 species)
Taxa: [t4, t5, t1, t2, t3, t6, t8, t9, t10, t7]
Taxon occupancy: {t4=1298, t5=1176, t6=963, t10=1063, t7=801, t8=787, t9=1103, t1=861, t2=1191, t3=1013}
Number of gene trees: 2564
2564 trees have missing taxa
Calculating quartet distance matrix (for completion of X)
Species tree distances calculated ...
Will attempt to complete bipartitions from X before adding using a distance matrix.
Building set of clusters (X) from gene trees 
------------------------------
gradient0: 57
Number of Clusters after addition by distance: 57
calculating extra bipartitions to be added at level 1 ...
Adding to X using resolutions of greedy consensus ...
Limit for sigma of degrees:300
polytomy size limit : 3
discarded polytomies:  []
Threshold 0.0:
Threshold 0.01:
Threshold 0.02:
Threshold 0.05:
Threshold 0.1:
Threshold 0.2:
Threshold 0.3333333333333333:
max k is :0
Number of Clusters after addition by greedy: 57
gradient0 in heuristiic: 57
calculating all possible bipartitions ...
Number of Clusters After Adding All possible clusters: 1023
partitions formed in 0.152 secs
Dynamic Programming starting after 0.152 secs
Using tree-based weight calculation.
Using polytree-based weight calculation.
Polytree max score: 2564
Polytree building time: 0.013 seconds.
Number of quartet trees in the gene trees: 2564
Size of largest cluster: 10
Greedy score: 2535
estimationFactor: 1.011439842209073
Sub-optimal score: 2538
Total Number of elements weighted: 1021
Normalized score (portion of input quartet trees satisfied before correcting for multiple individuals): 0.9898595943837754
Optimization score: 2538
Optimal tree inferred in 0.258 secs.
(t5,(t4,((t2,t3),(t1,((t9,t10),(t8,(t6,t7)))))));
Final quartet score is: 2538
Final normalized quartet score is: 0.9898595943837754
You may want to ignore posterior probabilities and other statistics related to the following branch branch because the effective number of genes impacting it is only 4:
	{t6, t7}
You may want to ignore posterior probabilities and other statistics related to the following branch branch because the effective number of genes impacting it is only 16:
	{t6, t8, t7}
Extended species tree:
(t4,(((t2,t3)1:2.92673940206704,(t1,((t9,t10)1:1.9363406980391626,(t8,(t6,t7)0.84:0.5108256237659905)0.77:0.23052365861183224)1:3.1172121710916993)1:4.56434819146784)1:4.001254139156088,t5));
Weight calculation took 0.059144859 secs
ASTRAL finished in 0.335 secs
