
================== ASTRAL ===================== 

This is ASTRAL version 5.7.8
Gene trees are treated as unrooted
840 trees read from quartet_temp.txt
index0
All output trees will be *arbitrarily* rooted at t3

======== Running the main analysis
Number of taxa: 10 (10 species)
Taxa: [t3, t5, t2, t4, t8, t10, t6, t7, t9, t1]
Taxon occupancy: {t4=498, t5=425, t10=300, t6=306, t7=350, t8=510, t9=278, t1=229, t2=284, t3=180}
Number of gene trees: 840
840 trees have missing taxa
Calculating quartet distance matrix (for completion of X)
Species tree distances calculated ...
Will attempt to complete bipartitions from X before adding using a distance matrix.
Building set of clusters (X) from gene trees 
------------------------------
gradient0: 71
Number of Clusters after addition by distance: 71
calculating extra bipartitions to be added at level 1 ...
Adding to X using resolutions of greedy consensus ...
Limit for sigma of degrees:300
polytomy size limit : 3
discarded polytomies:  []
Threshold 0.0:
Threshold 0.01:
Threshold 0.02:
Threshold 0.05:
Threshold 0.1:
Threshold 0.2:
Threshold 0.3333333333333333:
max k is :0
Number of Clusters after addition by greedy: 71
gradient0 in heuristiic: 71
calculating all possible bipartitions ...
Number of Clusters After Adding All possible clusters: 1023
partitions formed in 0.084 secs
Dynamic Programming starting after 0.084 secs
Using tree-based weight calculation.
Using polytree-based weight calculation.
Polytree max score: 840
Polytree building time: 0.007 seconds.
Number of quartet trees in the gene trees: 840
Size of largest cluster: 10
Greedy score: 772
estimationFactor: 1.0880829015544042
Sub-optimal score: 772
Total Number of elements weighted: 2116
Normalized score (portion of input quartet trees satisfied before correcting for multiple individuals): 0.9226190476190477
Optimization score: 775
Optimal tree inferred in 0.171 secs.
(t5,(t2,((t7,t1),((t10,(t4,t8)),(t6,(t3,t9))))));
Final quartet score is: 775
Final normalized quartet score is: 0.9226190476190477
You may want to ignore posterior probabilities and other statistics related to the following branch branch because the effective number of genes impacting it is only 17:
	{t5, t2}
You may want to ignore posterior probabilities and other statistics related to the following branch branch because the effective number of genes impacting it is only 19:
	{t5, t2, t4, t8, t10, t7, t1}
You may want to ignore posterior probabilities and other statistics related to the following branch branch because the effective number of genes impacting it is only 9:
	{t5, t2, t4, t8, t10, t6, t7, t1}
Extended species tree:
(t3,(t9,(t6,((t10,(t4,t8)1:3.9639827443588604)1:0.8362480242006187,((t7,t1)1:3.4657359027997248,(t2,t5)0.9:0.40546510810816444)1:0.9343092373768336)1:0.9808292530117262)1:1.8971199848858815));
Weight calculation took 0.053516454 secs
ASTRAL finished in 0.228 secs
