
================== ASTRAL ===================== 

This is ASTRAL version 5.7.8
Gene trees are treated as unrooted
1898 trees read from quartet_temp.txt
index0
All output trees will be *arbitrarily* rooted at t4

======== Running the main analysis
Number of taxa: 10 (10 species)
Taxa: [t4, t7, t1, t8, t9, t3, t5, t2, t6, t10]
Taxon occupancy: {t4=814, t5=1113, t6=1086, t10=427, t7=942, t8=618, t9=656, t1=626, t2=605, t3=705}
Number of gene trees: 1898
1898 trees have missing taxa
Calculating quartet distance matrix (for completion of X)
Species tree distances calculated ...
Will attempt to complete bipartitions from X before adding using a distance matrix.
Building set of clusters (X) from gene trees 
------------------------------
gradient0: 61
Number of Clusters after addition by distance: 61
calculating extra bipartitions to be added at level 1 ...
Adding to X using resolutions of greedy consensus ...
Limit for sigma of degrees:300
polytomy size limit : 3
discarded polytomies:  []
Threshold 0.0:
Threshold 0.01:
Threshold 0.02:
Threshold 0.05:
Threshold 0.1:
Threshold 0.2:
Threshold 0.3333333333333333:
max k is :0
Number of Clusters after addition by greedy: 61
gradient0 in heuristiic: 61
calculating all possible bipartitions ...
Number of Clusters After Adding All possible clusters: 1023
partitions formed in 0.137 secs
Dynamic Programming starting after 0.137 secs
Using tree-based weight calculation.
Using polytree-based weight calculation.
Polytree max score: 1898
Polytree building time: 0.01 seconds.
Number of quartet trees in the gene trees: 1898
Size of largest cluster: 10
Greedy score: 1835
estimationFactor: 1.0343324250681198
Sub-optimal score: 1835
Total Number of elements weighted: 1189
Normalized score (portion of input quartet trees satisfied before correcting for multiple individuals): 0.9668071654373024
Optimization score: 1835
Optimal tree inferred in 0.231 secs.
(t7,(t4,(t3,((t10,(t5,t6)),((t1,t9),(t8,t2))))));
Final quartet score is: 1835
Final normalized quartet score is: 0.9668071654373024
Extended species tree:
(t4,((t3,((t10,(t5,t6)1:4.356708826689595)1:2.890371757896163,((t1,t9)1:0.7621400520468967,(t8,t2)1:2.92673940206704)1:0.7701082216960735)1:1.73113484741162)1:1.2039728043259361,t7));
Weight calculation took 0.055210694 secs
ASTRAL finished in 0.301 secs
