
================== ASTRAL ===================== 

This is ASTRAL version 5.7.8
Gene trees are treated as unrooted
2139 trees read from quartet_temp.txt
index0
All output trees will be *arbitrarily* rooted at t6

======== Running the main analysis
Number of taxa: 10 (10 species)
Taxa: [t6, t8, t1, t3, t4, t5, t10, t2, t9, t7]
Taxon occupancy: {t4=758, t5=1030, t6=1057, t10=1102, t7=758, t8=524, t9=886, t1=796, t2=839, t3=806}
Number of gene trees: 2139
2139 trees have missing taxa
Calculating quartet distance matrix (for completion of X)
Species tree distances calculated ...
Will attempt to complete bipartitions from X before adding using a distance matrix.
Building set of clusters (X) from gene trees 
------------------------------
gradient0: 51
Number of Clusters after addition by distance: 51
calculating extra bipartitions to be added at level 1 ...
Adding to X using resolutions of greedy consensus ...
Limit for sigma of degrees:300
polytomy size limit : 3
discarded polytomies:  []
Threshold 0.0:
Threshold 0.01:
Threshold 0.02:
Threshold 0.05:
Threshold 0.1:
Threshold 0.2:
Threshold 0.3333333333333333:
max k is :0
Number of Clusters after addition by greedy: 51
gradient0 in heuristiic: 51
calculating all possible bipartitions ...
Number of Clusters After Adding All possible clusters: 1023
partitions formed in 0.14 secs
Dynamic Programming starting after 0.14 secs
Using tree-based weight calculation.
Using polytree-based weight calculation.
Polytree max score: 2139
Polytree building time: 0.01 seconds.
Number of quartet trees in the gene trees: 2139
Size of largest cluster: 10
Greedy score: 2117
estimationFactor: 1.0103920642418516
Sub-optimal score: 2117
Total Number of elements weighted: 891
Normalized score (portion of input quartet trees satisfied before correcting for multiple individuals): 0.9897148200093502
Optimization score: 2117
Optimal tree inferred in 0.227 secs.
(t8,((t6,t10),(t1,((t3,t2),(t4,(t7,(t5,t9)))))));
Final quartet score is: 2117
Final normalized quartet score is: 0.9897148200093502
You may want to ignore posterior probabilities and other statistics related to the following branch branch because the effective number of genes impacting it is only 19:
	{t5, t9, t7}
Extended species tree:
(t6,(t10,((t1,((t3,t2)1:1.6094379124341005,(t4,(t7,(t5,t9)1:2.961830721878311)1:2.590267165445826)1:4.90280258929304)1:0.9444616088408513)1:2.451005098112318,t8)1:2.268683541318364));
Weight calculation took 0.047182388 secs
ASTRAL finished in 0.303 secs
