
================== ASTRAL ===================== 

This is ASTRAL version 5.7.8
Gene trees are treated as unrooted
2312 trees read from quartet_temp.txt
index0
All output trees will be *arbitrarily* rooted at t5

======== Running the main analysis
Number of taxa: 10 (10 species)
Taxa: [t5, t6, t2, t3, t10, t7, t9, t1, t4, t8]
Taxon occupancy: {t4=652, t5=906, t6=926, t10=980, t7=673, t8=1008, t9=883, t1=889, t2=1028, t3=1303}
Number of gene trees: 2312
2312 trees have missing taxa
Calculating quartet distance matrix (for completion of X)
Species tree distances calculated ...
Will attempt to complete bipartitions from X before adding using a distance matrix.
Building set of clusters (X) from gene trees 
------------------------------
gradient0: 65
Number of Clusters after addition by distance: 65
calculating extra bipartitions to be added at level 1 ...
Adding to X using resolutions of greedy consensus ...
Limit for sigma of degrees:300
polytomy size limit : 3
discarded polytomies:  []
Threshold 0.0:
Threshold 0.01:
Threshold 0.02:
Threshold 0.05:
Threshold 0.1:
Threshold 0.2:
Threshold 0.3333333333333333:
max k is :0
Number of Clusters after addition by greedy: 65
gradient0 in heuristiic: 65
calculating all possible bipartitions ...
Number of Clusters After Adding All possible clusters: 1023
partitions formed in 0.151 secs
Dynamic Programming starting after 0.151 secs
Using tree-based weight calculation.
Using polytree-based weight calculation.
Polytree max score: 2312
Polytree building time: 0.015 seconds.
Number of quartet trees in the gene trees: 2312
Size of largest cluster: 10
Greedy score: 2271
estimationFactor: 1.018053720827829
Sub-optimal score: 2274
Total Number of elements weighted: 1215
Normalized score (portion of input quartet trees satisfied before correcting for multiple individuals): 0.9835640138408305
Optimization score: 2274
Optimal tree inferred in 0.264 secs.
(t6,((t5,t9),(t7,((t10,t1),(t4,(t2,(t3,t8)))))));
Final quartet score is: 2274
Final normalized quartet score is: 0.9835640138408305
You may want to ignore posterior probabilities and other statistics related to the following branch branch because the effective number of genes impacting it is only 9:
	{t6, t2, t3, t10, t7, t1, t4, t8}
Extended species tree:
(t5,(t9,((t7,((t10,t1)1:3.592735593561034,(t4,(t2,(t3,t8)1:3.564826805443958)1:3.2321210516182224)1:3.6777061535158087)0.49:0.17261274266699364)1:2.606796467397036,t6)0.91:0.5108256237659905));
Weight calculation took 0.068724435 secs
ASTRAL finished in 0.337 secs
