
================== ASTRAL ===================== 

This is ASTRAL version 5.7.8
Gene trees are treated as unrooted
1326 trees read from quartet_temp.txt
index0
All output trees will be *arbitrarily* rooted at t2

======== Running the main analysis
Number of taxa: 10 (10 species)
Taxa: [t2, t3, t1, t7, t4, t5, t6, t9, t10, t8]
Taxon occupancy: {t4=610, t5=517, t6=600, t10=469, t7=487, t8=508, t9=426, t1=497, t2=542, t3=648}
Number of gene trees: 1326
1326 trees have missing taxa
Calculating quartet distance matrix (for completion of X)
Species tree distances calculated ...
Will attempt to complete bipartitions from X before adding using a distance matrix.
Building set of clusters (X) from gene trees 
------------------------------
gradient0: 63
Number of Clusters after addition by distance: 63
calculating extra bipartitions to be added at level 1 ...
Adding to X using resolutions of greedy consensus ...
Limit for sigma of degrees:300
polytomy size limit : 3
discarded polytomies:  []
Threshold 0.0:
Threshold 0.01:
Threshold 0.02:
Threshold 0.05:
Threshold 0.1:
Threshold 0.2:
Threshold 0.3333333333333333:
max k is :0
Number of Clusters after addition by greedy: 63
gradient0 in heuristiic: 63
calculating all possible bipartitions ...
Number of Clusters After Adding All possible clusters: 1023
partitions formed in 0.099 secs
Dynamic Programming starting after 0.099 secs
Using tree-based weight calculation.
Using polytree-based weight calculation.
Polytree max score: 1326
Polytree building time: 0.008 seconds.
Number of quartet trees in the gene trees: 1326
Size of largest cluster: 10
Greedy score: 1299
estimationFactor: 1.0207852193995381
Sub-optimal score: 1299
Total Number of elements weighted: 960
Normalized score (portion of input quartet trees satisfied before correcting for multiple individuals): 0.9796380090497737
Optimization score: 1299
Optimal tree inferred in 0.185 secs.
(t3,(t4,((t10,(t9,(t1,t6))),(t2,(t5,(t7,t8))))));
Final quartet score is: 1299
Final normalized quartet score is: 0.9796380090497737
You may want to ignore posterior probabilities and other statistics related to the following branch branch because the effective number of genes impacting it is only 10:
	{t7, t8}
You may want to ignore posterior probabilities and other statistics related to the following branch branch because the effective number of genes impacting it is only 5:
	{t1, t6}
Extended species tree:
(t2,((t5,(t7,t8)1:1.9924301646902058)1:3.205452804536062,((t10,(t9,(t1,t6)0.93:0.6931471805599453)1:2.367123614131617)1:2.3158303197440664,(t4,t3)1:1.455287232606842)1:1.9252908618525777));
Weight calculation took 0.051595072 secs
ASTRAL finished in 0.247 secs
