
================== ASTRAL ===================== 

This is ASTRAL version 5.7.8
Gene trees are treated as unrooted
2282 trees read from quartet_temp.txt
index0
All output trees will be *arbitrarily* rooted at t5

======== Running the main analysis
Number of taxa: 10 (10 species)
Taxa: [t5, t7, t2, t3, t4, t9, t10, t6, t1, t8]
Taxon occupancy: {t4=853, t5=1085, t10=1257, t6=1234, t7=860, t8=582, t9=880, t1=833, t2=780, t3=764}
Number of gene trees: 2282
2282 trees have missing taxa
Calculating quartet distance matrix (for completion of X)
Species tree distances calculated ...
Will attempt to complete bipartitions from X before adding using a distance matrix.
Building set of clusters (X) from gene trees 
------------------------------
gradient0: 47
Number of Clusters after addition by distance: 47
calculating extra bipartitions to be added at level 1 ...
Adding to X using resolutions of greedy consensus ...
Limit for sigma of degrees:300
polytomy size limit : 3
discarded polytomies:  []
Threshold 0.0:
Threshold 0.01:
Threshold 0.02:
Threshold 0.05:
Threshold 0.1:
Threshold 0.2:
Threshold 0.3333333333333333:
max k is :0
Number of Clusters after addition by greedy: 47
gradient0 in heuristiic: 47
calculating all possible bipartitions ...
Number of Clusters After Adding All possible clusters: 1023
partitions formed in 0.146 secs
Dynamic Programming starting after 0.146 secs
Using tree-based weight calculation.
Using polytree-based weight calculation.
Polytree max score: 2282
Polytree building time: 0.011 seconds.
Number of quartet trees in the gene trees: 2282
Size of largest cluster: 10
Greedy score: 2270
estimationFactor: 1.0052863436123347
Sub-optimal score: 2270
Total Number of elements weighted: 921
Normalized score (portion of input quartet trees satisfied before correcting for multiple individuals): 0.9947414548641542
Optimization score: 2270
Optimal tree inferred in 0.249 secs.
(t7,((t5,t9),(t4,((t2,t3),(t1,(t8,(t10,t6)))))));
Final quartet score is: 2270
Final normalized quartet score is: 0.9947414548641542
You may want to ignore posterior probabilities and other statistics related to the following branch branch because the effective number of genes impacting it is only 3:
	{t2, t3}
Extended species tree:
(t5,(t9,((t4,((t2,t3)0.95:0.9808292530117262,(t1,(t8,(t10,t6)1:3.737669618283365)1:2.0626344233634546)1:3.0602707946915624)1:4.960510906913699)1:1.2685113254635072,t7)1:1.6422277352570913));
Weight calculation took 0.061728681 secs
ASTRAL finished in 0.325 secs
