
================== ASTRAL ===================== 

This is ASTRAL version 5.7.8
Gene trees are treated as unrooted
600 trees read from quartet_temp.txt
index0
All output trees will be *arbitrarily* rooted at t6

======== Running the main analysis
Number of taxa: 10 (10 species)
Taxa: [t6, t7, t1, t2, t3, t5, t10, t4, t8, t9]
Taxon occupancy: {t4=264, t5=253, t6=295, t10=223, t7=289, t8=88, t9=146, t1=315, t2=325, t3=202}
Number of gene trees: 600
600 trees have missing taxa
Calculating quartet distance matrix (for completion of X)
Species tree distances calculated ...
Will attempt to complete bipartitions from X before adding using a distance matrix.
Building set of clusters (X) from gene trees 
------------------------------
gradient0: 65
Number of Clusters after addition by distance: 65
calculating extra bipartitions to be added at level 1 ...
Adding to X using resolutions of greedy consensus ...
Limit for sigma of degrees:300
polytomy size limit : 3
discarded polytomies:  []
Threshold 0.0:
Threshold 0.01:
Threshold 0.02:
Threshold 0.05:
Threshold 0.1:
Threshold 0.2:
Threshold 0.3333333333333333:
max k is :0
Number of Clusters after addition by greedy: 65
gradient0 in heuristiic: 65
calculating all possible bipartitions ...
Number of Clusters After Adding All possible clusters: 1023
partitions formed in 0.065 secs
Dynamic Programming starting after 0.065 secs
Using tree-based weight calculation.
Using polytree-based weight calculation.
Polytree max score: 600
Polytree building time: 0.005 seconds.
Number of quartet trees in the gene trees: 600
Size of largest cluster: 10
Greedy score: 586
estimationFactor: 1.023890784982935
Sub-optimal score: 588
Total Number of elements weighted: 1253
Normalized score (portion of input quartet trees satisfied before correcting for multiple individuals): 0.98
Optimization score: 588
Optimal tree inferred in 0.137 secs.
(t7,(t6,((t10,t9),(t3,(t8,((t1,t4),(t2,t5)))))));
Final quartet score is: 588
Final normalized quartet score is: 0.98
You may want to ignore posterior probabilities and other statistics related to the following branch branch because the effective number of genes impacting it is only 2:
	{t10, t9}
You may want to ignore posterior probabilities and other statistics related to the following branch branch because the effective number of genes impacting it is only 0:
	{t1, t2, t5, t4}
You may want to ignore posterior probabilities and other statistics related to the following branch branch because the effective number of genes impacting it is only 7:
	{t1, t2, t5, t4, t8}
You may want to ignore posterior probabilities and other statistics related to the following branch branch because the effective number of genes impacting it is only 11:
	{t1, t2, t3, t5, t4, t8}
Extended species tree:
(t6,(((t10,t9)0.87:0.6931471805599453,(t3,(t8,((t1,t4)1:2.4567357728213035,(t2,t5)1:2.6548056865833978)0.33:0.0)1:1.6739764335716716)1:1.3862943611198908)1:3.444682493601893,t7));
Weight calculation took 0.043137539 secs
ASTRAL finished in 0.187 secs
