
================== ASTRAL ===================== 

This is ASTRAL version 5.7.8
Gene trees are treated as unrooted
1152 trees read from quartet_temp.txt
index0
All output trees will be *arbitrarily* rooted at t10

======== Running the main analysis
Number of taxa: 10 (10 species)
Taxa: [t10, t3, t1, t5, t7, t9, t4, t8, t6, t2]
Taxon occupancy: {t4=575, t5=541, t10=401, t6=413, t7=416, t8=643, t9=421, t1=428, t2=375, t3=395}
Number of gene trees: 1152
1152 trees have missing taxa
Calculating quartet distance matrix (for completion of X)
Species tree distances calculated ...
Will attempt to complete bipartitions from X before adding using a distance matrix.
Building set of clusters (X) from gene trees 
------------------------------
gradient0: 73
Number of Clusters after addition by distance: 73
calculating extra bipartitions to be added at level 1 ...
Adding to X using resolutions of greedy consensus ...
Limit for sigma of degrees:300
polytomy size limit : 3
discarded polytomies:  []
Threshold 0.0:
Threshold 0.01:
Threshold 0.02:
Threshold 0.05:
Threshold 0.1:
Threshold 0.2:
Threshold 0.3333333333333333:
max k is :0
Number of Clusters after addition by greedy: 73
gradient0 in heuristiic: 73
calculating all possible bipartitions ...
Number of Clusters After Adding All possible clusters: 1023
partitions formed in 0.1 secs
Dynamic Programming starting after 0.1 secs
Using tree-based weight calculation.
Using polytree-based weight calculation.
Polytree max score: 1152
Polytree building time: 0.007 seconds.
Number of quartet trees in the gene trees: 1152
Size of largest cluster: 10
Greedy score: 1120
estimationFactor: 1.0285714285714285
Sub-optimal score: 1120
Total Number of elements weighted: 964
Normalized score (portion of input quartet trees satisfied before correcting for multiple individuals): 0.9722222222222222
Optimization score: 1120
Optimal tree inferred in 0.177 secs.
(t3,(t9,((t10,(t4,t8)),(t6,((t1,t7),(t5,t2))))));
Final quartet score is: 1120
Final normalized quartet score is: 0.9722222222222222
You may want to ignore posterior probabilities and other statistics related to the following branch branch because the effective number of genes impacting it is only 11:
	{t5, t2}
Extended species tree:
(t10,((t4,t8)1:4.179502370562407,((t6,((t1,t7)1:4.01337549968843,(t5,t2)0.99:0.6931471805599453)1:2.1972245773362196)1:0.7151260872787205,(t9,t3)1:1.8681324480126293)1:1.5040773967762742));
Weight calculation took 0.042641104 secs
ASTRAL finished in 0.235 secs
