
================== ASTRAL ===================== 

This is ASTRAL version 5.7.8
Gene trees are treated as unrooted
2084 trees read from quartet_temp.txt
index0
All output trees will be *arbitrarily* rooted at t5

======== Running the main analysis
Number of taxa: 10 (10 species)
Taxa: [t5, t7, t1, t2, t3, t4, t9, t8, t10, t6]
Taxon occupancy: {t4=724, t5=833, t10=963, t6=714, t7=945, t8=1004, t9=614, t1=670, t2=961, t3=908}
Number of gene trees: 2084
2084 trees have missing taxa
Calculating quartet distance matrix (for completion of X)
Species tree distances calculated ...
Will attempt to complete bipartitions from X before adding using a distance matrix.
Building set of clusters (X) from gene trees 
------------------------------
gradient0: 57
Number of Clusters after addition by distance: 57
calculating extra bipartitions to be added at level 1 ...
Adding to X using resolutions of greedy consensus ...
Limit for sigma of degrees:300
polytomy size limit : 3
discarded polytomies:  []
Threshold 0.0:
Threshold 0.01:
Threshold 0.02:
Threshold 0.05:
Threshold 0.1:
Threshold 0.2:
Threshold 0.3333333333333333:
max k is :0
Number of Clusters after addition by greedy: 57
gradient0 in heuristiic: 57
calculating all possible bipartitions ...
Number of Clusters After Adding All possible clusters: 1023
partitions formed in 0.136 secs
Dynamic Programming starting after 0.136 secs
Using tree-based weight calculation.
Using polytree-based weight calculation.
Polytree max score: 2084
Polytree building time: 0.01 seconds.
Number of quartet trees in the gene trees: 2084
Size of largest cluster: 10
Greedy score: 2066
estimationFactor: 1.0087124878993223
Sub-optimal score: 2066
Total Number of elements weighted: 903
Normalized score (portion of input quartet trees satisfied before correcting for multiple individuals): 0.991362763915547
Optimization score: 2066
Optimal tree inferred in 0.224 secs.
(t7,((t8,t10),(t5,(t9,(t6,((t1,t4),(t2,t3)))))));
Final quartet score is: 2066
Final normalized quartet score is: 0.991362763915547
You may want to ignore posterior probabilities and other statistics related to the following branch branch because the effective number of genes impacting it is only 18:
	{t1, t4}
You may want to ignore posterior probabilities and other statistics related to the following branch branch because the effective number of genes impacting it is only 16:
	{t1, t2, t3, t4, t6}
Extended species tree:
(t5,((t9,(t6,((t1,t4)1:0.9295359586241756,(t2,t3)1:3.3787245258100977)1:2.4696391776572115)1:2.4277482359480516)1:3.814042597067946,((t8,t10)1:2.3978952727983716,t7)1:3.799227511282799));
Weight calculation took 0.04964733 secs
ASTRAL finished in 0.295 secs
