
================== ASTRAL ===================== 

This is ASTRAL version 5.7.8
Gene trees are treated as unrooted
2156 trees read from quartet_temp.txt
index0
All output trees will be *arbitrarily* rooted at t5

======== Running the main analysis
Number of taxa: 10 (10 species)
Taxa: [t5, t9, t1, t4, t8, t10, t2, t3, t6, t7]
Taxon occupancy: {t4=761, t5=865, t10=849, t6=636, t7=1004, t8=944, t9=645, t1=842, t2=1062, t3=1016}
Number of gene trees: 2156
2156 trees have missing taxa
Calculating quartet distance matrix (for completion of X)
Species tree distances calculated ...
Will attempt to complete bipartitions from X before adding using a distance matrix.
Building set of clusters (X) from gene trees 
------------------------------
gradient0: 73
Number of Clusters after addition by distance: 73
calculating extra bipartitions to be added at level 1 ...
Adding to X using resolutions of greedy consensus ...
Limit for sigma of degrees:300
polytomy size limit : 3
discarded polytomies:  []
Threshold 0.0:
Threshold 0.01:
Threshold 0.02:
Threshold 0.05:
Threshold 0.1:
Threshold 0.2:
Threshold 0.3333333333333333:
max k is :0
Number of Clusters after addition by greedy: 73
gradient0 in heuristiic: 73
calculating all possible bipartitions ...
Number of Clusters After Adding All possible clusters: 1023
partitions formed in 0.144 secs
Dynamic Programming starting after 0.144 secs
Using tree-based weight calculation.
Using polytree-based weight calculation.
Polytree max score: 2156
Polytree building time: 0.01 seconds.
Number of quartet trees in the gene trees: 2156
Size of largest cluster: 10
Greedy score: 2089
estimationFactor: 1.032072762087123
Sub-optimal score: 2089
Total Number of elements weighted: 1214
Normalized score (portion of input quartet trees satisfied before correcting for multiple individuals): 0.9689239332096475
Optimization score: 2089
Optimal tree inferred in 0.237 secs.
(t9,(t6,(((t2,t3),(t1,t4)),(t5,(t7,(t8,t10))))));
Final quartet score is: 2089
Final normalized quartet score is: 0.9689239332096475
You may want to ignore posterior probabilities and other statistics related to the following branch branch because the effective number of genes impacting it is only 16:
	{t8, t10}
You may want to ignore posterior probabilities and other statistics related to the following branch branch because the effective number of genes impacting it is only 12:
	{t9, t6}
Extended species tree:
(t5,((t7,(t8,t10)1:0.8183103235139515)1:3.1918471524802814,(((t2,t3)1:2.744417845273086,(t1,t4)1:0.8342257788198508)1:2.4414941568526873,(t6,t9)0.96:0.5500463369192721)1:1.4307461236907242));
Weight calculation took 0.05310975 secs
ASTRAL finished in 0.315 secs
