
================== ASTRAL ===================== 

This is ASTRAL version 5.7.8
Gene trees are treated as unrooted
1030 trees read from quartet_temp.txt
index0
All output trees will be *arbitrarily* rooted at t2

======== Running the main analysis
Number of taxa: 10 (10 species)
Taxa: [t2, t3, t1, t5, t9, t7, t8, t10, t6, t4]
Taxon occupancy: {t4=354, t5=406, t10=540, t6=516, t7=324, t8=491, t9=422, t1=275, t2=375, t3=417}
Number of gene trees: 1030
1030 trees have missing taxa
Calculating quartet distance matrix (for completion of X)
Species tree distances calculated ...
Will attempt to complete bipartitions from X before adding using a distance matrix.
Building set of clusters (X) from gene trees 
------------------------------
gradient0: 55
Number of Clusters after addition by distance: 55
calculating extra bipartitions to be added at level 1 ...
Adding to X using resolutions of greedy consensus ...
Limit for sigma of degrees:300
polytomy size limit : 3
discarded polytomies:  []
Threshold 0.0:
Threshold 0.01:
Threshold 0.02:
Threshold 0.05:
Threshold 0.1:
Threshold 0.2:
Threshold 0.3333333333333333:
max k is :0
Number of Clusters after addition by greedy: 55
gradient0 in heuristiic: 55
calculating all possible bipartitions ...
Number of Clusters After Adding All possible clusters: 1023
partitions formed in 0.096 secs
Dynamic Programming starting after 0.096 secs
Using tree-based weight calculation.
Using polytree-based weight calculation.
Polytree max score: 1030
Polytree building time: 0.006 seconds.
Number of quartet trees in the gene trees: 1030
Size of largest cluster: 10
Greedy score: 1009
estimationFactor: 1.0208126858275521
Sub-optimal score: 1009
Total Number of elements weighted: 1186
Normalized score (portion of input quartet trees satisfied before correcting for multiple individuals): 0.9796116504854369
Optimization score: 1009
Optimal tree inferred in 0.176 secs.
(t3,(t2,(t7,((t8,t4),(t1,((t10,t6),(t5,t9)))))));
Final quartet score is: 1009
Final normalized quartet score is: 0.9796116504854369
You may want to ignore posterior probabilities and other statistics related to the following branch branch because the effective number of genes impacting it is only 13:
	{t5, t9, t10, t6}
Extended species tree:
(t2,((t7,((t8,t4)1:3.444682493601893,(t1,((t10,t6)1:4.39032543748858,(t5,t9)1:1.916922612182061)0.98:0.6241543090729941)1:2.319114394945257)1:3.120895416507997)1:2.6390573296152575,t3));
Weight calculation took 0.047153032 secs
ASTRAL finished in 0.234 secs
