
================== ASTRAL ===================== 

This is ASTRAL version 5.7.8
Gene trees are treated as unrooted
3170 trees read from quartet_temp.txt
index0
All output trees will be *arbitrarily* rooted at t5

======== Running the main analysis
Number of taxa: 10 (10 species)
Taxa: [t5, t6, t1, t2, t3, t4, t8, t9, t7, t10]
Taxon occupancy: {t4=1054, t5=1427, t6=1390, t10=810, t7=1244, t8=892, t9=1232, t1=1568, t2=1639, t3=1424}
Number of gene trees: 3170
3170 trees have missing taxa
Calculating quartet distance matrix (for completion of X)
Species tree distances calculated ...
Will attempt to complete bipartitions from X before adding using a distance matrix.
Building set of clusters (X) from gene trees 
------------------------------
gradient0: 75
Number of Clusters after addition by distance: 75
calculating extra bipartitions to be added at level 1 ...
Adding to X using resolutions of greedy consensus ...
Limit for sigma of degrees:300
polytomy size limit : 3
discarded polytomies:  []
Threshold 0.0:
Threshold 0.01:
Threshold 0.02:
Threshold 0.05:
Threshold 0.1:
Threshold 0.2:
Threshold 0.3333333333333333:
max k is :0
Number of Clusters after addition by greedy: 75
gradient0 in heuristiic: 75
calculating all possible bipartitions ...
Number of Clusters After Adding All possible clusters: 1023
partitions formed in 0.176 secs
Dynamic Programming starting after 0.176 secs
Using tree-based weight calculation.
Using polytree-based weight calculation.
Polytree max score: 3170
Polytree building time: 0.012 seconds.
Number of quartet trees in the gene trees: 3170
Size of largest cluster: 10
Greedy score: 3071
estimationFactor: 1.032237056333442
Sub-optimal score: 3071
Total Number of elements weighted: 1276
Normalized score (portion of input quartet trees satisfied before correcting for multiple individuals): 0.9697160883280758
Optimization score: 3074
Optimal tree inferred in 0.305 secs.
(t6,(t7,((t9,t10),(t5,(t4,((t3,t8),(t1,t2)))))));
Final quartet score is: 3074
Final normalized quartet score is: 0.9697160883280758
Extended species tree:
(t5,((t4,((t3,t8)1:3.0602707946915624,(t1,t2)1:1.409824858530085)1:2.72129542785223)1:3.0637370026680473,((t9,t10)1:1.4508328822574619,(t7,t6)1:3.3081069585961425)0.45:0.03636764417087495));
Weight calculation took 0.079562882 secs
ASTRAL finished in 0.387 secs
