
================== ASTRAL ===================== 

This is ASTRAL version 5.7.8
Gene trees are treated as unrooted
1396 trees read from quartet_temp.txt
index0
All output trees will be *arbitrarily* rooted at t8

======== Running the main analysis
Number of taxa: 10 (10 species)
Taxa: [t8, t9, t1, t5, t6, t10, t2, t3, t7, t4]
Taxon occupancy: {t4=560, t5=671, t6=680, t10=524, t7=603, t8=509, t9=464, t1=471, t2=443, t3=659}
Number of gene trees: 1396
1396 trees have missing taxa
Calculating quartet distance matrix (for completion of X)
Species tree distances calculated ...
Will attempt to complete bipartitions from X before adding using a distance matrix.
Building set of clusters (X) from gene trees 
------------------------------
gradient0: 49
Number of Clusters after addition by distance: 49
calculating extra bipartitions to be added at level 1 ...
Adding to X using resolutions of greedy consensus ...
Limit for sigma of degrees:300
polytomy size limit : 3
discarded polytomies:  []
Threshold 0.0:
Threshold 0.01:
Threshold 0.02:
Threshold 0.05:
Threshold 0.1:
Threshold 0.2:
Threshold 0.3333333333333333:
max k is :0
Number of Clusters after addition by greedy: 49
gradient0 in heuristiic: 49
calculating all possible bipartitions ...
Number of Clusters After Adding All possible clusters: 1023
partitions formed in 0.109 secs
Dynamic Programming starting after 0.109 secs
Using tree-based weight calculation.
Using polytree-based weight calculation.
Polytree max score: 1396
Polytree building time: 0.009 seconds.
Number of quartet trees in the gene trees: 1396
Size of largest cluster: 10
Greedy score: 1372
estimationFactor: 1.0174927113702623
Sub-optimal score: 1372
Total Number of elements weighted: 1022
Normalized score (portion of input quartet trees satisfied before correcting for multiple individuals): 0.9828080229226361
Optimization score: 1372
Optimal tree inferred in 0.198 secs.
(t9,(t8,((t1,(t7,(t10,t2))),((t3,t4),(t5,t6)))));
Final quartet score is: 1372
Final normalized quartet score is: 0.9828080229226361
You may want to ignore posterior probabilities and other statistics related to the following branch branch because the effective number of genes impacting it is only 8:
	{t10, t2}
You may want to ignore posterior probabilities and other statistics related to the following branch branch because the effective number of genes impacting it is only 17:
	{t1, t10, t2, t7}
You may want to ignore posterior probabilities and other statistics related to the following branch branch because the effective number of genes impacting it is only 10:
	{t3, t4}
Extended species tree:
(t8,(((t1,(t7,(t10,t2)0.6:0.1823215567939546)1:0.9067212808580042)1:0.8754687373538999,((t3,t4)1:1.9924301646902058,(t5,t6)1:2.730029107820986)1:4.997212273764125)1:0.784118958765672,t9));
Weight calculation took 0.053783715 secs
ASTRAL finished in 0.261 secs
