
================== ASTRAL ===================== 

This is ASTRAL version 5.7.8
Gene trees are treated as unrooted
1064 trees read from quartet_temp.txt
index0
All output trees will be *arbitrarily* rooted at t5

======== Running the main analysis
Number of taxa: 10 (10 species)
Taxa: [t5, t9, t2, t3, t6, t7, t8, t10, t4, t1]
Taxon occupancy: {t4=366, t5=414, t6=569, t10=590, t7=341, t8=460, t9=411, t1=271, t2=420, t3=414}
Number of gene trees: 1064
1064 trees have missing taxa
Calculating quartet distance matrix (for completion of X)
Species tree distances calculated ...
Will attempt to complete bipartitions from X before adding using a distance matrix.
Building set of clusters (X) from gene trees 
------------------------------
gradient0: 93
Number of Clusters after addition by distance: 93
calculating extra bipartitions to be added at level 1 ...
Adding to X using resolutions of greedy consensus ...
Limit for sigma of degrees:300
polytomy size limit : 3
discarded polytomies:  []
Threshold 0.0:
Threshold 0.01:
Threshold 0.02:
Threshold 0.05:
Threshold 0.1:
Threshold 0.2:
Threshold 0.3333333333333333:
max k is :0
Number of Clusters after addition by greedy: 93
gradient0 in heuristiic: 93
calculating all possible bipartitions ...
Number of Clusters After Adding All possible clusters: 1023
partitions formed in 0.094 secs
Dynamic Programming starting after 0.094 secs
Using tree-based weight calculation.
Using polytree-based weight calculation.
Polytree max score: 1064
Polytree building time: 0.008 seconds.
Number of quartet trees in the gene trees: 1064
Size of largest cluster: 10
Greedy score: 1012
estimationFactor: 1.051383399209486
Sub-optimal score: 1012
Total Number of elements weighted: 1279
Normalized score (portion of input quartet trees satisfied before correcting for multiple individuals): 0.9530075187969925
Optimization score: 1014
Optimal tree inferred in 0.174 secs.
(t9,(t5,(t1,((t6,t10),((t8,t4),(t7,(t2,t3)))))));
Final quartet score is: 1014
Final normalized quartet score is: 0.9530075187969925
You may want to ignore posterior probabilities and other statistics related to the following branch branch because the effective number of genes impacting it is only 11:
	{t2, t3, t6, t7, t8, t10, t4}
Extended species tree:
(t5,((t1,((t6,t10)1:3.4177266836133646,((t8,t4)1:1.6376087894007965,(t7,(t2,t3)1:2.0794415416798353)1:2.606796467397036)0.8:0.32047189527477177)0.76:0.2876820724517809)1:2.772588722239782,t9));
Weight calculation took 0.045670535 secs
ASTRAL finished in 0.232 secs
