
================== ASTRAL ===================== 

This is ASTRAL version 5.7.8
Gene trees are treated as unrooted
5339 trees read from quartet_temp.txt
index0
All output trees will be *arbitrarily* rooted at t10

======== Running the main analysis
Number of taxa: 10 (10 species)
Taxa: [t10, t2, t1, t3, t8, t5, t7, t4, t9, t6]
Taxon occupancy: {t4=1205, t5=1699, t10=2411, t6=2285, t7=2252, t8=2273, t9=2495, t1=1937, t2=2352, t3=2447}
Number of gene trees: 5339
5339 trees have missing taxa
Calculating quartet distance matrix (for completion of X)
Species tree distances calculated ...
Will attempt to complete bipartitions from X before adding using a distance matrix.
Building set of clusters (X) from gene trees 
------------------------------
gradient0: 71
Number of Clusters after addition by distance: 71
calculating extra bipartitions to be added at level 1 ...
Adding to X using resolutions of greedy consensus ...
Limit for sigma of degrees:300
polytomy size limit : 3
discarded polytomies:  []
Threshold 0.0:
Threshold 0.01:
Threshold 0.02:
Threshold 0.05:
Threshold 0.1:
Threshold 0.2:
Threshold 0.3333333333333333:
max k is :0
Number of Clusters after addition by greedy: 71
gradient0 in heuristiic: 71
calculating all possible bipartitions ...
Number of Clusters After Adding All possible clusters: 1023
partitions formed in 0.264 secs
Dynamic Programming starting after 0.264 secs
Using tree-based weight calculation.
Using polytree-based weight calculation.
Polytree max score: 5339
Polytree building time: 0.018 seconds.
Number of quartet trees in the gene trees: 5339
Size of largest cluster: 10
Greedy score: 5274
estimationFactor: 1.0123246113007205
Sub-optimal score: 5274
Total Number of elements weighted: 990
Normalized score (portion of input quartet trees satisfied before correcting for multiple individuals): 0.9878254354748081
Optimization score: 5274
Optimal tree inferred in 0.407 secs.
(t2,(t10,((t7,t6),((t5,t4),(t1,(t8,(t3,t9)))))));
Final quartet score is: 5274
Final normalized quartet score is: 0.9878254354748081
Extended species tree:
(t10,(((t7,t6)1:2.2891620726619055,((t5,t4)1:2.625985248047905,(t1,(t8,(t3,t9)1:3.2580965380214812)1:1.0195437651924169)1:5.542569881072477)1:1.1307694003026407)1:5.641907070938112,t2));
Weight calculation took 0.085979206 secs
ASTRAL finished in 0.508 secs
