
================== ASTRAL ===================== 

This is ASTRAL version 5.7.8
Gene trees are treated as unrooted
1408 trees read from quartet_temp.txt
index0
All output trees will be *arbitrarily* rooted at t2

======== Running the main analysis
Number of taxa: 10 (10 species)
Taxa: [t2, t9, t1, t3, t4, t5, t8, t10, t6, t7]
Taxon occupancy: {t4=677, t5=628, t10=628, t6=584, t7=364, t8=474, t9=434, t1=573, t2=521, t3=749}
Number of gene trees: 1408
1408 trees have missing taxa
Calculating quartet distance matrix (for completion of X)
Species tree distances calculated ...
Will attempt to complete bipartitions from X before adding using a distance matrix.
Building set of clusters (X) from gene trees 
------------------------------
gradient0: 71
Number of Clusters after addition by distance: 71
calculating extra bipartitions to be added at level 1 ...
Adding to X using resolutions of greedy consensus ...
Limit for sigma of degrees:300
polytomy size limit : 3
discarded polytomies:  []
Threshold 0.0:
Threshold 0.01:
Threshold 0.02:
Threshold 0.05:
Threshold 0.1:
Threshold 0.2:
Threshold 0.3333333333333333:
max k is :0
Number of Clusters after addition by greedy: 71
gradient0 in heuristiic: 71
calculating all possible bipartitions ...
Number of Clusters After Adding All possible clusters: 1023
partitions formed in 0.102 secs
Dynamic Programming starting after 0.102 secs
Using tree-based weight calculation.
Using polytree-based weight calculation.
Polytree max score: 1408
Polytree building time: 0.009 seconds.
Number of quartet trees in the gene trees: 1408
Size of largest cluster: 10
Greedy score: 1367
estimationFactor: 1.029992684711046
Sub-optimal score: 1367
Total Number of elements weighted: 1187
Normalized score (portion of input quartet trees satisfied before correcting for multiple individuals): 0.9708806818181818
Optimization score: 1367
Optimal tree inferred in 0.186 secs.
(t9,(t7,(t6,((t4,t10),(t1,(t2,(t8,(t3,t5))))))));
Final quartet score is: 1367
Final normalized quartet score is: 0.9708806818181818
You may want to ignore posterior probabilities and other statistics related to the following branch branch because the effective number of genes impacting it is only 8:
	{t9, t7}
Extended species tree:
(t2,((t8,(t3,t5)1:2.512305623976115)1:1.8562979903656265,(t1,((t4,t10)1:2.538973871058275,(t6,(t7,t9)0.97:0.6931471805599453)1:3.814042597067946)1:3.270835563798911)1:0.784118958765672));
Weight calculation took 0.047700977 secs
ASTRAL finished in 0.251 secs
