
================== ASTRAL ===================== 

This is ASTRAL version 5.7.8
Gene trees are treated as unrooted
2129 trees read from quartet_temp.txt
index0
All output trees will be *arbitrarily* rooted at t4

======== Running the main analysis
Number of taxa: 10 (10 species)
Taxa: [t4, t7, t1, t8, t9, t3, t5, t2, t6, t10]
Taxon occupancy: {t4=861, t5=1390, t6=1357, t10=486, t7=979, t8=645, t9=743, t1=652, t2=654, t3=749}
Number of gene trees: 2129
2129 trees have missing taxa
Calculating quartet distance matrix (for completion of X)
Species tree distances calculated ...
Will attempt to complete bipartitions from X before adding using a distance matrix.
Building set of clusters (X) from gene trees 
------------------------------
gradient0: 81
Number of Clusters after addition by distance: 81
calculating extra bipartitions to be added at level 1 ...
Adding to X using resolutions of greedy consensus ...
Limit for sigma of degrees:300
polytomy size limit : 3
discarded polytomies:  []
Threshold 0.0:
Threshold 0.01:
Threshold 0.02:
Threshold 0.05:
Threshold 0.1:
Threshold 0.2:
Threshold 0.3333333333333333:
max k is :0
Number of Clusters after addition by greedy: 81
gradient0 in heuristiic: 81
calculating all possible bipartitions ...
Number of Clusters After Adding All possible clusters: 1023
partitions formed in 0.142 secs
Dynamic Programming starting after 0.142 secs
Using tree-based weight calculation.
Using polytree-based weight calculation.
Polytree max score: 2129
Polytree building time: 0.01 seconds.
Number of quartet trees in the gene trees: 2129
Size of largest cluster: 10
Greedy score: 2082
estimationFactor: 1.0225744476464937
Sub-optimal score: 2082
Total Number of elements weighted: 1012
Normalized score (portion of input quartet trees satisfied before correcting for multiple individuals): 0.9779239079379991
Optimization score: 2082
Optimal tree inferred in 0.238 secs.
(t7,(t4,(t3,((t10,(t5,t6)),((t1,t9),(t8,t2))))));
Final quartet score is: 2082
Final normalized quartet score is: 0.9779239079379991
Extended species tree:
(t4,((t3,((t10,(t5,t6)1:4.631487494305473)1:3.0602707946915624,((t1,t9)1:0.6931471805599453,(t8,t2)1:3.091042453358317)1:2.005333569526114)1:1.6822752363863664)1:1.698669046162043,t7));
Weight calculation took 0.055153282 secs
ASTRAL finished in 0.31 secs
