
================== ASTRAL ===================== 

This is ASTRAL version 5.7.8
Gene trees are treated as unrooted
1794 trees read from quartet_temp.txt
index0
All output trees will be *arbitrarily* rooted at t3

======== Running the main analysis
Number of taxa: 10 (10 species)
Taxa: [t3, t5, t2, t6, t8, t10, t9, t4, t1, t7]
Taxon occupancy: {t4=908, t5=908, t6=935, t10=964, t7=422, t8=606, t9=831, t1=503, t2=528, t3=571}
Number of gene trees: 1794
1794 trees have missing taxa
Calculating quartet distance matrix (for completion of X)
Species tree distances calculated ...
Will attempt to complete bipartitions from X before adding using a distance matrix.
Building set of clusters (X) from gene trees 
------------------------------
gradient0: 75
Number of Clusters after addition by distance: 75
calculating extra bipartitions to be added at level 1 ...
Adding to X using resolutions of greedy consensus ...
Limit for sigma of degrees:300
polytomy size limit : 3
discarded polytomies:  []
Threshold 0.0:
Threshold 0.01:
Threshold 0.02:
Threshold 0.05:
Threshold 0.1:
Threshold 0.2:
Threshold 0.3333333333333333:
max k is :0
Number of Clusters after addition by greedy: 75
gradient0 in heuristiic: 75
calculating all possible bipartitions ...
Number of Clusters After Adding All possible clusters: 1023
partitions formed in 0.126 secs
Dynamic Programming starting after 0.126 secs
Using tree-based weight calculation.
Using polytree-based weight calculation.
Polytree max score: 1794
Polytree building time: 0.009 seconds.
Number of quartet trees in the gene trees: 1794
Size of largest cluster: 10
Greedy score: 1766
estimationFactor: 1.0158550396375992
Sub-optimal score: 1766
Total Number of elements weighted: 1064
Normalized score (portion of input quartet trees satisfied before correcting for multiple individuals): 0.9843924191750278
Optimization score: 1766
Optimal tree inferred in 0.225 secs.
(t5,(t4,(t9,(t3,(t7,(t8,(t1,(t2,(t6,t10)))))))));
Final quartet score is: 1766
Final normalized quartet score is: 0.9843924191750278
You may want to ignore posterior probabilities and other statistics related to the following branch branch because the effective number of genes impacting it is only 17:
	{t2, t6, t10}
Extended species tree:
(t3,((t7,(t8,(t1,(t2,(t6,t10)1:2.0794415416798353)1:1.7917594692280545)1:3.120895416507997)1:1.1749852674526835)1:3.4231762883809314,(t9,(t4,t5)1:1.413693335308005)1:1.3291359472799418));
Weight calculation took 0.061999763 secs
ASTRAL finished in 0.292 secs
