
================== ASTRAL ===================== 

This is ASTRAL version 5.7.8
Gene trees are treated as unrooted
657 trees read from quartet_temp.txt
index0
All output trees will be *arbitrarily* rooted at t2

======== Running the main analysis
Number of taxa: 10 (10 species)
Taxa: [t2, t8, t1, t3, t9, t10, t6, t7, t4, t5]
Taxon occupancy: {t4=301, t5=202, t10=225, t6=352, t7=343, t8=141, t9=212, t1=359, t2=292, t3=201}
Number of gene trees: 657
657 trees have missing taxa
Calculating quartet distance matrix (for completion of X)
Species tree distances calculated ...
Will attempt to complete bipartitions from X before adding using a distance matrix.
Building set of clusters (X) from gene trees 
------------------------------
gradient0: 63
Number of Clusters after addition by distance: 63
calculating extra bipartitions to be added at level 1 ...
Adding to X using resolutions of greedy consensus ...
Limit for sigma of degrees:300
polytomy size limit : 3
discarded polytomies:  []
Threshold 0.0:
Threshold 0.01:
Threshold 0.02:
Threshold 0.05:
Threshold 0.1:
Threshold 0.2:
Threshold 0.3333333333333333:
max k is :0
Number of Clusters after addition by greedy: 63
gradient0 in heuristiic: 63
calculating all possible bipartitions ...
Number of Clusters After Adding All possible clusters: 1023
partitions formed in 0.069 secs
Dynamic Programming starting after 0.069 secs
Using tree-based weight calculation.
Using polytree-based weight calculation.
Polytree max score: 657
Polytree building time: 0.006 seconds.
Number of quartet trees in the gene trees: 657
Size of largest cluster: 10
Greedy score: 645
estimationFactor: 1.0186046511627906
Sub-optimal score: 645
Total Number of elements weighted: 1252
Normalized score (portion of input quartet trees satisfied before correcting for multiple individuals): 0.9817351598173516
Optimization score: 645
Optimal tree inferred in 0.138 secs.
(t8,((t2,t5),((t1,t4),(t3,(t9,(t10,(t6,t7)))))));
Final quartet score is: 645
Final normalized quartet score is: 0.9817351598173516
You may want to ignore posterior probabilities and other statistics related to the following branch branch because the effective number of genes impacting it is only 1:
	{t10, t6, t7}
You may want to ignore posterior probabilities and other statistics related to the following branch branch because the effective number of genes impacting it is only 8:
	{t1, t3, t9, t10, t6, t7, t4}
You may want to ignore posterior probabilities and other statistics related to the following branch branch because the effective number of genes impacting it is only 6:
	{t8, t1, t3, t9, t10, t6, t7, t4}
Extended species tree:
(t2,(t5,(((t1,t4)1:3.5457786104732607,(t3,(t9,(t10,(t6,t7)1:3.332204510175203)0.67:0.2876820724517809)1:1.8971199848858815)1:1.36219680954083)1:1.7917594692280545,t8)1:1.5404450409471486));
Weight calculation took 0.038131708 secs
ASTRAL finished in 0.188 secs
