
================== ASTRAL ===================== 

This is ASTRAL version 5.7.8
Gene trees are treated as unrooted
1866 trees read from quartet_temp.txt
index0
All output trees will be *arbitrarily* rooted at t8

======== Running the main analysis
Number of taxa: 10 (10 species)
Taxa: [t8, t9, t1, t2, t5, t10, t3, t4, t7, t6]
Taxon occupancy: {t4=802, t5=634, t10=890, t6=645, t7=549, t8=819, t9=816, t1=1005, t2=921, t3=383}
Number of gene trees: 1866
1866 trees have missing taxa
Calculating quartet distance matrix (for completion of X)
Species tree distances calculated ...
Will attempt to complete bipartitions from X before adding using a distance matrix.
Building set of clusters (X) from gene trees 
------------------------------
gradient0: 41
Number of Clusters after addition by distance: 41
calculating extra bipartitions to be added at level 1 ...
Adding to X using resolutions of greedy consensus ...
Limit for sigma of degrees:300
polytomy size limit : 3
discarded polytomies:  []
Threshold 0.0:
Threshold 0.01:
Threshold 0.02:
Threshold 0.05:
Threshold 0.1:
Threshold 0.2:
Threshold 0.3333333333333333:
max k is :0
Number of Clusters after addition by greedy: 41
gradient0 in heuristiic: 41
calculating all possible bipartitions ...
Number of Clusters After Adding All possible clusters: 1023
partitions formed in 0.13 secs
Dynamic Programming starting after 0.13 secs
Using tree-based weight calculation.
Using polytree-based weight calculation.
Polytree max score: 1866
Polytree building time: 0.009 seconds.
Number of quartet trees in the gene trees: 1866
Size of largest cluster: 10
Greedy score: 1866
estimationFactor: 1.0
Sub-optimal score: 1866
Total Number of elements weighted: 1024
Normalized score (portion of input quartet trees satisfied before correcting for multiple individuals): 1.0
Optimization score: 1866
Optimal tree inferred in 0.217 secs.
(t9,(t10,(t8,((t4,t7),(t3,((t1,t5),(t2,t6)))))));
Final quartet score is: 1866
Final normalized quartet score is: 1.0
You may want to ignore posterior probabilities and other statistics related to the following branch branch because the effective number of genes impacting it is only 7:
	{t4, t7}
You may want to ignore posterior probabilities and other statistics related to the following branch branch because the effective number of genes impacting it is only 17:
	{t1, t5}
Extended species tree:
(t8,(((t4,t7)1:1.6739764335716716,(t3,((t1,t5)1:2.484906649788,(t2,t6)1:3.120895416507997)1:3.8712010109078943)1:3.5457786104732607)1:3.9639827443588604,(t10,t9)1:3.120895416507997));
Weight calculation took 0.048893649 secs
ASTRAL finished in 0.288 secs
