
================== ASTRAL ===================== 

This is ASTRAL version 5.7.8
Gene trees are treated as unrooted
3768 trees read from quartet_temp.txt
index0
All output trees will be *arbitrarily* rooted at t2

======== Running the main analysis
Number of taxa: 10 (10 species)
Taxa: [t2, t4, t1, t8, t9, t10, t5, t6, t3, t7]
Taxon occupancy: {t4=1548, t5=1505, t10=1482, t6=1271, t7=1302, t8=1839, t9=1759, t1=1235, t2=1683, t3=1448}
Number of gene trees: 3768
3768 trees have missing taxa
Calculating quartet distance matrix (for completion of X)
Species tree distances calculated ...
Will attempt to complete bipartitions from X before adding using a distance matrix.
Building set of clusters (X) from gene trees 
------------------------------
gradient0: 71
Number of Clusters after addition by distance: 71
calculating extra bipartitions to be added at level 1 ...
Adding to X using resolutions of greedy consensus ...
Limit for sigma of degrees:300
polytomy size limit : 3
discarded polytomies:  []
Threshold 0.0:
Threshold 0.01:
Threshold 0.02:
Threshold 0.05:
Threshold 0.1:
Threshold 0.2:
Threshold 0.3333333333333333:
max k is :0
Number of Clusters after addition by greedy: 71
gradient0 in heuristiic: 71
calculating all possible bipartitions ...
Number of Clusters After Adding All possible clusters: 1023
partitions formed in 0.207 secs
Dynamic Programming starting after 0.207 secs
Using tree-based weight calculation.
Using polytree-based weight calculation.
Polytree max score: 3768
Polytree building time: 0.019 seconds.
Number of quartet trees in the gene trees: 3768
Size of largest cluster: 10
Greedy score: 3690
estimationFactor: 1.021138211382114
Sub-optimal score: 3690
Total Number of elements weighted: 975
Normalized score (portion of input quartet trees satisfied before correcting for multiple individuals): 0.9792993630573248
Optimization score: 3690
Optimal tree inferred in 0.337 secs.
(t4,(t5,((t6,(t2,(t1,t3))),(t7,(t10,(t8,t9))))));
Final quartet score is: 3690
Final normalized quartet score is: 0.9792993630573248
Extended species tree:
(t2,((t1,t3)1:1.365240951922058,(t6,((t7,(t10,(t8,t9)1:1.8803128665695006)1:2.8716796248840124)1:4.600715835638706,(t5,t4)0.98:0.3112125698619751)1:1.9924301646902058)1:2.2094946699280342));
Weight calculation took 0.078009131 secs
ASTRAL finished in 0.425 secs
