
================== ASTRAL ===================== 

This is ASTRAL version 5.7.8
Gene trees are treated as unrooted
3965 trees read from quartet_temp.txt
index0
All output trees will be *arbitrarily* rooted at t3

======== Running the main analysis
Number of taxa: 10 (10 species)
Taxa: [t3, t5, t1, t2, t6, t7, t8, t9, t4, t10]
Taxon occupancy: {t4=1761, t5=1245, t6=1832, t10=1331, t7=1093, t8=1579, t9=1749, t1=1815, t2=1986, t3=1469}
Number of gene trees: 3965
3965 trees have missing taxa
Calculating quartet distance matrix (for completion of X)
Species tree distances calculated ...
Will attempt to complete bipartitions from X before adding using a distance matrix.
Building set of clusters (X) from gene trees 
------------------------------
gradient0: 67
Number of Clusters after addition by distance: 67
calculating extra bipartitions to be added at level 1 ...
Adding to X using resolutions of greedy consensus ...
Limit for sigma of degrees:300
polytomy size limit : 3
discarded polytomies:  []
Threshold 0.0:
Threshold 0.01:
Threshold 0.02:
Threshold 0.05:
Threshold 0.1:
Threshold 0.2:
Threshold 0.3333333333333333:
max k is :0
Number of Clusters after addition by greedy: 67
gradient0 in heuristiic: 67
calculating all possible bipartitions ...
Number of Clusters After Adding All possible clusters: 1023
partitions formed in 0.228 secs
Dynamic Programming starting after 0.228 secs
Using tree-based weight calculation.
Using polytree-based weight calculation.
Polytree max score: 3965
Polytree building time: 0.015 seconds.
Number of quartet trees in the gene trees: 3965
Size of largest cluster: 10
Greedy score: 3935
estimationFactor: 1.0076238881829733
Sub-optimal score: 3935
Total Number of elements weighted: 844
Normalized score (portion of input quartet trees satisfied before correcting for multiple individuals): 0.9924337957124842
Optimization score: 3935
Optimal tree inferred in 0.361 secs.
(t5,((t1,(t2,t4)),(t3,(t7,(t6,(t8,(t9,t10)))))));
Final quartet score is: 3935
Final normalized quartet score is: 0.9924337957124842
Extended species tree:
(t3,((t7,(t6,(t8,(t9,t10)1:2.0583881324820035)1:1.299282984130261)1:4.214593690373679)1:3.412247217848739,((t1,(t2,t4)1:4.356708826689595)1:4.521788577049036,t5)1:1.6894806201076369));
Weight calculation took 0.082578379 secs
ASTRAL finished in 0.45 secs
