
================== ASTRAL ===================== 

This is ASTRAL version 5.7.8
Gene trees are treated as unrooted
236 trees read from tmp_quartet_s3IbTuHeseL2V.txt
index0
All output trees will be *arbitrarily* rooted at t5
201 extra trees read from tmp_bipartitions_s3IbTuHeseL2V.bootstrap.trees

======== Running the main analysis
Number of taxa: 10 (10 species)
Taxa: [t5, t9, t1, t4, t6, t10, t8, t2, t7, t3]
Taxon occupancy: {t4=86, t5=127, t6=128, t10=134, t7=90, t8=112, t9=116, t1=41, t2=63, t3=47}
Number of gene trees: 236
236 trees have missing taxa
Calculating quartet distance matrix (for completion of X)
Species tree distances calculated ...
Will attempt to complete bipartitions from X before adding using a distance matrix.
Building set of clusters (X) from gene trees 
------------------------------
gradient0: 59
Number of Clusters after addition by distance: 59
calculating extra bipartitions to be added at level 1 ...
Adding to X using resolutions of greedy consensus ...
Limit for sigma of degrees:300
polytomy size limit : 3
discarded polytomies:  []
Threshold 0.0:
Threshold 0.01:
Threshold 0.02:
Threshold 0.05:
Threshold 0.1:
Threshold 0.2:
Threshold 0.3333333333333333:
max k is :0
Number of Clusters after addition by greedy: 59
gradient0 in heuristiic: 59
calculating extra bipartitions from extra input trees ...
Number of Clusters after additions from extra trees: 93
partitions formed in 0.233 secs
Dynamic Programming starting after 0.233 secs
Using tree-based weight calculation.
Using polytree-based weight calculation.
Polytree max score: 236
Polytree building time: 0.01 seconds.
Number of quartet trees in the gene trees: 236
Size of largest cluster: 10
Greedy score: 218
estimationFactor: 1.0825688073394495
Sub-optimal score: 218
Total Number of elements weighted: 71
Normalized score (portion of input quartet trees satisfied before correcting for multiple individuals): 0.940677966101695
Optimization score: 222
Optimal tree inferred in 0.318 secs.
(t9,(t5,(t1,((t6,t10),((t4,t8),(t3,(t2,t7)))))));
Final quartet score is: 222
Final normalized quartet score is: 0.940677966101695
You may want to ignore posterior probabilities and other statistics related to the following branch branch because the effective number of genes impacting it is only 18:
	{t6, t10}
You may want to ignore posterior probabilities and other statistics related to the following branch branch because the effective number of genes impacting it is only 10:
	{t4, t8}
You may want to ignore posterior probabilities and other statistics related to the following branch branch because the effective number of genes impacting it is only 1:
	{t2, t7}
You may want to ignore posterior probabilities and other statistics related to the following branch branch because the effective number of genes impacting it is only 9:
	{t2, t7, t3}
You may want to ignore posterior probabilities and other statistics related to the following branch branch because the effective number of genes impacting it is only 10:
	{t4, t8, t2, t7, t3}
You may want to ignore posterior probabilities and other statistics related to the following branch branch because the effective number of genes impacting it is only 9:
	{t4, t6, t10, t8, t2, t7, t3}
You may want to ignore posterior probabilities and other statistics related to the following branch branch because the effective number of genes impacting it is only 4:
	{t1, t4, t6, t10, t8, t2, t7, t3}
Extended species tree:
(t5,((t1,((t6,t10)1:2.538973871058275,((t4,t8)0.99:0.8938178760220965,(t3,(t2,t7)0.67:0.2876820724517809)1:1.8971199848858815)0.99:0.8938178760220965)1:1.2039728043259361)0.98:1.2039728043259361,t9));
Weight calculation took 0.010848311 secs
ASTRAL finished in 0.508 secs
