
================== ASTRAL ===================== 

This is ASTRAL version 5.7.8
Gene trees are treated as unrooted
417 trees read from tmp_quartet_s3IbTuHeseL2V.txt
index0
All output trees will be *arbitrarily* rooted at t2
201 extra trees read from tmp_bipartitions_s3IbTuHeseL2V.bootstrap.trees

======== Running the main analysis
Number of taxa: 10 (10 species)
Taxa: [t2, t3, t1, t5, t4, t8, t10, t9, t6, t7]
Taxon occupancy: {t4=152, t5=254, t10=97, t6=257, t7=102, t8=251, t9=177, t1=79, t2=123, t3=176}
Number of gene trees: 417
417 trees have missing taxa
Calculating quartet distance matrix (for completion of X)
Species tree distances calculated ...
Will attempt to complete bipartitions from X before adding using a distance matrix.
Building set of clusters (X) from gene trees 
------------------------------
gradient0: 47
Number of Clusters after addition by distance: 47
calculating extra bipartitions to be added at level 1 ...
Adding to X using resolutions of greedy consensus ...
Limit for sigma of degrees:300
polytomy size limit : 3
discarded polytomies:  []
Threshold 0.0:
Threshold 0.01:
Threshold 0.02:
Threshold 0.05:
Threshold 0.1:
Threshold 0.2:
Threshold 0.3333333333333333:
max k is :0
Number of Clusters after addition by greedy: 47
gradient0 in heuristiic: 47
calculating extra bipartitions from extra input trees ...
Number of Clusters after additions from extra trees: 69
partitions formed in 0.288 secs
Dynamic Programming starting after 0.288 secs
Using tree-based weight calculation.
Using polytree-based weight calculation.
Polytree max score: 417
Polytree building time: 0.012 seconds.
Number of quartet trees in the gene trees: 417
Size of largest cluster: 10
Greedy score: 409
estimationFactor: 1.019559902200489
Sub-optimal score: 409
Total Number of elements weighted: 60
Normalized score (portion of input quartet trees satisfied before correcting for multiple individuals): 0.9856115107913669
Optimization score: 411
Optimal tree inferred in 0.399 secs.
(t3,(t8,(t2,((t4,t9),((t1,t10),(t7,(t5,t6)))))));
Final quartet score is: 411
Final normalized quartet score is: 0.9856115107913669
You may want to ignore posterior probabilities and other statistics related to the following branch branch because the effective number of genes impacting it is only 10:
	{t4, t9}
You may want to ignore posterior probabilities and other statistics related to the following branch branch because the effective number of genes impacting it is only 14:
	{t1, t10}
You may want to ignore posterior probabilities and other statistics related to the following branch branch because the effective number of genes impacting it is only 2:
	{t5, t6, t7}
You may want to ignore posterior probabilities and other statistics related to the following branch branch because the effective number of genes impacting it is only 8:
	{t1, t5, t10, t6, t7}
You may want to ignore posterior probabilities and other statistics related to the following branch branch because the effective number of genes impacting it is only 10:
	{t1, t5, t4, t10, t9, t6, t7}
You may want to ignore posterior probabilities and other statistics related to the following branch branch because the effective number of genes impacting it is only 9:
	{t3, t8}
Extended species tree:
(t2,(((t4,t9)1:1.9924301646902058,((t1,t10)1:1.2039728043259361,(t7,(t5,t6)1:3.401197381662154)0.87:0.6931471805599453)1:1.7917594692280545)1:1.9924301646902058,(t8,t3)0.99:0.7985076962177715));
Weight calculation took 0.012995352 secs
ASTRAL finished in 0.608 secs
