
================== ASTRAL ===================== 

This is ASTRAL version 5.7.8
Gene trees are treated as unrooted
834 trees read from tmp_quartet_s3IbTuHeseL2V.txt
index0
All output trees will be *arbitrarily* rooted at t3
201 extra trees read from tmp_bipartitions_s3IbTuHeseL2V.bootstrap.trees

======== Running the main analysis
Number of taxa: 10 (10 species)
Taxa: [t3, t6, t1, t2, t9, t7, t10, t4, t5, t8]
Taxon occupancy: {t4=440, t5=376, t6=405, t10=361, t7=192, t8=266, t9=253, t1=366, t2=428, t3=249}
Number of gene trees: 834
834 trees have missing taxa
Calculating quartet distance matrix (for completion of X)
Species tree distances calculated ...
Will attempt to complete bipartitions from X before adding using a distance matrix.
Building set of clusters (X) from gene trees 
------------------------------
gradient0: 71
Number of Clusters after addition by distance: 71
calculating extra bipartitions to be added at level 1 ...
Adding to X using resolutions of greedy consensus ...
Limit for sigma of degrees:300
polytomy size limit : 3
discarded polytomies:  []
Threshold 0.0:
Threshold 0.01:
Threshold 0.02:
Threshold 0.05:
Threshold 0.1:
Threshold 0.2:
Threshold 0.3333333333333333:
max k is :0
Number of Clusters after addition by greedy: 71
gradient0 in heuristiic: 71
calculating extra bipartitions from extra input trees ...
Number of Clusters after additions from extra trees: 95
partitions formed in 0.386 secs
Dynamic Programming starting after 0.386 secs
Using tree-based weight calculation.
Using polytree-based weight calculation.
Polytree max score: 834
Polytree building time: 0.027 seconds.
Number of quartet trees in the gene trees: 834
Size of largest cluster: 10
Greedy score: 788
estimationFactor: 1.0583756345177664
Sub-optimal score: 788
Total Number of elements weighted: 86
Normalized score (portion of input quartet trees satisfied before correcting for multiple individuals): 0.9448441247002398
Optimization score: 788
Optimal tree inferred in 0.517 secs.
(t6,(t10,(t4,(t3,((t1,t2),(t7,(t9,(t5,t8))))))));
Final quartet score is: 788
Final normalized quartet score is: 0.9448441247002398
You may want to ignore posterior probabilities and other statistics related to the following branch branch because the effective number of genes impacting it is only 10:
	{t5, t8}
You may want to ignore posterior probabilities and other statistics related to the following branch branch because the effective number of genes impacting it is only 12:
	{t9, t5, t8}
You may want to ignore posterior probabilities and other statistics related to the following branch branch because the effective number of genes impacting it is only 19:
	{t6, t10}
Extended species tree:
(t3,(((t1,t2)1:1.5040773967762742,(t7,(t9,(t5,t8)1:1.9924301646902058)1:2.159484249353373)1:0.41551544396166595)1:2.1335087629501115,(t4,(t10,t6)1:1.4916548767777167)1:3.218875824868203));
Weight calculation took 0.023816352 secs
ASTRAL finished in 0.788 secs
