
================== ASTRAL ===================== 

This is ASTRAL version 5.7.8
Gene trees are treated as unrooted
3043 trees read from tmp_quartet_s3IbTuHeseL2V.txt
index0
All output trees will be *arbitrarily* rooted at t3
201 extra trees read from tmp_bipartitions_s3IbTuHeseL2V.bootstrap.trees

======== Running the main analysis
Number of taxa: 10 (10 species)
Taxa: [t3, t9, t1, t2, t5, t6, t7, t8, t4, t10]
Taxon occupancy: {t4=611, t5=778, t6=1415, t10=1371, t7=1394, t8=1287, t9=1449, t1=1116, t2=1318, t3=1433}
Number of gene trees: 3043
3043 trees have missing taxa
Calculating quartet distance matrix (for completion of X)
Species tree distances calculated ...
Will attempt to complete bipartitions from X before adding using a distance matrix.
Building set of clusters (X) from gene trees 
------------------------------
gradient0: 67
Number of Clusters after addition by distance: 67
calculating extra bipartitions to be added at level 1 ...
Adding to X using resolutions of greedy consensus ...
Limit for sigma of degrees:300
polytomy size limit : 3
discarded polytomies:  []
Threshold 0.0:
Threshold 0.01:
Threshold 0.02:
Threshold 0.05:
Threshold 0.1:
Threshold 0.2:
Threshold 0.3333333333333333:
max k is :0
Number of Clusters after addition by greedy: 67
gradient0 in heuristiic: 67
calculating extra bipartitions from extra input trees ...
Number of Clusters after additions from extra trees: 81
partitions formed in 1.072 secs
Dynamic Programming starting after 1.085 secs
Using tree-based weight calculation.
Using polytree-based weight calculation.
Polytree max score: 3043
Polytree building time: 0.061 seconds.
Number of quartet trees in the gene trees: 3043
Size of largest cluster: 10
Greedy score: 3023
estimationFactor: 1.0066159444260667
Sub-optimal score: 3023
Total Number of elements weighted: 64
Normalized score (portion of input quartet trees satisfied before correcting for multiple individuals): 0.9934275386132106
Optimization score: 3023
Optimal tree inferred in 1.286 secs.
(t9,(t3,(t8,(t1,((t5,t4),((t6,t7),(t2,t10)))))));
Final quartet score is: 3023
Final normalized quartet score is: 0.9934275386132106
Extended species tree:
(t3,((t8,(t1,((t5,t4)1:4.071871706370043,((t6,t7)1:2.614959778036197,(t2,t10)1:3.205452804536062)1:2.1972245773362196)1:3.5710964184575507)1:2.512305623976115)1:1.3862943611198908,t9));
Weight calculation took 0.053692922 secs
ASTRAL finished in 1.682 secs
