
================== ASTRAL ===================== 

This is ASTRAL version 5.7.8
Gene trees are treated as unrooted
295 trees read from tmp_quartet_s3IbTuHeseL2V.txt
index0
All output trees will be *arbitrarily* rooted at t5
201 extra trees read from tmp_bipartitions_s3IbTuHeseL2V.bootstrap.trees

======== Running the main analysis
Number of taxa: 10 (10 species)
Taxa: [t5, t7, t1, t2, t3, t6, t9, t10, t4, t8]
Taxon occupancy: {t4=76, t5=121, t6=137, t10=144, t7=111, t8=82, t9=111, t1=77, t2=158, t3=163}
Number of gene trees: 295
295 trees have missing taxa
Calculating quartet distance matrix (for completion of X)
Species tree distances calculated ...
Will attempt to complete bipartitions from X before adding using a distance matrix.
Building set of clusters (X) from gene trees 
------------------------------
gradient0: 73
Number of Clusters after addition by distance: 73
calculating extra bipartitions to be added at level 1 ...
Adding to X using resolutions of greedy consensus ...
Limit for sigma of degrees:300
polytomy size limit : 3
discarded polytomies:  []
Threshold 0.0:
Threshold 0.01:
Threshold 0.02:
Threshold 0.05:
Threshold 0.1:
Threshold 0.2:
Threshold 0.3333333333333333:
max k is :0
Number of Clusters after addition by greedy: 73
gradient0 in heuristiic: 73
calculating extra bipartitions from extra input trees ...
Number of Clusters after additions from extra trees: 107
partitions formed in 0.264 secs
Dynamic Programming starting after 0.264 secs
Using tree-based weight calculation.
Using polytree-based weight calculation.
Polytree max score: 295
Polytree building time: 0.01 seconds.
Number of quartet trees in the gene trees: 295
Size of largest cluster: 10
Greedy score: 277
estimationFactor: 1.0649819494584838
Sub-optimal score: 280
Total Number of elements weighted: 108
Normalized score (portion of input quartet trees satisfied before correcting for multiple individuals): 0.9491525423728814
Optimization score: 280
Optimal tree inferred in 0.38 secs.
(t7,(t5,((t3,(t2,t4)),(t8,((t6,t10),(t1,t9))))));
Final quartet score is: 280
Final normalized quartet score is: 0.9491525423728814
You may want to ignore posterior probabilities and other statistics related to the following branch branch because the effective number of genes impacting it is only 7:
	{t2, t4}
You may want to ignore posterior probabilities and other statistics related to the following branch branch because the effective number of genes impacting it is only 19:
	{t2, t3, t4}
You may want to ignore posterior probabilities and other statistics related to the following branch branch because the effective number of genes impacting it is only 15:
	{t6, t10}
You may want to ignore posterior probabilities and other statistics related to the following branch branch because the effective number of genes impacting it is only 17:
	{t1, t9}
You may want to ignore posterior probabilities and other statistics related to the following branch branch because the effective number of genes impacting it is only 7:
	{t1, t6, t9, t10}
You may want to ignore posterior probabilities and other statistics related to the following branch branch because the effective number of genes impacting it is only 16:
	{t1, t6, t9, t10, t8}
You may want to ignore posterior probabilities and other statistics related to the following branch branch because the effective number of genes impacting it is only 17:
	{t1, t2, t3, t6, t9, t10, t4, t8}
Extended species tree:
(t5,(((t3,(t2,t4)0.67:0.2876820724517809)1:0.9808292530117262,(t8,((t6,t10)1:2.367123614131617,(t1,t9)1:1.3862943611198908)0.92:0.5753641449035618)1:1.3291359472799418)1:2.484906649788,t7));
Weight calculation took 0.03631192 secs
ASTRAL finished in 0.577 secs
