
================== ASTRAL ===================== 

This is ASTRAL version 5.7.8
Gene trees are treated as unrooted
614 trees read from tmp_quartet_s3IbTuHeseL2V.txt
index0
All output trees will be *arbitrarily* rooted at t7
201 extra trees read from tmp_bipartitions_s3IbTuHeseL2V.bootstrap.trees

======== Running the main analysis
Number of taxa: 10 (10 species)
Taxa: [t7, t8, t10, t6, t3, t4, t9, t1, t5, t2]
Taxon occupancy: {t4=320, t5=290, t10=359, t6=332, t7=140, t8=164, t9=292, t1=146, t2=228, t3=185}
Number of gene trees: 614
614 trees have missing taxa
Calculating quartet distance matrix (for completion of X)
Species tree distances calculated ...
Will attempt to complete bipartitions from X before adding using a distance matrix.
Building set of clusters (X) from gene trees 
------------------------------
gradient0: 61
Number of Clusters after addition by distance: 61
calculating extra bipartitions to be added at level 1 ...
Adding to X using resolutions of greedy consensus ...
Limit for sigma of degrees:300
polytomy size limit : 3
discarded polytomies:  []
Threshold 0.0:
Threshold 0.01:
Threshold 0.02:
Threshold 0.05:
Threshold 0.1:
Threshold 0.2:
Threshold 0.3333333333333333:
max k is :0
Number of Clusters after addition by greedy: 61
gradient0 in heuristiic: 61
calculating extra bipartitions from extra input trees ...
Number of Clusters after additions from extra trees: 75
partitions formed in 0.325 secs
Dynamic Programming starting after 0.336 secs
Using tree-based weight calculation.
Using polytree-based weight calculation.
Polytree max score: 614
Polytree building time: 0.027 seconds.
Number of quartet trees in the gene trees: 614
Size of largest cluster: 10
Greedy score: 594
estimationFactor: 1.0336700336700337
Sub-optimal score: 594
Total Number of elements weighted: 76
Normalized score (portion of input quartet trees satisfied before correcting for multiple individuals): 0.9706840390879479
Optimization score: 596
Optimal tree inferred in 0.443 secs.
(t8,((t2,(t1,(t10,t6))),(t7,(t3,(t4,(t9,t5))))));
Final quartet score is: 596
Final normalized quartet score is: 0.9706840390879479
You may want to ignore posterior probabilities and other statistics related to the following branch branch because the effective number of genes impacting it is only 5:
	{t9, t5}
You may want to ignore posterior probabilities and other statistics related to the following branch branch because the effective number of genes impacting it is only 6:
	{t4, t9, t5}
You may want to ignore posterior probabilities and other statistics related to the following branch branch because the effective number of genes impacting it is only 13:
	{t3, t4, t9, t5}
You may want to ignore posterior probabilities and other statistics related to the following branch branch because the effective number of genes impacting it is only 0:
	{t10, t6, t1}
You may want to ignore posterior probabilities and other statistics related to the following branch branch because the effective number of genes impacting it is only 8:
	{t10, t6, t1, t2}
You may want to ignore posterior probabilities and other statistics related to the following branch branch because the effective number of genes impacting it is only 16:
	{t8, t10, t6, t1, t2}
Extended species tree:
(t7,((t3,(t4,(t9,t5)0.67:0.2876820724517809)0.83:0.4418327522790392)1:1.1349799328389845,((t2,(t1,(t10,t6)1:1.6739764335716716)0.33:0.0)1:1.7917594692280545,t8)1:1.3291359472799418));
Weight calculation took 0.02329941 secs
ASTRAL finished in 0.692 secs
