
================== ASTRAL ===================== 

This is ASTRAL version 5.7.8
Gene trees are treated as unrooted
562 trees read from tmp_quartet_s3IbTuHeseL2V.txt
index0
All output trees will be *arbitrarily* rooted at t6
201 extra trees read from tmp_bipartitions_s3IbTuHeseL2V.bootstrap.trees

======== Running the main analysis
Number of taxa: 10 (10 species)
Taxa: [t6, t8, t4, t5, t7, t9, t1, t2, t10, t3]
Taxon occupancy: {t4=230, t5=217, t6=251, t10=236, t7=229, t8=241, t9=180, t1=190, t2=235, t3=239}
Number of gene trees: 562
562 trees have missing taxa
Calculating quartet distance matrix (for completion of X)
Species tree distances calculated ...
Will attempt to complete bipartitions from X before adding using a distance matrix.
Building set of clusters (X) from gene trees 
------------------------------
gradient0: 79
Number of Clusters after addition by distance: 79
calculating extra bipartitions to be added at level 1 ...
Adding to X using resolutions of greedy consensus ...
Limit for sigma of degrees:300
polytomy size limit : 3
discarded polytomies:  []
Threshold 0.0:
Threshold 0.01:
Threshold 0.02:
Threshold 0.05:
Threshold 0.1:
Threshold 0.2:
Threshold 0.3333333333333333:
max k is :0
Number of Clusters after addition by greedy: 79
gradient0 in heuristiic: 79
calculating extra bipartitions from extra input trees ...
Number of Clusters after additions from extra trees: 105
partitions formed in 0.308 secs
Dynamic Programming starting after 0.308 secs
Using tree-based weight calculation.
Using polytree-based weight calculation.
Polytree max score: 562
Polytree building time: 0.013 seconds.
Number of quartet trees in the gene trees: 562
Size of largest cluster: 10
Greedy score: 518
estimationFactor: 1.084942084942085
Sub-optimal score: 518
Total Number of elements weighted: 114
Normalized score (portion of input quartet trees satisfied before correcting for multiple individuals): 0.9217081850533808
Optimization score: 518
Optimal tree inferred in 0.455 secs.
(t8,((t9,(t4,t5)),(t6,(t7,(t1,(t10,(t2,t3)))))));
Final quartet score is: 518
Final normalized quartet score is: 0.9217081850533808
You may want to ignore posterior probabilities and other statistics related to the following branch branch because the effective number of genes impacting it is only 13:
	{t2, t3}
You may want to ignore posterior probabilities and other statistics related to the following branch branch because the effective number of genes impacting it is only 11:
	{t2, t10, t3}
You may want to ignore posterior probabilities and other statistics related to the following branch branch because the effective number of genes impacting it is only 13:
	{t4, t5}
You may want to ignore posterior probabilities and other statistics related to the following branch branch because the effective number of genes impacting it is only 3:
	{t4, t5, t9}
Extended species tree:
(t6,((t7,(t1,(t10,(t2,t3)0.98:0.6241543090729941)0.98:0.6931471805599453)1:0.9444616088408512)1:1.259542655480747,((t9,(t4,t5)1:1.1349799328389845)0.95:0.9808292530117262,t8)1:1.6739764335716716));
Weight calculation took 0.035764649 secs
ASTRAL finished in 0.672 secs
