
================== ASTRAL ===================== 

This is ASTRAL version 5.7.8
Gene trees are treated as unrooted
463 trees read from tmp_quartet_s3IbTuHeseL2V.txt
index0
All output trees will be *arbitrarily* rooted at t3
201 extra trees read from tmp_bipartitions_s3IbTuHeseL2V.bootstrap.trees

======== Running the main analysis
Number of taxa: 10 (10 species)
Taxa: [t3, t5, t1, t4, t7, t10, t8, t2, t6, t9]
Taxon occupancy: {t4=235, t5=179, t10=210, t6=161, t7=92, t8=167, t9=180, t1=209, t2=165, t3=254}
Number of gene trees: 463
463 trees have missing taxa
Calculating quartet distance matrix (for completion of X)
Species tree distances calculated ...
Will attempt to complete bipartitions from X before adding using a distance matrix.
Building set of clusters (X) from gene trees 
------------------------------
gradient0: 65
Number of Clusters after addition by distance: 65
calculating extra bipartitions to be added at level 1 ...
Adding to X using resolutions of greedy consensus ...
Limit for sigma of degrees:300
polytomy size limit : 3
discarded polytomies:  []
Threshold 0.0:
Threshold 0.01:
Threshold 0.02:
Threshold 0.05:
Threshold 0.1:
Threshold 0.2:
Threshold 0.3333333333333333:
max k is :0
Number of Clusters after addition by greedy: 65
gradient0 in heuristiic: 65
calculating extra bipartitions from extra input trees ...
Number of Clusters after additions from extra trees: 117
partitions formed in 0.287 secs
Dynamic Programming starting after 0.288 secs
Using tree-based weight calculation.
Using polytree-based weight calculation.
Polytree max score: 463
Polytree building time: 0.012 seconds.
Number of quartet trees in the gene trees: 463
Size of largest cluster: 10
Greedy score: 445
estimationFactor: 1.0404494382022471
Sub-optimal score: 445
Total Number of elements weighted: 110
Normalized score (portion of input quartet trees satisfied before correcting for multiple individuals): 0.9611231101511879
Optimization score: 445
Optimal tree inferred in 0.397 secs.
(t5,(t3,(t8,(t1,((t4,t10),(t2,(t7,(t6,t9))))))));
Final quartet score is: 445
Final normalized quartet score is: 0.9611231101511879
You may want to ignore posterior probabilities and other statistics related to the following branch branch because the effective number of genes impacting it is only 12:
	{t6, t9}
You may want to ignore posterior probabilities and other statistics related to the following branch branch because the effective number of genes impacting it is only 14:
	{t7, t6, t9}
You may want to ignore posterior probabilities and other statistics related to the following branch branch because the effective number of genes impacting it is only 14:
	{t7, t2, t6, t9}
You may want to ignore posterior probabilities and other statistics related to the following branch branch because the effective number of genes impacting it is only 13:
	{t4, t7, t10, t2, t6, t9}
You may want to ignore posterior probabilities and other statistics related to the following branch branch because the effective number of genes impacting it is only 5:
	{t1, t4, t7, t10, t8, t2, t6, t9}
Extended species tree:
(t3,((t8,(t1,((t4,t10)1:2.2046046846338423,(t2,(t7,(t6,t9)1:2.159484249353373)1:2.302585092994046)1:1.2039728043259361)1:0.8472978603872037)1:2.367123614131617)0.99:1.3862943611198908,t5));
Weight calculation took 0.021907729 secs
ASTRAL finished in 0.627 secs
