
================== ASTRAL ===================== 

This is ASTRAL version 5.7.8
Gene trees are treated as unrooted
1700 trees read from tmp_quartet_s3IbTuHeseL2V.txt
index0
All output trees will be *arbitrarily* rooted at t6
201 extra trees read from tmp_bipartitions_s3IbTuHeseL2V.bootstrap.trees

======== Running the main analysis
Number of taxa: 10 (10 species)
Taxa: [t6, t9, t1, t2, t4, t7, t10, t3, t8, t5]
Taxon occupancy: {t4=717, t5=520, t6=554, t10=670, t7=491, t8=554, t9=710, t1=1039, t2=1031, t3=514}
Number of gene trees: 1700
1700 trees have missing taxa
Calculating quartet distance matrix (for completion of X)
Species tree distances calculated ...
Will attempt to complete bipartitions from X before adding using a distance matrix.
Building set of clusters (X) from gene trees 
------------------------------
gradient0: 57
Number of Clusters after addition by distance: 57
calculating extra bipartitions to be added at level 1 ...
Adding to X using resolutions of greedy consensus ...
Limit for sigma of degrees:300
polytomy size limit : 3
discarded polytomies:  []
Threshold 0.0:
Threshold 0.01:
Threshold 0.02:
Threshold 0.05:
Threshold 0.1:
Threshold 0.2:
Threshold 0.3333333333333333:
max k is :0
Number of Clusters after addition by greedy: 57
gradient0 in heuristiic: 57
calculating extra bipartitions from extra input trees ...
Number of Clusters after additions from extra trees: 69
partitions formed in 0.581 secs
Dynamic Programming starting after 0.594 secs
Using tree-based weight calculation.
Using polytree-based weight calculation.
Polytree max score: 1700
Polytree building time: 0.033 seconds.
Number of quartet trees in the gene trees: 1700
Size of largest cluster: 10
Greedy score: 1683
estimationFactor: 1.0101010101010102
Sub-optimal score: 1683
Total Number of elements weighted: 56
Normalized score (portion of input quartet trees satisfied before correcting for multiple individuals): 0.99
Optimization score: 1683
Optimal tree inferred in 0.738 secs.
(t9,(t10,(t6,((t4,t5),((t7,t8),(t3,(t1,t2)))))));
Final quartet score is: 1683
Final normalized quartet score is: 0.99
You may want to ignore posterior probabilities and other statistics related to the following branch branch because the effective number of genes impacting it is only 7:
	{t9, t10}
Extended species tree:
(t6,(((t4,t5)1:0.5978370007556204,((t7,t8)1:3.3081069585961425,(t3,(t1,t2)1:4.037186148382156)1:3.4231762883809314)1:3.9765615265657206)1:2.354544831924757,(t10,t9)0.67:0.2876820724517809));
Weight calculation took 0.034582729 secs
ASTRAL finished in 1.079 secs
