
================== ASTRAL ===================== 

This is ASTRAL version 5.7.8
Gene trees are treated as unrooted
549 trees read from tmp_quartet_s3IbTuHeseL2V.txt
index0
All output trees will be *arbitrarily* rooted at t10
201 extra trees read from tmp_bipartitions_s3IbTuHeseL2V.bootstrap.trees

======== Running the main analysis
Number of taxa: 10 (10 species)
Taxa: [t10, t8, t4, t5, t6, t3, t2, t9, t1, t7]
Taxon occupancy: {t4=254, t5=230, t10=197, t6=221, t7=197, t8=241, t9=221, t1=178, t2=189, t3=268}
Number of gene trees: 549
549 trees have missing taxa
Calculating quartet distance matrix (for completion of X)
Species tree distances calculated ...
Will attempt to complete bipartitions from X before adding using a distance matrix.
Building set of clusters (X) from gene trees 
------------------------------
gradient0: 91
Number of Clusters after addition by distance: 91
calculating extra bipartitions to be added at level 1 ...
Adding to X using resolutions of greedy consensus ...
Limit for sigma of degrees:300
polytomy size limit : 3
discarded polytomies:  []
Threshold 0.0:
Threshold 0.01:
Threshold 0.02:
Threshold 0.05:
Threshold 0.1:
Threshold 0.2:
Threshold 0.3333333333333333:
max k is :0
Number of Clusters after addition by greedy: 91
gradient0 in heuristiic: 91
calculating extra bipartitions from extra input trees ...
Number of Clusters after additions from extra trees: 107
partitions formed in 0.306 secs
Dynamic Programming starting after 0.306 secs
Using tree-based weight calculation.
Using polytree-based weight calculation.
Polytree max score: 549
Polytree building time: 0.013 seconds.
Number of quartet trees in the gene trees: 549
Size of largest cluster: 10
Greedy score: 478
estimationFactor: 1.1485355648535565
Sub-optimal score: 478
Total Number of elements weighted: 127
Normalized score (portion of input quartet trees satisfied before correcting for multiple individuals): 0.8706739526411658
Optimization score: 478
Optimal tree inferred in 0.448 secs.
(t8,(t10,(t1,(t7,(t6,(t4,(t3,(t5,(t2,t9)))))))));
Final quartet score is: 478
Final normalized quartet score is: 0.8706739526411658
You may want to ignore posterior probabilities and other statistics related to the following branch branch because the effective number of genes impacting it is only 10:
	{t5, t2, t9}
You may want to ignore posterior probabilities and other statistics related to the following branch branch because the effective number of genes impacting it is only 3:
	{t4, t5, t6, t3, t2, t9, t1, t7}
Extended species tree:
(t10,((t1,(t7,(t6,(t4,(t3,(t5,(t2,t9)1:1.4271163556401456)0.62:0.20067069546215124)1:1.1451323043030024)1:1.4069136483226266)1:1.0296194171811581)1:0.9808292530117262)0.67:0.2876820724517809,t8));
Weight calculation took 0.035310392 secs
ASTRAL finished in 0.66 secs
