
================== ASTRAL ===================== 

This is ASTRAL version 5.7.8
Gene trees are treated as unrooted
821 trees read from tmp_quartet_s3IbTuHeseL2V.txt
index0
All output trees will be *arbitrarily* rooted at t5
201 extra trees read from tmp_bipartitions_s3IbTuHeseL2V.bootstrap.trees

======== Running the main analysis
Number of taxa: 10 (10 species)
Taxa: [t5, t7, t2, t3, t9, t10, t1, t4, t6, t8]
Taxon occupancy: {t4=193, t5=361, t10=354, t6=304, t7=246, t8=386, t9=320, t1=293, t2=320, t3=507}
Number of gene trees: 821
821 trees have missing taxa
Calculating quartet distance matrix (for completion of X)
Species tree distances calculated ...
Will attempt to complete bipartitions from X before adding using a distance matrix.
Building set of clusters (X) from gene trees 
------------------------------
gradient0: 51
Number of Clusters after addition by distance: 51
calculating extra bipartitions to be added at level 1 ...
Adding to X using resolutions of greedy consensus ...
Limit for sigma of degrees:300
polytomy size limit : 3
discarded polytomies:  []
Threshold 0.0:
Threshold 0.01:
Threshold 0.02:
Threshold 0.05:
Threshold 0.1:
Threshold 0.2:
Threshold 0.3333333333333333:
max k is :0
Number of Clusters after addition by greedy: 51
gradient0 in heuristiic: 51
calculating extra bipartitions from extra input trees ...
Number of Clusters after additions from extra trees: 63
partitions formed in 0.365 secs
Dynamic Programming starting after 0.373 secs
Using tree-based weight calculation.
Using polytree-based weight calculation.
Polytree max score: 821
Polytree building time: 0.016 seconds.
Number of quartet trees in the gene trees: 821
Size of largest cluster: 10
Greedy score: 803
estimationFactor: 1.0224159402241595
Sub-optimal score: 803
Total Number of elements weighted: 54
Normalized score (portion of input quartet trees satisfied before correcting for multiple individuals): 0.9780755176613886
Optimization score: 803
Optimal tree inferred in 0.487 secs.
(t7,((t4,(t2,(t3,t8))),((t10,t1),(t5,(t9,t6)))));
Final quartet score is: 803
Final normalized quartet score is: 0.9780755176613886
You may want to ignore posterior probabilities and other statistics related to the following branch branch because the effective number of genes impacting it is only 4:
	{t9, t6}
You may want to ignore posterior probabilities and other statistics related to the following branch branch because the effective number of genes impacting it is only 7:
	{t3, t8}
You may want to ignore posterior probabilities and other statistics related to the following branch branch because the effective number of genes impacting it is only 7:
	{t2, t3, t8}
You may want to ignore posterior probabilities and other statistics related to the following branch branch because the effective number of genes impacting it is only 14:
	{t7, t2, t3, t4, t8}
You may want to ignore posterior probabilities and other statistics related to the following branch branch because the effective number of genes impacting it is only 19:
	{t7, t2, t3, t10, t1, t4, t8}
Extended species tree:
(t5,((t9,t6)0.98:1.2039728043259361,((t10,t1)1:3.5835189384561117,((t4,(t2,(t3,t8)1:1.6739764335716716)0.99:0.9808292530117262)1:3.205452804536062,t7)1:1.2039728043259361)0.74:0.192371892647456));
Weight calculation took 0.026517248 secs
ASTRAL finished in 0.757 secs
