
================== ASTRAL ===================== 

This is ASTRAL version 5.7.8
Gene trees are treated as unrooted
774 trees read from tmp_quartet_s3IbTuHeseL2V.txt
index0
All output trees will be *arbitrarily* rooted at t5
201 extra trees read from tmp_bipartitions_s3IbTuHeseL2V.bootstrap.trees

======== Running the main analysis
Number of taxa: 10 (10 species)
Taxa: [t5, t8, t2, t3, t4, t6, t7, t1, t10, t9]
Taxon occupancy: {t4=450, t5=413, t6=288, t10=294, t7=165, t8=324, t9=211, t1=308, t2=400, t3=243}
Number of gene trees: 774
774 trees have missing taxa
Calculating quartet distance matrix (for completion of X)
Species tree distances calculated ...
Will attempt to complete bipartitions from X before adding using a distance matrix.
Building set of clusters (X) from gene trees 
------------------------------
gradient0: 51
Number of Clusters after addition by distance: 51
calculating extra bipartitions to be added at level 1 ...
Adding to X using resolutions of greedy consensus ...
Limit for sigma of degrees:300
polytomy size limit : 3
discarded polytomies:  []
Threshold 0.0:
Threshold 0.01:
Threshold 0.02:
Threshold 0.05:
Threshold 0.1:
Threshold 0.2:
Threshold 0.3333333333333333:
max k is :0
Number of Clusters after addition by greedy: 51
gradient0 in heuristiic: 51
calculating extra bipartitions from extra input trees ...
Number of Clusters after additions from extra trees: 61
partitions formed in 0.367 secs
Dynamic Programming starting after 0.368 secs
Using tree-based weight calculation.
Using polytree-based weight calculation.
Polytree max score: 774
Polytree building time: 0.033 seconds.
Number of quartet trees in the gene trees: 774
Size of largest cluster: 10
Greedy score: 766
estimationFactor: 1.010443864229765
Sub-optimal score: 766
Total Number of elements weighted: 52
Normalized score (portion of input quartet trees satisfied before correcting for multiple individuals): 0.9896640826873385
Optimization score: 766
Optimal tree inferred in 0.469 secs.
(t8,(t5,(t9,((t7,(t2,t1)),(t3,(t6,(t4,t10)))))));
Final quartet score is: 766
Final normalized quartet score is: 0.9896640826873385
You may want to ignore posterior probabilities and other statistics related to the following branch branch because the effective number of genes impacting it is only 3:
	{t2, t1}
You may want to ignore posterior probabilities and other statistics related to the following branch branch because the effective number of genes impacting it is only 9:
	{t2, t7, t1}
You may want to ignore posterior probabilities and other statistics related to the following branch branch because the effective number of genes impacting it is only 4:
	{t4, t10}
Extended species tree:
(t5,((t9,((t7,(t2,t1)0.95:0.9808292530117262)0.91:0.5108256237659905,(t3,(t6,(t4,t10)0.84:0.5108256237659905)1:2.9957322735539913)1:3.486355190002461)1:2.92673940206704)1:1.280933845462064,t8));
Weight calculation took 0.027782047 secs
ASTRAL finished in 0.737 secs
