
================== ASTRAL ===================== 

This is ASTRAL version 5.7.8
Gene trees are treated as unrooted
1536 trees read from tmp_quartet_s3IbTuHeseL2V.txt
index0
All output trees will be *arbitrarily* rooted at t4
201 extra trees read from tmp_bipartitions_s3IbTuHeseL2V.bootstrap.trees

======== Running the main analysis
Number of taxa: 10 (10 species)
Taxa: [t4, t8, t1, t2, t3, t5, t6, t7, t9, t10]
Taxon occupancy: {t4=525, t5=567, t6=708, t10=722, t7=624, t8=439, t9=741, t1=371, t2=738, t3=709}
Number of gene trees: 1536
1536 trees have missing taxa
Calculating quartet distance matrix (for completion of X)
Species tree distances calculated ...
Will attempt to complete bipartitions from X before adding using a distance matrix.
Building set of clusters (X) from gene trees 
------------------------------
gradient0: 47
Number of Clusters after addition by distance: 47
calculating extra bipartitions to be added at level 1 ...
Adding to X using resolutions of greedy consensus ...
Limit for sigma of degrees:300
polytomy size limit : 3
discarded polytomies:  []
Threshold 0.0:
Threshold 0.01:
Threshold 0.02:
Threshold 0.05:
Threshold 0.1:
Threshold 0.2:
Threshold 0.3333333333333333:
max k is :0
Number of Clusters after addition by greedy: 47
gradient0 in heuristiic: 47
calculating extra bipartitions from extra input trees ...
Number of Clusters after additions from extra trees: 73
partitions formed in 0.556 secs
Dynamic Programming starting after 0.556 secs
Using tree-based weight calculation.
Using polytree-based weight calculation.
Polytree max score: 1536
Polytree building time: 0.031 seconds.
Number of quartet trees in the gene trees: 1536
Size of largest cluster: 10
Greedy score: 1502
estimationFactor: 1.022636484687084
Sub-optimal score: 1502
Total Number of elements weighted: 61
Normalized score (portion of input quartet trees satisfied before correcting for multiple individuals): 0.9778645833333334
Optimization score: 1502
Optimal tree inferred in 0.707 secs.
(t8,(t4,((t2,t3),(t1,((t9,t10),(t5,(t6,t7)))))));
Final quartet score is: 1502
Final normalized quartet score is: 0.9778645833333334
You may want to ignore posterior probabilities and other statistics related to the following branch branch because the effective number of genes impacting it is only 11:
	{t1, t2, t3, t5, t6, t7, t9, t10}
Extended species tree:
(t4,(((t2,t3)1:4.499809670330263,(t1,((t9,t10)1:4.116323468940871,(t5,(t6,t7)1:3.0602707946915624)1:1.5686159179138457)1:2.799987696427895)0.49:0.1823215567939546)1:2.0794415416798353,t8));
Weight calculation took 0.038264098 secs
ASTRAL finished in 1.004 secs
