
================== ASTRAL ===================== 

This is ASTRAL version 5.7.8
Gene trees are treated as unrooted
926 trees read from tmp_quartet_s3IbTuHeseL2V.txt
index0
All output trees will be *arbitrarily* rooted at t6
201 extra trees read from tmp_bipartitions_s3IbTuHeseL2V.bootstrap.trees

======== Running the main analysis
Number of taxa: 10 (10 species)
Taxa: [t6, t8, t3, t5, t7, t9, t10, t4, t1, t2]
Taxon occupancy: {t4=452, t5=219, t6=403, t10=573, t7=370, t8=442, t9=561, t1=136, t2=312, t3=236}
Number of gene trees: 926
926 trees have missing taxa
Calculating quartet distance matrix (for completion of X)
Species tree distances calculated ...
Will attempt to complete bipartitions from X before adding using a distance matrix.
Building set of clusters (X) from gene trees 
------------------------------
gradient0: 69
Number of Clusters after addition by distance: 69
calculating extra bipartitions to be added at level 1 ...
Adding to X using resolutions of greedy consensus ...
Limit for sigma of degrees:300
polytomy size limit : 3
discarded polytomies:  []
Threshold 0.0:
Threshold 0.01:
Threshold 0.02:
Threshold 0.05:
Threshold 0.1:
Threshold 0.2:
Threshold 0.3333333333333333:
max k is :0
Number of Clusters after addition by greedy: 69
gradient0 in heuristiic: 69
calculating extra bipartitions from extra input trees ...
Number of Clusters after additions from extra trees: 125
partitions formed in 0.458 secs
Dynamic Programming starting after 0.471 secs
Using tree-based weight calculation.
Using polytree-based weight calculation.
Polytree max score: 926
Polytree building time: 0.028 seconds.
Number of quartet trees in the gene trees: 926
Size of largest cluster: 10
Greedy score: 913
estimationFactor: 1.0142387732749178
Sub-optimal score: 913
Total Number of elements weighted: 135
Normalized score (portion of input quartet trees satisfied before correcting for multiple individuals): 0.990280777537797
Optimization score: 917
Optimal tree inferred in 0.611 secs.
(t8,(t4,(t6,(t1,(t2,(t5,(t3,(t7,(t9,t10)))))))));
Final quartet score is: 917
Final normalized quartet score is: 0.990280777537797
You may want to ignore posterior probabilities and other statistics related to the following branch branch because the effective number of genes impacting it is only 6:
	{t7, t9, t10}
You may want to ignore posterior probabilities and other statistics related to the following branch branch because the effective number of genes impacting it is only 3:
	{t3, t5, t7, t9, t10, t2}
You may want to ignore posterior probabilities and other statistics related to the following branch branch because the effective number of genes impacting it is only 5:
	{t3, t5, t7, t9, t10, t1, t2}
Extended species tree:
(t6,((t1,(t2,(t5,(t3,(t7,(t9,t10)1:3.0602707946915624)1:1.5404450409471486)1:2.92673940206704)1:3.120895416507997)0.95:0.9808292530117262)0.67:0.2876820724517809,(t4,t8)1:3.0285220963769826));
Weight calculation took 0.030406962 secs
ASTRAL finished in 0.902 secs
