
================== ASTRAL ===================== 

This is ASTRAL version 5.7.8
Gene trees are treated as unrooted
578 trees read from tmp_quartet_s3IbTuHeseL2V.txt
index0
All output trees will be *arbitrarily* rooted at t3
201 extra trees read from tmp_bipartitions_s3IbTuHeseL2V.bootstrap.trees

======== Running the main analysis
Number of taxa: 10 (10 species)
Taxa: [t3, t5, t1, t2, t4, t6, t8, t10, t7, t9]
Taxon occupancy: {t4=302, t5=234, t6=172, t10=314, t7=115, t8=188, t9=132, t1=269, t2=253, t3=333}
Number of gene trees: 578
578 trees have missing taxa
Calculating quartet distance matrix (for completion of X)
Species tree distances calculated ...
Will attempt to complete bipartitions from X before adding using a distance matrix.
Building set of clusters (X) from gene trees 
------------------------------
gradient0: 51
Number of Clusters after addition by distance: 51
calculating extra bipartitions to be added at level 1 ...
Adding to X using resolutions of greedy consensus ...
Limit for sigma of degrees:300
polytomy size limit : 3
discarded polytomies:  []
Threshold 0.0:
Threshold 0.01:
Threshold 0.02:
Threshold 0.05:
Threshold 0.1:
Threshold 0.2:
Threshold 0.3333333333333333:
max k is :0
Number of Clusters after addition by greedy: 51
gradient0 in heuristiic: 51
calculating extra bipartitions from extra input trees ...
Number of Clusters after additions from extra trees: 123
partitions formed in 0.325 secs
Dynamic Programming starting after 0.325 secs
Using tree-based weight calculation.
Using polytree-based weight calculation.
Polytree max score: 578
Polytree building time: 0.014 seconds.
Number of quartet trees in the gene trees: 578
Size of largest cluster: 10
Greedy score: 565
estimationFactor: 1.023008849557522
Sub-optimal score: 565
Total Number of elements weighted: 104
Normalized score (portion of input quartet trees satisfied before correcting for multiple individuals): 0.9775086505190311
Optimization score: 565
Optimal tree inferred in 0.433 secs.
(t5,(t3,(t8,(t2,(t1,(t7,((t4,t10),(t6,t9))))))));
Final quartet score is: 565
Final normalized quartet score is: 0.9775086505190311
You may want to ignore posterior probabilities and other statistics related to the following branch branch because the effective number of genes impacting it is only 8:
	{t6, t9}
You may want to ignore posterior probabilities and other statistics related to the following branch branch because the effective number of genes impacting it is only 0:
	{t4, t6, t10, t9}
You may want to ignore posterior probabilities and other statistics related to the following branch branch because the effective number of genes impacting it is only 14:
	{t1, t2, t4, t6, t8, t10, t7, t9}
Extended species tree:
(t3,((t8,(t2,(t1,(t7,((t4,t10)1:2.890371757896163,(t6,t9)1:1.7917594692280545)0.33:0.0)1:2.890371757896163)0.87:0.33647223662121306)1:2.335374915817036)1:0.9162907318741549,t5));
Weight calculation took 0.021991211 secs
ASTRAL finished in 0.684 secs
