
================== ASTRAL ===================== 

This is ASTRAL version 5.7.8
Gene trees are treated as unrooted
1614 trees read from tmp_quartet_s3IbTuHeseL2V.txt
index0
All output trees will be *arbitrarily* rooted at t7
201 extra trees read from tmp_bipartitions_s3IbTuHeseL2V.bootstrap.trees

======== Running the main analysis
Number of taxa: 10 (10 species)
Taxa: [t7, t8, t4, t5, t9, t10, t6, t3, t2, t1]
Taxon occupancy: {t4=879, t5=724, t10=700, t6=615, t7=700, t8=704, t9=519, t1=254, t2=398, t3=963}
Number of gene trees: 1614
1614 trees have missing taxa
Calculating quartet distance matrix (for completion of X)
Species tree distances calculated ...
Will attempt to complete bipartitions from X before adding using a distance matrix.
Building set of clusters (X) from gene trees 
------------------------------
gradient0: 51
Number of Clusters after addition by distance: 51
calculating extra bipartitions to be added at level 1 ...
Adding to X using resolutions of greedy consensus ...
Limit for sigma of degrees:300
polytomy size limit : 3
discarded polytomies:  []
Threshold 0.0:
Threshold 0.01:
Threshold 0.02:
Threshold 0.05:
Threshold 0.1:
Threshold 0.2:
Threshold 0.3333333333333333:
max k is :0
Number of Clusters after addition by greedy: 51
gradient0 in heuristiic: 51
calculating extra bipartitions from extra input trees ...
Number of Clusters after additions from extra trees: 123
partitions formed in 0.589 secs
Dynamic Programming starting after 0.596 secs
Using tree-based weight calculation.
Using polytree-based weight calculation.
Polytree max score: 1614
Polytree building time: 0.031 seconds.
Number of quartet trees in the gene trees: 1614
Size of largest cluster: 10
Greedy score: 1604
estimationFactor: 1.0062344139650872
Sub-optimal score: 1604
Total Number of elements weighted: 109
Normalized score (portion of input quartet trees satisfied before correcting for multiple individuals): 0.9938042131350682
Optimization score: 1604
Optimal tree inferred in 0.766 secs.
(t8,(t10,((t7,t2),(t9,(t6,(t1,(t5,(t4,t3))))))));
Final quartet score is: 1604
Final normalized quartet score is: 0.9938042131350682
You may want to ignore posterior probabilities and other statistics related to the following branch branch because the effective number of genes impacting it is only 18:
	{t4, t5, t3, t1}
You may want to ignore posterior probabilities and other statistics related to the following branch branch because the effective number of genes impacting it is only 0:
	{t4, t5, t6, t3, t1}
Extended species tree:
(t7,(t2,((t9,(t6,(t1,(t5,(t4,t3)1:2.268683541318364)1:3.654977902438253)1:2.538973871058275)0.33:0.0)1:3.4231762883809314,(t10,t8)1:4.209655408733094)1:2.92673940206704));
Weight calculation took 0.048678315 secs
ASTRAL finished in 1.068 secs
