
================== ASTRAL ===================== 

This is ASTRAL version 5.7.8
Gene trees are treated as unrooted
778 trees read from tmp_quartet_s3IbTuHeseL2V.txt
index0
All output trees will be *arbitrarily* rooted at t4
201 extra trees read from tmp_bipartitions_s3IbTuHeseL2V.bootstrap.trees

======== Running the main analysis
Number of taxa: 10 (10 species)
Taxa: [t4, t5, t1, t2, t10, t6, t7, t3, t9, t8]
Taxon occupancy: {t4=247, t5=421, t10=436, t6=423, t7=283, t8=114, t9=324, t1=318, t2=266, t3=280}
Number of gene trees: 778
778 trees have missing taxa
Calculating quartet distance matrix (for completion of X)
Species tree distances calculated ...
Will attempt to complete bipartitions from X before adding using a distance matrix.
Building set of clusters (X) from gene trees 
------------------------------
gradient0: 57
Number of Clusters after addition by distance: 57
calculating extra bipartitions to be added at level 1 ...
Adding to X using resolutions of greedy consensus ...
Limit for sigma of degrees:300
polytomy size limit : 3
discarded polytomies:  []
Threshold 0.0:
Threshold 0.01:
Threshold 0.02:
Threshold 0.05:
Threshold 0.1:
Threshold 0.2:
Threshold 0.3333333333333333:
max k is :0
Number of Clusters after addition by greedy: 57
gradient0 in heuristiic: 57
calculating extra bipartitions from extra input trees ...
Number of Clusters after additions from extra trees: 151
partitions formed in 0.365 secs
Dynamic Programming starting after 0.375 secs
Using tree-based weight calculation.
Using polytree-based weight calculation.
Polytree max score: 778
Polytree building time: 0.027 seconds.
Number of quartet trees in the gene trees: 778
Size of largest cluster: 10
Greedy score: 751
estimationFactor: 1.0359520639147803
Sub-optimal score: 751
Total Number of elements weighted: 173
Normalized score (portion of input quartet trees satisfied before correcting for multiple individuals): 0.9691516709511568
Optimization score: 754
Optimal tree inferred in 0.521 secs.
(t5,(t9,((t4,t7),((t2,t3),(t1,(t8,(t10,t6)))))));
Final quartet score is: 754
Final normalized quartet score is: 0.9691516709511568
You may want to ignore posterior probabilities and other statistics related to the following branch branch because the effective number of genes impacting it is only 6:
	{t2, t3}
You may want to ignore posterior probabilities and other statistics related to the following branch branch because the effective number of genes impacting it is only 8:
	{t10, t6}
You may want to ignore posterior probabilities and other statistics related to the following branch branch because the effective number of genes impacting it is only 16:
	{t1, t10, t6, t8}
You may want to ignore posterior probabilities and other statistics related to the following branch branch because the effective number of genes impacting it is only 11:
	{t5, t9}
You may want to ignore posterior probabilities and other statistics related to the following branch branch because the effective number of genes impacting it is only 2:
	{t5, t1, t2, t10, t6, t3, t9, t8}
Extended species tree:
(t4,(t7,(((t2,t3)1:1.5404450409471486,(t1,(t8,(t10,t6)1:1.7917594692280545)1:1.1631508098056806)0.49:0.23052365861183224)1:2.6390573296152575,(t9,t5)0.91:0.4700036292457356)0.87:0.6931471805599453));
Weight calculation took 0.040622002 secs
ASTRAL finished in 0.775 secs
