
================== ASTRAL ===================== 

This is ASTRAL version 5.7.8
Gene trees are treated as unrooted
582 trees read from tmp_quartet_s3IbTuHeseL2V.txt
index0
All output trees will be *arbitrarily* rooted at t3
201 extra trees read from tmp_bipartitions_s3IbTuHeseL2V.bootstrap.trees

======== Running the main analysis
Number of taxa: 10 (10 species)
Taxa: [t3, t6, t1, t2, t9, t7, t10, t5, t8, t4]
Taxon occupancy: {t4=305, t5=315, t6=247, t10=225, t7=121, t8=225, t9=173, t1=234, t2=300, t3=183}
Number of gene trees: 582
582 trees have missing taxa
Calculating quartet distance matrix (for completion of X)
Species tree distances calculated ...
Will attempt to complete bipartitions from X before adding using a distance matrix.
Building set of clusters (X) from gene trees 
------------------------------
gradient0: 59
Number of Clusters after addition by distance: 59
calculating extra bipartitions to be added at level 1 ...
Adding to X using resolutions of greedy consensus ...
Limit for sigma of degrees:300
polytomy size limit : 3
discarded polytomies:  []
Threshold 0.0:
Threshold 0.01:
Threshold 0.02:
Threshold 0.05:
Threshold 0.1:
Threshold 0.2:
Threshold 0.3333333333333333:
max k is :0
Number of Clusters after addition by greedy: 59
gradient0 in heuristiic: 59
calculating extra bipartitions from extra input trees ...
Number of Clusters after additions from extra trees: 117
partitions formed in 0.321 secs
Dynamic Programming starting after 0.321 secs
Using tree-based weight calculation.
Using polytree-based weight calculation.
Polytree max score: 582
Polytree building time: 0.014 seconds.
Number of quartet trees in the gene trees: 582
Size of largest cluster: 10
Greedy score: 573
estimationFactor: 1.0157068062827226
Sub-optimal score: 573
Total Number of elements weighted: 115
Normalized score (portion of input quartet trees satisfied before correcting for multiple individuals): 0.9845360824742269
Optimization score: 573
Optimal tree inferred in 0.443 secs.
(t6,(t10,(t4,(t3,(t7,((t1,t2),(t9,(t5,t8))))))));
Final quartet score is: 573
Final normalized quartet score is: 0.9845360824742269
You may want to ignore posterior probabilities and other statistics related to the following branch branch because the effective number of genes impacting it is only 13:
	{t1, t2}
You may want to ignore posterior probabilities and other statistics related to the following branch branch because the effective number of genes impacting it is only 10:
	{t1, t2, t9, t5, t8}
You may want to ignore posterior probabilities and other statistics related to the following branch branch because the effective number of genes impacting it is only 4:
	{t1, t2, t9, t7, t5, t8}
You may want to ignore posterior probabilities and other statistics related to the following branch branch because the effective number of genes impacting it is only 4:
	{t6, t10}
Extended species tree:
(t3,((t7,((t1,t2)1:1.5404450409471486,(t9,(t5,t8)1:2.730029107820986)1:2.9957322735539913)0.82:0.3829922522561057)0.98:1.2039728043259361,(t4,(t10,t6)0.44:0.1053605156578264)1:3.6198865826269824));
Weight calculation took 0.03041591 secs
ASTRAL finished in 0.693 secs
