
================== ASTRAL ===================== 

This is ASTRAL version 5.7.8
Gene trees are treated as unrooted
1728 trees read from tmp_quartet_s3IbTuHeseL2V.txt
index0
All output trees will be *arbitrarily* rooted at t3
201 extra trees read from tmp_bipartitions_s3IbTuHeseL2V.bootstrap.trees

======== Running the main analysis
Number of taxa: 10 (10 species)
Taxa: [t3, t4, t1, t2, t5, t9, t10, t7, t8, t6]
Taxon occupancy: {t4=752, t5=476, t10=689, t6=504, t7=526, t8=546, t9=791, t1=1102, t2=1068, t3=458}
Number of gene trees: 1728
1728 trees have missing taxa
Calculating quartet distance matrix (for completion of X)
Species tree distances calculated ...
Will attempt to complete bipartitions from X before adding using a distance matrix.
Building set of clusters (X) from gene trees 
------------------------------
gradient0: 57
Number of Clusters after addition by distance: 57
calculating extra bipartitions to be added at level 1 ...
Adding to X using resolutions of greedy consensus ...
Limit for sigma of degrees:300
polytomy size limit : 3
discarded polytomies:  []
Threshold 0.0:
Threshold 0.01:
Threshold 0.02:
Threshold 0.05:
Threshold 0.1:
Threshold 0.2:
Threshold 0.3333333333333333:
max k is :0
Number of Clusters after addition by greedy: 57
gradient0 in heuristiic: 57
calculating extra bipartitions from extra input trees ...
Number of Clusters after additions from extra trees: 77
partitions formed in 0.61 secs
Dynamic Programming starting after 0.61 secs
Using tree-based weight calculation.
Using polytree-based weight calculation.
Polytree max score: 1728
Polytree building time: 0.032 seconds.
Number of quartet trees in the gene trees: 1728
Size of largest cluster: 10
Greedy score: 1714
estimationFactor: 1.0081680280046674
Sub-optimal score: 1714
Total Number of elements weighted: 52
Normalized score (portion of input quartet trees satisfied before correcting for multiple individuals): 0.9918981481481481
Optimization score: 1714
Optimal tree inferred in 0.759 secs.
(t4,(t5,((t10,(t9,t6)),((t7,t8),(t3,(t1,t2))))));
Final quartet score is: 1714
Final normalized quartet score is: 0.9918981481481481
You may want to ignore posterior probabilities and other statistics related to the following branch branch because the effective number of genes impacting it is only 5:
	{t9, t6}
Extended species tree:
(t3,((t1,t2)1:4.083171261623973,((t7,t8)1:2.6390573296152575,((t10,(t9,t6)0.99:1.3862943611198908)1:3.149882953381249,(t5,t4)1:0.6931471805599453)1:2.7124847981700766)1:3.205452804536062));
Weight calculation took 0.023592188 secs
ASTRAL finished in 1.062 secs
