
================== ASTRAL ===================== 

This is ASTRAL version 5.7.8
Gene trees are treated as unrooted
467 trees read from tmp_quartet_s3IbTuHeseL2V.txt
index0
All output trees will be *arbitrarily* rooted at t10
201 extra trees read from tmp_bipartitions_s3IbTuHeseL2V.bootstrap.trees

======== Running the main analysis
Number of taxa: 10 (10 species)
Taxa: [t10, t6, t2, t3, t4, t5, t1, t9, t8, t7]
Taxon occupancy: {t4=267, t5=146, t10=147, t6=185, t7=144, t8=127, t9=175, t1=203, t2=192, t3=282}
Number of gene trees: 467
467 trees have missing taxa
Calculating quartet distance matrix (for completion of X)
Species tree distances calculated ...
Will attempt to complete bipartitions from X before adding using a distance matrix.
Building set of clusters (X) from gene trees 
------------------------------
gradient0: 53
Number of Clusters after addition by distance: 53
calculating extra bipartitions to be added at level 1 ...
Adding to X using resolutions of greedy consensus ...
Limit for sigma of degrees:300
polytomy size limit : 3
discarded polytomies:  []
Threshold 0.0:
Threshold 0.01:
Threshold 0.02:
Threshold 0.05:
Threshold 0.1:
Threshold 0.2:
Threshold 0.3333333333333333:
max k is :0
Number of Clusters after addition by greedy: 53
gradient0 in heuristiic: 53
calculating extra bipartitions from extra input trees ...
Number of Clusters after additions from extra trees: 77
partitions formed in 0.274 secs
Dynamic Programming starting after 0.287 secs
Using tree-based weight calculation.
Using polytree-based weight calculation.
Polytree max score: 467
Polytree building time: 0.018 seconds.
Number of quartet trees in the gene trees: 467
Size of largest cluster: 10
Greedy score: 452
estimationFactor: 1.0331858407079646
Sub-optimal score: 452
Total Number of elements weighted: 72
Normalized score (portion of input quartet trees satisfied before correcting for multiple individuals): 0.9678800856531049
Optimization score: 452
Optimal tree inferred in 0.414 secs.
(t6,(t1,(t9,(t10,((t3,t4),(t2,(t5,(t8,t7))))))));
Final quartet score is: 452
Final normalized quartet score is: 0.9678800856531049
You may want to ignore posterior probabilities and other statistics related to the following branch branch because the effective number of genes impacting it is only 4:
	{t8, t7}
You may want to ignore posterior probabilities and other statistics related to the following branch branch because the effective number of genes impacting it is only 4:
	{t2, t5, t8, t7}
You may want to ignore posterior probabilities and other statistics related to the following branch branch because the effective number of genes impacting it is only 3:
	{t6, t1}
You may want to ignore posterior probabilities and other statistics related to the following branch branch because the effective number of genes impacting it is only 17:
	{t6, t1, t9}
Extended species tree:
(t10,(((t3,t4)1:2.367123614131617,(t2,(t5,(t8,t7)0.98:1.2039728043259361)1:2.730029107820986)0.98:1.2039728043259361)1:1.120591195386885,(t9,(t1,t6)0.95:0.9808292530117262)0.98:0.5389965007326871));
Weight calculation took 0.032167793 secs
ASTRAL finished in 0.61 secs
