
================== ASTRAL ===================== 

This is ASTRAL version 5.7.8
Gene trees are treated as unrooted
217 trees read from tmp_quartet_s3IbTuHeseL2V.txt
index0
All output trees will be *arbitrarily* rooted at t6
201 extra trees read from tmp_bipartitions_s3IbTuHeseL2V.bootstrap.trees

======== Running the main analysis
Number of taxa: 10 (10 species)
Taxa: [t6, t7, t2, t3, t8, t10, t4, t5, t9, t1]
Taxon occupancy: {t4=75, t5=99, t6=133, t10=134, t7=62, t8=100, t9=96, t1=65, t2=50, t3=54}
Number of gene trees: 217
217 trees have missing taxa
Calculating quartet distance matrix (for completion of X)
Species tree distances calculated ...
Will attempt to complete bipartitions from X before adding using a distance matrix.
Building set of clusters (X) from gene trees 
------------------------------
gradient0: 65
Number of Clusters after addition by distance: 65
calculating extra bipartitions to be added at level 1 ...
Adding to X using resolutions of greedy consensus ...
Limit for sigma of degrees:300
polytomy size limit : 3
discarded polytomies:  [3]
Threshold 0.0:
Threshold 0.01:
Threshold 0.02:
Threshold 0.05:
Threshold 0.1:
Threshold 0.2:
Threshold 0.3333333333333333:
polytomy of size 3; rounds with additions with at least 5 support: 0; clusters: 65
max k is :0
Number of Clusters after addition by greedy: 65
gradient0 in heuristiic: 65
calculating extra bipartitions from extra input trees ...
Number of Clusters after additions from extra trees: 115
partitions formed in 0.254 secs
Dynamic Programming starting after 0.254 secs
Using tree-based weight calculation.
Using polytree-based weight calculation.
Polytree max score: 217
Polytree building time: 0.024 seconds.
Number of quartet trees in the gene trees: 217
Size of largest cluster: 10
Greedy score: 211
estimationFactor: 1.028436018957346
Sub-optimal score: 211
Total Number of elements weighted: 117
Normalized score (portion of input quartet trees satisfied before correcting for multiple individuals): 0.9723502304147466
Optimization score: 211
Optimal tree inferred in 0.334 secs.
(t7,((t2,t3),((t6,t10),((t8,t4),(t1,(t5,t9))))));
Final quartet score is: 211
Final normalized quartet score is: 0.9723502304147466
You may want to ignore posterior probabilities and other statistics related to the following branch branch because the effective number of genes impacting it is only 14:
	{t8, t4}
You may want to ignore posterior probabilities and other statistics related to the following branch branch because the effective number of genes impacting it is only 9:
	{t5, t9}
You may want to ignore posterior probabilities and other statistics related to the following branch branch because the effective number of genes impacting it is only 7:
	{t5, t9, t1}
You may want to ignore posterior probabilities and other statistics related to the following branch branch because the effective number of genes impacting it is only 0:
	{t8, t4, t5, t9, t1}
You may want to ignore posterior probabilities and other statistics related to the following branch branch because the effective number of genes impacting it is only 5:
	{t2, t3}
You may want to ignore posterior probabilities and other statistics related to the following branch branch because the effective number of genes impacting it is only 3:
	{t7, t2, t3}
Extended species tree:
(t6,(t10,(((t8,t4)1:2.302585092994046,(t1,(t5,t9)1:1.2039728043259361)0.67:0.2876820724517809)0.33:0.0,((t2,t3)0.99:1.3862943611198908,t7)0.95:0.9808292530117262)1:3.0285220963769826));
Weight calculation took 0.021413061 secs
ASTRAL finished in 0.519 secs
