
================== ASTRAL ===================== 

This is ASTRAL version 5.7.8
Gene trees are treated as unrooted
790 trees read from tmp_quartet_s3IbTuHeseL2V.txt
index0
All output trees will be *arbitrarily* rooted at t5
201 extra trees read from tmp_bipartitions_s3IbTuHeseL2V.bootstrap.trees

======== Running the main analysis
Number of taxa: 10 (10 species)
Taxa: [t5, t7, t10, t4, t8, t9, t1, t3, t2, t6]
Taxon occupancy: {t4=402, t5=392, t10=377, t6=195, t7=418, t8=238, t9=287, t1=291, t2=354, t3=206}
Number of gene trees: 790
790 trees have missing taxa
Calculating quartet distance matrix (for completion of X)
Species tree distances calculated ...
Will attempt to complete bipartitions from X before adding using a distance matrix.
Building set of clusters (X) from gene trees 
------------------------------
gradient0: 51
Number of Clusters after addition by distance: 51
calculating extra bipartitions to be added at level 1 ...
Adding to X using resolutions of greedy consensus ...
Limit for sigma of degrees:300
polytomy size limit : 3
discarded polytomies:  []
Threshold 0.0:
Threshold 0.01:
Threshold 0.02:
Threshold 0.05:
Threshold 0.1:
Threshold 0.2:
Threshold 0.3333333333333333:
max k is :0
Number of Clusters after addition by greedy: 51
gradient0 in heuristiic: 51
calculating extra bipartitions from extra input trees ...
Number of Clusters after additions from extra trees: 89
partitions formed in 0.371 secs
Dynamic Programming starting after 0.371 secs
Using tree-based weight calculation.
Using polytree-based weight calculation.
Polytree max score: 790
Polytree building time: 0.026 seconds.
Number of quartet trees in the gene trees: 790
Size of largest cluster: 10
Greedy score: 778
estimationFactor: 1.0154241645244215
Sub-optimal score: 778
Total Number of elements weighted: 74
Normalized score (portion of input quartet trees satisfied before correcting for multiple individuals): 0.9848101265822785
Optimization score: 778
Optimal tree inferred in 0.479 secs.
(t7,(t5,((t8,t9),(t6,(t2,(t1,(t3,(t10,t4))))))));
Final quartet score is: 778
Final normalized quartet score is: 0.9848101265822785
You may want to ignore posterior probabilities and other statistics related to the following branch branch because the effective number of genes impacting it is only 5:
	{t8, t9}
You may want to ignore posterior probabilities and other statistics related to the following branch branch because the effective number of genes impacting it is only 14:
	{t10, t4}
You may want to ignore posterior probabilities and other statistics related to the following branch branch because the effective number of genes impacting it is only 2:
	{t10, t4, t3}
Extended species tree:
(t5,(((t8,t9)0.99:1.3862943611198908,(t6,(t2,(t1,(t3,(t10,t4)1:2.302585092994046)0.87:0.6931471805599453)1:0.9808292530117262)1:1.586965056582042)1:2.730029107820986)1:3.120895416507997,t7));
Weight calculation took 0.02788709 secs
ASTRAL finished in 0.74 secs
