
================== ASTRAL ===================== 

This is ASTRAL version 5.7.8
Gene trees are treated as unrooted
1024 trees read from tmp_quartet_s3IbTuHeseL2V.txt
index0
All output trees will be *arbitrarily* rooted at t7
201 extra trees read from tmp_bipartitions_s3IbTuHeseL2V.bootstrap.trees

======== Running the main analysis
Number of taxa: 10 (10 species)
Taxa: [t7, t8, t2, t4, t5, t6, t3, t9, t1, t10]
Taxon occupancy: {t4=376, t5=500, t6=313, t10=347, t7=362, t8=392, t9=350, t1=394, t2=513, t3=549}
Number of gene trees: 1024
1024 trees have missing taxa
Calculating quartet distance matrix (for completion of X)
Species tree distances calculated ...
Will attempt to complete bipartitions from X before adding using a distance matrix.
Building set of clusters (X) from gene trees 
------------------------------
gradient0: 47
Number of Clusters after addition by distance: 47
calculating extra bipartitions to be added at level 1 ...
Adding to X using resolutions of greedy consensus ...
Limit for sigma of degrees:300
polytomy size limit : 3
discarded polytomies:  []
Threshold 0.0:
Threshold 0.01:
Threshold 0.02:
Threshold 0.05:
Threshold 0.1:
Threshold 0.2:
Threshold 0.3333333333333333:
max k is :0
Number of Clusters after addition by greedy: 47
gradient0 in heuristiic: 47
calculating extra bipartitions from extra input trees ...
Number of Clusters after additions from extra trees: 87
partitions formed in 0.45 secs
Dynamic Programming starting after 0.462 secs
Using tree-based weight calculation.
Using polytree-based weight calculation.
Polytree max score: 1024
Polytree building time: 0.027 seconds.
Number of quartet trees in the gene trees: 1024
Size of largest cluster: 10
Greedy score: 1016
estimationFactor: 1.0078740157480315
Sub-optimal score: 1016
Total Number of elements weighted: 87
Normalized score (portion of input quartet trees satisfied before correcting for multiple individuals): 0.9921875
Optimization score: 1016
Optimal tree inferred in 0.594 secs.
(t8,(t7,((t9,(t3,t10)),(t1,(t4,(t2,(t5,t6)))))));
Final quartet score is: 1016
Final normalized quartet score is: 0.9921875
You may want to ignore posterior probabilities and other statistics related to the following branch branch because the effective number of genes impacting it is only 7:
	{t3, t10}
You may want to ignore posterior probabilities and other statistics related to the following branch branch because the effective number of genes impacting it is only 7:
	{t3, t9, t10}
You may want to ignore posterior probabilities and other statistics related to the following branch branch because the effective number of genes impacting it is only 10:
	{t2, t5, t6}
You may want to ignore posterior probabilities and other statistics related to the following branch branch because the effective number of genes impacting it is only 19:
	{t2, t4, t5, t6}
You may want to ignore posterior probabilities and other statistics related to the following branch branch because the effective number of genes impacting it is only 6:
	{t2, t4, t5, t6, t3, t9, t1, t10}
Extended species tree:
(t7,(((t9,(t3,t10)1:1.6739764335716716)1:1.6739764335716716,(t1,(t4,(t2,(t5,t6)1:2.335374915817036)0.99:0.8938178760220965)1:1.4916548767777167)1:4.321922710604174)1:1.5404450409471486,t8));
Weight calculation took 0.03731841 secs
ASTRAL finished in 0.861 secs
