
================== ASTRAL ===================== 

This is ASTRAL version 5.7.8
Gene trees are treated as unrooted
545 trees read from tmp_quartet_s3IbTuHeseL2V.txt
index0
All output trees will be *arbitrarily* rooted at t3
201 extra trees read from tmp_bipartitions_s3IbTuHeseL2V.bootstrap.trees

======== Running the main analysis
Number of taxa: 10 (10 species)
Taxa: [t3, t5, t1, t4, t6, t7, t8, t9, t10, t2]
Taxon occupancy: {t4=245, t5=261, t6=205, t10=231, t7=102, t8=186, t9=194, t1=238, t2=205, t3=313}
Number of gene trees: 545
545 trees have missing taxa
Calculating quartet distance matrix (for completion of X)
Species tree distances calculated ...
Will attempt to complete bipartitions from X before adding using a distance matrix.
Building set of clusters (X) from gene trees 
------------------------------
gradient0: 59
Number of Clusters after addition by distance: 59
calculating extra bipartitions to be added at level 1 ...
Adding to X using resolutions of greedy consensus ...
Limit for sigma of degrees:300
polytomy size limit : 3
discarded polytomies:  []
Threshold 0.0:
Threshold 0.01:
Threshold 0.02:
Threshold 0.05:
Threshold 0.1:
Threshold 0.2:
Threshold 0.3333333333333333:
max k is :0
Number of Clusters after addition by greedy: 59
gradient0 in heuristiic: 59
calculating extra bipartitions from extra input trees ...
Number of Clusters after additions from extra trees: 97
partitions formed in 0.315 secs
Dynamic Programming starting after 0.315 secs
Using tree-based weight calculation.
Using polytree-based weight calculation.
Polytree max score: 545
Polytree building time: 0.026 seconds.
Number of quartet trees in the gene trees: 545
Size of largest cluster: 10
Greedy score: 526
estimationFactor: 1.0361216730038023
Sub-optimal score: 526
Total Number of elements weighted: 85
Normalized score (portion of input quartet trees satisfied before correcting for multiple individuals): 0.9651376146788991
Optimization score: 526
Optimal tree inferred in 0.422 secs.
(t5,(t3,(t8,(t2,(t1,(t7,((t6,t9),(t4,t10))))))));
Final quartet score is: 526
Final normalized quartet score is: 0.9651376146788991
You may want to ignore posterior probabilities and other statistics related to the following branch branch because the effective number of genes impacting it is only 15:
	{t6, t9}
You may want to ignore posterior probabilities and other statistics related to the following branch branch because the effective number of genes impacting it is only 19:
	{t4, t10}
You may want to ignore posterior probabilities and other statistics related to the following branch branch because the effective number of genes impacting it is only 0:
	{t4, t6, t9, t10}
You may want to ignore posterior probabilities and other statistics related to the following branch branch because the effective number of genes impacting it is only 14:
	{t1, t4, t6, t7, t9, t10}
You may want to ignore posterior probabilities and other statistics related to the following branch branch because the effective number of genes impacting it is only 15:
	{t1, t4, t6, t7, t8, t9, t10, t2}
Extended species tree:
(t3,((t8,(t2,(t1,(t7,((t6,t9)1:2.367123614131617,(t4,t10)1:2.590267165445826)0.33:0.0)1:2.9957322735539913)1:0.9162907318741549)1:0.784118958765672)1:1.2685113254635072,t5));
Weight calculation took 0.021604848 secs
ASTRAL finished in 0.664 secs
