
================== ASTRAL ===================== 

This is ASTRAL version 5.7.8
Gene trees are treated as unrooted
2973 trees read from tmp_quartet_s3IbTuHeseL2V.txt
index0
All output trees will be *arbitrarily* rooted at t2
201 extra trees read from tmp_bipartitions_s3IbTuHeseL2V.bootstrap.trees

======== Running the main analysis
Number of taxa: 10 (10 species)
Taxa: [t2, t4, t1, t3, t9, t5, t6, t7, t10, t8]
Taxon occupancy: {t4=614, t5=913, t6=1420, t10=1223, t7=1385, t8=1257, t9=1426, t1=1073, t2=1189, t3=1392}
Number of gene trees: 2973
2973 trees have missing taxa
Calculating quartet distance matrix (for completion of X)
Species tree distances calculated ...
Will attempt to complete bipartitions from X before adding using a distance matrix.
Building set of clusters (X) from gene trees 
------------------------------
gradient0: 71
Number of Clusters after addition by distance: 71
calculating extra bipartitions to be added at level 1 ...
Adding to X using resolutions of greedy consensus ...
Limit for sigma of degrees:300
polytomy size limit : 3
discarded polytomies:  []
Threshold 0.0:
Threshold 0.01:
Threshold 0.02:
Threshold 0.05:
Threshold 0.1:
Threshold 0.2:
Threshold 0.3333333333333333:
max k is :0
Number of Clusters after addition by greedy: 71
gradient0 in heuristiic: 71
calculating extra bipartitions from extra input trees ...
Number of Clusters after additions from extra trees: 87
partitions formed in 0.842 secs
Dynamic Programming starting after 0.842 secs
Using tree-based weight calculation.
Using polytree-based weight calculation.
Polytree max score: 2973
Polytree building time: 0.056 seconds.
Number of quartet trees in the gene trees: 2973
Size of largest cluster: 10
Greedy score: 2917
estimationFactor: 1.0191978059650326
Sub-optimal score: 2917
Total Number of elements weighted: 69
Normalized score (portion of input quartet trees satisfied before correcting for multiple individuals): 0.981163807601749
Optimization score: 2917
Optimal tree inferred in 1.035 secs.
(t4,(t5,(((t6,t7),(t2,t10)),(t1,(t8,(t3,t9))))));
Final quartet score is: 2917
Final normalized quartet score is: 0.981163807601749
Extended species tree:
(t2,(t10,((t6,t7)1:2.367123614131617,((t1,(t8,(t3,t9)1:2.0583881324820035)1:1.1451323043030024)1:2.5626156341153177,(t5,t4)1:1.75697335314264)1:2.159484249353373)1:4.484884020113582));
Weight calculation took 0.037790965 secs
ASTRAL finished in 1.411 secs
