
================== ASTRAL ===================== 

This is ASTRAL version 5.7.8
Gene trees are treated as unrooted
759 trees read from tmp_quartet_s3IbTuHeseL2V.txt
index0
All output trees will be *arbitrarily* rooted at t6
201 extra trees read from tmp_bipartitions_s3IbTuHeseL2V.bootstrap.trees

======== Running the main analysis
Number of taxa: 10 (10 species)
Taxa: [t6, t7, t2, t3, t4, t9, t10, t8, t1, t5]
Taxon occupancy: {t4=399, t5=367, t6=236, t10=296, t7=248, t8=231, t9=368, t1=180, t2=370, t3=341}
Number of gene trees: 759
759 trees have missing taxa
Calculating quartet distance matrix (for completion of X)
Species tree distances calculated ...
Will attempt to complete bipartitions from X before adding using a distance matrix.
Building set of clusters (X) from gene trees 
------------------------------
gradient0: 79
Number of Clusters after addition by distance: 79
calculating extra bipartitions to be added at level 1 ...
Adding to X using resolutions of greedy consensus ...
Limit for sigma of degrees:300
polytomy size limit : 3
discarded polytomies:  []
Threshold 0.0:
Threshold 0.01:
Threshold 0.02:
Threshold 0.05:
Threshold 0.1:
Threshold 0.2:
Threshold 0.3333333333333333:
max k is :0
Number of Clusters after addition by greedy: 79
gradient0 in heuristiic: 79
calculating extra bipartitions from extra input trees ...
Number of Clusters after additions from extra trees: 101
partitions formed in 0.374 secs
Dynamic Programming starting after 0.375 secs
Using tree-based weight calculation.
Using polytree-based weight calculation.
Polytree max score: 759
Polytree building time: 0.026 seconds.
Number of quartet trees in the gene trees: 759
Size of largest cluster: 10
Greedy score: 730
estimationFactor: 1.0397260273972602
Sub-optimal score: 730
Total Number of elements weighted: 106
Normalized score (portion of input quartet trees satisfied before correcting for multiple individuals): 0.9657444005270093
Optimization score: 733
Optimal tree inferred in 0.521 secs.
(t7,(t6,(t8,((t9,t10),(t1,((t4,t5),(t2,t3)))))));
Final quartet score is: 733
Final normalized quartet score is: 0.9657444005270093
You may want to ignore posterior probabilities and other statistics related to the following branch branch because the effective number of genes impacting it is only 17:
	{t2, t3, t4, t1, t5}
You may want to ignore posterior probabilities and other statistics related to the following branch branch because the effective number of genes impacting it is only 14:
	{t2, t3, t4, t9, t10, t1, t5}
You may want to ignore posterior probabilities and other statistics related to the following branch branch because the effective number of genes impacting it is only 3:
	{t2, t3, t4, t9, t10, t8, t1, t5}
Extended species tree:
(t6,((t8,((t9,t10)1:1.5114575040738965,(t1,((t4,t5)1:1.0861897686695527,(t2,t3)1:0.8472978603872037)1:1.8971199848858815)1:2.484906649788)1:2.302585092994046)0.95:0.9808292530117262,t7));
Weight calculation took 0.026411841 secs
ASTRAL finished in 0.784 secs
