
================== ASTRAL ===================== 

This is ASTRAL version 5.7.8
Gene trees are treated as unrooted
1531 trees read from tmp_quartet_s3IbTuHeseL2V.txt
index0
All output trees will be *arbitrarily* rooted at t3
201 extra trees read from tmp_bipartitions_s3IbTuHeseL2V.bootstrap.trees

======== Running the main analysis
Number of taxa: 10 (10 species)
Taxa: [t3, t4, t1, t2, t5, t9, t10, t7, t8, t6]
Taxon occupancy: {t4=704, t5=406, t10=573, t6=480, t7=481, t8=493, t9=674, t1=968, t2=960, t3=385}
Number of gene trees: 1531
1531 trees have missing taxa
Calculating quartet distance matrix (for completion of X)
Species tree distances calculated ...
Will attempt to complete bipartitions from X before adding using a distance matrix.
Building set of clusters (X) from gene trees 
------------------------------
gradient0: 63
Number of Clusters after addition by distance: 63
calculating extra bipartitions to be added at level 1 ...
Adding to X using resolutions of greedy consensus ...
Limit for sigma of degrees:300
polytomy size limit : 3
discarded polytomies:  []
Threshold 0.0:
Threshold 0.01:
Threshold 0.02:
Threshold 0.05:
Threshold 0.1:
Threshold 0.2:
Threshold 0.3333333333333333:
max k is :0
Number of Clusters after addition by greedy: 63
gradient0 in heuristiic: 63
calculating extra bipartitions from extra input trees ...
Number of Clusters after additions from extra trees: 93
partitions formed in 0.577 secs
Dynamic Programming starting after 0.577 secs
Using tree-based weight calculation.
Using polytree-based weight calculation.
Polytree max score: 1531
Polytree building time: 0.03 seconds.
Number of quartet trees in the gene trees: 1531
Size of largest cluster: 10
Greedy score: 1503
estimationFactor: 1.0186294078509648
Sub-optimal score: 1503
Total Number of elements weighted: 68
Normalized score (portion of input quartet trees satisfied before correcting for multiple individuals): 0.9817112998040496
Optimization score: 1503
Optimal tree inferred in 0.731 secs.
(t4,(t5,((t10,(t9,t6)),((t7,t8),(t3,(t1,t2))))));
Final quartet score is: 1503
Final normalized quartet score is: 0.9817112998040496
You may want to ignore posterior probabilities and other statistics related to the following branch branch because the effective number of genes impacting it is only 12:
	{t7, t8}
You may want to ignore posterior probabilities and other statistics related to the following branch branch because the effective number of genes impacting it is only 9:
	{t9, t6}
You may want to ignore posterior probabilities and other statistics related to the following branch branch because the effective number of genes impacting it is only 7:
	{t4, t5}
Extended species tree:
(t3,((t1,t2)1:3.8985999850960074,((t7,t8)1:1.0608719606852628,((t10,(t9,t6)0.91:0.5108256237659905)1:1.4046434997880868,(t5,t4)1:1.6739764335716716)1:3.289644895756406)1:3.149882953381249));
Weight calculation took 0.041260103 secs
ASTRAL finished in 1.022 secs
