
================== ASTRAL ===================== 

This is ASTRAL version 5.7.8
Gene trees are treated as unrooted
1416 trees read from tmp_quartet_s3IbTuHeseL2V.txt
index0
All output trees will be *arbitrarily* rooted at t5
201 extra trees read from tmp_bipartitions_s3IbTuHeseL2V.bootstrap.trees

======== Running the main analysis
Number of taxa: 10 (10 species)
Taxa: [t5, t6, t3, t7, t10, t9, t1, t4, t8, t2]
Taxon occupancy: {t4=452, t5=528, t6=675, t10=739, t7=631, t8=393, t9=752, t1=338, t2=557, t3=599}
Number of gene trees: 1416
1416 trees have missing taxa
Calculating quartet distance matrix (for completion of X)
Species tree distances calculated ...
Will attempt to complete bipartitions from X before adding using a distance matrix.
Building set of clusters (X) from gene trees 
------------------------------
gradient0: 53
Number of Clusters after addition by distance: 53
calculating extra bipartitions to be added at level 1 ...
Adding to X using resolutions of greedy consensus ...
Limit for sigma of degrees:300
polytomy size limit : 3
discarded polytomies:  []
Threshold 0.0:
Threshold 0.01:
Threshold 0.02:
Threshold 0.05:
Threshold 0.1:
Threshold 0.2:
Threshold 0.3333333333333333:
max k is :0
Number of Clusters after addition by greedy: 53
gradient0 in heuristiic: 53
calculating extra bipartitions from extra input trees ...
Number of Clusters after additions from extra trees: 81
partitions formed in 0.565 secs
Dynamic Programming starting after 0.565 secs
Using tree-based weight calculation.
Using polytree-based weight calculation.
Polytree max score: 1416
Polytree building time: 0.03 seconds.
Number of quartet trees in the gene trees: 1416
Size of largest cluster: 10
Greedy score: 1406
estimationFactor: 1.0071123755334281
Sub-optimal score: 1406
Total Number of elements weighted: 63
Normalized score (portion of input quartet trees satisfied before correcting for multiple individuals): 0.9929378531073446
Optimization score: 1406
Optimal tree inferred in 0.723 secs.
(t6,(t7,(t5,((t10,t9),((t4,t8),(t1,(t3,t2)))))));
Final quartet score is: 1406
Final normalized quartet score is: 0.9929378531073446
You may want to ignore posterior probabilities and other statistics related to the following branch branch because the effective number of genes impacting it is only 19:
	{t4, t8}
You may want to ignore posterior probabilities and other statistics related to the following branch branch because the effective number of genes impacting it is only 16:
	{t3, t1, t2}
You may want to ignore posterior probabilities and other statistics related to the following branch branch because the effective number of genes impacting it is only 10:
	{t3, t1, t4, t8, t2}
Extended species tree:
(t5,(((t10,t9)1:3.6607085771472407,((t4,t8)1:1.2039728043259361,(t1,(t3,t2)1:3.737669618283365)1:2.4277482359480516)1:1.9924301646902058)1:2.730029107820986,(t7,t6)1:2.0583881324820035));
Weight calculation took 0.037664401 secs
ASTRAL finished in 0.992 secs
