
================== ASTRAL ===================== 

This is ASTRAL version 5.7.8
Gene trees are treated as unrooted
867 trees read from tmp_quartet_s3IbTuHeseL2V.txt
index0
All output trees will be *arbitrarily* rooted at t3
201 extra trees read from tmp_bipartitions_s3IbTuHeseL2V.bootstrap.trees

======== Running the main analysis
Number of taxa: 10 (10 species)
Taxa: [t3, t7, t1, t2, t8, t9, t10, t5, t6, t4]
Taxon occupancy: {t4=312, t5=385, t10=308, t6=275, t7=315, t8=397, t9=265, t1=333, t2=443, t3=435}
Number of gene trees: 867
867 trees have missing taxa
Calculating quartet distance matrix (for completion of X)
Species tree distances calculated ...
Will attempt to complete bipartitions from X before adding using a distance matrix.
Building set of clusters (X) from gene trees 
------------------------------
gradient0: 63
Number of Clusters after addition by distance: 63
calculating extra bipartitions to be added at level 1 ...
Adding to X using resolutions of greedy consensus ...
Limit for sigma of degrees:300
polytomy size limit : 3
discarded polytomies:  []
Threshold 0.0:
Threshold 0.01:
Threshold 0.02:
Threshold 0.05:
Threshold 0.1:
Threshold 0.2:
Threshold 0.3333333333333333:
max k is :0
Number of Clusters after addition by greedy: 63
gradient0 in heuristiic: 63
calculating extra bipartitions from extra input trees ...
Number of Clusters after additions from extra trees: 93
partitions formed in 0.392 secs
Dynamic Programming starting after 0.392 secs
Using tree-based weight calculation.
Using polytree-based weight calculation.
Polytree max score: 867
Polytree building time: 0.028 seconds.
Number of quartet trees in the gene trees: 867
Size of largest cluster: 10
Greedy score: 853
estimationFactor: 1.0164126611957796
Sub-optimal score: 856
Total Number of elements weighted: 82
Normalized score (portion of input quartet trees satisfied before correcting for multiple individuals): 0.9907727797001153
Optimization score: 859
Optimal tree inferred in 0.518 secs.
(t7,(t8,((t3,t10),(t9,(t1,(t4,(t2,(t5,t6))))))));
Final quartet score is: 859
Final normalized quartet score is: 0.9907727797001153
You may want to ignore posterior probabilities and other statistics related to the following branch branch because the effective number of genes impacting it is only 6:
	{t2, t5, t6}
You may want to ignore posterior probabilities and other statistics related to the following branch branch because the effective number of genes impacting it is only 3:
	{t1, t2, t9, t5, t6, t4}
You may want to ignore posterior probabilities and other statistics related to the following branch branch because the effective number of genes impacting it is only 11:
	{t7, t1, t2, t8, t9, t5, t6, t4}
Extended species tree:
(t3,(t10,((t9,(t1,(t4,(t2,(t5,t6)1:2.961830721878311)1:1.5404450409471486)1:1.6314168191528755)1:4.037186148382156)0.95:0.9808292530117262,(t8,t7)1:3.1780538303479453)1:2.0794415416798353));
Weight calculation took 0.034356995 secs
ASTRAL finished in 0.773 secs
