
================== ASTRAL ===================== 

This is ASTRAL version 5.7.8
Gene trees are treated as unrooted
742 trees read from tmp_quartet_s3IbTuHeseL2V.txt
index0
All output trees will be *arbitrarily* rooted at t5
201 extra trees read from tmp_bipartitions_s3IbTuHeseL2V.bootstrap.trees

======== Running the main analysis
Number of taxa: 10 (10 species)
Taxa: [t5, t8, t2, t3, t4, t6, t7, t1, t10, t9]
Taxon occupancy: {t4=382, t5=427, t6=290, t10=276, t7=152, t8=359, t9=102, t1=328, t2=418, t3=234}
Number of gene trees: 742
742 trees have missing taxa
Calculating quartet distance matrix (for completion of X)
Species tree distances calculated ...
Will attempt to complete bipartitions from X before adding using a distance matrix.
Building set of clusters (X) from gene trees 
------------------------------
gradient0: 53
Number of Clusters after addition by distance: 53
calculating extra bipartitions to be added at level 1 ...
Adding to X using resolutions of greedy consensus ...
Limit for sigma of degrees:300
polytomy size limit : 3
discarded polytomies:  []
Threshold 0.0:
Threshold 0.01:
Threshold 0.02:
Threshold 0.05:
Threshold 0.1:
Threshold 0.2:
Threshold 0.3333333333333333:
max k is :0
Number of Clusters after addition by greedy: 53
gradient0 in heuristiic: 53
calculating extra bipartitions from extra input trees ...
Number of Clusters after additions from extra trees: 95
partitions formed in 0.347 secs
Dynamic Programming starting after 0.347 secs
Using tree-based weight calculation.
Using polytree-based weight calculation.
Polytree max score: 742
Polytree building time: 0.026 seconds.
Number of quartet trees in the gene trees: 742
Size of largest cluster: 10
Greedy score: 735
estimationFactor: 1.0095238095238095
Sub-optimal score: 735
Total Number of elements weighted: 82
Normalized score (portion of input quartet trees satisfied before correcting for multiple individuals): 0.9905660377358491
Optimization score: 735
Optimal tree inferred in 0.459 secs.
(t8,(t5,(t9,((t7,(t2,t1)),(t3,(t4,(t6,t10)))))));
Final quartet score is: 735
Final normalized quartet score is: 0.9905660377358491
You may want to ignore posterior probabilities and other statistics related to the following branch branch because the effective number of genes impacting it is only 9:
	{t2, t1}
You may want to ignore posterior probabilities and other statistics related to the following branch branch because the effective number of genes impacting it is only 5:
	{t2, t7, t1}
You may want to ignore posterior probabilities and other statistics related to the following branch branch because the effective number of genes impacting it is only 17:
	{t6, t10}
You may want to ignore posterior probabilities and other statistics related to the following branch branch because the effective number of genes impacting it is only 8:
	{t2, t3, t4, t6, t7, t1, t10}
Extended species tree:
(t5,((t9,((t7,(t2,t1)0.91:0.5108256237659905)0.99:1.3862943611198908,(t3,(t4,(t6,t10)1:2.484906649788)1:2.2801122371419864)1:2.961830721878311)1:1.7917594692280545)1:1.7917594692280545,t8));
Weight calculation took 0.035124987 secs
ASTRAL finished in 0.732 secs
