
================== ASTRAL ===================== 

This is ASTRAL version 5.7.8
Gene trees are treated as unrooted
1840 trees read from tmp_quartet_s3IbTuHeseL2V.txt
index0
All output trees will be *arbitrarily* rooted at t3
201 extra trees read from tmp_bipartitions_s3IbTuHeseL2V.bootstrap.trees

======== Running the main analysis
Number of taxa: 10 (10 species)
Taxa: [t3, t5, t1, t2, t4, t6, t8, t9, t10, t7]
Taxon occupancy: {t4=966, t5=546, t6=894, t10=501, t7=413, t8=708, t9=801, t1=883, t2=1096, t3=552}
Number of gene trees: 1840
1840 trees have missing taxa
Calculating quartet distance matrix (for completion of X)
Species tree distances calculated ...
Will attempt to complete bipartitions from X before adding using a distance matrix.
Building set of clusters (X) from gene trees 
------------------------------
gradient0: 53
Number of Clusters after addition by distance: 53
calculating extra bipartitions to be added at level 1 ...
Adding to X using resolutions of greedy consensus ...
Limit for sigma of degrees:300
polytomy size limit : 3
discarded polytomies:  []
Threshold 0.0:
Threshold 0.01:
Threshold 0.02:
Threshold 0.05:
Threshold 0.1:
Threshold 0.2:
Threshold 0.3333333333333333:
max k is :0
Number of Clusters after addition by greedy: 53
gradient0 in heuristiic: 53
calculating extra bipartitions from extra input trees ...
Number of Clusters after additions from extra trees: 71
partitions formed in 0.615 secs
Dynamic Programming starting after 0.616 secs
Using tree-based weight calculation.
Using polytree-based weight calculation.
Polytree max score: 1840
Polytree building time: 0.03 seconds.
Number of quartet trees in the gene trees: 1840
Size of largest cluster: 10
Greedy score: 1829
estimationFactor: 1.0060142154182614
Sub-optimal score: 1829
Total Number of elements weighted: 54
Normalized score (portion of input quartet trees satisfied before correcting for multiple individuals): 0.9940217391304348
Optimization score: 1829
Optimal tree inferred in 0.796 secs.
(t5,((t1,(t2,t4)),(t3,(t7,(t6,(t8,(t9,t10)))))));
Final quartet score is: 1829
Final normalized quartet score is: 0.9940217391304348
You may want to ignore posterior probabilities and other statistics related to the following branch branch because the effective number of genes impacting it is only 9:
	{t9, t10}
You may want to ignore posterior probabilities and other statistics related to the following branch branch because the effective number of genes impacting it is only 17:
	{t8, t9, t10}
You may want to ignore posterior probabilities and other statistics related to the following branch branch because the effective number of genes impacting it is only 8:
	{t6, t8, t9, t10, t7}
You may want to ignore posterior probabilities and other statistics related to the following branch branch because the effective number of genes impacting it is only 16:
	{t5, t1, t2, t4}
Extended species tree:
(t3,((t7,(t6,(t8,(t9,t10)1:1.8971199848858815)1:1.3862943611198908)1:3.120895416507997)1:1.7917594692280545,((t1,(t2,t4)1:3.0285220963769826)1:4.071871706370043,t5)1:1.3291359472799418));
Weight calculation took 0.044997256 secs
ASTRAL finished in 1.09 secs
