
================== ASTRAL ===================== 

This is ASTRAL version 5.7.8
Gene trees are treated as unrooted
1303 trees read from tmp_quartet_s3IbTuHeseL2V.txt
index0
All output trees will be *arbitrarily* rooted at t4
201 extra trees read from tmp_bipartitions_s3IbTuHeseL2V.bootstrap.trees

======== Running the main analysis
Number of taxa: 10 (10 species)
Taxa: [t4, t5, t2, t3, t6, t10, t8, t9, t7, t1]
Taxon occupancy: {t4=671, t5=559, t6=486, t10=522, t7=327, t8=564, t9=589, t1=396, t2=598, t3=500}
Number of gene trees: 1303
1303 trees have missing taxa
Calculating quartet distance matrix (for completion of X)
Species tree distances calculated ...
Will attempt to complete bipartitions from X before adding using a distance matrix.
Building set of clusters (X) from gene trees 
------------------------------
gradient0: 63
Number of Clusters after addition by distance: 63
calculating extra bipartitions to be added at level 1 ...
Adding to X using resolutions of greedy consensus ...
Limit for sigma of degrees:300
polytomy size limit : 3
discarded polytomies:  []
Threshold 0.0:
Threshold 0.01:
Threshold 0.02:
Threshold 0.05:
Threshold 0.1:
Threshold 0.2:
Threshold 0.3333333333333333:
max k is :0
Number of Clusters after addition by greedy: 63
gradient0 in heuristiic: 63
calculating extra bipartitions from extra input trees ...
Number of Clusters after additions from extra trees: 81
partitions formed in 0.536 secs
Dynamic Programming starting after 0.548 secs
Using tree-based weight calculation.
Using polytree-based weight calculation.
Polytree max score: 1303
Polytree building time: 0.017 seconds.
Number of quartet trees in the gene trees: 1303
Size of largest cluster: 10
Greedy score: 1266
estimationFactor: 1.029225908372828
Sub-optimal score: 1266
Total Number of elements weighted: 65
Normalized score (portion of input quartet trees satisfied before correcting for multiple individuals): 0.9716039907904835
Optimization score: 1266
Optimal tree inferred in 0.676 secs.
(t5,(t4,((t7,(t10,(t8,t9))),(t6,(t2,(t3,t1))))));
Final quartet score is: 1266
Final normalized quartet score is: 0.9716039907904835
You may want to ignore posterior probabilities and other statistics related to the following branch branch because the effective number of genes impacting it is only 13:
	{t8, t9}
You may want to ignore posterior probabilities and other statistics related to the following branch branch because the effective number of genes impacting it is only 14:
	{t10, t8, t9}
Extended species tree:
(t4,(((t7,(t10,(t8,t9)1:0.8472978603872037)1:2.302585092994046)1:2.538973871058275,(t6,(t2,(t3,t1)1:2.0368819272610392)1:2.6855773452501523)1:1.578666253767347)1:0.8472978603872037,t5));
Weight calculation took 0.045268129 secs
ASTRAL finished in 0.963 secs
