
================== ASTRAL ===================== 

This is ASTRAL version 5.7.8
Gene trees are treated as unrooted
433 trees read from tmp_quartet_s3IbTuHeseL2V.txt
index0
All output trees will be *arbitrarily* rooted at t3
201 extra trees read from tmp_bipartitions_s3IbTuHeseL2V.bootstrap.trees

======== Running the main analysis
Number of taxa: 10 (10 species)
Taxa: [t3, t4, t1, t6, t8, t9, t2, t7, t5, t10]
Taxon occupancy: {t4=201, t5=197, t6=102, t10=169, t7=144, t8=195, t9=213, t1=180, t2=159, t3=172}
Number of gene trees: 433
433 trees have missing taxa
Calculating quartet distance matrix (for completion of X)
Species tree distances calculated ...
Will attempt to complete bipartitions from X before adding using a distance matrix.
Building set of clusters (X) from gene trees 
------------------------------
gradient0: 39
Number of Clusters after addition by distance: 39
calculating extra bipartitions to be added at level 1 ...
Adding to X using resolutions of greedy consensus ...
Limit for sigma of degrees:300
polytomy size limit : 3
discarded polytomies:  []
Threshold 0.0:
Threshold 0.01:
Threshold 0.02:
Threshold 0.05:
Threshold 0.1:
Threshold 0.2:
Threshold 0.3333333333333333:
max k is :0
Number of Clusters after addition by greedy: 39
gradient0 in heuristiic: 39
calculating extra bipartitions from extra input trees ...
Number of Clusters after additions from extra trees: 81
partitions formed in 0.263 secs
Dynamic Programming starting after 0.263 secs
Using tree-based weight calculation.
Using polytree-based weight calculation.
Polytree max score: 433
Polytree building time: 0.012 seconds.
Number of quartet trees in the gene trees: 433
Size of largest cluster: 10
Greedy score: 432
estimationFactor: 1.0023148148148149
Sub-optimal score: 432
Total Number of elements weighted: 71
Normalized score (portion of input quartet trees satisfied before correcting for multiple individuals): 0.9976905311778291
Optimization score: 432
Optimal tree inferred in 0.365 secs.
(t4,(t10,(t5,(t3,(t6,((t2,t7),(t1,(t8,t9))))))));
Final quartet score is: 432
Final normalized quartet score is: 0.9976905311778291
You may want to ignore posterior probabilities and other statistics related to the following branch branch because the effective number of genes impacting it is only 9:
	{t2, t7}
You may want to ignore posterior probabilities and other statistics related to the following branch branch because the effective number of genes impacting it is only 15:
	{t8, t9}
You may want to ignore posterior probabilities and other statistics related to the following branch branch because the effective number of genes impacting it is only 8:
	{t1, t8, t9}
You may want to ignore posterior probabilities and other statistics related to the following branch branch because the effective number of genes impacting it is only 2:
	{t1, t8, t9, t2, t7}
You may want to ignore posterior probabilities and other statistics related to the following branch branch because the effective number of genes impacting it is only 12:
	{t4, t10}
You may want to ignore posterior probabilities and other statistics related to the following branch branch because the effective number of genes impacting it is only 15:
	{t4, t5, t10}
Extended species tree:
(t3,((t6,((t2,t7)1:1.8971199848858815,(t1,(t8,t9)1:2.367123614131617)1:1.7917594692280545)0.42:0.0)1:2.6390573296152575,(t5,(t10,t4)1:2.159484249353373)1:2.367123614131617));
Weight calculation took 0.031887721 secs
ASTRAL finished in 0.58 secs
