
================== ASTRAL ===================== 

This is ASTRAL version 5.7.8
Gene trees are treated as unrooted
1693 trees read from tmp_quartet_s3IbTuHeseL2V.txt
index0
All output trees will be *arbitrarily* rooted at t3
201 extra trees read from tmp_bipartitions_s3IbTuHeseL2V.bootstrap.trees

======== Running the main analysis
Number of taxa: 10 (10 species)
Taxa: [t3, t4, t1, t2, t5, t10, t6, t9, t8, t7]
Taxon occupancy: {t4=784, t5=577, t10=594, t6=460, t7=507, t8=622, t9=675, t1=1065, t2=1067, t3=421}
Number of gene trees: 1693
1693 trees have missing taxa
Calculating quartet distance matrix (for completion of X)
Species tree distances calculated ...
Will attempt to complete bipartitions from X before adding using a distance matrix.
Building set of clusters (X) from gene trees 
------------------------------
gradient0: 67
Number of Clusters after addition by distance: 67
calculating extra bipartitions to be added at level 1 ...
Adding to X using resolutions of greedy consensus ...
Limit for sigma of degrees:300
polytomy size limit : 3
discarded polytomies:  []
Threshold 0.0:
Threshold 0.01:
Threshold 0.02:
Threshold 0.05:
Threshold 0.1:
Threshold 0.2:
Threshold 0.3333333333333333:
max k is :0
Number of Clusters after addition by greedy: 67
gradient0 in heuristiic: 67
calculating extra bipartitions from extra input trees ...
Number of Clusters after additions from extra trees: 87
partitions formed in 0.588 secs
Dynamic Programming starting after 0.6 secs
Using tree-based weight calculation.
Using polytree-based weight calculation.
Polytree max score: 1693
Polytree building time: 0.03 seconds.
Number of quartet trees in the gene trees: 1693
Size of largest cluster: 10
Greedy score: 1639
estimationFactor: 1.0329469188529592
Sub-optimal score: 1639
Total Number of elements weighted: 78
Normalized score (portion of input quartet trees satisfied before correcting for multiple individuals): 0.9681039574719433
Optimization score: 1639
Optimal tree inferred in 0.763 secs.
(t4,(t5,((t10,(t6,t9)),((t8,t7),(t3,(t1,t2))))));
Final quartet score is: 1639
Final normalized quartet score is: 0.9681039574719433
You may want to ignore posterior probabilities and other statistics related to the following branch branch because the effective number of genes impacting it is only 12:
	{t6, t9}
Extended species tree:
(t3,((t1,t2)1:4.313033763186934,((t8,t7)1:1.0884599172040916,((t10,(t6,t9)0.97:0.5500463369192721)1:2.6390573296152575,(t5,t4)0.93:0.2876820724517809)1:1.2685113254635072)1:3.120895416507997));
Weight calculation took 0.040706087 secs
ASTRAL finished in 1.075 secs
