
================== ASTRAL ===================== 

This is ASTRAL version 5.7.8
Gene trees are treated as unrooted
828 trees read from tmp_quartet_s3IbTuHeseL2V.txt
index0
All output trees will be *arbitrarily* rooted at t5
201 extra trees read from tmp_bipartitions_s3IbTuHeseL2V.bootstrap.trees

======== Running the main analysis
Number of taxa: 10 (10 species)
Taxa: [t5, t7, t10, t4, t8, t9, t1, t3, t2, t6]
Taxon occupancy: {t4=457, t5=441, t10=435, t6=201, t7=429, t8=241, t9=323, t1=253, t2=322, t3=210}
Number of gene trees: 828
828 trees have missing taxa
Calculating quartet distance matrix (for completion of X)
Species tree distances calculated ...
Will attempt to complete bipartitions from X before adding using a distance matrix.
Building set of clusters (X) from gene trees 
------------------------------
gradient0: 61
Number of Clusters after addition by distance: 61
calculating extra bipartitions to be added at level 1 ...
Adding to X using resolutions of greedy consensus ...
Limit for sigma of degrees:300
polytomy size limit : 3
discarded polytomies:  []
Threshold 0.0:
Threshold 0.01:
Threshold 0.02:
Threshold 0.05:
Threshold 0.1:
Threshold 0.2:
Threshold 0.3333333333333333:
max k is :0
Number of Clusters after addition by greedy: 61
gradient0 in heuristiic: 61
calculating extra bipartitions from extra input trees ...
Number of Clusters after additions from extra trees: 77
partitions formed in 0.364 secs
Dynamic Programming starting after 0.371 secs
Using tree-based weight calculation.
Using polytree-based weight calculation.
Polytree max score: 828
Polytree building time: 0.027 seconds.
Number of quartet trees in the gene trees: 828
Size of largest cluster: 10
Greedy score: 814
estimationFactor: 1.0171990171990173
Sub-optimal score: 814
Total Number of elements weighted: 65
Normalized score (portion of input quartet trees satisfied before correcting for multiple individuals): 0.9830917874396136
Optimization score: 814
Optimal tree inferred in 0.499 secs.
(t7,(t5,(t9,(t8,(t6,(t2,(t1,(t3,(t10,t4)))))))));
Final quartet score is: 814
Final normalized quartet score is: 0.9830917874396136
You may want to ignore posterior probabilities and other statistics related to the following branch branch because the effective number of genes impacting it is only 15:
	{t10, t4}
You may want to ignore posterior probabilities and other statistics related to the following branch branch because the effective number of genes impacting it is only 6:
	{t10, t4, t3}
You may want to ignore posterior probabilities and other statistics related to the following branch branch because the effective number of genes impacting it is only 2:
	{t10, t4, t1, t3, t2}
You may want to ignore posterior probabilities and other statistics related to the following branch branch because the effective number of genes impacting it is only 11:
	{t10, t4, t8, t1, t3, t2, t6}
Extended species tree:
(t5,((t9,(t8,(t6,(t2,(t1,(t3,(t10,t4)1:1.6739764335716716)0.83:0.4418327522790392)1:2.159484249353373)0.42:0.0)1:2.6855773452501523)0.93:0.4700036292457356)1:3.3081069585961425,t7));
Weight calculation took 0.034358458 secs
ASTRAL finished in 0.762 secs
