
================== ASTRAL ===================== 

This is ASTRAL version 5.7.8
Gene trees are treated as unrooted
804 trees read from tmp_quartet_s3IbTuHeseL2V.txt
index0
All output trees will be *arbitrarily* rooted at t4
201 extra trees read from tmp_bipartitions_s3IbTuHeseL2V.bootstrap.trees

======== Running the main analysis
Number of taxa: 10 (10 species)
Taxa: [t4, t5, t1, t2, t9, t10, t6, t7, t8, t3]
Taxon occupancy: {t4=412, t5=430, t10=474, t6=434, t7=164, t8=222, t9=356, t1=202, t2=269, t3=253}
Number of gene trees: 804
804 trees have missing taxa
Calculating quartet distance matrix (for completion of X)
Species tree distances calculated ...
Will attempt to complete bipartitions from X before adding using a distance matrix.
Building set of clusters (X) from gene trees 
------------------------------
gradient0: 81
Number of Clusters after addition by distance: 81
calculating extra bipartitions to be added at level 1 ...
Adding to X using resolutions of greedy consensus ...
Limit for sigma of degrees:300
polytomy size limit : 3
discarded polytomies:  []
Threshold 0.0:
Threshold 0.01:
Threshold 0.02:
Threshold 0.05:
Threshold 0.1:
Threshold 0.2:
Threshold 0.3333333333333333:
max k is :0
Number of Clusters after addition by greedy: 81
gradient0 in heuristiic: 81
calculating extra bipartitions from extra input trees ...
Number of Clusters after additions from extra trees: 107
partitions formed in 0.372 secs
Dynamic Programming starting after 0.372 secs
Using tree-based weight calculation.
Using polytree-based weight calculation.
Polytree max score: 804
Polytree building time: 0.014 seconds.
Number of quartet trees in the gene trees: 804
Size of largest cluster: 10
Greedy score: 767
estimationFactor: 1.0482398956975227
Sub-optimal score: 767
Total Number of elements weighted: 105
Normalized score (portion of input quartet trees satisfied before correcting for multiple individuals): 0.9539800995024875
Optimization score: 767
Optimal tree inferred in 0.516 secs.
(t5,(t4,(t9,(t3,(t7,(t1,(t8,(t2,(t10,t6)))))))));
Final quartet score is: 767
Final normalized quartet score is: 0.9539800995024875
You may want to ignore posterior probabilities and other statistics related to the following branch branch because the effective number of genes impacting it is only 11:
	{t10, t6}
You may want to ignore posterior probabilities and other statistics related to the following branch branch because the effective number of genes impacting it is only 16:
	{t2, t10, t6}
You may want to ignore posterior probabilities and other statistics related to the following branch branch because the effective number of genes impacting it is only 11:
	{t2, t10, t6, t8}
You may want to ignore posterior probabilities and other statistics related to the following branch branch because the effective number of genes impacting it is only 10:
	{t1, t2, t10, t6, t7, t8, t3}
You may want to ignore posterior probabilities and other statistics related to the following branch branch because the effective number of genes impacting it is only 15:
	{t1, t2, t9, t10, t6, t7, t8, t3}
Extended species tree:
(t4,((t9,(t3,(t7,(t1,(t8,(t2,(t10,t6)1:0.9808292530117262)1:2.4277482359480516)0.76:0.2876820724517809)0.99:0.5500463369192721)1:1.0296194171811581)0.82:0.3829922522561057)0.93:0.42121346507630353,t5));
Weight calculation took 0.036077733 secs
ASTRAL finished in 0.773 secs
