
================== ASTRAL ===================== 

This is ASTRAL version 5.7.8
Gene trees are treated as unrooted
540 trees read from tmp_quartet_s3IbTuHeseL2V.txt
index0
All output trees will be *arbitrarily* rooted at t4
201 extra trees read from tmp_bipartitions_s3IbTuHeseL2V.bootstrap.trees

======== Running the main analysis
Number of taxa: 10 (10 species)
Taxa: [t4, t8, t1, t2, t5, t6, t10, t9, t3, t7]
Taxon occupancy: {t4=261, t5=184, t6=163, t10=261, t7=204, t8=214, t9=220, t1=330, t2=251, t3=72}
Number of gene trees: 540
540 trees have missing taxa
Calculating quartet distance matrix (for completion of X)
Species tree distances calculated ...
Will attempt to complete bipartitions from X before adding using a distance matrix.
Building set of clusters (X) from gene trees 
------------------------------
gradient0: 45
Number of Clusters after addition by distance: 45
calculating extra bipartitions to be added at level 1 ...
Adding to X using resolutions of greedy consensus ...
Limit for sigma of degrees:300
polytomy size limit : 3
discarded polytomies:  []
Threshold 0.0:
Threshold 0.01:
Threshold 0.02:
Threshold 0.05:
Threshold 0.1:
Threshold 0.2:
Threshold 0.3333333333333333:
max k is :0
Number of Clusters after addition by greedy: 45
gradient0 in heuristiic: 45
calculating extra bipartitions from extra input trees ...
Number of Clusters after additions from extra trees: 79
partitions formed in 0.316 secs
Dynamic Programming starting after 0.316 secs
Using tree-based weight calculation.
Using polytree-based weight calculation.
Polytree max score: 540
Polytree building time: 0.026 seconds.
Number of quartet trees in the gene trees: 540
Size of largest cluster: 10
Greedy score: 537
estimationFactor: 1.005586592178771
Sub-optimal score: 537
Total Number of elements weighted: 59
Normalized score (portion of input quartet trees satisfied before correcting for multiple individuals): 0.9944444444444445
Optimization score: 537
Optimal tree inferred in 0.444 secs.
(t8,((t10,t9),((t4,t7),(t3,(t5,(t1,(t2,t6)))))));
Final quartet score is: 537
Final normalized quartet score is: 0.9944444444444445
You may want to ignore posterior probabilities and other statistics related to the following branch branch because the effective number of genes impacting it is only 11:
	{t2, t6}
You may want to ignore posterior probabilities and other statistics related to the following branch branch because the effective number of genes impacting it is only 1:
	{t1, t2, t6}
You may want to ignore posterior probabilities and other statistics related to the following branch branch because the effective number of genes impacting it is only 10:
	{t1, t2, t5, t6}
You may want to ignore posterior probabilities and other statistics related to the following branch branch because the effective number of genes impacting it is only 11:
	{t1, t2, t5, t6, t3}
You may want to ignore posterior probabilities and other statistics related to the following branch branch because the effective number of genes impacting it is only 8:
	{t10, t9}
You may want to ignore posterior probabilities and other statistics related to the following branch branch because the effective number of genes impacting it is only 16:
	{t8, t10, t9}
You may want to ignore posterior probabilities and other statistics related to the following branch branch because the effective number of genes impacting it is only 8:
	{t8, t1, t2, t5, t6, t10, t9, t3}
Extended species tree:
(t4,(t7,((t3,(t5,(t1,(t2,t6)1:2.0794415416798353)0.67:0.2876820724517809)1:1.9924301646902058)1:2.0794415416798353,((t10,t9)1:1.0986122886681098,t8)1:1.7346010553881062)1:1.7917594692280545));
Weight calculation took 0.034865736 secs
ASTRAL finished in 0.661 secs
