
================== ASTRAL ===================== 

This is ASTRAL version 5.7.8
Gene trees are treated as unrooted
1117 trees read from tmp_quartet_s3IbTuHeseL2V.txt
index0
All output trees will be *arbitrarily* rooted at t10
201 extra trees read from tmp_bipartitions_s3IbTuHeseL2V.bootstrap.trees

======== Running the main analysis
Number of taxa: 10 (10 species)
Taxa: [t10, t9, t1, t6, t8, t4, t3, t7, t5, t2]
Taxon occupancy: {t4=460, t5=324, t10=669, t6=569, t7=542, t8=507, t9=646, t1=224, t2=278, t3=249}
Number of gene trees: 1117
1117 trees have missing taxa
Calculating quartet distance matrix (for completion of X)
Species tree distances calculated ...
Will attempt to complete bipartitions from X before adding using a distance matrix.
Building set of clusters (X) from gene trees 
------------------------------
gradient0: 73
Number of Clusters after addition by distance: 73
calculating extra bipartitions to be added at level 1 ...
Adding to X using resolutions of greedy consensus ...
Limit for sigma of degrees:300
polytomy size limit : 3
discarded polytomies:  []
Threshold 0.0:
Threshold 0.01:
Threshold 0.02:
Threshold 0.05:
Threshold 0.1:
Threshold 0.2:
Threshold 0.3333333333333333:
max k is :0
Number of Clusters after addition by greedy: 73
gradient0 in heuristiic: 73
calculating extra bipartitions from extra input trees ...
Number of Clusters after additions from extra trees: 79
partitions formed in 0.445 secs
Dynamic Programming starting after 0.446 secs
Using tree-based weight calculation.
Using polytree-based weight calculation.
Polytree max score: 1117
Polytree building time: 0.028 seconds.
Number of quartet trees in the gene trees: 1117
Size of largest cluster: 10
Greedy score: 1086
estimationFactor: 1.0285451197053408
Sub-optimal score: 1086
Total Number of elements weighted: 75
Normalized score (portion of input quartet trees satisfied before correcting for multiple individuals): 0.97224709042077
Optimization score: 1086
Optimal tree inferred in 0.568 secs.
(t9,(t10,(t7,(t3,(t5,(t2,((t8,t4),(t1,t6))))))));
Final quartet score is: 1086
Final normalized quartet score is: 0.97224709042077
You may want to ignore posterior probabilities and other statistics related to the following branch branch because the effective number of genes impacting it is only 8:
	{t1, t6}
You may want to ignore posterior probabilities and other statistics related to the following branch branch because the effective number of genes impacting it is only 7:
	{t1, t6, t8, t4}
Extended species tree:
(t10,((t7,(t3,(t5,(t2,((t8,t4)1:3.4231762883809314,(t1,t6)0.82:0.40546510810816444)0.67:0.2876820724517809)1:3.3557350075853964)0.99:0.4635727389154453)1:1.0498221244986778)1:2.6390573296152575,t9));
Weight calculation took 0.022304813 secs
ASTRAL finished in 0.835 secs
