
================== ASTRAL ===================== 

This is ASTRAL version 5.7.8
Gene trees are treated as unrooted
349 trees read from tmp_quartet_s3IbTuHeseL2V.txt
index0
All output trees will be *arbitrarily* rooted at t10
201 extra trees read from tmp_bipartitions_s3IbTuHeseL2V.bootstrap.trees

======== Running the main analysis
Number of taxa: 10 (10 species)
Taxa: [t10, t6, t5, t8, t3, t4, t2, t7, t1, t9]
Taxon occupancy: {t4=126, t5=156, t10=234, t6=261, t7=118, t8=89, t9=72, t1=109, t2=112, t3=119}
Number of gene trees: 349
349 trees have missing taxa
Calculating quartet distance matrix (for completion of X)
Species tree distances calculated ...
Will attempt to complete bipartitions from X before adding using a distance matrix.
Building set of clusters (X) from gene trees 
------------------------------
gradient0: 51
Number of Clusters after addition by distance: 51
calculating extra bipartitions to be added at level 1 ...
Adding to X using resolutions of greedy consensus ...
Limit for sigma of degrees:300
polytomy size limit : 3
discarded polytomies:  []
Threshold 0.0:
Threshold 0.01:
Threshold 0.02:
Threshold 0.05:
Threshold 0.1:
Threshold 0.2:
Threshold 0.3333333333333333:
max k is :0
Number of Clusters after addition by greedy: 51
gradient0 in heuristiic: 51
calculating extra bipartitions from extra input trees ...
Number of Clusters after additions from extra trees: 83
partitions formed in 0.283 secs
Dynamic Programming starting after 0.283 secs
Using tree-based weight calculation.
Using polytree-based weight calculation.
Polytree max score: 349
Polytree building time: 0.012 seconds.
Number of quartet trees in the gene trees: 349
Size of largest cluster: 10
Greedy score: 348
estimationFactor: 1.0028735632183907
Sub-optimal score: 348
Total Number of elements weighted: 69
Normalized score (portion of input quartet trees satisfied before correcting for multiple individuals): 0.997134670487106
Optimization score: 348
Optimal tree inferred in 0.382 secs.
(t6,(t10,(t1,(t2,(t7,((t8,t9),(t5,(t3,t4))))))));
Final quartet score is: 348
Final normalized quartet score is: 0.997134670487106
You may want to ignore posterior probabilities and other statistics related to the following branch branch because the effective number of genes impacting it is only 1:
	{t8, t9}
You may want to ignore posterior probabilities and other statistics related to the following branch branch because the effective number of genes impacting it is only 7:
	{t3, t4}
You may want to ignore posterior probabilities and other statistics related to the following branch branch because the effective number of genes impacting it is only 9:
	{t5, t3, t4}
You may want to ignore posterior probabilities and other statistics related to the following branch branch because the effective number of genes impacting it is only 6:
	{t5, t8, t3, t4, t9}
You may want to ignore posterior probabilities and other statistics related to the following branch branch because the effective number of genes impacting it is only 1:
	{t5, t8, t3, t4, t7, t9}
You may want to ignore posterior probabilities and other statistics related to the following branch branch because the effective number of genes impacting it is only 5:
	{t5, t8, t3, t4, t2, t7, t1, t9}
Extended species tree:
(t10,((t1,(t2,(t7,((t8,t9)0.67:0.2876820724517809,(t5,(t3,t4)1:1.6739764335716716)1:1.8971199848858815)0.97:0.8472978603872037)0.67:0.2876820724517809)1:3.149882953381249)0.99:1.3862943611198908,t6));
Weight calculation took 0.020724717 secs
ASTRAL finished in 0.566 secs
