
================== ASTRAL ===================== 

This is ASTRAL version 5.7.8
Gene trees are treated as unrooted
3648 trees read from tmp_quartet_s3IbTuHeseL2V.txt
index0
All output trees will be *arbitrarily* rooted at t2
201 extra trees read from tmp_bipartitions_s3IbTuHeseL2V.bootstrap.trees

======== Running the main analysis
Number of taxa: 10 (10 species)
Taxa: [t2, t4, t1, t3, t9, t5, t6, t7, t10, t8]
Taxon occupancy: {t4=722, t5=915, t6=1658, t10=1663, t7=1566, t8=1575, t9=1791, t1=1338, t2=1562, t3=1802}
Number of gene trees: 3648
3648 trees have missing taxa
Calculating quartet distance matrix (for completion of X)
Species tree distances calculated ...
Will attempt to complete bipartitions from X before adding using a distance matrix.
Building set of clusters (X) from gene trees 
------------------------------
gradient0: 57
Number of Clusters after addition by distance: 57
calculating extra bipartitions to be added at level 1 ...
Adding to X using resolutions of greedy consensus ...
Limit for sigma of degrees:300
polytomy size limit : 3
discarded polytomies:  []
Threshold 0.0:
Threshold 0.01:
Threshold 0.02:
Threshold 0.05:
Threshold 0.1:
Threshold 0.2:
Threshold 0.3333333333333333:
max k is :0
Number of Clusters after addition by greedy: 57
gradient0 in heuristiic: 57
calculating extra bipartitions from extra input trees ...
Number of Clusters after additions from extra trees: 75
partitions formed in 1.051 secs
Dynamic Programming starting after 1.051 secs
Using tree-based weight calculation.
Using polytree-based weight calculation.
Polytree max score: 3648
Polytree building time: 0.066 seconds.
Number of quartet trees in the gene trees: 3648
Size of largest cluster: 10
Greedy score: 3613
estimationFactor: 1.0096872405203432
Sub-optimal score: 3613
Total Number of elements weighted: 62
Normalized score (portion of input quartet trees satisfied before correcting for multiple individuals): 0.9904057017543859
Optimization score: 3613
Optimal tree inferred in 1.265 secs.
(t4,(t5,(((t6,t7),(t2,t10)),(t1,(t8,(t3,t9))))));
Final quartet score is: 3613
Final normalized quartet score is: 0.9904057017543859
Extended species tree:
(t2,(t10,((t6,t7)1:3.7534179752515073,((t1,(t8,(t3,t9)1:1.2039728043259361)1:2.302585092994046)1:3.597312260588446,(t5,t4)1:1.6739764335716716)1:2.730029107820986)1:4.857225080796717));
Weight calculation took 0.029150759 secs
ASTRAL finished in 1.657 secs
