
================== ASTRAL ===================== 

This is ASTRAL version 5.7.8
Gene trees are treated as unrooted
815 trees read from tmp_quartet_s3IbTuHeseL2V.txt
index0
All output trees will be *arbitrarily* rooted at t2
201 extra trees read from tmp_bipartitions_s3IbTuHeseL2V.bootstrap.trees

======== Running the main analysis
Number of taxa: 10 (10 species)
Taxa: [t2, t3, t1, t6, t8, t5, t7, t10, t4, t9]
Taxon occupancy: {t4=365, t5=457, t6=323, t10=292, t7=161, t8=386, t9=260, t1=289, t2=409, t3=318}
Number of gene trees: 815
815 trees have missing taxa
Calculating quartet distance matrix (for completion of X)
Species tree distances calculated ...
Will attempt to complete bipartitions from X before adding using a distance matrix.
Building set of clusters (X) from gene trees 
------------------------------
gradient0: 109
Number of Clusters after addition by distance: 109
calculating extra bipartitions to be added at level 1 ...
Adding to X using resolutions of greedy consensus ...
Limit for sigma of degrees:300
polytomy size limit : 3
discarded polytomies:  []
Threshold 0.0:
Threshold 0.01:
Threshold 0.02:
Threshold 0.05:
Threshold 0.1:
Threshold 0.2:
Threshold 0.3333333333333333:
max k is :0
Number of Clusters after addition by greedy: 109
gradient0 in heuristiic: 109
calculating extra bipartitions from extra input trees ...
Number of Clusters after additions from extra trees: 127
partitions formed in 0.383 secs
Dynamic Programming starting after 0.383 secs
Using tree-based weight calculation.
Using polytree-based weight calculation.
Polytree max score: 815
Polytree building time: 0.027 seconds.
Number of quartet trees in the gene trees: 815
Size of largest cluster: 10
Greedy score: 758
estimationFactor: 1.075197889182058
Sub-optimal score: 758
Total Number of elements weighted: 138
Normalized score (portion of input quartet trees satisfied before correcting for multiple individuals): 0.9423312883435583
Optimization score: 768
Optimal tree inferred in 0.526 secs.
(t3,((t4,(t6,t10)),(t7,((t2,t1),(t9,(t8,t5))))));
Final quartet score is: 768
Final normalized quartet score is: 0.9423312883435583
You may want to ignore posterior probabilities and other statistics related to the following branch branch because the effective number of genes impacting it is only 7:
	{t6, t10}
You may want to ignore posterior probabilities and other statistics related to the following branch branch because the effective number of genes impacting it is only 7:
	{t3, t6, t7, t10, t4}
You may want to ignore posterior probabilities and other statistics related to the following branch branch because the effective number of genes impacting it is only 16:
	{t3, t6, t8, t5, t7, t10, t4, t9}
Extended species tree:
(t2,(t1,((t9,(t8,t5)1:2.6855773452501523)1:3.654977902438253,(t7,((t4,(t6,t10)0.99:0.9808292530117262)1:1.83258146374831,t3)0.99:0.5328045304847661)0.74:0.2876820724517809)1:0.8183103235139515));
Weight calculation took 0.038716996 secs
ASTRAL finished in 0.785 secs
