
================== ASTRAL ===================== 

This is ASTRAL version 5.7.8
Gene trees are treated as unrooted
501 trees read from tmp_quartet_s3IbTuHeseL2V.txt
index0
All output trees will be *arbitrarily* rooted at t7
201 extra trees read from tmp_bipartitions_s3IbTuHeseL2V.bootstrap.trees

======== Running the main analysis
Number of taxa: 10 (10 species)
Taxa: [t7, t8, t10, t6, t3, t4, t9, t1, t5, t2]
Taxon occupancy: {t4=268, t5=251, t10=286, t6=286, t7=96, t8=143, t9=254, t1=130, t2=190, t3=100}
Number of gene trees: 501
501 trees have missing taxa
Calculating quartet distance matrix (for completion of X)
Species tree distances calculated ...
Will attempt to complete bipartitions from X before adding using a distance matrix.
Building set of clusters (X) from gene trees 
------------------------------
gradient0: 63
Number of Clusters after addition by distance: 63
calculating extra bipartitions to be added at level 1 ...
Adding to X using resolutions of greedy consensus ...
Limit for sigma of degrees:300
polytomy size limit : 3
discarded polytomies:  []
Threshold 0.0:
Threshold 0.01:
Threshold 0.02:
Threshold 0.05:
Threshold 0.1:
Threshold 0.2:
Threshold 0.3333333333333333:
max k is :0
Number of Clusters after addition by greedy: 63
gradient0 in heuristiic: 63
calculating extra bipartitions from extra input trees ...
Number of Clusters after additions from extra trees: 99
partitions formed in 0.278 secs
Dynamic Programming starting after 0.278 secs
Using tree-based weight calculation.
Using polytree-based weight calculation.
Polytree max score: 501
Polytree building time: 0.014 seconds.
Number of quartet trees in the gene trees: 501
Size of largest cluster: 10
Greedy score: 479
estimationFactor: 1.0459290187891441
Sub-optimal score: 479
Total Number of elements weighted: 102
Normalized score (portion of input quartet trees satisfied before correcting for multiple individuals): 0.9620758483033932
Optimization score: 482
Optimal tree inferred in 0.412 secs.
(t8,((t1,(t2,(t10,t6))),(t7,(t3,(t9,(t4,t5))))));
Final quartet score is: 482
Final normalized quartet score is: 0.9620758483033932
You may want to ignore posterior probabilities and other statistics related to the following branch branch because the effective number of genes impacting it is only 7:
	{t4, t5}
You may want to ignore posterior probabilities and other statistics related to the following branch branch because the effective number of genes impacting it is only 3:
	{t4, t9, t5}
You may want to ignore posterior probabilities and other statistics related to the following branch branch because the effective number of genes impacting it is only 12:
	{t3, t4, t9, t5}
You may want to ignore posterior probabilities and other statistics related to the following branch branch because the effective number of genes impacting it is only 6:
	{t10, t6}
You may want to ignore posterior probabilities and other statistics related to the following branch branch because the effective number of genes impacting it is only 10:
	{t10, t6, t2}
You may want to ignore posterior probabilities and other statistics related to the following branch branch because the effective number of genes impacting it is only 8:
	{t10, t6, t1, t2}
You may want to ignore posterior probabilities and other statistics related to the following branch branch because the effective number of genes impacting it is only 16:
	{t8, t10, t6, t1, t2}
Extended species tree:
(t7,((t3,(t9,(t4,t5)0.67:0.2876820724517809)0.95:0.9808292530117262)1:1.466337068793427,((t1,(t2,(t10,t6)1:1.5404450409471486)1:1.299282984130261)0.86:0.40546510810816444,t8)1:1.3291359472799418));
Weight calculation took 0.033691118 secs
ASTRAL finished in 0.63 secs
