
================== ASTRAL ===================== 

This is ASTRAL version 5.7.8
Gene trees are treated as unrooted
2740 trees read from tmp_quartet_s3IbTuHeseL2V.txt
index0
All output trees will be *arbitrarily* rooted at t2
201 extra trees read from tmp_bipartitions_s3IbTuHeseL2V.bootstrap.trees

======== Running the main analysis
Number of taxa: 10 (10 species)
Taxa: [t2, t4, t1, t3, t8, t9, t5, t6, t7, t10]
Taxon occupancy: {t4=626, t5=802, t6=1260, t10=1255, t7=1218, t8=1096, t9=1313, t1=936, t2=1205, t3=1249}
Number of gene trees: 2740
2740 trees have missing taxa
Calculating quartet distance matrix (for completion of X)
Species tree distances calculated ...
Will attempt to complete bipartitions from X before adding using a distance matrix.
Building set of clusters (X) from gene trees 
------------------------------
gradient0: 51
Number of Clusters after addition by distance: 51
calculating extra bipartitions to be added at level 1 ...
Adding to X using resolutions of greedy consensus ...
Limit for sigma of degrees:300
polytomy size limit : 3
discarded polytomies:  []
Threshold 0.0:
Threshold 0.01:
Threshold 0.02:
Threshold 0.05:
Threshold 0.1:
Threshold 0.2:
Threshold 0.3333333333333333:
max k is :0
Number of Clusters after addition by greedy: 51
gradient0 in heuristiic: 51
calculating extra bipartitions from extra input trees ...
Number of Clusters after additions from extra trees: 71
partitions formed in 0.828 secs
Dynamic Programming starting after 0.828 secs
Using tree-based weight calculation.
Using polytree-based weight calculation.
Polytree max score: 2740
Polytree building time: 0.058 seconds.
Number of quartet trees in the gene trees: 2740
Size of largest cluster: 10
Greedy score: 2734
estimationFactor: 1.0021945866861741
Sub-optimal score: 2734
Total Number of elements weighted: 51
Normalized score (portion of input quartet trees satisfied before correcting for multiple individuals): 0.9978102189781022
Optimization score: 2734
Optimal tree inferred in 1.02 secs.
(t4,(t5,((t6,t7),((t2,t10),(t8,(t1,(t3,t9)))))));
Final quartet score is: 2734
Final normalized quartet score is: 0.9978102189781022
You may want to ignore posterior probabilities and other statistics related to the following branch branch because the effective number of genes impacting it is only 9:
	{t1, t3, t9}
You may want to ignore posterior probabilities and other statistics related to the following branch branch because the effective number of genes impacting it is only 0:
	{t4, t5, t6, t7}
Extended species tree:
(t2,(t10,((t8,(t1,(t3,t9)1:3.0122615755052005)0.93:0.5108256237659905)1:4.988162438244203,((t6,t7)1:3.2321210516182224,(t5,t4)1:4.591747165655945)0.33:0.0)1:4.912654885736056));
Weight calculation took 0.041697154 secs
ASTRAL finished in 1.387 secs
