
================== ASTRAL ===================== 

This is ASTRAL version 5.7.8
Gene trees are treated as unrooted
827 trees read from tmp_quartet_s3IbTuHeseL2V.txt
index0
All output trees will be *arbitrarily* rooted at t4
201 extra trees read from tmp_bipartitions_s3IbTuHeseL2V.bootstrap.trees

======== Running the main analysis
Number of taxa: 10 (10 species)
Taxa: [t4, t6, t1, t7, t8, t5, t3, t9, t10, t2]
Taxon occupancy: {t4=271, t5=249, t6=236, t10=395, t7=370, t8=345, t9=285, t1=339, t2=345, t3=473}
Number of gene trees: 827
827 trees have missing taxa
Calculating quartet distance matrix (for completion of X)
Species tree distances calculated ...
Will attempt to complete bipartitions from X before adding using a distance matrix.
Building set of clusters (X) from gene trees 
------------------------------
gradient0: 53
Number of Clusters after addition by distance: 53
calculating extra bipartitions to be added at level 1 ...
Adding to X using resolutions of greedy consensus ...
Limit for sigma of degrees:300
polytomy size limit : 3
discarded polytomies:  []
Threshold 0.0:
Threshold 0.01:
Threshold 0.02:
Threshold 0.05:
Threshold 0.1:
Threshold 0.2:
Threshold 0.3333333333333333:
max k is :0
Number of Clusters after addition by greedy: 53
gradient0 in heuristiic: 53
calculating extra bipartitions from extra input trees ...
Number of Clusters after additions from extra trees: 83
partitions formed in 0.365 secs
Dynamic Programming starting after 0.373 secs
Using tree-based weight calculation.
Using polytree-based weight calculation.
Polytree max score: 827
Polytree building time: 0.014 seconds.
Number of quartet trees in the gene trees: 827
Size of largest cluster: 10
Greedy score: 823
estimationFactor: 1.0048602673147022
Sub-optimal score: 823
Total Number of elements weighted: 73
Normalized score (portion of input quartet trees satisfied before correcting for multiple individuals): 0.9951632406287787
Optimization score: 823
Optimal tree inferred in 0.499 secs.
(t6,(t4,(t5,(t2,((t7,t8),(t1,(t3,(t9,t10))))))));
Final quartet score is: 823
Final normalized quartet score is: 0.9951632406287787
You may want to ignore posterior probabilities and other statistics related to the following branch branch because the effective number of genes impacting it is only 16:
	{t7, t8}
You may want to ignore posterior probabilities and other statistics related to the following branch branch because the effective number of genes impacting it is only 9:
	{t9, t10}
You may want to ignore posterior probabilities and other statistics related to the following branch branch because the effective number of genes impacting it is only 3:
	{t1, t7, t8, t3, t9, t10}
You may want to ignore posterior probabilities and other statistics related to the following branch branch because the effective number of genes impacting it is only 16:
	{t1, t7, t8, t3, t9, t10, t2}
You may want to ignore posterior probabilities and other statistics related to the following branch branch because the effective number of genes impacting it is only 1:
	{t1, t7, t8, t5, t3, t9, t10, t2}
Extended species tree:
(t4,((t5,(t2,((t7,t8)1:2.4277482359480516,(t1,(t3,(t9,t10)1:1.2039728043259361)1:2.2335922215070947)1:3.7534179752515073)0.95:0.9808292530117262)1:1.3291359472799418)0.67:0.2876820724517809,t6));
Weight calculation took 0.03981465 secs
ASTRAL finished in 0.758 secs
