
================== ASTRAL ===================== 

This is ASTRAL version 5.7.8
Gene trees are treated as unrooted
1755 trees read from tmp_quartet_s3IbTuHeseL2V.txt
index0
All output trees will be *arbitrarily* rooted at t10
201 extra trees read from tmp_bipartitions_s3IbTuHeseL2V.bootstrap.trees

======== Running the main analysis
Number of taxa: 10 (10 species)
Taxa: [t10, t8, t3, t4, t5, t7, t6, t9, t2, t1]
Taxon occupancy: {t4=1058, t5=883, t10=692, t6=598, t7=708, t8=774, t9=575, t1=291, t2=409, t3=1032}
Number of gene trees: 1755
1755 trees have missing taxa
Calculating quartet distance matrix (for completion of X)
Species tree distances calculated ...
Will attempt to complete bipartitions from X before adding using a distance matrix.
Building set of clusters (X) from gene trees 
------------------------------
gradient0: 71
Number of Clusters after addition by distance: 71
calculating extra bipartitions to be added at level 1 ...
Adding to X using resolutions of greedy consensus ...
Limit for sigma of degrees:300
polytomy size limit : 3
discarded polytomies:  []
Threshold 0.0:
Threshold 0.01:
Threshold 0.02:
Threshold 0.05:
Threshold 0.1:
Threshold 0.2:
Threshold 0.3333333333333333:
max k is :0
Number of Clusters after addition by greedy: 71
gradient0 in heuristiic: 71
calculating extra bipartitions from extra input trees ...
Number of Clusters after additions from extra trees: 115
partitions formed in 0.606 secs
Dynamic Programming starting after 0.619 secs
Using tree-based weight calculation.
Using polytree-based weight calculation.
Polytree max score: 1755
Polytree building time: 0.029 seconds.
Number of quartet trees in the gene trees: 1755
Size of largest cluster: 10
Greedy score: 1720
estimationFactor: 1.0203488372093024
Sub-optimal score: 1720
Total Number of elements weighted: 99
Normalized score (portion of input quartet trees satisfied before correcting for multiple individuals): 0.98005698005698
Optimization score: 1720
Optimal tree inferred in 0.781 secs.
(t8,(t10,((t7,t2),((t6,t9),(t1,(t5,(t3,t4)))))));
Final quartet score is: 1720
Final normalized quartet score is: 0.98005698005698
You may want to ignore posterior probabilities and other statistics related to the following branch branch because the effective number of genes impacting it is only 11:
	{t6, t9}
You may want to ignore posterior probabilities and other statistics related to the following branch branch because the effective number of genes impacting it is only 17:
	{t3, t4}
Extended species tree:
(t10,(((t7,t2)1:1.5404450409471486,((t6,t9)1:0.9808292530117262,(t1,(t5,(t3,t4)1:1.7917594692280545)1:3.601868077124306)1:1.7635885922613583)1:1.0033021088637848)1:2.5776883832389657,t8));
Weight calculation took 0.053004777 secs
ASTRAL finished in 1.127 secs
