
================== ASTRAL ===================== 

This is ASTRAL version 5.7.8
Gene trees are treated as unrooted
860 trees read from tmp_quartet_s3IbTuHeseL2V.txt
index0
All output trees will be *arbitrarily* rooted at t4
201 extra trees read from tmp_bipartitions_s3IbTuHeseL2V.bootstrap.trees

======== Running the main analysis
Number of taxa: 10 (10 species)
Taxa: [t4, t5, t1, t2, t10, t6, t7, t3, t8, t9]
Taxon occupancy: {t4=247, t5=446, t10=551, t6=525, t7=282, t8=147, t9=326, t1=302, t2=282, t3=332}
Number of gene trees: 860
860 trees have missing taxa
Calculating quartet distance matrix (for completion of X)
Species tree distances calculated ...
Will attempt to complete bipartitions from X before adding using a distance matrix.
Building set of clusters (X) from gene trees 
------------------------------
gradient0: 47
Number of Clusters after addition by distance: 47
calculating extra bipartitions to be added at level 1 ...
Adding to X using resolutions of greedy consensus ...
Limit for sigma of degrees:300
polytomy size limit : 3
discarded polytomies:  []
Threshold 0.0:
Threshold 0.01:
Threshold 0.02:
Threshold 0.05:
Threshold 0.1:
Threshold 0.2:
Threshold 0.3333333333333333:
max k is :0
Number of Clusters after addition by greedy: 47
gradient0 in heuristiic: 47
calculating extra bipartitions from extra input trees ...
Number of Clusters after additions from extra trees: 77
partitions formed in 0.378 secs
Dynamic Programming starting after 0.391 secs
Using tree-based weight calculation.
Using polytree-based weight calculation.
Polytree max score: 860
Polytree building time: 0.016 seconds.
Number of quartet trees in the gene trees: 860
Size of largest cluster: 10
Greedy score: 854
estimationFactor: 1.0070257611241218
Sub-optimal score: 854
Total Number of elements weighted: 59
Normalized score (portion of input quartet trees satisfied before correcting for multiple individuals): 0.9930232558139535
Optimization score: 854
Optimal tree inferred in 0.507 secs.
(t5,(t9,(t7,(t4,(t3,(t2,(t1,(t8,(t10,t6)))))))));
Final quartet score is: 854
Final normalized quartet score is: 0.9930232558139535
You may want to ignore posterior probabilities and other statistics related to the following branch branch because the effective number of genes impacting it is only 7:
	{t1, t10, t6, t8}
You may want to ignore posterior probabilities and other statistics related to the following branch branch because the effective number of genes impacting it is only 0:
	{t1, t2, t10, t6, t8}
You may want to ignore posterior probabilities and other statistics related to the following branch branch because the effective number of genes impacting it is only 17:
	{t5, t9}
You may want to ignore posterior probabilities and other statistics related to the following branch branch because the effective number of genes impacting it is only 4:
	{t5, t7, t9}
Extended species tree:
(t4,((t3,(t2,(t1,(t8,(t10,t6)1:2.772588722239782)1:2.772588722239782)1:1.6739764335716716)0.33:0.0)1:3.601868077124306,(t7,(t9,t5)1:1.3862943611198908)0.44:0.1053605156578264));
Weight calculation took 0.033543933 secs
ASTRAL finished in 0.775 secs
