
================== ASTRAL ===================== 

This is ASTRAL version 5.7.8
Gene trees are treated as unrooted
5690 trees read from quartet_temp.txt
index0
All output trees will be *arbitrarily* rooted at t3

======== Running the main analysis
Number of taxa: 10 (10 species)
Taxa: [t3, t4, t1, t2, t6, t7, t8, t9, t5, t10]
Taxon occupancy: {t4=3281, t5=3007, t6=1964, t10=2116, t7=2150, t8=2204, t9=1802, t1=1335, t2=1469, t3=3432}
Number of gene trees: 5690
5690 trees have missing taxa
Calculating quartet distance matrix (for completion of X)
Species tree distances calculated ...
Will attempt to complete bipartitions from X before adding using a distance matrix.
Building set of clusters (X) from gene trees 
------------------------------
gradient0: 107
Number of Clusters after addition by distance: 107
calculating extra bipartitions to be added at level 1 ...
Adding to X using resolutions of greedy consensus ...
Limit for sigma of degrees:300
polytomy size limit : 3
discarded polytomies:  []
Threshold 0.0:
Threshold 0.01:
Threshold 0.02:
Threshold 0.05:
Threshold 0.1:
Threshold 0.2:
Threshold 0.3333333333333333:
max k is :0
Number of Clusters after addition by greedy: 107
gradient0 in heuristiic: 107
calculating all possible bipartitions ...
Number of Clusters After Adding All possible clusters: 1023
partitions formed in 0.281 secs
Dynamic Programming starting after 0.281 secs
Using tree-based weight calculation.
Using polytree-based weight calculation.
Polytree max score: 5690
Polytree building time: 0.019 seconds.
Number of quartet trees in the gene trees: 5690
Size of largest cluster: 10
Greedy score: 5532
estimationFactor: 1.0285610990600145
Sub-optimal score: 5532
Total Number of elements weighted: 1240
Normalized score (portion of input quartet trees satisfied before correcting for multiple individuals): 0.9722319859402461
Optimization score: 5532
Optimal tree inferred in 0.441 secs.
(t4,(t3,(t5,(t1,(t9,(t6,((t8,t10),(t2,t7))))))));
Final quartet score is: 5532
Final normalized quartet score is: 0.9722319859402461
Extended species tree:
(t3,((t5,(t1,(t9,(t6,((t8,t10)1:2.6476780726591667,(t2,t7)1:0.9900459081166504)1:0.7915872533731977)0.94:0.26662866325394846)1:2.0329215260449427)1:5.788940282996496)1:2.590267165445826,t4));
Weight calculation took 0.099935073 secs
ASTRAL finished in 0.542 secs
