
================== ASTRAL ===================== 

This is ASTRAL version 5.7.8
Gene trees are treated as unrooted
5330 trees read from quartet_temp.txt
index0
All output trees will be *arbitrarily* rooted at t3

======== Running the main analysis
Number of taxa: 10 (10 species)
Taxa: [t3, t4, t1, t2, t6, t7, t8, t9, t10, t5]
Taxon occupancy: {t4=2971, t5=2662, t6=1789, t10=2079, t7=2115, t8=2259, t9=1749, t1=1083, t2=1580, t3=3033}
Number of gene trees: 5330
5330 trees have missing taxa
Calculating quartet distance matrix (for completion of X)
Species tree distances calculated ...
Will attempt to complete bipartitions from X before adding using a distance matrix.
Building set of clusters (X) from gene trees 
------------------------------
gradient0: 113
Number of Clusters after addition by distance: 113
calculating extra bipartitions to be added at level 1 ...
Adding to X using resolutions of greedy consensus ...
Limit for sigma of degrees:300
polytomy size limit : 3
discarded polytomies:  []
Threshold 0.0:
Threshold 0.01:
Threshold 0.02:
Threshold 0.05:
Threshold 0.1:
Threshold 0.2:
Threshold 0.3333333333333333:
max k is :0
Number of Clusters after addition by greedy: 113
gradient0 in heuristiic: 113
calculating all possible bipartitions ...
Number of Clusters After Adding All possible clusters: 1023
partitions formed in 0.263 secs
Dynamic Programming starting after 0.263 secs
Using tree-based weight calculation.
Using polytree-based weight calculation.
Polytree max score: 5330
Polytree building time: 0.02 seconds.
Number of quartet trees in the gene trees: 5330
Size of largest cluster: 10
Greedy score: 5040
estimationFactor: 1.0575396825396826
Sub-optimal score: 5040
Total Number of elements weighted: 1387
Normalized score (portion of input quartet trees satisfied before correcting for multiple individuals): 0.94765478424015
Optimization score: 5051
Optimal tree inferred in 0.432 secs.
(t4,(t3,(t5,(t1,((t6,t9),((t8,t10),(t2,t7)))))));
Final quartet score is: 5051
Final normalized quartet score is: 0.94765478424015
Extended species tree:
(t3,((t5,(t1,((t6,t9)0.98:0.23503833896635906,((t8,t10)1:1.5513741114793396,(t2,t7)1:1.0508968156284428)1:0.5396737781036489)1:2.4326382212422426)1:3.5263605246161593)1:2.3307559699607427,t4));
Weight calculation took 0.107948722 secs
ASTRAL finished in 0.529 secs
