
================== ASTRAL ===================== 

This is ASTRAL version 5.7.8
Gene trees are treated as unrooted
2961 trees read from quartet_temp.txt
index0
All output trees will be *arbitrarily* rooted at t10

======== Running the main analysis
Number of taxa: 10 (10 species)
Taxa: [t10, t4, t1, t2, t3, t7, t8, t9, t5, t6]
Taxon occupancy: {t4=1403, t5=1313, t10=1391, t6=1202, t7=749, t8=1199, t9=1018, t1=1054, t2=1037, t3=1478}
Number of gene trees: 2961
2961 trees have missing taxa
Calculating quartet distance matrix (for completion of X)
Species tree distances calculated ...
Will attempt to complete bipartitions from X before adding using a distance matrix.
Building set of clusters (X) from gene trees 
------------------------------
gradient0: 105
Number of Clusters after addition by distance: 105
calculating extra bipartitions to be added at level 1 ...
Adding to X using resolutions of greedy consensus ...
Limit for sigma of degrees:300
polytomy size limit : 3
discarded polytomies:  []
Threshold 0.0:
Threshold 0.01:
Threshold 0.02:
Threshold 0.05:
Threshold 0.1:
Threshold 0.2:
Threshold 0.3333333333333333:
max k is :0
Number of Clusters after addition by greedy: 105
gradient0 in heuristiic: 105
calculating all possible bipartitions ...
Number of Clusters After Adding All possible clusters: 1023
partitions formed in 0.22 secs
Dynamic Programming starting after 0.22 secs
Using tree-based weight calculation.
Using polytree-based weight calculation.
Polytree max score: 2961
Polytree building time: 0.012 seconds.
Number of quartet trees in the gene trees: 2961
Size of largest cluster: 10
Greedy score: 2899
estimationFactor: 1.0213866850638151
Sub-optimal score: 2899
Total Number of elements weighted: 965
Normalized score (portion of input quartet trees satisfied before correcting for multiple individuals): 0.9790611279972982
Optimization score: 2899
Optimal tree inferred in 0.332 secs.
(t4,(t10,((t7,(t9,t6)),(t1,(t2,(t8,(t3,t5)))))));
Final quartet score is: 2899
Final normalized quartet score is: 0.9790611279972982
You may want to ignore posterior probabilities and other statistics related to the following branch branch because the effective number of genes impacting it is only 8:
	{t9, t6}
Extended species tree:
(t10,(((t7,(t9,t6)1:1.0986122886681098)1:2.890371757896163,(t1,(t2,(t8,(t3,t5)1:1.0369187196627698)1:2.6625878270254533)1:2.2155737160044158)1:2.8292840659163256)1:4.005310939851703,t4));
Weight calculation took 0.067883544 secs
ASTRAL finished in 0.413 secs
