
================== ASTRAL ===================== 

This is ASTRAL version 5.7.8
Gene trees are treated as unrooted
5074 trees read from quartet_temp.txt
index0
All output trees will be *arbitrarily* rooted at t5

======== Running the main analysis
Number of taxa: 10 (10 species)
Taxa: [t5, t7, t1, t2, t4, t6, t10, t8, t9, t3]
Taxon occupancy: {t4=2653, t5=2283, t6=1318, t10=2581, t7=2248, t8=1814, t9=1954, t1=1969, t2=1874, t3=1602}
Number of gene trees: 5074
5074 trees have missing taxa
Calculating quartet distance matrix (for completion of X)
Species tree distances calculated ...
Will attempt to complete bipartitions from X before adding using a distance matrix.
Building set of clusters (X) from gene trees 
------------------------------
gradient0: 73
Number of Clusters after addition by distance: 73
calculating extra bipartitions to be added at level 1 ...
Adding to X using resolutions of greedy consensus ...
Limit for sigma of degrees:300
polytomy size limit : 3
discarded polytomies:  []
Threshold 0.0:
Threshold 0.01:
Threshold 0.02:
Threshold 0.05:
Threshold 0.1:
Threshold 0.2:
Threshold 0.3333333333333333:
max k is :0
Number of Clusters after addition by greedy: 73
gradient0 in heuristiic: 73
calculating all possible bipartitions ...
Number of Clusters After Adding All possible clusters: 1023
partitions formed in 0.252 secs
Dynamic Programming starting after 0.252 secs
Using tree-based weight calculation.
Using polytree-based weight calculation.
Polytree max score: 5074
Polytree building time: 0.02 seconds.
Number of quartet trees in the gene trees: 5074
Size of largest cluster: 10
Greedy score: 4987
estimationFactor: 1.0174453579306195
Sub-optimal score: 4987
Total Number of elements weighted: 1003
Normalized score (portion of input quartet trees satisfied before correcting for multiple individuals): 0.9828537642885298
Optimization score: 4987
Optimal tree inferred in 0.384 secs.
(t7,(t5,((t8,t9),(t6,(t2,(t1,(t3,(t4,t10))))))));
Final quartet score is: 4987
Final normalized quartet score is: 0.9828537642885298
Extended species tree:
(t5,(((t8,t9)1:1.578666253767347,(t6,(t2,(t1,(t3,(t4,t10)1:3.332204510175203)1:3.814042597067946)1:3.218875824868203)1:1.2039728043259361)1:2.112964233718479)1:2.171249090932958,t7));
Weight calculation took 0.077356155 secs
ASTRAL finished in 0.488 secs
