
================== ASTRAL ===================== 

This is ASTRAL version 5.7.8
Gene trees are treated as unrooted
3298 trees read from quartet_temp.txt
index0
All output trees will be *arbitrarily* rooted at t5

======== Running the main analysis
Number of taxa: 10 (10 species)
Taxa: [t5, t6, t1, t2, t3, t7, t9, t8, t4, t10]
Taxon occupancy: {t4=1467, t5=1659, t6=1387, t10=1349, t7=849, t8=1524, t9=1204, t1=1221, t2=1421, t3=1111}
Number of gene trees: 3298
3298 trees have missing taxa
Calculating quartet distance matrix (for completion of X)
Species tree distances calculated ...
Will attempt to complete bipartitions from X before adding using a distance matrix.
Building set of clusters (X) from gene trees 
------------------------------
gradient0: 45
Number of Clusters after addition by distance: 45
calculating extra bipartitions to be added at level 1 ...
Adding to X using resolutions of greedy consensus ...
Limit for sigma of degrees:300
polytomy size limit : 3
discarded polytomies:  []
Threshold 0.0:
Threshold 0.01:
Threshold 0.02:
Threshold 0.05:
Threshold 0.1:
Threshold 0.2:
Threshold 0.3333333333333333:
max k is :0
Number of Clusters after addition by greedy: 45
gradient0 in heuristiic: 45
calculating all possible bipartitions ...
Number of Clusters After Adding All possible clusters: 1023
partitions formed in 0.182 secs
Dynamic Programming starting after 0.182 secs
Using tree-based weight calculation.
Using polytree-based weight calculation.
Polytree max score: 3298
Polytree building time: 0.012 seconds.
Number of quartet trees in the gene trees: 3298
Size of largest cluster: 10
Greedy score: 3236
estimationFactor: 1.019159456118665
Sub-optimal score: 3236
Total Number of elements weighted: 1044
Normalized score (portion of input quartet trees satisfied before correcting for multiple individuals): 0.9812007277137659
Optimization score: 3236
Optimal tree inferred in 0.305 secs.
(t6,(t10,(t4,(t3,((t9,(t5,t8)),(t7,(t1,t2)))))));
Final quartet score is: 3236
Final normalized quartet score is: 0.9812007277137659
You may want to ignore posterior probabilities and other statistics related to the following branch branch because the effective number of genes impacting it is only 16:
	{t1, t2}
Extended species tree:
(t5,(t8,(t9,((t7,(t1,t2)1:1.0414538748281608)1:0.5966869143723832,(t3,(t4,(t10,t6)1:3.8430301339411983)1:1.9594238682220364)1:3.0146007578583753)1:5.192956850890224)1:4.285882774120985));
Weight calculation took 0.078341445 secs
ASTRAL finished in 0.392 secs
