
================== ASTRAL ===================== 

This is ASTRAL version 5.7.8
Gene trees are treated as unrooted
4695 trees read from quartet_temp.txt
index0
All output trees will be *arbitrarily* rooted at t7

======== Running the main analysis
Number of taxa: 10 (10 species)
Taxa: [t7, t8, t2, t3, t4, t5, t9, t10, t1, t6]
Taxon occupancy: {t4=2250, t5=2005, t10=1744, t6=1759, t7=1678, t8=1574, t9=1888, t1=1544, t2=2289, t3=2049}
Number of gene trees: 4695
4695 trees have missing taxa
Calculating quartet distance matrix (for completion of X)
Species tree distances calculated ...
Will attempt to complete bipartitions from X before adding using a distance matrix.
Building set of clusters (X) from gene trees 
------------------------------
gradient0: 79
Number of Clusters after addition by distance: 79
calculating extra bipartitions to be added at level 1 ...
Adding to X using resolutions of greedy consensus ...
Limit for sigma of degrees:300
polytomy size limit : 3
discarded polytomies:  []
Threshold 0.0:
Threshold 0.01:
Threshold 0.02:
Threshold 0.05:
Threshold 0.1:
Threshold 0.2:
Threshold 0.3333333333333333:
max k is :0
Number of Clusters after addition by greedy: 79
gradient0 in heuristiic: 79
calculating all possible bipartitions ...
Number of Clusters After Adding All possible clusters: 1023
partitions formed in 0.248 secs
Dynamic Programming starting after 0.248 secs
Using tree-based weight calculation.
Using polytree-based weight calculation.
Polytree max score: 4695
Polytree building time: 0.02 seconds.
Number of quartet trees in the gene trees: 4695
Size of largest cluster: 10
Greedy score: 4591
estimationFactor: 1.0226530167719452
Sub-optimal score: 4603
Total Number of elements weighted: 1796
Normalized score (portion of input quartet trees satisfied before correcting for multiple individuals): 0.9804046858359957
Optimization score: 4603
Optimal tree inferred in 0.439 secs.
(t8,((t7,t6),((t9,t10),(t1,((t4,t5),(t2,t3))))));
Final quartet score is: 4603
Final normalized quartet score is: 0.9804046858359957
Extended species tree:
(t7,(t6,(((t9,t10)0.98:0.3083013596545167,(t1,((t4,t5)1:4.543294782270002,(t2,t3)1:4.257973986003903)1:5.09170311718505)1:4.614019801265066)1:0.5436154465889816,t8)0.95:0.4418327522790392));
Weight calculation took 0.133412794 secs
ASTRAL finished in 0.533 secs
