
================== ASTRAL ===================== 

This is ASTRAL version 5.7.8
Gene trees are treated as unrooted
5976 trees read from quartet_temp.txt
index0
All output trees will be *arbitrarily* rooted at t3

======== Running the main analysis
Number of taxa: 10 (10 species)
Taxa: [t3, t6, t1, t2, t4, t7, t8, t9, t5, t10]
Taxon occupancy: {t4=2776, t5=1872, t6=2690, t10=2119, t7=1688, t8=2358, t9=2636, t1=2676, t2=2964, t3=2125}
Number of gene trees: 5976
5976 trees have missing taxa
Calculating quartet distance matrix (for completion of X)
Species tree distances calculated ...
Will attempt to complete bipartitions from X before adding using a distance matrix.
Building set of clusters (X) from gene trees 
------------------------------
gradient0: 63
Number of Clusters after addition by distance: 63
calculating extra bipartitions to be added at level 1 ...
Adding to X using resolutions of greedy consensus ...
Limit for sigma of degrees:300
polytomy size limit : 3
discarded polytomies:  []
Threshold 0.0:
Threshold 0.01:
Threshold 0.02:
Threshold 0.05:
Threshold 0.1:
Threshold 0.2:
Threshold 0.3333333333333333:
max k is :0
Number of Clusters after addition by greedy: 63
gradient0 in heuristiic: 63
calculating all possible bipartitions ...
Number of Clusters After Adding All possible clusters: 1023
partitions formed in 0.291 secs
Dynamic Programming starting after 0.291 secs
Using tree-based weight calculation.
Using polytree-based weight calculation.
Polytree max score: 5976
Polytree building time: 0.025 seconds.
Number of quartet trees in the gene trees: 5976
Size of largest cluster: 10
Greedy score: 5949
estimationFactor: 1.0045385779122542
Sub-optimal score: 5949
Total Number of elements weighted: 844
Normalized score (portion of input quartet trees satisfied before correcting for multiple individuals): 0.9954819277108434
Optimization score: 5949
Optimal tree inferred in 0.476 secs.
(t6,((t8,(t9,t10)),(t7,(t3,(t5,(t1,(t2,t4)))))));
Final quartet score is: 5949
Final normalized quartet score is: 0.9954819277108434
Extended species tree:
(t3,((t5,(t1,(t2,t4)1:4.514515817719961)1:4.941642422609307)1:3.444682493601893,(t7,((t8,(t9,t10)1:2.772588722239782)1:2.538973871058275,t6)1:4.781920697732581)1:1.9459101490553135));
Weight calculation took 0.114706796 secs
ASTRAL finished in 0.582 secs
