
================== ASTRAL ===================== 

This is ASTRAL version 5.7.8
Gene trees are treated as unrooted
3884 trees read from quartet_temp.txt
index0
All output trees will be *arbitrarily* rooted at t5

======== Running the main analysis
Number of taxa: 10 (10 species)
Taxa: [t5, t6, t2, t3, t7, t8, t9, t10, t1, t4]
Taxon occupancy: {t4=1477, t5=1475, t6=1273, t10=1755, t7=1667, t8=1800, t9=1087, t1=1543, t2=1716, t3=1743}
Number of gene trees: 3884
3884 trees have missing taxa
Calculating quartet distance matrix (for completion of X)
Species tree distances calculated ...
Will attempt to complete bipartitions from X before adding using a distance matrix.
Building set of clusters (X) from gene trees 
------------------------------
gradient0: 73
Number of Clusters after addition by distance: 73
calculating extra bipartitions to be added at level 1 ...
Adding to X using resolutions of greedy consensus ...
Limit for sigma of degrees:300
polytomy size limit : 3
discarded polytomies:  []
Threshold 0.0:
Threshold 0.01:
Threshold 0.02:
Threshold 0.05:
Threshold 0.1:
Threshold 0.2:
Threshold 0.3333333333333333:
max k is :0
Number of Clusters after addition by greedy: 73
gradient0 in heuristiic: 73
calculating all possible bipartitions ...
Number of Clusters After Adding All possible clusters: 1023
partitions formed in 0.202 secs
Dynamic Programming starting after 0.202 secs
Using tree-based weight calculation.
Using polytree-based weight calculation.
Polytree max score: 3884
Polytree building time: 0.015 seconds.
Number of quartet trees in the gene trees: 3884
Size of largest cluster: 10
Greedy score: 3803
estimationFactor: 1.0212989744938206
Sub-optimal score: 3803
Total Number of elements weighted: 989
Normalized score (portion of input quartet trees satisfied before correcting for multiple individuals): 0.979145211122554
Optimization score: 3803
Optimal tree inferred in 0.36 secs.
(t6,((t5,(t7,(t8,t10))),(t9,((t1,t4),(t2,t3)))));
Final quartet score is: 3803
Final normalized quartet score is: 0.979145211122554
Extended species tree:
(t5,((t7,(t8,t10)1:1.0453677741492973)1:2.7135903814778253,((t9,((t1,t4)1:1.6894806201076369,(t2,t3)1:1.2286654169163078)1:3.494485316085714)1:1.4816045409242156,t6)1:2.6310891599660806));
Weight calculation took 0.103988656 secs
ASTRAL finished in 0.451 secs
