
================== ASTRAL ===================== 

This is ASTRAL version 5.7.8
Gene trees are treated as unrooted
2328 trees read from quartet_temp.txt
index0
All output trees will be *arbitrarily* rooted at t6

======== Running the main analysis
Number of taxa: 10 (10 species)
Taxa: [t6, t7, t1, t2, t3, t4, t5, t9, t10, t8]
Taxon occupancy: {t4=968, t5=827, t6=1330, t10=840, t7=1198, t8=641, t9=604, t1=1029, t2=1032, t3=843}
Number of gene trees: 2328
2328 trees have missing taxa
Calculating quartet distance matrix (for completion of X)
Species tree distances calculated ...
Will attempt to complete bipartitions from X before adding using a distance matrix.
Building set of clusters (X) from gene trees 
------------------------------
gradient0: 105
Number of Clusters after addition by distance: 105
calculating extra bipartitions to be added at level 1 ...
Adding to X using resolutions of greedy consensus ...
Limit for sigma of degrees:300
polytomy size limit : 3
discarded polytomies:  []
Threshold 0.0:
Threshold 0.01:
Threshold 0.02:
Threshold 0.05:
Threshold 0.1:
Threshold 0.2:
Threshold 0.3333333333333333:
max k is :0
Number of Clusters after addition by greedy: 105
gradient0 in heuristiic: 105
calculating all possible bipartitions ...
Number of Clusters After Adding All possible clusters: 1023
partitions formed in 0.194 secs
Dynamic Programming starting after 0.194 secs
Using tree-based weight calculation.
Using polytree-based weight calculation.
Polytree max score: 2328
Polytree building time: 0.013 seconds.
Number of quartet trees in the gene trees: 2328
Size of largest cluster: 10
Greedy score: 2218
estimationFactor: 1.0495942290351667
Sub-optimal score: 2218
Total Number of elements weighted: 1329
Normalized score (portion of input quartet trees satisfied before correcting for multiple individuals): 0.9527491408934707
Optimization score: 2218
Optimal tree inferred in 0.316 secs.
(t7,(t6,(t9,(t10,(t3,(t8,((t1,t4),(t2,t5))))))));
Final quartet score is: 2218
Final normalized quartet score is: 0.9527491408934707
Extended species tree:
(t6,((t9,(t10,(t3,(t8,((t1,t4)1:1.9924301646902058,(t2,t5)1:1.289130612666243)1:0.8994836135577736)1:3.5361166995615267)1:1.2499579175677593)1:0.8312975190407625)1:2.4375044108934167,t7));
Weight calculation took 0.078263647 secs
ASTRAL finished in 0.389 secs
