
================== ASTRAL ===================== 

This is ASTRAL version 5.7.8
Gene trees are treated as unrooted
6559 trees read from quartet_temp.txt
index0
All output trees will be *arbitrarily* rooted at t3

======== Running the main analysis
Number of taxa: 10 (10 species)
Taxa: [t3, t6, t1, t2, t4, t7, t8, t9, t5, t10]
Taxon occupancy: {t4=2813, t5=1995, t6=3041, t10=2460, t7=2138, t8=2484, t9=2866, t1=2922, t2=3181, t3=2336}
Number of gene trees: 6559
6559 trees have missing taxa
Calculating quartet distance matrix (for completion of X)
Species tree distances calculated ...
Will attempt to complete bipartitions from X before adding using a distance matrix.
Building set of clusters (X) from gene trees 
------------------------------
gradient0: 83
Number of Clusters after addition by distance: 83
calculating extra bipartitions to be added at level 1 ...
Adding to X using resolutions of greedy consensus ...
Limit for sigma of degrees:300
polytomy size limit : 3
discarded polytomies:  []
Threshold 0.0:
Threshold 0.01:
Threshold 0.02:
Threshold 0.05:
Threshold 0.1:
Threshold 0.2:
Threshold 0.3333333333333333:
max k is :0
Number of Clusters after addition by greedy: 83
gradient0 in heuristiic: 83
calculating all possible bipartitions ...
Number of Clusters After Adding All possible clusters: 1023
partitions formed in 0.313 secs
Dynamic Programming starting after 0.313 secs
Using tree-based weight calculation.
Using polytree-based weight calculation.
Polytree max score: 6559
Polytree building time: 0.028 seconds.
Number of quartet trees in the gene trees: 6559
Size of largest cluster: 10
Greedy score: 6478
estimationFactor: 1.0125038592158073
Sub-optimal score: 6478
Total Number of elements weighted: 844
Normalized score (portion of input quartet trees satisfied before correcting for multiple individuals): 0.9876505564872694
Optimization score: 6478
Optimal tree inferred in 0.486 secs.
(t6,((t8,(t9,t10)),(t7,(t3,(t5,(t1,(t2,t4)))))));
Final quartet score is: 6478
Final normalized quartet score is: 0.9876505564872694
Extended species tree:
(t3,((t5,(t1,(t2,t4)1:4.477336814478208)1:4.892852258439872)1:3.0757749812275272,(t7,((t8,(t9,t10)1:2.8653704556907478)1:0.8970593699462674,t6)1:2.5628103192127862)1:3.015534900850171));
Weight calculation took 0.109216759 secs
ASTRAL finished in 0.596 secs
