
================== ASTRAL ===================== 

This is ASTRAL version 5.7.8
Gene trees are treated as unrooted
2596 trees read from quartet_temp.txt
index0
All output trees will be *arbitrarily* rooted at t4

======== Running the main analysis
Number of taxa: 10 (10 species)
Taxa: [t4, t6, t2, t5, t7, t8, t9, t10, t1, t3]
Taxon occupancy: {t4=1154, t5=1146, t6=933, t10=690, t7=1335, t8=1205, t9=847, t1=1162, t2=968, t3=944}
Number of gene trees: 2596
2596 trees have missing taxa
Calculating quartet distance matrix (for completion of X)
Species tree distances calculated ...
Will attempt to complete bipartitions from X before adding using a distance matrix.
Building set of clusters (X) from gene trees 
------------------------------
gradient0: 101
Number of Clusters after addition by distance: 101
calculating extra bipartitions to be added at level 1 ...
Adding to X using resolutions of greedy consensus ...
Limit for sigma of degrees:300
polytomy size limit : 3
discarded polytomies:  []
Threshold 0.0:
Threshold 0.01:
Threshold 0.02:
Threshold 0.05:
Threshold 0.1:
Threshold 0.2:
Threshold 0.3333333333333333:
max k is :0
Number of Clusters after addition by greedy: 101
gradient0 in heuristiic: 101
calculating all possible bipartitions ...
Number of Clusters After Adding All possible clusters: 1023
partitions formed in 0.155 secs
Dynamic Programming starting after 0.155 secs
Using tree-based weight calculation.
Using polytree-based weight calculation.
Polytree max score: 2596
Polytree building time: 0.012 seconds.
Number of quartet trees in the gene trees: 2596
Size of largest cluster: 10
Greedy score: 2341
estimationFactor: 1.108927808628791
Sub-optimal score: 2429
Total Number of elements weighted: 2255
Normalized score (portion of input quartet trees satisfied before correcting for multiple individuals): 0.9356702619414484
Optimization score: 2429
Optimal tree inferred in 0.315 secs.
(t6,(((t7,t1),(t2,t5)),(t10,((t9,t3),(t4,t8)))));
Final quartet score is: 2429
Final normalized quartet score is: 0.9356702619414484
Extended species tree:
(t4,(t8,((t9,t3)1:2.4277482359480516,(t10,(((t7,t1)1:5.36908643743626,(t2,t5)1:0.9444616088408513)1:0.6185363167687706,t6)1:1.3291359472799418)0.62:0.20067069546215124)1:3.324236340526026));
Weight calculation took 0.109587909 secs
ASTRAL finished in 0.39 secs
