
================== ASTRAL ===================== 

This is ASTRAL version 5.7.8
Gene trees are treated as unrooted
5029 trees read from quartet_temp.txt
index0
All output trees will be *arbitrarily* rooted at t3

======== Running the main analysis
Number of taxa: 10 (10 species)
Taxa: [t3, t8, t1, t2, t5, t6, t7, t9, t10, t4]
Taxon occupancy: {t4=1752, t5=2234, t6=2226, t10=1483, t7=2195, t8=1387, t9=1970, t1=2402, t2=2343, t3=2124}
Number of gene trees: 5029
5029 trees have missing taxa
Calculating quartet distance matrix (for completion of X)
Species tree distances calculated ...
Will attempt to complete bipartitions from X before adding using a distance matrix.
Building set of clusters (X) from gene trees 
------------------------------
gradient0: 83
Number of Clusters after addition by distance: 83
calculating extra bipartitions to be added at level 1 ...
Adding to X using resolutions of greedy consensus ...
Limit for sigma of degrees:300
polytomy size limit : 3
discarded polytomies:  []
Threshold 0.0:
Threshold 0.01:
Threshold 0.02:
Threshold 0.05:
Threshold 0.1:
Threshold 0.2:
Threshold 0.3333333333333333:
max k is :0
Number of Clusters after addition by greedy: 83
gradient0 in heuristiic: 83
calculating all possible bipartitions ...
Number of Clusters After Adding All possible clusters: 1023
partitions formed in 0.256 secs
Dynamic Programming starting after 0.256 secs
Using tree-based weight calculation.
Using polytree-based weight calculation.
Polytree max score: 5029
Polytree building time: 0.019 seconds.
Number of quartet trees in the gene trees: 5029
Size of largest cluster: 10
Greedy score: 4896
estimationFactor: 1.0271650326797386
Sub-optimal score: 4896
Total Number of elements weighted: 1121
Normalized score (portion of input quartet trees satisfied before correcting for multiple individuals): 0.9735533903360509
Optimization score: 4896
Optimal tree inferred in 0.428 secs.
(t8,(t3,((t1,t2),(t4,((t6,t7),(t5,(t9,t10)))))));
Final quartet score is: 4896
Final normalized quartet score is: 0.9735533903360509
Extended species tree:
(t3,(((t1,t2)1:3.1964029690161437,(t4,((t6,t7)1:3.6955239968326064,(t5,(t9,t10)1:0.8696036179015019)1:0.3053816495511819)1:3.205452804536062)1:2.324563999712822)1:4.598481197837296,t8));
Weight calculation took 0.115717431 secs
ASTRAL finished in 0.53 secs
