
================== ASTRAL ===================== 

This is ASTRAL version 5.7.8
Gene trees are treated as unrooted
1708 trees read from tmp_quartet_CxgT39FVG8NT9.txt
index0
All output trees will be *arbitrarily* rooted at t7
201 extra trees read from tmp_bipartitions_CxgT39FVG8NT9.bootstrap.trees

======== Running the main analysis
Number of taxa: 10 (10 species)
Taxa: [t7, t8, t3, t5, t9, t10, t6, t4, t2, t1]
Taxon occupancy: {t4=1075, t5=874, t10=651, t6=642, t7=673, t8=755, t9=528, t1=201, t2=337, t3=1096}
Number of gene trees: 1708
1708 trees have missing taxa
Calculating quartet distance matrix (for completion of X)
Species tree distances calculated ...
Will attempt to complete bipartitions from X before adding using a distance matrix.
Building set of clusters (X) from gene trees 
------------------------------
gradient0: 61
Number of Clusters after addition by distance: 61
calculating extra bipartitions to be added at level 1 ...
Adding to X using resolutions of greedy consensus ...
Limit for sigma of degrees:300
polytomy size limit : 3
discarded polytomies:  []
Threshold 0.0:
Threshold 0.01:
Threshold 0.02:
Threshold 0.05:
Threshold 0.1:
Threshold 0.2:
Threshold 0.3333333333333333:
max k is :0
Number of Clusters after addition by greedy: 61
gradient0 in heuristiic: 61
calculating extra bipartitions from extra input trees ...
Number of Clusters after additions from extra trees: 93
partitions formed in 0.531 secs
Dynamic Programming starting after 0.532 secs
Using tree-based weight calculation.
Using polytree-based weight calculation.
Polytree max score: 1708
Polytree building time: 0.029 seconds.
Number of quartet trees in the gene trees: 1708
Size of largest cluster: 10
Greedy score: 1689
estimationFactor: 1.0112492599171108
Sub-optimal score: 1689
Total Number of elements weighted: 93
Normalized score (portion of input quartet trees satisfied before correcting for multiple individuals): 0.9900468384074942
Optimization score: 1691
Optimal tree inferred in 0.686 secs.
(t8,(t10,((t7,t2),(t6,(t1,(t9,(t5,(t3,t4))))))));
Final quartet score is: 1691
Final normalized quartet score is: 0.9900468384074942
You may want to ignore posterior probabilities and other statistics related to the following branch branch because the effective number of genes impacting it is only 0:
	{t3, t5, t9, t4}
You may want to ignore posterior probabilities and other statistics related to the following branch branch because the effective number of genes impacting it is only 4:
	{t3, t5, t9, t4, t1}
You may want to ignore posterior probabilities and other statistics related to the following branch branch because the effective number of genes impacting it is only 16:
	{t8, t3, t5, t9, t10, t6, t4, t1}
Extended species tree:
(t7,(t2,((t6,(t1,(t9,(t5,(t3,t4)1:1.5639755383573428)1:5.01506989116412)0.33:0.0)0.84:0.5108256237659905)1:2.484906649788,(t10,t8)1:2.2477768564990503)1:2.4277482359480516));
Weight calculation took 0.045031963 secs
ASTRAL finished in 0.941 secs
