
================== ASTRAL ===================== 

This is ASTRAL version 5.7.8
Gene trees are treated as unrooted
544 trees read from tmp_quartet_CxgT39FVG8NT9.txt
index0
All output trees will be *arbitrarily* rooted at t10
201 extra trees read from tmp_bipartitions_CxgT39FVG8NT9.bootstrap.trees

======== Running the main analysis
Number of taxa: 10 (10 species)
Taxa: [t10, t6, t2, t9, t4, t5, t1, t8, t3, t7]
Taxon occupancy: {t4=284, t5=284, t10=343, t6=315, t7=105, t8=169, t9=242, t1=139, t2=143, t3=152}
Number of gene trees: 544
544 trees have missing taxa
Calculating quartet distance matrix (for completion of X)
Species tree distances calculated ...
Will attempt to complete bipartitions from X before adding using a distance matrix.
Building set of clusters (X) from gene trees 
------------------------------
gradient0: 61
Number of Clusters after addition by distance: 61
calculating extra bipartitions to be added at level 1 ...
Adding to X using resolutions of greedy consensus ...
Limit for sigma of degrees:300
polytomy size limit : 3
discarded polytomies:  []
Threshold 0.0:
Threshold 0.01:
Threshold 0.02:
Threshold 0.05:
Threshold 0.1:
Threshold 0.2:
Threshold 0.3333333333333333:
max k is :0
Number of Clusters after addition by greedy: 61
gradient0 in heuristiic: 61
calculating extra bipartitions from extra input trees ...
Number of Clusters after additions from extra trees: 101
partitions formed in 0.274 secs
Dynamic Programming starting after 0.274 secs
Using tree-based weight calculation.
Using polytree-based weight calculation.
Polytree max score: 544
Polytree building time: 0.019 seconds.
Number of quartet trees in the gene trees: 544
Size of largest cluster: 10
Greedy score: 534
estimationFactor: 1.0187265917602997
Sub-optimal score: 534
Total Number of elements weighted: 84
Normalized score (portion of input quartet trees satisfied before correcting for multiple individuals): 0.9816176470588235
Optimization score: 534
Optimal tree inferred in 0.369 secs.
(t6,(t10,(t2,((t1,t8),(t7,(t3,(t9,(t4,t5))))))));
Final quartet score is: 534
Final normalized quartet score is: 0.9816176470588235
You may want to ignore posterior probabilities and other statistics related to the following branch branch because the effective number of genes impacting it is only 11:
	{t1, t8}
You may want to ignore posterior probabilities and other statistics related to the following branch branch because the effective number of genes impacting it is only 8:
	{t4, t5}
You may want to ignore posterior probabilities and other statistics related to the following branch branch because the effective number of genes impacting it is only 6:
	{t9, t4, t5}
You may want to ignore posterior probabilities and other statistics related to the following branch branch because the effective number of genes impacting it is only 10:
	{t9, t4, t5, t3}
You may want to ignore posterior probabilities and other statistics related to the following branch branch because the effective number of genes impacting it is only 4:
	{t9, t4, t5, t3, t7}
You may want to ignore posterior probabilities and other statistics related to the following branch branch because the effective number of genes impacting it is only 10:
	{t9, t4, t5, t1, t8, t3, t7}
You may want to ignore posterior probabilities and other statistics related to the following branch branch because the effective number of genes impacting it is only 17:
	{t2, t9, t4, t5, t1, t8, t3, t7}
Extended species tree:
(t10,((t2,((t1,t8)1:0.9808292530117262,(t7,(t3,(t9,(t4,t5)1:1.7917594692280545)1:1.5404450409471486)1:1.9924301646902058)0.84:0.5108256237659905)0.99:0.8938178760220965)1:1.0986122886681098,t6));
Weight calculation took 0.015581161 secs
ASTRAL finished in 0.559 secs
