
================== ASTRAL ===================== 

This is ASTRAL version 5.7.8
Gene trees are treated as unrooted
709 trees read from tmp_quartet_CxgT39FVG8NT9.txt
index0
All output trees will be *arbitrarily* rooted at t3
201 extra trees read from tmp_bipartitions_CxgT39FVG8NT9.bootstrap.trees

======== Running the main analysis
Number of taxa: 10 (10 species)
Taxa: [t3, t4, t1, t10, t2, t5, t7, t9, t8, t6]
Taxon occupancy: {t4=79, t5=313, t10=337, t6=261, t7=160, t8=360, t9=321, t1=294, t2=260, t3=451}
Number of gene trees: 709
709 trees have missing taxa
Calculating quartet distance matrix (for completion of X)
Species tree distances calculated ...
Will attempt to complete bipartitions from X before adding using a distance matrix.
Building set of clusters (X) from gene trees 
------------------------------
gradient0: 57
Number of Clusters after addition by distance: 57
calculating extra bipartitions to be added at level 1 ...
Adding to X using resolutions of greedy consensus ...
Limit for sigma of degrees:300
polytomy size limit : 3
discarded polytomies:  []
Threshold 0.0:
Threshold 0.01:
Threshold 0.02:
Threshold 0.05:
Threshold 0.1:
Threshold 0.2:
Threshold 0.3333333333333333:
max k is :0
Number of Clusters after addition by greedy: 57
gradient0 in heuristiic: 57
calculating extra bipartitions from extra input trees ...
Number of Clusters after additions from extra trees: 93
partitions formed in 0.315 secs
Dynamic Programming starting after 0.315 secs
Using tree-based weight calculation.
Using polytree-based weight calculation.
Polytree max score: 709
Polytree building time: 0.016 seconds.
Number of quartet trees in the gene trees: 709
Size of largest cluster: 10
Greedy score: 680
estimationFactor: 1.0426470588235295
Sub-optimal score: 686
Total Number of elements weighted: 130
Normalized score (portion of input quartet trees satisfied before correcting for multiple individuals): 0.9732016925246827
Optimization score: 690
Optimal tree inferred in 0.406 secs.
(t4,((t2,(t3,t8)),((t5,t9),(t6,(t7,(t1,t10))))));
Final quartet score is: 690
Final normalized quartet score is: 0.9732016925246827
You may want to ignore posterior probabilities and other statistics related to the following branch branch because the effective number of genes impacting it is only 7:
	{t5, t9}
You may want to ignore posterior probabilities and other statistics related to the following branch branch because the effective number of genes impacting it is only 16:
	{t1, t10, t7}
You may want to ignore posterior probabilities and other statistics related to the following branch branch because the effective number of genes impacting it is only 12:
	{t1, t10, t7, t6}
You may want to ignore posterior probabilities and other statistics related to the following branch branch because the effective number of genes impacting it is only 1:
	{t4, t1, t10, t5, t7, t9, t6}
You may want to ignore posterior probabilities and other statistics related to the following branch branch because the effective number of genes impacting it is only 19:
	{t4, t1, t10, t2, t5, t7, t9, t6}
Extended species tree:
(t3,(t8,(t2,(((t5,t9)0.67:0.2876820724517809,(t6,(t7,(t1,t10)1:3.1780538303479453)1:0.8183103235139515)0.96:0.5500463369192721)1:2.890371757896163,t4)0.67:0.2876820724517809)1:2.590267165445826));
Weight calculation took 0.042793011 secs
ASTRAL finished in 0.619 secs
