
================== ASTRAL ===================== 

This is ASTRAL version 5.7.8
Gene trees are treated as unrooted
473 trees read from tmp_quartet_CxgT39FVG8NT9.txt
index0
All output trees will be *arbitrarily* rooted at t10
201 extra trees read from tmp_bipartitions_CxgT39FVG8NT9.bootstrap.trees

======== Running the main analysis
Number of taxa: 10 (10 species)
Taxa: [t10, t6, t2, t3, t4, t1, t8, t9, t5, t7]
Taxon occupancy: {t4=156, t5=211, t10=219, t6=225, t7=143, t8=131, t9=157, t1=135, t2=259, t3=256}
Number of gene trees: 473
473 trees have missing taxa
Calculating quartet distance matrix (for completion of X)
Species tree distances calculated ...
Will attempt to complete bipartitions from X before adding using a distance matrix.
Building set of clusters (X) from gene trees 
------------------------------
gradient0: 65
Number of Clusters after addition by distance: 65
calculating extra bipartitions to be added at level 1 ...
Adding to X using resolutions of greedy consensus ...
Limit for sigma of degrees:300
polytomy size limit : 3
discarded polytomies:  []
Threshold 0.0:
Threshold 0.01:
Threshold 0.02:
Threshold 0.05:
Threshold 0.1:
Threshold 0.2:
Threshold 0.3333333333333333:
max k is :0
Number of Clusters after addition by greedy: 65
gradient0 in heuristiic: 65
calculating extra bipartitions from extra input trees ...
Number of Clusters after additions from extra trees: 209
partitions formed in 0.241 secs
Dynamic Programming starting after 0.241 secs
Using tree-based weight calculation.
Using polytree-based weight calculation.
Polytree max score: 473
Polytree building time: 0.024 seconds.
Number of quartet trees in the gene trees: 473
Size of largest cluster: 10
Greedy score: 460
estimationFactor: 1.0282608695652173
Sub-optimal score: 460
Total Number of elements weighted: 140
Normalized score (portion of input quartet trees satisfied before correcting for multiple individuals): 0.9725158562367865
Optimization score: 460
Optimal tree inferred in 0.353 secs.
(t6,(t10,((t1,(t8,t9)),((t5,t7),(t4,(t2,t3))))));
Final quartet score is: 460
Final normalized quartet score is: 0.9725158562367865
You may want to ignore posterior probabilities and other statistics related to the following branch branch because the effective number of genes impacting it is only 2:
	{t8, t9}
You may want to ignore posterior probabilities and other statistics related to the following branch branch because the effective number of genes impacting it is only 4:
	{t2, t3}
You may want to ignore posterior probabilities and other statistics related to the following branch branch because the effective number of genes impacting it is only 9:
	{t2, t3, t4, t5, t7}
Extended species tree:
(t10,(((t1,(t8,t9)0.87:0.6931471805599453)1:1.8281271133989303,((t5,t7)1:2.730029107820986,(t4,(t2,t3)0.98:1.2039728043259361)1:3.1780538303479453)1:1.8971199848858815)1:1.015920572822996,t6));
Weight calculation took 0.034038639 secs
ASTRAL finished in 0.536 secs
