
================== ASTRAL ===================== 

This is ASTRAL version 5.7.8
Gene trees are treated as unrooted
519 trees read from tmp_quartet_CxgT39FVG8NT9.txt
index0
All output trees will be *arbitrarily* rooted at t4
201 extra trees read from tmp_bipartitions_CxgT39FVG8NT9.bootstrap.trees

======== Running the main analysis
Number of taxa: 10 (10 species)
Taxa: [t4, t5, t1, t3, t7, t10, t9, t2, t6, t8]
Taxon occupancy: {t4=248, t5=242, t10=203, t6=171, t7=216, t8=242, t9=153, t1=163, t2=202, t3=236}
Number of gene trees: 519
519 trees have missing taxa
Calculating quartet distance matrix (for completion of X)
Species tree distances calculated ...
Will attempt to complete bipartitions from X before adding using a distance matrix.
Building set of clusters (X) from gene trees 
------------------------------
gradient0: 53
Number of Clusters after addition by distance: 53
calculating extra bipartitions to be added at level 1 ...
Adding to X using resolutions of greedy consensus ...
Limit for sigma of degrees:300
polytomy size limit : 3
discarded polytomies:  [3, 3]
Threshold 0.0:
Threshold 0.01:
Threshold 0.02:
Threshold 0.05:
Threshold 0.1:
Threshold 0.2:
Threshold 0.3333333333333333:
polytomy of size 3; rounds with additions with at least 5 support: 0; clusters: 53
polytomy of size 3; rounds with additions with at least 5 support: 0; clusters: 53
max k is :0
Number of Clusters after addition by greedy: 53
gradient0 in heuristiic: 53
calculating extra bipartitions from extra input trees ...
Number of Clusters after additions from extra trees: 251
partitions formed in 0.383 secs
Dynamic Programming starting after 0.383 secs
Using tree-based weight calculation.
Using polytree-based weight calculation.
Polytree max score: 519
Polytree building time: 0.012 seconds.
Number of quartet trees in the gene trees: 519
Size of largest cluster: 10
Greedy score: 513
estimationFactor: 1.0116959064327486
Sub-optimal score: 513
Total Number of elements weighted: 242
Normalized score (portion of input quartet trees satisfied before correcting for multiple individuals): 0.9884393063583815
Optimization score: 513
Optimal tree inferred in 0.515 secs.
(t5,(t4,(t9,(t8,(t6,(t7,(t1,(t10,(t3,t2)))))))));
Final quartet score is: 513
Final normalized quartet score is: 0.9884393063583815
You may want to ignore posterior probabilities and other statistics related to the following branch branch because the effective number of genes impacting it is only 15:
	{t3, t2}
You may want to ignore posterior probabilities and other statistics related to the following branch branch because the effective number of genes impacting it is only 2:
	{t3, t10, t2}
You may want to ignore posterior probabilities and other statistics related to the following branch branch because the effective number of genes impacting it is only 5:
	{t1, t3, t10, t2}
You may want to ignore posterior probabilities and other statistics related to the following branch branch because the effective number of genes impacting it is only 17:
	{t1, t3, t7, t10, t2, t6}
You may want to ignore posterior probabilities and other statistics related to the following branch branch because the effective number of genes impacting it is only 5:
	{t1, t3, t7, t10, t2, t6, t8}
You may want to ignore posterior probabilities and other statistics related to the following branch branch because the effective number of genes impacting it is only 13:
	{t1, t3, t7, t10, t9, t2, t6, t8}
Extended species tree:
(t4,((t9,(t8,(t6,(t7,(t1,(t10,(t3,t2)1:2.367123614131617)0.87:0.6931471805599453)0.99:1.3862943611198908)1:3.0602707946915624)1:0.6931471805599453)0.99:1.3862943611198908)1:2.2335922215070947,t5));
Weight calculation took 0.035765404 secs
ASTRAL finished in 0.704 secs
