
================== ASTRAL ===================== 

This is ASTRAL version 5.7.8
Gene trees are treated as unrooted
663 trees read from tmp_quartet_CxgT39FVG8NT9.txt
index0
All output trees will be *arbitrarily* rooted at t2
201 extra trees read from tmp_bipartitions_CxgT39FVG8NT9.bootstrap.trees

======== Running the main analysis
Number of taxa: 10 (10 species)
Taxa: [t2, t9, t1, t6, t8, t4, t7, t10, t3, t5]
Taxon occupancy: {t4=320, t5=202, t6=270, t10=185, t7=250, t8=261, t9=344, t1=198, t2=349, t3=273}
Number of gene trees: 663
663 trees have missing taxa
Calculating quartet distance matrix (for completion of X)
Species tree distances calculated ...
Will attempt to complete bipartitions from X before adding using a distance matrix.
Building set of clusters (X) from gene trees 
------------------------------
gradient0: 57
Number of Clusters after addition by distance: 57
calculating extra bipartitions to be added at level 1 ...
Adding to X using resolutions of greedy consensus ...
Limit for sigma of degrees:300
polytomy size limit : 3
discarded polytomies:  []
Threshold 0.0:
Threshold 0.01:
Threshold 0.02:
Threshold 0.05:
Threshold 0.1:
Threshold 0.2:
Threshold 0.3333333333333333:
max k is :0
Number of Clusters after addition by greedy: 57
gradient0 in heuristiic: 57
calculating extra bipartitions from extra input trees ...
Number of Clusters after additions from extra trees: 147
partitions formed in 0.335 secs
Dynamic Programming starting after 0.336 secs
Using tree-based weight calculation.
Using polytree-based weight calculation.
Polytree max score: 663
Polytree building time: 0.013 seconds.
Number of quartet trees in the gene trees: 663
Size of largest cluster: 10
Greedy score: 655
estimationFactor: 1.0122137404580154
Sub-optimal score: 655
Total Number of elements weighted: 145
Normalized score (portion of input quartet trees satisfied before correcting for multiple individuals): 0.9879336349924586
Optimization score: 655
Optimal tree inferred in 0.459 secs.
(t9,(t2,(t5,(t3,(t4,(t6,(t7,(t8,(t1,t10)))))))));
Final quartet score is: 655
Final normalized quartet score is: 0.9879336349924586
You may want to ignore posterior probabilities and other statistics related to the following branch branch because the effective number of genes impacting it is only 0:
	{t1, t10}
You may want to ignore posterior probabilities and other statistics related to the following branch branch because the effective number of genes impacting it is only 9:
	{t1, t8, t10}
You may want to ignore posterior probabilities and other statistics related to the following branch branch because the effective number of genes impacting it is only 8:
	{t1, t8, t7, t10}
You may want to ignore posterior probabilities and other statistics related to the following branch branch because the effective number of genes impacting it is only 0:
	{t1, t6, t8, t4, t7, t10, t3}
Extended species tree:
(t2,((t5,(t3,(t4,(t6,(t7,(t8,(t1,t10)0.33:0.0)1:1.8971199848858815)0.97:0.6931471805599453)1:3.814042597067946)1:1.81373837594683)0.33:0.0)1:2.8526314299133184,t9));
Weight calculation took 0.023392216 secs
ASTRAL finished in 0.689 secs
