
================== ASTRAL ===================== 

This is ASTRAL version 5.7.8
Gene trees are treated as unrooted
3247 trees read from tmp_quartet_CxgT39FVG8NT9.txt
index0
All output trees will be *arbitrarily* rooted at t2
201 extra trees read from tmp_bipartitions_CxgT39FVG8NT9.bootstrap.trees

======== Running the main analysis
Number of taxa: 10 (10 species)
Taxa: [t2, t7, t1, t3, t8, t9, t10, t5, t6, t4]
Taxon occupancy: {t4=658, t5=970, t10=1531, t6=1436, t7=1418, t8=1331, t9=1566, t1=1065, t2=1475, t3=1538}
Number of gene trees: 3247
3247 trees have missing taxa
Calculating quartet distance matrix (for completion of X)
Species tree distances calculated ...
Will attempt to complete bipartitions from X before adding using a distance matrix.
Building set of clusters (X) from gene trees 
------------------------------
gradient0: 55
Number of Clusters after addition by distance: 55
calculating extra bipartitions to be added at level 1 ...
Adding to X using resolutions of greedy consensus ...
Limit for sigma of degrees:300
polytomy size limit : 3
discarded polytomies:  []
Threshold 0.0:
Threshold 0.01:
Threshold 0.02:
Threshold 0.05:
Threshold 0.1:
Threshold 0.2:
Threshold 0.3333333333333333:
max k is :0
Number of Clusters after addition by greedy: 55
gradient0 in heuristiic: 55
calculating extra bipartitions from extra input trees ...
Number of Clusters after additions from extra trees: 91
partitions formed in 0.769 secs
Dynamic Programming starting after 0.769 secs
Using tree-based weight calculation.
Using polytree-based weight calculation.
Polytree max score: 3247
Polytree building time: 0.047 seconds.
Number of quartet trees in the gene trees: 3247
Size of largest cluster: 10
Greedy score: 3232
estimationFactor: 1.0046410891089108
Sub-optimal score: 3232
Total Number of elements weighted: 72
Normalized score (portion of input quartet trees satisfied before correcting for multiple individuals): 0.9953803510933169
Optimization score: 3232
Optimal tree inferred in 0.962 secs.
(t7,(t6,((t2,t10),((t5,t4),(t1,(t8,(t3,t9)))))));
Final quartet score is: 3232
Final normalized quartet score is: 0.9953803510933169
Extended species tree:
(t2,(t10,(((t5,t4)1:2.6114693730964293,(t1,(t8,(t3,t9)1:2.793208009442516)1:1.9459101490553135)1:4.825643508746419)1:3.6720723357975578,(t6,t7)1:3.444682493601893)1:3.9597544082493386));
Weight calculation took 0.046788249 secs
ASTRAL finished in 1.302 secs
