
================== ASTRAL ===================== 

This is ASTRAL version 5.7.8
Gene trees are treated as unrooted
965 trees read from tmp_quartet_CxgT39FVG8NT9.txt
index0
All output trees will be *arbitrarily* rooted at t6
201 extra trees read from tmp_bipartitions_CxgT39FVG8NT9.bootstrap.trees

======== Running the main analysis
Number of taxa: 10 (10 species)
Taxa: [t6, t7, t2, t5, t8, t10, t9, t4, t1, t3]
Taxon occupancy: {t4=297, t5=289, t6=249, t10=475, t7=420, t8=357, t9=412, t1=409, t2=433, t3=519}
Number of gene trees: 965
965 trees have missing taxa
Calculating quartet distance matrix (for completion of X)
Species tree distances calculated ...
Will attempt to complete bipartitions from X before adding using a distance matrix.
Building set of clusters (X) from gene trees 
------------------------------
gradient0: 49
Number of Clusters after addition by distance: 49
calculating extra bipartitions to be added at level 1 ...
Adding to X using resolutions of greedy consensus ...
Limit for sigma of degrees:300
polytomy size limit : 3
discarded polytomies:  []
Threshold 0.0:
Threshold 0.01:
Threshold 0.02:
Threshold 0.05:
Threshold 0.1:
Threshold 0.2:
Threshold 0.3333333333333333:
max k is :0
Number of Clusters after addition by greedy: 49
gradient0 in heuristiic: 49
calculating extra bipartitions from extra input trees ...
Number of Clusters after additions from extra trees: 103
partitions formed in 0.363 secs
Dynamic Programming starting after 0.363 secs
Using tree-based weight calculation.
Using polytree-based weight calculation.
Polytree max score: 965
Polytree building time: 0.025 seconds.
Number of quartet trees in the gene trees: 965
Size of largest cluster: 10
Greedy score: 956
estimationFactor: 1.0094142259414225
Sub-optimal score: 956
Total Number of elements weighted: 106
Normalized score (portion of input quartet trees satisfied before correcting for multiple individuals): 0.9906735751295337
Optimization score: 956
Optimal tree inferred in 0.492 secs.
(t7,(t8,((t1,(t3,(t10,t9))),(t2,(t4,(t6,t5))))));
Final quartet score is: 956
Final normalized quartet score is: 0.9906735751295337
You may want to ignore posterior probabilities and other statistics related to the following branch branch because the effective number of genes impacting it is only 19:
	{t10, t9, t3}
You may want to ignore posterior probabilities and other statistics related to the following branch branch because the effective number of genes impacting it is only 14:
	{t7, t8, t10, t9, t1, t3}
You may want to ignore posterior probabilities and other statistics related to the following branch branch because the effective number of genes impacting it is only 7:
	{t7, t2, t8, t10, t9, t1, t3}
You may want to ignore posterior probabilities and other statistics related to the following branch branch because the effective number of genes impacting it is only 0:
	{t7, t2, t8, t10, t9, t4, t1, t3}
Extended species tree:
(t6,(t5,(t4,(t2,((t1,(t3,(t10,t9)1:2.1972245773362196)1:2.590267165445826)1:4.348125082998204,(t8,t7)1:3.0285220963769826)1:1.2039728043259361)0.99:0.9808292530117262)0.33:0.0));
Weight calculation took 0.039422245 secs
ASTRAL finished in 0.716 secs
