
================== ASTRAL ===================== 

This is ASTRAL version 5.7.8
Gene trees are treated as unrooted
1009 trees read from tmp_quartet_CxgT39FVG8NT9.txt
index0
All output trees will be *arbitrarily* rooted at t2
201 extra trees read from tmp_bipartitions_CxgT39FVG8NT9.bootstrap.trees

======== Running the main analysis
Number of taxa: 10 (10 species)
Taxa: [t2, t9, t1, t3, t4, t5, t7, t10, t6, t8]
Taxon occupancy: {t4=329, t5=534, t10=582, t6=581, t7=364, t8=223, t9=413, t1=367, t2=318, t3=325}
Number of gene trees: 1009
1009 trees have missing taxa
Calculating quartet distance matrix (for completion of X)
Species tree distances calculated ...
Will attempt to complete bipartitions from X before adding using a distance matrix.
Building set of clusters (X) from gene trees 
------------------------------
gradient0: 81
Number of Clusters after addition by distance: 81
calculating extra bipartitions to be added at level 1 ...
Adding to X using resolutions of greedy consensus ...
Limit for sigma of degrees:300
polytomy size limit : 3
discarded polytomies:  []
Threshold 0.0:
Threshold 0.01:
Threshold 0.02:
Threshold 0.05:
Threshold 0.1:
Threshold 0.2:
Threshold 0.3333333333333333:
max k is :0
Number of Clusters after addition by greedy: 81
gradient0 in heuristiic: 81
calculating extra bipartitions from extra input trees ...
Number of Clusters after additions from extra trees: 107
partitions formed in 0.369 secs
Dynamic Programming starting after 0.382 secs
Using tree-based weight calculation.
Using polytree-based weight calculation.
Polytree max score: 1009
Polytree building time: 0.027 seconds.
Number of quartet trees in the gene trees: 1009
Size of largest cluster: 10
Greedy score: 973
estimationFactor: 1.0369989722507709
Sub-optimal score: 977
Total Number of elements weighted: 102
Normalized score (portion of input quartet trees satisfied before correcting for multiple individuals): 0.9682854311199207
Optimization score: 977
Optimal tree inferred in 0.491 secs.
(t9,(t5,(t7,(t4,((t2,t3),(t1,(t8,(t10,t6))))))));
Final quartet score is: 977
Final normalized quartet score is: 0.9682854311199207
You may want to ignore posterior probabilities and other statistics related to the following branch branch because the effective number of genes impacting it is only 17:
	{t10, t6}
You may want to ignore posterior probabilities and other statistics related to the following branch branch because the effective number of genes impacting it is only 18:
	{t10, t6, t8}
You may want to ignore posterior probabilities and other statistics related to the following branch branch because the effective number of genes impacting it is only 6:
	{t9, t5}
You may want to ignore posterior probabilities and other statistics related to the following branch branch because the effective number of genes impacting it is only 8:
	{t9, t5, t7}
You may want to ignore posterior probabilities and other statistics related to the following branch branch because the effective number of genes impacting it is only 10:
	{t9, t1, t4, t5, t7, t10, t6, t8}
Extended species tree:
(t2,(t3,((t1,(t8,(t10,t6)1:2.484906649788)1:2.538973871058275)1:0.725937003382936,(t4,(t7,(t5,t9)0.83:0.4418327522790392)1:1.0986122886681098)1:2.0512706647131393)0.88:0.3829922522561057));
Weight calculation took 0.034006537 secs
ASTRAL finished in 0.738 secs
