
================== ASTRAL ===================== 

This is ASTRAL version 5.7.8
Gene trees are treated as unrooted
1926 trees read from tmp_quartet_CxgT39FVG8NT9.txt
index0
All output trees will be *arbitrarily* rooted at t3
201 extra trees read from tmp_bipartitions_CxgT39FVG8NT9.bootstrap.trees

======== Running the main analysis
Number of taxa: 10 (10 species)
Taxa: [t3, t5, t1, t2, t6, t9, t10, t4, t7, t8]
Taxon occupancy: {t4=830, t5=541, t6=588, t10=757, t7=591, t8=613, t9=873, t1=1229, t2=1195, t3=487}
Number of gene trees: 1926
1926 trees have missing taxa
Calculating quartet distance matrix (for completion of X)
Species tree distances calculated ...
Will attempt to complete bipartitions from X before adding using a distance matrix.
Building set of clusters (X) from gene trees 
------------------------------
gradient0: 59
Number of Clusters after addition by distance: 59
calculating extra bipartitions to be added at level 1 ...
Adding to X using resolutions of greedy consensus ...
Limit for sigma of degrees:300
polytomy size limit : 3
discarded polytomies:  []
Threshold 0.0:
Threshold 0.01:
Threshold 0.02:
Threshold 0.05:
Threshold 0.1:
Threshold 0.2:
Threshold 0.3333333333333333:
max k is :0
Number of Clusters after addition by greedy: 59
gradient0 in heuristiic: 59
calculating extra bipartitions from extra input trees ...
Number of Clusters after additions from extra trees: 81
partitions formed in 0.653 secs
Dynamic Programming starting after 0.653 secs
Using tree-based weight calculation.
Using polytree-based weight calculation.
Polytree max score: 1926
Polytree building time: 0.033 seconds.
Number of quartet trees in the gene trees: 1926
Size of largest cluster: 10
Greedy score: 1912
estimationFactor: 1.0073221757322175
Sub-optimal score: 1912
Total Number of elements weighted: 56
Normalized score (portion of input quartet trees satisfied before correcting for multiple individuals): 0.9927310488058152
Optimization score: 1912
Optimal tree inferred in 0.784 secs.
(t5,(t4,((t10,(t6,t9)),((t7,t8),(t3,(t1,t2))))));
Final quartet score is: 1912
Final normalized quartet score is: 0.9927310488058152
You may want to ignore posterior probabilities and other statistics related to the following branch branch because the effective number of genes impacting it is only 5:
	{t6, t9}
Extended species tree:
(t3,((t1,t2)1:4.179502370562407,((t7,t8)1:2.6390573296152575,((t10,(t6,t9)0.99:1.3862943611198908)1:3.2451931331855737,(t4,t5)1:0.6931471805599453)1:2.8449093838194086)1:3.205452804536062));
Weight calculation took 0.033960147 secs
ASTRAL finished in 1.052 secs
