
================== ASTRAL ===================== 

This is ASTRAL version 5.7.8
Gene trees are treated as unrooted
916 trees read from tmp_quartet_CxgT39FVG8NT9.txt
index0
All output trees will be *arbitrarily* rooted at t2
201 extra trees read from tmp_bipartitions_CxgT39FVG8NT9.bootstrap.trees

======== Running the main analysis
Number of taxa: 10 (10 species)
Taxa: [t2, t3, t1, t4, t5, t9, t10, t6, t8, t7]
Taxon occupancy: {t4=271, t5=362, t10=405, t6=326, t7=442, t8=441, t9=192, t1=354, t2=466, t3=405}
Number of gene trees: 916
916 trees have missing taxa
Calculating quartet distance matrix (for completion of X)
Species tree distances calculated ...
Will attempt to complete bipartitions from X before adding using a distance matrix.
Building set of clusters (X) from gene trees 
------------------------------
gradient0: 55
Number of Clusters after addition by distance: 55
calculating extra bipartitions to be added at level 1 ...
Adding to X using resolutions of greedy consensus ...
Limit for sigma of degrees:300
polytomy size limit : 3
discarded polytomies:  []
Threshold 0.0:
Threshold 0.01:
Threshold 0.02:
Threshold 0.05:
Threshold 0.1:
Threshold 0.2:
Threshold 0.3333333333333333:
max k is :0
Number of Clusters after addition by greedy: 55
gradient0 in heuristiic: 55
calculating extra bipartitions from extra input trees ...
Number of Clusters after additions from extra trees: 77
partitions formed in 0.348 secs
Dynamic Programming starting after 0.348 secs
Using tree-based weight calculation.
Using polytree-based weight calculation.
Polytree max score: 916
Polytree building time: 0.012 seconds.
Number of quartet trees in the gene trees: 916
Size of largest cluster: 10
Greedy score: 902
estimationFactor: 1.0155210643015522
Sub-optimal score: 906
Total Number of elements weighted: 71
Normalized score (portion of input quartet trees satisfied before correcting for multiple individuals): 0.9890829694323144
Optimization score: 906
Optimal tree inferred in 0.445 secs.
(t3,(t2,(t1,(t4,((t9,t6),(t5,(t7,(t10,t8))))))));
Final quartet score is: 906
Final normalized quartet score is: 0.9890829694323144
You may want to ignore posterior probabilities and other statistics related to the following branch branch because the effective number of genes impacting it is only 4:
	{t9, t6}
You may want to ignore posterior probabilities and other statistics related to the following branch branch because the effective number of genes impacting it is only 12:
	{t10, t8}
You may want to ignore posterior probabilities and other statistics related to the following branch branch because the effective number of genes impacting it is only 2:
	{t4, t5, t9, t10, t6, t8, t7}
You may want to ignore posterior probabilities and other statistics related to the following branch branch because the effective number of genes impacting it is only 17:
	{t1, t4, t5, t9, t10, t6, t8, t7}
Extended species tree:
(t2,((t1,(t4,((t9,t6)0.98:1.2039728043259361,(t5,(t7,(t10,t8)1:1.0608719606852628)1:3.506557897319981)1:1.8281271133989303)1:3.857214768933152)0.87:0.6931471805599453)1:2.484906649788,t3));
Weight calculation took 0.017506362 secs
ASTRAL finished in 0.685 secs
