
================== ASTRAL ===================== 

This is ASTRAL version 5.7.8
Gene trees are treated as unrooted
1138 trees read from tmp_quartet_CxgT39FVG8NT9.txt
index0
All output trees will be *arbitrarily* rooted at t4
201 extra trees read from tmp_bipartitions_CxgT39FVG8NT9.bootstrap.trees

======== Running the main analysis
Number of taxa: 10 (10 species)
Taxa: [t4, t5, t2, t3, t6, t7, t8, t9, t10, t1]
Taxon occupancy: {t4=594, t5=561, t6=376, t10=423, t7=340, t8=405, t9=487, t1=363, t2=549, t3=454}
Number of gene trees: 1138
1138 trees have missing taxa
Calculating quartet distance matrix (for completion of X)
Species tree distances calculated ...
Will attempt to complete bipartitions from X before adding using a distance matrix.
Building set of clusters (X) from gene trees 
------------------------------
gradient0: 55
Number of Clusters after addition by distance: 55
calculating extra bipartitions to be added at level 1 ...
Adding to X using resolutions of greedy consensus ...
Limit for sigma of degrees:300
polytomy size limit : 3
discarded polytomies:  []
Threshold 0.0:
Threshold 0.01:
Threshold 0.02:
Threshold 0.05:
Threshold 0.1:
Threshold 0.2:
Threshold 0.3333333333333333:
max k is :0
Number of Clusters after addition by greedy: 55
gradient0 in heuristiic: 55
calculating extra bipartitions from extra input trees ...
Number of Clusters after additions from extra trees: 85
partitions formed in 0.413 secs
Dynamic Programming starting after 0.413 secs
Using tree-based weight calculation.
Using polytree-based weight calculation.
Polytree max score: 1138
Polytree building time: 0.016 seconds.
Number of quartet trees in the gene trees: 1138
Size of largest cluster: 10
Greedy score: 1133
estimationFactor: 1.00441306266549
Sub-optimal score: 1133
Total Number of elements weighted: 77
Normalized score (portion of input quartet trees satisfied before correcting for multiple individuals): 0.9956063268892794
Optimization score: 1133
Optimal tree inferred in 0.544 secs.
(t5,(t4,(t2,(t3,(t1,(t8,((t9,t10),(t6,t7))))))));
Final quartet score is: 1133
Final normalized quartet score is: 0.9956063268892794
You may want to ignore posterior probabilities and other statistics related to the following branch branch because the effective number of genes impacting it is only 10:
	{t9, t10}
You may want to ignore posterior probabilities and other statistics related to the following branch branch because the effective number of genes impacting it is only 11:
	{t6, t7}
You may want to ignore posterior probabilities and other statistics related to the following branch branch because the effective number of genes impacting it is only 4:
	{t6, t7, t9, t10}
You may want to ignore posterior probabilities and other statistics related to the following branch branch because the effective number of genes impacting it is only 7:
	{t3, t6, t7, t8, t9, t10, t1}
Extended species tree:
(t4,((t2,(t3,(t1,(t8,((t9,t10)0.99:0.8938178760220965,(t6,t7)1:0.9808292530117262)0.98:1.2039728043259361)1:3.814042597067946)1:3.8712010109078947)0.99:0.9808292530117262)1:3.3787245258100977,t5));
Weight calculation took 0.019327594 secs
ASTRAL finished in 0.789 secs
