
================== ASTRAL ===================== 

This is ASTRAL version 5.7.8
Gene trees are treated as unrooted
369 trees read from tmp_quartet_CxgT39FVG8NT9.txt
index0
All output trees will be *arbitrarily* rooted at t4
201 extra trees read from tmp_bipartitions_CxgT39FVG8NT9.bootstrap.trees

======== Running the main analysis
Number of taxa: 10 (10 species)
Taxa: [t4, t8, t1, t7, t9, t10, t6, t2, t5, t3]
Taxon occupancy: {t4=131, t5=157, t10=178, t6=188, t7=121, t8=184, t9=159, t1=80, t2=140, t3=138}
Number of gene trees: 369
369 trees have missing taxa
Calculating quartet distance matrix (for completion of X)
Species tree distances calculated ...
Will attempt to complete bipartitions from X before adding using a distance matrix.
Building set of clusters (X) from gene trees 
------------------------------
gradient0: 45
Number of Clusters after addition by distance: 45
calculating extra bipartitions to be added at level 1 ...
Adding to X using resolutions of greedy consensus ...
Limit for sigma of degrees:300
polytomy size limit : 3
discarded polytomies:  []
Threshold 0.0:
Threshold 0.01:
Threshold 0.02:
Threshold 0.05:
Threshold 0.1:
Threshold 0.2:
Threshold 0.3333333333333333:
max k is :0
Number of Clusters after addition by greedy: 45
gradient0 in heuristiic: 45
calculating extra bipartitions from extra input trees ...
Number of Clusters after additions from extra trees: 87
partitions formed in 0.213 secs
Dynamic Programming starting after 0.213 secs
Using tree-based weight calculation.
Using polytree-based weight calculation.
Polytree max score: 369
Polytree building time: 0.016 seconds.
Number of quartet trees in the gene trees: 369
Size of largest cluster: 10
Greedy score: 360
estimationFactor: 1.025
Sub-optimal score: 362
Total Number of elements weighted: 82
Normalized score (portion of input quartet trees satisfied before correcting for multiple individuals): 0.981029810298103
Optimization score: 362
Optimal tree inferred in 0.301 secs.
(t8,(t4,((t1,(t9,t5)),((t10,t6),(t7,(t2,t3))))));
Final quartet score is: 362
Final normalized quartet score is: 0.981029810298103
You may want to ignore posterior probabilities and other statistics related to the following branch branch because the effective number of genes impacting it is only 9:
	{t9, t5}
You may want to ignore posterior probabilities and other statistics related to the following branch branch because the effective number of genes impacting it is only 2:
	{t1, t9, t5}
You may want to ignore posterior probabilities and other statistics related to the following branch branch because the effective number of genes impacting it is only 12:
	{t2, t3}
You may want to ignore posterior probabilities and other statistics related to the following branch branch because the effective number of genes impacting it is only 16:
	{t7, t2, t3}
You may want to ignore posterior probabilities and other statistics related to the following branch branch because the effective number of genes impacting it is only 4:
	{t7, t10, t6, t2, t3}
Extended species tree:
(t4,(((t1,(t9,t5)1:1.8971199848858815)0.87:0.6931471805599453,((t10,t6)1:3.2580965380214812,(t7,(t2,t3)1:2.159484249353373)1:0.8183103235139515)0.98:1.2039728043259361)1:3.1780538303479453,t8));
Weight calculation took 0.027324532 secs
ASTRAL finished in 0.505 secs
