
================== ASTRAL ===================== 

This is ASTRAL version 5.7.8
Gene trees are treated as unrooted
1273 trees read from tmp_quartet_CxgT39FVG8NT9.txt
index0
All output trees will be *arbitrarily* rooted at t5
201 extra trees read from tmp_bipartitions_CxgT39FVG8NT9.bootstrap.trees

======== Running the main analysis
Number of taxa: 10 (10 species)
Taxa: [t5, t9, t2, t3, t4, t10, t6, t1, t8, t7]
Taxon occupancy: {t4=409, t5=580, t10=296, t6=546, t7=513, t8=361, t9=522, t1=683, t2=659, t3=523}
Number of gene trees: 1273
1273 trees have missing taxa
Calculating quartet distance matrix (for completion of X)
Species tree distances calculated ...
Will attempt to complete bipartitions from X before adding using a distance matrix.
Building set of clusters (X) from gene trees 
------------------------------
gradient0: 59
Number of Clusters after addition by distance: 59
calculating extra bipartitions to be added at level 1 ...
Adding to X using resolutions of greedy consensus ...
Limit for sigma of degrees:300
polytomy size limit : 3
discarded polytomies:  []
Threshold 0.0:
Threshold 0.01:
Threshold 0.02:
Threshold 0.05:
Threshold 0.1:
Threshold 0.2:
Threshold 0.3333333333333333:
max k is :0
Number of Clusters after addition by greedy: 59
gradient0 in heuristiic: 59
calculating extra bipartitions from extra input trees ...
Number of Clusters after additions from extra trees: 75
partitions formed in 0.425 secs
Dynamic Programming starting after 0.425 secs
Using tree-based weight calculation.
Using polytree-based weight calculation.
Polytree max score: 1273
Polytree building time: 0.016 seconds.
Number of quartet trees in the gene trees: 1273
Size of largest cluster: 10
Greedy score: 1238
estimationFactor: 1.0282714054927302
Sub-optimal score: 1238
Total Number of elements weighted: 58
Normalized score (portion of input quartet trees satisfied before correcting for multiple individuals): 0.9725058915946583
Optimization score: 1238
Optimal tree inferred in 0.534 secs.
(t9,(t10,((t5,(t6,t7)),(t4,((t2,t1),(t3,t8))))));
Final quartet score is: 1238
Final normalized quartet score is: 0.9725058915946583
You may want to ignore posterior probabilities and other statistics related to the following branch branch because the effective number of genes impacting it is only 15:
	{t9, t2, t3, t4, t10, t1, t8}
Extended species tree:
(t5,((t6,t7)1:3.654977902438253,((t4,((t2,t1)1:3.283414346005771,(t3,t8)1:3.2321210516182224)1:3.444682493601893)1:1.514127732629776,(t10,t9)1:1.0330150061822962)0.94:0.42121346507630353));
Weight calculation took 0.030179711 secs
ASTRAL finished in 0.79 secs
