
================== ASTRAL ===================== 

This is ASTRAL version 5.7.8
Gene trees are treated as unrooted
825 trees read from tmp_quartet_CxgT39FVG8NT9.txt
index0
All output trees will be *arbitrarily* rooted at t2
201 extra trees read from tmp_bipartitions_CxgT39FVG8NT9.bootstrap.trees

======== Running the main analysis
Number of taxa: 10 (10 species)
Taxa: [t2, t9, t1, t6, t8, t4, t7, t10, t3, t5]
Taxon occupancy: {t4=372, t5=247, t6=285, t10=288, t7=338, t8=344, t9=418, t1=258, t2=424, t3=326}
Number of gene trees: 825
825 trees have missing taxa
Calculating quartet distance matrix (for completion of X)
Species tree distances calculated ...
Will attempt to complete bipartitions from X before adding using a distance matrix.
Building set of clusters (X) from gene trees 
------------------------------
gradient0: 75
Number of Clusters after addition by distance: 75
calculating extra bipartitions to be added at level 1 ...
Adding to X using resolutions of greedy consensus ...
Limit for sigma of degrees:300
polytomy size limit : 3
discarded polytomies:  []
Threshold 0.0:
Threshold 0.01:
Threshold 0.02:
Threshold 0.05:
Threshold 0.1:
Threshold 0.2:
Threshold 0.3333333333333333:
max k is :0
Number of Clusters after addition by greedy: 75
gradient0 in heuristiic: 75
calculating extra bipartitions from extra input trees ...
Number of Clusters after additions from extra trees: 111
partitions formed in 0.353 secs
Dynamic Programming starting after 0.353 secs
Using tree-based weight calculation.
Using polytree-based weight calculation.
Polytree max score: 825
Polytree building time: 0.025 seconds.
Number of quartet trees in the gene trees: 825
Size of largest cluster: 10
Greedy score: 792
estimationFactor: 1.0416666666666667
Sub-optimal score: 792
Total Number of elements weighted: 101
Normalized score (portion of input quartet trees satisfied before correcting for multiple individuals): 0.96
Optimization score: 792
Optimal tree inferred in 0.463 secs.
(t9,(t2,(t5,(t3,(t4,(t6,(t7,(t1,(t8,t10)))))))));
Final quartet score is: 792
Final normalized quartet score is: 0.96
You may want to ignore posterior probabilities and other statistics related to the following branch branch because the effective number of genes impacting it is only 8:
	{t8, t10}
You may want to ignore posterior probabilities and other statistics related to the following branch branch because the effective number of genes impacting it is only 4:
	{t1, t6, t8, t4, t7, t10, t3}
Extended species tree:
(t2,((t5,(t3,(t4,(t6,(t7,(t1,(t8,t10)0.6:0.1823215567939546)0.97:0.4418327522790392)1:2.1202635362000914)1:3.784189633918262)1:1.1349799328389845)0.98:1.2039728043259361)1:3.2580965380214812,t9));
Weight calculation took 0.032604678 secs
ASTRAL finished in 0.685 secs
