
================== ASTRAL ===================== 

This is ASTRAL version 5.7.8
Gene trees are treated as unrooted
1860 trees read from tmp_quartet_CxgT39FVG8NT9.txt
index0
All output trees will be *arbitrarily* rooted at t6
201 extra trees read from tmp_bipartitions_CxgT39FVG8NT9.bootstrap.trees

======== Running the main analysis
Number of taxa: 10 (10 species)
Taxa: [t6, t8, t1, t2, t9, t10, t3, t7, t4, t5]
Taxon occupancy: {t4=773, t5=543, t6=915, t10=526, t7=537, t8=696, t9=812, t1=897, t2=1041, t3=700}
Number of gene trees: 1860
1860 trees have missing taxa
Calculating quartet distance matrix (for completion of X)
Species tree distances calculated ...
Will attempt to complete bipartitions from X before adding using a distance matrix.
Building set of clusters (X) from gene trees 
------------------------------
gradient0: 53
Number of Clusters after addition by distance: 53
calculating extra bipartitions to be added at level 1 ...
Adding to X using resolutions of greedy consensus ...
Limit for sigma of degrees:300
polytomy size limit : 3
discarded polytomies:  []
Threshold 0.0:
Threshold 0.01:
Threshold 0.02:
Threshold 0.05:
Threshold 0.1:
Threshold 0.2:
Threshold 0.3333333333333333:
max k is :0
Number of Clusters after addition by greedy: 53
gradient0 in heuristiic: 53
calculating extra bipartitions from extra input trees ...
Number of Clusters after additions from extra trees: 69
partitions formed in 0.544 secs
Dynamic Programming starting after 0.544 secs
Using tree-based weight calculation.
Using polytree-based weight calculation.
Polytree max score: 1860
Polytree building time: 0.023 seconds.
Number of quartet trees in the gene trees: 1860
Size of largest cluster: 10
Greedy score: 1835
estimationFactor: 1.013623978201635
Sub-optimal score: 1835
Total Number of elements weighted: 55
Normalized score (portion of input quartet trees satisfied before correcting for multiple individuals): 0.9865591397849462
Optimization score: 1835
Optimal tree inferred in 0.693 secs.
(t8,((t9,t10),(t6,(t7,(t3,(t5,(t1,(t2,t4))))))));
Final quartet score is: 1835
Final normalized quartet score is: 0.9865591397849462
You may want to ignore posterior probabilities and other statistics related to the following branch branch because the effective number of genes impacting it is only 12:
	{t9, t10}
You may want to ignore posterior probabilities and other statistics related to the following branch branch because the effective number of genes impacting it is only 17:
	{t8, t9, t10}
Extended species tree:
(t6,((t7,(t3,(t5,(t1,(t2,t4)1:3.601868077124306)1:3.444682493601893)1:2.367123614131617)1:1.2237754316221159)1:3.4552646029324334,((t9,t10)1:1.0608719606852628,t8)1:1.0986122886681098));
Weight calculation took 0.049927541 secs
ASTRAL finished in 0.94 secs
