
================== ASTRAL ===================== 

This is ASTRAL version 5.7.8
Gene trees are treated as unrooted
942 trees read from tmp_quartet_CxgT39FVG8NT9.txt
index0
All output trees will be *arbitrarily* rooted at t3
201 extra trees read from tmp_bipartitions_CxgT39FVG8NT9.bootstrap.trees

======== Running the main analysis
Number of taxa: 10 (10 species)
Taxa: [t3, t9, t2, t5, t6, t10, t4, t1, t7, t8]
Taxon occupancy: {t4=289, t5=288, t6=255, t10=452, t7=399, t8=392, t9=395, t1=373, t2=373, t3=552}
Number of gene trees: 942
942 trees have missing taxa
Calculating quartet distance matrix (for completion of X)
Species tree distances calculated ...
Will attempt to complete bipartitions from X before adding using a distance matrix.
Building set of clusters (X) from gene trees 
------------------------------
gradient0: 65
Number of Clusters after addition by distance: 65
calculating extra bipartitions to be added at level 1 ...
Adding to X using resolutions of greedy consensus ...
Limit for sigma of degrees:300
polytomy size limit : 3
discarded polytomies:  []
Threshold 0.0:
Threshold 0.01:
Threshold 0.02:
Threshold 0.05:
Threshold 0.1:
Threshold 0.2:
Threshold 0.3333333333333333:
max k is :0
Number of Clusters after addition by greedy: 65
gradient0 in heuristiic: 65
calculating extra bipartitions from extra input trees ...
Number of Clusters after additions from extra trees: 99
partitions formed in 0.363 secs
Dynamic Programming starting after 0.364 secs
Using tree-based weight calculation.
Using polytree-based weight calculation.
Polytree max score: 942
Polytree building time: 0.027 seconds.
Number of quartet trees in the gene trees: 942
Size of largest cluster: 10
Greedy score: 932
estimationFactor: 1.0107296137339057
Sub-optimal score: 932
Total Number of elements weighted: 85
Normalized score (portion of input quartet trees satisfied before correcting for multiple individuals): 0.9893842887473461
Optimization score: 932
Optimal tree inferred in 0.489 secs.
(t9,(t10,(t3,(t1,(t4,((t7,t8),(t6,(t2,t5))))))));
Final quartet score is: 932
Final normalized quartet score is: 0.9893842887473461
You may want to ignore posterior probabilities and other statistics related to the following branch branch because the effective number of genes impacting it is only 1:
	{t2, t5}
You may want to ignore posterior probabilities and other statistics related to the following branch branch because the effective number of genes impacting it is only 7:
	{t2, t5, t6}
You may want to ignore posterior probabilities and other statistics related to the following branch branch because the effective number of genes impacting it is only 8:
	{t2, t5, t6, t7, t8}
You may want to ignore posterior probabilities and other statistics related to the following branch branch because the effective number of genes impacting it is only 15:
	{t2, t5, t6, t4, t1, t7, t8}
You may want to ignore posterior probabilities and other statistics related to the following branch branch because the effective number of genes impacting it is only 13:
	{t9, t10}
Extended species tree:
(t3,((t1,(t4,((t7,t8)1:3.283414346005771,(t6,(t2,t5)0.67:0.2876820724517809)1:1.6739764335716716)0.97:0.6931471805599453)1:4.169245870395222)1:0.7576857016975165,(t10,t9)1:1.1349799328389845));
Weight calculation took 0.044624656 secs
ASTRAL finished in 0.718 secs
