
================== ASTRAL ===================== 

This is ASTRAL version 5.7.8
Gene trees are treated as unrooted
3209 trees read from tmp_quartet_CxgT39FVG8NT9.txt
index0
All output trees will be *arbitrarily* rooted at t2
201 extra trees read from tmp_bipartitions_CxgT39FVG8NT9.bootstrap.trees

======== Running the main analysis
Number of taxa: 10 (10 species)
Taxa: [t2, t4, t1, t3, t8, t6, t7, t10, t9, t5]
Taxon occupancy: {t4=676, t5=912, t6=1494, t10=1452, t7=1432, t8=1334, t9=1439, t1=1178, t2=1421, t3=1498}
Number of gene trees: 3209
3209 trees have missing taxa
Calculating quartet distance matrix (for completion of X)
Species tree distances calculated ...
Will attempt to complete bipartitions from X before adding using a distance matrix.
Building set of clusters (X) from gene trees 
------------------------------
gradient0: 47
Number of Clusters after addition by distance: 47
calculating extra bipartitions to be added at level 1 ...
Adding to X using resolutions of greedy consensus ...
Limit for sigma of degrees:300
polytomy size limit : 3
discarded polytomies:  []
Threshold 0.0:
Threshold 0.01:
Threshold 0.02:
Threshold 0.05:
Threshold 0.1:
Threshold 0.2:
Threshold 0.3333333333333333:
max k is :0
Number of Clusters after addition by greedy: 47
gradient0 in heuristiic: 47
calculating extra bipartitions from extra input trees ...
Number of Clusters after additions from extra trees: 73
partitions formed in 0.805 secs
Dynamic Programming starting after 0.805 secs
Using tree-based weight calculation.
Using polytree-based weight calculation.
Polytree max score: 3209
Polytree building time: 0.049 seconds.
Number of quartet trees in the gene trees: 3209
Size of largest cluster: 10
Greedy score: 3195
estimationFactor: 1.0043818466353678
Sub-optimal score: 3195
Total Number of elements weighted: 60
Normalized score (portion of input quartet trees satisfied before correcting for multiple individuals): 0.9956372701776254
Optimization score: 3195
Optimal tree inferred in 1.0 secs.
(t4,(t5,(((t6,t7),(t2,t10)),((t1,t8),(t3,t9)))));
Final quartet score is: 3195
Final normalized quartet score is: 0.9956372701776254
You may want to ignore posterior probabilities and other statistics related to the following branch branch because the effective number of genes impacting it is only 16:
	{t1, t8}
Extended species tree:
(t2,(t10,((t6,t7)1:2.407945608651871,(((t1,t8)1:0.8183103235139515,(t3,t9)1:3.705408756065146)1:5.07517381523383,(t5,t4)1:2.491060515362378)1:2.730029107820986)1:5.079331825382494));
Weight calculation took 0.048017859 secs
ASTRAL finished in 1.321 secs
