
================== ASTRAL ===================== 

This is ASTRAL version 5.7.8
Gene trees are treated as unrooted
362 trees read from tmp_quartet_CxgT39FVG8NT9.txt
index0
All output trees will be *arbitrarily* rooted at t10
201 extra trees read from tmp_bipartitions_CxgT39FVG8NT9.bootstrap.trees

======== Running the main analysis
Number of taxa: 10 (10 species)
Taxa: [t10, t4, t3, t7, t9, t8, t6, t1, t2, t5]
Taxon occupancy: {t4=100, t5=101, t10=133, t6=198, t7=167, t8=161, t9=152, t1=143, t2=140, t3=153}
Number of gene trees: 362
362 trees have missing taxa
Calculating quartet distance matrix (for completion of X)
Species tree distances calculated ...
Will attempt to complete bipartitions from X before adding using a distance matrix.
Building set of clusters (X) from gene trees 
------------------------------
gradient0: 55
Number of Clusters after addition by distance: 55
calculating extra bipartitions to be added at level 1 ...
Adding to X using resolutions of greedy consensus ...
Limit for sigma of degrees:300
polytomy size limit : 3
discarded polytomies:  []
Threshold 0.0:
Threshold 0.01:
Threshold 0.02:
Threshold 0.05:
Threshold 0.1:
Threshold 0.2:
Threshold 0.3333333333333333:
max k is :0
Number of Clusters after addition by greedy: 55
gradient0 in heuristiic: 55
calculating extra bipartitions from extra input trees ...
Number of Clusters after additions from extra trees: 99
partitions formed in 0.219 secs
Dynamic Programming starting after 0.219 secs
Using tree-based weight calculation.
Using polytree-based weight calculation.
Polytree max score: 362
Polytree building time: 0.01 seconds.
Number of quartet trees in the gene trees: 362
Size of largest cluster: 10
Greedy score: 349
estimationFactor: 1.0372492836676217
Sub-optimal score: 349
Total Number of elements weighted: 84
Normalized score (portion of input quartet trees satisfied before correcting for multiple individuals): 0.9640883977900553
Optimization score: 349
Optimal tree inferred in 0.316 secs.
(t4,(t10,((t7,(t6,t5)),((t9,t2),(t1,(t3,t8))))));
Final quartet score is: 349
Final normalized quartet score is: 0.9640883977900553
You may want to ignore posterior probabilities and other statistics related to the following branch branch because the effective number of genes impacting it is only 7:
	{t6, t5}
You may want to ignore posterior probabilities and other statistics related to the following branch branch because the effective number of genes impacting it is only 9:
	{t7, t6, t5}
You may want to ignore posterior probabilities and other statistics related to the following branch branch because the effective number of genes impacting it is only 8:
	{t3, t8}
You may want to ignore posterior probabilities and other statistics related to the following branch branch because the effective number of genes impacting it is only 13:
	{t3, t8, t1}
You may want to ignore posterior probabilities and other statistics related to the following branch branch because the effective number of genes impacting it is only 16:
	{t3, t7, t9, t8, t6, t1, t2, t5}
Extended species tree:
(t10,(((t7,(t6,t5)1:1.6739764335716716)1:1.8971199848858815,((t9,t2)1:1.0498221244986778,(t1,(t3,t8)0.97:0.6931471805599453)1:2.2335922215070947)1:1.9616585060234524)1:2.4277482359480516,t4));
Weight calculation took 0.028350545 secs
ASTRAL finished in 0.494 secs
