
================== ASTRAL ===================== 

This is ASTRAL version 5.7.8
Gene trees are treated as unrooted
481 trees read from tmp_quartet_CxgT39FVG8NT9.txt
index0
All output trees will be *arbitrarily* rooted at t3
201 extra trees read from tmp_bipartitions_CxgT39FVG8NT9.bootstrap.trees

======== Running the main analysis
Number of taxa: 10 (10 species)
Taxa: [t3, t4, t1, t8, t10, t9, t5, t6, t2, t7]
Taxon occupancy: {t4=240, t5=178, t10=165, t6=211, t7=113, t8=173, t9=178, t1=197, t2=202, t3=267}
Number of gene trees: 481
481 trees have missing taxa
Calculating quartet distance matrix (for completion of X)
Species tree distances calculated ...
Will attempt to complete bipartitions from X before adding using a distance matrix.
Building set of clusters (X) from gene trees 
------------------------------
gradient0: 77
Number of Clusters after addition by distance: 77
calculating extra bipartitions to be added at level 1 ...
Adding to X using resolutions of greedy consensus ...
Limit for sigma of degrees:300
polytomy size limit : 3
discarded polytomies:  []
Threshold 0.0:
Threshold 0.01:
Threshold 0.02:
Threshold 0.05:
Threshold 0.1:
Threshold 0.2:
Threshold 0.3333333333333333:
max k is :0
Number of Clusters after addition by greedy: 77
gradient0 in heuristiic: 77
calculating extra bipartitions from extra input trees ...
Number of Clusters after additions from extra trees: 101
partitions formed in 0.269 secs
Dynamic Programming starting after 0.269 secs
Using tree-based weight calculation.
Using polytree-based weight calculation.
Polytree max score: 481
Polytree building time: 0.012 seconds.
Number of quartet trees in the gene trees: 481
Size of largest cluster: 10
Greedy score: 448
estimationFactor: 1.0736607142857142
Sub-optimal score: 448
Total Number of elements weighted: 98
Normalized score (portion of input quartet trees satisfied before correcting for multiple individuals): 0.9313929313929314
Optimization score: 448
Optimal tree inferred in 0.352 secs.
(t4,(t3,((t10,(t9,(t1,t6))),(t2,(t5,(t8,t7))))));
Final quartet score is: 448
Final normalized quartet score is: 0.9313929313929314
You may want to ignore posterior probabilities and other statistics related to the following branch branch because the effective number of genes impacting it is only 0:
	{t1, t6}
You may want to ignore posterior probabilities and other statistics related to the following branch branch because the effective number of genes impacting it is only 9:
	{t1, t9, t6}
You may want to ignore posterior probabilities and other statistics related to the following branch branch because the effective number of genes impacting it is only 5:
	{t8, t7}
You may want to ignore posterior probabilities and other statistics related to the following branch branch because the effective number of genes impacting it is only 15:
	{t8, t5, t7}
You may want to ignore posterior probabilities and other statistics related to the following branch branch because the effective number of genes impacting it is only 19:
	{t1, t8, t10, t9, t5, t6, t2, t7}
Extended species tree:
(t3,(((t10,(t9,(t1,t6)0.33:0.0)0.99:0.7985076962177715)1:1.4271163556401456,(t2,(t5,(t8,t7)0.67:0.2876820724517809)1:0.7576857016975165)1:1.0216512475319814)1:2.590267165445826,t4));
Weight calculation took 0.017790957 secs
ASTRAL finished in 0.538 secs
