
================== ASTRAL ===================== 

This is ASTRAL version 5.7.8
Gene trees are treated as unrooted
704 trees read from tmp_quartet_CxgT39FVG8NT9.txt
index0
All output trees will be *arbitrarily* rooted at t3
201 extra trees read from tmp_bipartitions_CxgT39FVG8NT9.bootstrap.trees

======== Running the main analysis
Number of taxa: 10 (10 species)
Taxa: [t3, t6, t1, t2, t5, t8, t4, t7, t10, t9]
Taxon occupancy: {t4=280, t5=416, t6=279, t10=245, t7=122, t8=364, t9=146, t1=331, t2=412, t3=221}
Number of gene trees: 704
704 trees have missing taxa
Calculating quartet distance matrix (for completion of X)
Species tree distances calculated ...
Will attempt to complete bipartitions from X before adding using a distance matrix.
Building set of clusters (X) from gene trees 
------------------------------
gradient0: 109
Number of Clusters after addition by distance: 109
calculating extra bipartitions to be added at level 1 ...
Adding to X using resolutions of greedy consensus ...
Limit for sigma of degrees:300
polytomy size limit : 3
discarded polytomies:  []
Threshold 0.0:
Threshold 0.01:
Threshold 0.02:
Threshold 0.05:
Threshold 0.1:
Threshold 0.2:
Threshold 0.3333333333333333:
max k is :0
Number of Clusters after addition by greedy: 109
gradient0 in heuristiic: 109
calculating extra bipartitions from extra input trees ...
Number of Clusters after additions from extra trees: 127
partitions formed in 0.313 secs
Dynamic Programming starting after 0.313 secs
Using tree-based weight calculation.
Using polytree-based weight calculation.
Polytree max score: 704
Polytree building time: 0.012 seconds.
Number of quartet trees in the gene trees: 704
Size of largest cluster: 10
Greedy score: 643
estimationFactor: 1.0948678071539657
Sub-optimal score: 643
Total Number of elements weighted: 163
Normalized score (portion of input quartet trees satisfied before correcting for multiple individuals): 0.9176136363636364
Optimization score: 646
Optimal tree inferred in 0.435 secs.
(t6,(t10,(t4,(t3,((t9,(t5,t8)),(t7,(t1,t2)))))));
Final quartet score is: 646
Final normalized quartet score is: 0.9176136363636364
You may want to ignore posterior probabilities and other statistics related to the following branch branch because the effective number of genes impacting it is only 18:
	{t5, t8}
You may want to ignore posterior probabilities and other statistics related to the following branch branch because the effective number of genes impacting it is only 6:
	{t1, t2}
You may want to ignore posterior probabilities and other statistics related to the following branch branch because the effective number of genes impacting it is only 11:
	{t1, t2, t7}
You may want to ignore posterior probabilities and other statistics related to the following branch branch because the effective number of genes impacting it is only 12:
	{t6, t10}
Extended species tree:
(t3,(((t9,(t5,t8)1:1.440361582390166)1:1.519825753744413,(t7,(t1,t2)0.58:0.15415067982725836)0.57:0.13353139262452274)1:0.6061358035703156,(t4,(t10,t6)1:1.466337068793427)1:2.022283127839887));
Weight calculation took 0.033275496 secs
ASTRAL finished in 0.634 secs
