
================== ASTRAL ===================== 

This is ASTRAL version 5.7.8
Gene trees are treated as unrooted
1781 trees read from tmp_quartet_CxgT39FVG8NT9.txt
index0
All output trees will be *arbitrarily* rooted at t7
201 extra trees read from tmp_bipartitions_CxgT39FVG8NT9.bootstrap.trees

======== Running the main analysis
Number of taxa: 10 (10 species)
Taxa: [t7, t8, t3, t5, t9, t10, t6, t4, t2, t1]
Taxon occupancy: {t4=1060, t5=884, t10=665, t6=653, t7=764, t8=753, t9=599, t1=259, t2=427, t3=1060}
Number of gene trees: 1781
1781 trees have missing taxa
Calculating quartet distance matrix (for completion of X)
Species tree distances calculated ...
Will attempt to complete bipartitions from X before adding using a distance matrix.
Building set of clusters (X) from gene trees 
------------------------------
gradient0: 53
Number of Clusters after addition by distance: 53
calculating extra bipartitions to be added at level 1 ...
Adding to X using resolutions of greedy consensus ...
Limit for sigma of degrees:300
polytomy size limit : 3
discarded polytomies:  []
Threshold 0.0:
Threshold 0.01:
Threshold 0.02:
Threshold 0.05:
Threshold 0.1:
Threshold 0.2:
Threshold 0.3333333333333333:
max k is :0
Number of Clusters after addition by greedy: 53
gradient0 in heuristiic: 53
calculating extra bipartitions from extra input trees ...
Number of Clusters after additions from extra trees: 81
partitions formed in 0.519 secs
Dynamic Programming starting after 0.52 secs
Using tree-based weight calculation.
Using polytree-based weight calculation.
Polytree max score: 1781
Polytree building time: 0.031 seconds.
Number of quartet trees in the gene trees: 1781
Size of largest cluster: 10
Greedy score: 1778
estimationFactor: 1.001687289088864
Sub-optimal score: 1778
Total Number of elements weighted: 71
Normalized score (portion of input quartet trees satisfied before correcting for multiple individuals): 0.9983155530600786
Optimization score: 1778
Optimal tree inferred in 0.65 secs.
(t8,(t10,((t7,t2),(t6,(t9,(t1,(t5,(t3,t4))))))));
Final quartet score is: 1778
Final normalized quartet score is: 0.9983155530600786
You may want to ignore posterior probabilities and other statistics related to the following branch branch because the effective number of genes impacting it is only 4:
	{t3, t5, t9, t4, t1}
You may want to ignore posterior probabilities and other statistics related to the following branch branch because the effective number of genes impacting it is only 17:
	{t3, t5, t9, t6, t4, t1}
Extended species tree:
(t7,(t2,((t6,(t9,(t1,(t5,(t3,t4)1:3.3081069585961425)1:3.5835189384561117)1:3.0602707946915624)0.98:1.2039728043259361)1:1.0986122886681098,(t10,t8)1:4.037186148382156)1:3.486355190002461));
Weight calculation took 0.029308033 secs
ASTRAL finished in 0.914 secs
