
================== ASTRAL ===================== 

This is ASTRAL version 5.7.8
Gene trees are treated as unrooted
489 trees read from tmp_quartet_CxgT39FVG8NT9.txt
index0
All output trees will be *arbitrarily* rooted at t6
201 extra trees read from tmp_bipartitions_CxgT39FVG8NT9.bootstrap.trees

======== Running the main analysis
Number of taxa: 10 (10 species)
Taxa: [t6, t9, t2, t3, t10, t1, t5, t7, t4, t8]
Taxon occupancy: {t4=136, t5=204, t6=191, t10=195, t7=145, t8=126, t9=205, t1=206, t2=272, t3=276}
Number of gene trees: 489
489 trees have missing taxa
Calculating quartet distance matrix (for completion of X)
Species tree distances calculated ...
Will attempt to complete bipartitions from X before adding using a distance matrix.
Building set of clusters (X) from gene trees 
------------------------------
gradient0: 51
Number of Clusters after addition by distance: 51
calculating extra bipartitions to be added at level 1 ...
Adding to X using resolutions of greedy consensus ...
Limit for sigma of degrees:300
polytomy size limit : 3
discarded polytomies:  []
Threshold 0.0:
Threshold 0.01:
Threshold 0.02:
Threshold 0.05:
Threshold 0.1:
Threshold 0.2:
Threshold 0.3333333333333333:
max k is :0
Number of Clusters after addition by greedy: 51
gradient0 in heuristiic: 51
calculating extra bipartitions from extra input trees ...
Number of Clusters after additions from extra trees: 77
partitions formed in 0.269 secs
Dynamic Programming starting after 0.269 secs
Using tree-based weight calculation.
Using polytree-based weight calculation.
Polytree max score: 489
Polytree building time: 0.024 seconds.
Number of quartet trees in the gene trees: 489
Size of largest cluster: 10
Greedy score: 480
estimationFactor: 1.01875
Sub-optimal score: 480
Total Number of elements weighted: 63
Normalized score (portion of input quartet trees satisfied before correcting for multiple individuals): 0.9815950920245399
Optimization score: 480
Optimal tree inferred in 0.367 secs.
(t9,(t1,(t8,((t6,t10),((t5,t7),(t4,(t2,t3)))))));
Final quartet score is: 480
Final normalized quartet score is: 0.9815950920245399
You may want to ignore posterior probabilities and other statistics related to the following branch branch because the effective number of genes impacting it is only 1:
	{t2, t3}
You may want to ignore posterior probabilities and other statistics related to the following branch branch because the effective number of genes impacting it is only 12:
	{t2, t3, t4}
You may want to ignore posterior probabilities and other statistics related to the following branch branch because the effective number of genes impacting it is only 14:
	{t9, t1}
You may want to ignore posterior probabilities and other statistics related to the following branch branch because the effective number of genes impacting it is only 2:
	{t9, t1, t8}
You may want to ignore posterior probabilities and other statistics related to the following branch branch because the effective number of genes impacting it is only 13:
	{t9, t2, t3, t1, t5, t7, t4, t8}
Extended species tree:
(t6,(t10,(((t5,t7)1:3.2580965380214812,(t4,(t2,t3)0.67:0.2876820724517809)1:2.159484249353373)0.99:0.5328045304847661,(t8,(t1,t9)1:1.6094379124341005)0.87:0.6931471805599453)1:2.2335922215070947));
Weight calculation took 0.014850268 secs
ASTRAL finished in 0.538 secs
