
================== ASTRAL ===================== 

This is ASTRAL version 5.7.8
Gene trees are treated as unrooted
307 trees read from tmp_quartet_CxgT39FVG8NT9.txt
index0
All output trees will be *arbitrarily* rooted at t7
201 extra trees read from tmp_bipartitions_CxgT39FVG8NT9.bootstrap.trees

======== Running the main analysis
Number of taxa: 10 (10 species)
Taxa: [t7, t8, t1, t2, t3, t4, t9, t5, t6, t10]
Taxon occupancy: {t4=142, t5=111, t6=117, t10=124, t7=130, t8=54, t9=83, t1=176, t2=161, t3=130}
Number of gene trees: 307
307 trees have missing taxa
Calculating quartet distance matrix (for completion of X)
Species tree distances calculated ...
Will attempt to complete bipartitions from X before adding using a distance matrix.
Building set of clusters (X) from gene trees 
------------------------------
gradient0: 89
Number of Clusters after addition by distance: 89
calculating extra bipartitions to be added at level 1 ...
Adding to X using resolutions of greedy consensus ...
Limit for sigma of degrees:300
polytomy size limit : 3
discarded polytomies:  [3]
Threshold 0.0:
Threshold 0.01:
Threshold 0.02:
Threshold 0.05:
Threshold 0.1:
Threshold 0.2:
Threshold 0.3333333333333333:
polytomy of size 3; rounds with additions with at least 5 support: 0; clusters: 89
max k is :0
Number of Clusters after addition by greedy: 89
gradient0 in heuristiic: 89
calculating extra bipartitions from extra input trees ...
Number of Clusters after additions from extra trees: 115
partitions formed in 0.257 secs
Dynamic Programming starting after 0.257 secs
Using tree-based weight calculation.
Using polytree-based weight calculation.
Polytree max score: 307
Polytree building time: 0.024 seconds.
Number of quartet trees in the gene trees: 307
Size of largest cluster: 10
Greedy score: 278
estimationFactor: 1.10431654676259
Sub-optimal score: 288
Total Number of elements weighted: 148
Normalized score (portion of input quartet trees satisfied before correcting for multiple individuals): 0.9381107491856677
Optimization score: 288
Optimal tree inferred in 0.345 secs.
(t8,(((t1,t4),(t2,t5)),(t3,(t9,(t10,(t7,t6))))));
Final quartet score is: 288
Final normalized quartet score is: 0.9381107491856677
You may want to ignore posterior probabilities and other statistics related to the following branch branch because the effective number of genes impacting it is only 13:
	{t1, t4}
You may want to ignore posterior probabilities and other statistics related to the following branch branch because the effective number of genes impacting it is only 19:
	{t2, t5}
You may want to ignore posterior probabilities and other statistics related to the following branch branch because the effective number of genes impacting it is only 4:
	{t1, t2, t4, t5}
You may want to ignore posterior probabilities and other statistics related to the following branch branch because the effective number of genes impacting it is only 15:
	{t8, t1, t2, t4, t5}
You may want to ignore posterior probabilities and other statistics related to the following branch branch because the effective number of genes impacting it is only 7:
	{t8, t1, t2, t3, t4, t5}
You may want to ignore posterior probabilities and other statistics related to the following branch branch because the effective number of genes impacting it is only 9:
	{t8, t1, t2, t3, t4, t9, t5}
You may want to ignore posterior probabilities and other statistics related to the following branch branch because the effective number of genes impacting it is only 7:
	{t8, t1, t2, t3, t4, t9, t5, t10}
Extended species tree:
(t7,(t6,(t10,(t9,(t3,(((t1,t4)1:2.2335922215070947,(t2,t5)1:2.590267165445826)0.98:1.2039728043259361,t8)0.9:0.42121346507630353)0.92:0.5753641449035618)0.67:0.2876820724517809)1:1.6739764335716716));
Weight calculation took 0.018400499 secs
ASTRAL finished in 0.515 secs
