
================== ASTRAL ===================== 

This is ASTRAL version 5.7.8
Gene trees are treated as unrooted
1001 trees read from tmp_quartet_CxgT39FVG8NT9.txt
index0
All output trees will be *arbitrarily* rooted at t5
201 extra trees read from tmp_bipartitions_CxgT39FVG8NT9.bootstrap.trees

======== Running the main analysis
Number of taxa: 10 (10 species)
Taxa: [t5, t8, t10, t3, t7, t2, t4, t9, t1, t6]
Taxon occupancy: {t4=432, t5=564, t10=380, t6=416, t7=240, t8=474, t9=286, t1=390, t2=487, t3=335}
Number of gene trees: 1001
1001 trees have missing taxa
Calculating quartet distance matrix (for completion of X)
Species tree distances calculated ...
Will attempt to complete bipartitions from X before adding using a distance matrix.
Building set of clusters (X) from gene trees 
------------------------------
gradient0: 59
Number of Clusters after addition by distance: 59
calculating extra bipartitions to be added at level 1 ...
Adding to X using resolutions of greedy consensus ...
Limit for sigma of degrees:300
polytomy size limit : 3
discarded polytomies:  []
Threshold 0.0:
Threshold 0.01:
Threshold 0.02:
Threshold 0.05:
Threshold 0.1:
Threshold 0.2:
Threshold 0.3333333333333333:
max k is :0
Number of Clusters after addition by greedy: 59
gradient0 in heuristiic: 59
calculating extra bipartitions from extra input trees ...
Number of Clusters after additions from extra trees: 77
partitions formed in 0.387 secs
Dynamic Programming starting after 0.387 secs
Using tree-based weight calculation.
Using polytree-based weight calculation.
Polytree max score: 1001
Polytree building time: 0.019 seconds.
Number of quartet trees in the gene trees: 1001
Size of largest cluster: 10
Greedy score: 992
estimationFactor: 1.0090725806451613
Sub-optimal score: 992
Total Number of elements weighted: 59
Normalized score (portion of input quartet trees satisfied before correcting for multiple individuals): 0.991008991008991
Optimization score: 992
Optimal tree inferred in 0.478 secs.
(t8,(t5,(t9,(t7,((t2,t1),(t3,(t4,(t10,t6))))))));
Final quartet score is: 992
Final normalized quartet score is: 0.991008991008991
You may want to ignore posterior probabilities and other statistics related to the following branch branch because the effective number of genes impacting it is only 9:
	{t2, t1}
You may want to ignore posterior probabilities and other statistics related to the following branch branch because the effective number of genes impacting it is only 19:
	{t10, t6}
You may want to ignore posterior probabilities and other statistics related to the following branch branch because the effective number of genes impacting it is only 8:
	{t10, t3, t2, t4, t1, t6}
Extended species tree:
(t5,((t9,(t7,((t2,t1)1:1.2039728043259361,(t3,(t4,(t10,t6)1:1.2039728043259361)1:3.506557897319981)1:2.6390573296152575)0.97:0.6931471805599453)1:3.3787245258100977)1:2.961830721878311,t8));
Weight calculation took 0.031885156 secs
ASTRAL finished in 0.716 secs
