
================== ASTRAL ===================== 

This is ASTRAL version 5.7.8
Gene trees are treated as unrooted
437 trees read from tmp_quartet_CxgT39FVG8NT9.txt
index0
All output trees will be *arbitrarily* rooted at t3
201 extra trees read from tmp_bipartitions_CxgT39FVG8NT9.bootstrap.trees

======== Running the main analysis
Number of taxa: 10 (10 species)
Taxa: [t3, t4, t2, t7, t5, t6, t9, t1, t10, t8]
Taxon occupancy: {t4=171, t5=201, t6=305, t10=274, t7=155, t8=114, t9=107, t1=130, t2=146, t3=145}
Number of gene trees: 437
437 trees have missing taxa
Calculating quartet distance matrix (for completion of X)
Species tree distances calculated ...
Will attempt to complete bipartitions from X before adding using a distance matrix.
Building set of clusters (X) from gene trees 
------------------------------
gradient0: 49
Number of Clusters after addition by distance: 49
calculating extra bipartitions to be added at level 1 ...
Adding to X using resolutions of greedy consensus ...
Limit for sigma of degrees:300
polytomy size limit : 3
discarded polytomies:  []
Threshold 0.0:
Threshold 0.01:
Threshold 0.02:
Threshold 0.05:
Threshold 0.1:
Threshold 0.2:
Threshold 0.3333333333333333:
max k is :0
Number of Clusters after addition by greedy: 49
gradient0 in heuristiic: 49
calculating extra bipartitions from extra input trees ...
Number of Clusters after additions from extra trees: 85
partitions formed in 0.227 secs
Dynamic Programming starting after 0.227 secs
Using tree-based weight calculation.
Using polytree-based weight calculation.
Polytree max score: 437
Polytree building time: 0.01 seconds.
Number of quartet trees in the gene trees: 437
Size of largest cluster: 10
Greedy score: 434
estimationFactor: 1.0069124423963134
Sub-optimal score: 435
Total Number of elements weighted: 71
Normalized score (portion of input quartet trees satisfied before correcting for multiple individuals): 0.9954233409610984
Optimization score: 435
Optimal tree inferred in 0.326 secs.
(t4,(t3,(t5,(t8,((t1,(t6,t10)),(t9,(t2,t7)))))));
Final quartet score is: 435
Final normalized quartet score is: 0.9954233409610984
You may want to ignore posterior probabilities and other statistics related to the following branch branch because the effective number of genes impacting it is only 8:
	{t6, t10}
You may want to ignore posterior probabilities and other statistics related to the following branch branch because the effective number of genes impacting it is only 10:
	{t2, t7}
You may want to ignore posterior probabilities and other statistics related to the following branch branch because the effective number of genes impacting it is only 1:
	{t2, t7, t9}
You may want to ignore posterior probabilities and other statistics related to the following branch branch because the effective number of genes impacting it is only 2:
	{t2, t7, t6, t9, t1, t10}
You may want to ignore posterior probabilities and other statistics related to the following branch branch because the effective number of genes impacting it is only 15:
	{t2, t7, t6, t9, t1, t10, t8}
You may want to ignore posterior probabilities and other statistics related to the following branch branch because the effective number of genes impacting it is only 7:
	{t2, t7, t5, t6, t9, t1, t10, t8}
Extended species tree:
(t3,((t5,(t8,((t1,(t6,t10)1:1.7917594692280545)1:3.5835189384561117,(t9,(t2,t7)1:1.9924301646902058)0.67:0.2876820724517809)0.42:0.0)1:2.367123614131617)1:1.6739764335716716,t4));
Weight calculation took 0.025145822 secs
ASTRAL finished in 0.505 secs
