
================== ASTRAL ===================== 

This is ASTRAL version 5.7.8
Gene trees are treated as unrooted
912 trees read from tmp_quartet_CxgT39FVG8NT9.txt
index0
All output trees will be *arbitrarily* rooted at t4
201 extra trees read from tmp_bipartitions_CxgT39FVG8NT9.bootstrap.trees

======== Running the main analysis
Number of taxa: 10 (10 species)
Taxa: [t4, t5, t1, t2, t3, t7, t9, t6, t8, t10]
Taxon occupancy: {t4=402, t5=594, t6=580, t10=147, t7=455, t8=283, t9=277, t1=285, t2=288, t3=337}
Number of gene trees: 912
912 trees have missing taxa
Calculating quartet distance matrix (for completion of X)
Species tree distances calculated ...
Will attempt to complete bipartitions from X before adding using a distance matrix.
Building set of clusters (X) from gene trees 
------------------------------
gradient0: 49
Number of Clusters after addition by distance: 49
calculating extra bipartitions to be added at level 1 ...
Adding to X using resolutions of greedy consensus ...
Limit for sigma of degrees:300
polytomy size limit : 3
discarded polytomies:  []
Threshold 0.0:
Threshold 0.01:
Threshold 0.02:
Threshold 0.05:
Threshold 0.1:
Threshold 0.2:
Threshold 0.3333333333333333:
max k is :0
Number of Clusters after addition by greedy: 49
gradient0 in heuristiic: 49
calculating extra bipartitions from extra input trees ...
Number of Clusters after additions from extra trees: 95
partitions formed in 0.343 secs
Dynamic Programming starting after 0.343 secs
Using tree-based weight calculation.
Using polytree-based weight calculation.
Polytree max score: 912
Polytree building time: 0.026 seconds.
Number of quartet trees in the gene trees: 912
Size of largest cluster: 10
Greedy score: 900
estimationFactor: 1.0133333333333334
Sub-optimal score: 900
Total Number of elements weighted: 92
Normalized score (portion of input quartet trees satisfied before correcting for multiple individuals): 0.9868421052631579
Optimization score: 900
Optimal tree inferred in 0.447 secs.
(t5,(t6,(t10,((t3,(t4,t7)),((t1,t9),(t2,t8))))));
Final quartet score is: 900
Final normalized quartet score is: 0.9868421052631579
You may want to ignore posterior probabilities and other statistics related to the following branch branch because the effective number of genes impacting it is only 5:
	{t1, t9}
You may want to ignore posterior probabilities and other statistics related to the following branch branch because the effective number of genes impacting it is only 12:
	{t2, t8}
You may want to ignore posterior probabilities and other statistics related to the following branch branch because the effective number of genes impacting it is only 5:
	{t1, t2, t9, t8}
You may want to ignore posterior probabilities and other statistics related to the following branch branch because the effective number of genes impacting it is only 16:
	{t5, t6, t10}
Extended species tree:
(t4,(t7,(t3,(((t1,t9)0.99:1.3862943611198908,(t2,t8)1:2.159484249353373)0.99:1.3862943611198908,(t10,(t6,t5)1:3.705408756065146)1:2.4277482359480516)1:1.1631508098056806)1:0.739667196194838));
Weight calculation took 0.051767148 secs
ASTRAL finished in 0.693 secs
