
================== ASTRAL ===================== 

This is ASTRAL version 5.7.8
Gene trees are treated as unrooted
594 trees read from tmp_quartet_CxgT39FVG8NT9.txt
index0
All output trees will be *arbitrarily* rooted at t4
201 extra trees read from tmp_bipartitions_CxgT39FVG8NT9.bootstrap.trees

======== Running the main analysis
Number of taxa: 10 (10 species)
Taxa: [t4, t5, t2, t8, t6, t7, t3, t1, t9, t10]
Taxon occupancy: {t4=204, t5=343, t6=319, t10=196, t7=145, t8=321, t9=217, t1=170, t2=200, t3=261}
Number of gene trees: 594
594 trees have missing taxa
Calculating quartet distance matrix (for completion of X)
Species tree distances calculated ...
Will attempt to complete bipartitions from X before adding using a distance matrix.
Building set of clusters (X) from gene trees 
------------------------------
gradient0: 43
Number of Clusters after addition by distance: 43
calculating extra bipartitions to be added at level 1 ...
Adding to X using resolutions of greedy consensus ...
Limit for sigma of degrees:300
polytomy size limit : 3
discarded polytomies:  []
Threshold 0.0:
Threshold 0.01:
Threshold 0.02:
Threshold 0.05:
Threshold 0.1:
Threshold 0.2:
Threshold 0.3333333333333333:
max k is :0
Number of Clusters after addition by greedy: 43
gradient0 in heuristiic: 43
calculating extra bipartitions from extra input trees ...
Number of Clusters after additions from extra trees: 79
partitions formed in 0.261 secs
Dynamic Programming starting after 0.261 secs
Using tree-based weight calculation.
Using polytree-based weight calculation.
Polytree max score: 594
Polytree building time: 0.019 seconds.
Number of quartet trees in the gene trees: 594
Size of largest cluster: 10
Greedy score: 592
estimationFactor: 1.0033783783783783
Sub-optimal score: 592
Total Number of elements weighted: 60
Normalized score (portion of input quartet trees satisfied before correcting for multiple individuals): 0.9966329966329966
Optimization score: 592
Optimal tree inferred in 0.347 secs.
(t5,(t6,((t1,t10),(t7,((t4,t9),(t3,(t2,t8)))))));
Final quartet score is: 592
Final normalized quartet score is: 0.9966329966329966
You may want to ignore posterior probabilities and other statistics related to the following branch branch because the effective number of genes impacting it is only 4:
	{t2, t8}
You may want to ignore posterior probabilities and other statistics related to the following branch branch because the effective number of genes impacting it is only 17:
	{t2, t8, t3}
You may want to ignore posterior probabilities and other statistics related to the following branch branch because the effective number of genes impacting it is only 8:
	{t1, t10}
You may want to ignore posterior probabilities and other statistics related to the following branch branch because the effective number of genes impacting it is only 15:
	{t5, t6}
You may want to ignore posterior probabilities and other statistics related to the following branch branch because the effective number of genes impacting it is only 17:
	{t5, t2, t8, t6, t7, t3, t1, t10}
Extended species tree:
(t4,(t9,((t3,(t2,t8)0.84:0.5108256237659905)1:2.484906649788,(t7,((t1,t10)1:1.7917594692280545,(t6,t5)1:2.367123614131617)1:2.8134107167600355)1:2.730029107820986)1:2.484906649788));
Weight calculation took 0.027913468 secs
ASTRAL finished in 0.567 secs
