
================== ASTRAL ===================== 

This is ASTRAL version 5.7.8
Gene trees are treated as unrooted
3726 trees read from tmp_quartet_CxgT39FVG8NT9.txt
index0
All output trees will be *arbitrarily* rooted at t2
201 extra trees read from tmp_bipartitions_CxgT39FVG8NT9.bootstrap.trees

======== Running the main analysis
Number of taxa: 10 (10 species)
Taxa: [t2, t7, t1, t3, t8, t9, t10, t5, t6, t4]
Taxon occupancy: {t4=679, t5=1002, t10=1829, t6=1693, t7=1632, t8=1544, t9=1740, t1=1310, t2=1757, t3=1718}
Number of gene trees: 3726
3726 trees have missing taxa
Calculating quartet distance matrix (for completion of X)
Species tree distances calculated ...
Will attempt to complete bipartitions from X before adding using a distance matrix.
Building set of clusters (X) from gene trees 
------------------------------
gradient0: 75
Number of Clusters after addition by distance: 75
calculating extra bipartitions to be added at level 1 ...
Adding to X using resolutions of greedy consensus ...
Limit for sigma of degrees:300
polytomy size limit : 3
discarded polytomies:  []
Threshold 0.0:
Threshold 0.01:
Threshold 0.02:
Threshold 0.05:
Threshold 0.1:
Threshold 0.2:
Threshold 0.3333333333333333:
max k is :0
Number of Clusters after addition by greedy: 75
gradient0 in heuristiic: 75
calculating extra bipartitions from extra input trees ...
Number of Clusters after additions from extra trees: 93
partitions formed in 0.906 secs
Dynamic Programming starting after 0.906 secs
Using tree-based weight calculation.
Using polytree-based weight calculation.
Polytree max score: 3726
Polytree building time: 0.061 seconds.
Number of quartet trees in the gene trees: 3726
Size of largest cluster: 10
Greedy score: 3663
estimationFactor: 1.0171990171990173
Sub-optimal score: 3663
Total Number of elements weighted: 76
Normalized score (portion of input quartet trees satisfied before correcting for multiple individuals): 0.9830917874396136
Optimization score: 3663
Optimal tree inferred in 1.113 secs.
(t7,(t6,((t2,t10),((t5,t4),(t1,(t8,(t3,t9)))))));
Final quartet score is: 3663
Final normalized quartet score is: 0.9830917874396136
Extended species tree:
(t2,(t10,(((t5,t4)1:2.6525710487819807,(t1,(t8,(t3,t9)1:1.1451323043030024)0.99:0.4769240720903091)1:2.8526314299133184)1:2.5032557884561966,(t6,t7)1:2.387742901334353)1:3.1625014173404593));
Weight calculation took 0.060332629 secs
ASTRAL finished in 1.46 secs
