
================== ASTRAL ===================== 

This is ASTRAL version 5.7.8
Gene trees are treated as unrooted
68 trees read from quartet_temp.txt
index0
All output trees will be *arbitrarily* rooted at t5

======== Running the main analysis
Number of taxa: 10 (10 species)
Taxa: [t5, t8, t2, t3, t4, t10, t1, t9, t7, t6]
Taxon occupancy: {t4=30, t5=28, t10=20, t6=31, t7=34, t8=33, t9=28, t1=14, t2=28, t3=26}
Number of gene trees: 68
68 trees have missing taxa
Calculating quartet distance matrix (for completion of X)
Species tree distances calculated ...
Will attempt to complete bipartitions from X before adding using a distance matrix.
Building set of clusters (X) from gene trees 
------------------------------
gradient0: 67
Number of Clusters after addition by distance: 67
calculating extra bipartitions to be added at level 1 ...
Adding to X using resolutions of greedy consensus ...
Limit for sigma of degrees:300
polytomy size limit : 3
discarded polytomies:  []
Threshold 0.0:
Threshold 0.01:
Threshold 0.02:
Threshold 0.05:
Threshold 0.1:
Threshold 0.2:
Threshold 0.3333333333333333:
max k is :0
Number of Clusters after addition by greedy: 67
gradient0 in heuristiic: 67
calculating all possible bipartitions ...
Number of Clusters After Adding All possible clusters: 1023
partitions formed in 0.029 secs
Dynamic Programming starting after 0.029 secs
Using tree-based weight calculation.
Using polytree-based weight calculation.
Polytree max score: 68
Polytree building time: 0.002 seconds.
Number of quartet trees in the gene trees: 68
Size of largest cluster: 10
Greedy score: 68
estimationFactor: 1.0
Sub-optimal score: 68
Total Number of elements weighted: 884
Normalized score (portion of input quartet trees satisfied before correcting for multiple individuals): 1.0
Optimization score: 68
Optimal tree inferred in 0.061 secs.
(t8,((t5,t4),(t9,((t6,(t1,t7)),(t10,(t2,t3))))));
Final quartet score is: 68
Final normalized quartet score is: 1.0
You may want to ignore posterior probabilities and other statistics related to the following branch branch because the effective number of genes impacting it is only 3:
	{t1, t7}
You may want to ignore posterior probabilities and other statistics related to the following branch branch because the effective number of genes impacting it is only 7:
	{t1, t7, t6}
You may want to ignore posterior probabilities and other statistics related to the following branch branch because the effective number of genes impacting it is only 1:
	{t2, t3}
You may want to ignore posterior probabilities and other statistics related to the following branch branch because the effective number of genes impacting it is only 1:
	{t2, t3, t10}
You may want to ignore posterior probabilities and other statistics related to the following branch branch because the effective number of genes impacting it is only 8:
	{t2, t3, t10, t1, t7, t6}
You may want to ignore posterior probabilities and other statistics related to the following branch branch because the effective number of genes impacting it is only 1:
	{t2, t3, t10, t1, t9, t7, t6}
You may want to ignore posterior probabilities and other statistics related to the following branch branch because the effective number of genes impacting it is only 5:
	{t8, t2, t3, t10, t1, t9, t7, t6}
Extended species tree:
(t5,(t4,((t9,((t6,(t1,t7)0.95:0.9808292530117262)1:1.6739764335716716,(t10,(t2,t3)0.67:0.2876820724517809)0.67:0.2876820724517809)1:1.7917594692280545)0.67:0.2876820724517809,t8)0.99:1.3862943611198908));
Weight calculation took 0.008256998 secs
ASTRAL finished in 0.087 secs
