
================== ASTRAL ===================== 

This is ASTRAL version 5.7.8
Gene trees are treated as unrooted
81 trees read from quartet_temp.txt
index0
All output trees will be *arbitrarily* rooted at t5

======== Running the main analysis
Number of taxa: 10 (10 species)
Taxa: [t5, t6, t1, t9, t10, t8, t4, t2, t7, t3]
Taxon occupancy: {t4=41, t5=23, t6=47, t10=48, t7=52, t8=12, t9=26, t1=28, t2=15, t3=32}
Number of gene trees: 81
81 trees have missing taxa
Calculating quartet distance matrix (for completion of X)
Species tree distances calculated ...
Will attempt to complete bipartitions from X before adding using a distance matrix.
Building set of clusters (X) from gene trees 
------------------------------
gradient0: 57
Number of Clusters after addition by distance: 57
calculating extra bipartitions to be added at level 1 ...
Adding to X using resolutions of greedy consensus ...
Limit for sigma of degrees:300
polytomy size limit : 3
discarded polytomies:  []
Threshold 0.0:
Threshold 0.01:
Threshold 0.02:
Threshold 0.05:
Threshold 0.1:
Threshold 0.2:
Threshold 0.3333333333333333:
max k is :0
Number of Clusters after addition by greedy: 57
gradient0 in heuristiic: 57
calculating all possible bipartitions ...
Number of Clusters After Adding All possible clusters: 1023
partitions formed in 0.029 secs
Dynamic Programming starting after 0.029 secs
Using tree-based weight calculation.
Using polytree-based weight calculation.
Polytree max score: 81
Polytree building time: 0.002 seconds.
Number of quartet trees in the gene trees: 81
Size of largest cluster: 10
Greedy score: 78
estimationFactor: 1.0384615384615385
Sub-optimal score: 80
Total Number of elements weighted: 1374
Normalized score (portion of input quartet trees satisfied before correcting for multiple individuals): 0.9876543209876543
Optimization score: 80
Optimal tree inferred in 0.069 secs.
(t6,(t5,(t4,(t3,(t2,((t10,t7),(t1,(t9,t8))))))));
Final quartet score is: 80
Final normalized quartet score is: 0.9876543209876543
You may want to ignore posterior probabilities and other statistics related to the following branch branch because the effective number of genes impacting it is only 10:
	{t10, t7}
You may want to ignore posterior probabilities and other statistics related to the following branch branch because the effective number of genes impacting it is only 2:
	{t9, t8}
You may want to ignore posterior probabilities and other statistics related to the following branch branch because the effective number of genes impacting it is only 3:
	{t1, t9, t8}
You may want to ignore posterior probabilities and other statistics related to the following branch branch because the effective number of genes impacting it is only 0:
	{t1, t9, t10, t8, t7}
You may want to ignore posterior probabilities and other statistics related to the following branch branch because the effective number of genes impacting it is only 4:
	{t1, t9, t10, t8, t2, t7}
You may want to ignore posterior probabilities and other statistics related to the following branch branch because the effective number of genes impacting it is only 0:
	{t1, t9, t10, t8, t2, t7, t3}
You may want to ignore posterior probabilities and other statistics related to the following branch branch because the effective number of genes impacting it is only 2:
	{t1, t9, t10, t8, t4, t2, t7, t3}
Extended species tree:
(t5,((t4,(t3,(t2,((t10,t7)1:1.9924301646902058,(t1,(t9,t8)0.87:0.6931471805599453)0.67:0.2876820724517809)0.33:0.0)0.98:1.2039728043259361)0.33:0.0)0.87:0.6931471805599453,t6));
Weight calculation took 0.012670543 secs
ASTRAL finished in 0.095 secs
