
================== ASTRAL ===================== 

This is ASTRAL version 5.7.8
Gene trees are treated as unrooted
676 trees read from quartet_temp.txt
index0
All output trees will be *arbitrarily* rooted at t3

======== Running the main analysis
Number of taxa: 10 (10 species)
Taxa: [t3, t4, t1, t6, t7, t8, t10, t2, t5, t9]
Taxon occupancy: {t4=432, t5=300, t6=281, t10=247, t7=309, t8=278, t9=221, t1=54, t2=170, t3=412}
Number of gene trees: 676
676 trees have missing taxa
Calculating quartet distance matrix (for completion of X)
Species tree distances calculated ...
Will attempt to complete bipartitions from X before adding using a distance matrix.
Building set of clusters (X) from gene trees 
------------------------------
gradient0: 77
Number of Clusters after addition by distance: 77
calculating extra bipartitions to be added at level 1 ...
Adding to X using resolutions of greedy consensus ...
Limit for sigma of degrees:300
polytomy size limit : 3
discarded polytomies:  []
Threshold 0.0:
Threshold 0.01:
Threshold 0.02:
Threshold 0.05:
Threshold 0.1:
Threshold 0.2:
Threshold 0.3333333333333333:
max k is :0
Number of Clusters after addition by greedy: 77
gradient0 in heuristiic: 77
calculating all possible bipartitions ...
Number of Clusters After Adding All possible clusters: 1023
partitions formed in 0.084 secs
Dynamic Programming starting after 0.084 secs
Using tree-based weight calculation.
Using polytree-based weight calculation.
Polytree max score: 676
Polytree building time: 0.006 seconds.
Number of quartet trees in the gene trees: 676
Size of largest cluster: 10
Greedy score: 658
estimationFactor: 1.027355623100304
Sub-optimal score: 658
Total Number of elements weighted: 1719
Normalized score (portion of input quartet trees satisfied before correcting for multiple individuals): 0.9733727810650887
Optimization score: 658
Optimal tree inferred in 0.166 secs.
(t4,(t3,(t5,(t1,(t6,(t9,((t7,t2),(t8,t10))))))));
Final quartet score is: 658
Final normalized quartet score is: 0.9733727810650887
You may want to ignore posterior probabilities and other statistics related to the following branch branch because the effective number of genes impacting it is only 9:
	{t7, t2}
You may want to ignore posterior probabilities and other statistics related to the following branch branch because the effective number of genes impacting it is only 19:
	{t7, t8, t10, t2}
You may want to ignore posterior probabilities and other statistics related to the following branch branch because the effective number of genes impacting it is only 7:
	{t7, t8, t10, t2, t9}
You may want to ignore posterior probabilities and other statistics related to the following branch branch because the effective number of genes impacting it is only 5:
	{t6, t7, t8, t10, t2, t9}
You may want to ignore posterior probabilities and other statistics related to the following branch branch because the effective number of genes impacting it is only 13:
	{t1, t6, t7, t8, t10, t2, t9}
You may want to ignore posterior probabilities and other statistics related to the following branch branch because the effective number of genes impacting it is only 14:
	{t1, t6, t7, t8, t10, t2, t5, t9}
Extended species tree:
(t3,((t5,(t1,(t6,(t9,((t7,t2)0.67:0.2876820724517809,(t8,t10)1:3.2580965380214812)1:0.6443570163905135)1:1.6739764335716716)0.99:1.3862943611198908)1:2.2335922215070947)1:1.2039728043259361,t4));
Weight calculation took 0.047000921 secs
ASTRAL finished in 0.218 secs
