
================== ASTRAL ===================== 

This is ASTRAL version 5.7.8
Gene trees are treated as unrooted
244 trees read from quartet_temp.txt
index0
All output trees will be *arbitrarily* rooted at t5

======== Running the main analysis
Number of taxa: 10 (10 species)
Taxa: [t5, t6, t2, t4, t9, t10, t7, t8, t1, t3]
Taxon occupancy: {t4=84, t5=113, t6=91, t10=72, t7=119, t8=112, t9=83, t1=81, t2=124, t3=97}
Number of gene trees: 244
244 trees have missing taxa
Calculating quartet distance matrix (for completion of X)
Species tree distances calculated ...
Will attempt to complete bipartitions from X before adding using a distance matrix.
Building set of clusters (X) from gene trees 
------------------------------
gradient0: 73
Number of Clusters after addition by distance: 73
calculating extra bipartitions to be added at level 1 ...
Adding to X using resolutions of greedy consensus ...
Limit for sigma of degrees:300
polytomy size limit : 3
discarded polytomies:  [3]
Threshold 0.0:
Threshold 0.01:
Threshold 0.02:
Threshold 0.05:
Threshold 0.1:
Threshold 0.2:
Threshold 0.3333333333333333:
polytomy of size 3; rounds with additions with at least 5 support: 0; clusters: 73
max k is :0
Number of Clusters after addition by greedy: 73
gradient0 in heuristiic: 73
calculating all possible bipartitions ...
Number of Clusters After Adding All possible clusters: 1023
partitions formed in 0.053 secs
Dynamic Programming starting after 0.053 secs
Using tree-based weight calculation.
Using polytree-based weight calculation.
Polytree max score: 244
Polytree building time: 0.004 seconds.
Number of quartet trees in the gene trees: 244
Size of largest cluster: 10
Greedy score: 220
estimationFactor: 1.1090909090909091
Sub-optimal score: 220
Total Number of elements weighted: 1203
Normalized score (portion of input quartet trees satisfied before correcting for multiple individuals): 0.9262295081967213
Optimization score: 226
Optimal tree inferred in 0.102 secs.
(t6,((t10,(t5,(t7,t8))),(t9,(t3,(t2,(t4,t1))))));
Final quartet score is: 226
Final normalized quartet score is: 0.9262295081967213
You may want to ignore posterior probabilities and other statistics related to the following branch branch because the effective number of genes impacting it is only 12:
	{t7, t8}
You may want to ignore posterior probabilities and other statistics related to the following branch branch because the effective number of genes impacting it is only 6:
	{t4, t1}
You may want to ignore posterior probabilities and other statistics related to the following branch branch because the effective number of genes impacting it is only 0:
	{t2, t4, t1}
You may want to ignore posterior probabilities and other statistics related to the following branch branch because the effective number of genes impacting it is only 6:
	{t2, t4, t9, t1, t3}
You may want to ignore posterior probabilities and other statistics related to the following branch branch because the effective number of genes impacting it is only 19:
	{t6, t2, t4, t9, t1, t3}
You may want to ignore posterior probabilities and other statistics related to the following branch branch because the effective number of genes impacting it is only 14:
	{t6, t2, t4, t9, t10, t1, t3}
Extended species tree:
(t5,((t7,t8)1:1.0608719606852628,(t10,((t9,(t3,(t2,(t4,t1)1:1.5404450409471486)0.33:0.0)1:2.730029107820986)1:1.5404450409471486,t6)0.67:0.2876820724517809)0.81:0.35667494393873245));
Weight calculation took 0.022224815 secs
ASTRAL finished in 0.138 secs
