
================== ASTRAL ===================== 

This is ASTRAL version 5.7.8
Gene trees are treated as unrooted
317 trees read from quartet_temp.txt
index0
All output trees will be *arbitrarily* rooted at t10

======== Running the main analysis
Number of taxa: 10 (10 species)
Taxa: [t10, t4, t1, t2, t3, t5, t8, t9, t7, t6]
Taxon occupancy: {t4=184, t5=189, t10=173, t6=75, t7=186, t8=104, t9=116, t1=52, t2=128, t3=61}
Number of gene trees: 317
317 trees have missing taxa
Calculating quartet distance matrix (for completion of X)
Species tree distances calculated ...
Will attempt to complete bipartitions from X before adding using a distance matrix.
Building set of clusters (X) from gene trees 
------------------------------
gradient0: 53
Number of Clusters after addition by distance: 53
calculating extra bipartitions to be added at level 1 ...
Adding to X using resolutions of greedy consensus ...
Limit for sigma of degrees:300
polytomy size limit : 3
discarded polytomies:  []
Threshold 0.0:
Threshold 0.01:
Threshold 0.02:
Threshold 0.05:
Threshold 0.1:
Threshold 0.2:
Threshold 0.3333333333333333:
max k is :0
Number of Clusters after addition by greedy: 53
gradient0 in heuristiic: 53
calculating all possible bipartitions ...
Number of Clusters After Adding All possible clusters: 1023
partitions formed in 0.047 secs
Dynamic Programming starting after 0.047 secs
Using tree-based weight calculation.
Using polytree-based weight calculation.
Polytree max score: 317
Polytree building time: 0.004 seconds.
Number of quartet trees in the gene trees: 317
Size of largest cluster: 10
Greedy score: 308
estimationFactor: 1.0292207792207793
Sub-optimal score: 309
Total Number of elements weighted: 1346
Normalized score (portion of input quartet trees satisfied before correcting for multiple individuals): 0.9747634069400631
Optimization score: 309
Optimal tree inferred in 0.1 secs.
(t4,(t3,(t10,(t1,((t2,t6),((t8,t9),(t5,t7)))))));
Final quartet score is: 309
Final normalized quartet score is: 0.9747634069400631
You may want to ignore posterior probabilities and other statistics related to the following branch branch because the effective number of genes impacting it is only 3:
	{t2, t6}
You may want to ignore posterior probabilities and other statistics related to the following branch branch because the effective number of genes impacting it is only 4:
	{t8, t9}
You may want to ignore posterior probabilities and other statistics related to the following branch branch because the effective number of genes impacting it is only 9:
	{t2, t5, t8, t9, t7, t6}
You may want to ignore posterior probabilities and other statistics related to the following branch branch because the effective number of genes impacting it is only 5:
	{t1, t2, t5, t8, t9, t7, t6}
You may want to ignore posterior probabilities and other statistics related to the following branch branch because the effective number of genes impacting it is only 7:
	{t4, t3}
Extended species tree:
(t10,((t1,((t2,t6)0.67:0.2876820724517809,((t8,t9)0.98:1.2039728043259361,(t5,t7)1:2.730029107820986)1:1.2431935174792175)1:1.8971199848858815)0.99:1.3862943611198908,(t3,t4)0.67:0.2876820724517809));
Weight calculation took 0.025827923 secs
ASTRAL finished in 0.141 secs
