
================== ASTRAL ===================== 

This is ASTRAL version 5.7.8
Gene trees are treated as unrooted
1331 trees read from quartet_temp.txt
index0
All output trees will be *arbitrarily* rooted at t3

======== Running the main analysis
Number of taxa: 10 (10 species)
Taxa: [t3, t9, t10, t2, t4, t5, t6, t7, t1, t8]
Taxon occupancy: {t4=183, t5=285, t10=567, t6=700, t7=696, t8=548, t9=657, t1=443, t2=578, t3=667}
Number of gene trees: 1331
1331 trees have missing taxa
Calculating quartet distance matrix (for completion of X)
Species tree distances calculated ...
Will attempt to complete bipartitions from X before adding using a distance matrix.
Building set of clusters (X) from gene trees 
------------------------------
gradient0: 67
Number of Clusters after addition by distance: 67
calculating extra bipartitions to be added at level 1 ...
Adding to X using resolutions of greedy consensus ...
Limit for sigma of degrees:300
polytomy size limit : 3
discarded polytomies:  []
Threshold 0.0:
Threshold 0.01:
Threshold 0.02:
Threshold 0.05:
Threshold 0.1:
Threshold 0.2:
Threshold 0.3333333333333333:
max k is :0
Number of Clusters after addition by greedy: 67
gradient0 in heuristiic: 67
calculating all possible bipartitions ...
Number of Clusters After Adding All possible clusters: 1023
partitions formed in 0.106 secs
Dynamic Programming starting after 0.106 secs
Using tree-based weight calculation.
Using polytree-based weight calculation.
Polytree max score: 1331
Polytree building time: 0.008 seconds.
Number of quartet trees in the gene trees: 1331
Size of largest cluster: 10
Greedy score: 1299
estimationFactor: 1.0246343341031563
Sub-optimal score: 1299
Total Number of elements weighted: 1050
Normalized score (portion of input quartet trees satisfied before correcting for multiple individuals): 0.9759579263711495
Optimization score: 1299
Optimal tree inferred in 0.185 secs.
(t9,(t3,(t8,(t1,((t4,t5),((t6,t7),(t10,t2)))))));
Final quartet score is: 1299
Final normalized quartet score is: 0.9759579263711495
You may want to ignore posterior probabilities and other statistics related to the following branch branch because the effective number of genes impacting it is only 4:
	{t10, t2, t6, t7}
Extended species tree:
(t3,((t8,(t1,((t4,t5)1:2.961830721878311,((t6,t7)1:3.091042453358317,(t10,t2)1:4.060443010546421)0.98:1.2039728043259361)1:0.6931471805599453)1:1.1349799328389845)1:1.5686159179138457,t9));
Weight calculation took 0.044603029 secs
ASTRAL finished in 0.248 secs
