
================== ASTRAL ===================== 

This is ASTRAL version 5.7.8
Gene trees are treated as unrooted
332 trees read from quartet_temp.txt
index0
All output trees will be *arbitrarily* rooted at t6

======== Running the main analysis
Number of taxa: 10 (10 species)
Taxa: [t6, t7, t3, t4, t8, t9, t2, t1, t5, t10]
Taxon occupancy: {t4=91, t5=172, t6=151, t10=74, t7=158, t8=54, t9=124, t1=215, t2=210, t3=79}
Number of gene trees: 332
332 trees have missing taxa
Calculating quartet distance matrix (for completion of X)
Species tree distances calculated ...
Will attempt to complete bipartitions from X before adding using a distance matrix.
Building set of clusters (X) from gene trees 
------------------------------
gradient0: 53
Number of Clusters after addition by distance: 53
calculating extra bipartitions to be added at level 1 ...
Adding to X using resolutions of greedy consensus ...
Limit for sigma of degrees:300
polytomy size limit : 3
discarded polytomies:  []
Threshold 0.0:
Threshold 0.01:
Threshold 0.02:
Threshold 0.05:
Threshold 0.1:
Threshold 0.2:
Threshold 0.3333333333333333:
max k is :0
Number of Clusters after addition by greedy: 53
gradient0 in heuristiic: 53
calculating all possible bipartitions ...
Number of Clusters After Adding All possible clusters: 1023
partitions formed in 0.05 secs
Dynamic Programming starting after 0.05 secs
Using tree-based weight calculation.
Using polytree-based weight calculation.
Polytree max score: 332
Polytree building time: 0.004 seconds.
Number of quartet trees in the gene trees: 332
Size of largest cluster: 10
Greedy score: 321
estimationFactor: 1.0342679127725856
Sub-optimal score: 321
Total Number of elements weighted: 1150
Normalized score (portion of input quartet trees satisfied before correcting for multiple individuals): 0.9668674698795181
Optimization score: 321
Optimal tree inferred in 0.101 secs.
(t7,(t6,((t5,(t9,t10)),(t4,((t2,t1),(t3,t8))))));
Final quartet score is: 321
Final normalized quartet score is: 0.9668674698795181
You may want to ignore posterior probabilities and other statistics related to the following branch branch because the effective number of genes impacting it is only 10:
	{t9, t10}
You may want to ignore posterior probabilities and other statistics related to the following branch branch because the effective number of genes impacting it is only 7:
	{t9, t5, t10}
You may want to ignore posterior probabilities and other statistics related to the following branch branch because the effective number of genes impacting it is only 10:
	{t2, t1}
You may want to ignore posterior probabilities and other statistics related to the following branch branch because the effective number of genes impacting it is only 6:
	{t3, t8}
You may want to ignore posterior probabilities and other statistics related to the following branch branch because the effective number of genes impacting it is only 10:
	{t3, t8, t2, t1}
You may want to ignore posterior probabilities and other statistics related to the following branch branch because the effective number of genes impacting it is only 12:
	{t3, t4, t8, t2, t1}
Extended species tree:
(t6,(((t5,(t9,t10)1:1.9924301646902058)0.99:0.9808292530117262,(t4,((t2,t1)1:1.299282984130261,(t3,t8)1:1.5404450409471486)0.96:0.6061358035703156)0.99:0.7731898882334817)1:2.772588722239782,t7));
Weight calculation took 0.023642691 secs
ASTRAL finished in 0.141 secs
