
================== ASTRAL ===================== 

This is ASTRAL version 5.7.8
Gene trees are treated as unrooted
1680 trees read from quartet_temp.txt
index0
All output trees will be *arbitrarily* rooted at t3

======== Running the main analysis
Number of taxa: 10 (10 species)
Taxa: [t3, t8, t10, t2, t9, t6, t1, t7, t5, t4]
Taxon occupancy: {t4=205, t5=358, t10=742, t6=846, t7=827, t8=710, t9=819, t1=616, t2=747, t3=850}
Number of gene trees: 1680
1680 trees have missing taxa
Calculating quartet distance matrix (for completion of X)
Species tree distances calculated ...
Will attempt to complete bipartitions from X before adding using a distance matrix.
Building set of clusters (X) from gene trees 
------------------------------
gradient0: 55
Number of Clusters after addition by distance: 55
calculating extra bipartitions to be added at level 1 ...
Adding to X using resolutions of greedy consensus ...
Limit for sigma of degrees:300
polytomy size limit : 3
discarded polytomies:  []
Threshold 0.0:
Threshold 0.01:
Threshold 0.02:
Threshold 0.05:
Threshold 0.1:
Threshold 0.2:
Threshold 0.3333333333333333:
max k is :0
Number of Clusters after addition by greedy: 55
gradient0 in heuristiic: 55
calculating all possible bipartitions ...
Number of Clusters After Adding All possible clusters: 1023
partitions formed in 0.117 secs
Dynamic Programming starting after 0.117 secs
Using tree-based weight calculation.
Using polytree-based weight calculation.
Polytree max score: 1680
Polytree building time: 0.012 seconds.
Number of quartet trees in the gene trees: 1680
Size of largest cluster: 10
Greedy score: 1665
estimationFactor: 1.009009009009009
Sub-optimal score: 1665
Total Number of elements weighted: 1052
Normalized score (portion of input quartet trees satisfied before correcting for multiple individuals): 0.9910714285714286
Optimization score: 1665
Optimal tree inferred in 0.208 secs.
(t8,((t3,t9),(t1,((t5,t4),((t6,t7),(t10,t2))))));
Final quartet score is: 1665
Final normalized quartet score is: 0.9910714285714286
You may want to ignore posterior probabilities and other statistics related to the following branch branch because the effective number of genes impacting it is only 10:
	{t5, t4}
You may want to ignore posterior probabilities and other statistics related to the following branch branch because the effective number of genes impacting it is only 18:
	{t6, t7}
You may want to ignore posterior probabilities and other statistics related to the following branch branch because the effective number of genes impacting it is only 18:
	{t10, t2, t6, t7}
You may want to ignore posterior probabilities and other statistics related to the following branch branch because the effective number of genes impacting it is only 12:
	{t10, t2, t6, t1, t7, t5, t4}
Extended species tree:
(t3,(t9,((t1,((t5,t4)1:1.9924301646902058,((t6,t7)1:2.538973871058275,(t10,t2)1:3.8712010109078943)1:2.538973871058275)1:1.2181574393178927)1:1.0608719606852628,t8)1:2.961830721878311));
Weight calculation took 0.051048327 secs
ASTRAL finished in 0.278 secs
