
================== ASTRAL ===================== 

This is ASTRAL version 5.7.8
Gene trees are treated as unrooted
95 trees read from quartet_temp.txt
index0
All output trees will be *arbitrarily* rooted at t6

======== Running the main analysis
Number of taxa: 10 (10 species)
Taxa: [t6, t9, t3, t4, t10, t2, t1, t8, t5, t7]
Taxon occupancy: {t4=58, t5=25, t6=37, t10=36, t7=11, t8=30, t9=40, t1=35, t2=35, t3=73}
Number of gene trees: 95
95 trees have missing taxa
Calculating quartet distance matrix (for completion of X)
Species tree distances calculated ...
Will attempt to complete bipartitions from X before adding using a distance matrix.
Building set of clusters (X) from gene trees 
------------------------------
gradient0: 61
Number of Clusters after addition by distance: 61
calculating extra bipartitions to be added at level 1 ...
Adding to X using resolutions of greedy consensus ...
Limit for sigma of degrees:300
polytomy size limit : 3
discarded polytomies:  []
Threshold 0.0:
Threshold 0.01:
Threshold 0.02:
Threshold 0.05:
Threshold 0.1:
Threshold 0.2:
Threshold 0.3333333333333333:
max k is :0
Number of Clusters after addition by greedy: 61
gradient0 in heuristiic: 61
calculating all possible bipartitions ...
Number of Clusters After Adding All possible clusters: 1023
partitions formed in 0.03 secs
Dynamic Programming starting after 0.03 secs
Using tree-based weight calculation.
Using polytree-based weight calculation.
Polytree max score: 95
Polytree building time: 0.002 seconds.
Number of quartet trees in the gene trees: 95
Size of largest cluster: 10
Greedy score: 95
estimationFactor: 1.0
Sub-optimal score: 95
Total Number of elements weighted: 1056
Normalized score (portion of input quartet trees satisfied before correcting for multiple individuals): 1.0
Optimization score: 95
Optimal tree inferred in 0.068 secs.
(t9,(t6,(t10,(t1,(t2,((t3,t4),(t5,(t8,t7))))))));
Final quartet score is: 95
Final normalized quartet score is: 1.0
You may want to ignore posterior probabilities and other statistics related to the following branch branch because the effective number of genes impacting it is only 8:
	{t3, t4}
You may want to ignore posterior probabilities and other statistics related to the following branch branch because the effective number of genes impacting it is only 0:
	{t8, t7}
You may want to ignore posterior probabilities and other statistics related to the following branch branch because the effective number of genes impacting it is only 9:
	{t8, t5, t7}
You may want to ignore posterior probabilities and other statistics related to the following branch branch because the effective number of genes impacting it is only 0:
	{t3, t4, t8, t5, t7}
You may want to ignore posterior probabilities and other statistics related to the following branch branch because the effective number of genes impacting it is only 11:
	{t3, t4, t2, t8, t5, t7}
You may want to ignore posterior probabilities and other statistics related to the following branch branch because the effective number of genes impacting it is only 0:
	{t3, t4, t2, t1, t8, t5, t7}
You may want to ignore posterior probabilities and other statistics related to the following branch branch because the effective number of genes impacting it is only 1:
	{t3, t4, t10, t2, t1, t8, t5, t7}
Extended species tree:
(t6,((t10,(t1,(t2,((t3,t4)1:1.7917594692280545,(t5,(t8,t7)0.33:0.0)1:1.8971199848858815)0.33:0.0)1:2.0794415416798353)0.33:0.0)0.67:0.2876820724517809,t9));
Weight calculation took 0.011959848 secs
ASTRAL finished in 0.097 secs
