
================== ASTRAL ===================== 

This is ASTRAL version 5.7.8
Gene trees are treated as unrooted
5556 trees read from quartet_temp.txt
index0
All output trees will be *arbitrarily* rooted at t2

======== Running the main analysis
Number of taxa: 10 (10 species)
Taxa: [t2, t3, t1, t4, t5, t6, t7, t9, t10, t8]
Taxon occupancy: {t4=1851, t5=2006, t6=1873, t10=2193, t7=1749, t8=2806, t9=1882, t1=2019, t2=2573, t3=3272}
Number of gene trees: 5556
5556 trees have missing taxa
Calculating quartet distance matrix (for completion of X)
Species tree distances calculated ...
Will attempt to complete bipartitions from X before adding using a distance matrix.
Building set of clusters (X) from gene trees 
------------------------------
gradient0: 77
Number of Clusters after addition by distance: 77
calculating extra bipartitions to be added at level 1 ...
Adding to X using resolutions of greedy consensus ...
Limit for sigma of degrees:300
polytomy size limit : 3
discarded polytomies:  []
Threshold 0.0:
Threshold 0.01:
Threshold 0.02:
Threshold 0.05:
Threshold 0.1:
Threshold 0.2:
Threshold 0.3333333333333333:
max k is :0
Number of Clusters after addition by greedy: 77
gradient0 in heuristiic: 77
calculating all possible bipartitions ...
Number of Clusters After Adding All possible clusters: 1023
partitions formed in 0.454 secs
Dynamic Programming starting after 0.454 secs
Using tree-based weight calculation.
Using polytree-based weight calculation.
Polytree max score: 5556
Polytree building time: 0.019 seconds.
Number of quartet trees in the gene trees: 5556
Size of largest cluster: 10
Greedy score: 5488
estimationFactor: 1.0123906705539358
Sub-optimal score: 5488
Total Number of elements weighted: 1069
Normalized score (portion of input quartet trees satisfied before correcting for multiple individuals): 0.9888408927285817
Optimization score: 5494
Optimal tree inferred in 0.641 secs.
(t3,(t8,(t2,(t4,((t5,(t6,t9)),(t7,(t1,t10)))))));
Final quartet score is: 5494
Final normalized quartet score is: 0.9888408927285817
You may want to ignore posterior probabilities and other statistics related to the following branch branch because the effective number of genes impacting it is only 10:
	{t1, t7, t10}
Extended species tree:
(t2,((t4,((t5,(t6,t9)0.42:0.03636764417087495)1:1.0414538748281608,(t7,(t1,t10)1:4.781920697732581)0.99:0.8938178760220965)1:6.1668174345858615)1:4.285882774120985,(t8,t3)1:2.7245795030534197));
Weight calculation took 0.1140647 secs
ASTRAL finished in 0.767 secs
