
================== ASTRAL ===================== 

This is ASTRAL version 5.7.8
Gene trees are treated as unrooted
2329 trees read from quartet_temp.txt
index0
All output trees will be *arbitrarily* rooted at t3

======== Running the main analysis
Number of taxa: 10 (10 species)
Taxa: [t3, t4, t1, t6, t8, t9, t5, t7, t10, t2]
Taxon occupancy: {t4=1141, t5=934, t6=1137, t10=1138, t7=911, t8=897, t9=865, t1=711, t2=856, t3=726}
Number of gene trees: 2329
2329 trees have missing taxa
Calculating quartet distance matrix (for completion of X)
Species tree distances calculated ...
Will attempt to complete bipartitions from X before adding using a distance matrix.
Building set of clusters (X) from gene trees 
------------------------------
gradient0: 117
Number of Clusters after addition by distance: 117
calculating extra bipartitions to be added at level 1 ...
Adding to X using resolutions of greedy consensus ...
Limit for sigma of degrees:300
polytomy size limit : 3
discarded polytomies:  []
Threshold 0.0:
Threshold 0.01:
Threshold 0.02:
Threshold 0.05:
Threshold 0.1:
Threshold 0.2:
Threshold 0.3333333333333333:
max k is :0
Number of Clusters after addition by greedy: 117
gradient0 in heuristiic: 117
calculating all possible bipartitions ...
Number of Clusters After Adding All possible clusters: 1023
partitions formed in 0.22 secs
Dynamic Programming starting after 0.22 secs
Using tree-based weight calculation.
Using polytree-based weight calculation.
Polytree max score: 2329
Polytree building time: 0.011 seconds.
Number of quartet trees in the gene trees: 2329
Size of largest cluster: 10
Greedy score: 2072
estimationFactor: 1.124034749034749
Sub-optimal score: 2072
Total Number of elements weighted: 2248
Normalized score (portion of input quartet trees satisfied before correcting for multiple individuals): 0.8935165306998711
Optimization score: 2081
Optimal tree inferred in 0.386 secs.
(t4,(t10,((t7,(t6,t5)),((t9,t2),(t1,(t3,t8))))));
Final quartet score is: 2081
Final normalized quartet score is: 0.8935165306998711
You may want to ignore posterior probabilities and other statistics related to the following branch branch because the effective number of genes impacting it is only 19:
	{t4, t1, t6, t9, t5, t7, t10, t2}
Extended species tree:
(t3,(t8,(t1,((t9,t2)1:1.3758230612525955,((t7,(t6,t5)1:1.1700712526502548)1:1.3375041969504584,(t10,t4)1:2.4164805111017085)1:1.2601430757929906)0.98:0.2388919082823488)0.9:0.39304258810960735));
Weight calculation took 0.116889015 secs
ASTRAL finished in 0.484 secs
