
================== ASTRAL ===================== 

This is ASTRAL version 5.7.8
Gene trees are treated as unrooted
3985 trees read from quartet_temp.txt
index0
All output trees will be *arbitrarily* rooted at t5

======== Running the main analysis
Number of taxa: 10 (10 species)
Taxa: [t5, t6, t1, t2, t3, t4, t7, t8, t9, t10]
Taxon occupancy: {t4=1677, t5=2201, t6=2139, t10=1261, t7=1767, t8=1426, t9=1354, t1=1268, t2=1255, t3=1592}
Number of gene trees: 3985
3985 trees have missing taxa
Calculating quartet distance matrix (for completion of X)
Species tree distances calculated ...
Will attempt to complete bipartitions from X before adding using a distance matrix.
Building set of clusters (X) from gene trees 
------------------------------
gradient0: 115
Number of Clusters after addition by distance: 115
calculating extra bipartitions to be added at level 1 ...
Adding to X using resolutions of greedy consensus ...
Limit for sigma of degrees:300
polytomy size limit : 3
discarded polytomies:  []
Threshold 0.0:
Threshold 0.01:
Threshold 0.02:
Threshold 0.05:
Threshold 0.1:
Threshold 0.2:
Threshold 0.3333333333333333:
max k is :0
Number of Clusters after addition by greedy: 115
gradient0 in heuristiic: 115
calculating all possible bipartitions ...
Number of Clusters After Adding All possible clusters: 1023
partitions formed in 0.375 secs
Dynamic Programming starting after 0.375 secs
Using tree-based weight calculation.
Using polytree-based weight calculation.
Polytree max score: 3985
Polytree building time: 0.017 seconds.
Number of quartet trees in the gene trees: 3985
Size of largest cluster: 10
Greedy score: 3436
estimationFactor: 1.159778812572759
Sub-optimal score: 3487
Total Number of elements weighted: 3125
Normalized score (portion of input quartet trees satisfied before correcting for multiple individuals): 0.8820577164366374
Optimization score: 3515
Optimal tree inferred in 0.626 secs.
(t6,(t5,(t10,((t3,(t4,t7)),((t1,t9),(t2,t8))))));
Final quartet score is: 3515
Final normalized quartet score is: 0.8820577164366374
Extended species tree:
(t5,((t10,((t3,(t4,t7)1:1.455287232606842)1:1.0770572851062798,((t1,t9)1:0.8362480242006187,(t2,t8)1:0.6433148068120695)1:0.23471653687186841)1:1.8618912930021372)1:5.192956850890224,t6));
Weight calculation took 0.190129209 secs
ASTRAL finished in 0.727 secs
