
================== ASTRAL ===================== 

This is ASTRAL version 5.7.8
Gene trees are treated as unrooted
6521 trees read from quartet_temp.txt
index0
All output trees will be *arbitrarily* rooted at t4

======== Running the main analysis
Number of taxa: 10 (10 species)
Taxa: [t4, t5, t1, t2, t3, t6, t7, t8, t9, t10]
Taxon occupancy: {t4=2534, t5=2365, t6=2309, t10=2550, t7=2443, t8=2901, t9=2879, t1=2559, t2=2910, t3=2634}
Number of gene trees: 6521
6521 trees have missing taxa
Calculating quartet distance matrix (for completion of X)
Species tree distances calculated ...
Will attempt to complete bipartitions from X before adding using a distance matrix.
Building set of clusters (X) from gene trees 
------------------------------
gradient0: 81
Number of Clusters after addition by distance: 81
calculating extra bipartitions to be added at level 1 ...
Adding to X using resolutions of greedy consensus ...
Limit for sigma of degrees:300
polytomy size limit : 3
discarded polytomies:  []
Threshold 0.0:
Threshold 0.01:
Threshold 0.02:
Threshold 0.05:
Threshold 0.1:
Threshold 0.2:
Threshold 0.3333333333333333:
max k is :0
Number of Clusters after addition by greedy: 81
gradient0 in heuristiic: 81
calculating all possible bipartitions ...
Number of Clusters After Adding All possible clusters: 1023
partitions formed in 1.515 secs
Dynamic Programming starting after 1.515 secs
Using tree-based weight calculation.
Using polytree-based weight calculation.
Polytree max score: 6521
Polytree building time: 0.107 seconds.
Number of quartet trees in the gene trees: 6521
Size of largest cluster: 10
Greedy score: 6300
estimationFactor: 1.035079365079365
Sub-optimal score: 6300
Total Number of elements weighted: 975
Normalized score (portion of input quartet trees satisfied before correcting for multiple individuals): 0.9661094924091397
Optimization score: 6300
Optimal tree inferred in 2.533 secs.
(t5,(t4,((t7,(t10,(t8,t9))),(t6,(t2,(t1,t3))))));
Final quartet score is: 6300
Final normalized quartet score is: 0.9661094924091397
Extended species tree:
(t4,(((t7,(t10,(t8,t9)1:3.8430301339411983)1:1.077821518999036)1:2.216497788147794,(t6,(t2,(t1,t3)1:1.3862943611198908)1:2.1009477469008)1:2.0794415416798353)1:0.9295359586241756,t5));
Weight calculation took 0.719587623 secs
ASTRAL finished in 2.941 secs
