
================== ASTRAL ===================== 

This is ASTRAL version 5.7.8
Gene trees are treated as unrooted
5954 trees read from quartet_temp.txt
index0
All output trees will be *arbitrarily* rooted at t4

======== Running the main analysis
Number of taxa: 10 (10 species)
Taxa: [t4, t8, t1, t2, t3, t5, t6, t7, t9, t10]
Taxon occupancy: {t4=2086, t5=2100, t6=2325, t10=2546, t7=2248, t8=1846, t9=2532, t1=2002, t2=3072, t3=3059}
Number of gene trees: 5954
5954 trees have missing taxa
Calculating quartet distance matrix (for completion of X)
Species tree distances calculated ...
Will attempt to complete bipartitions from X before adding using a distance matrix.
Building set of clusters (X) from gene trees 
------------------------------
gradient0: 59
Number of Clusters after addition by distance: 59
calculating extra bipartitions to be added at level 1 ...
Adding to X using resolutions of greedy consensus ...
Limit for sigma of degrees:300
polytomy size limit : 3
discarded polytomies:  []
Threshold 0.0:
Threshold 0.01:
Threshold 0.02:
Threshold 0.05:
Threshold 0.1:
Threshold 0.2:
Threshold 0.3333333333333333:
max k is :0
Number of Clusters after addition by greedy: 59
gradient0 in heuristiic: 59
calculating all possible bipartitions ...
Number of Clusters After Adding All possible clusters: 1023
partitions formed in 1.232 secs
Dynamic Programming starting after 1.232 secs
Using tree-based weight calculation.
Using polytree-based weight calculation.
Polytree max score: 5954
Polytree building time: 0.098 seconds.
Number of quartet trees in the gene trees: 5954
Size of largest cluster: 10
Greedy score: 5880
estimationFactor: 1.0125850340136053
Sub-optimal score: 5880
Total Number of elements weighted: 957
Normalized score (portion of input quartet trees satisfied before correcting for multiple individuals): 0.987571380584481
Optimization score: 5880
Optimal tree inferred in 1.832 secs.
(t8,(t4,((t1,(t2,t3)),((t9,t10),(t5,(t6,t7))))));
Final quartet score is: 5880
Final normalized quartet score is: 0.987571380584481
Extended species tree:
(t4,(((t1,(t2,t3)1:5.103923228519803)1:5.166688924069591,((t9,t10)1:4.462069342347422,(t5,(t6,t7)1:3.6720723357975578)1:1.4816045409242156)1:3.1262287624833585)1:2.2192034840549946,t8));
Weight calculation took 0.288319211 secs
ASTRAL finished in 2.242 secs
