
================== ASTRAL ===================== 

This is ASTRAL version 5.7.8
Gene trees are treated as unrooted
3817 trees read from quartet_temp.txt
index0
All output trees will be *arbitrarily* rooted at t10

======== Running the main analysis
Number of taxa: 10 (10 species)
Taxa: [t10, t8, t1, t2, t3, t4, t5, t6, t7, t9]
Taxon occupancy: {t4=1600, t5=2244, t10=1201, t6=2067, t7=1700, t8=1326, t9=1339, t1=1122, t2=1281, t3=1388}
Number of gene trees: 3817
3817 trees have missing taxa
Calculating quartet distance matrix (for completion of X)
Species tree distances calculated ...
Will attempt to complete bipartitions from X before adding using a distance matrix.
Building set of clusters (X) from gene trees 
------------------------------
gradient0: 119
Number of Clusters after addition by distance: 119
calculating extra bipartitions to be added at level 1 ...
Adding to X using resolutions of greedy consensus ...
Limit for sigma of degrees:300
polytomy size limit : 3
discarded polytomies:  []
Threshold 0.0:
Threshold 0.01:
Threshold 0.02:
Threshold 0.05:
Threshold 0.1:
Threshold 0.2:
Threshold 0.3333333333333333:
max k is :0
Number of Clusters after addition by greedy: 119
gradient0 in heuristiic: 119
calculating all possible bipartitions ...
Number of Clusters After Adding All possible clusters: 1023
partitions formed in 0.913 secs
Dynamic Programming starting after 0.913 secs
Using tree-based weight calculation.
Using polytree-based weight calculation.
Polytree max score: 3817
Polytree building time: 0.052 seconds.
Number of quartet trees in the gene trees: 3817
Size of largest cluster: 10
Greedy score: 3380
estimationFactor: 1.1292899408284023
Sub-optimal score: 3397
Total Number of elements weighted: 3430
Normalized score (portion of input quartet trees satisfied before correcting for multiple individuals): 0.8946816871888918
Optimization score: 3415
Optimal tree inferred in 1.675 secs.
(t8,((t2,(t3,(t4,t7))),((t1,t9),(t10,(t5,t6)))));
Final quartet score is: 3415
Final normalized quartet score is: 0.8946816871888918
Extended species tree:
(t10,((t5,t6)1:5.281510248231672,((t1,t9)0.99:0.21747781377853237,((t2,(t3,(t4,t7)1:1.9113046198778378)1:3.1159814017055694)1:0.28108138842042873,t8)0.96:0.13447791422855346)1:1.1821140105134367));
Weight calculation took 0.446479034 secs
ASTRAL finished in 2.012 secs
