
================== ASTRAL ===================== 

This is ASTRAL version 5.7.8
Gene trees are treated as unrooted
6244 trees read from quartet_temp.txt
index0
All output trees will be *arbitrarily* rooted at t2

======== Running the main analysis
Number of taxa: 10 (10 species)
Taxa: [t2, t6, t1, t3, t4, t10, t9, t5, t7, t8]
Taxon occupancy: {t4=3466, t5=2497, t6=1912, t10=3442, t7=2475, t8=2109, t9=2215, t1=2159, t2=2233, t3=2468}
Number of gene trees: 6244
6244 trees have missing taxa
Calculating quartet distance matrix (for completion of X)
Species tree distances calculated ...
Will attempt to complete bipartitions from X before adding using a distance matrix.
Building set of clusters (X) from gene trees 
------------------------------
gradient0: 51
Number of Clusters after addition by distance: 51
calculating extra bipartitions to be added at level 1 ...
Adding to X using resolutions of greedy consensus ...
Limit for sigma of degrees:300
polytomy size limit : 3
discarded polytomies:  []
Threshold 0.0:
Threshold 0.01:
Threshold 0.02:
Threshold 0.05:
Threshold 0.1:
Threshold 0.2:
Threshold 0.3333333333333333:
max k is :0
Number of Clusters after addition by greedy: 51
gradient0 in heuristiic: 51
calculating all possible bipartitions ...
Number of Clusters After Adding All possible clusters: 1023
partitions formed in 1.399 secs
Dynamic Programming starting after 1.399 secs
Using tree-based weight calculation.
Using polytree-based weight calculation.
Polytree max score: 6244
Polytree building time: 0.11 seconds.
Number of quartet trees in the gene trees: 6244
Size of largest cluster: 10
Greedy score: 6205
estimationFactor: 1.0062852538275584
Sub-optimal score: 6205
Total Number of elements weighted: 812
Normalized score (portion of input quartet trees satisfied before correcting for multiple individuals): 0.99375400384369
Optimization score: 6205
Optimal tree inferred in 2.126 secs.
(t6,(((t5,t7),(t9,t8)),(t2,(t1,(t3,(t4,t10))))));
Final quartet score is: 6205
Final normalized quartet score is: 0.99375400384369
Extended species tree:
(t2,((t1,(t3,(t4,t10)1:4.550361949493098)1:5.028256895446073)1:5.264415814872353,(((t5,t7)1:2.67644486168688,(t9,t8)1:2.1812242359897778)1:5.185521872402704,t6)1:0.9894129967031177));
Weight calculation took 0.424738494 secs
ASTRAL finished in 2.558 secs
