
================== ASTRAL ===================== 

This is ASTRAL version 5.7.8
Gene trees are treated as unrooted
3758 trees read from quartet_temp.txt
index0
All output trees will be *arbitrarily* rooted at t3

======== Running the main analysis
Number of taxa: 10 (10 species)
Taxa: [t3, t4, t1, t2, t6, t7, t8, t9, t5, t10]
Taxon occupancy: {t4=1819, t5=1545, t6=1505, t10=1788, t7=1303, t8=1392, t9=1466, t1=1367, t2=1200, t3=1647}
Number of gene trees: 3758
3758 trees have missing taxa
Calculating quartet distance matrix (for completion of X)
Species tree distances calculated ...
Will attempt to complete bipartitions from X before adding using a distance matrix.
Building set of clusters (X) from gene trees 
------------------------------
gradient0: 93
Number of Clusters after addition by distance: 93
calculating extra bipartitions to be added at level 1 ...
Adding to X using resolutions of greedy consensus ...
Limit for sigma of degrees:300
polytomy size limit : 3
discarded polytomies:  []
Threshold 0.0:
Threshold 0.01:
Threshold 0.02:
Threshold 0.05:
Threshold 0.1:
Threshold 0.2:
Threshold 0.3333333333333333:
max k is :0
Number of Clusters after addition by greedy: 93
gradient0 in heuristiic: 93
calculating all possible bipartitions ...
Number of Clusters After Adding All possible clusters: 1023
partitions formed in 0.87 secs
Dynamic Programming starting after 0.87 secs
Using tree-based weight calculation.
Using polytree-based weight calculation.
Polytree max score: 3758
Polytree building time: 0.064 seconds.
Number of quartet trees in the gene trees: 3758
Size of largest cluster: 10
Greedy score: 3596
estimationFactor: 1.0450500556173525
Sub-optimal score: 3596
Total Number of elements weighted: 965
Normalized score (portion of input quartet trees satisfied before correcting for multiple individuals): 0.9568919638105375
Optimization score: 3596
Optimal tree inferred in 1.309 secs.
(t4,(t10,((t7,(t6,t9)),(t1,(t2,(t8,(t3,t5)))))));
Final quartet score is: 3596
Final normalized quartet score is: 0.9568919638105375
Extended species tree:
(t3,(t5,(t8,(t2,(t1,((t7,(t6,t9)0.97:0.4700036292457356)1:3.1859590098550608,(t10,t4)1:3.237370407504366)1:1.8658674413817773)1:1.1038893457689534)1:1.9070703157390496)1:1.6945957207744071));
Weight calculation took 0.233236515 secs
ASTRAL finished in 1.661 secs
