
================== ASTRAL ===================== 

This is ASTRAL version 5.7.8
Gene trees are treated as unrooted
5113 trees read from quartet_temp.txt
index0
All output trees will be *arbitrarily* rooted at t2

======== Running the main analysis
Number of taxa: 10 (10 species)
Taxa: [t2, t3, t1, t5, t6, t9, t10, t8, t4, t7]
Taxon occupancy: {t4=1790, t5=1867, t6=1819, t10=2022, t7=1544, t8=2247, t9=1849, t1=1928, t2=2429, t3=2957}
Number of gene trees: 5113
5113 trees have missing taxa
Calculating quartet distance matrix (for completion of X)
Species tree distances calculated ...
Will attempt to complete bipartitions from X before adding using a distance matrix.
Building set of clusters (X) from gene trees 
------------------------------
gradient0: 61
Number of Clusters after addition by distance: 61
calculating extra bipartitions to be added at level 1 ...
Adding to X using resolutions of greedy consensus ...
Limit for sigma of degrees:300
polytomy size limit : 3
discarded polytomies:  []
Threshold 0.0:
Threshold 0.01:
Threshold 0.02:
Threshold 0.05:
Threshold 0.1:
Threshold 0.2:
Threshold 0.3333333333333333:
max k is :0
Number of Clusters after addition by greedy: 61
gradient0 in heuristiic: 61
calculating all possible bipartitions ...
Number of Clusters After Adding All possible clusters: 1023
partitions formed in 1.285 secs
Dynamic Programming starting after 1.285 secs
Using tree-based weight calculation.
Using polytree-based weight calculation.
Polytree max score: 5113
Polytree building time: 0.074 seconds.
Number of quartet trees in the gene trees: 5113
Size of largest cluster: 10
Greedy score: 5060
estimationFactor: 1.0104743083003953
Sub-optimal score: 5060
Total Number of elements weighted: 1051
Normalized score (portion of input quartet trees satisfied before correcting for multiple individuals): 0.9896342655974966
Optimization score: 5060
Optimal tree inferred in 1.958 secs.
(t3,(t8,(t2,(t4,((t1,t10),(t7,(t6,(t5,t9))))))));
Final quartet score is: 5060
Final normalized quartet score is: 0.9896342655974966
You may want to ignore posterior probabilities and other statistics related to the following branch branch because the effective number of genes impacting it is only 15:
	{t5, t9}
Extended species tree:
(t2,((t4,((t1,t10)1:2.130734836067386,(t7,(t6,(t5,t9)1:0.7576857016975165)1:3.367295829986475)1:1.239690886928015)1:6.040254711277417)1:4.267363726353742,(t8,t3)1:4.514515817719961));
Weight calculation took 0.406850258 secs
ASTRAL finished in 2.333 secs
