
================== ASTRAL ===================== 

This is ASTRAL version 5.7.8
Gene trees are treated as unrooted
5251 trees read from quartet_temp.txt
index0
All output trees will be *arbitrarily* rooted at t2

======== Running the main analysis
Number of taxa: 10 (10 species)
Taxa: [t2, t3, t1, t8, t10, t4, t5, t6, t7, t9]
Taxon occupancy: {t4=2101, t5=1853, t10=1947, t6=2016, t7=1854, t8=2096, t9=2606, t1=1867, t2=2692, t3=1972}
Number of gene trees: 5251
5251 trees have missing taxa
Calculating quartet distance matrix (for completion of X)
Species tree distances calculated ...
Will attempt to complete bipartitions from X before adding using a distance matrix.
Building set of clusters (X) from gene trees 
------------------------------
gradient0: 103
Number of Clusters after addition by distance: 103
calculating extra bipartitions to be added at level 1 ...
Adding to X using resolutions of greedy consensus ...
Limit for sigma of degrees:300
polytomy size limit : 3
discarded polytomies:  []
Threshold 0.0:
Threshold 0.01:
Threshold 0.02:
Threshold 0.05:
Threshold 0.1:
Threshold 0.2:
Threshold 0.3333333333333333:
max k is :0
Number of Clusters after addition by greedy: 103
gradient0 in heuristiic: 103
calculating all possible bipartitions ...
Number of Clusters After Adding All possible clusters: 1023
partitions formed in 1.431 secs
Dynamic Programming starting after 1.431 secs
Using tree-based weight calculation.
Using polytree-based weight calculation.
Polytree max score: 5251
Polytree building time: 0.077 seconds.
Number of quartet trees in the gene trees: 5251
Size of largest cluster: 10
Greedy score: 5036
estimationFactor: 1.0426926131850676
Sub-optimal score: 5036
Total Number of elements weighted: 1335
Normalized score (portion of input quartet trees satisfied before correcting for multiple individuals): 0.9590554180156161
Optimization score: 5036
Optimal tree inferred in 2.116 secs.
(t3,((t5,(t2,t9)),(t4,(t6,(t7,(t8,(t1,t10)))))));
Final quartet score is: 5036
Final normalized quartet score is: 0.9590554180156161
Extended species tree:
(t2,(t9,(t5,((t4,(t6,(t7,(t8,(t1,t10)0.88:0.23052365861183224)1:0.8137751683485602)1:0.5148989491536268)1:2.796911717380002)1:0.9897182004289721,t3)1:1.3249254147435987)1:5.083472618048526));
Weight calculation took 0.373616609 secs
ASTRAL finished in 2.485 secs
