
================== ASTRAL ===================== 

This is ASTRAL version 5.7.8
Gene trees are treated as unrooted
6135 trees read from quartet_temp.txt
index0
All output trees will be *arbitrarily* rooted at t2

======== Running the main analysis
Number of taxa: 10 (10 species)
Taxa: [t2, t3, t1, t4, t8, t5, t6, t7, t9, t10]
Taxon occupancy: {t4=2193, t5=2196, t6=2392, t10=2500, t7=2199, t8=1996, t9=2588, t1=2146, t2=3153, t3=3177}
Number of gene trees: 6135
6135 trees have missing taxa
Calculating quartet distance matrix (for completion of X)
Species tree distances calculated ...
Will attempt to complete bipartitions from X before adding using a distance matrix.
Building set of clusters (X) from gene trees 
------------------------------
gradient0: 59
Number of Clusters after addition by distance: 59
calculating extra bipartitions to be added at level 1 ...
Adding to X using resolutions of greedy consensus ...
Limit for sigma of degrees:300
polytomy size limit : 3
discarded polytomies:  []
Threshold 0.0:
Threshold 0.01:
Threshold 0.02:
Threshold 0.05:
Threshold 0.1:
Threshold 0.2:
Threshold 0.3333333333333333:
max k is :0
Number of Clusters after addition by greedy: 59
gradient0 in heuristiic: 59
calculating all possible bipartitions ...
Number of Clusters After Adding All possible clusters: 1023
partitions formed in 0.376 secs
Dynamic Programming starting after 0.376 secs
Using tree-based weight calculation.
Using polytree-based weight calculation.
Polytree max score: 6135
Polytree building time: 0.027 seconds.
Number of quartet trees in the gene trees: 6135
Size of largest cluster: 10
Greedy score: 6076
estimationFactor: 1.0097103357472021
Sub-optimal score: 6076
Total Number of elements weighted: 1017
Normalized score (portion of input quartet trees satisfied before correcting for multiple individuals): 0.9903830480847595
Optimization score: 6076
Optimal tree inferred in 0.634 secs.
(t3,(t2,(t1,((t4,t8),((t9,t10),(t5,(t6,t7)))))));
Final quartet score is: 6076
Final normalized quartet score is: 0.9903830480847595
Extended species tree:
(t2,((t1,((t4,t8)1:3.8985999850960074,((t9,t10)1:3.8985999850960074,(t5,(t6,t7)1:1.4328143767547836)1:2.2606941512848864)1:3.088708730012095)1:5.56834450376111)1:5.170483995038152,t3));
Weight calculation took 0.17919117 secs
ASTRAL finished in 0.774 secs
