
================== ASTRAL ===================== 

This is ASTRAL version 5.7.8
Gene trees are treated as unrooted
7517 trees read from quartet_temp.txt
index0
All output trees will be *arbitrarily* rooted at t2

======== Running the main analysis
Number of taxa: 10 (10 species)
Taxa: [t2, t4, t1, t3, t9, t10, t5, t6, t7, t8]
Taxon occupancy: {t4=2418, t5=2509, t10=3698, t6=2549, t7=2935, t8=2834, t9=3501, t1=3071, t2=2790, t3=3763}
Number of gene trees: 7517
7517 trees have missing taxa
Calculating quartet distance matrix (for completion of X)
Species tree distances calculated ...
Will attempt to complete bipartitions from X before adding using a distance matrix.
Building set of clusters (X) from gene trees 
------------------------------
gradient0: 83
Number of Clusters after addition by distance: 83
calculating extra bipartitions to be added at level 1 ...
Adding to X using resolutions of greedy consensus ...
Limit for sigma of degrees:300
polytomy size limit : 3
discarded polytomies:  []
Threshold 0.0:
Threshold 0.01:
Threshold 0.02:
Threshold 0.05:
Threshold 0.1:
Threshold 0.2:
Threshold 0.3333333333333333:
max k is :0
Number of Clusters after addition by greedy: 83
gradient0 in heuristiic: 83
calculating all possible bipartitions ...
Number of Clusters After Adding All possible clusters: 1023
partitions formed in 1.595 secs
Dynamic Programming starting after 1.595 secs
Using tree-based weight calculation.
Using polytree-based weight calculation.
Polytree max score: 7517
Polytree building time: 0.126 seconds.
Number of quartet trees in the gene trees: 7517
Size of largest cluster: 10
Greedy score: 7333
estimationFactor: 1.02509204963862
Sub-optimal score: 7333
Total Number of elements weighted: 1505
Normalized score (portion of input quartet trees satisfied before correcting for multiple individuals): 0.9755221497938007
Optimization score: 7333
Optimal tree inferred in 2.756 secs.
(t4,(t5,(t6,(t2,((t7,t8),(t1,(t3,(t9,t10))))))));
Final quartet score is: 7333
Final normalized quartet score is: 0.9755221497938007
Extended species tree:
(t2,(((t7,t8)1:5.513428746164983,(t1,(t3,(t9,t10)1:1.73113484741162)1:1.818226042416218)1:5.351331401833666)1:0.8312975190407627,(t6,(t5,t4)0.81:0.19530875232076586)1:0.6823362644557294));
Weight calculation took 0.782689298 secs
ASTRAL finished in 3.179 secs
