
================== ASTRAL ===================== 

This is ASTRAL version 5.7.8
Gene trees are treated as unrooted
5426 trees read from quartet_temp.txt
index0
All output trees will be *arbitrarily* rooted at t10

======== Running the main analysis
Number of taxa: 10 (10 species)
Taxa: [t10, t7, t2, t3, t4, t5, t6, t8, t9, t1]
Taxon occupancy: {t4=2400, t5=2568, t10=2090, t6=2599, t7=2208, t8=1863, t9=1804, t1=1824, t2=1894, t3=2454}
Number of gene trees: 5426
5426 trees have missing taxa
Calculating quartet distance matrix (for completion of X)
Species tree distances calculated ...
Will attempt to complete bipartitions from X before adding using a distance matrix.
Building set of clusters (X) from gene trees 
------------------------------
gradient0: 59
Number of Clusters after addition by distance: 59
calculating extra bipartitions to be added at level 1 ...
Adding to X using resolutions of greedy consensus ...
Limit for sigma of degrees:300
polytomy size limit : 3
discarded polytomies:  []
Threshold 0.0:
Threshold 0.01:
Threshold 0.02:
Threshold 0.05:
Threshold 0.1:
Threshold 0.2:
Threshold 0.3333333333333333:
max k is :0
Number of Clusters after addition by greedy: 59
gradient0 in heuristiic: 59
calculating all possible bipartitions ...
Number of Clusters After Adding All possible clusters: 1023
partitions formed in 1.372 secs
Dynamic Programming starting after 1.373 secs
Using tree-based weight calculation.
Using polytree-based weight calculation.
Polytree max score: 5426
Polytree building time: 0.062 seconds.
Number of quartet trees in the gene trees: 5426
Size of largest cluster: 10
Greedy score: 5377
estimationFactor: 1.0091128882276361
Sub-optimal score: 5380
Total Number of elements weighted: 1214
Normalized score (portion of input quartet trees satisfied before correcting for multiple individuals): 0.9915223000368596
Optimization score: 5380
Optimal tree inferred in 1.885 secs.
(t7,((t10,t2),(t1,((t8,t9),((t5,t6),(t3,t4))))));
Final quartet score is: 5380
Final normalized quartet score is: 0.9915223000368596
Extended species tree:
(t10,(t2,((t1,((t8,t9)1:2.492811829295113,((t5,t6)1:4.267363726353742,(t3,t4)1:2.367123614131617)1:6.4962720985484586)1:2.780887525054477)1:1.524444699600708,t7)0.65:0.1158318155251217));
Weight calculation took 0.242892281 secs
ASTRAL finished in 2.269 secs
