
================== ASTRAL ===================== 

This is ASTRAL version 5.7.8
Gene trees are treated as unrooted
7192 trees read from quartet_temp.txt
index0
All output trees will be *arbitrarily* rooted at t2

======== Running the main analysis
Number of taxa: 10 (10 species)
Taxa: [t2, t6, t1, t3, t8, t9, t7, t10, t4, t5]
Taxon occupancy: {t4=2673, t5=2849, t6=2738, t10=3099, t7=2695, t8=2878, t9=3017, t1=2753, t2=3025, t3=3041}
Number of gene trees: 7192
7192 trees have missing taxa
Calculating quartet distance matrix (for completion of X)
Species tree distances calculated ...
Will attempt to complete bipartitions from X before adding using a distance matrix.
Building set of clusters (X) from gene trees 
------------------------------
gradient0: 83
Number of Clusters after addition by distance: 83
calculating extra bipartitions to be added at level 1 ...
Adding to X using resolutions of greedy consensus ...
Limit for sigma of degrees:300
polytomy size limit : 3
discarded polytomies:  []
Threshold 0.0:
Threshold 0.01:
Threshold 0.02:
Threshold 0.05:
Threshold 0.1:
Threshold 0.2:
Threshold 0.3333333333333333:
max k is :0
Number of Clusters after addition by greedy: 83
gradient0 in heuristiic: 83
calculating all possible bipartitions ...
Number of Clusters After Adding All possible clusters: 1023
partitions formed in 1.572 secs
Dynamic Programming starting after 1.572 secs
Using tree-based weight calculation.
Using polytree-based weight calculation.
Polytree max score: 7192
Polytree building time: 0.11 seconds.
Number of quartet trees in the gene trees: 7192
Size of largest cluster: 10
Greedy score: 6996
estimationFactor: 1.0280160091480846
Sub-optimal score: 6996
Total Number of elements weighted: 1053
Normalized score (portion of input quartet trees satisfied before correcting for multiple individuals): 0.9727474972191323
Optimization score: 6996
Optimal tree inferred in 2.512 secs.
(t6,(t7,((t2,t10),((t4,t5),(t1,(t8,(t3,t9)))))));
Final quartet score is: 6996
Final normalized quartet score is: 0.9727474972191323
Extended species tree:
(t2,(t10,(((t4,t5)1:3.802538772586458,(t1,(t8,(t3,t9)1:1.2342781538212648)1:0.3425978300478957)1:3.566277132021602)1:1.1537530473469095,(t7,t6)1:2.67644486168688)1:3.0602707946915624));
Weight calculation took 0.591984209 secs
ASTRAL finished in 2.954 secs
