
================== ASTRAL ===================== 

This is ASTRAL version 5.7.8
Gene trees are treated as unrooted
7116 trees read from quartet_temp.txt
index0
All output trees will be *arbitrarily* rooted at t10

======== Running the main analysis
Number of taxa: 10 (10 species)
Taxa: [t10, t2, t1, t3, t4, t5, t6, t7, t8, t9]
Taxon occupancy: {t4=2814, t5=2971, t10=3019, t6=2630, t7=2589, t8=2786, t9=2980, t1=2714, t2=3012, t3=2949}
Number of gene trees: 7116
7116 trees have missing taxa
Calculating quartet distance matrix (for completion of X)
Species tree distances calculated ...
Will attempt to complete bipartitions from X before adding using a distance matrix.
Building set of clusters (X) from gene trees 
------------------------------
gradient0: 97
Number of Clusters after addition by distance: 97
calculating extra bipartitions to be added at level 1 ...
Adding to X using resolutions of greedy consensus ...
Limit for sigma of degrees:300
polytomy size limit : 3
discarded polytomies:  []
Threshold 0.0:
Threshold 0.01:
Threshold 0.02:
Threshold 0.05:
Threshold 0.1:
Threshold 0.2:
Threshold 0.3333333333333333:
max k is :0
Number of Clusters after addition by greedy: 97
gradient0 in heuristiic: 97
calculating all possible bipartitions ...
Number of Clusters After Adding All possible clusters: 1023
partitions formed in 1.618 secs
Dynamic Programming starting after 1.618 secs
Using tree-based weight calculation.
Using polytree-based weight calculation.
Polytree max score: 7116
Polytree building time: 0.124 seconds.
Number of quartet trees in the gene trees: 7116
Size of largest cluster: 10
Greedy score: 6763
estimationFactor: 1.0521957711074967
Sub-optimal score: 6763
Total Number of elements weighted: 1157
Normalized score (portion of input quartet trees satisfied before correcting for multiple individuals): 0.9503934794828556
Optimization score: 6763
Optimal tree inferred in 2.538 secs.
(t2,(t10,((t6,t7),((t4,t5),(t1,(t8,(t3,t9)))))));
Final quartet score is: 6763
Final normalized quartet score is: 0.9503934794828556
Extended species tree:
(t10,(((t6,t7)1:2.0335318403757583,((t4,t5)1:2.6772785424354577,(t1,(t8,(t3,t9)1:1.7713505975968475)1:0.34830669426821587)1:2.050850408350577)1:0.5082907681628027)1:3.1122072645503573,t2));
Weight calculation took 0.577326903 secs
ASTRAL finished in 3.002 secs
