
================== ASTRAL ===================== 

This is ASTRAL version 5.7.8
Gene trees are treated as unrooted
5924 trees read from quartet_temp.txt
index0
All output trees will be *arbitrarily* rooted at t5

======== Running the main analysis
Number of taxa: 10 (10 species)
Taxa: [t5, t6, t1, t2, t3, t4, t9, t10, t7, t8]
Taxon occupancy: {t4=2242, t5=2718, t6=2249, t10=2039, t7=2455, t8=2519, t9=2171, t1=2221, t2=2545, t3=2537}
Number of gene trees: 5924
5924 trees have missing taxa
Calculating quartet distance matrix (for completion of X)
Species tree distances calculated ...
Will attempt to complete bipartitions from X before adding using a distance matrix.
Building set of clusters (X) from gene trees 
------------------------------
gradient0: 69
Number of Clusters after addition by distance: 69
calculating extra bipartitions to be added at level 1 ...
Adding to X using resolutions of greedy consensus ...
Limit for sigma of degrees:300
polytomy size limit : 3
discarded polytomies:  []
Threshold 0.0:
Threshold 0.01:
Threshold 0.02:
Threshold 0.05:
Threshold 0.1:
Threshold 0.2:
Threshold 0.3333333333333333:
max k is :0
Number of Clusters after addition by greedy: 69
gradient0 in heuristiic: 69
calculating all possible bipartitions ...
Number of Clusters After Adding All possible clusters: 1023
partitions formed in 1.424 secs
Dynamic Programming starting after 1.424 secs
Using tree-based weight calculation.
Using polytree-based weight calculation.
Polytree max score: 5924
Polytree building time: 0.087 seconds.
Number of quartet trees in the gene trees: 5924
Size of largest cluster: 10
Greedy score: 5837
estimationFactor: 1.0149049169093713
Sub-optimal score: 5837
Total Number of elements weighted: 1119
Normalized score (portion of input quartet trees satisfied before correcting for multiple individuals): 0.9853139770425389
Optimization score: 5837
Optimal tree inferred in 1.99 secs.
(t6,(t5,(t2,(t4,(t1,((t3,t10),(t9,(t7,t8))))))));
Final quartet score is: 5837
Final normalized quartet score is: 0.9853139770425389
Extended species tree:
(t5,((t2,(t4,(t1,((t3,t10)1:1.96732424355913,(t9,(t7,t8)1:2.4022149339428878)1:1.1478833376748923)1:5.637167725574214)1:2.093234863812172)1:0.4177352006999788)1:4.462069342347422,t6));
Weight calculation took 0.262039718 secs
ASTRAL finished in 2.405 secs
