
================== ASTRAL ===================== 

This is ASTRAL version 5.7.8
Gene trees are treated as unrooted
4439 trees read from quartet_temp.txt
index0
All output trees will be *arbitrarily* rooted at t5

======== Running the main analysis
Number of taxa: 10 (10 species)
Taxa: [t5, t6, t3, t4, t7, t8, t9, t2, t1, t10]
Taxon occupancy: {t4=1584, t5=2071, t6=1933, t10=1837, t7=1572, t8=1992, t9=1561, t1=1820, t2=1665, t3=1721}
Number of gene trees: 4439
4439 trees have missing taxa
Calculating quartet distance matrix (for completion of X)
Species tree distances calculated ...
Will attempt to complete bipartitions from X before adding using a distance matrix.
Building set of clusters (X) from gene trees 
------------------------------
gradient0: 71
Number of Clusters after addition by distance: 71
calculating extra bipartitions to be added at level 1 ...
Adding to X using resolutions of greedy consensus ...
Limit for sigma of degrees:300
polytomy size limit : 3
discarded polytomies:  []
Threshold 0.0:
Threshold 0.01:
Threshold 0.02:
Threshold 0.05:
Threshold 0.1:
Threshold 0.2:
Threshold 0.3333333333333333:
max k is :0
Number of Clusters after addition by greedy: 71
gradient0 in heuristiic: 71
calculating all possible bipartitions ...
Number of Clusters After Adding All possible clusters: 1023
partitions formed in 0.26 secs
Dynamic Programming starting after 0.26 secs
Using tree-based weight calculation.
Using polytree-based weight calculation.
Polytree max score: 4439
Polytree building time: 0.018 seconds.
Number of quartet trees in the gene trees: 4439
Size of largest cluster: 10
Greedy score: 4395
estimationFactor: 1.0100113765642775
Sub-optimal score: 4395
Total Number of elements weighted: 995
Normalized score (portion of input quartet trees satisfied before correcting for multiple individuals): 0.9900878576255914
Optimization score: 4395
Optimal tree inferred in 0.395 secs.
(t6,(t5,((t1,t10),(t7,((t4,t9),(t2,(t3,t8)))))));
Final quartet score is: 4395
Final normalized quartet score is: 0.9900878576255914
You may want to ignore posterior probabilities and other statistics related to the following branch branch because the effective number of genes impacting it is only 14:
	{t3, t8}
Extended species tree:
(t5,(((t1,t10)1:2.4277482359480516,(t7,((t4,t9)1:2.6855773452501523,(t2,(t3,t8)1:1.6094379124341005)1:3.036554268074245)1:4.179502370562407)1:2.367123614131617)1:4.094344562222104,t6));
Weight calculation took 0.083609067 secs
ASTRAL finished in 0.494 secs
