
================== ASTRAL ===================== 

This is ASTRAL version 5.7.8
Gene trees are treated as unrooted
5690 trees read from quartet_temp.txt
index0
All output trees will be *arbitrarily* rooted at t10

======== Running the main analysis
Number of taxa: 10 (10 species)
Taxa: [t10, t3, t1, t4, t5, t6, t7, t8, t9, t2]
Taxon occupancy: {t4=1864, t5=1717, t10=2973, t6=1835, t7=2241, t8=2155, t9=2685, t1=2332, t2=2023, t3=2935}
Number of gene trees: 5690
5690 trees have missing taxa
Calculating quartet distance matrix (for completion of X)
Species tree distances calculated ...
Will attempt to complete bipartitions from X before adding using a distance matrix.
Building set of clusters (X) from gene trees 
------------------------------
gradient0: 77
Number of Clusters after addition by distance: 77
calculating extra bipartitions to be added at level 1 ...
Adding to X using resolutions of greedy consensus ...
Limit for sigma of degrees:300
polytomy size limit : 3
discarded polytomies:  []
Threshold 0.0:
Threshold 0.01:
Threshold 0.02:
Threshold 0.05:
Threshold 0.1:
Threshold 0.2:
Threshold 0.3333333333333333:
max k is :0
Number of Clusters after addition by greedy: 77
gradient0 in heuristiic: 77
calculating all possible bipartitions ...
Number of Clusters After Adding All possible clusters: 1023
partitions formed in 0.337 secs
Dynamic Programming starting after 0.337 secs
Using tree-based weight calculation.
Using polytree-based weight calculation.
Polytree max score: 5690
Polytree building time: 0.017 seconds.
Number of quartet trees in the gene trees: 5690
Size of largest cluster: 10
Greedy score: 5578
estimationFactor: 1.0200788813194694
Sub-optimal score: 5578
Total Number of elements weighted: 1215
Normalized score (portion of input quartet trees satisfied before correcting for multiple individuals): 0.9803163444639719
Optimization score: 5578
Optimal tree inferred in 0.555 secs.
(t3,((t10,t9),(t1,((t7,t8),(t2,(t5,(t4,t6)))))));
Final quartet score is: 5578
Final normalized quartet score is: 0.9803163444639719
You may want to ignore posterior probabilities and other statistics related to the following branch branch because the effective number of genes impacting it is only 15:
	{t4, t6}
Extended species tree:
(t10,(t9,((t1,((t7,t8)1:5.107963638056819,(t2,(t5,(t4,t6)1:0.9808292530117262)1:0.8075575317376896)1:0.49247648509779407)1:3.6798645830177206)1:5.062595033026979,t3)1:1.7047480922384253));
Weight calculation took 0.156454521 secs
ASTRAL finished in 0.664 secs
