
================== ASTRAL ===================== 

This is ASTRAL version 5.7.8
Gene trees are treated as unrooted
2788 trees read from quartet_temp.txt
index0
All output trees will be *arbitrarily* rooted at t6

======== Running the main analysis
Number of taxa: 10 (10 species)
Taxa: [t6, t7, t1, t2, t3, t4, t5, t8, t10, t9]
Taxon occupancy: {t4=1460, t5=1029, t6=1217, t10=1421, t7=814, t8=934, t9=1173, t1=950, t2=974, t3=1180}
Number of gene trees: 2788
2788 trees have missing taxa
Calculating quartet distance matrix (for completion of X)
Species tree distances calculated ...
Will attempt to complete bipartitions from X before adding using a distance matrix.
Building set of clusters (X) from gene trees 
------------------------------
gradient0: 73
Number of Clusters after addition by distance: 73
calculating extra bipartitions to be added at level 1 ...
Adding to X using resolutions of greedy consensus ...
Limit for sigma of degrees:300
polytomy size limit : 3
discarded polytomies:  []
Threshold 0.0:
Threshold 0.01:
Threshold 0.02:
Threshold 0.05:
Threshold 0.1:
Threshold 0.2:
Threshold 0.3333333333333333:
max k is :0
Number of Clusters after addition by greedy: 73
gradient0 in heuristiic: 73
calculating all possible bipartitions ...
Number of Clusters After Adding All possible clusters: 1023
partitions formed in 0.701 secs
Dynamic Programming starting after 0.701 secs
Using tree-based weight calculation.
Using polytree-based weight calculation.
Polytree max score: 2788
Polytree building time: 0.058 seconds.
Number of quartet trees in the gene trees: 2788
Size of largest cluster: 10
Greedy score: 2745
estimationFactor: 1.015664845173042
Sub-optimal score: 2745
Total Number of elements weighted: 1189
Normalized score (portion of input quartet trees satisfied before correcting for multiple individuals): 0.9845767575322812
Optimization score: 2745
Optimal tree inferred in 1.127 secs.
(t7,((t6,t9),((t4,t10),(t1,(t2,(t8,(t3,t5)))))));
Final quartet score is: 2745
Final normalized quartet score is: 0.9845767575322812
Extended species tree:
(t6,(t9,(((t4,t10)1:5.5451774444795765,(t1,(t2,(t8,(t3,t5)1:0.7731898882334817)1:1.3751210605217656)1:3.2321210516182224)1:3.3557350075853964)1:3.324236340526026,t7)1:3.120895416507997));
Weight calculation took 0.229752062 secs
ASTRAL finished in 1.423 secs
