
================== ASTRAL ===================== 

This is ASTRAL version 5.7.8
Gene trees are treated as unrooted
6413 trees read from quartet_temp.txt
index0
All output trees will be *arbitrarily* rooted at t2

======== Running the main analysis
Number of taxa: 10 (10 species)
Taxa: [t2, t6, t1, t3, t4, t10, t9, t5, t7, t8]
Taxon occupancy: {t4=3508, t5=2548, t6=1860, t10=3463, t7=2510, t8=2246, t9=2259, t1=2522, t2=2365, t3=2371}
Number of gene trees: 6413
6413 trees have missing taxa
Calculating quartet distance matrix (for completion of X)
Species tree distances calculated ...
Will attempt to complete bipartitions from X before adding using a distance matrix.
Building set of clusters (X) from gene trees 
------------------------------
gradient0: 55
Number of Clusters after addition by distance: 55
calculating extra bipartitions to be added at level 1 ...
Adding to X using resolutions of greedy consensus ...
Limit for sigma of degrees:300
polytomy size limit : 3
discarded polytomies:  []
Threshold 0.0:
Threshold 0.01:
Threshold 0.02:
Threshold 0.05:
Threshold 0.1:
Threshold 0.2:
Threshold 0.3333333333333333:
max k is :0
Number of Clusters after addition by greedy: 55
gradient0 in heuristiic: 55
calculating all possible bipartitions ...
Number of Clusters After Adding All possible clusters: 1023
partitions formed in 1.483 secs
Dynamic Programming starting after 1.483 secs
Using tree-based weight calculation.
Using polytree-based weight calculation.
Polytree max score: 6413
Polytree building time: 0.1 seconds.
Number of quartet trees in the gene trees: 6413
Size of largest cluster: 10
Greedy score: 6374
estimationFactor: 1.0061186068402888
Sub-optimal score: 6374
Total Number of elements weighted: 812
Normalized score (portion of input quartet trees satisfied before correcting for multiple individuals): 0.9939186028379854
Optimization score: 6374
Optimal tree inferred in 2.22 secs.
(t6,(((t5,t7),(t9,t8)),(t2,(t1,(t3,(t4,t10))))));
Final quartet score is: 6374
Final normalized quartet score is: 0.9939186028379854
Extended species tree:
(t2,((t1,(t3,(t4,t10)1:4.267363726353742)1:4.846808319938475)1:5.672177135240852,(((t5,t7)1:2.7829515092753287,(t9,t8)1:1.120591195386885)1:3.0004828763125886,t6)1:1.636518871036771));
Weight calculation took 0.440836767 secs
ASTRAL finished in 2.628 secs
