
================== ASTRAL ===================== 

This is ASTRAL version 5.7.8
Gene trees are treated as unrooted
1730 trees read from quartet_temp.txt
index0
All output trees will be *arbitrarily* rooted at t2

======== Running the main analysis
Number of taxa: 10 (10 species)
Taxa: [t2, t9, t1, t3, t4, t5, t6, t7, t8, t10]
Taxon occupancy: {t4=792, t5=668, t6=914, t10=770, t7=660, t8=634, t9=664, t1=544, t2=654, t3=620}
Number of gene trees: 1730
1730 trees have missing taxa
Calculating quartet distance matrix (for completion of X)
Species tree distances calculated ...
Will attempt to complete bipartitions from X before adding using a distance matrix.
Building set of clusters (X) from gene trees 
------------------------------
gradient0: 107
Number of Clusters after addition by distance: 107
calculating extra bipartitions to be added at level 1 ...
Adding to X using resolutions of greedy consensus ...
Limit for sigma of degrees:300
polytomy size limit : 3
discarded polytomies:  []
Threshold 0.0:
Threshold 0.01:
Threshold 0.02:
Threshold 0.05:
Threshold 0.1:
Threshold 0.2:
Threshold 0.3333333333333333:
max k is :0
Number of Clusters after addition by greedy: 107
gradient0 in heuristiic: 107
calculating all possible bipartitions ...
Number of Clusters After Adding All possible clusters: 1023
partitions formed in 0.15 secs
Dynamic Programming starting after 0.15 secs
Using tree-based weight calculation.
Using polytree-based weight calculation.
Polytree max score: 1730
Polytree building time: 0.008 seconds.
Number of quartet trees in the gene trees: 1730
Size of largest cluster: 10
Greedy score: 1566
estimationFactor: 1.1047254150702426
Sub-optimal score: 1598
Total Number of elements weighted: 1989
Normalized score (portion of input quartet trees satisfied before correcting for multiple individuals): 0.923699421965318
Optimization score: 1598
Optimal tree inferred in 0.291 secs.
(t9,(t2,((t1,(t3,t8)),((t4,t10),(t7,(t5,t6))))));
Final quartet score is: 1598
Final normalized quartet score is: 0.923699421965318
Extended species tree:
(t2,(((t1,(t3,t8)1:0.6931471805599453)1:1.2039728043259361,((t4,t10)1:3.799227511282799,(t7,(t5,t6)1:2.1972245773362196)1:1.2342781538212648)1:1.8281271133989303)1:1.3217558399823193,t9));
Weight calculation took 0.099571822 secs
ASTRAL finished in 0.359 secs
