
================== ASTRAL ===================== 

This is ASTRAL version 5.7.8
Gene trees are treated as unrooted
6064 trees read from quartet_temp.txt
index0
All output trees will be *arbitrarily* rooted at t5

======== Running the main analysis
Number of taxa: 10 (10 species)
Taxa: [t5, t6, t1, t2, t3, t4, t8, t9, t10, t7]
Taxon occupancy: {t4=2137, t5=2364, t6=2225, t10=2482, t7=1942, t8=2824, t9=2211, t1=2287, t2=2569, t3=3215}
Number of gene trees: 6064
6064 trees have missing taxa
Calculating quartet distance matrix (for completion of X)
Species tree distances calculated ...
Will attempt to complete bipartitions from X before adding using a distance matrix.
Building set of clusters (X) from gene trees 
------------------------------
gradient0: 63
Number of Clusters after addition by distance: 63
calculating extra bipartitions to be added at level 1 ...
Adding to X using resolutions of greedy consensus ...
Limit for sigma of degrees:300
polytomy size limit : 3
discarded polytomies:  []
Threshold 0.0:
Threshold 0.01:
Threshold 0.02:
Threshold 0.05:
Threshold 0.1:
Threshold 0.2:
Threshold 0.3333333333333333:
max k is :0
Number of Clusters after addition by greedy: 63
gradient0 in heuristiic: 63
calculating all possible bipartitions ...
Number of Clusters After Adding All possible clusters: 1023
partitions formed in 1.575 secs
Dynamic Programming starting after 1.575 secs
Using tree-based weight calculation.
Using polytree-based weight calculation.
Polytree max score: 6064
Polytree building time: 0.091 seconds.
Number of quartet trees in the gene trees: 6064
Size of largest cluster: 10
Greedy score: 5990
estimationFactor: 1.0123539232053422
Sub-optimal score: 5990
Total Number of elements weighted: 1213
Normalized score (portion of input quartet trees satisfied before correcting for multiple individuals): 0.987796833773087
Optimization score: 5990
Optimal tree inferred in 2.547 secs.
(t6,(t5,(t9,(t7,((t1,t10),(t4,(t2,(t3,t8))))))));
Final quartet score is: 5990
Final normalized quartet score is: 0.987796833773087
Extended species tree:
(t5,((t9,(t7,((t1,t10)1:2.6390573296152575,(t4,(t2,(t3,t8)1:4.1896547420264305)1:3.737669618283365)1:6.2225762680714)1:0.8811994120628849)1:2.287659442777369)1:0.739667196194838,t6));
Weight calculation took 0.689869868 secs
ASTRAL finished in 2.95 secs
