
================== ASTRAL ===================== 

This is ASTRAL version 5.7.8
Gene trees are treated as unrooted
4432 trees read from quartet_temp.txt
index0
All output trees will be *arbitrarily* rooted at t2

======== Running the main analysis
Number of taxa: 10 (10 species)
Taxa: [t2, t6, t1, t3, t4, t5, t7, t8, t9, t10]
Taxon occupancy: {t4=2336, t5=2211, t6=1459, t10=1735, t7=1751, t8=1816, t9=1407, t1=1131, t2=1491, t3=2391}
Number of gene trees: 4432
4432 trees have missing taxa
Calculating quartet distance matrix (for completion of X)
Species tree distances calculated ...
Will attempt to complete bipartitions from X before adding using a distance matrix.
Building set of clusters (X) from gene trees 
------------------------------
gradient0: 61
Number of Clusters after addition by distance: 61
calculating extra bipartitions to be added at level 1 ...
Adding to X using resolutions of greedy consensus ...
Limit for sigma of degrees:300
polytomy size limit : 3
discarded polytomies:  []
Threshold 0.0:
Threshold 0.01:
Threshold 0.02:
Threshold 0.05:
Threshold 0.1:
Threshold 0.2:
Threshold 0.3333333333333333:
max k is :0
Number of Clusters after addition by greedy: 61
gradient0 in heuristiic: 61
calculating all possible bipartitions ...
Number of Clusters After Adding All possible clusters: 1023
partitions formed in 0.279 secs
Dynamic Programming starting after 0.279 secs
Using tree-based weight calculation.
Using polytree-based weight calculation.
Polytree max score: 4432
Polytree building time: 0.017 seconds.
Number of quartet trees in the gene trees: 4432
Size of largest cluster: 10
Greedy score: 4351
estimationFactor: 1.018616410020685
Sub-optimal score: 4363
Total Number of elements weighted: 974
Normalized score (portion of input quartet trees satisfied before correcting for multiple individuals): 0.9844314079422383
Optimization score: 4363
Optimal tree inferred in 0.428 secs.
(t6,((t1,(t5,(t3,t4))),(t9,((t8,t10),(t2,t7)))));
Final quartet score is: 4363
Final normalized quartet score is: 0.9844314079422383
Extended species tree:
(t2,(t7,((t8,t10)1:3.2000327370667208,(t9,((t1,(t5,(t3,t4)1:3.4231762883809314)1:5.010635294096249)1:4.591747165655945,t6)0.97:0.35667494393873245)1:1.8245492920510458)1:1.6251862694022396));
Weight calculation took 0.095584963 secs
ASTRAL finished in 0.526 secs
