
================== ASTRAL ===================== 

This is ASTRAL version 5.7.8
Gene trees are treated as unrooted
4880 trees read from quartet_temp.txt
index0
All output trees will be *arbitrarily* rooted at t2

======== Running the main analysis
Number of taxa: 10 (10 species)
Taxa: [t2, t3, t1, t4, t5, t6, t7, t9, t10, t8]
Taxon occupancy: {t4=1759, t5=1837, t6=1692, t10=2053, t7=1557, t8=2305, t9=1669, t1=1811, t2=2196, t3=2641}
Number of gene trees: 4880
4880 trees have missing taxa
Calculating quartet distance matrix (for completion of X)
Species tree distances calculated ...
Will attempt to complete bipartitions from X before adding using a distance matrix.
Building set of clusters (X) from gene trees 
------------------------------
gradient0: 53
Number of Clusters after addition by distance: 53
calculating extra bipartitions to be added at level 1 ...
Adding to X using resolutions of greedy consensus ...
Limit for sigma of degrees:300
polytomy size limit : 3
discarded polytomies:  []
Threshold 0.0:
Threshold 0.01:
Threshold 0.02:
Threshold 0.05:
Threshold 0.1:
Threshold 0.2:
Threshold 0.3333333333333333:
max k is :0
Number of Clusters after addition by greedy: 53
gradient0 in heuristiic: 53
calculating all possible bipartitions ...
Number of Clusters After Adding All possible clusters: 1023
partitions formed in 1.096 secs
Dynamic Programming starting after 1.109 secs
Using tree-based weight calculation.
Using polytree-based weight calculation.
Polytree max score: 4880
Polytree building time: 0.084 seconds.
Number of quartet trees in the gene trees: 4880
Size of largest cluster: 10
Greedy score: 4852
estimationFactor: 1.0057708161582852
Sub-optimal score: 4852
Total Number of elements weighted: 1051
Normalized score (portion of input quartet trees satisfied before correcting for multiple individuals): 0.9942622950819672
Optimization score: 4852
Optimal tree inferred in 1.673 secs.
(t3,(t8,(t2,(t4,((t1,t10),(t7,(t6,(t5,t9))))))));
Final quartet score is: 4852
Final normalized quartet score is: 0.9942622950819672
You may want to ignore posterior probabilities and other statistics related to the following branch branch because the effective number of genes impacting it is only 9:
	{t5, t9}
Extended species tree:
(t2,((t4,((t1,t10)1:4.206349620598591,(t7,(t6,(t5,t9)0.99:0.7985076962177715)1:1.1856236656577395)1:3.6720723357975578)1:5.884250462800815)1:2.379546134130173,(t8,t3)1:2.670309873119364));
Weight calculation took 0.326895145 secs
ASTRAL finished in 2.062 secs
