
================== ASTRAL ===================== 

This is ASTRAL version 5.7.8
Gene trees are treated as unrooted
5438 trees read from quartet_temp.txt
index0
All output trees will be *arbitrarily* rooted at t10

======== Running the main analysis
Number of taxa: 10 (10 species)
Taxa: [t10, t9, t1, t2, t4, t5, t6, t7, t8, t3]
Taxon occupancy: {t4=1873, t5=1885, t10=2253, t6=1997, t7=1965, t8=1696, t9=2274, t1=1973, t2=2908, t3=2928}
Number of gene trees: 5438
5438 trees have missing taxa
Calculating quartet distance matrix (for completion of X)
Species tree distances calculated ...
Will attempt to complete bipartitions from X before adding using a distance matrix.
Building set of clusters (X) from gene trees 
------------------------------
gradient0: 59
Number of Clusters after addition by distance: 59
calculating extra bipartitions to be added at level 1 ...
Adding to X using resolutions of greedy consensus ...
Limit for sigma of degrees:300
polytomy size limit : 3
discarded polytomies:  []
Threshold 0.0:
Threshold 0.01:
Threshold 0.02:
Threshold 0.05:
Threshold 0.1:
Threshold 0.2:
Threshold 0.3333333333333333:
max k is :0
Number of Clusters after addition by greedy: 59
gradient0 in heuristiic: 59
calculating all possible bipartitions ...
Number of Clusters After Adding All possible clusters: 1023
partitions formed in 0.312 secs
Dynamic Programming starting after 0.312 secs
Using tree-based weight calculation.
Using polytree-based weight calculation.
Polytree max score: 5438
Polytree building time: 0.019 seconds.
Number of quartet trees in the gene trees: 5438
Size of largest cluster: 10
Greedy score: 5392
estimationFactor: 1.0085311572700297
Sub-optimal score: 5392
Total Number of elements weighted: 957
Normalized score (portion of input quartet trees satisfied before correcting for multiple individuals): 0.9915410077234277
Optimization score: 5392
Optimal tree inferred in 0.482 secs.
(t9,(t10,((t5,(t6,t7)),((t4,t8),(t1,(t2,t3))))));
Final quartet score is: 5392
Final normalized quartet score is: 0.9915410077234277
Extended species tree:
(t10,(((t5,(t6,t7)1:1.4853852637641218)1:2.9444389791664407,((t4,t8)1:2.0306513775104036,(t1,(t2,t3)1:5.359725994676675)1:2.387742901334353)1:3.2798365246578873)1:4.408749704814628,t9));
Weight calculation took 0.111269083 secs
ASTRAL finished in 0.59 secs
