
================== ASTRAL ===================== 

This is ASTRAL version 5.7.8
Gene trees are treated as unrooted
3754 trees read from quartet_temp.txt
index0
All output trees will be *arbitrarily* rooted at t5

======== Running the main analysis
Number of taxa: 10 (10 species)
Taxa: [t5, t8, t1, t2, t3, t4, t6, t7, t10, t9]
Taxon occupancy: {t4=1652, t5=1940, t6=1565, t10=1664, t7=995, t8=1776, t9=1476, t1=1333, t2=1456, t3=1159}
Number of gene trees: 3754
3754 trees have missing taxa
Calculating quartet distance matrix (for completion of X)
Species tree distances calculated ...
Will attempt to complete bipartitions from X before adding using a distance matrix.
Building set of clusters (X) from gene trees 
------------------------------
gradient0: 77
Number of Clusters after addition by distance: 77
calculating extra bipartitions to be added at level 1 ...
Adding to X using resolutions of greedy consensus ...
Limit for sigma of degrees:300
polytomy size limit : 3
discarded polytomies:  []
Threshold 0.0:
Threshold 0.01:
Threshold 0.02:
Threshold 0.05:
Threshold 0.1:
Threshold 0.2:
Threshold 0.3333333333333333:
max k is :0
Number of Clusters after addition by greedy: 77
gradient0 in heuristiic: 77
calculating all possible bipartitions ...
Number of Clusters After Adding All possible clusters: 1023
partitions formed in 0.918 secs
Dynamic Programming starting after 0.918 secs
Using tree-based weight calculation.
Using polytree-based weight calculation.
Polytree max score: 3754
Polytree building time: 0.055 seconds.
Number of quartet trees in the gene trees: 3754
Size of largest cluster: 10
Greedy score: 3696
estimationFactor: 1.0156926406926408
Sub-optimal score: 3696
Total Number of elements weighted: 1013
Normalized score (portion of input quartet trees satisfied before correcting for multiple individuals): 0.9845498135322323
Optimization score: 3696
Optimal tree inferred in 1.297 secs.
(t8,(t5,(t9,((t7,(t1,t2)),(t3,(t4,(t6,t10)))))));
Final quartet score is: 3696
Final normalized quartet score is: 0.9845498135322323
Extended species tree:
(t5,((t9,((t7,(t1,t2)1:0.7646061445420904)1:2.114532861491106,(t3,(t4,(t6,t10)1:2.5598079579611173)1:3.1724827852984894)1:1.7047480922384253)1:4.482374608508167)1:4.454347296253506,t8));
Weight calculation took 0.178208886 secs
ASTRAL finished in 1.634 secs
