
================== ASTRAL ===================== 

This is ASTRAL version 5.7.8
Gene trees are treated as unrooted
4879 trees read from quartet_temp.txt
index0
All output trees will be *arbitrarily* rooted at t10

======== Running the main analysis
Number of taxa: 10 (10 species)
Taxa: [t10, t6, t2, t3, t4, t5, t7, t8, t9, t1]
Taxon occupancy: {t4=1873, t5=1847, t10=2962, t6=3016, t7=1533, t8=1471, t9=1537, t1=2074, t2=1445, t3=1758}
Number of gene trees: 4879
4879 trees have missing taxa
Calculating quartet distance matrix (for completion of X)
Species tree distances calculated ...
Will attempt to complete bipartitions from X before adding using a distance matrix.
Building set of clusters (X) from gene trees 
------------------------------
gradient0: 59
Number of Clusters after addition by distance: 59
calculating extra bipartitions to be added at level 1 ...
Adding to X using resolutions of greedy consensus ...
Limit for sigma of degrees:300
polytomy size limit : 3
discarded polytomies:  []
Threshold 0.0:
Threshold 0.01:
Threshold 0.02:
Threshold 0.05:
Threshold 0.1:
Threshold 0.2:
Threshold 0.3333333333333333:
max k is :0
Number of Clusters after addition by greedy: 59
gradient0 in heuristiic: 59
calculating all possible bipartitions ...
Number of Clusters After Adding All possible clusters: 1023
partitions formed in 1.104 secs
Dynamic Programming starting after 1.104 secs
Using tree-based weight calculation.
Using polytree-based weight calculation.
Polytree max score: 4879
Polytree building time: 0.083 seconds.
Number of quartet trees in the gene trees: 4879
Size of largest cluster: 10
Greedy score: 4824
estimationFactor: 1.011401326699834
Sub-optimal score: 4824
Total Number of elements weighted: 1013
Normalized score (portion of input quartet trees satisfied before correcting for multiple individuals): 0.9887271981963517
Optimization score: 4824
Optimal tree inferred in 1.64 secs.
(t6,(t10,(t1,((t5,(t3,t4)),(t8,(t9,(t2,t7)))))));
Final quartet score is: 4824
Final normalized quartet score is: 0.9887271981963517
Extended species tree:
(t10,((t1,((t5,(t3,t4)1:2.772588722239782)1:1.7438461135321575,(t8,(t9,(t2,t7)1:2.484906649788)0.67:0.2876820724517809)1:2.0794415416798353)1:6.382379874201431)1:4.295015257684257,t6));
Weight calculation took 0.288546798 secs
ASTRAL finished in 1.985 secs
