
================== ASTRAL ===================== 

This is ASTRAL version 5.7.8
Gene trees are treated as unrooted
2373 trees read from quartet_temp.txt
index0
All output trees will be *arbitrarily* rooted at t2

======== Running the main analysis
Number of taxa: 10 (10 species)
Taxa: [t2, t3, t1, t7, t10, t4, t5, t6, t8, t9]
Taxon occupancy: {t4=1260, t5=992, t10=708, t6=795, t7=1040, t8=1288, t9=832, t1=903, t2=862, t3=812}
Number of gene trees: 2373
2373 trees have missing taxa
Calculating quartet distance matrix (for completion of X)
Species tree distances calculated ...
Will attempt to complete bipartitions from X before adding using a distance matrix.
Building set of clusters (X) from gene trees 
------------------------------
gradient0: 121
Number of Clusters after addition by distance: 121
calculating extra bipartitions to be added at level 1 ...
Adding to X using resolutions of greedy consensus ...
Limit for sigma of degrees:300
polytomy size limit : 3
discarded polytomies:  []
Threshold 0.0:
Threshold 0.01:
Threshold 0.02:
Threshold 0.05:
Threshold 0.1:
Threshold 0.2:
Threshold 0.3333333333333333:
max k is :0
Number of Clusters after addition by greedy: 121
gradient0 in heuristiic: 121
calculating all possible bipartitions ...
Number of Clusters After Adding All possible clusters: 1023
partitions formed in 0.243 secs
Dynamic Programming starting after 0.243 secs
Using tree-based weight calculation.
Using polytree-based weight calculation.
Polytree max score: 2373
Polytree building time: 0.022 seconds.
Number of quartet trees in the gene trees: 2373
Size of largest cluster: 10
Greedy score: 2153
estimationFactor: 1.1021830004644682
Sub-optimal score: 2153
Total Number of elements weighted: 2887
Normalized score (portion of input quartet trees satisfied before correcting for multiple individuals): 0.9140328697850821
Optimization score: 2169
Optimal tree inferred in 0.556 secs.
(t3,(t9,(t6,((t10,(t4,t8)),((t2,t5),(t1,t7))))));
Final quartet score is: 2169
Final normalized quartet score is: 0.9140328697850821
Extended species tree:
(t2,(t5,((t1,t7)1:3.768922161787476,((t10,(t4,t8)1:2.906120114864303)0.97:0.19671029424605413,(t6,(t9,t3)1:2.005333569526114)0.98:0.3417492937220567)1:0.9624801143435296)1:1.299282984130261));
Weight calculation took 0.233393658 secs
ASTRAL finished in 0.658 secs
