
================== ASTRAL ===================== 

This is ASTRAL version 5.7.8
Gene trees are treated as unrooted
5135 trees read from quartet_temp.txt
index0
All output trees will be *arbitrarily* rooted at t2

======== Running the main analysis
Number of taxa: 10 (10 species)
Taxa: [t2, t7, t1, t3, t4, t5, t6, t10, t8, t9]
Taxon occupancy: {t4=2369, t5=2473, t6=2380, t10=1872, t7=2097, t8=1753, t9=1704, t1=1698, t2=1837, t3=2357}
Number of gene trees: 5135
5135 trees have missing taxa
Calculating quartet distance matrix (for completion of X)
Species tree distances calculated ...
Will attempt to complete bipartitions from X before adding using a distance matrix.
Building set of clusters (X) from gene trees 
------------------------------
gradient0: 59
Number of Clusters after addition by distance: 59
calculating extra bipartitions to be added at level 1 ...
Adding to X using resolutions of greedy consensus ...
Limit for sigma of degrees:300
polytomy size limit : 3
discarded polytomies:  []
Threshold 0.0:
Threshold 0.01:
Threshold 0.02:
Threshold 0.05:
Threshold 0.1:
Threshold 0.2:
Threshold 0.3333333333333333:
max k is :0
Number of Clusters after addition by greedy: 59
gradient0 in heuristiic: 59
calculating all possible bipartitions ...
Number of Clusters After Adding All possible clusters: 1023
partitions formed in 0.473 secs
Dynamic Programming starting after 0.473 secs
Using tree-based weight calculation.
Using polytree-based weight calculation.
Polytree max score: 5135
Polytree building time: 0.025 seconds.
Number of quartet trees in the gene trees: 5135
Size of largest cluster: 10
Greedy score: 5099
estimationFactor: 1.0070602078838988
Sub-optimal score: 5105
Total Number of elements weighted: 1214
Normalized score (portion of input quartet trees satisfied before correcting for multiple individuals): 0.994157740993184
Optimization score: 5105
Optimal tree inferred in 0.642 secs.
(t7,((t2,t10),(t1,((t8,t9),((t5,t6),(t3,t4))))));
Final quartet score is: 5105
Final normalized quartet score is: 0.994157740993184
You may want to ignore posterior probabilities and other statistics related to the following branch branch because the effective number of genes impacting it is only 14:
	{t7, t1, t3, t4, t5, t6, t8, t9}
Extended species tree:
(t2,(t10,((t1,((t8,t9)1:3.486355190002461,((t5,t6)1:4.01337549968843,(t3,t4)1:3.401197381662154)1:6.6271591529198535)1:4.598481197837296)1:1.3375041969504584,t7)0.99:0.6931471805599453));
Weight calculation took 0.096150556 secs
ASTRAL finished in 0.764 secs
