
================== ASTRAL ===================== 

This is ASTRAL version 5.7.8
Gene trees are treated as unrooted
3443 trees read from quartet_temp.txt
index0
All output trees will be *arbitrarily* rooted at t4

======== Running the main analysis
Number of taxa: 10 (10 species)
Taxa: [t4, t5, t1, t2, t3, t6, t7, t8, t9, t10]
Taxon occupancy: {t4=1431, t5=1178, t6=1031, t10=1351, t7=1368, t8=1532, t9=1720, t1=1416, t2=1484, t3=1261}
Number of gene trees: 3443
3443 trees have missing taxa
Calculating quartet distance matrix (for completion of X)
Species tree distances calculated ...
Will attempt to complete bipartitions from X before adding using a distance matrix.
Building set of clusters (X) from gene trees 
------------------------------
gradient0: 97
Number of Clusters after addition by distance: 97
calculating extra bipartitions to be added at level 1 ...
Adding to X using resolutions of greedy consensus ...
Limit for sigma of degrees:300
polytomy size limit : 3
discarded polytomies:  []
Threshold 0.0:
Threshold 0.01:
Threshold 0.02:
Threshold 0.05:
Threshold 0.1:
Threshold 0.2:
Threshold 0.3333333333333333:
max k is :0
Number of Clusters after addition by greedy: 97
gradient0 in heuristiic: 97
calculating all possible bipartitions ...
Number of Clusters After Adding All possible clusters: 1023
partitions formed in 0.895 secs
Dynamic Programming starting after 0.895 secs
Using tree-based weight calculation.
Using polytree-based weight calculation.
Polytree max score: 3443
Polytree building time: 0.053 seconds.
Number of quartet trees in the gene trees: 3443
Size of largest cluster: 10
Greedy score: 3337
estimationFactor: 1.0317650584357207
Sub-optimal score: 3337
Total Number of elements weighted: 1370
Normalized score (portion of input quartet trees satisfied before correcting for multiple individuals): 0.9692128957304676
Optimization score: 3337
Optimal tree inferred in 1.407 secs.
(t5,((t4,t10),(t3,((t1,(t8,t9)),(t6,(t2,t7))))));
Final quartet score is: 3337
Final normalized quartet score is: 0.9692128957304676
Extended species tree:
(t4,(t10,((t3,((t1,(t8,t9)1:3.721669276936928)1:2.7237985580703503,(t6,(t2,t7)1:2.3389527371649206)1:0.7939518796819109)1:3.270835563798911)1:0.49740260343385,t5)1:1.7197859696029656));
Weight calculation took 0.291011977 secs
ASTRAL finished in 1.73 secs
