
================== ASTRAL ===================== 

This is ASTRAL version 5.7.8
Gene trees are treated as unrooted
2818 trees read from quartet_temp.txt
index0
All output trees will be *arbitrarily* rooted at t5

======== Running the main analysis
Number of taxa: 10 (10 species)
Taxa: [t5, t9, t1, t2, t3, t4, t6, t7, t8, t10]
Taxon occupancy: {t4=1010, t5=1065, t6=1275, t10=1292, t7=1097, t8=1122, t9=1181, t1=766, t2=1284, t3=1180}
Number of gene trees: 2818
2818 trees have missing taxa
Calculating quartet distance matrix (for completion of X)
Species tree distances calculated ...
Will attempt to complete bipartitions from X before adding using a distance matrix.
Building set of clusters (X) from gene trees 
------------------------------
gradient0: 59
Number of Clusters after addition by distance: 59
calculating extra bipartitions to be added at level 1 ...
Adding to X using resolutions of greedy consensus ...
Limit for sigma of degrees:300
polytomy size limit : 3
discarded polytomies:  []
Threshold 0.0:
Threshold 0.01:
Threshold 0.02:
Threshold 0.05:
Threshold 0.1:
Threshold 0.2:
Threshold 0.3333333333333333:
max k is :0
Number of Clusters after addition by greedy: 59
gradient0 in heuristiic: 59
calculating all possible bipartitions ...
Number of Clusters After Adding All possible clusters: 1023
partitions formed in 0.2 secs
Dynamic Programming starting after 0.2 secs
Using tree-based weight calculation.
Using polytree-based weight calculation.
Polytree max score: 2818
Polytree building time: 0.013 seconds.
Number of quartet trees in the gene trees: 2818
Size of largest cluster: 10
Greedy score: 2788
estimationFactor: 1.0107604017216643
Sub-optimal score: 2788
Total Number of elements weighted: 995
Normalized score (portion of input quartet trees satisfied before correcting for multiple individuals): 0.9893541518807665
Optimization score: 2788
Optimal tree inferred in 0.341 secs.
(t9,(t5,((t6,t10),(t1,((t4,t8),(t7,(t2,t3)))))));
Final quartet score is: 2788
Final normalized quartet score is: 0.9893541518807665
Extended species tree:
(t5,(((t6,t10)1:4.017383521085971,(t1,((t4,t8)1:2.625358485257097,(t7,(t2,t3)1:4.116323468940871)1:5.09579310243655)1:2.275556420606126)1:1.0826119473216684)1:2.863560500445509,t9));
Weight calculation took 0.089520714 secs
ASTRAL finished in 0.435 secs
