
================== ASTRAL ===================== 

This is ASTRAL version 5.7.8
Gene trees are treated as unrooted
3939 trees read from quartet_temp.txt
index0
All output trees will be *arbitrarily* rooted at t4

======== Running the main analysis
Number of taxa: 10 (10 species)
Taxa: [t4, t6, t1, t2, t3, t7, t9, t10, t5, t8]
Taxon occupancy: {t4=1820, t5=2002, t6=1691, t10=1664, t7=1042, t8=1816, t9=1477, t1=1439, t2=1576, t3=1229}
Number of gene trees: 3939
3939 trees have missing taxa
Calculating quartet distance matrix (for completion of X)
Species tree distances calculated ...
Will attempt to complete bipartitions from X before adding using a distance matrix.
Building set of clusters (X) from gene trees 
------------------------------
gradient0: 63
Number of Clusters after addition by distance: 63
calculating extra bipartitions to be added at level 1 ...
Adding to X using resolutions of greedy consensus ...
Limit for sigma of degrees:300
polytomy size limit : 3
discarded polytomies:  []
Threshold 0.0:
Threshold 0.01:
Threshold 0.02:
Threshold 0.05:
Threshold 0.1:
Threshold 0.2:
Threshold 0.3333333333333333:
max k is :0
Number of Clusters after addition by greedy: 63
gradient0 in heuristiic: 63
calculating all possible bipartitions ...
Number of Clusters After Adding All possible clusters: 1023
partitions formed in 0.904 secs
Dynamic Programming starting after 0.904 secs
Using tree-based weight calculation.
Using polytree-based weight calculation.
Polytree max score: 3939
Polytree building time: 0.064 seconds.
Number of quartet trees in the gene trees: 3939
Size of largest cluster: 10
Greedy score: 3893
estimationFactor: 1.0118160801438478
Sub-optimal score: 3893
Total Number of elements weighted: 1044
Normalized score (portion of input quartet trees satisfied before correcting for multiple individuals): 0.9883219091139883
Optimization score: 3893
Optimal tree inferred in 1.305 secs.
(t6,(t10,(t4,(t3,((t9,(t5,t8)),(t1,(t2,t7)))))));
Final quartet score is: 3893
Final normalized quartet score is: 0.9883219091139883
Extended species tree:
(t4,((t3,((t9,(t5,t8)1:4.3040650932041675)1:3.796237972434439,(t1,(t2,t7)0.69:0.15415067982725836)1:2.736221078068907)1:2.5776883832389657)1:3.41004699693914,(t10,t6)1:3.3787245258100977));
Weight calculation took 0.157498646 secs
ASTRAL finished in 1.645 secs
