
================== ASTRAL ===================== 

This is ASTRAL version 5.7.8
Gene trees are treated as unrooted
4158 trees read from quartet_temp.txt
index0
All output trees will be *arbitrarily* rooted at t5

======== Running the main analysis
Number of taxa: 10 (10 species)
Taxa: [t5, t8, t1, t2, t3, t4, t6, t7, t9, t10]
Taxon occupancy: {t4=1581, t5=1712, t6=1651, t10=1436, t7=1899, t8=1941, t9=1502, t1=1609, t2=1636, t3=1665}
Number of gene trees: 4158
4158 trees have missing taxa
Calculating quartet distance matrix (for completion of X)
Species tree distances calculated ...
Will attempt to complete bipartitions from X before adding using a distance matrix.
Building set of clusters (X) from gene trees 
------------------------------
gradient0: 61
Number of Clusters after addition by distance: 61
calculating extra bipartitions to be added at level 1 ...
Adding to X using resolutions of greedy consensus ...
Limit for sigma of degrees:300
polytomy size limit : 3
discarded polytomies:  []
Threshold 0.0:
Threshold 0.01:
Threshold 0.02:
Threshold 0.05:
Threshold 0.1:
Threshold 0.2:
Threshold 0.3333333333333333:
max k is :0
Number of Clusters after addition by greedy: 61
gradient0 in heuristiic: 61
calculating all possible bipartitions ...
Number of Clusters After Adding All possible clusters: 1023
partitions formed in 1.026 secs
Dynamic Programming starting after 1.026 secs
Using tree-based weight calculation.
Using polytree-based weight calculation.
Polytree max score: 4158
Polytree building time: 0.064 seconds.
Number of quartet trees in the gene trees: 4158
Size of largest cluster: 10
Greedy score: 4084
estimationFactor: 1.0181194906953968
Sub-optimal score: 4084
Total Number of elements weighted: 1213
Normalized score (portion of input quartet trees satisfied before correcting for multiple individuals): 0.9822029822029822
Optimization score: 4084
Optimal tree inferred in 1.541 secs.
(t8,(t7,(t5,(t2,((t3,t4),(t10,(t9,(t1,t6))))))));
Final quartet score is: 4084
Final normalized quartet score is: 0.9822029822029822
Extended species tree:
(t5,((t2,((t3,t4)1:2.3848231912310185,(t10,(t9,(t1,t6)1:3.6198865826269824)1:0.8217645583820388)1:2.014136443272069)1:3.8322580369592845)1:4.469732215092986,(t7,t8)1:0.8056251639866356));
Weight calculation took 0.247548561 secs
ASTRAL finished in 1.891 secs
