
================== ASTRAL ===================== 

This is ASTRAL version 5.7.8
Gene trees are treated as unrooted
5115 trees read from quartet_temp.txt
index0
All output trees will be *arbitrarily* rooted at t10

======== Running the main analysis
Number of taxa: 10 (10 species)
Taxa: [t10, t6, t2, t3, t4, t5, t7, t8, t9, t1]
Taxon occupancy: {t4=1928, t5=1859, t10=2926, t6=3006, t7=1788, t8=1557, t9=1720, t1=2085, t2=1666, t3=1925}
Number of gene trees: 5115
5115 trees have missing taxa
Calculating quartet distance matrix (for completion of X)
Species tree distances calculated ...
Will attempt to complete bipartitions from X before adding using a distance matrix.
Building set of clusters (X) from gene trees 
------------------------------
gradient0: 63
Number of Clusters after addition by distance: 63
calculating extra bipartitions to be added at level 1 ...
Adding to X using resolutions of greedy consensus ...
Limit for sigma of degrees:300
polytomy size limit : 3
discarded polytomies:  []
Threshold 0.0:
Threshold 0.01:
Threshold 0.02:
Threshold 0.05:
Threshold 0.1:
Threshold 0.2:
Threshold 0.3333333333333333:
max k is :0
Number of Clusters after addition by greedy: 63
gradient0 in heuristiic: 63
calculating all possible bipartitions ...
Number of Clusters After Adding All possible clusters: 1023
partitions formed in 1.318 secs
Dynamic Programming starting after 1.318 secs
Using tree-based weight calculation.
Using polytree-based weight calculation.
Polytree max score: 5115
Polytree building time: 0.091 seconds.
Number of quartet trees in the gene trees: 5115
Size of largest cluster: 10
Greedy score: 5030
estimationFactor: 1.0168986083499005
Sub-optimal score: 5050
Total Number of elements weighted: 1015
Normalized score (portion of input quartet trees satisfied before correcting for multiple individuals): 0.9872922776148583
Optimization score: 5050
Optimal tree inferred in 2.115 secs.
(t6,(t10,(t1,((t5,(t3,t4)),((t8,t9),(t2,t7))))));
Final quartet score is: 5050
Final normalized quartet score is: 0.9872922776148583
Extended species tree:
(t10,((t1,((t5,(t3,t4)1:4.578141513600168)1:1.6486586255873819,((t8,t9)1:0.4418327522790392,(t2,t7)1:0.8734090043908893)1:2.772588722239782)1:6.3171646867473)1:4.137829674161844,t6));
Weight calculation took 0.537401973 secs
ASTRAL finished in 2.491 secs
