
================== ASTRAL ===================== 

This is ASTRAL version 5.7.8
Gene trees are treated as unrooted
5025 trees read from quartet_temp.txt
index0
All output trees will be *arbitrarily* rooted at t2

======== Running the main analysis
Number of taxa: 10 (10 species)
Taxa: [t2, t6, t1, t3, t4, t5, t7, t8, t9, t10]
Taxon occupancy: {t4=2619, t5=2493, t6=1622, t10=1951, t7=1935, t8=2043, t9=1630, t1=1414, t2=1682, t3=2711}
Number of gene trees: 5025
5025 trees have missing taxa
Calculating quartet distance matrix (for completion of X)
Species tree distances calculated ...
Will attempt to complete bipartitions from X before adding using a distance matrix.
Building set of clusters (X) from gene trees 
------------------------------
gradient0: 63
Number of Clusters after addition by distance: 63
calculating extra bipartitions to be added at level 1 ...
Adding to X using resolutions of greedy consensus ...
Limit for sigma of degrees:300
polytomy size limit : 3
discarded polytomies:  []
Threshold 0.0:
Threshold 0.01:
Threshold 0.02:
Threshold 0.05:
Threshold 0.1:
Threshold 0.2:
Threshold 0.3333333333333333:
max k is :0
Number of Clusters after addition by greedy: 63
gradient0 in heuristiic: 63
calculating all possible bipartitions ...
Number of Clusters After Adding All possible clusters: 1023
partitions formed in 0.533 secs
Dynamic Programming starting after 0.533 secs
Using tree-based weight calculation.
Using polytree-based weight calculation.
Polytree max score: 5025
Polytree building time: 0.026 seconds.
Number of quartet trees in the gene trees: 5025
Size of largest cluster: 10
Greedy score: 4864
estimationFactor: 1.0331003289473684
Sub-optimal score: 4864
Total Number of elements weighted: 1052
Normalized score (portion of input quartet trees satisfied before correcting for multiple individuals): 0.9679601990049751
Optimization score: 4864
Optimal tree inferred in 0.722 secs.
(t6,(t9,(((t8,t10),(t2,t7)),(t1,(t5,(t3,t4))))));
Final quartet score is: 4864
Final normalized quartet score is: 0.9679601990049751
Extended species tree:
(t2,(t7,((t8,t10)1:4.907740870933624,((t1,(t5,(t3,t4)1:3.149882953381249)1:5.42934562895445)1:1.7266201670570933,(t9,t6)1:0.9614111671546247)1:0.8908327991786431)1:1.3183831555036805));
Weight calculation took 0.110012731 secs
ASTRAL finished in 0.849 secs
