
================== ASTRAL ===================== 

This is ASTRAL version 5.7.8
Gene trees are treated as unrooted
2458 trees read from quartet_temp.txt
index0
All output trees will be *arbitrarily* rooted at t2

======== Running the main analysis
Number of taxa: 10 (10 species)
Taxa: [t2, t3, t1, t7, t4, t5, t8, t9, t10, t6]
Taxon occupancy: {t4=1304, t5=968, t10=736, t6=818, t7=1204, t8=1412, t9=776, t1=1042, t2=770, t3=802}
Number of gene trees: 2458
2458 trees have missing taxa
Calculating quartet distance matrix (for completion of X)
Species tree distances calculated ...
Will attempt to complete bipartitions from X before adding using a distance matrix.
Building set of clusters (X) from gene trees 
------------------------------
gradient0: 97
Number of Clusters after addition by distance: 97
calculating extra bipartitions to be added at level 1 ...
Adding to X using resolutions of greedy consensus ...
Limit for sigma of degrees:300
polytomy size limit : 3
discarded polytomies:  []
Threshold 0.0:
Threshold 0.01:
Threshold 0.02:
Threshold 0.05:
Threshold 0.1:
Threshold 0.2:
Threshold 0.3333333333333333:
max k is :0
Number of Clusters after addition by greedy: 97
gradient0 in heuristiic: 97
calculating all possible bipartitions ...
Number of Clusters After Adding All possible clusters: 1023
partitions formed in 0.612 secs
Dynamic Programming starting after 0.612 secs
Using tree-based weight calculation.
Using polytree-based weight calculation.
Polytree max score: 2458
Polytree building time: 0.038 seconds.
Number of quartet trees in the gene trees: 2458
Size of largest cluster: 10
Greedy score: 2329
estimationFactor: 1.05538857878918
Sub-optimal score: 2329
Total Number of elements weighted: 1523
Normalized score (portion of input quartet trees satisfied before correcting for multiple individuals): 0.9483319772172498
Optimization score: 2331
Optimal tree inferred in 1.071 secs.
(t3,(t9,((t10,(t4,t8)),(t6,((t2,t5),(t1,t7))))));
Final quartet score is: 2331
Final normalized quartet score is: 0.9483319772172498
You may want to ignore posterior probabilities and other statistics related to the following branch branch because the effective number of genes impacting it is only 19:
	{t3, t1, t7, t4, t8, t9, t10, t6}
Extended species tree:
(t2,(t5,((t1,t7)1:4.557379522151745,(t6,((t10,(t4,t8)1:5.058366696917449)0.7:0.17556477433107473,(t9,t3)1:4.3040650932041675)0.54:0.061154423153330695)1:1.4853852637641218)1:2.590267165445826));
Weight calculation took 0.225025405 secs
ASTRAL finished in 1.364 secs
