
================== ASTRAL ===================== 

This is ASTRAL version 5.7.8
Gene trees are treated as unrooted
6917 trees read from quartet_temp.txt
index0
All output trees will be *arbitrarily* rooted at t2

======== Running the main analysis
Number of taxa: 10 (10 species)
Taxa: [t2, t4, t1, t3, t5, t6, t7, t8, t9, t10]
Taxon occupancy: {t4=2504, t5=2420, t6=2304, t10=3105, t7=2769, t8=3356, t9=3223, t1=2569, t2=2786, t3=2632}
Number of gene trees: 6917
6917 trees have missing taxa
Calculating quartet distance matrix (for completion of X)
Species tree distances calculated ...
Will attempt to complete bipartitions from X before adding using a distance matrix.
Building set of clusters (X) from gene trees 
------------------------------
gradient0: 75
Number of Clusters after addition by distance: 75
calculating extra bipartitions to be added at level 1 ...
Adding to X using resolutions of greedy consensus ...
Limit for sigma of degrees:300
polytomy size limit : 3
discarded polytomies:  []
Threshold 0.0:
Threshold 0.01:
Threshold 0.02:
Threshold 0.05:
Threshold 0.1:
Threshold 0.2:
Threshold 0.3333333333333333:
max k is :0
Number of Clusters after addition by greedy: 75
gradient0 in heuristiic: 75
calculating all possible bipartitions ...
Number of Clusters After Adding All possible clusters: 1023
partitions formed in 1.571 secs
Dynamic Programming starting after 1.571 secs
Using tree-based weight calculation.
Using polytree-based weight calculation.
Polytree max score: 6917
Polytree building time: 0.108 seconds.
Number of quartet trees in the gene trees: 6917
Size of largest cluster: 10
Greedy score: 6779
estimationFactor: 1.0203569848060186
Sub-optimal score: 6779
Total Number of elements weighted: 960
Normalized score (portion of input quartet trees satisfied before correcting for multiple individuals): 0.9800491542576262
Optimization score: 6779
Optimal tree inferred in 2.433 secs.
(t4,(t5,((t7,(t10,(t8,t9))),(t6,(t2,(t1,t3))))));
Final quartet score is: 6779
Final normalized quartet score is: 0.9800491542576262
Extended species tree:
(t2,((t1,t3)1:1.4577533251020358,(t6,((t7,(t10,(t8,t9)1:1.4213856809311605)1:1.5404450409471486)1:5.472270673671479,(t5,t4)1:0.995428052432879)1:1.2517906786764288)1:4.578141513600168));
Weight calculation took 0.558409492 secs
ASTRAL finished in 2.857 secs
