
================== ASTRAL ===================== 

This is ASTRAL version 5.7.8
Gene trees are treated as unrooted
7132 trees read from quartet_temp.txt
index0
All output trees will be *arbitrarily* rooted at t2

======== Running the main analysis
Number of taxa: 10 (10 species)
Taxa: [t2, t6, t1, t3, t5, t7, t9, t10, t4, t8]
Taxon occupancy: {t4=3045, t5=2247, t6=3080, t10=3496, t7=3188, t8=3122, t9=3433, t1=1903, t2=2380, t3=2634}
Number of gene trees: 7132
7132 trees have missing taxa
Calculating quartet distance matrix (for completion of X)
Species tree distances calculated ...
Will attempt to complete bipartitions from X before adding using a distance matrix.
Building set of clusters (X) from gene trees 
------------------------------
gradient0: 67
Number of Clusters after addition by distance: 67
calculating extra bipartitions to be added at level 1 ...
Adding to X using resolutions of greedy consensus ...
Limit for sigma of degrees:300
polytomy size limit : 3
discarded polytomies:  []
Threshold 0.0:
Threshold 0.01:
Threshold 0.02:
Threshold 0.05:
Threshold 0.1:
Threshold 0.2:
Threshold 0.3333333333333333:
max k is :0
Number of Clusters after addition by greedy: 67
gradient0 in heuristiic: 67
calculating all possible bipartitions ...
Number of Clusters After Adding All possible clusters: 1023
partitions formed in 1.579 secs
Dynamic Programming starting after 1.579 secs
Using tree-based weight calculation.
Using polytree-based weight calculation.
Polytree max score: 7132
Polytree building time: 0.113 seconds.
Number of quartet trees in the gene trees: 7132
Size of largest cluster: 10
Greedy score: 7077
estimationFactor: 1.0077716546559277
Sub-optimal score: 7077
Total Number of elements weighted: 1069
Normalized score (portion of input quartet trees satisfied before correcting for multiple individuals): 0.9922882781828379
Optimization score: 7077
Optimal tree inferred in 2.438 secs.
(t6,((t2,(t4,t8)),(t1,(t5,(t3,(t7,(t9,t10)))))));
Final quartet score is: 7077
Final normalized quartet score is: 0.9922882781828379
Extended species tree:
(t2,((t4,t8)1:4.295015257684257,((t1,(t5,(t3,(t7,(t9,t10)1:4.373658385003369)1:1.604296512933682)1:5.622813412122549)1:2.8462005395830277)1:2.3861718091023105,t6)1:1.1526795099383855));
Weight calculation took 0.546032496 secs
ASTRAL finished in 2.863 secs
