
================== ASTRAL ===================== 

This is ASTRAL version 5.7.8
Gene trees are treated as unrooted
5523 trees read from quartet_temp.txt
index0
All output trees will be *arbitrarily* rooted at t4

======== Running the main analysis
Number of taxa: 10 (10 species)
Taxa: [t4, t5, t1, t2, t3, t6, t8, t10, t9, t7]
Taxon occupancy: {t4=2119, t5=2458, t6=2875, t10=2933, t7=2056, t8=1878, t9=2140, t1=1909, t2=1916, t3=1808}
Number of gene trees: 5523
5523 trees have missing taxa
Calculating quartet distance matrix (for completion of X)
Species tree distances calculated ...
Will attempt to complete bipartitions from X before adding using a distance matrix.
Building set of clusters (X) from gene trees 
------------------------------
gradient0: 59
Number of Clusters after addition by distance: 59
calculating extra bipartitions to be added at level 1 ...
Adding to X using resolutions of greedy consensus ...
Limit for sigma of degrees:300
polytomy size limit : 3
discarded polytomies:  []
Threshold 0.0:
Threshold 0.01:
Threshold 0.02:
Threshold 0.05:
Threshold 0.1:
Threshold 0.2:
Threshold 0.3333333333333333:
max k is :0
Number of Clusters after addition by greedy: 59
gradient0 in heuristiic: 59
calculating all possible bipartitions ...
Number of Clusters After Adding All possible clusters: 1023
partitions formed in 0.389 secs
Dynamic Programming starting after 0.389 secs
Using tree-based weight calculation.
Using polytree-based weight calculation.
Polytree max score: 5523
Polytree building time: 0.031 seconds.
Number of quartet trees in the gene trees: 5523
Size of largest cluster: 10
Greedy score: 5499
estimationFactor: 1.0043644298963448
Sub-optimal score: 5499
Total Number of elements weighted: 1051
Normalized score (portion of input quartet trees satisfied before correcting for multiple individuals): 0.9956545355784899
Optimization score: 5499
Optimal tree inferred in 0.599 secs.
(t5,(t9,(t7,(t4,((t2,t3),(t1,(t8,(t6,t10))))))));
Final quartet score is: 5499
Final normalized quartet score is: 0.9956545355784899
Extended species tree:
(t4,(((t2,t3)1:2.9957322735539913,(t1,(t8,(t6,t10)1:4.759320865815357)1:5.19665371277155)1:3.486355190002461)1:5.993129826427044,(t7,(t9,t5)1:2.573460047129446)1:1.3375041969504584));
Weight calculation took 0.119360638 secs
ASTRAL finished in 0.751 secs
