
================== ASTRAL ===================== 

This is ASTRAL version 5.7.8
Gene trees are treated as unrooted
6062 trees read from quartet_temp.txt
index0
All output trees will be *arbitrarily* rooted at t3

======== Running the main analysis
Number of taxa: 10 (10 species)
Taxa: [t3, t5, t1, t2, t4, t6, t7, t8, t9, t10]
Taxon occupancy: {t4=3016, t5=1938, t6=2507, t10=2064, t7=1851, t8=2450, t9=2512, t1=2691, t2=3129, t3=2090}
Number of gene trees: 6062
6062 trees have missing taxa
Calculating quartet distance matrix (for completion of X)
Species tree distances calculated ...
Will attempt to complete bipartitions from X before adding using a distance matrix.
Building set of clusters (X) from gene trees 
------------------------------
gradient0: 73
Number of Clusters after addition by distance: 73
calculating extra bipartitions to be added at level 1 ...
Adding to X using resolutions of greedy consensus ...
Limit for sigma of degrees:300
polytomy size limit : 3
discarded polytomies:  []
Threshold 0.0:
Threshold 0.01:
Threshold 0.02:
Threshold 0.05:
Threshold 0.1:
Threshold 0.2:
Threshold 0.3333333333333333:
max k is :0
Number of Clusters after addition by greedy: 73
gradient0 in heuristiic: 73
calculating all possible bipartitions ...
Number of Clusters After Adding All possible clusters: 1023
partitions formed in 0.711 secs
Dynamic Programming starting after 0.711 secs
Using tree-based weight calculation.
Using polytree-based weight calculation.
Polytree max score: 6062
Polytree building time: 0.048 seconds.
Number of quartet trees in the gene trees: 6062
Size of largest cluster: 10
Greedy score: 5976
estimationFactor: 1.0143908969210174
Sub-optimal score: 5976
Total Number of elements weighted: 844
Normalized score (portion of input quartet trees satisfied before correcting for multiple individuals): 0.9858132629495217
Optimization score: 5976
Optimal tree inferred in 1.084 secs.
(t5,((t1,(t2,t4)),(t3,(t7,(t6,(t8,(t9,t10)))))));
Final quartet score is: 5976
Final normalized quartet score is: 0.9858132629495217
Extended species tree:
(t3,((t7,(t6,(t8,(t9,t10)1:0.8567766043417472)1:3.006782109740576)1:2.661036236334033)1:1.4599061784631369,((t1,(t2,t4)1:4.820281565605038)1:5.225746673713192,t5)1:1.4148677335639466));
Weight calculation took 0.225796967 secs
ASTRAL finished in 1.425 secs
