
================== ASTRAL ===================== 

This is ASTRAL version 5.7.8
Gene trees are treated as unrooted
3647 trees read from quartet_temp.txt
index0
All output trees will be *arbitrarily* rooted at t5

======== Running the main analysis
Number of taxa: 10 (10 species)
Taxa: [t5, t6, t1, t2, t3, t4, t7, t8, t9, t10]
Taxon occupancy: {t4=1562, t5=1998, t6=1944, t10=1250, t7=1707, t8=1260, t9=1207, t1=1148, t2=1200, t3=1312}
Number of gene trees: 3647
3647 trees have missing taxa
Calculating quartet distance matrix (for completion of X)
Species tree distances calculated ...
Will attempt to complete bipartitions from X before adding using a distance matrix.
Building set of clusters (X) from gene trees 
------------------------------
gradient0: 67
Number of Clusters after addition by distance: 67
calculating extra bipartitions to be added at level 1 ...
Adding to X using resolutions of greedy consensus ...
Limit for sigma of degrees:300
polytomy size limit : 3
discarded polytomies:  []
Threshold 0.0:
Threshold 0.01:
Threshold 0.02:
Threshold 0.05:
Threshold 0.1:
Threshold 0.2:
Threshold 0.3333333333333333:
max k is :0
Number of Clusters after addition by greedy: 67
gradient0 in heuristiic: 67
calculating all possible bipartitions ...
Number of Clusters After Adding All possible clusters: 1023
partitions formed in 0.903 secs
Dynamic Programming starting after 0.903 secs
Using tree-based weight calculation.
Using polytree-based weight calculation.
Polytree max score: 3647
Polytree building time: 0.064 seconds.
Number of quartet trees in the gene trees: 3647
Size of largest cluster: 10
Greedy score: 3556
estimationFactor: 1.0255905511811023
Sub-optimal score: 3556
Total Number of elements weighted: 1012
Normalized score (portion of input quartet trees satisfied before correcting for multiple individuals): 0.9750479846449136
Optimization score: 3556
Optimal tree inferred in 1.393 secs.
(t6,(t5,(t10,((t3,(t4,t7)),((t1,t9),(t2,t8))))));
Final quartet score is: 3556
Final normalized quartet score is: 0.9750479846449136
Extended species tree:
(t5,((t10,((t3,(t4,t7)1:1.524444699600708)1:2.1683208311538698,((t1,t9)1:3.654977902438253,(t2,t8)1:1.306251653446354)1:1.7917594692280545)1:4.941642422609307)1:5.1552165229073665,t6));
Weight calculation took 0.25711326 secs
ASTRAL finished in 1.72 secs
