
================== ASTRAL ===================== 

This is ASTRAL version 5.7.8
Gene trees are treated as unrooted
4304 trees read from quartet_temp.txt
index0
All output trees will be *arbitrarily* rooted at t5

======== Running the main analysis
Number of taxa: 10 (10 species)
Taxa: [t5, t8, t1, t2, t3, t4, t7, t10, t9, t6]
Taxon occupancy: {t4=1995, t5=2104, t10=1769, t6=1882, t7=1198, t8=1964, t9=1604, t1=1609, t2=1683, t3=1408}
Number of gene trees: 4304
4304 trees have missing taxa
Calculating quartet distance matrix (for completion of X)
Species tree distances calculated ...
Will attempt to complete bipartitions from X before adding using a distance matrix.
Building set of clusters (X) from gene trees 
------------------------------
gradient0: 101
Number of Clusters after addition by distance: 101
calculating extra bipartitions to be added at level 1 ...
Adding to X using resolutions of greedy consensus ...
Limit for sigma of degrees:300
polytomy size limit : 3
discarded polytomies:  []
Threshold 0.0:
Threshold 0.01:
Threshold 0.02:
Threshold 0.05:
Threshold 0.1:
Threshold 0.2:
Threshold 0.3333333333333333:
max k is :0
Number of Clusters after addition by greedy: 101
gradient0 in heuristiic: 101
calculating all possible bipartitions ...
Number of Clusters After Adding All possible clusters: 1023
partitions formed in 0.439 secs
Dynamic Programming starting after 0.439 secs
Using tree-based weight calculation.
Using polytree-based weight calculation.
Polytree max score: 4304
Polytree building time: 0.019 seconds.
Number of quartet trees in the gene trees: 4304
Size of largest cluster: 10
Greedy score: 4133
estimationFactor: 1.0413743043793855
Sub-optimal score: 4133
Total Number of elements weighted: 1013
Normalized score (portion of input quartet trees satisfied before correcting for multiple individuals): 0.9602695167286245
Optimization score: 4133
Optimal tree inferred in 0.603 secs.
(t8,(t5,(t9,((t2,(t1,t7)),(t3,(t4,(t10,t6)))))));
Final quartet score is: 4133
Final normalized quartet score is: 0.9602695167286245
Extended species tree:
(t5,((t9,((t2,(t1,t7)0.99:0.4418327522790392)1:2.2629198366016148,(t3,(t4,(t10,t6)1:2.2801122371419864)1:2.257122718917288)1:2.328180640183009)1:1.5905948246326203)1:2.8977518651937877,t8));
Weight calculation took 0.098355447 secs
ASTRAL finished in 0.732 secs
