
================== ASTRAL ===================== 

This is ASTRAL version 5.7.8
Gene trees are treated as unrooted
2844 trees read from quartet_temp.txt
index0
All output trees will be *arbitrarily* rooted at t10

======== Running the main analysis
Number of taxa: 10 (10 species)
Taxa: [t10, t6, t2, t3, t4, t5, t7, t8, t1, t9]
Taxon occupancy: {t4=1023, t5=1164, t10=1198, t6=1263, t7=981, t8=1037, t9=1176, t1=1067, t2=1241, t3=1226}
Number of gene trees: 2844
2844 trees have missing taxa
Calculating quartet distance matrix (for completion of X)
Species tree distances calculated ...
Will attempt to complete bipartitions from X before adding using a distance matrix.
Building set of clusters (X) from gene trees 
------------------------------
gradient0: 79
Number of Clusters after addition by distance: 79
calculating extra bipartitions to be added at level 1 ...
Adding to X using resolutions of greedy consensus ...
Limit for sigma of degrees:300
polytomy size limit : 3
discarded polytomies:  [3]
Threshold 0.0:
Threshold 0.01:
Threshold 0.02:
Threshold 0.05:
Threshold 0.1:
Threshold 0.2:
Threshold 0.3333333333333333:
polytomy of size 3; rounds with additions with at least 5 support: 0; clusters: 79
max k is :0
Number of Clusters after addition by greedy: 79
gradient0 in heuristiic: 79
calculating all possible bipartitions ...
Number of Clusters After Adding All possible clusters: 1023
partitions formed in 0.921 secs
Dynamic Programming starting after 0.921 secs
Using tree-based weight calculation.
Using polytree-based weight calculation.
Polytree max score: 2844
Polytree building time: 0.07 seconds.
Number of quartet trees in the gene trees: 2844
Size of largest cluster: 10
Greedy score: 2700
estimationFactor: 1.0533333333333332
Sub-optimal score: 2700
Total Number of elements weighted: 957
Normalized score (portion of input quartet trees satisfied before correcting for multiple individuals): 0.9493670886075949
Optimization score: 2700
Optimal tree inferred in 1.399 secs.
(t6,(t10,((t8,(t1,t9)),((t5,t7),(t4,(t2,t3))))));
Final quartet score is: 2700
Final normalized quartet score is: 0.9493670886075949
You may want to ignore posterior probabilities and other statistics related to the following branch branch because the effective number of genes impacting it is only 1:
	{t2, t3}
Extended species tree:
(t10,(((t8,(t1,t9)1:2.5776883832389657)1:0.8938178760220965,((t5,t7)1:2.4330815819234153,(t4,(t2,t3)0.67:0.2876820724517809)1:3.6375861597263826)1:1.7411157364092997)1:2.0368819272610392,t6));
Weight calculation took 0.280496938 secs
ASTRAL finished in 1.703 secs
