
================== ASTRAL ===================== 

This is ASTRAL version 5.7.8
Gene trees are treated as unrooted
4428 trees read from quartet_temp.txt
index0
All output trees will be *arbitrarily* rooted at t2

======== Running the main analysis
Number of taxa: 10 (10 species)
Taxa: [t2, t3, t1, t8, t9, t4, t5, t6, t7, t10]
Taxon occupancy: {t4=1799, t5=1633, t6=1140, t10=1455, t7=1492, t8=2380, t9=2528, t1=2003, t2=1713, t3=1569}
Number of gene trees: 4428
4428 trees have missing taxa
Calculating quartet distance matrix (for completion of X)
Species tree distances calculated ...
Will attempt to complete bipartitions from X before adding using a distance matrix.
Building set of clusters (X) from gene trees 
------------------------------
gradient0: 105
Number of Clusters after addition by distance: 105
calculating extra bipartitions to be added at level 1 ...
Adding to X using resolutions of greedy consensus ...
Limit for sigma of degrees:300
polytomy size limit : 3
discarded polytomies:  []
Threshold 0.0:
Threshold 0.01:
Threshold 0.02:
Threshold 0.05:
Threshold 0.1:
Threshold 0.2:
Threshold 0.3333333333333333:
max k is :0
Number of Clusters after addition by greedy: 105
gradient0 in heuristiic: 105
calculating all possible bipartitions ...
Number of Clusters After Adding All possible clusters: 1023
partitions formed in 0.494 secs
Dynamic Programming starting after 0.494 secs
Using tree-based weight calculation.
Using polytree-based weight calculation.
Polytree max score: 4428
Polytree building time: 0.019 seconds.
Number of quartet trees in the gene trees: 4428
Size of largest cluster: 10
Greedy score: 4345
estimationFactor: 1.019102416570771
Sub-optimal score: 4345
Total Number of elements weighted: 834
Normalized score (portion of input quartet trees satisfied before correcting for multiple individuals): 0.9812556458897922
Optimization score: 4345
Optimal tree inferred in 0.641 secs.
(t3,((t5,(t4,t10)),((t1,(t8,t9)),(t6,(t2,t7)))));
Final quartet score is: 4345
Final normalized quartet score is: 0.9812556458897922
Extended species tree:
(t2,(t7,(t6,((t1,(t8,t9)1:2.200069529468451)1:4.2437219632966965,((t5,(t4,t10)1:0.5596157879354228)1:1.7805861686299294,t3)1:3.3011139231051745)1:0.7884573603642704)1:4.373658385003369));
Weight calculation took 0.085194475 secs
ASTRAL finished in 0.772 secs
