
================== ASTRAL ===================== 

This is ASTRAL version 5.7.8
Gene trees are treated as unrooted
6431 trees read from quartet_temp.txt
index0
All output trees will be *arbitrarily* rooted at t10

======== Running the main analysis
Number of taxa: 10 (10 species)
Taxa: [t10, t2, t1, t3, t4, t5, t6, t7, t8, t9]
Taxon occupancy: {t4=3301, t5=2916, t10=2299, t6=2226, t7=2269, t8=2124, t9=2448, t1=2075, t2=3157, t3=2909}
Number of gene trees: 6431
6431 trees have missing taxa
Calculating quartet distance matrix (for completion of X)
Species tree distances calculated ...
Will attempt to complete bipartitions from X before adding using a distance matrix.
Building set of clusters (X) from gene trees 
------------------------------
gradient0: 105
Number of Clusters after addition by distance: 105
calculating extra bipartitions to be added at level 1 ...
Adding to X using resolutions of greedy consensus ...
Limit for sigma of degrees:300
polytomy size limit : 3
discarded polytomies:  []
Threshold 0.0:
Threshold 0.01:
Threshold 0.02:
Threshold 0.05:
Threshold 0.1:
Threshold 0.2:
Threshold 0.3333333333333333:
max k is :0
Number of Clusters after addition by greedy: 105
gradient0 in heuristiic: 105
calculating all possible bipartitions ...
Number of Clusters After Adding All possible clusters: 1023
partitions formed in 0.309 secs
Dynamic Programming starting after 0.309 secs
Using tree-based weight calculation.
Using polytree-based weight calculation.
Polytree max score: 6431
Polytree building time: 0.025 seconds.
Number of quartet trees in the gene trees: 6431
Size of largest cluster: 10
Greedy score: 6252
estimationFactor: 1.028630838131798
Sub-optimal score: 6280
Total Number of elements weighted: 1113
Normalized score (portion of input quartet trees satisfied before correcting for multiple individuals): 0.9765199813403825
Optimization score: 6280
Optimal tree inferred in 0.491 secs.
(t2,(t3,((t4,t5),(t1,((t10,t9),(t7,(t6,t8)))))));
Final quartet score is: 6280
Final normalized quartet score is: 0.9765199813403825
Extended species tree:
(t10,(t9,((t7,(t6,t8)0.52:0.07637297878457397)0.93:0.17520408902509063,(t1,((t4,t5)1:2.6390573296152575,(t3,t2)1:2.6485360735698027)1:4.3040650932041675)1:2.884179787648245)1:1.3375041969504584));
Weight calculation took 0.106244723 secs
ASTRAL finished in 0.632 secs
