
================== ASTRAL ===================== 

This is ASTRAL version 5.7.8
Gene trees are treated as unrooted
4200 trees read from quartet_temp.txt
index0
All output trees will be *arbitrarily* rooted at t3

======== Running the main analysis
Number of taxa: 10 (10 species)
Taxa: [t3, t4, t1, t2, t5, t6, t7, t9, t10, t8]
Taxon occupancy: {t4=1703, t5=1687, t6=1602, t10=1515, t7=1810, t8=1841, t9=1650, t1=1595, t2=1593, t3=1804}
Number of gene trees: 4200
4200 trees have missing taxa
Calculating quartet distance matrix (for completion of X)
Species tree distances calculated ...
Will attempt to complete bipartitions from X before adding using a distance matrix.
Building set of clusters (X) from gene trees 
------------------------------
gradient0: 69
Number of Clusters after addition by distance: 69
calculating extra bipartitions to be added at level 1 ...
Adding to X using resolutions of greedy consensus ...
Limit for sigma of degrees:300
polytomy size limit : 3
discarded polytomies:  []
Threshold 0.0:
Threshold 0.01:
Threshold 0.02:
Threshold 0.05:
Threshold 0.1:
Threshold 0.2:
Threshold 0.3333333333333333:
max k is :0
Number of Clusters after addition by greedy: 69
gradient0 in heuristiic: 69
calculating all possible bipartitions ...
Number of Clusters After Adding All possible clusters: 1023
partitions formed in 0.907 secs
Dynamic Programming starting after 0.908 secs
Using tree-based weight calculation.
Using polytree-based weight calculation.
Polytree max score: 4200
Polytree building time: 0.055 seconds.
Number of quartet trees in the gene trees: 4200
Size of largest cluster: 10
Greedy score: 4138
estimationFactor: 1.0149830836152731
Sub-optimal score: 4138
Total Number of elements weighted: 960
Normalized score (portion of input quartet trees satisfied before correcting for multiple individuals): 0.9852380952380952
Optimization score: 4138
Optimal tree inferred in 1.32 secs.
(t4,(t3,((t2,(t5,(t7,t8))),(t10,(t9,(t1,t6))))));
Final quartet score is: 4138
Final normalized quartet score is: 0.9852380952380952
Extended species tree:
(t3,(((t2,(t5,(t7,t8)1:1.8971199848858815)1:3.6720723357975578)1:3.3046165536563747,(t10,(t9,(t1,t6)0.99:0.5753641449035618)1:3.951243718581431)1:2.4522142881024585)1:2.1491748796945105,t4));
Weight calculation took 0.189477099 secs
ASTRAL finished in 1.673 secs
