
================== ASTRAL ===================== 

This is ASTRAL version 5.7.8
Gene trees are treated as unrooted
5496 trees read from quartet_temp.txt
index0
All output trees will be *arbitrarily* rooted at t3

======== Running the main analysis
Number of taxa: 10 (10 species)
Taxa: [t3, t4, t2, t6, t7, t8, t9, t10, t5, t1]
Taxon occupancy: {t4=3055, t5=2881, t6=1878, t10=1962, t7=2088, t8=2156, t9=1638, t1=1505, t2=1714, t3=3107}
Number of gene trees: 5496
5496 trees have missing taxa
Calculating quartet distance matrix (for completion of X)
Species tree distances calculated ...
Will attempt to complete bipartitions from X before adding using a distance matrix.
Building set of clusters (X) from gene trees 
------------------------------
gradient0: 107
Number of Clusters after addition by distance: 107
calculating extra bipartitions to be added at level 1 ...
Adding to X using resolutions of greedy consensus ...
Limit for sigma of degrees:300
polytomy size limit : 3
discarded polytomies:  []
Threshold 0.0:
Threshold 0.01:
Threshold 0.02:
Threshold 0.05:
Threshold 0.1:
Threshold 0.2:
Threshold 0.3333333333333333:
max k is :0
Number of Clusters after addition by greedy: 107
gradient0 in heuristiic: 107
calculating all possible bipartitions ...
Number of Clusters After Adding All possible clusters: 1023
partitions formed in 0.441 secs
Dynamic Programming starting after 0.441 secs
Using tree-based weight calculation.
Using polytree-based weight calculation.
Polytree max score: 5496
Polytree building time: 0.022 seconds.
Number of quartet trees in the gene trees: 5496
Size of largest cluster: 10
Greedy score: 5268
estimationFactor: 1.0432801822323463
Sub-optimal score: 5268
Total Number of elements weighted: 1281
Normalized score (portion of input quartet trees satisfied before correcting for multiple individuals): 0.9585152838427947
Optimization score: 5268
Optimal tree inferred in 0.677 secs.
(t4,(t3,(t5,(t1,(t9,(t6,((t8,t10),(t2,t7))))))));
Final quartet score is: 5268
Final normalized quartet score is: 0.9585152838427947
Extended species tree:
(t3,((t5,(t1,(t9,(t6,((t8,t10)1:2.448539005617126,(t2,t7)1:1.3668762752627894)1:0.7985076962177715)1:0.4489502200479033)1:0.95265837604503)1:3.3155836289391623)1:2.0794415416798353,t4));
Weight calculation took 0.171717833 secs
ASTRAL finished in 0.802 secs
