
================== ASTRAL ===================== 

This is ASTRAL version 5.7.8
Gene trees are treated as unrooted
6271 trees read from quartet_temp.txt
index0
All output trees will be *arbitrarily* rooted at t2

======== Running the main analysis
Number of taxa: 10 (10 species)
Taxa: [t2, t5, t1, t3, t4, t10, t6, t7, t9, t8]
Taxon occupancy: {t4=3296, t5=2613, t10=3165, t6=1843, t7=2604, t8=2189, t9=2335, t1=2343, t2=2269, t3=2427}
Number of gene trees: 6271
6271 trees have missing taxa
Calculating quartet distance matrix (for completion of X)
Species tree distances calculated ...
Will attempt to complete bipartitions from X before adding using a distance matrix.
Building set of clusters (X) from gene trees 
------------------------------
gradient0: 59
Number of Clusters after addition by distance: 59
calculating extra bipartitions to be added at level 1 ...
Adding to X using resolutions of greedy consensus ...
Limit for sigma of degrees:300
polytomy size limit : 3
discarded polytomies:  []
Threshold 0.0:
Threshold 0.01:
Threshold 0.02:
Threshold 0.05:
Threshold 0.1:
Threshold 0.2:
Threshold 0.3333333333333333:
max k is :0
Number of Clusters after addition by greedy: 59
gradient0 in heuristiic: 59
calculating all possible bipartitions ...
Number of Clusters After Adding All possible clusters: 1023
partitions formed in 1.473 secs
Dynamic Programming starting after 1.473 secs
Using tree-based weight calculation.
Using polytree-based weight calculation.
Polytree max score: 6271
Polytree building time: 0.088 seconds.
Number of quartet trees in the gene trees: 6271
Size of largest cluster: 10
Greedy score: 6180
estimationFactor: 1.0147249190938512
Sub-optimal score: 6180
Total Number of elements weighted: 1003
Normalized score (portion of input quartet trees satisfied before correcting for multiple individuals): 0.9854887577738798
Optimization score: 6180
Optimal tree inferred in 2.41 secs.
(t5,(t7,((t9,t8),(t6,(t2,(t1,(t3,(t4,t10))))))));
Final quartet score is: 6180
Final normalized quartet score is: 0.9854887577738798
Extended species tree:
(t2,((t1,(t3,(t4,t10)1:2.4277482359480516)1:4.927253685157201)1:5.405675884868547,(t6,((t9,t8)1:0.7592869830644902,(t7,t5)1:2.302585092994046)1:2.1812242359897778)1:1.5252932359265465));
Weight calculation took 0.637502197 secs
ASTRAL finished in 2.798 secs
