
================== ASTRAL ===================== 

This is ASTRAL version 5.7.8
Gene trees are treated as unrooted
6920 trees read from quartet_temp.txt
index0
All output trees will be *arbitrarily* rooted at t3

======== Running the main analysis
Number of taxa: 10 (10 species)
Taxa: [t3, t7, t1, t2, t5, t6, t9, t10, t4, t8]
Taxon occupancy: {t4=3183, t5=2069, t6=2936, t10=3426, t7=3066, t8=3055, t9=3365, t1=1916, t2=2208, t3=2456}
Number of gene trees: 6920
6920 trees have missing taxa
Calculating quartet distance matrix (for completion of X)
Species tree distances calculated ...
Will attempt to complete bipartitions from X before adding using a distance matrix.
Building set of clusters (X) from gene trees 
------------------------------
gradient0: 63
Number of Clusters after addition by distance: 63
calculating extra bipartitions to be added at level 1 ...
Adding to X using resolutions of greedy consensus ...
Limit for sigma of degrees:300
polytomy size limit : 3
discarded polytomies:  []
Threshold 0.0:
Threshold 0.01:
Threshold 0.02:
Threshold 0.05:
Threshold 0.1:
Threshold 0.2:
Threshold 0.3333333333333333:
max k is :0
Number of Clusters after addition by greedy: 63
gradient0 in heuristiic: 63
calculating all possible bipartitions ...
Number of Clusters After Adding All possible clusters: 1023
partitions formed in 0.375 secs
Dynamic Programming starting after 0.375 secs
Using tree-based weight calculation.
Using polytree-based weight calculation.
Polytree max score: 6920
Polytree building time: 0.022 seconds.
Number of quartet trees in the gene trees: 6920
Size of largest cluster: 10
Greedy score: 6858
estimationFactor: 1.0090405365995918
Sub-optimal score: 6858
Total Number of elements weighted: 904
Normalized score (portion of input quartet trees satisfied before correcting for multiple individuals): 0.9910404624277457
Optimization score: 6858
Optimal tree inferred in 0.599 secs.
(t7,((t9,t10),(t3,(t5,(t1,(t6,(t2,(t4,t8))))))));
Final quartet score is: 6858
Final normalized quartet score is: 0.9910404624277457
Extended species tree:
(t3,((t5,(t1,(t6,(t2,(t4,t8)1:2.920769235080537)0.77:0.14884562759756503)1:1.949079723816593)1:4.611814728706755)1:5.494432245474331,((t9,t10)1:4.529008825022534,t7)1:4.001254139156088));
Weight calculation took 0.159795078 secs
ASTRAL finished in 0.737 secs
