
================== ASTRAL ===================== 

This is ASTRAL version 5.7.8
Gene trees are treated as unrooted
5801 trees read from quartet_temp.txt
index0
All output trees will be *arbitrarily* rooted at t2

======== Running the main analysis
Number of taxa: 10 (10 species)
Taxa: [t2, t3, t1, t5, t6, t9, t10, t8, t4, t7]
Taxon occupancy: {t4=1791, t5=2196, t6=2047, t10=2307, t7=1758, t8=2957, t9=2166, t1=2152, t2=2595, t3=3235}
Number of gene trees: 5801
5801 trees have missing taxa
Calculating quartet distance matrix (for completion of X)
Species tree distances calculated ...
Will attempt to complete bipartitions from X before adding using a distance matrix.
Building set of clusters (X) from gene trees 
------------------------------
gradient0: 67
Number of Clusters after addition by distance: 67
calculating extra bipartitions to be added at level 1 ...
Adding to X using resolutions of greedy consensus ...
Limit for sigma of degrees:300
polytomy size limit : 3
discarded polytomies:  []
Threshold 0.0:
Threshold 0.01:
Threshold 0.02:
Threshold 0.05:
Threshold 0.1:
Threshold 0.2:
Threshold 0.3333333333333333:
max k is :0
Number of Clusters after addition by greedy: 67
gradient0 in heuristiic: 67
calculating all possible bipartitions ...
Number of Clusters After Adding All possible clusters: 1023
partitions formed in 1.475 secs
Dynamic Programming starting after 1.475 secs
Using tree-based weight calculation.
Using polytree-based weight calculation.
Polytree max score: 5801
Polytree building time: 0.083 seconds.
Number of quartet trees in the gene trees: 5801
Size of largest cluster: 10
Greedy score: 5743
estimationFactor: 1.0100992512624065
Sub-optimal score: 5743
Total Number of elements weighted: 1051
Normalized score (portion of input quartet trees satisfied before correcting for multiple individuals): 0.9900017238407172
Optimization score: 5743
Optimal tree inferred in 1.967 secs.
(t3,(t8,(t2,(t4,((t1,t10),(t7,(t6,(t5,t9))))))));
Final quartet score is: 5743
Final normalized quartet score is: 0.9900017238407172
Extended species tree:
(t2,((t4,((t1,t10)1:3.5982250858458036,(t7,(t6,(t5,t9)0.33:0.0)1:1.55814461804655)1:2.6855773452501523)1:5.897153867636744)1:3.6805112044434165,(t8,t3)1:4.663439094112068));
Weight calculation took 0.212730267 secs
ASTRAL finished in 2.358 secs
