
================== ASTRAL ===================== 

This is ASTRAL version 5.7.8
Gene trees are treated as unrooted
2998 trees read from quartet_temp.txt
index0
All output trees will be *arbitrarily* rooted at t10

======== Running the main analysis
Number of taxa: 10 (10 species)
Taxa: [t10, t6, t2, t3, t4, t5, t7, t8, t1, t9]
Taxon occupancy: {t4=1071, t5=1203, t10=1365, t6=1450, t7=1085, t8=939, t9=1271, t1=1129, t2=1246, t3=1233}
Number of gene trees: 2998
2998 trees have missing taxa
Calculating quartet distance matrix (for completion of X)
Species tree distances calculated ...
Will attempt to complete bipartitions from X before adding using a distance matrix.
Building set of clusters (X) from gene trees 
------------------------------
gradient0: 95
Number of Clusters after addition by distance: 95
calculating extra bipartitions to be added at level 1 ...
Adding to X using resolutions of greedy consensus ...
Limit for sigma of degrees:300
polytomy size limit : 3
discarded polytomies:  []
Threshold 0.0:
Threshold 0.01:
Threshold 0.02:
Threshold 0.05:
Threshold 0.1:
Threshold 0.2:
Threshold 0.3333333333333333:
max k is :0
Number of Clusters after addition by greedy: 95
gradient0 in heuristiic: 95
calculating all possible bipartitions ...
Number of Clusters After Adding All possible clusters: 1023
partitions formed in 0.341 secs
Dynamic Programming starting after 0.341 secs
Using tree-based weight calculation.
Using polytree-based weight calculation.
Polytree max score: 2998
Polytree building time: 0.016 seconds.
Number of quartet trees in the gene trees: 2998
Size of largest cluster: 10
Greedy score: 2840
estimationFactor: 1.0556338028169014
Sub-optimal score: 2840
Total Number of elements weighted: 1020
Normalized score (portion of input quartet trees satisfied before correcting for multiple individuals): 0.9472981987991995
Optimization score: 2840
Optimal tree inferred in 0.489 secs.
(t6,(t10,((t8,(t1,t9)),((t5,t7),(t4,(t2,t3))))));
Final quartet score is: 2840
Final normalized quartet score is: 0.9472981987991995
You may want to ignore posterior probabilities and other statistics related to the following branch branch because the effective number of genes impacting it is only 12:
	{t2, t3}
Extended species tree:
(t10,(((t8,(t1,t9)1:3.884994333040223)1:2.5283917617277387,((t5,t7)1:1.7147984280919268,(t4,(t2,t3)1:2.159484249353373)1:2.3727893516672944)1:1.2232306209303505)1:2.5143824679209534,t6));
Weight calculation took 0.08861231 secs
ASTRAL finished in 0.615 secs
