
================== ASTRAL ===================== 

This is ASTRAL version 5.7.8
Gene trees are treated as unrooted
6386 trees read from quartet_temp.txt
index0
All output trees will be *arbitrarily* rooted at t8

======== Running the main analysis
Number of taxa: 10 (10 species)
Taxa: [t8, t9, t1, t2, t3, t4, t5, t6, t7, t10]
Taxon occupancy: {t4=2589, t5=2741, t6=2465, t10=2597, t7=2286, t8=2277, t9=2627, t1=3037, t2=2969, t3=1956}
Number of gene trees: 6386
6386 trees have missing taxa
Calculating quartet distance matrix (for completion of X)
Species tree distances calculated ...
Will attempt to complete bipartitions from X before adding using a distance matrix.
Building set of clusters (X) from gene trees 
------------------------------
gradient0: 83
Number of Clusters after addition by distance: 83
calculating extra bipartitions to be added at level 1 ...
Adding to X using resolutions of greedy consensus ...
Limit for sigma of degrees:300
polytomy size limit : 3
discarded polytomies:  []
Threshold 0.0:
Threshold 0.01:
Threshold 0.02:
Threshold 0.05:
Threshold 0.1:
Threshold 0.2:
Threshold 0.3333333333333333:
max k is :0
Number of Clusters after addition by greedy: 83
gradient0 in heuristiic: 83
calculating all possible bipartitions ...
Number of Clusters After Adding All possible clusters: 1023
partitions formed in 1.493 secs
Dynamic Programming starting after 1.493 secs
Using tree-based weight calculation.
Using polytree-based weight calculation.
Polytree max score: 6386
Polytree building time: 0.12 seconds.
Number of quartet trees in the gene trees: 6386
Size of largest cluster: 10
Greedy score: 6153
estimationFactor: 1.0378677068096864
Sub-optimal score: 6153
Total Number of elements weighted: 1621
Normalized score (portion of input quartet trees satisfied before correcting for multiple individuals): 0.9635139367366113
Optimization score: 6153
Optimal tree inferred in 2.632 secs.
(t9,(t10,(t8,((t4,t7),(t3,((t1,t5),(t2,t6)))))));
Final quartet score is: 6153
Final normalized quartet score is: 0.9635139367366113
Extended species tree:
(t8,(((t4,t7)1:0.3778331694460785,(t3,((t1,t5)1:1.374318170073175,(t2,t6)1:1.7117167615545188)1:3.486355190002461)1:2.227783879911347)1:1.087209656570298,(t10,t9)1:0.8556661100577202));
Weight calculation took 0.816608546 secs
ASTRAL finished in 3.037 secs
