
================== ASTRAL ===================== 

This is ASTRAL version 5.7.8
Gene trees are treated as unrooted
5701 trees read from quartet_temp.txt
index0
All output trees will be *arbitrarily* rooted at t4

======== Running the main analysis
Number of taxa: 10 (10 species)
Taxa: [t4, t8, t1, t2, t3, t5, t6, t7, t9, t10]
Taxon occupancy: {t4=2042, t5=1970, t6=2175, t10=2357, t7=2086, t8=1786, t9=2409, t1=2081, t2=2965, t3=2933}
Number of gene trees: 5701
5701 trees have missing taxa
Calculating quartet distance matrix (for completion of X)
Species tree distances calculated ...
Will attempt to complete bipartitions from X before adding using a distance matrix.
Building set of clusters (X) from gene trees 
------------------------------
gradient0: 65
Number of Clusters after addition by distance: 65
calculating extra bipartitions to be added at level 1 ...
Adding to X using resolutions of greedy consensus ...
Limit for sigma of degrees:300
polytomy size limit : 3
discarded polytomies:  []
Threshold 0.0:
Threshold 0.01:
Threshold 0.02:
Threshold 0.05:
Threshold 0.1:
Threshold 0.2:
Threshold 0.3333333333333333:
max k is :0
Number of Clusters after addition by greedy: 65
gradient0 in heuristiic: 65
calculating all possible bipartitions ...
Number of Clusters After Adding All possible clusters: 1023
partitions formed in 0.471 secs
Dynamic Programming starting after 0.471 secs
Using tree-based weight calculation.
Using polytree-based weight calculation.
Polytree max score: 5701
Polytree building time: 0.021 seconds.
Number of quartet trees in the gene trees: 5701
Size of largest cluster: 10
Greedy score: 5574
estimationFactor: 1.022784355938285
Sub-optimal score: 5574
Total Number of elements weighted: 957
Normalized score (portion of input quartet trees satisfied before correcting for multiple individuals): 0.9777232064550079
Optimization score: 5574
Optimal tree inferred in 0.63 secs.
(t8,(t4,((t1,(t2,t3)),((t9,t10),(t5,(t6,t7))))));
Final quartet score is: 5574
Final normalized quartet score is: 0.9777232064550079
Extended species tree:
(t4,(((t1,(t2,t3)1:5.192956850890224)1:5.578471172579039,((t9,t10)1:3.4740347056144194,(t5,(t6,t7)1:1.7824570765657413)1:1.3809035124850144)1:1.3397743454849975)1:3.289644895756406,t8));
Weight calculation took 0.092997204 secs
ASTRAL finished in 0.765 secs
