
================== ASTRAL ===================== 

This is ASTRAL version 5.7.8
Gene trees are treated as unrooted
2697 trees read from quartet_temp.txt
index0
All output trees will be *arbitrarily* rooted at t6

======== Running the main analysis
Number of taxa: 10 (10 species)
Taxa: [t6, t7, t1, t2, t3, t4, t5, t8, t9, t10]
Taxon occupancy: {t4=1045, t5=1043, t6=1359, t10=1023, t7=1347, t8=797, t9=828, t1=1190, t2=1242, t3=914}
Number of gene trees: 2697
2697 trees have missing taxa
Calculating quartet distance matrix (for completion of X)
Species tree distances calculated ...
Will attempt to complete bipartitions from X before adding using a distance matrix.
Building set of clusters (X) from gene trees 
------------------------------
gradient0: 77
Number of Clusters after addition by distance: 77
calculating extra bipartitions to be added at level 1 ...
Adding to X using resolutions of greedy consensus ...
Limit for sigma of degrees:300
polytomy size limit : 3
discarded polytomies:  []
Threshold 0.0:
Threshold 0.01:
Threshold 0.02:
Threshold 0.05:
Threshold 0.1:
Threshold 0.2:
Threshold 0.3333333333333333:
max k is :0
Number of Clusters after addition by greedy: 77
gradient0 in heuristiic: 77
calculating all possible bipartitions ...
Number of Clusters After Adding All possible clusters: 1023
partitions formed in 0.248 secs
Dynamic Programming starting after 0.248 secs
Using tree-based weight calculation.
Using polytree-based weight calculation.
Polytree max score: 2697
Polytree building time: 0.013 seconds.
Number of quartet trees in the gene trees: 2697
Size of largest cluster: 10
Greedy score: 2583
estimationFactor: 1.0441347270615564
Sub-optimal score: 2583
Total Number of elements weighted: 1128
Normalized score (portion of input quartet trees satisfied before correcting for multiple individuals): 0.9577308120133482
Optimization score: 2583
Optimal tree inferred in 0.376 secs.
(t7,(t6,((t9,t10),(t3,(t8,((t1,t4),(t2,t5)))))));
Final quartet score is: 2583
Final normalized quartet score is: 0.9577308120133482
Extended species tree:
(t6,(((t9,t10)1:1.2039728043259361,(t3,(t8,((t1,t4)1:1.8253760800270402,(t2,t5)1:2.3092296357127142)1:0.7537718023763802)1:1.783175725536664)1:1.1463436914892997)1:2.150900505661981,t7));
Weight calculation took 0.082603998 secs
ASTRAL finished in 0.463 secs
