
================== ASTRAL ===================== 

This is ASTRAL version 5.7.8
Gene trees are treated as unrooted
2615 trees read from quartet_temp.txt
index0
All output trees will be *arbitrarily* rooted at t2

======== Running the main analysis
Number of taxa: 10 (10 species)
Taxa: [t2, t3, t1, t4, t5, t6, t7, t8, t9, t10]
Taxon occupancy: {t4=1187, t5=1060, t6=1194, t10=930, t7=1276, t8=720, t9=901, t1=1206, t2=1162, t3=824}
Number of gene trees: 2615
2615 trees have missing taxa
Calculating quartet distance matrix (for completion of X)
Species tree distances calculated ...
Will attempt to complete bipartitions from X before adding using a distance matrix.
Building set of clusters (X) from gene trees 
------------------------------
gradient0: 121
Number of Clusters after addition by distance: 121
calculating extra bipartitions to be added at level 1 ...
Adding to X using resolutions of greedy consensus ...
Limit for sigma of degrees:300
polytomy size limit : 3
discarded polytomies:  []
Threshold 0.0:
Threshold 0.01:
Threshold 0.02:
Threshold 0.05:
Threshold 0.1:
Threshold 0.2:
Threshold 0.3333333333333333:
max k is :0
Number of Clusters after addition by greedy: 121
gradient0 in heuristiic: 121
calculating all possible bipartitions ...
Number of Clusters After Adding All possible clusters: 1023
partitions formed in 0.243 secs
Dynamic Programming starting after 0.243 secs
Using tree-based weight calculation.
Using polytree-based weight calculation.
Polytree max score: 2615
Polytree building time: 0.018 seconds.
Number of quartet trees in the gene trees: 2615
Size of largest cluster: 10
Greedy score: 2436
estimationFactor: 1.0734811165845648
Sub-optimal score: 2458
Total Number of elements weighted: 1514
Normalized score (portion of input quartet trees satisfied before correcting for multiple individuals): 0.939961759082218
Optimization score: 2458
Optimal tree inferred in 0.403 secs.
(t3,((t9,(t10,(t6,t7))),((t1,t4),(t8,(t2,t5)))));
Final quartet score is: 2458
Final normalized quartet score is: 0.939961759082218
Extended species tree:
(t2,(t5,(t8,((t1,t4)1:2.4798433478314545,((t9,(t10,(t6,t7)1:1.5187835441659692)0.96:0.2876820724517809)1:0.7137664677626809,t3)1:2.538973871058275)1:0.41551544396166595)1:2.1202635362000914));
Weight calculation took 0.09933316 secs
ASTRAL finished in 0.49 secs
