
================== ASTRAL ===================== 

This is ASTRAL version 5.7.8
Gene trees are treated as unrooted
5433 trees read from quartet_temp.txt
index0
All output trees will be *arbitrarily* rooted at t5

======== Running the main analysis
Number of taxa: 10 (10 species)
Taxa: [t5, t6, t1, t2, t3, t4, t8, t7, t9, t10]
Taxon occupancy: {t4=1884, t5=2117, t6=2244, t10=1726, t7=2236, t8=2036, t9=2062, t1=2458, t2=2441, t3=2528}
Number of gene trees: 5433
5433 trees have missing taxa
Calculating quartet distance matrix (for completion of X)
Species tree distances calculated ...
Will attempt to complete bipartitions from X before adding using a distance matrix.
Building set of clusters (X) from gene trees 
------------------------------
gradient0: 85
Number of Clusters after addition by distance: 85
calculating extra bipartitions to be added at level 1 ...
Adding to X using resolutions of greedy consensus ...
Limit for sigma of degrees:300
polytomy size limit : 3
discarded polytomies:  []
Threshold 0.0:
Threshold 0.01:
Threshold 0.02:
Threshold 0.05:
Threshold 0.1:
Threshold 0.2:
Threshold 0.3333333333333333:
max k is :0
Number of Clusters after addition by greedy: 85
gradient0 in heuristiic: 85
calculating all possible bipartitions ...
Number of Clusters After Adding All possible clusters: 1023
partitions formed in 0.367 secs
Dynamic Programming starting after 0.367 secs
Using tree-based weight calculation.
Using polytree-based weight calculation.
Polytree max score: 5433
Polytree building time: 0.02 seconds.
Number of quartet trees in the gene trees: 5433
Size of largest cluster: 10
Greedy score: 5197
estimationFactor: 1.045410813931114
Sub-optimal score: 5197
Total Number of elements weighted: 1501
Normalized score (portion of input quartet trees satisfied before correcting for multiple individuals): 0.9565617522547396
Optimization score: 5197
Optimal tree inferred in 0.606 secs.
(t6,(t7,((t5,(t9,t10)),(t4,((t3,t8),(t1,t2))))));
Final quartet score is: 5197
Final normalized quartet score is: 0.9565617522547396
Extended species tree:
(t5,((t9,t10)1:2.202501634437063,((t4,((t3,t8)1:2.241497401014208,(t1,t2)1:2.010448670192884)1:2.434644815007112)1:1.685627050791647,(t7,t6)1:1.4082732678386662)1:0.9715268603494126));
Weight calculation took 0.167992959 secs
ASTRAL finished in 0.738 secs
