
================== ASTRAL ===================== 

This is ASTRAL version 5.7.8
Gene trees are treated as unrooted
8015 trees read from quartet_temp.txt
index0
All output trees will be *arbitrarily* rooted at t7

======== Running the main analysis
Number of taxa: 10 (10 species)
Taxa: [t7, t8, t1, t2, t3, t4, t5, t6, t9, t10]
Taxon occupancy: {t4=2783, t5=2556, t6=2714, t10=4023, t7=3089, t8=3095, t9=3694, t1=3336, t2=2863, t3=3907}
Number of gene trees: 8015
8015 trees have missing taxa
Calculating quartet distance matrix (for completion of X)
Species tree distances calculated ...
Will attempt to complete bipartitions from X before adding using a distance matrix.
Building set of clusters (X) from gene trees 
------------------------------
gradient0: 89
Number of Clusters after addition by distance: 89
calculating extra bipartitions to be added at level 1 ...
Adding to X using resolutions of greedy consensus ...
Limit for sigma of degrees:300
polytomy size limit : 3
discarded polytomies:  []
Threshold 0.0:
Threshold 0.01:
Threshold 0.02:
Threshold 0.05:
Threshold 0.1:
Threshold 0.2:
Threshold 0.3333333333333333:
max k is :0
Number of Clusters after addition by greedy: 89
gradient0 in heuristiic: 89
calculating all possible bipartitions ...
Number of Clusters After Adding All possible clusters: 1023
partitions formed in 0.45 secs
Dynamic Programming starting after 0.45 secs
Using tree-based weight calculation.
Using polytree-based weight calculation.
Polytree max score: 8015
Polytree building time: 0.027 seconds.
Number of quartet trees in the gene trees: 8015
Size of largest cluster: 10
Greedy score: 7907
estimationFactor: 1.0136587833565196
Sub-optimal score: 7907
Total Number of elements weighted: 960
Normalized score (portion of input quartet trees satisfied before correcting for multiple individuals): 0.9865252651278852
Optimization score: 7907
Optimal tree inferred in 0.69 secs.
(t8,(t7,((t2,(t6,(t4,t5))),(t1,(t3,(t9,t10))))));
Final quartet score is: 7907
Final normalized quartet score is: 0.9865252651278852
You may want to ignore posterior probabilities and other statistics related to the following branch branch because the effective number of genes impacting it is only 12:
	{t4, t5}
Extended species tree:
(t7,(((t2,(t6,(t4,t5)0.99:0.7731898882334817)1:1.3862943611198908)1:1.9240274378058053,(t1,(t3,(t9,t10)1:2.525728644308255)1:2.6288008294480685)1:3.7432562249920114)1:3.4207579075166485,t8));
Weight calculation took 0.164286292 secs
ASTRAL finished in 0.843 secs
