
================== ASTRAL ===================== 

This is ASTRAL version 5.7.8
Gene trees are treated as unrooted
5452 trees read from quartet_temp.txt
index0
All output trees will be *arbitrarily* rooted at t2

======== Running the main analysis
Number of taxa: 10 (10 species)
Taxa: [t2, t6, t1, t3, t4, t5, t7, t8, t9, t10]
Taxon occupancy: {t4=2877, t5=2659, t6=1953, t10=1950, t7=2172, t8=2072, t9=1807, t1=1486, t2=1886, t3=2946}
Number of gene trees: 5452
5452 trees have missing taxa
Calculating quartet distance matrix (for completion of X)
Species tree distances calculated ...
Will attempt to complete bipartitions from X before adding using a distance matrix.
Building set of clusters (X) from gene trees 
------------------------------
gradient0: 133
Number of Clusters after addition by distance: 133
calculating extra bipartitions to be added at level 1 ...
Adding to X using resolutions of greedy consensus ...
Limit for sigma of degrees:300
polytomy size limit : 3
discarded polytomies:  []
Threshold 0.0:
Threshold 0.01:
Threshold 0.02:
Threshold 0.05:
Threshold 0.1:
Threshold 0.2:
Threshold 0.3333333333333333:
max k is :0
Number of Clusters after addition by greedy: 133
gradient0 in heuristiic: 133
calculating all possible bipartitions ...
Number of Clusters After Adding All possible clusters: 1023
partitions formed in 0.278 secs
Dynamic Programming starting after 0.278 secs
Using tree-based weight calculation.
Using polytree-based weight calculation.
Polytree max score: 5452
Polytree building time: 0.022 seconds.
Number of quartet trees in the gene trees: 5452
Size of largest cluster: 10
Greedy score: 4756
estimationFactor: 1.146341463414634
Sub-optimal score: 4892
Total Number of elements weighted: 3720
Normalized score (portion of input quartet trees satisfied before correcting for multiple individuals): 0.9016874541452677
Optimization score: 4916
Optimal tree inferred in 0.601 secs.
(t6,(t9,(((t8,t10),(t2,t7)),(t1,(t5,(t3,t4))))));
Final quartet score is: 4916
Final normalized quartet score is: 0.9016874541452677
Extended species tree:
(t2,(t7,((t8,t10)1:1.3408319870431333,((t1,(t5,(t3,t4)1:1.8382794848629478)1:2.38447225246623)1:1.086636097621394,(t9,t6)0.96:0.13633644355213137)1:0.30138091680994283)1:1.0423871460111598));
Weight calculation took 0.256540666 secs
ASTRAL finished in 0.725 secs
