
================== ASTRAL ===================== 

This is ASTRAL version 5.7.8
Gene trees are treated as unrooted
4663 trees read from quartet_temp.txt
index0
All output trees will be *arbitrarily* rooted at t5

======== Running the main analysis
Number of taxa: 10 (10 species)
Taxa: [t5, t8, t1, t2, t3, t4, t6, t7, t9, t10]
Taxon occupancy: {t4=2089, t5=2543, t6=2076, t10=1889, t7=1070, t8=2357, t9=1650, t1=1565, t2=1865, t3=1548}
Number of gene trees: 4663
4663 trees have missing taxa
Calculating quartet distance matrix (for completion of X)
Species tree distances calculated ...
Will attempt to complete bipartitions from X before adding using a distance matrix.
Building set of clusters (X) from gene trees 
------------------------------
gradient0: 87
Number of Clusters after addition by distance: 87
calculating extra bipartitions to be added at level 1 ...
Adding to X using resolutions of greedy consensus ...
Limit for sigma of degrees:300
polytomy size limit : 3
discarded polytomies:  []
Threshold 0.0:
Threshold 0.01:
Threshold 0.02:
Threshold 0.05:
Threshold 0.1:
Threshold 0.2:
Threshold 0.3333333333333333:
max k is :0
Number of Clusters after addition by greedy: 87
gradient0 in heuristiic: 87
calculating all possible bipartitions ...
Number of Clusters After Adding All possible clusters: 1023
partitions formed in 1.24 secs
Dynamic Programming starting after 1.24 secs
Using tree-based weight calculation.
Using polytree-based weight calculation.
Polytree max score: 4663
Polytree building time: 0.07 seconds.
Number of quartet trees in the gene trees: 4663
Size of largest cluster: 10
Greedy score: 4494
estimationFactor: 1.037605696484201
Sub-optimal score: 4526
Total Number of elements weighted: 1069
Normalized score (portion of input quartet trees satisfied before correcting for multiple individuals): 0.9706197726785332
Optimization score: 4526
Optimal tree inferred in 1.784 secs.
(t8,(t5,(t9,((t7,(t1,t2)),(t3,(t4,(t6,t10)))))));
Final quartet score is: 4526
Final normalized quartet score is: 0.9706197726785332
Extended species tree:
(t5,((t9,((t7,(t1,t2)1:1.1420974006078486)1:0.6097655716208941,(t3,(t4,(t6,t10)1:1.7564201027827466)1:1.8281271133989303)1:2.0959708436310467)1:5.634789603169253)1:4.825643508746419,t8));
Weight calculation took 0.297670982 secs
ASTRAL finished in 2.17 secs
