
================== ASTRAL ===================== 

This is ASTRAL version 5.7.8
Gene trees are treated as unrooted
5237 trees read from quartet_temp.txt
index0
All output trees will be *arbitrarily* rooted at t10

======== Running the main analysis
Number of taxa: 10 (10 species)
Taxa: [t10, t6, t2, t3, t4, t5, t7, t8, t9, t1]
Taxon occupancy: {t4=2020, t5=2123, t10=2961, t6=2998, t7=1708, t8=1666, t9=1641, t1=2059, t2=1694, t3=2078}
Number of gene trees: 5237
5237 trees have missing taxa
Calculating quartet distance matrix (for completion of X)
Species tree distances calculated ...
Will attempt to complete bipartitions from X before adding using a distance matrix.
Building set of clusters (X) from gene trees 
------------------------------
gradient0: 117
Number of Clusters after addition by distance: 117
calculating extra bipartitions to be added at level 1 ...
Adding to X using resolutions of greedy consensus ...
Limit for sigma of degrees:300
polytomy size limit : 3
discarded polytomies:  []
Threshold 0.0:
Threshold 0.01:
Threshold 0.02:
Threshold 0.05:
Threshold 0.1:
Threshold 0.2:
Threshold 0.3333333333333333:
max k is :0
Number of Clusters after addition by greedy: 117
gradient0 in heuristiic: 117
calculating all possible bipartitions ...
Number of Clusters After Adding All possible clusters: 1023
partitions formed in 0.412 secs
Dynamic Programming starting after 0.412 secs
Using tree-based weight calculation.
Using polytree-based weight calculation.
Polytree max score: 5237
Polytree building time: 0.03 seconds.
Number of quartet trees in the gene trees: 5237
Size of largest cluster: 10
Greedy score: 4828
estimationFactor: 1.0847141673570837
Sub-optimal score: 4918
Total Number of elements weighted: 1517
Normalized score (portion of input quartet trees satisfied before correcting for multiple individuals): 0.9390872637005919
Optimization score: 4918
Optimal tree inferred in 0.64 secs.
(t6,(t10,(t1,((t5,(t3,t4)),((t8,t9),(t2,t7))))));
Final quartet score is: 4918
Final normalized quartet score is: 0.9390872637005919
Extended species tree:
(t10,((t1,((t5,(t3,t4)1:1.7517541346143557)1:1.3671733196731122,((t8,t9)1:0.7054172731517597,(t2,t7)1:0.6855425811747261)1:0.2522801454008649)1:4.491130136610538)1:2.8810693652338513,t6));
Weight calculation took 0.148902888 secs
ASTRAL finished in 0.791 secs
