
================== ASTRAL ===================== 

This is ASTRAL version 5.7.8
Gene trees are treated as unrooted
4484 trees read from quartet_temp.txt
index0
All output trees will be *arbitrarily* rooted at t6

======== Running the main analysis
Number of taxa: 10 (10 species)
Taxa: [t6, t8, t2, t4, t9, t10, t3, t5, t7, t1]
Taxon occupancy: {t4=1746, t5=1497, t6=1654, t10=1752, t7=1647, t8=2023, t9=2213, t1=1586, t2=2125, t3=1693}
Number of gene trees: 4484
4484 trees have missing taxa
Calculating quartet distance matrix (for completion of X)
Species tree distances calculated ...
Will attempt to complete bipartitions from X before adding using a distance matrix.
Building set of clusters (X) from gene trees 
------------------------------
gradient0: 103
Number of Clusters after addition by distance: 103
calculating extra bipartitions to be added at level 1 ...
Adding to X using resolutions of greedy consensus ...
Limit for sigma of degrees:300
polytomy size limit : 3
discarded polytomies:  []
Threshold 0.0:
Threshold 0.01:
Threshold 0.02:
Threshold 0.05:
Threshold 0.1:
Threshold 0.2:
Threshold 0.3333333333333333:
max k is :0
Number of Clusters after addition by greedy: 103
gradient0 in heuristiic: 103
calculating all possible bipartitions ...
Number of Clusters After Adding All possible clusters: 1023
partitions formed in 0.291 secs
Dynamic Programming starting after 0.291 secs
Using tree-based weight calculation.
Using polytree-based weight calculation.
Polytree max score: 4484
Polytree building time: 0.018 seconds.
Number of quartet trees in the gene trees: 4484
Size of largest cluster: 10
Greedy score: 4207
estimationFactor: 1.0658426432136914
Sub-optimal score: 4207
Total Number of elements weighted: 1845
Normalized score (portion of input quartet trees satisfied before correcting for multiple individuals): 0.9409009812667262
Optimization score: 4219
Optimal tree inferred in 0.493 secs.
(t8,((t10,t1),(t7,(t6,(t4,(t3,(t5,(t2,t9))))))));
Final quartet score is: 4219
Final normalized quartet score is: 0.9409009812667262
Extended species tree:
(t6,((t4,(t3,(t5,(t2,t9)1:4.936869143856641)1:1.3862943611198908)1:0.7410032017375803)1:1.8164520818184262,(t7,((t10,t1)1:0.6931471805599453,t8)1:1.8600787132055325)1:0.34484048629172964));
Weight calculation took 0.143405013 secs
ASTRAL finished in 0.6 secs
