
================== ASTRAL ===================== 

This is ASTRAL version 5.7.8
Gene trees are treated as unrooted
5412 trees read from quartet_temp.txt
index0
All output trees will be *arbitrarily* rooted at t2

======== Running the main analysis
Number of taxa: 10 (10 species)
Taxa: [t2, t3, t1, t5, t4, t7, t8, t9, t10, t6]
Taxon occupancy: {t4=2081, t5=2120, t10=2431, t6=2156, t7=1581, t8=2177, t9=2280, t1=2664, t2=2551, t3=1607}
Number of gene trees: 5412
5412 trees have missing taxa
Calculating quartet distance matrix (for completion of X)
Species tree distances calculated ...
Will attempt to complete bipartitions from X before adding using a distance matrix.
Building set of clusters (X) from gene trees 
------------------------------
gradient0: 75
Number of Clusters after addition by distance: 75
calculating extra bipartitions to be added at level 1 ...
Adding to X using resolutions of greedy consensus ...
Limit for sigma of degrees:300
polytomy size limit : 3
discarded polytomies:  []
Threshold 0.0:
Threshold 0.01:
Threshold 0.02:
Threshold 0.05:
Threshold 0.1:
Threshold 0.2:
Threshold 0.3333333333333333:
max k is :0
Number of Clusters after addition by greedy: 75
gradient0 in heuristiic: 75
calculating all possible bipartitions ...
Number of Clusters After Adding All possible clusters: 1023
partitions formed in 0.397 secs
Dynamic Programming starting after 0.397 secs
Using tree-based weight calculation.
Using polytree-based weight calculation.
Polytree max score: 5412
Polytree building time: 0.019 seconds.
Number of quartet trees in the gene trees: 5412
Size of largest cluster: 10
Greedy score: 5344
estimationFactor: 1.0127245508982037
Sub-optimal score: 5344
Total Number of elements weighted: 822
Normalized score (portion of input quartet trees satisfied before correcting for multiple individuals): 0.9874353288987435
Optimization score: 5344
Optimal tree inferred in 0.561 secs.
(t3,(((t2,t6),(t1,t5)),(t7,(t4,(t8,(t9,t10))))));
Final quartet score is: 5344
Final normalized quartet score is: 0.9874353288987435
Extended species tree:
(t2,(t6,((t1,t5)1:2.319114394945257,((t7,(t4,(t8,(t9,t10)1:1.662547737748049)1:3.0513021247088012)0.99:0.5108256237659905)1:2.6984807500860604,t3)1:2.6548056865833978)1:1.760987810561301));
Weight calculation took 0.100194133 secs
ASTRAL finished in 0.68 secs
