
================== ASTRAL ===================== 

This is ASTRAL version 5.7.8
Gene trees are treated as unrooted
240 trees read from quartet_temp.txt
index0
All output trees will be *arbitrarily* rooted at t2

======== Running the main analysis
Number of taxa: 10 (10 species)
Taxa: [t2, t3, t1, t4, t6, t9, t10, t5, t8, t7]
Taxon occupancy: {t4=126, t5=91, t6=110, t10=103, t7=79, t8=68, t9=54, t1=137, t2=124, t3=68}
Number of gene trees: 240
240 trees have missing taxa
Calculating quartet distance matrix (for completion of X)
Species tree distances calculated ...
Will attempt to complete bipartitions from X before adding using a distance matrix.
Building set of clusters (X) from gene trees 
------------------------------
gradient0: 63
Number of Clusters after addition by distance: 63
calculating extra bipartitions to be added at level 1 ...
Adding to X using resolutions of greedy consensus ...
Limit for sigma of degrees:300
polytomy size limit : 3
discarded polytomies:  [3]
Threshold 0.0:
Threshold 0.01:
Threshold 0.02:
Threshold 0.05:
Threshold 0.1:
Threshold 0.2:
Threshold 0.3333333333333333:
polytomy of size 3; rounds with additions with at least 5 support: 0; clusters: 63
max k is :0
Number of Clusters after addition by greedy: 63
gradient0 in heuristiic: 63
calculating all possible bipartitions ...
Number of Clusters After Adding All possible clusters: 1023
partitions formed in 0.053 secs
Dynamic Programming starting after 0.053 secs
Using tree-based weight calculation.
Using polytree-based weight calculation.
Polytree max score: 240
Polytree building time: 0.003 seconds.
Number of quartet trees in the gene trees: 240
Size of largest cluster: 10
Greedy score: 234
estimationFactor: 1.0256410256410255
Sub-optimal score: 236
Total Number of elements weighted: 1180
Normalized score (portion of input quartet trees satisfied before correcting for multiple individuals): 0.9833333333333333
Optimization score: 236
Optimal tree inferred in 0.1 secs.
(t3,((t9,(t10,(t6,t7))),((t2,t5),(t8,(t1,t4)))));
Final quartet score is: 236
Final normalized quartet score is: 0.9833333333333333
You may want to ignore posterior probabilities and other statistics related to the following branch branch because the effective number of genes impacting it is only 10:
	{t1, t4}
You may want to ignore posterior probabilities and other statistics related to the following branch branch because the effective number of genes impacting it is only 2:
	{t1, t4, t8}
You may want to ignore posterior probabilities and other statistics related to the following branch branch because the effective number of genes impacting it is only 11:
	{t6, t7}
You may want to ignore posterior probabilities and other statistics related to the following branch branch because the effective number of genes impacting it is only 0:
	{t6, t10, t7}
You may want to ignore posterior probabilities and other statistics related to the following branch branch because the effective number of genes impacting it is only 1:
	{t6, t9, t10, t7}
You may want to ignore posterior probabilities and other statistics related to the following branch branch because the effective number of genes impacting it is only 13:
	{t3, t6, t9, t10, t7}
Extended species tree:
(t2,(t5,((t8,(t1,t4)1:1.9924301646902058)0.87:0.6931471805599453,((t9,(t10,(t6,t7)1:2.0794415416798353)0.33:0.0)0.67:0.2876820724517809,t3)1:2.2335922215070947)1:1.317301489632939));
Weight calculation took 0.02093448 secs
ASTRAL finished in 0.135 secs
