
================== ASTRAL ===================== 

This is ASTRAL version 5.7.8
Gene trees are treated as unrooted
812 trees read from quartet_temp.txt
index0
All output trees will be *arbitrarily* rooted at t5

======== Running the main analysis
Number of taxa: 10 (10 species)
Taxa: [t5, t7, t1, t6, t9, t2, t8, t10, t4, t3]
Taxon occupancy: {t4=427, t5=423, t6=186, t10=477, t7=421, t8=265, t9=318, t1=225, t2=331, t3=175}
Number of gene trees: 812
812 trees have missing taxa
Calculating quartet distance matrix (for completion of X)
Species tree distances calculated ...
Will attempt to complete bipartitions from X before adding using a distance matrix.
Building set of clusters (X) from gene trees 
------------------------------
gradient0: 65
Number of Clusters after addition by distance: 65
calculating extra bipartitions to be added at level 1 ...
Adding to X using resolutions of greedy consensus ...
Limit for sigma of degrees:300
polytomy size limit : 3
discarded polytomies:  []
Threshold 0.0:
Threshold 0.01:
Threshold 0.02:
Threshold 0.05:
Threshold 0.1:
Threshold 0.2:
Threshold 0.3333333333333333:
max k is :0
Number of Clusters after addition by greedy: 65
gradient0 in heuristiic: 65
calculating all possible bipartitions ...
Number of Clusters After Adding All possible clusters: 1023
partitions formed in 0.08 secs
Dynamic Programming starting after 0.08 secs
Using tree-based weight calculation.
Using polytree-based weight calculation.
Polytree max score: 812
Polytree building time: 0.006 seconds.
Number of quartet trees in the gene trees: 812
Size of largest cluster: 10
Greedy score: 773
estimationFactor: 1.0504527813712807
Sub-optimal score: 773
Total Number of elements weighted: 1233
Normalized score (portion of input quartet trees satisfied before correcting for multiple individuals): 0.9519704433497537
Optimization score: 773
Optimal tree inferred in 0.153 secs.
(t7,(t5,(t8,(t9,(t6,(t2,(t1,(t3,(t10,t4)))))))));
Final quartet score is: 773
Final normalized quartet score is: 0.9519704433497537
You may want to ignore posterior probabilities and other statistics related to the following branch branch because the effective number of genes impacting it is only 12:
	{t10, t4}
You may want to ignore posterior probabilities and other statistics related to the following branch branch because the effective number of genes impacting it is only 5:
	{t10, t4, t3}
You may want to ignore posterior probabilities and other statistics related to the following branch branch because the effective number of genes impacting it is only 12:
	{t1, t2, t10, t4, t3}
You may want to ignore posterior probabilities and other statistics related to the following branch branch because the effective number of genes impacting it is only 12:
	{t1, t6, t9, t2, t10, t4, t3}
Extended species tree:
(t5,((t8,(t9,(t6,(t2,(t1,(t3,(t10,t4)1:1.0608719606852628)0.99:1.3862943611198908)1:2.92673940206704)0.81:0.3677247801253174)1:0.6061358035703156)0.48:0.21357410029805904)1:3.2580965380214812,t7));
Weight calculation took 0.040203912 secs
ASTRAL finished in 0.207 secs
