
================== ASTRAL ===================== 

This is ASTRAL version 5.7.8
Gene trees are treated as unrooted
475 trees read from quartet_temp.txt
index0
All output trees will be *arbitrarily* rooted at t3

======== Running the main analysis
Number of taxa: 10 (10 species)
Taxa: [t3, t4, t2, t7, t5, t6, t9, t1, t10, t8]
Taxon occupancy: {t4=197, t5=211, t6=307, t10=276, t7=173, t8=128, t9=152, t1=137, t2=160, t3=159}
Number of gene trees: 475
475 trees have missing taxa
Calculating quartet distance matrix (for completion of X)
Species tree distances calculated ...
Will attempt to complete bipartitions from X before adding using a distance matrix.
Building set of clusters (X) from gene trees 
------------------------------
gradient0: 43
Number of Clusters after addition by distance: 43
calculating extra bipartitions to be added at level 1 ...
Adding to X using resolutions of greedy consensus ...
Limit for sigma of degrees:300
polytomy size limit : 3
discarded polytomies:  []
Threshold 0.0:
Threshold 0.01:
Threshold 0.02:
Threshold 0.05:
Threshold 0.1:
Threshold 0.2:
Threshold 0.3333333333333333:
max k is :0
Number of Clusters after addition by greedy: 43
gradient0 in heuristiic: 43
calculating all possible bipartitions ...
Number of Clusters After Adding All possible clusters: 1023
partitions formed in 0.069 secs
Dynamic Programming starting after 0.069 secs
Using tree-based weight calculation.
Using polytree-based weight calculation.
Polytree max score: 475
Polytree building time: 0.006 seconds.
Number of quartet trees in the gene trees: 475
Size of largest cluster: 10
Greedy score: 473
estimationFactor: 1.0042283298097252
Sub-optimal score: 473
Total Number of elements weighted: 1032
Normalized score (portion of input quartet trees satisfied before correcting for multiple individuals): 0.9957894736842106
Optimization score: 473
Optimal tree inferred in 0.134 secs.
(t4,(t3,(t5,((t9,t8),((t2,t7),(t1,(t6,t10)))))));
Final quartet score is: 473
Final normalized quartet score is: 0.9957894736842106
You may want to ignore posterior probabilities and other statistics related to the following branch branch because the effective number of genes impacting it is only 3:
	{t9, t8}
You may want to ignore posterior probabilities and other statistics related to the following branch branch because the effective number of genes impacting it is only 15:
	{t2, t7}
You may want to ignore posterior probabilities and other statistics related to the following branch branch because the effective number of genes impacting it is only 14:
	{t6, t10}
You may want to ignore posterior probabilities and other statistics related to the following branch branch because the effective number of genes impacting it is only 0:
	{t2, t7, t6, t1, t10}
You may want to ignore posterior probabilities and other statistics related to the following branch branch because the effective number of genes impacting it is only 12:
	{t2, t7, t5, t6, t9, t1, t10, t8}
Extended species tree:
(t3,((t5,((t9,t8)0.95:0.9808292530117262,((t2,t7)1:1.6739764335716716,(t1,(t6,t10)1:1.6094379124341005)1:3.1780538303479453)0.33:0.0)1:3.091042453358317)1:2.159484249353373,t4));
Weight calculation took 0.028527209 secs
ASTRAL finished in 0.192 secs
