
================== ASTRAL ===================== 

This is ASTRAL version 5.7.8
Gene trees are treated as unrooted
1533 trees read from quartet_temp.txt
index0
All output trees will be *arbitrarily* rooted at t5

======== Running the main analysis
Number of taxa: 10 (10 species)
Taxa: [t5, t6, t4, t8, t7, t9, t10, t3, t2, t1]
Taxon occupancy: {t4=540, t5=625, t6=744, t10=771, t7=676, t8=399, t9=748, t1=377, t2=620, t3=632}
Number of gene trees: 1533
1533 trees have missing taxa
Calculating quartet distance matrix (for completion of X)
Species tree distances calculated ...
Will attempt to complete bipartitions from X before adding using a distance matrix.
Building set of clusters (X) from gene trees 
------------------------------
gradient0: 49
Number of Clusters after addition by distance: 49
calculating extra bipartitions to be added at level 1 ...
Adding to X using resolutions of greedy consensus ...
Limit for sigma of degrees:300
polytomy size limit : 3
discarded polytomies:  []
Threshold 0.0:
Threshold 0.01:
Threshold 0.02:
Threshold 0.05:
Threshold 0.1:
Threshold 0.2:
Threshold 0.3333333333333333:
max k is :0
Number of Clusters after addition by greedy: 49
gradient0 in heuristiic: 49
calculating all possible bipartitions ...
Number of Clusters After Adding All possible clusters: 1023
partitions formed in 0.126 secs
Dynamic Programming starting after 0.126 secs
Using tree-based weight calculation.
Using polytree-based weight calculation.
Polytree max score: 1533
Polytree building time: 0.008 seconds.
Number of quartet trees in the gene trees: 1533
Size of largest cluster: 10
Greedy score: 1525
estimationFactor: 1.0052459016393442
Sub-optimal score: 1525
Total Number of elements weighted: 1017
Normalized score (portion of input quartet trees satisfied before correcting for multiple individuals): 0.994781474233529
Optimization score: 1525
Optimal tree inferred in 0.226 secs.
(t6,(t7,(t5,((t9,t10),((t4,t8),(t1,(t3,t2)))))));
Final quartet score is: 1525
Final normalized quartet score is: 0.994781474233529
You may want to ignore posterior probabilities and other statistics related to the following branch branch because the effective number of genes impacting it is only 7:
	{t4, t8}
You may want to ignore posterior probabilities and other statistics related to the following branch branch because the effective number of genes impacting it is only 14:
	{t4, t8, t3, t2, t1}
Extended species tree:
(t5,(((t9,t10)1:3.9576335166801986,((t4,t8)1:1.6739764335716716,(t1,(t3,t2)1:3.486355190002461)1:3.2321210516182224)1:1.2039728043259361)1:3.0285220963769826,(t7,t6)1:2.730029107820986));
Weight calculation took 0.063918603 secs
ASTRAL finished in 0.291 secs
