
================== ASTRAL ===================== 

This is ASTRAL version 5.7.8
Gene trees are treated as unrooted
1962 trees read from quartet_temp.txt
index0
All output trees will be *arbitrarily* rooted at t3

======== Running the main analysis
Number of taxa: 10 (10 species)
Taxa: [t3, t4, t1, t2, t10, t5, t6, t8, t9, t7]
Taxon occupancy: {t4=1073, t5=1040, t10=737, t6=701, t7=764, t8=802, t9=670, t1=421, t2=515, t3=1125}
Number of gene trees: 1962
1962 trees have missing taxa
Calculating quartet distance matrix (for completion of X)
Species tree distances calculated ...
Will attempt to complete bipartitions from X before adding using a distance matrix.
Building set of clusters (X) from gene trees 
------------------------------
gradient0: 91
Number of Clusters after addition by distance: 91
calculating extra bipartitions to be added at level 1 ...
Adding to X using resolutions of greedy consensus ...
Limit for sigma of degrees:300
polytomy size limit : 3
discarded polytomies:  []
Threshold 0.0:
Threshold 0.01:
Threshold 0.02:
Threshold 0.05:
Threshold 0.1:
Threshold 0.2:
Threshold 0.3333333333333333:
max k is :0
Number of Clusters after addition by greedy: 91
gradient0 in heuristiic: 91
calculating all possible bipartitions ...
Number of Clusters After Adding All possible clusters: 1023
partitions formed in 0.188 secs
Dynamic Programming starting after 0.188 secs
Using tree-based weight calculation.
Using polytree-based weight calculation.
Polytree max score: 1962
Polytree building time: 0.011 seconds.
Number of quartet trees in the gene trees: 1962
Size of largest cluster: 10
Greedy score: 1889
estimationFactor: 1.038644785600847
Sub-optimal score: 1889
Total Number of elements weighted: 1240
Normalized score (portion of input quartet trees satisfied before correcting for multiple individuals): 0.9627930682976554
Optimization score: 1889
Optimal tree inferred in 0.319 secs.
(t4,(t3,(t5,(t1,((t10,t8),((t6,t9),(t2,t7)))))));
Final quartet score is: 1889
Final normalized quartet score is: 0.9627930682976554
You may want to ignore posterior probabilities and other statistics related to the following branch branch because the effective number of genes impacting it is only 19:
	{t6, t9}
Extended species tree:
(t3,((t5,(t1,((t10,t8)1:2.3136349291806306,((t6,t9)1:0.9808292530117262,(t2,t7)1:3.5457786104732607)0.96:0.2345722471378324)1:3.688879454113933)1:3.4587672334836355)1:1.3862943611198908,t4));
Weight calculation took 0.086477287 secs
ASTRAL finished in 0.398 secs
