
================== ASTRAL ===================== 

This is ASTRAL version 5.7.8
Gene trees are treated as unrooted
979 trees read from quartet_temp.txt
index0
All output trees will be *arbitrarily* rooted at t2

======== Running the main analysis
Number of taxa: 10 (10 species)
Taxa: [t2, t3, t1, t5, t7, t9, t10, t8, t4, t6]
Taxon occupancy: {t4=174, t5=407, t10=433, t6=373, t7=281, t8=435, t9=401, t1=354, t2=467, t3=591}
Number of gene trees: 979
979 trees have missing taxa
Calculating quartet distance matrix (for completion of X)
Species tree distances calculated ...
Will attempt to complete bipartitions from X before adding using a distance matrix.
Building set of clusters (X) from gene trees 
------------------------------
gradient0: 59
Number of Clusters after addition by distance: 59
calculating extra bipartitions to be added at level 1 ...
Adding to X using resolutions of greedy consensus ...
Limit for sigma of degrees:300
polytomy size limit : 3
discarded polytomies:  []
Threshold 0.0:
Threshold 0.01:
Threshold 0.02:
Threshold 0.05:
Threshold 0.1:
Threshold 0.2:
Threshold 0.3333333333333333:
max k is :0
Number of Clusters after addition by greedy: 59
gradient0 in heuristiic: 59
calculating all possible bipartitions ...
Number of Clusters After Adding All possible clusters: 1023
partitions formed in 0.104 secs
Dynamic Programming starting after 0.104 secs
Using tree-based weight calculation.
Using polytree-based weight calculation.
Polytree max score: 979
Polytree building time: 0.007 seconds.
Number of quartet trees in the gene trees: 979
Size of largest cluster: 10
Greedy score: 970
estimationFactor: 1.0092783505154639
Sub-optimal score: 970
Total Number of elements weighted: 1051
Normalized score (portion of input quartet trees satisfied before correcting for multiple individuals): 0.9908069458631257
Optimization score: 970
Optimal tree inferred in 0.178 secs.
(t3,(t8,(t2,(t4,((t1,t10),(t7,(t5,(t9,t6))))))));
Final quartet score is: 970
Final normalized quartet score is: 0.9908069458631257
You may want to ignore posterior probabilities and other statistics related to the following branch branch because the effective number of genes impacting it is only 16:
	{t1, t10}
You may want to ignore posterior probabilities and other statistics related to the following branch branch because the effective number of genes impacting it is only 2:
	{t9, t6}
You may want to ignore posterior probabilities and other statistics related to the following branch branch because the effective number of genes impacting it is only 14:
	{t5, t7, t9, t6}
You may want to ignore posterior probabilities and other statistics related to the following branch branch because the effective number of genes impacting it is only 11:
	{t1, t5, t7, t9, t10, t4, t6}
You may want to ignore posterior probabilities and other statistics related to the following branch branch because the effective number of genes impacting it is only 15:
	{t3, t8}
Extended species tree:
(t2,((t4,((t1,t10)1:2.4277482359480516,(t7,(t5,(t9,t6)0.87:0.6931471805599453)1:2.268683541318364)1:2.302585092994046)1:2.407945608651871)1:2.0794415416798353,(t8,t3)1:2.367123614131617));
Weight calculation took 0.041720656 secs
ASTRAL finished in 0.24 secs
