
================== ASTRAL ===================== 

This is ASTRAL version 5.7.8
Gene trees are treated as unrooted
1116 trees read from quartet_temp.txt
index0
All output trees will be *arbitrarily* rooted at t5

======== Running the main analysis
Number of taxa: 10 (10 species)
Taxa: [t5, t7, t10, t4, t1, t2, t6, t8, t9, t3]
Taxon occupancy: {t4=682, t5=525, t10=663, t6=257, t7=535, t8=343, t9=395, t1=348, t2=417, t3=299}
Number of gene trees: 1116
1116 trees have missing taxa
Calculating quartet distance matrix (for completion of X)
Species tree distances calculated ...
Will attempt to complete bipartitions from X before adding using a distance matrix.
Building set of clusters (X) from gene trees 
------------------------------
gradient0: 63
Number of Clusters after addition by distance: 63
calculating extra bipartitions to be added at level 1 ...
Adding to X using resolutions of greedy consensus ...
Limit for sigma of degrees:300
polytomy size limit : 3
discarded polytomies:  []
Threshold 0.0:
Threshold 0.01:
Threshold 0.02:
Threshold 0.05:
Threshold 0.1:
Threshold 0.2:
Threshold 0.3333333333333333:
max k is :0
Number of Clusters after addition by greedy: 63
gradient0 in heuristiic: 63
calculating all possible bipartitions ...
Number of Clusters After Adding All possible clusters: 1023
partitions formed in 0.098 secs
Dynamic Programming starting after 0.098 secs
Using tree-based weight calculation.
Using polytree-based weight calculation.
Polytree max score: 1116
Polytree building time: 0.007 seconds.
Number of quartet trees in the gene trees: 1116
Size of largest cluster: 10
Greedy score: 1071
estimationFactor: 1.0420168067226891
Sub-optimal score: 1080
Total Number of elements weighted: 1144
Normalized score (portion of input quartet trees satisfied before correcting for multiple individuals): 0.967741935483871
Optimization score: 1080
Optimal tree inferred in 0.185 secs.
(t7,(t5,((t8,t9),(t6,(t2,(t1,(t3,(t10,t4))))))));
Final quartet score is: 1080
Final normalized quartet score is: 0.967741935483871
You may want to ignore posterior probabilities and other statistics related to the following branch branch because the effective number of genes impacting it is only 9:
	{t8, t9}
You may want to ignore posterior probabilities and other statistics related to the following branch branch because the effective number of genes impacting it is only 19:
	{t10, t4, t3}
You may want to ignore posterior probabilities and other statistics related to the following branch branch because the effective number of genes impacting it is only 16:
	{t10, t4, t1, t2, t3}
Extended species tree:
(t5,(((t8,t9)1:1.8971199848858815,(t6,(t2,(t1,(t3,(t10,t4)1:2.92673940206704)1:2.590267165445826)1:1.5081841787289272)0.64:0.23052365861183224)1:1.4190841839428816)1:2.2094946699280342,t7));
Weight calculation took 0.053104023 secs
ASTRAL finished in 0.245 secs
