
================== ASTRAL ===================== 

This is ASTRAL version 5.7.8
Gene trees are treated as unrooted
4078 trees read from quartet_temp.txt
index0
All output trees will be *arbitrarily* rooted at t2

======== Running the main analysis
Number of taxa: 10 (10 species)
Taxa: [t2, t4, t1, t10, t8, t9, t5, t6, t7, t3]
Taxon occupancy: {t4=1586, t5=2039, t10=1383, t6=1988, t7=1461, t8=1912, t9=1383, t1=1360, t2=1503, t3=1697}
Number of gene trees: 4078
4078 trees have missing taxa
Calculating quartet distance matrix (for completion of X)
Species tree distances calculated ...
Will attempt to complete bipartitions from X before adding using a distance matrix.
Building set of clusters (X) from gene trees 
------------------------------
gradient0: 77
Number of Clusters after addition by distance: 77
calculating extra bipartitions to be added at level 1 ...
Adding to X using resolutions of greedy consensus ...
Limit for sigma of degrees:300
polytomy size limit : 3
discarded polytomies:  []
Threshold 0.0:
Threshold 0.01:
Threshold 0.02:
Threshold 0.05:
Threshold 0.1:
Threshold 0.2:
Threshold 0.3333333333333333:
max k is :0
Number of Clusters after addition by greedy: 77
gradient0 in heuristiic: 77
calculating all possible bipartitions ...
Number of Clusters After Adding All possible clusters: 1023
partitions formed in 0.238 secs
Dynamic Programming starting after 0.238 secs
Using tree-based weight calculation.
Using polytree-based weight calculation.
Polytree max score: 4078
Polytree building time: 0.017 seconds.
Number of quartet trees in the gene trees: 4078
Size of largest cluster: 10
Greedy score: 3911
estimationFactor: 1.0427000767067247
Sub-optimal score: 3911
Total Number of elements weighted: 964
Normalized score (portion of input quartet trees satisfied before correcting for multiple individuals): 0.959048553212359
Optimization score: 3911
Optimal tree inferred in 0.374 secs.
(t4,(t9,((t2,(t8,t3)),(t7,((t5,t6),(t1,t10))))));
Final quartet score is: 3911
Final normalized quartet score is: 0.959048553212359
Extended species tree:
(t2,((t8,t3)0.57:0.12516314295400605,((t7,((t5,t6)1:4.1896547420264305,(t1,t10)1:4.248495242049363)1:1.8485929439912214)1:1.8358194590220855,(t9,t4)1:4.2195077051761105)1:1.4916548767777167));
Weight calculation took 0.084440082 secs
ASTRAL finished in 0.466 secs
