
================== ASTRAL ===================== 

This is ASTRAL version 5.7.8
Gene trees are treated as unrooted
5931 trees read from quartet_temp.txt
index0
All output trees will be *arbitrarily* rooted at t7

======== Running the main analysis
Number of taxa: 10 (10 species)
Taxa: [t7, t8, t1, t2, t3, t4, t6, t9, t10, t5]
Taxon occupancy: {t4=2418, t5=2187, t6=2071, t10=2516, t7=2168, t8=2755, t9=2763, t1=2174, t2=2519, t3=2153}
Number of gene trees: 5931
5931 trees have missing taxa
Calculating quartet distance matrix (for completion of X)
Species tree distances calculated ...
Will attempt to complete bipartitions from X before adding using a distance matrix.
Building set of clusters (X) from gene trees 
------------------------------
gradient0: 81
Number of Clusters after addition by distance: 81
calculating extra bipartitions to be added at level 1 ...
Adding to X using resolutions of greedy consensus ...
Limit for sigma of degrees:300
polytomy size limit : 3
discarded polytomies:  []
Threshold 0.0:
Threshold 0.01:
Threshold 0.02:
Threshold 0.05:
Threshold 0.1:
Threshold 0.2:
Threshold 0.3333333333333333:
max k is :0
Number of Clusters after addition by greedy: 81
gradient0 in heuristiic: 81
calculating all possible bipartitions ...
Number of Clusters After Adding All possible clusters: 1023
partitions formed in 0.286 secs
Dynamic Programming starting after 0.286 secs
Using tree-based weight calculation.
Using polytree-based weight calculation.
Polytree max score: 5931
Polytree building time: 0.018 seconds.
Number of quartet trees in the gene trees: 5931
Size of largest cluster: 10
Greedy score: 5760
estimationFactor: 1.0296875
Sub-optimal score: 5760
Total Number of elements weighted: 1531
Normalized score (portion of input quartet trees satisfied before correcting for multiple individuals): 0.9711684370257967
Optimization score: 5760
Optimal tree inferred in 0.474 secs.
(t8,(t9,(t10,(t7,(t4,(t5,(t6,(t2,(t1,t3)))))))));
Final quartet score is: 5760
Final normalized quartet score is: 0.9711684370257967
Extended species tree:
(t7,((t4,(t5,(t6,(t2,(t1,t3)1:1.694595720774407)1:2.4456859366347183)1:1.3862943611198908)0.63:0.20252426411147395)1:4.839803037350064,(t10,(t9,t8)1:1.0296194171811581)1:3.21442147451882));
Weight calculation took 0.128453114 secs
ASTRAL finished in 0.574 secs
