
================== ASTRAL ===================== 

This is ASTRAL version 5.7.8
Gene trees are treated as unrooted
2664 trees read from quartet_temp.txt
index0
All output trees will be *arbitrarily* rooted at t2

======== Running the main analysis
Number of taxa: 10 (10 species)
Taxa: [t2, t3, t1, t9, t4, t5, t6, t7, t10, t8]
Taxon occupancy: {t4=869, t5=1023, t6=1081, t10=1142, t7=889, t8=1002, t9=1171, t1=1025, t2=1213, t3=1241}
Number of gene trees: 2664
2664 trees have missing taxa
Calculating quartet distance matrix (for completion of X)
Species tree distances calculated ...
Will attempt to complete bipartitions from X before adding using a distance matrix.
Building set of clusters (X) from gene trees 
------------------------------
gradient0: 103
Number of Clusters after addition by distance: 103
calculating extra bipartitions to be added at level 1 ...
Adding to X using resolutions of greedy consensus ...
Limit for sigma of degrees:300
polytomy size limit : 3
discarded polytomies:  []
Threshold 0.0:
Threshold 0.01:
Threshold 0.02:
Threshold 0.05:
Threshold 0.1:
Threshold 0.2:
Threshold 0.3333333333333333:
max k is :0
Number of Clusters after addition by greedy: 103
gradient0 in heuristiic: 103
calculating all possible bipartitions ...
Number of Clusters After Adding All possible clusters: 1023
partitions formed in 0.154 secs
Dynamic Programming starting after 0.154 secs
Using tree-based weight calculation.
Using polytree-based weight calculation.
Polytree max score: 2664
Polytree building time: 0.011 seconds.
Number of quartet trees in the gene trees: 2664
Size of largest cluster: 10
Greedy score: 2518
estimationFactor: 1.0579825258141382
Sub-optimal score: 2518
Total Number of elements weighted: 1179
Normalized score (portion of input quartet trees satisfied before correcting for multiple individuals): 0.9451951951951952
Optimization score: 2518
Optimal tree inferred in 0.275 secs.
(t3,(t2,(t4,((t5,t7),((t6,t10),(t8,(t1,t9)))))));
Final quartet score is: 2518
Final normalized quartet score is: 0.9451951951951952
You may want to ignore posterior probabilities and other statistics related to the following branch branch because the effective number of genes impacting it is only 9:
	{t1, t9, t4, t5, t6, t7, t10, t8}
Extended species tree:
(t2,((t4,((t5,t7)1:1.6049835620847204,((t6,t10)1:1.850599969250989,(t8,(t1,t9)1:1.6314168191528755)1:1.8458266904983307)1:2.005333569526114)1:2.504907316494669)1:1.8971199848858815,t3));
Weight calculation took 0.073885951 secs
ASTRAL finished in 0.355 secs
