
================== ASTRAL ===================== 

This is ASTRAL version 5.7.8
Gene trees are treated as unrooted
4503 trees read from quartet_temp.txt
index0
All output trees will be *arbitrarily* rooted at t5

======== Running the main analysis
Number of taxa: 10 (10 species)
Taxa: [t5, t7, t1, t2, t3, t8, t10, t6, t9, t4]
Taxon occupancy: {t4=2282, t5=2068, t10=1676, t6=1581, t7=1588, t8=1352, t9=1769, t1=1476, t2=2209, t3=2011}
Number of gene trees: 4503
4503 trees have missing taxa
Calculating quartet distance matrix (for completion of X)
Species tree distances calculated ...
Will attempt to complete bipartitions from X before adding using a distance matrix.
Building set of clusters (X) from gene trees 
------------------------------
gradient0: 51
Number of Clusters after addition by distance: 51
calculating extra bipartitions to be added at level 1 ...
Adding to X using resolutions of greedy consensus ...
Limit for sigma of degrees:300
polytomy size limit : 3
discarded polytomies:  []
Threshold 0.0:
Threshold 0.01:
Threshold 0.02:
Threshold 0.05:
Threshold 0.1:
Threshold 0.2:
Threshold 0.3333333333333333:
max k is :0
Number of Clusters after addition by greedy: 51
gradient0 in heuristiic: 51
calculating all possible bipartitions ...
Number of Clusters After Adding All possible clusters: 1023
partitions formed in 1.55 secs
Dynamic Programming starting after 1.55 secs
Using tree-based weight calculation.
Using polytree-based weight calculation.
Polytree max score: 4503
Polytree building time: 0.063 seconds.
Number of quartet trees in the gene trees: 4503
Size of largest cluster: 10
Greedy score: 4488
estimationFactor: 1.0033422459893049
Sub-optimal score: 4488
Total Number of elements weighted: 1024
Normalized score (portion of input quartet trees satisfied before correcting for multiple individuals): 0.9966688874083944
Optimization score: 4488
Optimal tree inferred in 2.348 secs.
(t7,(t6,(t8,((t10,t9),(t1,((t5,t4),(t2,t3)))))));
Final quartet score is: 4488
Final normalized quartet score is: 0.9966688874083944
Extended species tree:
(t5,(t4,((t2,t3)1:4.267363726353742,(t1,((t10,t9)1:2.0368819272610392,(t8,(t6,t7)1:1.6314168191528755)1:1.9924301646902058)1:4.56434819146784)1:3.5782138862264192)1:4.650780697240144));
Weight calculation took 0.536798177 secs
ASTRAL finished in 2.751 secs
