
================== ASTRAL ===================== 

This is ASTRAL version 5.7.8
Gene trees are treated as unrooted
4674 trees read from quartet_temp.txt
index0
All output trees will be *arbitrarily* rooted at t3

======== Running the main analysis
Number of taxa: 10 (10 species)
Taxa: [t3, t4, t2, t7, t8, t9, t10, t5, t1, t6]
Taxon occupancy: {t4=2676, t5=2481, t10=1700, t6=1471, t7=1777, t8=1885, t9=1380, t1=1057, t2=1403, t3=2866}
Number of gene trees: 4674
4674 trees have missing taxa
Calculating quartet distance matrix (for completion of X)
Species tree distances calculated ...
Will attempt to complete bipartitions from X before adding using a distance matrix.
Building set of clusters (X) from gene trees 
------------------------------
gradient0: 83
Number of Clusters after addition by distance: 83
calculating extra bipartitions to be added at level 1 ...
Adding to X using resolutions of greedy consensus ...
Limit for sigma of degrees:300
polytomy size limit : 3
discarded polytomies:  []
Threshold 0.0:
Threshold 0.01:
Threshold 0.02:
Threshold 0.05:
Threshold 0.1:
Threshold 0.2:
Threshold 0.3333333333333333:
max k is :0
Number of Clusters after addition by greedy: 83
gradient0 in heuristiic: 83
calculating all possible bipartitions ...
Number of Clusters After Adding All possible clusters: 1023
partitions formed in 1.529 secs
Dynamic Programming starting after 1.529 secs
Using tree-based weight calculation.
Using polytree-based weight calculation.
Polytree max score: 4674
Polytree building time: 0.07 seconds.
Number of quartet trees in the gene trees: 4674
Size of largest cluster: 10
Greedy score: 4586
estimationFactor: 1.019188835586568
Sub-optimal score: 4586
Total Number of elements weighted: 1240
Normalized score (portion of input quartet trees satisfied before correcting for multiple individuals): 0.9811724433033804
Optimization score: 4586
Optimal tree inferred in 2.053 secs.
(t4,(t3,(t5,(t1,(t6,(t9,((t8,t10),(t2,t7))))))));
Final quartet score is: 4586
Final normalized quartet score is: 0.9811724433033804
Extended species tree:
(t3,((t5,(t1,(t6,(t9,((t8,t10)1:3.2771447329921766,(t2,t7)1:2.112231364502826)1:0.6771468392135042)1:0.784118958765672)1:1.4069136483226266)1:5.384495062789083)1:3.938340313745519,t4));
Weight calculation took 0.223763746 secs
ASTRAL finished in 2.468 secs
