
================== ASTRAL ===================== 

This is ASTRAL version 5.7.8
Gene trees are treated as unrooted
3764 trees read from quartet_temp.txt
index0
All output trees will be *arbitrarily* rooted at t3

======== Running the main analysis
Number of taxa: 10 (10 species)
Taxa: [t3, t8, t1, t2, t5, t6, t7, t9, t10, t4]
Taxon occupancy: {t4=1283, t5=1575, t6=1596, t10=858, t7=1565, t8=1269, t9=1372, t1=1910, t2=1915, t3=1713}
Number of gene trees: 3764
3764 trees have missing taxa
Calculating quartet distance matrix (for completion of X)
Species tree distances calculated ...
Will attempt to complete bipartitions from X before adding using a distance matrix.
Building set of clusters (X) from gene trees 
------------------------------
gradient0: 59
Number of Clusters after addition by distance: 59
calculating extra bipartitions to be added at level 1 ...
Adding to X using resolutions of greedy consensus ...
Limit for sigma of degrees:300
polytomy size limit : 3
discarded polytomies:  []
Threshold 0.0:
Threshold 0.01:
Threshold 0.02:
Threshold 0.05:
Threshold 0.1:
Threshold 0.2:
Threshold 0.3333333333333333:
max k is :0
Number of Clusters after addition by greedy: 59
gradient0 in heuristiic: 59
calculating all possible bipartitions ...
Number of Clusters After Adding All possible clusters: 1023
partitions formed in 0.245 secs
Dynamic Programming starting after 0.245 secs
Using tree-based weight calculation.
Using polytree-based weight calculation.
Polytree max score: 3764
Polytree building time: 0.013 seconds.
Number of quartet trees in the gene trees: 3764
Size of largest cluster: 10
Greedy score: 3733
estimationFactor: 1.008304312885079
Sub-optimal score: 3733
Total Number of elements weighted: 995
Normalized score (portion of input quartet trees satisfied before correcting for multiple individuals): 0.9917640807651434
Optimization score: 3733
Optimal tree inferred in 0.392 secs.
(t8,(t3,((t1,t2),(t4,((t6,t7),(t5,(t9,t10)))))));
Final quartet score is: 3733
Final normalized quartet score is: 0.9917640807651434
You may want to ignore posterior probabilities and other statistics related to the following branch branch because the effective number of genes impacting it is only 14:
	{t9, t10}
Extended species tree:
(t3,(((t1,t2)1:3.4657359027997248,(t4,((t6,t7)1:4.001254139156088,(t5,(t9,t10)1:0.9162907318741549)1:0.7472144018302211)1:5.446737371666302)1:3.120895416507997)1:4.529008825022534,t8));
Weight calculation took 0.097986587 secs
ASTRAL finished in 0.485 secs
