
================== ASTRAL ===================== 

This is ASTRAL version 5.7.8
Gene trees are treated as unrooted
3237 trees read from quartet_temp.txt
index0
All output trees will be *arbitrarily* rooted at t5

======== Running the main analysis
Number of taxa: 10 (10 species)
Taxa: [t5, t6, t2, t3, t4, t7, t8, t9, t10, t1]
Taxon occupancy: {t4=1212, t5=2019, t6=1966, t10=889, t7=1386, t8=1175, t9=1133, t1=912, t2=1082, t3=1174}
Number of gene trees: 3237
3237 trees have missing taxa
Calculating quartet distance matrix (for completion of X)
Species tree distances calculated ...
Will attempt to complete bipartitions from X before adding using a distance matrix.
Building set of clusters (X) from gene trees 
------------------------------
gradient0: 53
Number of Clusters after addition by distance: 53
calculating extra bipartitions to be added at level 1 ...
Adding to X using resolutions of greedy consensus ...
Limit for sigma of degrees:300
polytomy size limit : 3
discarded polytomies:  []
Threshold 0.0:
Threshold 0.01:
Threshold 0.02:
Threshold 0.05:
Threshold 0.1:
Threshold 0.2:
Threshold 0.3333333333333333:
max k is :0
Number of Clusters after addition by greedy: 53
gradient0 in heuristiic: 53
calculating all possible bipartitions ...
Number of Clusters After Adding All possible clusters: 1023
partitions formed in 1.016 secs
Dynamic Programming starting after 1.016 secs
Using tree-based weight calculation.
Using polytree-based weight calculation.
Polytree max score: 3237
Polytree building time: 0.053 seconds.
Number of quartet trees in the gene trees: 3237
Size of largest cluster: 10
Greedy score: 3171
estimationFactor: 1.0208136234626302
Sub-optimal score: 3171
Total Number of elements weighted: 1012
Normalized score (portion of input quartet trees satisfied before correcting for multiple individuals): 0.9796107506950881
Optimization score: 3171
Optimal tree inferred in 1.486 secs.
(t6,(t5,(t10,((t3,(t4,t7)),((t9,t1),(t2,t8))))));
Final quartet score is: 3171
Final normalized quartet score is: 0.9796107506950881
Extended species tree:
(t5,((t10,((t3,(t4,t7)1:2.890371757896163)1:4.8148907169701705,((t9,t1)1:0.7339691750802005,(t2,t8)1:2.9873640238834747)1:1.3540334989016694)1:1.440361582390166)1:5.31484666849926,t6));
Weight calculation took 0.258711998 secs
ASTRAL finished in 1.877 secs
