
================== ASTRAL ===================== 

This is ASTRAL version 5.7.8
Gene trees are treated as unrooted
1957 trees read from quartet_temp.txt
index0
All output trees will be *arbitrarily* rooted at t4

======== Running the main analysis
Number of taxa: 10 (10 species)
Taxa: [t4, t8, t1, t2, t3, t6, t7, t5, t9, t10]
Taxon occupancy: {t4=766, t5=807, t6=846, t10=868, t7=741, t8=866, t9=831, t1=525, t2=821, t3=757}
Number of gene trees: 1957
1957 trees have missing taxa
Calculating quartet distance matrix (for completion of X)
Species tree distances calculated ...
Will attempt to complete bipartitions from X before adding using a distance matrix.
Building set of clusters (X) from gene trees 
------------------------------
gradient0: 73
Number of Clusters after addition by distance: 73
calculating extra bipartitions to be added at level 1 ...
Adding to X using resolutions of greedy consensus ...
Limit for sigma of degrees:300
polytomy size limit : 3
discarded polytomies:  []
Threshold 0.0:
Threshold 0.01:
Threshold 0.02:
Threshold 0.05:
Threshold 0.1:
Threshold 0.2:
Threshold 0.3333333333333333:
max k is :0
Number of Clusters after addition by greedy: 73
gradient0 in heuristiic: 73
calculating all possible bipartitions ...
Number of Clusters After Adding All possible clusters: 1023
partitions formed in 0.605 secs
Dynamic Programming starting after 0.605 secs
Using tree-based weight calculation.
Using polytree-based weight calculation.
Polytree max score: 1957
Polytree building time: 0.048 seconds.
Number of quartet trees in the gene trees: 1957
Size of largest cluster: 10
Greedy score: 1914
estimationFactor: 1.022466039707419
Sub-optimal score: 1914
Total Number of elements weighted: 1137
Normalized score (portion of input quartet trees satisfied before correcting for multiple individuals): 0.9805825242718447
Optimization score: 1919
Optimal tree inferred in 1.062 secs.
(t8,(t4,((t1,(t5,t9)),((t6,t10),(t7,(t2,t3))))));
Final quartet score is: 1919
Final normalized quartet score is: 0.9805825242718447
You may want to ignore posterior probabilities and other statistics related to the following branch branch because the effective number of genes impacting it is only 12:
	{t2, t3, t6, t7, t10}
Extended species tree:
(t4,(((t1,(t5,t9)1:3.610917912644222)0.97:0.4418327522790392,((t6,t10)1:4.983606621708324,(t7,(t2,t3)1:2.324563999712822)1:2.387742901334353)0.96:0.5500463369192721)1:4.7004803657924095,t8));
Weight calculation took 0.294874919 secs
ASTRAL finished in 1.393 secs
