
================== ASTRAL ===================== 

This is ASTRAL version 5.7.8
Gene trees are treated as unrooted
4772 trees read from quartet_temp.txt
index0
All output trees will be *arbitrarily* rooted at t3

======== Running the main analysis
Number of taxa: 10 (10 species)
Taxa: [t3, t4, t1, t2, t5, t6, t7, t8, t9, t10]
Taxon occupancy: {t4=1774, t5=1447, t6=1614, t10=1760, t7=1567, t8=1705, t9=1939, t1=2789, t2=2745, t3=1748}
Number of gene trees: 4772
4772 trees have missing taxa
Calculating quartet distance matrix (for completion of X)
Species tree distances calculated ...
Will attempt to complete bipartitions from X before adding using a distance matrix.
Building set of clusters (X) from gene trees 
------------------------------
gradient0: 75
Number of Clusters after addition by distance: 75
calculating extra bipartitions to be added at level 1 ...
Adding to X using resolutions of greedy consensus ...
Limit for sigma of degrees:300
polytomy size limit : 3
discarded polytomies:  []
Threshold 0.0:
Threshold 0.01:
Threshold 0.02:
Threshold 0.05:
Threshold 0.1:
Threshold 0.2:
Threshold 0.3333333333333333:
max k is :0
Number of Clusters after addition by greedy: 75
gradient0 in heuristiic: 75
calculating all possible bipartitions ...
Number of Clusters After Adding All possible clusters: 1023
partitions formed in 1.416 secs
Dynamic Programming starting after 1.416 secs
Using tree-based weight calculation.
Using polytree-based weight calculation.
Polytree max score: 4772
Polytree building time: 0.099 seconds.
Number of quartet trees in the gene trees: 4772
Size of largest cluster: 10
Greedy score: 4680
estimationFactor: 1.0196581196581196
Sub-optimal score: 4680
Total Number of elements weighted: 957
Normalized score (portion of input quartet trees satisfied before correcting for multiple individuals): 0.980720871751886
Optimization score: 4680
Optimal tree inferred in 2.265 secs.
(t4,(t5,((t10,(t6,t9)),((t7,t8),(t3,(t1,t2))))));
Final quartet score is: 4680
Final normalized quartet score is: 0.980720871751886
Extended species tree:
(t3,((t1,t2)1:5.529429087511413,((t7,t8)1:4.742029368705287,((t10,(t6,t9)1:1.6314168191528755)1:2.9711911646378732,(t5,t4)1:0.9382696385929301)1:2.1858884235498826)1:2.0299932662658553));
Weight calculation took 0.550693213 secs
ASTRAL finished in 2.709 secs
