
================== ASTRAL ===================== 

This is ASTRAL version 5.7.8
Gene trees are treated as unrooted
1946 trees read from quartet_temp.txt
index0
All output trees will be *arbitrarily* rooted at t2

======== Running the main analysis
Number of taxa: 10 (10 species)
Taxa: [t2, t3, t1, t5, t6, t9, t10, t7, t8, t4]
Taxon occupancy: {t4=743, t5=828, t6=880, t10=881, t7=636, t8=834, t9=869, t1=521, t2=795, t3=797}
Number of gene trees: 1946
1946 trees have missing taxa
Calculating quartet distance matrix (for completion of X)
Species tree distances calculated ...
Will attempt to complete bipartitions from X before adding using a distance matrix.
Building set of clusters (X) from gene trees 
------------------------------
gradient0: 99
Number of Clusters after addition by distance: 99
calculating extra bipartitions to be added at level 1 ...
Adding to X using resolutions of greedy consensus ...
Limit for sigma of degrees:300
polytomy size limit : 3
discarded polytomies:  []
Threshold 0.0:
Threshold 0.01:
Threshold 0.02:
Threshold 0.05:
Threshold 0.1:
Threshold 0.2:
Threshold 0.3333333333333333:
max k is :0
Number of Clusters after addition by greedy: 99
gradient0 in heuristiic: 99
calculating all possible bipartitions ...
Number of Clusters After Adding All possible clusters: 1023
partitions formed in 0.128 secs
Dynamic Programming starting after 0.128 secs
Using tree-based weight calculation.
Using polytree-based weight calculation.
Polytree max score: 1946
Polytree building time: 0.01 seconds.
Number of quartet trees in the gene trees: 1946
Size of largest cluster: 10
Greedy score: 1866
estimationFactor: 1.0428724544480172
Sub-optimal score: 1866
Total Number of elements weighted: 1068
Normalized score (portion of input quartet trees satisfied before correcting for multiple individuals): 0.9650565262076053
Optimization score: 1878
Optimal tree inferred in 0.234 secs.
(t3,(t2,(t7,((t8,t4),((t5,t9),(t1,(t6,t10)))))));
Final quartet score is: 1878
Final normalized quartet score is: 0.9650565262076053
Extended species tree:
(t2,((t7,((t8,t4)1:4.598481197837296,((t5,t9)1:2.1365999555197845,(t1,(t6,t10)1:3.168751437685632)1:0.6931471805599453)1:1.0884599172040916)1:2.890371757896163)1:3.1780538303479453,t3));
Weight calculation took 0.06656792 secs
ASTRAL finished in 0.306 secs
