
================== ASTRAL ===================== 

This is ASTRAL version 5.7.8
Gene trees are treated as unrooted
3372 trees read from quartet_temp.txt
index0
All output trees will be *arbitrarily* rooted at t3

======== Running the main analysis
Number of taxa: 10 (10 species)
Taxa: [t3, t5, t1, t2, t6, t10, t7, t8, t4, t9]
Taxon occupancy: {t4=1378, t5=1429, t6=1917, t10=1822, t7=1075, t8=1029, t9=1095, t1=1252, t2=1157, t3=1334}
Number of gene trees: 3372
3372 trees have missing taxa
Calculating quartet distance matrix (for completion of X)
Species tree distances calculated ...
Will attempt to complete bipartitions from X before adding using a distance matrix.
Building set of clusters (X) from gene trees 
------------------------------
gradient0: 91
Number of Clusters after addition by distance: 91
calculating extra bipartitions to be added at level 1 ...
Adding to X using resolutions of greedy consensus ...
Limit for sigma of degrees:300
polytomy size limit : 3
discarded polytomies:  []
Threshold 0.0:
Threshold 0.01:
Threshold 0.02:
Threshold 0.05:
Threshold 0.1:
Threshold 0.2:
Threshold 0.3333333333333333:
max k is :0
Number of Clusters after addition by greedy: 91
gradient0 in heuristiic: 91
calculating all possible bipartitions ...
Number of Clusters After Adding All possible clusters: 1023
partitions formed in 1.027 secs
Dynamic Programming starting after 1.027 secs
Using tree-based weight calculation.
Using polytree-based weight calculation.
Polytree max score: 3372
Polytree building time: 0.054 seconds.
Number of quartet trees in the gene trees: 3372
Size of largest cluster: 10
Greedy score: 3236
estimationFactor: 1.0420271940667492
Sub-optimal score: 3236
Total Number of elements weighted: 1177
Normalized score (portion of input quartet trees satisfied before correcting for multiple individuals): 0.9596678529062871
Optimization score: 3236
Optimal tree inferred in 1.439 secs.
(t5,((t3,t4),((t1,(t6,t10)),(t9,(t8,(t2,t7))))));
Final quartet score is: 3236
Final normalized quartet score is: 0.9596678529062871
Extended species tree:
(t3,(t4,(((t1,(t6,t10)1:3.0602707946915624)1:4.516945952573253,(t9,(t8,(t2,t7)1:0.8312975190407627)0.76:0.18924199963852842)1:0.7230001437096266)1:2.1109898994147613,t5)1:1.97408102602201));
Weight calculation took 0.187517914 secs
ASTRAL finished in 1.813 secs
