
================== ASTRAL ===================== 

This is ASTRAL version 5.7.8
Gene trees are treated as unrooted
1895 trees read from quartet_temp.txt
index0
All output trees will be *arbitrarily* rooted at t5

======== Running the main analysis
Number of taxa: 10 (10 species)
Taxa: [t5, t7, t3, t6, t8, t10, t2, t4, t1, t9]
Taxon occupancy: {t4=570, t5=769, t6=921, t10=946, t7=632, t8=592, t9=740, t1=673, t2=842, t3=895}
Number of gene trees: 1895
1895 trees have missing taxa
Calculating quartet distance matrix (for completion of X)
Species tree distances calculated ...
Will attempt to complete bipartitions from X before adding using a distance matrix.
Building set of clusters (X) from gene trees 
------------------------------
gradient0: 79
Number of Clusters after addition by distance: 79
calculating extra bipartitions to be added at level 1 ...
Adding to X using resolutions of greedy consensus ...
Limit for sigma of degrees:300
polytomy size limit : 3
discarded polytomies:  []
Threshold 0.0:
Threshold 0.01:
Threshold 0.02:
Threshold 0.05:
Threshold 0.1:
Threshold 0.2:
Threshold 0.3333333333333333:
max k is :0
Number of Clusters after addition by greedy: 79
gradient0 in heuristiic: 79
calculating all possible bipartitions ...
Number of Clusters After Adding All possible clusters: 1023
partitions formed in 0.578 secs
Dynamic Programming starting after 0.578 secs
Using tree-based weight calculation.
Using polytree-based weight calculation.
Polytree max score: 1895
Polytree building time: 0.065 seconds.
Number of quartet trees in the gene trees: 1895
Size of largest cluster: 10
Greedy score: 1788
estimationFactor: 1.0598434004474273
Sub-optimal score: 1788
Total Number of elements weighted: 1182
Normalized score (portion of input quartet trees satisfied before correcting for multiple individuals): 0.9435356200527705
Optimization score: 1788
Optimal tree inferred in 1.046 secs.
(t7,(t5,((t4,(t3,t2)),((t6,t10),(t8,(t1,t9))))));
Final quartet score is: 1788
Final normalized quartet score is: 0.9435356200527705
You may want to ignore posterior probabilities and other statistics related to the following branch branch because the effective number of genes impacting it is only 18:
	{t3, t2}
Extended species tree:
(t5,(((t4,(t3,t2)1:0.9295359586241756)1:0.7897740162490169,((t6,t10)1:3.0099169085459465,(t8,(t1,t9)1:3.0602707946915624)1:2.17475172148416)1:1.148622709242771)1:1.8971199848858815,t7));
Weight calculation took 0.252284673 secs
ASTRAL finished in 1.368 secs
