
================== ASTRAL ===================== 

This is ASTRAL version 5.7.8
Gene trees are treated as unrooted
4340 trees read from quartet_temp.txt
index0
All output trees will be *arbitrarily* rooted at t4

======== Running the main analysis
Number of taxa: 10 (10 species)
Taxa: [t4, t5, t1, t6, t7, t8, t10, t9, t3, t2]
Taxon occupancy: {t4=2140, t5=2103, t6=1962, t10=2138, t7=1224, t8=1509, t9=1980, t1=1313, t2=1534, t3=1457}
Number of gene trees: 4340
4340 trees have missing taxa
Calculating quartet distance matrix (for completion of X)
Species tree distances calculated ...
Will attempt to complete bipartitions from X before adding using a distance matrix.
Building set of clusters (X) from gene trees 
------------------------------
gradient0: 75
Number of Clusters after addition by distance: 75
calculating extra bipartitions to be added at level 1 ...
Adding to X using resolutions of greedy consensus ...
Limit for sigma of degrees:300
polytomy size limit : 3
discarded polytomies:  []
Threshold 0.0:
Threshold 0.01:
Threshold 0.02:
Threshold 0.05:
Threshold 0.1:
Threshold 0.2:
Threshold 0.3333333333333333:
max k is :0
Number of Clusters after addition by greedy: 75
gradient0 in heuristiic: 75
calculating all possible bipartitions ...
Number of Clusters After Adding All possible clusters: 1023
partitions formed in 1.438 secs
Dynamic Programming starting after 1.438 secs
Using tree-based weight calculation.
Using polytree-based weight calculation.
Polytree max score: 4340
Polytree building time: 0.057 seconds.
Number of quartet trees in the gene trees: 4340
Size of largest cluster: 10
Greedy score: 4297
estimationFactor: 1.0100069816150803
Sub-optimal score: 4297
Total Number of elements weighted: 1064
Normalized score (portion of input quartet trees satisfied before correcting for multiple individuals): 0.9900921658986175
Optimization score: 4297
Optimal tree inferred in 1.995 secs.
(t5,(t4,(t9,(t3,(t7,(t8,(t1,(t2,(t6,t10)))))))));
Final quartet score is: 4297
Final normalized quartet score is: 0.9900921658986175
Extended species tree:
(t4,((t9,(t3,(t7,(t8,(t1,(t2,(t6,t10)1:4.257973986003903)1:1.4508328822574619)1:2.2233357213399056)1:4.137829674161844)1:2.772588722239782)1:1.7147984280919266)1:2.590267165445826,t5));
Weight calculation took 0.289761059 secs
ASTRAL finished in 2.398 secs
