
================== ASTRAL ===================== 

This is ASTRAL version 5.7.8
Gene trees are treated as unrooted
4316 trees read from quartet_temp.txt
index0
All output trees will be *arbitrarily* rooted at t2

======== Running the main analysis
Number of taxa: 10 (10 species)
Taxa: [t2, t4, t1, t10, t5, t7, t3, t8, t6, t9]
Taxon occupancy: {t4=1314, t5=1604, t10=1703, t6=1543, t7=1400, t8=2144, t9=1457, t1=1611, t2=1961, t3=2527}
Number of gene trees: 4316
4316 trees have missing taxa
Calculating quartet distance matrix (for completion of X)
Species tree distances calculated ...
Will attempt to complete bipartitions from X before adding using a distance matrix.
Building set of clusters (X) from gene trees 
------------------------------
gradient0: 71
Number of Clusters after addition by distance: 71
calculating extra bipartitions to be added at level 1 ...
Adding to X using resolutions of greedy consensus ...
Limit for sigma of degrees:300
polytomy size limit : 3
discarded polytomies:  []
Threshold 0.0:
Threshold 0.01:
Threshold 0.02:
Threshold 0.05:
Threshold 0.1:
Threshold 0.2:
Threshold 0.3333333333333333:
max k is :0
Number of Clusters after addition by greedy: 71
gradient0 in heuristiic: 71
calculating all possible bipartitions ...
Number of Clusters After Adding All possible clusters: 1023
partitions formed in 0.23 secs
Dynamic Programming starting after 0.23 secs
Using tree-based weight calculation.
Using polytree-based weight calculation.
Polytree max score: 4316
Polytree building time: 0.016 seconds.
Number of quartet trees in the gene trees: 4316
Size of largest cluster: 10
Greedy score: 4279
estimationFactor: 1.0086468801121757
Sub-optimal score: 4279
Total Number of elements weighted: 831
Normalized score (portion of input quartet trees satisfied before correcting for multiple individuals): 0.9914272474513438
Optimization score: 4279
Optimal tree inferred in 0.349 secs.
(t4,((t2,(t3,t8)),((t1,t10),(t7,(t6,(t5,t9))))));
Final quartet score is: 4279
Final normalized quartet score is: 0.9914272474513438
You may want to ignore posterior probabilities and other statistics related to the following branch branch because the effective number of genes impacting it is only 11:
	{t5, t9}
Extended species tree:
(t2,((t3,t8)1:3.610917912644222,(((t1,t10)1:2.749168448031683,(t7,(t6,(t5,t9)0.94:0.4700036292457356)1:0.999877447982421)1:3.0757749812275272)1:5.5267800793398285,t4)1:3.347952867143343));
Weight calculation took 0.067452626 secs
ASTRAL finished in 0.442 secs
