
================== ASTRAL ===================== 

This is ASTRAL version 5.7.8
Gene trees are treated as unrooted
3026 trees read from quartet_temp.txt
index0
All output trees will be *arbitrarily* rooted at t3

======== Running the main analysis
Number of taxa: 10 (10 species)
Taxa: [t3, t4, t1, t2, t5, t6, t9, t10, t7, t8]
Taxon occupancy: {t4=1116, t5=1260, t6=1267, t10=1033, t7=1406, t8=1466, t9=1106, t1=1005, t2=1210, t3=1235}
Number of gene trees: 3026
3026 trees have missing taxa
Calculating quartet distance matrix (for completion of X)
Species tree distances calculated ...
Will attempt to complete bipartitions from X before adding using a distance matrix.
Building set of clusters (X) from gene trees 
------------------------------
gradient0: 59
Number of Clusters after addition by distance: 59
calculating extra bipartitions to be added at level 1 ...
Adding to X using resolutions of greedy consensus ...
Limit for sigma of degrees:300
polytomy size limit : 3
discarded polytomies:  []
Threshold 0.0:
Threshold 0.01:
Threshold 0.02:
Threshold 0.05:
Threshold 0.1:
Threshold 0.2:
Threshold 0.3333333333333333:
max k is :0
Number of Clusters after addition by greedy: 59
gradient0 in heuristiic: 59
calculating all possible bipartitions ...
Number of Clusters After Adding All possible clusters: 1023
partitions formed in 0.86 secs
Dynamic Programming starting after 0.86 secs
Using tree-based weight calculation.
Using polytree-based weight calculation.
Polytree max score: 3026
Polytree building time: 0.132 seconds.
Number of quartet trees in the gene trees: 3026
Size of largest cluster: 10
Greedy score: 2977
estimationFactor: 1.0164595230097413
Sub-optimal score: 2977
Total Number of elements weighted: 960
Normalized score (portion of input quartet trees satisfied before correcting for multiple individuals): 0.9838070059484468
Optimization score: 2977
Optimal tree inferred in 1.421 secs.
(t4,(t3,((t10,(t9,(t1,t6))),(t2,(t5,(t7,t8))))));
Final quartet score is: 2977
Final normalized quartet score is: 0.9838070059484468
You may want to ignore posterior probabilities and other statistics related to the following branch branch because the effective number of genes impacting it is only 12:
	{t1, t6}
Extended species tree:
(t3,(((t10,(t9,(t1,t6)1:1.466337068793427)1:2.319114394945257)1:1.9616585060234524,(t2,(t5,(t7,t8)1:3.120895416507997)1:3.4965075614664793)1:2.159484249353373)1:4.10539439840869,t4));
Weight calculation took 0.281621567 secs
ASTRAL finished in 1.802 secs
