
================== ASTRAL ===================== 

This is ASTRAL version 5.7.8
Gene trees are treated as unrooted
1846 trees read from quartet_temp.txt
index0
All output trees will be *arbitrarily* rooted at t2

======== Running the main analysis
Number of taxa: 10 (10 species)
Taxa: [t2, t3, t1, t4, t5, t6, t8, t9, t10, t7]
Taxon occupancy: {t4=687, t5=756, t6=870, t10=866, t7=627, t8=784, t9=853, t1=448, t2=767, t3=726}
Number of gene trees: 1846
1846 trees have missing taxa
Calculating quartet distance matrix (for completion of X)
Species tree distances calculated ...
Will attempt to complete bipartitions from X before adding using a distance matrix.
Building set of clusters (X) from gene trees 
------------------------------
gradient0: 91
Number of Clusters after addition by distance: 91
calculating extra bipartitions to be added at level 1 ...
Adding to X using resolutions of greedy consensus ...
Limit for sigma of degrees:300
polytomy size limit : 3
discarded polytomies:  []
Threshold 0.0:
Threshold 0.01:
Threshold 0.02:
Threshold 0.05:
Threshold 0.1:
Threshold 0.2:
Threshold 0.3333333333333333:
max k is :0
Number of Clusters after addition by greedy: 91
gradient0 in heuristiic: 91
calculating all possible bipartitions ...
Number of Clusters After Adding All possible clusters: 1023
partitions formed in 0.599 secs
Dynamic Programming starting after 0.599 secs
Using tree-based weight calculation.
Using polytree-based weight calculation.
Polytree max score: 1846
Polytree building time: 0.031 seconds.
Number of quartet trees in the gene trees: 1846
Size of largest cluster: 10
Greedy score: 1784
estimationFactor: 1.0347533632286996
Sub-optimal score: 1784
Total Number of elements weighted: 1065
Normalized score (portion of input quartet trees satisfied before correcting for multiple individuals): 0.9664138678223185
Optimization score: 1784
Optimal tree inferred in 0.97 secs.
(t3,(t2,(t7,((t4,t8),(t1,((t5,t9),(t6,t10)))))));
Final quartet score is: 1784
Final normalized quartet score is: 0.9664138678223185
You may want to ignore posterior probabilities and other statistics related to the following branch branch because the effective number of genes impacting it is only 15:
	{t5, t6, t9, t10}
Extended species tree:
(t2,((t7,((t4,t8)1:2.3272777055844167,(t1,((t5,t9)1:2.786382044372116,(t6,t10)1:3.1110431200649846)0.94:0.42121346507630353)1:0.8472978603872037)1:1.684339220607218)1:2.484906649788,t3));
Weight calculation took 0.188080907 secs
ASTRAL finished in 1.282 secs
