
================== ASTRAL ===================== 

This is ASTRAL version 5.7.8
Gene trees are treated as unrooted
3935 trees read from quartet_temp.txt
index0
All output trees will be *arbitrarily* rooted at t2

======== Running the main analysis
Number of taxa: 10 (10 species)
Taxa: [t2, t6, t1, t5, t8, t9, t10, t4, t7, t3]
Taxon occupancy: {t4=1642, t5=1450, t6=1365, t10=1757, t7=1318, t8=1632, t9=1627, t1=2005, t2=1827, t3=1117}
Number of gene trees: 3935
3935 trees have missing taxa
Calculating quartet distance matrix (for completion of X)
Species tree distances calculated ...
Will attempt to complete bipartitions from X before adding using a distance matrix.
Building set of clusters (X) from gene trees 
------------------------------
gradient0: 43
Number of Clusters after addition by distance: 43
calculating extra bipartitions to be added at level 1 ...
Adding to X using resolutions of greedy consensus ...
Limit for sigma of degrees:300
polytomy size limit : 3
discarded polytomies:  []
Threshold 0.0:
Threshold 0.01:
Threshold 0.02:
Threshold 0.05:
Threshold 0.1:
Threshold 0.2:
Threshold 0.3333333333333333:
max k is :0
Number of Clusters after addition by greedy: 43
gradient0 in heuristiic: 43
calculating all possible bipartitions ...
Number of Clusters After Adding All possible clusters: 1023
partitions formed in 1.25 secs
Dynamic Programming starting after 1.25 secs
Using tree-based weight calculation.
Using polytree-based weight calculation.
Polytree max score: 3935
Polytree building time: 0.065 seconds.
Number of quartet trees in the gene trees: 3935
Size of largest cluster: 10
Greedy score: 3920
estimationFactor: 1.003826530612245
Sub-optimal score: 3920
Total Number of elements weighted: 836
Normalized score (portion of input quartet trees satisfied before correcting for multiple individuals): 0.9961880559085133
Optimization score: 3920
Optimal tree inferred in 1.747 secs.
(t6,((t2,(t1,t5)),(t3,((t4,t7),(t8,(t9,t10))))));
Final quartet score is: 3920
Final normalized quartet score is: 0.9961880559085133
Extended species tree:
(t2,((t1,t5)1:2.75153531304195,((t3,((t4,t7)1:2.772588722239782,(t8,(t9,t10)1:3.938340313745519)1:4.631487494305473)1:5.111987788356531)1:4.730333328942101,t6)0.99:0.4700036292457356));
Weight calculation took 0.243599259 secs
ASTRAL finished in 2.144 secs
