
================== ASTRAL ===================== 

This is ASTRAL version 5.7.8
Gene trees are treated as unrooted
4949 trees read from quartet_temp.txt
index0
All output trees will be *arbitrarily* rooted at t2

======== Running the main analysis
Number of taxa: 10 (10 species)
Taxa: [t2, t3, t1, t4, t8, t5, t6, t7, t9, t10]
Taxon occupancy: {t4=1718, t5=1789, t6=1998, t10=2124, t7=1913, t8=1544, t9=2182, t1=1518, t2=2488, t3=2522}
Number of gene trees: 4949
4949 trees have missing taxa
Calculating quartet distance matrix (for completion of X)
Species tree distances calculated ...
Will attempt to complete bipartitions from X before adding using a distance matrix.
Building set of clusters (X) from gene trees 
------------------------------
gradient0: 57
Number of Clusters after addition by distance: 57
calculating extra bipartitions to be added at level 1 ...
Adding to X using resolutions of greedy consensus ...
Limit for sigma of degrees:300
polytomy size limit : 3
discarded polytomies:  []
Threshold 0.0:
Threshold 0.01:
Threshold 0.02:
Threshold 0.05:
Threshold 0.1:
Threshold 0.2:
Threshold 0.3333333333333333:
max k is :0
Number of Clusters after addition by greedy: 57
gradient0 in heuristiic: 57
calculating all possible bipartitions ...
Number of Clusters After Adding All possible clusters: 1023
partitions formed in 1.556 secs
Dynamic Programming starting after 1.556 secs
Using tree-based weight calculation.
Using polytree-based weight calculation.
Polytree max score: 4949
Polytree building time: 0.067 seconds.
Number of quartet trees in the gene trees: 4949
Size of largest cluster: 10
Greedy score: 4878
estimationFactor: 1.0145551455514554
Sub-optimal score: 4878
Total Number of elements weighted: 1017
Normalized score (portion of input quartet trees satisfied before correcting for multiple individuals): 0.9856536674075571
Optimization score: 4878
Optimal tree inferred in 2.278 secs.
(t3,(t2,(t1,((t4,t8),((t9,t10),(t5,(t6,t7)))))));
Final quartet score is: 4878
Final normalized quartet score is: 0.9856536674075571
Extended species tree:
(t2,((t1,((t4,t8)1:0.6443570163905135,((t9,t10)1:5.073088308742814,(t5,(t6,t7)1:2.826655943510057)1:2.7124847981700766)1:2.578661619325518)1:2.400223562557961)1:5.115995809754081,t3));
Weight calculation took 0.446905211 secs
ASTRAL finished in 2.701 secs
