
================== ASTRAL ===================== 

This is ASTRAL version 5.7.8
Gene trees are treated as unrooted
3301 trees read from quartet_temp.txt
index0
All output trees will be *arbitrarily* rooted at t2

======== Running the main analysis
Number of taxa: 10 (10 species)
Taxa: [t2, t3, t1, t10, t4, t7, t8, t9, t5, t6]
Taxon occupancy: {t4=1240, t5=1648, t10=1280, t6=1530, t7=1044, t8=1502, t9=1257, t1=1248, t2=1208, t3=1247}
Number of gene trees: 3301
3301 trees have missing taxa
Calculating quartet distance matrix (for completion of X)
Species tree distances calculated ...
Will attempt to complete bipartitions from X before adding using a distance matrix.
Building set of clusters (X) from gene trees 
------------------------------
gradient0: 87
Number of Clusters after addition by distance: 87
calculating extra bipartitions to be added at level 1 ...
Adding to X using resolutions of greedy consensus ...
Limit for sigma of degrees:300
polytomy size limit : 3
discarded polytomies:  []
Threshold 0.0:
Threshold 0.01:
Threshold 0.02:
Threshold 0.05:
Threshold 0.1:
Threshold 0.2:
Threshold 0.3333333333333333:
max k is :0
Number of Clusters after addition by greedy: 87
gradient0 in heuristiic: 87
calculating all possible bipartitions ...
Number of Clusters After Adding All possible clusters: 1023
partitions formed in 0.198 secs
Dynamic Programming starting after 0.198 secs
Using tree-based weight calculation.
Using polytree-based weight calculation.
Polytree max score: 3301
Polytree building time: 0.012 seconds.
Number of quartet trees in the gene trees: 3301
Size of largest cluster: 10
Greedy score: 3223
estimationFactor: 1.0242010549177785
Sub-optimal score: 3223
Total Number of elements weighted: 1186
Normalized score (portion of input quartet trees satisfied before correcting for multiple individuals): 0.9763707967282642
Optimization score: 3223
Optimal tree inferred in 0.34 secs.
(t3,(t8,(t2,((t4,t9),(t7,((t5,t6),(t1,t10)))))));
Final quartet score is: 3223
Final normalized quartet score is: 0.9763707967282642
You may want to ignore posterior probabilities and other statistics related to the following branch branch because the effective number of genes impacting it is only 16:
	{t3, t8}
Extended species tree:
(t2,(((t4,t9)1:4.492374691842744,(t7,((t5,t6)1:4.2195077051761105,(t1,t10)1:4.650780697240144)1:1.8533173622274886)1:2.617174618365752)1:1.1239300966523995,(t8,t3)0.64:0.23052365861183224));
Weight calculation took 0.097013442 secs
ASTRAL finished in 0.43 secs
