
================== ASTRAL ===================== 

This is ASTRAL version 5.7.8
Gene trees are treated as unrooted
5226 trees read from quartet_temp.txt
index0
All output trees will be *arbitrarily* rooted at t4

======== Running the main analysis
Number of taxa: 10 (10 species)
Taxa: [t4, t7, t2, t6, t8, t9, t10, t1, t5, t3]
Taxon occupancy: {t4=2194, t5=1408, t6=2284, t10=2797, t7=2459, t8=2193, t9=2700, t1=1220, t2=1832, t3=1817}
Number of gene trees: 5226
5226 trees have missing taxa
Calculating quartet distance matrix (for completion of X)
Species tree distances calculated ...
Will attempt to complete bipartitions from X before adding using a distance matrix.
Building set of clusters (X) from gene trees 
------------------------------
gradient0: 67
Number of Clusters after addition by distance: 67
calculating extra bipartitions to be added at level 1 ...
Adding to X using resolutions of greedy consensus ...
Limit for sigma of degrees:300
polytomy size limit : 3
discarded polytomies:  []
Threshold 0.0:
Threshold 0.01:
Threshold 0.02:
Threshold 0.05:
Threshold 0.1:
Threshold 0.2:
Threshold 0.3333333333333333:
max k is :0
Number of Clusters after addition by greedy: 67
gradient0 in heuristiic: 67
calculating all possible bipartitions ...
Number of Clusters After Adding All possible clusters: 1023
partitions formed in 0.258 secs
Dynamic Programming starting after 0.258 secs
Using tree-based weight calculation.
Using polytree-based weight calculation.
Polytree max score: 5226
Polytree building time: 0.022 seconds.
Number of quartet trees in the gene trees: 5226
Size of largest cluster: 10
Greedy score: 5189
estimationFactor: 1.0071304682983233
Sub-optimal score: 5189
Total Number of elements weighted: 906
Normalized score (portion of input quartet trees satisfied before correcting for multiple individuals): 0.9933027171833142
Optimization score: 5191
Optimal tree inferred in 0.403 secs.
(t7,((t9,t10),(t3,(t5,(t1,((t4,t8),(t2,t6)))))));
Final quartet score is: 5191
Final normalized quartet score is: 0.9933027171833142
Extended species tree:
(t4,(t8,((t2,t6)0.8:0.31666960932503313,(t1,(t5,(t3,((t9,t10)1:4.321922710604174,t7)1:1.8352445811677933)1:4.567814399444323)1:2.984558972955867)1:3.8572147689331526)1:2.7386871705640994));
Weight calculation took 0.082425428 secs
ASTRAL finished in 0.497 secs
