
================== ASTRAL ===================== 

This is ASTRAL version 5.7.8
Gene trees are treated as unrooted
4715 trees read from quartet_temp.txt
index0
All output trees will be *arbitrarily* rooted at t2

======== Running the main analysis
Number of taxa: 10 (10 species)
Taxa: [t2, t3, t1, t5, t9, t10, t4, t6, t7, t8]
Taxon occupancy: {t4=1621, t5=1840, t10=1838, t6=1720, t7=1357, t8=2166, t9=1796, t1=1704, t2=2199, t3=2619}
Number of gene trees: 4715
4715 trees have missing taxa
Calculating quartet distance matrix (for completion of X)
Species tree distances calculated ...
Will attempt to complete bipartitions from X before adding using a distance matrix.
Building set of clusters (X) from gene trees 
------------------------------
gradient0: 87
Number of Clusters after addition by distance: 87
calculating extra bipartitions to be added at level 1 ...
Adding to X using resolutions of greedy consensus ...
Limit for sigma of degrees:300
polytomy size limit : 3
discarded polytomies:  []
Threshold 0.0:
Threshold 0.01:
Threshold 0.02:
Threshold 0.05:
Threshold 0.1:
Threshold 0.2:
Threshold 0.3333333333333333:
max k is :0
Number of Clusters after addition by greedy: 87
gradient0 in heuristiic: 87
calculating all possible bipartitions ...
Number of Clusters After Adding All possible clusters: 1023
partitions formed in 0.235 secs
Dynamic Programming starting after 0.235 secs
Using tree-based weight calculation.
Using polytree-based weight calculation.
Polytree max score: 4715
Polytree building time: 0.017 seconds.
Number of quartet trees in the gene trees: 4715
Size of largest cluster: 10
Greedy score: 4648
estimationFactor: 1.0144148020654045
Sub-optimal score: 4648
Total Number of elements weighted: 1066
Normalized score (portion of input quartet trees satisfied before correcting for multiple individuals): 0.9857900318133617
Optimization score: 4648
Optimal tree inferred in 0.386 secs.
(t3,(t8,(t2,(t4,((t1,t10),(t7,(t6,(t5,t9))))))));
Final quartet score is: 4648
Final normalized quartet score is: 0.9857900318133617
Extended species tree:
(t2,((t4,((t1,t10)1:3.049799494824267,(t7,(t6,(t5,t9)0.72:0.20763936477824438)1:1.8827312474337816)1:1.7917594692280545)1:3.718078608806198)1:3.9765615265657206,(t8,t3)1:4.001254139156088));
Weight calculation took 0.097478817 secs
ASTRAL finished in 0.481 secs
