
================== ASTRAL ===================== 

This is ASTRAL version 5.7.8
Gene trees are treated as unrooted
7435 trees read from quartet_temp.txt
index0
All output trees will be *arbitrarily* rooted at t2

======== Running the main analysis
Number of taxa: 10 (10 species)
Taxa: [t2, t6, t1, t3, t8, t9, t7, t10, t4, t5]
Taxon occupancy: {t4=2349, t5=2904, t6=2801, t10=3342, t7=2760, t8=2915, t9=3294, t1=2790, t2=3298, t3=3287}
Number of gene trees: 7435
7435 trees have missing taxa
Calculating quartet distance matrix (for completion of X)
Species tree distances calculated ...
Will attempt to complete bipartitions from X before adding using a distance matrix.
Building set of clusters (X) from gene trees 
------------------------------
gradient0: 73
Number of Clusters after addition by distance: 73
calculating extra bipartitions to be added at level 1 ...
Adding to X using resolutions of greedy consensus ...
Limit for sigma of degrees:300
polytomy size limit : 3
discarded polytomies:  []
Threshold 0.0:
Threshold 0.01:
Threshold 0.02:
Threshold 0.05:
Threshold 0.1:
Threshold 0.2:
Threshold 0.3333333333333333:
max k is :0
Number of Clusters after addition by greedy: 73
gradient0 in heuristiic: 73
calculating all possible bipartitions ...
Number of Clusters After Adding All possible clusters: 1023
partitions formed in 0.346 secs
Dynamic Programming starting after 0.346 secs
Using tree-based weight calculation.
Using polytree-based weight calculation.
Polytree max score: 7435
Polytree building time: 0.025 seconds.
Number of quartet trees in the gene trees: 7435
Size of largest cluster: 10
Greedy score: 7245
estimationFactor: 1.0262249827467218
Sub-optimal score: 7245
Total Number of elements weighted: 1094
Normalized score (portion of input quartet trees satisfied before correcting for multiple individuals): 0.9744451916610626
Optimization score: 7245
Optimal tree inferred in 0.569 secs.
(t6,(t7,((t2,t10),((t4,t5),(t1,(t8,(t3,t9)))))));
Final quartet score is: 7245
Final normalized quartet score is: 0.9744451916610626
Extended species tree:
(t2,(t10,(((t4,t5)1:3.7875509816209654,(t1,(t8,(t3,t9)1:1.83258146374831)0.98:0.1823215567939546)1:3.424847132545747)1:1.29563999285176,(t7,t6)1:3.3081069585961425)1:3.7858717201012495));
Weight calculation took 0.158838086 secs
ASTRAL finished in 0.682 secs
