
================== ASTRAL ===================== 

This is ASTRAL version 5.7.8
Gene trees are treated as unrooted
4588 trees read from quartet_temp.txt
index0
All output trees will be *arbitrarily* rooted at t2

======== Running the main analysis
Number of taxa: 10 (10 species)
Taxa: [t2, t6, t1, t3, t9, t10, t7, t4, t5, t8]
Taxon occupancy: {t4=1441, t5=1424, t6=1407, t10=2388, t7=1935, t8=1972, t9=1962, t1=1839, t2=1736, t3=2248}
Number of gene trees: 4588
4588 trees have missing taxa
Calculating quartet distance matrix (for completion of X)
Species tree distances calculated ...
Will attempt to complete bipartitions from X before adding using a distance matrix.
Building set of clusters (X) from gene trees 
------------------------------
gradient0: 77
Number of Clusters after addition by distance: 77
calculating extra bipartitions to be added at level 1 ...
Adding to X using resolutions of greedy consensus ...
Limit for sigma of degrees:300
polytomy size limit : 3
discarded polytomies:  []
Threshold 0.0:
Threshold 0.01:
Threshold 0.02:
Threshold 0.05:
Threshold 0.1:
Threshold 0.2:
Threshold 0.3333333333333333:
max k is :0
Number of Clusters after addition by greedy: 77
gradient0 in heuristiic: 77
calculating all possible bipartitions ...
Number of Clusters After Adding All possible clusters: 1023
partitions formed in 0.286 secs
Dynamic Programming starting after 0.286 secs
Using tree-based weight calculation.
Using polytree-based weight calculation.
Polytree max score: 4588
Polytree building time: 0.018 seconds.
Number of quartet trees in the gene trees: 4588
Size of largest cluster: 10
Greedy score: 4478
estimationFactor: 1.0245645377400625
Sub-optimal score: 4478
Total Number of elements weighted: 1722
Normalized score (portion of input quartet trees satisfied before correcting for multiple individuals): 0.9760244115082825
Optimization score: 4478
Optimal tree inferred in 0.473 secs.
(t6,(t4,(t5,(t2,((t7,t8),(t1,(t3,(t9,t10))))))));
Final quartet score is: 4478
Final normalized quartet score is: 0.9760244115082825
Extended species tree:
(t2,(((t7,t8)1:5.327876168789593,(t1,(t3,(t9,t10)1:3.4552646029324334)1:2.6855773452501523)1:3.283414346005771)1:0.47873730921449037,(t5,(t4,t6)1:0.5930637220029626)1:0.7205461547480597));
Weight calculation took 0.129726185 secs
ASTRAL finished in 0.594 secs
